[2023-02-06T20:01:10+08:00][sql] CONNECT:[ UseTime:0.001715s ] mysql:host=127.0.0.1;port=3306;dbname=c2;charset=utf8mb4
[2023-02-06T20:01:10+08:00][sql] SHOW FULL COLUMNS FROM `wk_user` [ RunTime:0.002361s ]
[2023-02-06T20:01:10+08:00][sql] SELECT `id` FROM `wk_user` WHERE  `id` = 1  AND `relogin` = 0 LIMIT 1 [ RunTime:0.000642s ]
[2023-02-06T20:01:10+08:00][sql] SELECT `id`,`username`,`balance`,`score` FROM `wk_user` WHERE  `id` = 1 LIMIT 1 [ RunTime:0.000396s ]
[2023-02-06T20:01:11+08:00][sql] CONNECT:[ UseTime:0.000955s ] mysql:host=127.0.0.1;port=3306;dbname=c2;charset=utf8mb4
[2023-02-06T20:01:11+08:00][sql] SHOW FULL COLUMNS FROM `wk_user` [ RunTime:0.001727s ]
[2023-02-06T20:01:11+08:00][sql] SELECT `id` FROM `wk_user` WHERE  `id` = 1  AND `relogin` = 0 LIMIT 1 [ RunTime:0.001986s ]
[2023-02-06T20:01:11+08:00][sql] SHOW FULL COLUMNS FROM `wk_tag` [ RunTime:0.002218s ]
[2023-02-06T20:01:11+08:00][sql] SELECT `id`,`name` FROM `wk_tag` ORDER BY `id` [ RunTime:0.000800s ]
[2023-02-06T20:01:11+08:00][sql] CONNECT:[ UseTime:0.001564s ] mysql:host=127.0.0.1;port=3306;dbname=c2;charset=utf8mb4
[2023-02-06T20:01:11+08:00][sql] SHOW FULL COLUMNS FROM `wk_user` [ RunTime:0.002479s ]
[2023-02-06T20:01:11+08:00][sql] SELECT `id` FROM `wk_user` WHERE  `id` = 1  AND `relogin` = 0 LIMIT 1 [ RunTime:0.000519s ]
[2023-02-06T20:01:11+08:00][sql] SHOW FULL COLUMNS FROM `wk_qrcode_ref` [ RunTime:0.001773s ]
[2023-02-06T20:01:11+08:00][sql] SELECT COUNT(*) AS think_count FROM ( SELECT ref.id,q.id qrcode_id,q.code,q.company,q.status,q.err_msg,q.add_time,count(*) AS think_count FROM `wk_qrcode_ref` `ref` LEFT JOIN `wk_qrcode` `q` ON `q`.`id`=`ref`.`qrcode_id` WHERE  `ref`.`user_id` = '1' GROUP BY `ref`.`id` ORDER BY `ref`.`id` DESC ) `_group_count_` LIMIT 1 [ RunTime:0.075702s ]
[2023-02-06T20:01:11+08:00][sql] SHOW FULL COLUMNS FROM `wk_setting` [ RunTime:0.001833s ]
[2023-02-06T20:01:11+08:00][sql] SELECT `int_val` FROM `wk_setting` WHERE  `key` = 'qrcode_decode_price' LIMIT 1 [ RunTime:0.000504s ]
[2023-02-06T20:01:11+08:00][sql] SELECT ref.id,q.id qrcode_id,q.code,q.company,q.status,q.err_msg,q.add_time,count(*) AS think_count FROM `wk_qrcode_ref` `ref` LEFT JOIN `wk_qrcode` `q` ON `q`.`id`=`ref`.`qrcode_id` WHERE  `ref`.`user_id` = '1' GROUP BY `ref`.`id` ORDER BY `ref`.`id` DESC LIMIT 0,20 [ RunTime:0.001039s ]
[2023-02-06T20:01:11+08:00][sql] SHOW FULL COLUMNS FROM `wk_entrance` [ RunTime:0.002229s ]
[2023-02-06T20:01:11+08:00][sql] SELECT `e`.`id`,`e`.`avatar`,`e`.`name`,`e`.`members`,`e`.`qr`,0 price,`e`.`expire_date`,`e`.`joinable_wc`,`e`.`status`,`e`.`reported`,`e`.`add_time`,CONVERT(IF(b.user_id = 1,'1','0'),UNSIGNED) 'bought' FROM `wk_entrance` `e` LEFT JOIN `wk_buy` `b` ON `b`.`entrance_id`=`e`.`id` WHERE  `e`.`qrcode_id` = '7222' [ RunTime:0.002732s ]
[2023-02-06T20:01:11+08:00][sql] SELECT `e`.`id`,`e`.`avatar`,`e`.`name`,`e`.`members`,`e`.`qr`,0 price,`e`.`expire_date`,`e`.`joinable_wc`,`e`.`status`,`e`.`reported`,`e`.`add_time`,CONVERT(IF(b.user_id = 1,'1','0'),UNSIGNED) 'bought' FROM `wk_entrance` `e` LEFT JOIN `wk_buy` `b` ON `b`.`entrance_id`=`e`.`id` WHERE  `e`.`qrcode_id` = '7221' [ RunTime:0.000734s ]
[2023-02-06T20:01:11+08:00][sql] SELECT `e`.`id`,`e`.`avatar`,`e`.`name`,`e`.`members`,`e`.`qr`,0 price,`e`.`expire_date`,`e`.`joinable_wc`,`e`.`status`,`e`.`reported`,`e`.`add_time`,CONVERT(IF(b.user_id = 1,'1','0'),UNSIGNED) 'bought' FROM `wk_entrance` `e` LEFT JOIN `wk_buy` `b` ON `b`.`entrance_id`=`e`.`id` WHERE  `e`.`qrcode_id` = '7220' [ RunTime:0.000594s ]
[2023-02-06T20:01:11+08:00][sql] SELECT `e`.`id`,`e`.`avatar`,`e`.`name`,`e`.`members`,`e`.`qr`,0 price,`e`.`expire_date`,`e`.`joinable_wc`,`e`.`status`,`e`.`reported`,`e`.`add_time`,CONVERT(IF(b.user_id = 1,'1','0'),UNSIGNED) 'bought' FROM `wk_entrance` `e` LEFT JOIN `wk_buy` `b` ON `b`.`entrance_id`=`e`.`id` WHERE  `e`.`qrcode_id` = '7219' [ RunTime:0.000521s ]
[2023-02-06T20:01:11+08:00][sql] SELECT `e`.`id`,`e`.`avatar`,`e`.`name`,`e`.`members`,`e`.`qr`,0 price,`e`.`expire_date`,`e`.`joinable_wc`,`e`.`status`,`e`.`reported`,`e`.`add_time`,CONVERT(IF(b.user_id = 1,'1','0'),UNSIGNED) 'bought' FROM `wk_entrance` `e` LEFT JOIN `wk_buy` `b` ON `b`.`entrance_id`=`e`.`id` WHERE  `e`.`qrcode_id` = '7218' [ RunTime:0.000511s ]
[2023-02-06T20:01:11+08:00][sql] SELECT `e`.`id`,`e`.`avatar`,`e`.`name`,`e`.`members`,`e`.`qr`,0 price,`e`.`expire_date`,`e`.`joinable_wc`,`e`.`status`,`e`.`reported`,`e`.`add_time`,CONVERT(IF(b.user_id = 1,'1','0'),UNSIGNED) 'bought' FROM `wk_entrance` `e` LEFT JOIN `wk_buy` `b` ON `b`.`entrance_id`=`e`.`id` WHERE  `e`.`qrcode_id` = '7217' [ RunTime:0.000823s ]
[2023-02-06T20:01:11+08:00][sql] SELECT `e`.`id`,`e`.`avatar`,`e`.`name`,`e`.`members`,`e`.`qr`,0 price,`e`.`expire_date`,`e`.`joinable_wc`,`e`.`status`,`e`.`reported`,`e`.`add_time`,CONVERT(IF(b.user_id = 1,'1','0'),UNSIGNED) 'bought' FROM `wk_entrance` `e` LEFT JOIN `wk_buy` `b` ON `b`.`entrance_id`=`e`.`id` WHERE  `e`.`qrcode_id` = '7216' [ RunTime:0.000560s ]
[2023-02-06T20:01:11+08:00][sql] SELECT `e`.`id`,`e`.`avatar`,`e`.`name`,`e`.`members`,`e`.`qr`,0 price,`e`.`expire_date`,`e`.`joinable_wc`,`e`.`status`,`e`.`reported`,`e`.`add_time`,CONVERT(IF(b.user_id = 1,'1','0'),UNSIGNED) 'bought' FROM `wk_entrance` `e` LEFT JOIN `wk_buy` `b` ON `b`.`entrance_id`=`e`.`id` WHERE  `e`.`qrcode_id` = '7215' [ RunTime:0.000762s ]
[2023-02-06T20:01:11+08:00][sql] SELECT `e`.`id`,`e`.`avatar`,`e`.`name`,`e`.`members`,`e`.`qr`,0 price,`e`.`expire_date`,`e`.`joinable_wc`,`e`.`status`,`e`.`reported`,`e`.`add_time`,CONVERT(IF(b.user_id = 1,'1','0'),UNSIGNED) 'bought' FROM `wk_entrance` `e` LEFT JOIN `wk_buy` `b` ON `b`.`entrance_id`=`e`.`id` WHERE  `e`.`qrcode_id` = '7214' [ RunTime:0.001143s ]
[2023-02-06T20:01:11+08:00][sql] SELECT `e`.`id`,`e`.`avatar`,`e`.`name`,`e`.`members`,`e`.`qr`,0 price,`e`.`expire_date`,`e`.`joinable_wc`,`e`.`status`,`e`.`reported`,`e`.`add_time`,CONVERT(IF(b.user_id = 1,'1','0'),UNSIGNED) 'bought' FROM `wk_entrance` `e` LEFT JOIN `wk_buy` `b` ON `b`.`entrance_id`=`e`.`id` WHERE  `e`.`qrcode_id` = '7213' [ RunTime:0.000683s ]
[2023-02-06T20:01:11+08:00][sql] SELECT `e`.`id`,`e`.`avatar`,`e`.`name`,`e`.`members`,`e`.`qr`,0 price,`e`.`expire_date`,`e`.`joinable_wc`,`e`.`status`,`e`.`reported`,`e`.`add_time`,CONVERT(IF(b.user_id = 1,'1','0'),UNSIGNED) 'bought' FROM `wk_entrance` `e` LEFT JOIN `wk_buy` `b` ON `b`.`entrance_id`=`e`.`id` WHERE  `e`.`qrcode_id` = '7212' [ RunTime:0.000560s ]
[2023-02-06T20:01:11+08:00][sql] SELECT `e`.`id`,`e`.`avatar`,`e`.`name`,`e`.`members`,`e`.`qr`,0 price,`e`.`expire_date`,`e`.`joinable_wc`,`e`.`status`,`e`.`reported`,`e`.`add_time`,CONVERT(IF(b.user_id = 1,'1','0'),UNSIGNED) 'bought' FROM `wk_entrance` `e` LEFT JOIN `wk_buy` `b` ON `b`.`entrance_id`=`e`.`id` WHERE  `e`.`qrcode_id` = '7211' [ RunTime:0.001093s ]
[2023-02-06T20:01:11+08:00][sql] SELECT `e`.`id`,`e`.`avatar`,`e`.`name`,`e`.`members`,`e`.`qr`,0 price,`e`.`expire_date`,`e`.`joinable_wc`,`e`.`status`,`e`.`reported`,`e`.`add_time`,CONVERT(IF(b.user_id = 1,'1','0'),UNSIGNED) 'bought' FROM `wk_entrance` `e` LEFT JOIN `wk_buy` `b` ON `b`.`entrance_id`=`e`.`id` WHERE  `e`.`qrcode_id` = '7210' [ RunTime:0.000895s ]
[2023-02-06T20:01:11+08:00][sql] SELECT `e`.`id`,`e`.`avatar`,`e`.`name`,`e`.`members`,`e`.`qr`,0 price,`e`.`expire_date`,`e`.`joinable_wc`,`e`.`status`,`e`.`reported`,`e`.`add_time`,CONVERT(IF(b.user_id = 1,'1','0'),UNSIGNED) 'bought' FROM `wk_entrance` `e` LEFT JOIN `wk_buy` `b` ON `b`.`entrance_id`=`e`.`id` WHERE  `e`.`qrcode_id` = '7209' [ RunTime:0.000789s ]
[2023-02-06T20:01:11+08:00][sql] SELECT `e`.`id`,`e`.`avatar`,`e`.`name`,`e`.`members`,`e`.`qr`,0 price,`e`.`expire_date`,`e`.`joinable_wc`,`e`.`status`,`e`.`reported`,`e`.`add_time`,CONVERT(IF(b.user_id = 1,'1','0'),UNSIGNED) 'bought' FROM `wk_entrance` `e` LEFT JOIN `wk_buy` `b` ON `b`.`entrance_id`=`e`.`id` WHERE  `e`.`qrcode_id` = '7208' [ RunTime:0.000785s ]
[2023-02-06T20:01:11+08:00][sql] SELECT `e`.`id`,`e`.`avatar`,`e`.`name`,`e`.`members`,`e`.`qr`,0 price,`e`.`expire_date`,`e`.`joinable_wc`,`e`.`status`,`e`.`reported`,`e`.`add_time`,CONVERT(IF(b.user_id = 1,'1','0'),UNSIGNED) 'bought' FROM `wk_entrance` `e` LEFT JOIN `wk_buy` `b` ON `b`.`entrance_id`=`e`.`id` WHERE  `e`.`qrcode_id` = '7207' [ RunTime:0.000816s ]
[2023-02-06T20:01:11+08:00][sql] SELECT `e`.`id`,`e`.`avatar`,`e`.`name`,`e`.`members`,`e`.`qr`,0 price,`e`.`expire_date`,`e`.`joinable_wc`,`e`.`status`,`e`.`reported`,`e`.`add_time`,CONVERT(IF(b.user_id = 1,'1','0'),UNSIGNED) 'bought' FROM `wk_entrance` `e` LEFT JOIN `wk_buy` `b` ON `b`.`entrance_id`=`e`.`id` WHERE  `e`.`qrcode_id` = '7206' [ RunTime:0.000909s ]
[2023-02-06T20:01:11+08:00][sql] SELECT `e`.`id`,`e`.`avatar`,`e`.`name`,`e`.`members`,`e`.`qr`,0 price,`e`.`expire_date`,`e`.`joinable_wc`,`e`.`status`,`e`.`reported`,`e`.`add_time`,CONVERT(IF(b.user_id = 1,'1','0'),UNSIGNED) 'bought' FROM `wk_entrance` `e` LEFT JOIN `wk_buy` `b` ON `b`.`entrance_id`=`e`.`id` WHERE  `e`.`qrcode_id` = '7205' [ RunTime:0.000554s ]
[2023-02-06T20:01:11+08:00][sql] SELECT `e`.`id`,`e`.`avatar`,`e`.`name`,`e`.`members`,`e`.`qr`,0 price,`e`.`expire_date`,`e`.`joinable_wc`,`e`.`status`,`e`.`reported`,`e`.`add_time`,CONVERT(IF(b.user_id = 1,'1','0'),UNSIGNED) 'bought' FROM `wk_entrance` `e` LEFT JOIN `wk_buy` `b` ON `b`.`entrance_id`=`e`.`id` WHERE  `e`.`qrcode_id` = '7204' [ RunTime:0.000648s ]
[2023-02-06T20:01:11+08:00][sql] SELECT `e`.`id`,`e`.`avatar`,`e`.`name`,`e`.`members`,`e`.`qr`,0 price,`e`.`expire_date`,`e`.`joinable_wc`,`e`.`status`,`e`.`reported`,`e`.`add_time`,CONVERT(IF(b.user_id = 1,'1','0'),UNSIGNED) 'bought' FROM `wk_entrance` `e` LEFT JOIN `wk_buy` `b` ON `b`.`entrance_id`=`e`.`id` WHERE  `e`.`qrcode_id` = '7203' [ RunTime:0.000724s ]
[2023-02-06T20:03:28+08:00][sql] CONNECT:[ UseTime:0.001212s ] mysql:host=127.0.0.1;port=3306;dbname=c2;charset=utf8mb4
[2023-02-06T20:03:28+08:00][sql] SHOW FULL COLUMNS FROM `wk_user` [ RunTime:0.001364s ]
[2023-02-06T20:03:28+08:00][sql] SELECT `id` FROM `wk_user` WHERE  `id` = 1  AND `relogin` = 0 LIMIT 1 [ RunTime:0.000390s ]
[2023-02-06T20:03:28+08:00][sql] SELECT `id`,`username`,`balance`,`score` FROM `wk_user` WHERE  `id` = 1 LIMIT 1 [ RunTime:0.000396s ]
[2023-02-06T20:03:28+08:00][sql] CONNECT:[ UseTime:0.001644s ] mysql:host=127.0.0.1;port=3306;dbname=c2;charset=utf8mb4
[2023-02-06T20:03:28+08:00][sql] SHOW FULL COLUMNS FROM `wk_user` [ RunTime:0.001604s ]
[2023-02-06T20:03:28+08:00][sql] SELECT `id` FROM `wk_user` WHERE  `id` = 1  AND `relogin` = 0 LIMIT 1 [ RunTime:0.000524s ]
[2023-02-06T20:03:28+08:00][sql] SHOW FULL COLUMNS FROM `wk_tag` [ RunTime:0.001492s ]
[2023-02-06T20:03:28+08:00][sql] SELECT `id`,`name` FROM `wk_tag` ORDER BY `id` [ RunTime:0.000392s ]
[2023-02-06T20:03:28+08:00][sql] CONNECT:[ UseTime:0.001893s ] mysql:host=127.0.0.1;port=3306;dbname=c2;charset=utf8mb4
[2023-02-06T20:03:28+08:00][sql] SHOW FULL COLUMNS FROM `wk_user` [ RunTime:0.002969s ]
[2023-02-06T20:03:28+08:00][sql] SELECT `id` FROM `wk_user` WHERE  `id` = 1  AND `relogin` = 0 LIMIT 1 [ RunTime:0.000444s ]
[2023-02-06T20:03:28+08:00][sql] SHOW FULL COLUMNS FROM `wk_qrcode_ref` [ RunTime:0.001178s ]
[2023-02-06T20:03:28+08:00][sql] SELECT COUNT(*) AS think_count FROM ( SELECT ref.id,q.id qrcode_id,q.code,q.company,q.status,q.err_msg,q.add_time,count(*) AS think_count FROM `wk_qrcode_ref` `ref` LEFT JOIN `wk_qrcode` `q` ON `q`.`id`=`ref`.`qrcode_id` WHERE  `ref`.`user_id` = '1' GROUP BY `ref`.`id` ORDER BY `ref`.`id` DESC ) `_group_count_` LIMIT 1 [ RunTime:0.000498s ]
[2023-02-06T20:03:28+08:00][sql] SHOW FULL COLUMNS FROM `wk_setting` [ RunTime:0.001083s ]
[2023-02-06T20:03:28+08:00][sql] SELECT `int_val` FROM `wk_setting` WHERE  `key` = 'qrcode_decode_price' LIMIT 1 [ RunTime:0.000454s ]
[2023-02-06T20:03:28+08:00][sql] SELECT ref.id,q.id qrcode_id,q.code,q.company,q.status,q.err_msg,q.add_time,count(*) AS think_count FROM `wk_qrcode_ref` `ref` LEFT JOIN `wk_qrcode` `q` ON `q`.`id`=`ref`.`qrcode_id` WHERE  `ref`.`user_id` = '1' GROUP BY `ref`.`id` ORDER BY `ref`.`id` DESC LIMIT 0,20 [ RunTime:0.000465s ]
[2023-02-06T20:03:28+08:00][sql] SHOW FULL COLUMNS FROM `wk_entrance` [ RunTime:0.001284s ]
[2023-02-06T20:03:28+08:00][sql] SELECT `e`.`id`,`e`.`avatar`,`e`.`name`,`e`.`members`,`e`.`qr`,0 price,`e`.`expire_date`,`e`.`joinable_wc`,`e`.`status`,`e`.`reported`,`e`.`add_time`,CONVERT(IF(b.user_id = 1,'1','0'),UNSIGNED) 'bought' FROM `wk_entrance` `e` LEFT JOIN `wk_buy` `b` ON `b`.`entrance_id`=`e`.`id` WHERE  `e`.`qrcode_id` = '7222' [ RunTime:0.000585s ]
[2023-02-06T20:03:28+08:00][sql] SELECT `e`.`id`,`e`.`avatar`,`e`.`name`,`e`.`members`,`e`.`qr`,0 price,`e`.`expire_date`,`e`.`joinable_wc`,`e`.`status`,`e`.`reported`,`e`.`add_time`,CONVERT(IF(b.user_id = 1,'1','0'),UNSIGNED) 'bought' FROM `wk_entrance` `e` LEFT JOIN `wk_buy` `b` ON `b`.`entrance_id`=`e`.`id` WHERE  `e`.`qrcode_id` = '7221' [ RunTime:0.000379s ]
[2023-02-06T20:03:28+08:00][sql] SELECT `e`.`id`,`e`.`avatar`,`e`.`name`,`e`.`members`,`e`.`qr`,0 price,`e`.`expire_date`,`e`.`joinable_wc`,`e`.`status`,`e`.`reported`,`e`.`add_time`,CONVERT(IF(b.user_id = 1,'1','0'),UNSIGNED) 'bought' FROM `wk_entrance` `e` LEFT JOIN `wk_buy` `b` ON `b`.`entrance_id`=`e`.`id` WHERE  `e`.`qrcode_id` = '7220' [ RunTime:0.000429s ]
[2023-02-06T20:03:28+08:00][sql] SELECT `e`.`id`,`e`.`avatar`,`e`.`name`,`e`.`members`,`e`.`qr`,0 price,`e`.`expire_date`,`e`.`joinable_wc`,`e`.`status`,`e`.`reported`,`e`.`add_time`,CONVERT(IF(b.user_id = 1,'1','0'),UNSIGNED) 'bought' FROM `wk_entrance` `e` LEFT JOIN `wk_buy` `b` ON `b`.`entrance_id`=`e`.`id` WHERE  `e`.`qrcode_id` = '7219' [ RunTime:0.000359s ]
[2023-02-06T20:03:28+08:00][sql] SELECT `e`.`id`,`e`.`avatar`,`e`.`name`,`e`.`members`,`e`.`qr`,0 price,`e`.`expire_date`,`e`.`joinable_wc`,`e`.`status`,`e`.`reported`,`e`.`add_time`,CONVERT(IF(b.user_id = 1,'1','0'),UNSIGNED) 'bought' FROM `wk_entrance` `e` LEFT JOIN `wk_buy` `b` ON `b`.`entrance_id`=`e`.`id` WHERE  `e`.`qrcode_id` = '7218' [ RunTime:0.000374s ]
[2023-02-06T20:03:28+08:00][sql] SELECT `e`.`id`,`e`.`avatar`,`e`.`name`,`e`.`members`,`e`.`qr`,0 price,`e`.`expire_date`,`e`.`joinable_wc`,`e`.`status`,`e`.`reported`,`e`.`add_time`,CONVERT(IF(b.user_id = 1,'1','0'),UNSIGNED) 'bought' FROM `wk_entrance` `e` LEFT JOIN `wk_buy` `b` ON `b`.`entrance_id`=`e`.`id` WHERE  `e`.`qrcode_id` = '7217' [ RunTime:0.000380s ]
[2023-02-06T20:03:28+08:00][sql] SELECT `e`.`id`,`e`.`avatar`,`e`.`name`,`e`.`members`,`e`.`qr`,0 price,`e`.`expire_date`,`e`.`joinable_wc`,`e`.`status`,`e`.`reported`,`e`.`add_time`,CONVERT(IF(b.user_id = 1,'1','0'),UNSIGNED) 'bought' FROM `wk_entrance` `e` LEFT JOIN `wk_buy` `b` ON `b`.`entrance_id`=`e`.`id` WHERE  `e`.`qrcode_id` = '7216' [ RunTime:0.000599s ]
[2023-02-06T20:03:28+08:00][sql] SELECT `e`.`id`,`e`.`avatar`,`e`.`name`,`e`.`members`,`e`.`qr`,0 price,`e`.`expire_date`,`e`.`joinable_wc`,`e`.`status`,`e`.`reported`,`e`.`add_time`,CONVERT(IF(b.user_id = 1,'1','0'),UNSIGNED) 'bought' FROM `wk_entrance` `e` LEFT JOIN `wk_buy` `b` ON `b`.`entrance_id`=`e`.`id` WHERE  `e`.`qrcode_id` = '7215' [ RunTime:0.000391s ]
[2023-02-06T20:03:28+08:00][sql] SELECT `e`.`id`,`e`.`avatar`,`e`.`name`,`e`.`members`,`e`.`qr`,0 price,`e`.`expire_date`,`e`.`joinable_wc`,`e`.`status`,`e`.`reported`,`e`.`add_time`,CONVERT(IF(b.user_id = 1,'1','0'),UNSIGNED) 'bought' FROM `wk_entrance` `e` LEFT JOIN `wk_buy` `b` ON `b`.`entrance_id`=`e`.`id` WHERE  `e`.`qrcode_id` = '7214' [ RunTime:0.000380s ]
[2023-02-06T20:03:28+08:00][sql] SELECT `e`.`id`,`e`.`avatar`,`e`.`name`,`e`.`members`,`e`.`qr`,0 price,`e`.`expire_date`,`e`.`joinable_wc`,`e`.`status`,`e`.`reported`,`e`.`add_time`,CONVERT(IF(b.user_id = 1,'1','0'),UNSIGNED) 'bought' FROM `wk_entrance` `e` LEFT JOIN `wk_buy` `b` ON `b`.`entrance_id`=`e`.`id` WHERE  `e`.`qrcode_id` = '7213' [ RunTime:0.000359s ]
[2023-02-06T20:03:28+08:00][sql] SELECT `e`.`id`,`e`.`avatar`,`e`.`name`,`e`.`members`,`e`.`qr`,0 price,`e`.`expire_date`,`e`.`joinable_wc`,`e`.`status`,`e`.`reported`,`e`.`add_time`,CONVERT(IF(b.user_id = 1,'1','0'),UNSIGNED) 'bought' FROM `wk_entrance` `e` LEFT JOIN `wk_buy` `b` ON `b`.`entrance_id`=`e`.`id` WHERE  `e`.`qrcode_id` = '7212' [ RunTime:0.000336s ]
[2023-02-06T20:03:28+08:00][sql] SELECT `e`.`id`,`e`.`avatar`,`e`.`name`,`e`.`members`,`e`.`qr`,0 price,`e`.`expire_date`,`e`.`joinable_wc`,`e`.`status`,`e`.`reported`,`e`.`add_time`,CONVERT(IF(b.user_id = 1,'1','0'),UNSIGNED) 'bought' FROM `wk_entrance` `e` LEFT JOIN `wk_buy` `b` ON `b`.`entrance_id`=`e`.`id` WHERE  `e`.`qrcode_id` = '7211' [ RunTime:0.000328s ]
[2023-02-06T20:03:28+08:00][sql] SELECT `e`.`id`,`e`.`avatar`,`e`.`name`,`e`.`members`,`e`.`qr`,0 price,`e`.`expire_date`,`e`.`joinable_wc`,`e`.`status`,`e`.`reported`,`e`.`add_time`,CONVERT(IF(b.user_id = 1,'1','0'),UNSIGNED) 'bought' FROM `wk_entrance` `e` LEFT JOIN `wk_buy` `b` ON `b`.`entrance_id`=`e`.`id` WHERE  `e`.`qrcode_id` = '7210' [ RunTime:0.000329s ]
[2023-02-06T20:03:28+08:00][sql] SELECT `e`.`id`,`e`.`avatar`,`e`.`name`,`e`.`members`,`e`.`qr`,0 price,`e`.`expire_date`,`e`.`joinable_wc`,`e`.`status`,`e`.`reported`,`e`.`add_time`,CONVERT(IF(b.user_id = 1,'1','0'),UNSIGNED) 'bought' FROM `wk_entrance` `e` LEFT JOIN `wk_buy` `b` ON `b`.`entrance_id`=`e`.`id` WHERE  `e`.`qrcode_id` = '7209' [ RunTime:0.000314s ]
[2023-02-06T20:03:28+08:00][sql] SELECT `e`.`id`,`e`.`avatar`,`e`.`name`,`e`.`members`,`e`.`qr`,0 price,`e`.`expire_date`,`e`.`joinable_wc`,`e`.`status`,`e`.`reported`,`e`.`add_time`,CONVERT(IF(b.user_id = 1,'1','0'),UNSIGNED) 'bought' FROM `wk_entrance` `e` LEFT JOIN `wk_buy` `b` ON `b`.`entrance_id`=`e`.`id` WHERE  `e`.`qrcode_id` = '7208' [ RunTime:0.000328s ]
[2023-02-06T20:03:28+08:00][sql] SELECT `e`.`id`,`e`.`avatar`,`e`.`name`,`e`.`members`,`e`.`qr`,0 price,`e`.`expire_date`,`e`.`joinable_wc`,`e`.`status`,`e`.`reported`,`e`.`add_time`,CONVERT(IF(b.user_id = 1,'1','0'),UNSIGNED) 'bought' FROM `wk_entrance` `e` LEFT JOIN `wk_buy` `b` ON `b`.`entrance_id`=`e`.`id` WHERE  `e`.`qrcode_id` = '7207' [ RunTime:0.000355s ]
[2023-02-06T20:03:28+08:00][sql] SELECT `e`.`id`,`e`.`avatar`,`e`.`name`,`e`.`members`,`e`.`qr`,0 price,`e`.`expire_date`,`e`.`joinable_wc`,`e`.`status`,`e`.`reported`,`e`.`add_time`,CONVERT(IF(b.user_id = 1,'1','0'),UNSIGNED) 'bought' FROM `wk_entrance` `e` LEFT JOIN `wk_buy` `b` ON `b`.`entrance_id`=`e`.`id` WHERE  `e`.`qrcode_id` = '7206' [ RunTime:0.000550s ]
[2023-02-06T20:03:28+08:00][sql] SELECT `e`.`id`,`e`.`avatar`,`e`.`name`,`e`.`members`,`e`.`qr`,0 price,`e`.`expire_date`,`e`.`joinable_wc`,`e`.`status`,`e`.`reported`,`e`.`add_time`,CONVERT(IF(b.user_id = 1,'1','0'),UNSIGNED) 'bought' FROM `wk_entrance` `e` LEFT JOIN `wk_buy` `b` ON `b`.`entrance_id`=`e`.`id` WHERE  `e`.`qrcode_id` = '7205' [ RunTime:0.000487s ]
[2023-02-06T20:03:28+08:00][sql] SELECT `e`.`id`,`e`.`avatar`,`e`.`name`,`e`.`members`,`e`.`qr`,0 price,`e`.`expire_date`,`e`.`joinable_wc`,`e`.`status`,`e`.`reported`,`e`.`add_time`,CONVERT(IF(b.user_id = 1,'1','0'),UNSIGNED) 'bought' FROM `wk_entrance` `e` LEFT JOIN `wk_buy` `b` ON `b`.`entrance_id`=`e`.`id` WHERE  `e`.`qrcode_id` = '7204' [ RunTime:0.000407s ]
[2023-02-06T20:03:28+08:00][sql] SELECT `e`.`id`,`e`.`avatar`,`e`.`name`,`e`.`members`,`e`.`qr`,0 price,`e`.`expire_date`,`e`.`joinable_wc`,`e`.`status`,`e`.`reported`,`e`.`add_time`,CONVERT(IF(b.user_id = 1,'1','0'),UNSIGNED) 'bought' FROM `wk_entrance` `e` LEFT JOIN `wk_buy` `b` ON `b`.`entrance_id`=`e`.`id` WHERE  `e`.`qrcode_id` = '7203' [ RunTime:0.000399s ]
[2023-02-06T20:03:57+08:00][sql] CONNECT:[ UseTime:0.001124s ] mysql:host=127.0.0.1;port=3306;dbname=c2;charset=utf8mb4
[2023-02-06T20:03:57+08:00][sql] SHOW FULL COLUMNS FROM `wk_user` [ RunTime:0.001151s ]
[2023-02-06T20:03:57+08:00][sql] SELECT `id` FROM `wk_user` WHERE  `id` = 1  AND `relogin` = 0 LIMIT 1 [ RunTime:0.000301s ]
[2023-02-06T20:03:57+08:00][sql] SELECT `id`,`username`,`balance`,`score` FROM `wk_user` WHERE  `id` = 1 LIMIT 1 [ RunTime:0.000256s ]
[2023-02-06T20:03:57+08:00][sql] CONNECT:[ UseTime:0.001833s ] mysql:host=127.0.0.1;port=3306;dbname=c2;charset=utf8mb4
[2023-02-06T20:03:57+08:00][sql] SHOW FULL COLUMNS FROM `wk_user` [ RunTime:0.001524s ]
[2023-02-06T20:03:57+08:00][sql] SELECT `id` FROM `wk_user` WHERE  `id` = 1  AND `relogin` = 0 LIMIT 1 [ RunTime:0.000650s ]
[2023-02-06T20:03:57+08:00][sql] SHOW FULL COLUMNS FROM `wk_tag` [ RunTime:0.000974s ]
[2023-02-06T20:03:57+08:00][sql] SELECT `id`,`name` FROM `wk_tag` ORDER BY `id` [ RunTime:0.000304s ]
[2023-02-06T20:03:57+08:00][sql] CONNECT:[ UseTime:0.000814s ] mysql:host=127.0.0.1;port=3306;dbname=c2;charset=utf8mb4
[2023-02-06T20:03:57+08:00][sql] SHOW FULL COLUMNS FROM `wk_user` [ RunTime:0.001301s ]
[2023-02-06T20:03:57+08:00][sql] SELECT `id` FROM `wk_user` WHERE  `id` = 1  AND `relogin` = 0 LIMIT 1 [ RunTime:0.000394s ]
[2023-02-06T20:03:57+08:00][sql] SHOW FULL COLUMNS FROM `wk_qrcode_ref` [ RunTime:0.001030s ]
[2023-02-06T20:03:57+08:00][sql] SELECT COUNT(*) AS think_count FROM ( SELECT ref.id,q.id qrcode_id,q.code,q.company,q.status,q.err_msg,q.add_time,count(*) AS think_count FROM `wk_qrcode_ref` `ref` LEFT JOIN `wk_qrcode` `q` ON `q`.`id`=`ref`.`qrcode_id` WHERE  `ref`.`user_id` = '1' GROUP BY `ref`.`id` ORDER BY `ref`.`id` DESC ) `_group_count_` LIMIT 1 [ RunTime:0.000341s ]
[2023-02-06T20:03:57+08:00][sql] SHOW FULL COLUMNS FROM `wk_setting` [ RunTime:0.000795s ]
[2023-02-06T20:03:57+08:00][sql] SELECT `int_val` FROM `wk_setting` WHERE  `key` = 'qrcode_decode_price' LIMIT 1 [ RunTime:0.000301s ]
[2023-02-06T20:03:57+08:00][sql] SELECT ref.id,q.id qrcode_id,q.code,q.company,q.status,q.err_msg,q.add_time,count(*) AS think_count FROM `wk_qrcode_ref` `ref` LEFT JOIN `wk_qrcode` `q` ON `q`.`id`=`ref`.`qrcode_id` WHERE  `ref`.`user_id` = '1' GROUP BY `ref`.`id` ORDER BY `ref`.`id` DESC LIMIT 0,20 [ RunTime:0.000308s ]
[2023-02-06T20:03:57+08:00][sql] SHOW FULL COLUMNS FROM `wk_entrance` [ RunTime:0.001505s ]
[2023-02-06T20:03:57+08:00][sql] SELECT `e`.`id`,`e`.`avatar`,`e`.`name`,`e`.`members`,`e`.`qr`,0 price,`e`.`expire_date`,`e`.`joinable_wc`,`e`.`status`,`e`.`reported`,`e`.`add_time`,CONVERT(IF(b.user_id = 1,'1','0'),UNSIGNED) 'bought' FROM `wk_entrance` `e` LEFT JOIN `wk_buy` `b` ON `b`.`entrance_id`=`e`.`id` WHERE  `e`.`qrcode_id` = '7222' [ RunTime:0.000604s ]
[2023-02-06T20:03:57+08:00][sql] SELECT `e`.`id`,`e`.`avatar`,`e`.`name`,`e`.`members`,`e`.`qr`,0 price,`e`.`expire_date`,`e`.`joinable_wc`,`e`.`status`,`e`.`reported`,`e`.`add_time`,CONVERT(IF(b.user_id = 1,'1','0'),UNSIGNED) 'bought' FROM `wk_entrance` `e` LEFT JOIN `wk_buy` `b` ON `b`.`entrance_id`=`e`.`id` WHERE  `e`.`qrcode_id` = '7221' [ RunTime:0.000720s ]
[2023-02-06T20:03:57+08:00][sql] SELECT `e`.`id`,`e`.`avatar`,`e`.`name`,`e`.`members`,`e`.`qr`,0 price,`e`.`expire_date`,`e`.`joinable_wc`,`e`.`status`,`e`.`reported`,`e`.`add_time`,CONVERT(IF(b.user_id = 1,'1','0'),UNSIGNED) 'bought' FROM `wk_entrance` `e` LEFT JOIN `wk_buy` `b` ON `b`.`entrance_id`=`e`.`id` WHERE  `e`.`qrcode_id` = '7220' [ RunTime:0.000444s ]
[2023-02-06T20:03:57+08:00][sql] SELECT `e`.`id`,`e`.`avatar`,`e`.`name`,`e`.`members`,`e`.`qr`,0 price,`e`.`expire_date`,`e`.`joinable_wc`,`e`.`status`,`e`.`reported`,`e`.`add_time`,CONVERT(IF(b.user_id = 1,'1','0'),UNSIGNED) 'bought' FROM `wk_entrance` `e` LEFT JOIN `wk_buy` `b` ON `b`.`entrance_id`=`e`.`id` WHERE  `e`.`qrcode_id` = '7219' [ RunTime:0.000392s ]
[2023-02-06T20:03:57+08:00][sql] SELECT `e`.`id`,`e`.`avatar`,`e`.`name`,`e`.`members`,`e`.`qr`,0 price,`e`.`expire_date`,`e`.`joinable_wc`,`e`.`status`,`e`.`reported`,`e`.`add_time`,CONVERT(IF(b.user_id = 1,'1','0'),UNSIGNED) 'bought' FROM `wk_entrance` `e` LEFT JOIN `wk_buy` `b` ON `b`.`entrance_id`=`e`.`id` WHERE  `e`.`qrcode_id` = '7218' [ RunTime:0.000439s ]
[2023-02-06T20:03:57+08:00][sql] SELECT `e`.`id`,`e`.`avatar`,`e`.`name`,`e`.`members`,`e`.`qr`,0 price,`e`.`expire_date`,`e`.`joinable_wc`,`e`.`status`,`e`.`reported`,`e`.`add_time`,CONVERT(IF(b.user_id = 1,'1','0'),UNSIGNED) 'bought' FROM `wk_entrance` `e` LEFT JOIN `wk_buy` `b` ON `b`.`entrance_id`=`e`.`id` WHERE  `e`.`qrcode_id` = '7217' [ RunTime:0.000459s ]
[2023-02-06T20:03:57+08:00][sql] SELECT `e`.`id`,`e`.`avatar`,`e`.`name`,`e`.`members`,`e`.`qr`,0 price,`e`.`expire_date`,`e`.`joinable_wc`,`e`.`status`,`e`.`reported`,`e`.`add_time`,CONVERT(IF(b.user_id = 1,'1','0'),UNSIGNED) 'bought' FROM `wk_entrance` `e` LEFT JOIN `wk_buy` `b` ON `b`.`entrance_id`=`e`.`id` WHERE  `e`.`qrcode_id` = '7216' [ RunTime:0.000410s ]
[2023-02-06T20:03:57+08:00][sql] SELECT `e`.`id`,`e`.`avatar`,`e`.`name`,`e`.`members`,`e`.`qr`,0 price,`e`.`expire_date`,`e`.`joinable_wc`,`e`.`status`,`e`.`reported`,`e`.`add_time`,CONVERT(IF(b.user_id = 1,'1','0'),UNSIGNED) 'bought' FROM `wk_entrance` `e` LEFT JOIN `wk_buy` `b` ON `b`.`entrance_id`=`e`.`id` WHERE  `e`.`qrcode_id` = '7215' [ RunTime:0.000462s ]
[2023-02-06T20:03:57+08:00][sql] SELECT `e`.`id`,`e`.`avatar`,`e`.`name`,`e`.`members`,`e`.`qr`,0 price,`e`.`expire_date`,`e`.`joinable_wc`,`e`.`status`,`e`.`reported`,`e`.`add_time`,CONVERT(IF(b.user_id = 1,'1','0'),UNSIGNED) 'bought' FROM `wk_entrance` `e` LEFT JOIN `wk_buy` `b` ON `b`.`entrance_id`=`e`.`id` WHERE  `e`.`qrcode_id` = '7214' [ RunTime:0.000490s ]
[2023-02-06T20:03:57+08:00][sql] SELECT `e`.`id`,`e`.`avatar`,`e`.`name`,`e`.`members`,`e`.`qr`,0 price,`e`.`expire_date`,`e`.`joinable_wc`,`e`.`status`,`e`.`reported`,`e`.`add_time`,CONVERT(IF(b.user_id = 1,'1','0'),UNSIGNED) 'bought' FROM `wk_entrance` `e` LEFT JOIN `wk_buy` `b` ON `b`.`entrance_id`=`e`.`id` WHERE  `e`.`qrcode_id` = '7213' [ RunTime:0.000404s ]
[2023-02-06T20:03:57+08:00][sql] SELECT `e`.`id`,`e`.`avatar`,`e`.`name`,`e`.`members`,`e`.`qr`,0 price,`e`.`expire_date`,`e`.`joinable_wc`,`e`.`status`,`e`.`reported`,`e`.`add_time`,CONVERT(IF(b.user_id = 1,'1','0'),UNSIGNED) 'bought' FROM `wk_entrance` `e` LEFT JOIN `wk_buy` `b` ON `b`.`entrance_id`=`e`.`id` WHERE  `e`.`qrcode_id` = '7212' [ RunTime:0.000368s ]
[2023-02-06T20:03:57+08:00][sql] SELECT `e`.`id`,`e`.`avatar`,`e`.`name`,`e`.`members`,`e`.`qr`,0 price,`e`.`expire_date`,`e`.`joinable_wc`,`e`.`status`,`e`.`reported`,`e`.`add_time`,CONVERT(IF(b.user_id = 1,'1','0'),UNSIGNED) 'bought' FROM `wk_entrance` `e` LEFT JOIN `wk_buy` `b` ON `b`.`entrance_id`=`e`.`id` WHERE  `e`.`qrcode_id` = '7211' [ RunTime:0.000466s ]
[2023-02-06T20:03:57+08:00][sql] SELECT `e`.`id`,`e`.`avatar`,`e`.`name`,`e`.`members`,`e`.`qr`,0 price,`e`.`expire_date`,`e`.`joinable_wc`,`e`.`status`,`e`.`reported`,`e`.`add_time`,CONVERT(IF(b.user_id = 1,'1','0'),UNSIGNED) 'bought' FROM `wk_entrance` `e` LEFT JOIN `wk_buy` `b` ON `b`.`entrance_id`=`e`.`id` WHERE  `e`.`qrcode_id` = '7210' [ RunTime:0.000397s ]
[2023-02-06T20:03:57+08:00][sql] SELECT `e`.`id`,`e`.`avatar`,`e`.`name`,`e`.`members`,`e`.`qr`,0 price,`e`.`expire_date`,`e`.`joinable_wc`,`e`.`status`,`e`.`reported`,`e`.`add_time`,CONVERT(IF(b.user_id = 1,'1','0'),UNSIGNED) 'bought' FROM `wk_entrance` `e` LEFT JOIN `wk_buy` `b` ON `b`.`entrance_id`=`e`.`id` WHERE  `e`.`qrcode_id` = '7209' [ RunTime:0.000401s ]
[2023-02-06T20:03:57+08:00][sql] SELECT `e`.`id`,`e`.`avatar`,`e`.`name`,`e`.`members`,`e`.`qr`,0 price,`e`.`expire_date`,`e`.`joinable_wc`,`e`.`status`,`e`.`reported`,`e`.`add_time`,CONVERT(IF(b.user_id = 1,'1','0'),UNSIGNED) 'bought' FROM `wk_entrance` `e` LEFT JOIN `wk_buy` `b` ON `b`.`entrance_id`=`e`.`id` WHERE  `e`.`qrcode_id` = '7208' [ RunTime:0.000429s ]
[2023-02-06T20:03:57+08:00][sql] SELECT `e`.`id`,`e`.`avatar`,`e`.`name`,`e`.`members`,`e`.`qr`,0 price,`e`.`expire_date`,`e`.`joinable_wc`,`e`.`status`,`e`.`reported`,`e`.`add_time`,CONVERT(IF(b.user_id = 1,'1','0'),UNSIGNED) 'bought' FROM `wk_entrance` `e` LEFT JOIN `wk_buy` `b` ON `b`.`entrance_id`=`e`.`id` WHERE  `e`.`qrcode_id` = '7207' [ RunTime:0.000470s ]
[2023-02-06T20:03:57+08:00][sql] SELECT `e`.`id`,`e`.`avatar`,`e`.`name`,`e`.`members`,`e`.`qr`,0 price,`e`.`expire_date`,`e`.`joinable_wc`,`e`.`status`,`e`.`reported`,`e`.`add_time`,CONVERT(IF(b.user_id = 1,'1','0'),UNSIGNED) 'bought' FROM `wk_entrance` `e` LEFT JOIN `wk_buy` `b` ON `b`.`entrance_id`=`e`.`id` WHERE  `e`.`qrcode_id` = '7206' [ RunTime:0.000463s ]
[2023-02-06T20:03:57+08:00][sql] SELECT `e`.`id`,`e`.`avatar`,`e`.`name`,`e`.`members`,`e`.`qr`,0 price,`e`.`expire_date`,`e`.`joinable_wc`,`e`.`status`,`e`.`reported`,`e`.`add_time`,CONVERT(IF(b.user_id = 1,'1','0'),UNSIGNED) 'bought' FROM `wk_entrance` `e` LEFT JOIN `wk_buy` `b` ON `b`.`entrance_id`=`e`.`id` WHERE  `e`.`qrcode_id` = '7205' [ RunTime:0.000459s ]
[2023-02-06T20:03:57+08:00][sql] SELECT `e`.`id`,`e`.`avatar`,`e`.`name`,`e`.`members`,`e`.`qr`,0 price,`e`.`expire_date`,`e`.`joinable_wc`,`e`.`status`,`e`.`reported`,`e`.`add_time`,CONVERT(IF(b.user_id = 1,'1','0'),UNSIGNED) 'bought' FROM `wk_entrance` `e` LEFT JOIN `wk_buy` `b` ON `b`.`entrance_id`=`e`.`id` WHERE  `e`.`qrcode_id` = '7204' [ RunTime:0.000423s ]
[2023-02-06T20:03:57+08:00][sql] SELECT `e`.`id`,`e`.`avatar`,`e`.`name`,`e`.`members`,`e`.`qr`,0 price,`e`.`expire_date`,`e`.`joinable_wc`,`e`.`status`,`e`.`reported`,`e`.`add_time`,CONVERT(IF(b.user_id = 1,'1','0'),UNSIGNED) 'bought' FROM `wk_entrance` `e` LEFT JOIN `wk_buy` `b` ON `b`.`entrance_id`=`e`.`id` WHERE  `e`.`qrcode_id` = '7203' [ RunTime:0.000610s ]
[2023-02-06T20:04:04+08:00][sql] CONNECT:[ UseTime:0.001161s ] mysql:host=127.0.0.1;port=3306;dbname=c2;charset=utf8mb4
[2023-02-06T20:04:04+08:00][sql] SHOW FULL COLUMNS FROM `wk_user` [ RunTime:0.003344s ]
[2023-02-06T20:04:04+08:00][sql] SELECT `id` FROM `wk_user` WHERE  `id` = 1  AND `relogin` = 0 LIMIT 1 [ RunTime:0.002501s ]
[2023-02-06T20:04:04+08:00][sql] SELECT `id`,`username`,`balance`,`score` FROM `wk_user` WHERE  `id` = 1 LIMIT 1 [ RunTime:0.000554s ]
[2023-02-06T20:04:04+08:00][sql] CONNECT:[ UseTime:0.002519s ] mysql:host=127.0.0.1;port=3306;dbname=c2;charset=utf8mb4
[2023-02-06T20:04:04+08:00][sql] SHOW FULL COLUMNS FROM `wk_user` [ RunTime:0.001950s ]
[2023-02-06T20:04:04+08:00][sql] SELECT `id` FROM `wk_user` WHERE  `id` = 1  AND `relogin` = 0 LIMIT 1 [ RunTime:0.000889s ]
[2023-02-06T20:04:04+08:00][sql] SHOW FULL COLUMNS FROM `wk_tag` [ RunTime:0.001851s ]
[2023-02-06T20:04:04+08:00][sql] SELECT `id`,`name` FROM `wk_tag` ORDER BY `id` [ RunTime:0.000579s ]
[2023-02-06T20:04:04+08:00][sql] CONNECT:[ UseTime:0.001651s ] mysql:host=127.0.0.1;port=3306;dbname=c2;charset=utf8mb4
[2023-02-06T20:04:04+08:00][sql] SHOW FULL COLUMNS FROM `wk_user` [ RunTime:0.002394s ]
[2023-02-06T20:04:04+08:00][sql] SELECT `id` FROM `wk_user` WHERE  `id` = 1  AND `relogin` = 0 LIMIT 1 [ RunTime:0.001959s ]
[2023-02-06T20:04:04+08:00][sql] SHOW FULL COLUMNS FROM `wk_qrcode_ref` [ RunTime:0.001937s ]
[2023-02-06T20:04:04+08:00][sql] SELECT COUNT(*) AS think_count FROM ( SELECT ref.id,q.id qrcode_id,q.code,q.company,q.status,q.err_msg,q.add_time,count(*) AS think_count FROM `wk_qrcode_ref` `ref` LEFT JOIN `wk_qrcode` `q` ON `q`.`id`=`ref`.`qrcode_id` WHERE  `ref`.`user_id` = '1' GROUP BY `ref`.`id` ORDER BY `ref`.`id` DESC ) `_group_count_` LIMIT 1 [ RunTime:0.000460s ]
[2023-02-06T20:04:04+08:00][sql] SHOW FULL COLUMNS FROM `wk_setting` [ RunTime:0.001042s ]
[2023-02-06T20:04:04+08:00][sql] SELECT `int_val` FROM `wk_setting` WHERE  `key` = 'qrcode_decode_price' LIMIT 1 [ RunTime:0.000357s ]
[2023-02-06T20:04:04+08:00][sql] SELECT ref.id,q.id qrcode_id,q.code,q.company,q.status,q.err_msg,q.add_time,count(*) AS think_count FROM `wk_qrcode_ref` `ref` LEFT JOIN `wk_qrcode` `q` ON `q`.`id`=`ref`.`qrcode_id` WHERE  `ref`.`user_id` = '1' GROUP BY `ref`.`id` ORDER BY `ref`.`id` DESC LIMIT 0,20 [ RunTime:0.000472s ]
[2023-02-06T20:04:04+08:00][sql] SHOW FULL COLUMNS FROM `wk_entrance` [ RunTime:0.002037s ]
[2023-02-06T20:04:04+08:00][sql] SELECT `e`.`id`,`e`.`avatar`,`e`.`name`,`e`.`members`,`e`.`qr`,0 price,`e`.`expire_date`,`e`.`joinable_wc`,`e`.`status`,`e`.`reported`,`e`.`add_time`,CONVERT(IF(b.user_id = 1,'1','0'),UNSIGNED) 'bought' FROM `wk_entrance` `e` LEFT JOIN `wk_buy` `b` ON `b`.`entrance_id`=`e`.`id` WHERE  `e`.`qrcode_id` = '7222' [ RunTime:0.000773s ]
[2023-02-06T20:04:04+08:00][sql] SELECT `e`.`id`,`e`.`avatar`,`e`.`name`,`e`.`members`,`e`.`qr`,0 price,`e`.`expire_date`,`e`.`joinable_wc`,`e`.`status`,`e`.`reported`,`e`.`add_time`,CONVERT(IF(b.user_id = 1,'1','0'),UNSIGNED) 'bought' FROM `wk_entrance` `e` LEFT JOIN `wk_buy` `b` ON `b`.`entrance_id`=`e`.`id` WHERE  `e`.`qrcode_id` = '7221' [ RunTime:0.000624s ]
[2023-02-06T20:04:04+08:00][sql] SELECT `e`.`id`,`e`.`avatar`,`e`.`name`,`e`.`members`,`e`.`qr`,0 price,`e`.`expire_date`,`e`.`joinable_wc`,`e`.`status`,`e`.`reported`,`e`.`add_time`,CONVERT(IF(b.user_id = 1,'1','0'),UNSIGNED) 'bought' FROM `wk_entrance` `e` LEFT JOIN `wk_buy` `b` ON `b`.`entrance_id`=`e`.`id` WHERE  `e`.`qrcode_id` = '7220' [ RunTime:0.001075s ]
[2023-02-06T20:04:04+08:00][sql] SELECT `e`.`id`,`e`.`avatar`,`e`.`name`,`e`.`members`,`e`.`qr`,0 price,`e`.`expire_date`,`e`.`joinable_wc`,`e`.`status`,`e`.`reported`,`e`.`add_time`,CONVERT(IF(b.user_id = 1,'1','0'),UNSIGNED) 'bought' FROM `wk_entrance` `e` LEFT JOIN `wk_buy` `b` ON `b`.`entrance_id`=`e`.`id` WHERE  `e`.`qrcode_id` = '7219' [ RunTime:0.000926s ]
[2023-02-06T20:04:04+08:00][sql] SELECT `e`.`id`,`e`.`avatar`,`e`.`name`,`e`.`members`,`e`.`qr`,0 price,`e`.`expire_date`,`e`.`joinable_wc`,`e`.`status`,`e`.`reported`,`e`.`add_time`,CONVERT(IF(b.user_id = 1,'1','0'),UNSIGNED) 'bought' FROM `wk_entrance` `e` LEFT JOIN `wk_buy` `b` ON `b`.`entrance_id`=`e`.`id` WHERE  `e`.`qrcode_id` = '7218' [ RunTime:0.000928s ]
[2023-02-06T20:04:04+08:00][sql] SELECT `e`.`id`,`e`.`avatar`,`e`.`name`,`e`.`members`,`e`.`qr`,0 price,`e`.`expire_date`,`e`.`joinable_wc`,`e`.`status`,`e`.`reported`,`e`.`add_time`,CONVERT(IF(b.user_id = 1,'1','0'),UNSIGNED) 'bought' FROM `wk_entrance` `e` LEFT JOIN `wk_buy` `b` ON `b`.`entrance_id`=`e`.`id` WHERE  `e`.`qrcode_id` = '7217' [ RunTime:0.000720s ]
[2023-02-06T20:04:04+08:00][sql] SELECT `e`.`id`,`e`.`avatar`,`e`.`name`,`e`.`members`,`e`.`qr`,0 price,`e`.`expire_date`,`e`.`joinable_wc`,`e`.`status`,`e`.`reported`,`e`.`add_time`,CONVERT(IF(b.user_id = 1,'1','0'),UNSIGNED) 'bought' FROM `wk_entrance` `e` LEFT JOIN `wk_buy` `b` ON `b`.`entrance_id`=`e`.`id` WHERE  `e`.`qrcode_id` = '7216' [ RunTime:0.001956s ]
[2023-02-06T20:04:04+08:00][sql] SELECT `e`.`id`,`e`.`avatar`,`e`.`name`,`e`.`members`,`e`.`qr`,0 price,`e`.`expire_date`,`e`.`joinable_wc`,`e`.`status`,`e`.`reported`,`e`.`add_time`,CONVERT(IF(b.user_id = 1,'1','0'),UNSIGNED) 'bought' FROM `wk_entrance` `e` LEFT JOIN `wk_buy` `b` ON `b`.`entrance_id`=`e`.`id` WHERE  `e`.`qrcode_id` = '7215' [ RunTime:0.000717s ]
[2023-02-06T20:04:04+08:00][sql] SELECT `e`.`id`,`e`.`avatar`,`e`.`name`,`e`.`members`,`e`.`qr`,0 price,`e`.`expire_date`,`e`.`joinable_wc`,`e`.`status`,`e`.`reported`,`e`.`add_time`,CONVERT(IF(b.user_id = 1,'1','0'),UNSIGNED) 'bought' FROM `wk_entrance` `e` LEFT JOIN `wk_buy` `b` ON `b`.`entrance_id`=`e`.`id` WHERE  `e`.`qrcode_id` = '7214' [ RunTime:0.000592s ]
[2023-02-06T20:04:04+08:00][sql] SELECT `e`.`id`,`e`.`avatar`,`e`.`name`,`e`.`members`,`e`.`qr`,0 price,`e`.`expire_date`,`e`.`joinable_wc`,`e`.`status`,`e`.`reported`,`e`.`add_time`,CONVERT(IF(b.user_id = 1,'1','0'),UNSIGNED) 'bought' FROM `wk_entrance` `e` LEFT JOIN `wk_buy` `b` ON `b`.`entrance_id`=`e`.`id` WHERE  `e`.`qrcode_id` = '7213' [ RunTime:0.000681s ]
[2023-02-06T20:04:04+08:00][sql] SELECT `e`.`id`,`e`.`avatar`,`e`.`name`,`e`.`members`,`e`.`qr`,0 price,`e`.`expire_date`,`e`.`joinable_wc`,`e`.`status`,`e`.`reported`,`e`.`add_time`,CONVERT(IF(b.user_id = 1,'1','0'),UNSIGNED) 'bought' FROM `wk_entrance` `e` LEFT JOIN `wk_buy` `b` ON `b`.`entrance_id`=`e`.`id` WHERE  `e`.`qrcode_id` = '7212' [ RunTime:0.000527s ]
[2023-02-06T20:04:04+08:00][sql] SELECT `e`.`id`,`e`.`avatar`,`e`.`name`,`e`.`members`,`e`.`qr`,0 price,`e`.`expire_date`,`e`.`joinable_wc`,`e`.`status`,`e`.`reported`,`e`.`add_time`,CONVERT(IF(b.user_id = 1,'1','0'),UNSIGNED) 'bought' FROM `wk_entrance` `e` LEFT JOIN `wk_buy` `b` ON `b`.`entrance_id`=`e`.`id` WHERE  `e`.`qrcode_id` = '7211' [ RunTime:0.000380s ]
[2023-02-06T20:04:04+08:00][sql] SELECT `e`.`id`,`e`.`avatar`,`e`.`name`,`e`.`members`,`e`.`qr`,0 price,`e`.`expire_date`,`e`.`joinable_wc`,`e`.`status`,`e`.`reported`,`e`.`add_time`,CONVERT(IF(b.user_id = 1,'1','0'),UNSIGNED) 'bought' FROM `wk_entrance` `e` LEFT JOIN `wk_buy` `b` ON `b`.`entrance_id`=`e`.`id` WHERE  `e`.`qrcode_id` = '7210' [ RunTime:0.001076s ]
[2023-02-06T20:04:04+08:00][sql] SELECT `e`.`id`,`e`.`avatar`,`e`.`name`,`e`.`members`,`e`.`qr`,0 price,`e`.`expire_date`,`e`.`joinable_wc`,`e`.`status`,`e`.`reported`,`e`.`add_time`,CONVERT(IF(b.user_id = 1,'1','0'),UNSIGNED) 'bought' FROM `wk_entrance` `e` LEFT JOIN `wk_buy` `b` ON `b`.`entrance_id`=`e`.`id` WHERE  `e`.`qrcode_id` = '7209' [ RunTime:0.003325s ]
[2023-02-06T20:04:04+08:00][sql] SELECT `e`.`id`,`e`.`avatar`,`e`.`name`,`e`.`members`,`e`.`qr`,0 price,`e`.`expire_date`,`e`.`joinable_wc`,`e`.`status`,`e`.`reported`,`e`.`add_time`,CONVERT(IF(b.user_id = 1,'1','0'),UNSIGNED) 'bought' FROM `wk_entrance` `e` LEFT JOIN `wk_buy` `b` ON `b`.`entrance_id`=`e`.`id` WHERE  `e`.`qrcode_id` = '7208' [ RunTime:0.000985s ]
[2023-02-06T20:04:04+08:00][sql] SELECT `e`.`id`,`e`.`avatar`,`e`.`name`,`e`.`members`,`e`.`qr`,0 price,`e`.`expire_date`,`e`.`joinable_wc`,`e`.`status`,`e`.`reported`,`e`.`add_time`,CONVERT(IF(b.user_id = 1,'1','0'),UNSIGNED) 'bought' FROM `wk_entrance` `e` LEFT JOIN `wk_buy` `b` ON `b`.`entrance_id`=`e`.`id` WHERE  `e`.`qrcode_id` = '7207' [ RunTime:0.000496s ]
[2023-02-06T20:04:04+08:00][sql] SELECT `e`.`id`,`e`.`avatar`,`e`.`name`,`e`.`members`,`e`.`qr`,0 price,`e`.`expire_date`,`e`.`joinable_wc`,`e`.`status`,`e`.`reported`,`e`.`add_time`,CONVERT(IF(b.user_id = 1,'1','0'),UNSIGNED) 'bought' FROM `wk_entrance` `e` LEFT JOIN `wk_buy` `b` ON `b`.`entrance_id`=`e`.`id` WHERE  `e`.`qrcode_id` = '7206' [ RunTime:0.000787s ]
[2023-02-06T20:04:04+08:00][sql] SELECT `e`.`id`,`e`.`avatar`,`e`.`name`,`e`.`members`,`e`.`qr`,0 price,`e`.`expire_date`,`e`.`joinable_wc`,`e`.`status`,`e`.`reported`,`e`.`add_time`,CONVERT(IF(b.user_id = 1,'1','0'),UNSIGNED) 'bought' FROM `wk_entrance` `e` LEFT JOIN `wk_buy` `b` ON `b`.`entrance_id`=`e`.`id` WHERE  `e`.`qrcode_id` = '7205' [ RunTime:0.001309s ]
[2023-02-06T20:04:04+08:00][sql] SELECT `e`.`id`,`e`.`avatar`,`e`.`name`,`e`.`members`,`e`.`qr`,0 price,`e`.`expire_date`,`e`.`joinable_wc`,`e`.`status`,`e`.`reported`,`e`.`add_time`,CONVERT(IF(b.user_id = 1,'1','0'),UNSIGNED) 'bought' FROM `wk_entrance` `e` LEFT JOIN `wk_buy` `b` ON `b`.`entrance_id`=`e`.`id` WHERE  `e`.`qrcode_id` = '7204' [ RunTime:0.000779s ]
[2023-02-06T20:04:04+08:00][sql] SELECT `e`.`id`,`e`.`avatar`,`e`.`name`,`e`.`members`,`e`.`qr`,0 price,`e`.`expire_date`,`e`.`joinable_wc`,`e`.`status`,`e`.`reported`,`e`.`add_time`,CONVERT(IF(b.user_id = 1,'1','0'),UNSIGNED) 'bought' FROM `wk_entrance` `e` LEFT JOIN `wk_buy` `b` ON `b`.`entrance_id`=`e`.`id` WHERE  `e`.`qrcode_id` = '7203' [ RunTime:0.000774s ]
[2023-02-06T20:08:51+08:00][sql] CONNECT:[ UseTime:0.000936s ] mysql:host=127.0.0.1;port=3306;dbname=c2;charset=utf8mb4
[2023-02-06T20:08:51+08:00][sql] SHOW FULL COLUMNS FROM `wk_user` [ RunTime:0.001385s ]
[2023-02-06T20:08:51+08:00][sql] SELECT `id` FROM `wk_user` WHERE  `id` = 1  AND `relogin` = 0 LIMIT 1 [ RunTime:0.000384s ]
[2023-02-06T20:08:51+08:00][sql] SELECT `id`,`username`,`balance`,`score` FROM `wk_user` WHERE  `id` = 1 LIMIT 1 [ RunTime:0.000342s ]
[2023-02-06T20:08:51+08:00][sql] CONNECT:[ UseTime:0.001515s ] mysql:host=127.0.0.1;port=3306;dbname=c2;charset=utf8mb4
[2023-02-06T20:08:51+08:00][sql] SHOW FULL COLUMNS FROM `wk_user` [ RunTime:0.001375s ]
[2023-02-06T20:08:51+08:00][sql] SELECT `id` FROM `wk_user` WHERE  `id` = 1  AND `relogin` = 0 LIMIT 1 [ RunTime:0.000483s ]
[2023-02-06T20:08:51+08:00][sql] SHOW FULL COLUMNS FROM `wk_tag` [ RunTime:0.001402s ]
[2023-02-06T20:08:51+08:00][sql] SELECT `id`,`name` FROM `wk_tag` ORDER BY `id` [ RunTime:0.000473s ]
[2023-02-06T20:08:51+08:00][sql] CONNECT:[ UseTime:0.000889s ] mysql:host=127.0.0.1;port=3306;dbname=c2;charset=utf8mb4
[2023-02-06T20:08:51+08:00][sql] SHOW FULL COLUMNS FROM `wk_user` [ RunTime:0.001051s ]
[2023-02-06T20:08:51+08:00][sql] SELECT `id` FROM `wk_user` WHERE  `id` = 1  AND `relogin` = 0 LIMIT 1 [ RunTime:0.000983s ]
[2023-02-06T20:08:51+08:00][sql] SHOW FULL COLUMNS FROM `wk_qrcode_ref` [ RunTime:0.000984s ]
[2023-02-06T20:08:51+08:00][sql] SELECT COUNT(*) AS think_count FROM ( SELECT ref.id,q.id qrcode_id,q.code,q.company,q.status,q.err_msg,q.add_time,count(*) AS think_count FROM `wk_qrcode_ref` `ref` LEFT JOIN `wk_qrcode` `q` ON `q`.`id`=`ref`.`qrcode_id` WHERE  `ref`.`user_id` = '1' GROUP BY `ref`.`id` ORDER BY `ref`.`id` DESC ) `_group_count_` LIMIT 1 [ RunTime:0.000555s ]
[2023-02-06T20:08:51+08:00][sql] SHOW FULL COLUMNS FROM `wk_setting` [ RunTime:0.001550s ]
[2023-02-06T20:08:51+08:00][sql] SELECT `int_val` FROM `wk_setting` WHERE  `key` = 'qrcode_decode_price' LIMIT 1 [ RunTime:0.000894s ]
[2023-02-06T20:08:51+08:00][sql] SELECT ref.id,q.id qrcode_id,q.code,q.company,q.status,q.err_msg,q.add_time,count(*) AS think_count FROM `wk_qrcode_ref` `ref` LEFT JOIN `wk_qrcode` `q` ON `q`.`id`=`ref`.`qrcode_id` WHERE  `ref`.`user_id` = '1' GROUP BY `ref`.`id` ORDER BY `ref`.`id` DESC LIMIT 0,20 [ RunTime:0.000477s ]
[2023-02-06T20:08:51+08:00][sql] SHOW FULL COLUMNS FROM `wk_entrance` [ RunTime:0.001342s ]
[2023-02-06T20:08:51+08:00][sql] SELECT `e`.`id`,`e`.`avatar`,`e`.`name`,`e`.`members`,`e`.`qr`,0 price,`e`.`expire_date`,`e`.`joinable_wc`,`e`.`status`,`e`.`reported`,`e`.`add_time`,CONVERT(IF(b.user_id = 1,'1','0'),UNSIGNED) 'bought' FROM `wk_entrance` `e` LEFT JOIN `wk_buy` `b` ON `b`.`entrance_id`=`e`.`id` WHERE  `e`.`qrcode_id` = '7222' [ RunTime:0.000400s ]
[2023-02-06T20:08:51+08:00][sql] SELECT `e`.`id`,`e`.`avatar`,`e`.`name`,`e`.`members`,`e`.`qr`,0 price,`e`.`expire_date`,`e`.`joinable_wc`,`e`.`status`,`e`.`reported`,`e`.`add_time`,CONVERT(IF(b.user_id = 1,'1','0'),UNSIGNED) 'bought' FROM `wk_entrance` `e` LEFT JOIN `wk_buy` `b` ON `b`.`entrance_id`=`e`.`id` WHERE  `e`.`qrcode_id` = '7221' [ RunTime:0.000436s ]
[2023-02-06T20:08:51+08:00][sql] SELECT `e`.`id`,`e`.`avatar`,`e`.`name`,`e`.`members`,`e`.`qr`,0 price,`e`.`expire_date`,`e`.`joinable_wc`,`e`.`status`,`e`.`reported`,`e`.`add_time`,CONVERT(IF(b.user_id = 1,'1','0'),UNSIGNED) 'bought' FROM `wk_entrance` `e` LEFT JOIN `wk_buy` `b` ON `b`.`entrance_id`=`e`.`id` WHERE  `e`.`qrcode_id` = '7220' [ RunTime:0.000408s ]
[2023-02-06T20:08:51+08:00][sql] SELECT `e`.`id`,`e`.`avatar`,`e`.`name`,`e`.`members`,`e`.`qr`,0 price,`e`.`expire_date`,`e`.`joinable_wc`,`e`.`status`,`e`.`reported`,`e`.`add_time`,CONVERT(IF(b.user_id = 1,'1','0'),UNSIGNED) 'bought' FROM `wk_entrance` `e` LEFT JOIN `wk_buy` `b` ON `b`.`entrance_id`=`e`.`id` WHERE  `e`.`qrcode_id` = '7219' [ RunTime:0.000415s ]
[2023-02-06T20:08:51+08:00][sql] SELECT `e`.`id`,`e`.`avatar`,`e`.`name`,`e`.`members`,`e`.`qr`,0 price,`e`.`expire_date`,`e`.`joinable_wc`,`e`.`status`,`e`.`reported`,`e`.`add_time`,CONVERT(IF(b.user_id = 1,'1','0'),UNSIGNED) 'bought' FROM `wk_entrance` `e` LEFT JOIN `wk_buy` `b` ON `b`.`entrance_id`=`e`.`id` WHERE  `e`.`qrcode_id` = '7218' [ RunTime:0.000413s ]
[2023-02-06T20:08:51+08:00][sql] SELECT `e`.`id`,`e`.`avatar`,`e`.`name`,`e`.`members`,`e`.`qr`,0 price,`e`.`expire_date`,`e`.`joinable_wc`,`e`.`status`,`e`.`reported`,`e`.`add_time`,CONVERT(IF(b.user_id = 1,'1','0'),UNSIGNED) 'bought' FROM `wk_entrance` `e` LEFT JOIN `wk_buy` `b` ON `b`.`entrance_id`=`e`.`id` WHERE  `e`.`qrcode_id` = '7217' [ RunTime:0.000403s ]
[2023-02-06T20:08:51+08:00][sql] SELECT `e`.`id`,`e`.`avatar`,`e`.`name`,`e`.`members`,`e`.`qr`,0 price,`e`.`expire_date`,`e`.`joinable_wc`,`e`.`status`,`e`.`reported`,`e`.`add_time`,CONVERT(IF(b.user_id = 1,'1','0'),UNSIGNED) 'bought' FROM `wk_entrance` `e` LEFT JOIN `wk_buy` `b` ON `b`.`entrance_id`=`e`.`id` WHERE  `e`.`qrcode_id` = '7216' [ RunTime:0.000424s ]
[2023-02-06T20:08:51+08:00][sql] SELECT `e`.`id`,`e`.`avatar`,`e`.`name`,`e`.`members`,`e`.`qr`,0 price,`e`.`expire_date`,`e`.`joinable_wc`,`e`.`status`,`e`.`reported`,`e`.`add_time`,CONVERT(IF(b.user_id = 1,'1','0'),UNSIGNED) 'bought' FROM `wk_entrance` `e` LEFT JOIN `wk_buy` `b` ON `b`.`entrance_id`=`e`.`id` WHERE  `e`.`qrcode_id` = '7215' [ RunTime:0.000383s ]
[2023-02-06T20:08:51+08:00][sql] SELECT `e`.`id`,`e`.`avatar`,`e`.`name`,`e`.`members`,`e`.`qr`,0 price,`e`.`expire_date`,`e`.`joinable_wc`,`e`.`status`,`e`.`reported`,`e`.`add_time`,CONVERT(IF(b.user_id = 1,'1','0'),UNSIGNED) 'bought' FROM `wk_entrance` `e` LEFT JOIN `wk_buy` `b` ON `b`.`entrance_id`=`e`.`id` WHERE  `e`.`qrcode_id` = '7214' [ RunTime:0.000388s ]
[2023-02-06T20:08:51+08:00][sql] SELECT `e`.`id`,`e`.`avatar`,`e`.`name`,`e`.`members`,`e`.`qr`,0 price,`e`.`expire_date`,`e`.`joinable_wc`,`e`.`status`,`e`.`reported`,`e`.`add_time`,CONVERT(IF(b.user_id = 1,'1','0'),UNSIGNED) 'bought' FROM `wk_entrance` `e` LEFT JOIN `wk_buy` `b` ON `b`.`entrance_id`=`e`.`id` WHERE  `e`.`qrcode_id` = '7213' [ RunTime:0.000406s ]
[2023-02-06T20:08:51+08:00][sql] SELECT `e`.`id`,`e`.`avatar`,`e`.`name`,`e`.`members`,`e`.`qr`,0 price,`e`.`expire_date`,`e`.`joinable_wc`,`e`.`status`,`e`.`reported`,`e`.`add_time`,CONVERT(IF(b.user_id = 1,'1','0'),UNSIGNED) 'bought' FROM `wk_entrance` `e` LEFT JOIN `wk_buy` `b` ON `b`.`entrance_id`=`e`.`id` WHERE  `e`.`qrcode_id` = '7212' [ RunTime:0.000400s ]
[2023-02-06T20:08:51+08:00][sql] SELECT `e`.`id`,`e`.`avatar`,`e`.`name`,`e`.`members`,`e`.`qr`,0 price,`e`.`expire_date`,`e`.`joinable_wc`,`e`.`status`,`e`.`reported`,`e`.`add_time`,CONVERT(IF(b.user_id = 1,'1','0'),UNSIGNED) 'bought' FROM `wk_entrance` `e` LEFT JOIN `wk_buy` `b` ON `b`.`entrance_id`=`e`.`id` WHERE  `e`.`qrcode_id` = '7211' [ RunTime:0.000466s ]
[2023-02-06T20:08:51+08:00][sql] SELECT `e`.`id`,`e`.`avatar`,`e`.`name`,`e`.`members`,`e`.`qr`,0 price,`e`.`expire_date`,`e`.`joinable_wc`,`e`.`status`,`e`.`reported`,`e`.`add_time`,CONVERT(IF(b.user_id = 1,'1','0'),UNSIGNED) 'bought' FROM `wk_entrance` `e` LEFT JOIN `wk_buy` `b` ON `b`.`entrance_id`=`e`.`id` WHERE  `e`.`qrcode_id` = '7210' [ RunTime:0.000516s ]
[2023-02-06T20:08:51+08:00][sql] SELECT `e`.`id`,`e`.`avatar`,`e`.`name`,`e`.`members`,`e`.`qr`,0 price,`e`.`expire_date`,`e`.`joinable_wc`,`e`.`status`,`e`.`reported`,`e`.`add_time`,CONVERT(IF(b.user_id = 1,'1','0'),UNSIGNED) 'bought' FROM `wk_entrance` `e` LEFT JOIN `wk_buy` `b` ON `b`.`entrance_id`=`e`.`id` WHERE  `e`.`qrcode_id` = '7209' [ RunTime:0.000425s ]
[2023-02-06T20:08:51+08:00][sql] SELECT `e`.`id`,`e`.`avatar`,`e`.`name`,`e`.`members`,`e`.`qr`,0 price,`e`.`expire_date`,`e`.`joinable_wc`,`e`.`status`,`e`.`reported`,`e`.`add_time`,CONVERT(IF(b.user_id = 1,'1','0'),UNSIGNED) 'bought' FROM `wk_entrance` `e` LEFT JOIN `wk_buy` `b` ON `b`.`entrance_id`=`e`.`id` WHERE  `e`.`qrcode_id` = '7208' [ RunTime:0.000462s ]
[2023-02-06T20:08:51+08:00][sql] SELECT `e`.`id`,`e`.`avatar`,`e`.`name`,`e`.`members`,`e`.`qr`,0 price,`e`.`expire_date`,`e`.`joinable_wc`,`e`.`status`,`e`.`reported`,`e`.`add_time`,CONVERT(IF(b.user_id = 1,'1','0'),UNSIGNED) 'bought' FROM `wk_entrance` `e` LEFT JOIN `wk_buy` `b` ON `b`.`entrance_id`=`e`.`id` WHERE  `e`.`qrcode_id` = '7207' [ RunTime:0.000376s ]
[2023-02-06T20:08:51+08:00][sql] SELECT `e`.`id`,`e`.`avatar`,`e`.`name`,`e`.`members`,`e`.`qr`,0 price,`e`.`expire_date`,`e`.`joinable_wc`,`e`.`status`,`e`.`reported`,`e`.`add_time`,CONVERT(IF(b.user_id = 1,'1','0'),UNSIGNED) 'bought' FROM `wk_entrance` `e` LEFT JOIN `wk_buy` `b` ON `b`.`entrance_id`=`e`.`id` WHERE  `e`.`qrcode_id` = '7206' [ RunTime:0.000578s ]
[2023-02-06T20:08:51+08:00][sql] SELECT `e`.`id`,`e`.`avatar`,`e`.`name`,`e`.`members`,`e`.`qr`,0 price,`e`.`expire_date`,`e`.`joinable_wc`,`e`.`status`,`e`.`reported`,`e`.`add_time`,CONVERT(IF(b.user_id = 1,'1','0'),UNSIGNED) 'bought' FROM `wk_entrance` `e` LEFT JOIN `wk_buy` `b` ON `b`.`entrance_id`=`e`.`id` WHERE  `e`.`qrcode_id` = '7205' [ RunTime:0.000660s ]
[2023-02-06T20:08:51+08:00][sql] SELECT `e`.`id`,`e`.`avatar`,`e`.`name`,`e`.`members`,`e`.`qr`,0 price,`e`.`expire_date`,`e`.`joinable_wc`,`e`.`status`,`e`.`reported`,`e`.`add_time`,CONVERT(IF(b.user_id = 1,'1','0'),UNSIGNED) 'bought' FROM `wk_entrance` `e` LEFT JOIN `wk_buy` `b` ON `b`.`entrance_id`=`e`.`id` WHERE  `e`.`qrcode_id` = '7204' [ RunTime:0.000575s ]
[2023-02-06T20:08:51+08:00][sql] SELECT `e`.`id`,`e`.`avatar`,`e`.`name`,`e`.`members`,`e`.`qr`,0 price,`e`.`expire_date`,`e`.`joinable_wc`,`e`.`status`,`e`.`reported`,`e`.`add_time`,CONVERT(IF(b.user_id = 1,'1','0'),UNSIGNED) 'bought' FROM `wk_entrance` `e` LEFT JOIN `wk_buy` `b` ON `b`.`entrance_id`=`e`.`id` WHERE  `e`.`qrcode_id` = '7203' [ RunTime:0.000628s ]
[2023-02-06T20:08:55+08:00][sql] CONNECT:[ UseTime:0.002292s ] mysql:host=127.0.0.1;port=3306;dbname=c2;charset=utf8mb4
[2023-02-06T20:08:55+08:00][sql] SHOW FULL COLUMNS FROM `wk_user` [ RunTime:0.001370s ]
[2023-02-06T20:08:55+08:00][sql] SELECT `id` FROM `wk_user` WHERE  `id` = 1  AND `relogin` = 0 LIMIT 1 [ RunTime:0.000391s ]
[2023-02-06T20:08:55+08:00][sql] SELECT `id`,`username`,`balance`,`score` FROM `wk_user` WHERE  `id` = 1 LIMIT 1 [ RunTime:0.000270s ]
[2023-02-06T20:08:55+08:00][sql] CONNECT:[ UseTime:0.001037s ] mysql:host=127.0.0.1;port=3306;dbname=c2;charset=utf8mb4
[2023-02-06T20:08:55+08:00][sql] SHOW FULL COLUMNS FROM `wk_user` [ RunTime:0.002029s ]
[2023-02-06T20:08:55+08:00][sql] SELECT `id` FROM `wk_user` WHERE  `id` = 1  AND `relogin` = 0 LIMIT 1 [ RunTime:0.000404s ]
[2023-02-06T20:08:55+08:00][sql] SHOW FULL COLUMNS FROM `wk_tag` [ RunTime:0.001292s ]
[2023-02-06T20:08:55+08:00][sql] SELECT `id`,`name` FROM `wk_tag` ORDER BY `id` [ RunTime:0.000370s ]
[2023-02-06T20:08:55+08:00][sql] CONNECT:[ UseTime:0.002897s ] mysql:host=127.0.0.1;port=3306;dbname=c2;charset=utf8mb4
[2023-02-06T20:08:55+08:00][sql] SHOW FULL COLUMNS FROM `wk_user` [ RunTime:0.002457s ]
[2023-02-06T20:08:55+08:00][sql] SELECT `id` FROM `wk_user` WHERE  `id` = 1  AND `relogin` = 0 LIMIT 1 [ RunTime:0.000576s ]
[2023-02-06T20:08:55+08:00][sql] SHOW FULL COLUMNS FROM `wk_qrcode_ref` [ RunTime:0.002717s ]
[2023-02-06T20:08:55+08:00][sql] SELECT COUNT(*) AS think_count FROM ( SELECT ref.id,q.id qrcode_id,q.code,q.company,q.status,q.err_msg,q.add_time,count(*) AS think_count FROM `wk_qrcode_ref` `ref` LEFT JOIN `wk_qrcode` `q` ON `q`.`id`=`ref`.`qrcode_id` WHERE  `ref`.`user_id` = '1' GROUP BY `ref`.`id` ORDER BY `ref`.`id` DESC ) `_group_count_` LIMIT 1 [ RunTime:0.001203s ]
[2023-02-06T20:08:55+08:00][sql] SHOW FULL COLUMNS FROM `wk_setting` [ RunTime:0.001871s ]
[2023-02-06T20:08:55+08:00][sql] SELECT `int_val` FROM `wk_setting` WHERE  `key` = 'qrcode_decode_price' LIMIT 1 [ RunTime:0.001273s ]
[2023-02-06T20:08:55+08:00][sql] SELECT ref.id,q.id qrcode_id,q.code,q.company,q.status,q.err_msg,q.add_time,count(*) AS think_count FROM `wk_qrcode_ref` `ref` LEFT JOIN `wk_qrcode` `q` ON `q`.`id`=`ref`.`qrcode_id` WHERE  `ref`.`user_id` = '1' GROUP BY `ref`.`id` ORDER BY `ref`.`id` DESC LIMIT 0,20 [ RunTime:0.001412s ]
[2023-02-06T20:08:55+08:00][sql] SHOW FULL COLUMNS FROM `wk_entrance` [ RunTime:0.001516s ]
[2023-02-06T20:08:55+08:00][sql] SELECT `e`.`id`,`e`.`avatar`,`e`.`name`,`e`.`members`,`e`.`qr`,0 price,`e`.`expire_date`,`e`.`joinable_wc`,`e`.`status`,`e`.`reported`,`e`.`add_time`,CONVERT(IF(b.user_id = 1,'1','0'),UNSIGNED) 'bought' FROM `wk_entrance` `e` LEFT JOIN `wk_buy` `b` ON `b`.`entrance_id`=`e`.`id` WHERE  `e`.`qrcode_id` = '7222' [ RunTime:0.000623s ]
[2023-02-06T20:08:55+08:00][sql] SELECT `e`.`id`,`e`.`avatar`,`e`.`name`,`e`.`members`,`e`.`qr`,0 price,`e`.`expire_date`,`e`.`joinable_wc`,`e`.`status`,`e`.`reported`,`e`.`add_time`,CONVERT(IF(b.user_id = 1,'1','0'),UNSIGNED) 'bought' FROM `wk_entrance` `e` LEFT JOIN `wk_buy` `b` ON `b`.`entrance_id`=`e`.`id` WHERE  `e`.`qrcode_id` = '7221' [ RunTime:0.000858s ]
[2023-02-06T20:08:55+08:00][sql] SELECT `e`.`id`,`e`.`avatar`,`e`.`name`,`e`.`members`,`e`.`qr`,0 price,`e`.`expire_date`,`e`.`joinable_wc`,`e`.`status`,`e`.`reported`,`e`.`add_time`,CONVERT(IF(b.user_id = 1,'1','0'),UNSIGNED) 'bought' FROM `wk_entrance` `e` LEFT JOIN `wk_buy` `b` ON `b`.`entrance_id`=`e`.`id` WHERE  `e`.`qrcode_id` = '7220' [ RunTime:0.000508s ]
[2023-02-06T20:08:55+08:00][sql] SELECT `e`.`id`,`e`.`avatar`,`e`.`name`,`e`.`members`,`e`.`qr`,0 price,`e`.`expire_date`,`e`.`joinable_wc`,`e`.`status`,`e`.`reported`,`e`.`add_time`,CONVERT(IF(b.user_id = 1,'1','0'),UNSIGNED) 'bought' FROM `wk_entrance` `e` LEFT JOIN `wk_buy` `b` ON `b`.`entrance_id`=`e`.`id` WHERE  `e`.`qrcode_id` = '7219' [ RunTime:0.000403s ]
[2023-02-06T20:08:55+08:00][sql] SELECT `e`.`id`,`e`.`avatar`,`e`.`name`,`e`.`members`,`e`.`qr`,0 price,`e`.`expire_date`,`e`.`joinable_wc`,`e`.`status`,`e`.`reported`,`e`.`add_time`,CONVERT(IF(b.user_id = 1,'1','0'),UNSIGNED) 'bought' FROM `wk_entrance` `e` LEFT JOIN `wk_buy` `b` ON `b`.`entrance_id`=`e`.`id` WHERE  `e`.`qrcode_id` = '7218' [ RunTime:0.000424s ]
[2023-02-06T20:08:55+08:00][sql] SELECT `e`.`id`,`e`.`avatar`,`e`.`name`,`e`.`members`,`e`.`qr`,0 price,`e`.`expire_date`,`e`.`joinable_wc`,`e`.`status`,`e`.`reported`,`e`.`add_time`,CONVERT(IF(b.user_id = 1,'1','0'),UNSIGNED) 'bought' FROM `wk_entrance` `e` LEFT JOIN `wk_buy` `b` ON `b`.`entrance_id`=`e`.`id` WHERE  `e`.`qrcode_id` = '7217' [ RunTime:0.000425s ]
[2023-02-06T20:08:55+08:00][sql] SELECT `e`.`id`,`e`.`avatar`,`e`.`name`,`e`.`members`,`e`.`qr`,0 price,`e`.`expire_date`,`e`.`joinable_wc`,`e`.`status`,`e`.`reported`,`e`.`add_time`,CONVERT(IF(b.user_id = 1,'1','0'),UNSIGNED) 'bought' FROM `wk_entrance` `e` LEFT JOIN `wk_buy` `b` ON `b`.`entrance_id`=`e`.`id` WHERE  `e`.`qrcode_id` = '7216' [ RunTime:0.000449s ]
[2023-02-06T20:08:55+08:00][sql] SELECT `e`.`id`,`e`.`avatar`,`e`.`name`,`e`.`members`,`e`.`qr`,0 price,`e`.`expire_date`,`e`.`joinable_wc`,`e`.`status`,`e`.`reported`,`e`.`add_time`,CONVERT(IF(b.user_id = 1,'1','0'),UNSIGNED) 'bought' FROM `wk_entrance` `e` LEFT JOIN `wk_buy` `b` ON `b`.`entrance_id`=`e`.`id` WHERE  `e`.`qrcode_id` = '7215' [ RunTime:0.000437s ]
[2023-02-06T20:08:55+08:00][sql] SELECT `e`.`id`,`e`.`avatar`,`e`.`name`,`e`.`members`,`e`.`qr`,0 price,`e`.`expire_date`,`e`.`joinable_wc`,`e`.`status`,`e`.`reported`,`e`.`add_time`,CONVERT(IF(b.user_id = 1,'1','0'),UNSIGNED) 'bought' FROM `wk_entrance` `e` LEFT JOIN `wk_buy` `b` ON `b`.`entrance_id`=`e`.`id` WHERE  `e`.`qrcode_id` = '7214' [ RunTime:0.000490s ]
[2023-02-06T20:08:55+08:00][sql] SELECT `e`.`id`,`e`.`avatar`,`e`.`name`,`e`.`members`,`e`.`qr`,0 price,`e`.`expire_date`,`e`.`joinable_wc`,`e`.`status`,`e`.`reported`,`e`.`add_time`,CONVERT(IF(b.user_id = 1,'1','0'),UNSIGNED) 'bought' FROM `wk_entrance` `e` LEFT JOIN `wk_buy` `b` ON `b`.`entrance_id`=`e`.`id` WHERE  `e`.`qrcode_id` = '7213' [ RunTime:0.000472s ]
[2023-02-06T20:08:55+08:00][sql] SELECT `e`.`id`,`e`.`avatar`,`e`.`name`,`e`.`members`,`e`.`qr`,0 price,`e`.`expire_date`,`e`.`joinable_wc`,`e`.`status`,`e`.`reported`,`e`.`add_time`,CONVERT(IF(b.user_id = 1,'1','0'),UNSIGNED) 'bought' FROM `wk_entrance` `e` LEFT JOIN `wk_buy` `b` ON `b`.`entrance_id`=`e`.`id` WHERE  `e`.`qrcode_id` = '7212' [ RunTime:0.000427s ]
[2023-02-06T20:08:55+08:00][sql] SELECT `e`.`id`,`e`.`avatar`,`e`.`name`,`e`.`members`,`e`.`qr`,0 price,`e`.`expire_date`,`e`.`joinable_wc`,`e`.`status`,`e`.`reported`,`e`.`add_time`,CONVERT(IF(b.user_id = 1,'1','0'),UNSIGNED) 'bought' FROM `wk_entrance` `e` LEFT JOIN `wk_buy` `b` ON `b`.`entrance_id`=`e`.`id` WHERE  `e`.`qrcode_id` = '7211' [ RunTime:0.000545s ]
[2023-02-06T20:08:55+08:00][sql] SELECT `e`.`id`,`e`.`avatar`,`e`.`name`,`e`.`members`,`e`.`qr`,0 price,`e`.`expire_date`,`e`.`joinable_wc`,`e`.`status`,`e`.`reported`,`e`.`add_time`,CONVERT(IF(b.user_id = 1,'1','0'),UNSIGNED) 'bought' FROM `wk_entrance` `e` LEFT JOIN `wk_buy` `b` ON `b`.`entrance_id`=`e`.`id` WHERE  `e`.`qrcode_id` = '7210' [ RunTime:0.000585s ]
[2023-02-06T20:08:55+08:00][sql] SELECT `e`.`id`,`e`.`avatar`,`e`.`name`,`e`.`members`,`e`.`qr`,0 price,`e`.`expire_date`,`e`.`joinable_wc`,`e`.`status`,`e`.`reported`,`e`.`add_time`,CONVERT(IF(b.user_id = 1,'1','0'),UNSIGNED) 'bought' FROM `wk_entrance` `e` LEFT JOIN `wk_buy` `b` ON `b`.`entrance_id`=`e`.`id` WHERE  `e`.`qrcode_id` = '7209' [ RunTime:0.001562s ]
[2023-02-06T20:08:55+08:00][sql] SELECT `e`.`id`,`e`.`avatar`,`e`.`name`,`e`.`members`,`e`.`qr`,0 price,`e`.`expire_date`,`e`.`joinable_wc`,`e`.`status`,`e`.`reported`,`e`.`add_time`,CONVERT(IF(b.user_id = 1,'1','0'),UNSIGNED) 'bought' FROM `wk_entrance` `e` LEFT JOIN `wk_buy` `b` ON `b`.`entrance_id`=`e`.`id` WHERE  `e`.`qrcode_id` = '7208' [ RunTime:0.000723s ]
[2023-02-06T20:08:55+08:00][sql] SELECT `e`.`id`,`e`.`avatar`,`e`.`name`,`e`.`members`,`e`.`qr`,0 price,`e`.`expire_date`,`e`.`joinable_wc`,`e`.`status`,`e`.`reported`,`e`.`add_time`,CONVERT(IF(b.user_id = 1,'1','0'),UNSIGNED) 'bought' FROM `wk_entrance` `e` LEFT JOIN `wk_buy` `b` ON `b`.`entrance_id`=`e`.`id` WHERE  `e`.`qrcode_id` = '7207' [ RunTime:0.000671s ]
[2023-02-06T20:08:55+08:00][sql] SELECT `e`.`id`,`e`.`avatar`,`e`.`name`,`e`.`members`,`e`.`qr`,0 price,`e`.`expire_date`,`e`.`joinable_wc`,`e`.`status`,`e`.`reported`,`e`.`add_time`,CONVERT(IF(b.user_id = 1,'1','0'),UNSIGNED) 'bought' FROM `wk_entrance` `e` LEFT JOIN `wk_buy` `b` ON `b`.`entrance_id`=`e`.`id` WHERE  `e`.`qrcode_id` = '7206' [ RunTime:0.000664s ]
[2023-02-06T20:08:55+08:00][sql] SELECT `e`.`id`,`e`.`avatar`,`e`.`name`,`e`.`members`,`e`.`qr`,0 price,`e`.`expire_date`,`e`.`joinable_wc`,`e`.`status`,`e`.`reported`,`e`.`add_time`,CONVERT(IF(b.user_id = 1,'1','0'),UNSIGNED) 'bought' FROM `wk_entrance` `e` LEFT JOIN `wk_buy` `b` ON `b`.`entrance_id`=`e`.`id` WHERE  `e`.`qrcode_id` = '7205' [ RunTime:0.000716s ]
[2023-02-06T20:08:55+08:00][sql] SELECT `e`.`id`,`e`.`avatar`,`e`.`name`,`e`.`members`,`e`.`qr`,0 price,`e`.`expire_date`,`e`.`joinable_wc`,`e`.`status`,`e`.`reported`,`e`.`add_time`,CONVERT(IF(b.user_id = 1,'1','0'),UNSIGNED) 'bought' FROM `wk_entrance` `e` LEFT JOIN `wk_buy` `b` ON `b`.`entrance_id`=`e`.`id` WHERE  `e`.`qrcode_id` = '7204' [ RunTime:0.000478s ]
[2023-02-06T20:08:55+08:00][sql] SELECT `e`.`id`,`e`.`avatar`,`e`.`name`,`e`.`members`,`e`.`qr`,0 price,`e`.`expire_date`,`e`.`joinable_wc`,`e`.`status`,`e`.`reported`,`e`.`add_time`,CONVERT(IF(b.user_id = 1,'1','0'),UNSIGNED) 'bought' FROM `wk_entrance` `e` LEFT JOIN `wk_buy` `b` ON `b`.`entrance_id`=`e`.`id` WHERE  `e`.`qrcode_id` = '7203' [ RunTime:0.000416s ]
[2023-02-06T20:16:40+08:00][sql] CONNECT:[ UseTime:0.000662s ] mysql:host=127.0.0.1;port=3306;dbname=c2;charset=utf8mb4
[2023-02-06T20:16:40+08:00][sql] SHOW FULL COLUMNS FROM `wk_user` [ RunTime:0.001334s ]
[2023-02-06T20:16:40+08:00][sql] SELECT `id` FROM `wk_user` WHERE  `id` = 1  AND `relogin` = 0 LIMIT 1 [ RunTime:0.000361s ]
[2023-02-06T20:16:40+08:00][sql] SELECT `id`,`username`,`balance`,`score` FROM `wk_user` WHERE  `id` = 1 LIMIT 1 [ RunTime:0.000290s ]
[2023-02-06T20:16:40+08:00][sql] CONNECT:[ UseTime:0.000918s ] mysql:host=127.0.0.1;port=3306;dbname=c2;charset=utf8mb4
[2023-02-06T20:16:40+08:00][sql] SHOW FULL COLUMNS FROM `wk_user` [ RunTime:0.001531s ]
[2023-02-06T20:16:40+08:00][sql] SELECT `id` FROM `wk_user` WHERE  `id` = 1  AND `relogin` = 0 LIMIT 1 [ RunTime:0.000374s ]
[2023-02-06T20:16:40+08:00][sql] SHOW FULL COLUMNS FROM `wk_tag` [ RunTime:0.001030s ]
[2023-02-06T20:16:40+08:00][sql] SELECT `id`,`name` FROM `wk_tag` ORDER BY `id` [ RunTime:0.000309s ]
[2023-02-06T20:16:40+08:00][sql] CONNECT:[ UseTime:0.000863s ] mysql:host=127.0.0.1;port=3306;dbname=c2;charset=utf8mb4
[2023-02-06T20:16:40+08:00][sql] SHOW FULL COLUMNS FROM `wk_user` [ RunTime:0.001245s ]
[2023-02-06T20:16:40+08:00][sql] SELECT `id` FROM `wk_user` WHERE  `id` = 1  AND `relogin` = 0 LIMIT 1 [ RunTime:0.000351s ]
[2023-02-06T20:16:40+08:00][sql] SHOW FULL COLUMNS FROM `wk_qrcode_ref` [ RunTime:0.001113s ]
[2023-02-06T20:16:40+08:00][sql] SELECT COUNT(*) AS think_count FROM ( SELECT ref.id,q.id qrcode_id,q.code,q.company,q.status,q.err_msg,q.add_time,count(*) AS think_count FROM `wk_qrcode_ref` `ref` LEFT JOIN `wk_qrcode` `q` ON `q`.`id`=`ref`.`qrcode_id` WHERE  `ref`.`user_id` = '1' GROUP BY `ref`.`id` ORDER BY `ref`.`id` DESC ) `_group_count_` LIMIT 1 [ RunTime:0.000480s ]
[2023-02-06T20:16:40+08:00][sql] SHOW FULL COLUMNS FROM `wk_setting` [ RunTime:0.001303s ]
[2023-02-06T20:16:40+08:00][sql] SELECT `int_val` FROM `wk_setting` WHERE  `key` = 'qrcode_decode_price' LIMIT 1 [ RunTime:0.000380s ]
[2023-02-06T20:16:40+08:00][sql] SELECT ref.id,q.id qrcode_id,q.code,q.company,q.status,q.err_msg,q.add_time,count(*) AS think_count FROM `wk_qrcode_ref` `ref` LEFT JOIN `wk_qrcode` `q` ON `q`.`id`=`ref`.`qrcode_id` WHERE  `ref`.`user_id` = '1' GROUP BY `ref`.`id` ORDER BY `ref`.`id` DESC LIMIT 0,20 [ RunTime:0.000560s ]
[2023-02-06T20:16:40+08:00][sql] SHOW FULL COLUMNS FROM `wk_entrance` [ RunTime:0.001801s ]
[2023-02-06T20:16:40+08:00][sql] SELECT `e`.`id`,`e`.`avatar`,`e`.`name`,`e`.`members`,`e`.`qr`,0 price,`e`.`expire_date`,`e`.`joinable_wc`,`e`.`status`,`e`.`reported`,`e`.`add_time`,CONVERT(IF(b.user_id = 1,'1','0'),UNSIGNED) 'bought' FROM `wk_entrance` `e` LEFT JOIN `wk_buy` `b` ON `b`.`entrance_id`=`e`.`id` WHERE  `e`.`qrcode_id` = '7222' [ RunTime:0.000735s ]
[2023-02-06T20:16:40+08:00][sql] SELECT `e`.`id`,`e`.`avatar`,`e`.`name`,`e`.`members`,`e`.`qr`,0 price,`e`.`expire_date`,`e`.`joinable_wc`,`e`.`status`,`e`.`reported`,`e`.`add_time`,CONVERT(IF(b.user_id = 1,'1','0'),UNSIGNED) 'bought' FROM `wk_entrance` `e` LEFT JOIN `wk_buy` `b` ON `b`.`entrance_id`=`e`.`id` WHERE  `e`.`qrcode_id` = '7221' [ RunTime:0.000673s ]
[2023-02-06T20:16:40+08:00][sql] SELECT `e`.`id`,`e`.`avatar`,`e`.`name`,`e`.`members`,`e`.`qr`,0 price,`e`.`expire_date`,`e`.`joinable_wc`,`e`.`status`,`e`.`reported`,`e`.`add_time`,CONVERT(IF(b.user_id = 1,'1','0'),UNSIGNED) 'bought' FROM `wk_entrance` `e` LEFT JOIN `wk_buy` `b` ON `b`.`entrance_id`=`e`.`id` WHERE  `e`.`qrcode_id` = '7220' [ RunTime:0.000651s ]
[2023-02-06T20:16:40+08:00][sql] SELECT `e`.`id`,`e`.`avatar`,`e`.`name`,`e`.`members`,`e`.`qr`,0 price,`e`.`expire_date`,`e`.`joinable_wc`,`e`.`status`,`e`.`reported`,`e`.`add_time`,CONVERT(IF(b.user_id = 1,'1','0'),UNSIGNED) 'bought' FROM `wk_entrance` `e` LEFT JOIN `wk_buy` `b` ON `b`.`entrance_id`=`e`.`id` WHERE  `e`.`qrcode_id` = '7219' [ RunTime:0.000477s ]
[2023-02-06T20:16:40+08:00][sql] SELECT `e`.`id`,`e`.`avatar`,`e`.`name`,`e`.`members`,`e`.`qr`,0 price,`e`.`expire_date`,`e`.`joinable_wc`,`e`.`status`,`e`.`reported`,`e`.`add_time`,CONVERT(IF(b.user_id = 1,'1','0'),UNSIGNED) 'bought' FROM `wk_entrance` `e` LEFT JOIN `wk_buy` `b` ON `b`.`entrance_id`=`e`.`id` WHERE  `e`.`qrcode_id` = '7218' [ RunTime:0.000535s ]
[2023-02-06T20:16:40+08:00][sql] SELECT `e`.`id`,`e`.`avatar`,`e`.`name`,`e`.`members`,`e`.`qr`,0 price,`e`.`expire_date`,`e`.`joinable_wc`,`e`.`status`,`e`.`reported`,`e`.`add_time`,CONVERT(IF(b.user_id = 1,'1','0'),UNSIGNED) 'bought' FROM `wk_entrance` `e` LEFT JOIN `wk_buy` `b` ON `b`.`entrance_id`=`e`.`id` WHERE  `e`.`qrcode_id` = '7217' [ RunTime:0.000941s ]
[2023-02-06T20:16:40+08:00][sql] SELECT `e`.`id`,`e`.`avatar`,`e`.`name`,`e`.`members`,`e`.`qr`,0 price,`e`.`expire_date`,`e`.`joinable_wc`,`e`.`status`,`e`.`reported`,`e`.`add_time`,CONVERT(IF(b.user_id = 1,'1','0'),UNSIGNED) 'bought' FROM `wk_entrance` `e` LEFT JOIN `wk_buy` `b` ON `b`.`entrance_id`=`e`.`id` WHERE  `e`.`qrcode_id` = '7216' [ RunTime:0.000659s ]
[2023-02-06T20:16:40+08:00][sql] SELECT `e`.`id`,`e`.`avatar`,`e`.`name`,`e`.`members`,`e`.`qr`,0 price,`e`.`expire_date`,`e`.`joinable_wc`,`e`.`status`,`e`.`reported`,`e`.`add_time`,CONVERT(IF(b.user_id = 1,'1','0'),UNSIGNED) 'bought' FROM `wk_entrance` `e` LEFT JOIN `wk_buy` `b` ON `b`.`entrance_id`=`e`.`id` WHERE  `e`.`qrcode_id` = '7215' [ RunTime:0.000743s ]
[2023-02-06T20:16:40+08:00][sql] SELECT `e`.`id`,`e`.`avatar`,`e`.`name`,`e`.`members`,`e`.`qr`,0 price,`e`.`expire_date`,`e`.`joinable_wc`,`e`.`status`,`e`.`reported`,`e`.`add_time`,CONVERT(IF(b.user_id = 1,'1','0'),UNSIGNED) 'bought' FROM `wk_entrance` `e` LEFT JOIN `wk_buy` `b` ON `b`.`entrance_id`=`e`.`id` WHERE  `e`.`qrcode_id` = '7214' [ RunTime:0.000511s ]
[2023-02-06T20:16:40+08:00][sql] SELECT `e`.`id`,`e`.`avatar`,`e`.`name`,`e`.`members`,`e`.`qr`,0 price,`e`.`expire_date`,`e`.`joinable_wc`,`e`.`status`,`e`.`reported`,`e`.`add_time`,CONVERT(IF(b.user_id = 1,'1','0'),UNSIGNED) 'bought' FROM `wk_entrance` `e` LEFT JOIN `wk_buy` `b` ON `b`.`entrance_id`=`e`.`id` WHERE  `e`.`qrcode_id` = '7213' [ RunTime:0.000528s ]
[2023-02-06T20:16:40+08:00][sql] SELECT `e`.`id`,`e`.`avatar`,`e`.`name`,`e`.`members`,`e`.`qr`,0 price,`e`.`expire_date`,`e`.`joinable_wc`,`e`.`status`,`e`.`reported`,`e`.`add_time`,CONVERT(IF(b.user_id = 1,'1','0'),UNSIGNED) 'bought' FROM `wk_entrance` `e` LEFT JOIN `wk_buy` `b` ON `b`.`entrance_id`=`e`.`id` WHERE  `e`.`qrcode_id` = '7212' [ RunTime:0.000468s ]
[2023-02-06T20:16:40+08:00][sql] SELECT `e`.`id`,`e`.`avatar`,`e`.`name`,`e`.`members`,`e`.`qr`,0 price,`e`.`expire_date`,`e`.`joinable_wc`,`e`.`status`,`e`.`reported`,`e`.`add_time`,CONVERT(IF(b.user_id = 1,'1','0'),UNSIGNED) 'bought' FROM `wk_entrance` `e` LEFT JOIN `wk_buy` `b` ON `b`.`entrance_id`=`e`.`id` WHERE  `e`.`qrcode_id` = '7211' [ RunTime:0.000447s ]
[2023-02-06T20:16:40+08:00][sql] SELECT `e`.`id`,`e`.`avatar`,`e`.`name`,`e`.`members`,`e`.`qr`,0 price,`e`.`expire_date`,`e`.`joinable_wc`,`e`.`status`,`e`.`reported`,`e`.`add_time`,CONVERT(IF(b.user_id = 1,'1','0'),UNSIGNED) 'bought' FROM `wk_entrance` `e` LEFT JOIN `wk_buy` `b` ON `b`.`entrance_id`=`e`.`id` WHERE  `e`.`qrcode_id` = '7210' [ RunTime:0.000451s ]
[2023-02-06T20:16:40+08:00][sql] SELECT `e`.`id`,`e`.`avatar`,`e`.`name`,`e`.`members`,`e`.`qr`,0 price,`e`.`expire_date`,`e`.`joinable_wc`,`e`.`status`,`e`.`reported`,`e`.`add_time`,CONVERT(IF(b.user_id = 1,'1','0'),UNSIGNED) 'bought' FROM `wk_entrance` `e` LEFT JOIN `wk_buy` `b` ON `b`.`entrance_id`=`e`.`id` WHERE  `e`.`qrcode_id` = '7209' [ RunTime:0.001453s ]
[2023-02-06T20:16:40+08:00][sql] SELECT `e`.`id`,`e`.`avatar`,`e`.`name`,`e`.`members`,`e`.`qr`,0 price,`e`.`expire_date`,`e`.`joinable_wc`,`e`.`status`,`e`.`reported`,`e`.`add_time`,CONVERT(IF(b.user_id = 1,'1','0'),UNSIGNED) 'bought' FROM `wk_entrance` `e` LEFT JOIN `wk_buy` `b` ON `b`.`entrance_id`=`e`.`id` WHERE  `e`.`qrcode_id` = '7208' [ RunTime:0.000884s ]
[2023-02-06T20:16:40+08:00][sql] SELECT `e`.`id`,`e`.`avatar`,`e`.`name`,`e`.`members`,`e`.`qr`,0 price,`e`.`expire_date`,`e`.`joinable_wc`,`e`.`status`,`e`.`reported`,`e`.`add_time`,CONVERT(IF(b.user_id = 1,'1','0'),UNSIGNED) 'bought' FROM `wk_entrance` `e` LEFT JOIN `wk_buy` `b` ON `b`.`entrance_id`=`e`.`id` WHERE  `e`.`qrcode_id` = '7207' [ RunTime:0.000635s ]
[2023-02-06T20:16:40+08:00][sql] SELECT `e`.`id`,`e`.`avatar`,`e`.`name`,`e`.`members`,`e`.`qr`,0 price,`e`.`expire_date`,`e`.`joinable_wc`,`e`.`status`,`e`.`reported`,`e`.`add_time`,CONVERT(IF(b.user_id = 1,'1','0'),UNSIGNED) 'bought' FROM `wk_entrance` `e` LEFT JOIN `wk_buy` `b` ON `b`.`entrance_id`=`e`.`id` WHERE  `e`.`qrcode_id` = '7206' [ RunTime:0.001209s ]
[2023-02-06T20:16:40+08:00][sql] SELECT `e`.`id`,`e`.`avatar`,`e`.`name`,`e`.`members`,`e`.`qr`,0 price,`e`.`expire_date`,`e`.`joinable_wc`,`e`.`status`,`e`.`reported`,`e`.`add_time`,CONVERT(IF(b.user_id = 1,'1','0'),UNSIGNED) 'bought' FROM `wk_entrance` `e` LEFT JOIN `wk_buy` `b` ON `b`.`entrance_id`=`e`.`id` WHERE  `e`.`qrcode_id` = '7205' [ RunTime:0.000842s ]
[2023-02-06T20:16:40+08:00][sql] SELECT `e`.`id`,`e`.`avatar`,`e`.`name`,`e`.`members`,`e`.`qr`,0 price,`e`.`expire_date`,`e`.`joinable_wc`,`e`.`status`,`e`.`reported`,`e`.`add_time`,CONVERT(IF(b.user_id = 1,'1','0'),UNSIGNED) 'bought' FROM `wk_entrance` `e` LEFT JOIN `wk_buy` `b` ON `b`.`entrance_id`=`e`.`id` WHERE  `e`.`qrcode_id` = '7204' [ RunTime:0.000464s ]
[2023-02-06T20:16:40+08:00][sql] SELECT `e`.`id`,`e`.`avatar`,`e`.`name`,`e`.`members`,`e`.`qr`,0 price,`e`.`expire_date`,`e`.`joinable_wc`,`e`.`status`,`e`.`reported`,`e`.`add_time`,CONVERT(IF(b.user_id = 1,'1','0'),UNSIGNED) 'bought' FROM `wk_entrance` `e` LEFT JOIN `wk_buy` `b` ON `b`.`entrance_id`=`e`.`id` WHERE  `e`.`qrcode_id` = '7203' [ RunTime:0.000610s ]
