[2023-02-07T16:29:14+08:00][sql] CONNECT:[ UseTime:0.003220s ] mysql:host=127.0.0.1;port=3306;dbname=c2;charset=utf8mb4
[2023-02-07T16:29:14+08:00][sql] SHOW FULL COLUMNS FROM `wk_user` [ RunTime:0.004671s ]
[2023-02-07T16:29:14+08:00][sql] SELECT `id` FROM `wk_user` WHERE  `id` = 1  AND `relogin` = 0 LIMIT 1 [ RunTime:0.000661s ]
[2023-02-07T16:29:14+08:00][sql] SELECT `id`,`username`,`balance`,`score` FROM `wk_user` WHERE  `id` = 1 LIMIT 1 [ RunTime:0.000480s ]
[2023-02-07T16:29:15+08:00][sql] CONNECT:[ UseTime:0.003118s ] mysql:host=127.0.0.1;port=3306;dbname=c2;charset=utf8mb4
[2023-02-07T16:29:15+08:00][sql] SHOW FULL COLUMNS FROM `wk_user` [ RunTime:0.004155s ]
[2023-02-07T16:29:15+08:00][sql] SELECT `id` FROM `wk_user` WHERE  `id` = 1  AND `relogin` = 0 LIMIT 1 [ RunTime:0.000887s ]
[2023-02-07T16:29:15+08:00][sql] SHOW FULL COLUMNS FROM `wk_tag` [ RunTime:0.003289s ]
[2023-02-07T16:29:15+08:00][sql] SELECT `id`,`name` FROM `wk_tag` ORDER BY `id` [ RunTime:0.000433s ]
[2023-02-07T16:29:15+08:00][sql] CONNECT:[ UseTime:0.001301s ] mysql:host=127.0.0.1;port=3306;dbname=c2;charset=utf8mb4
[2023-02-07T16:29:15+08:00][sql] SHOW FULL COLUMNS FROM `wk_user` [ RunTime:0.002534s ]
[2023-02-07T16:29:15+08:00][sql] SELECT `id` FROM `wk_user` WHERE  `id` = 1  AND `relogin` = 0 LIMIT 1 [ RunTime:0.000587s ]
[2023-02-07T16:29:15+08:00][sql] SHOW FULL COLUMNS FROM `wk_qrcode_ref` [ RunTime:0.001319s ]
[2023-02-07T16:29:15+08:00][sql] SELECT COUNT(*) AS think_count FROM ( SELECT ref.id,q.id qrcode_id,q.code,q.company,q.status,q.err_msg,q.add_time,count(*) AS think_count FROM `wk_qrcode_ref` `ref` LEFT JOIN `wk_qrcode` `q` ON `q`.`id`=`ref`.`qrcode_id` WHERE  `ref`.`user_id` = '1' GROUP BY `ref`.`id` ORDER BY `ref`.`id` DESC ) `_group_count_` LIMIT 1 [ RunTime:0.000869s ]
[2023-02-07T16:29:15+08:00][sql] SHOW FULL COLUMNS FROM `wk_setting` [ RunTime:0.001182s ]
[2023-02-07T16:29:15+08:00][sql] SELECT `int_val` FROM `wk_setting` WHERE  `key` = 'qrcode_decode_price' LIMIT 1 [ RunTime:0.000363s ]
[2023-02-07T16:29:15+08:00][sql] SELECT ref.id,q.id qrcode_id,q.code,q.company,q.status,q.err_msg,q.add_time,count(*) AS think_count FROM `wk_qrcode_ref` `ref` LEFT JOIN `wk_qrcode` `q` ON `q`.`id`=`ref`.`qrcode_id` WHERE  `ref`.`user_id` = '1' GROUP BY `ref`.`id` ORDER BY `ref`.`id` DESC LIMIT 0,20 [ RunTime:0.000514s ]
[2023-02-07T16:29:15+08:00][sql] SHOW FULL COLUMNS FROM `wk_entrance` [ RunTime:0.001825s ]
[2023-02-07T16:29:15+08:00][sql] SELECT `e`.`id`,`e`.`avatar`,`e`.`name`,`e`.`members`,`e`.`qr`,0 price,`e`.`expire_date`,`e`.`joinable_wc`,`e`.`status`,`e`.`reported`,`e`.`add_time`,CONVERT(IF(b.user_id = 1,'1','0'),UNSIGNED) 'bought' FROM `wk_entrance` `e` LEFT JOIN `wk_buy` `b` ON `b`.`entrance_id`=`e`.`id` WHERE  `e`.`qrcode_id` = '7222' [ RunTime:0.000900s ]
[2023-02-07T16:29:15+08:00][sql] SELECT `e`.`id`,`e`.`avatar`,`e`.`name`,`e`.`members`,`e`.`qr`,0 price,`e`.`expire_date`,`e`.`joinable_wc`,`e`.`status`,`e`.`reported`,`e`.`add_time`,CONVERT(IF(b.user_id = 1,'1','0'),UNSIGNED) 'bought' FROM `wk_entrance` `e` LEFT JOIN `wk_buy` `b` ON `b`.`entrance_id`=`e`.`id` WHERE  `e`.`qrcode_id` = '7221' [ RunTime:0.000966s ]
[2023-02-07T16:29:15+08:00][sql] SELECT `e`.`id`,`e`.`avatar`,`e`.`name`,`e`.`members`,`e`.`qr`,0 price,`e`.`expire_date`,`e`.`joinable_wc`,`e`.`status`,`e`.`reported`,`e`.`add_time`,CONVERT(IF(b.user_id = 1,'1','0'),UNSIGNED) 'bought' FROM `wk_entrance` `e` LEFT JOIN `wk_buy` `b` ON `b`.`entrance_id`=`e`.`id` WHERE  `e`.`qrcode_id` = '7220' [ RunTime:0.000967s ]
[2023-02-07T16:29:15+08:00][sql] SELECT `e`.`id`,`e`.`avatar`,`e`.`name`,`e`.`members`,`e`.`qr`,0 price,`e`.`expire_date`,`e`.`joinable_wc`,`e`.`status`,`e`.`reported`,`e`.`add_time`,CONVERT(IF(b.user_id = 1,'1','0'),UNSIGNED) 'bought' FROM `wk_entrance` `e` LEFT JOIN `wk_buy` `b` ON `b`.`entrance_id`=`e`.`id` WHERE  `e`.`qrcode_id` = '7219' [ RunTime:0.000947s ]
[2023-02-07T16:29:15+08:00][sql] SELECT `e`.`id`,`e`.`avatar`,`e`.`name`,`e`.`members`,`e`.`qr`,0 price,`e`.`expire_date`,`e`.`joinable_wc`,`e`.`status`,`e`.`reported`,`e`.`add_time`,CONVERT(IF(b.user_id = 1,'1','0'),UNSIGNED) 'bought' FROM `wk_entrance` `e` LEFT JOIN `wk_buy` `b` ON `b`.`entrance_id`=`e`.`id` WHERE  `e`.`qrcode_id` = '7218' [ RunTime:0.000504s ]
[2023-02-07T16:29:15+08:00][sql] SELECT `e`.`id`,`e`.`avatar`,`e`.`name`,`e`.`members`,`e`.`qr`,0 price,`e`.`expire_date`,`e`.`joinable_wc`,`e`.`status`,`e`.`reported`,`e`.`add_time`,CONVERT(IF(b.user_id = 1,'1','0'),UNSIGNED) 'bought' FROM `wk_entrance` `e` LEFT JOIN `wk_buy` `b` ON `b`.`entrance_id`=`e`.`id` WHERE  `e`.`qrcode_id` = '7217' [ RunTime:0.000468s ]
[2023-02-07T16:29:15+08:00][sql] SELECT `e`.`id`,`e`.`avatar`,`e`.`name`,`e`.`members`,`e`.`qr`,0 price,`e`.`expire_date`,`e`.`joinable_wc`,`e`.`status`,`e`.`reported`,`e`.`add_time`,CONVERT(IF(b.user_id = 1,'1','0'),UNSIGNED) 'bought' FROM `wk_entrance` `e` LEFT JOIN `wk_buy` `b` ON `b`.`entrance_id`=`e`.`id` WHERE  `e`.`qrcode_id` = '7216' [ RunTime:0.000559s ]
[2023-02-07T16:29:15+08:00][sql] SELECT `e`.`id`,`e`.`avatar`,`e`.`name`,`e`.`members`,`e`.`qr`,0 price,`e`.`expire_date`,`e`.`joinable_wc`,`e`.`status`,`e`.`reported`,`e`.`add_time`,CONVERT(IF(b.user_id = 1,'1','0'),UNSIGNED) 'bought' FROM `wk_entrance` `e` LEFT JOIN `wk_buy` `b` ON `b`.`entrance_id`=`e`.`id` WHERE  `e`.`qrcode_id` = '7215' [ RunTime:0.001575s ]
[2023-02-07T16:29:15+08:00][sql] SELECT `e`.`id`,`e`.`avatar`,`e`.`name`,`e`.`members`,`e`.`qr`,0 price,`e`.`expire_date`,`e`.`joinable_wc`,`e`.`status`,`e`.`reported`,`e`.`add_time`,CONVERT(IF(b.user_id = 1,'1','0'),UNSIGNED) 'bought' FROM `wk_entrance` `e` LEFT JOIN `wk_buy` `b` ON `b`.`entrance_id`=`e`.`id` WHERE  `e`.`qrcode_id` = '7214' [ RunTime:0.001029s ]
[2023-02-07T16:29:15+08:00][sql] SELECT `e`.`id`,`e`.`avatar`,`e`.`name`,`e`.`members`,`e`.`qr`,0 price,`e`.`expire_date`,`e`.`joinable_wc`,`e`.`status`,`e`.`reported`,`e`.`add_time`,CONVERT(IF(b.user_id = 1,'1','0'),UNSIGNED) 'bought' FROM `wk_entrance` `e` LEFT JOIN `wk_buy` `b` ON `b`.`entrance_id`=`e`.`id` WHERE  `e`.`qrcode_id` = '7213' [ RunTime:0.002096s ]
[2023-02-07T16:29:15+08:00][sql] SELECT `e`.`id`,`e`.`avatar`,`e`.`name`,`e`.`members`,`e`.`qr`,0 price,`e`.`expire_date`,`e`.`joinable_wc`,`e`.`status`,`e`.`reported`,`e`.`add_time`,CONVERT(IF(b.user_id = 1,'1','0'),UNSIGNED) 'bought' FROM `wk_entrance` `e` LEFT JOIN `wk_buy` `b` ON `b`.`entrance_id`=`e`.`id` WHERE  `e`.`qrcode_id` = '7212' [ RunTime:0.000821s ]
[2023-02-07T16:29:15+08:00][sql] SELECT `e`.`id`,`e`.`avatar`,`e`.`name`,`e`.`members`,`e`.`qr`,0 price,`e`.`expire_date`,`e`.`joinable_wc`,`e`.`status`,`e`.`reported`,`e`.`add_time`,CONVERT(IF(b.user_id = 1,'1','0'),UNSIGNED) 'bought' FROM `wk_entrance` `e` LEFT JOIN `wk_buy` `b` ON `b`.`entrance_id`=`e`.`id` WHERE  `e`.`qrcode_id` = '7211' [ RunTime:0.000577s ]
[2023-02-07T16:29:15+08:00][sql] SELECT `e`.`id`,`e`.`avatar`,`e`.`name`,`e`.`members`,`e`.`qr`,0 price,`e`.`expire_date`,`e`.`joinable_wc`,`e`.`status`,`e`.`reported`,`e`.`add_time`,CONVERT(IF(b.user_id = 1,'1','0'),UNSIGNED) 'bought' FROM `wk_entrance` `e` LEFT JOIN `wk_buy` `b` ON `b`.`entrance_id`=`e`.`id` WHERE  `e`.`qrcode_id` = '7210' [ RunTime:0.000436s ]
[2023-02-07T16:29:15+08:00][sql] SELECT `e`.`id`,`e`.`avatar`,`e`.`name`,`e`.`members`,`e`.`qr`,0 price,`e`.`expire_date`,`e`.`joinable_wc`,`e`.`status`,`e`.`reported`,`e`.`add_time`,CONVERT(IF(b.user_id = 1,'1','0'),UNSIGNED) 'bought' FROM `wk_entrance` `e` LEFT JOIN `wk_buy` `b` ON `b`.`entrance_id`=`e`.`id` WHERE  `e`.`qrcode_id` = '7209' [ RunTime:0.000430s ]
[2023-02-07T16:29:15+08:00][sql] SELECT `e`.`id`,`e`.`avatar`,`e`.`name`,`e`.`members`,`e`.`qr`,0 price,`e`.`expire_date`,`e`.`joinable_wc`,`e`.`status`,`e`.`reported`,`e`.`add_time`,CONVERT(IF(b.user_id = 1,'1','0'),UNSIGNED) 'bought' FROM `wk_entrance` `e` LEFT JOIN `wk_buy` `b` ON `b`.`entrance_id`=`e`.`id` WHERE  `e`.`qrcode_id` = '7208' [ RunTime:0.000446s ]
[2023-02-07T16:29:15+08:00][sql] SELECT `e`.`id`,`e`.`avatar`,`e`.`name`,`e`.`members`,`e`.`qr`,0 price,`e`.`expire_date`,`e`.`joinable_wc`,`e`.`status`,`e`.`reported`,`e`.`add_time`,CONVERT(IF(b.user_id = 1,'1','0'),UNSIGNED) 'bought' FROM `wk_entrance` `e` LEFT JOIN `wk_buy` `b` ON `b`.`entrance_id`=`e`.`id` WHERE  `e`.`qrcode_id` = '7207' [ RunTime:0.000575s ]
[2023-02-07T16:29:15+08:00][sql] SELECT `e`.`id`,`e`.`avatar`,`e`.`name`,`e`.`members`,`e`.`qr`,0 price,`e`.`expire_date`,`e`.`joinable_wc`,`e`.`status`,`e`.`reported`,`e`.`add_time`,CONVERT(IF(b.user_id = 1,'1','0'),UNSIGNED) 'bought' FROM `wk_entrance` `e` LEFT JOIN `wk_buy` `b` ON `b`.`entrance_id`=`e`.`id` WHERE  `e`.`qrcode_id` = '7206' [ RunTime:0.000491s ]
[2023-02-07T16:29:15+08:00][sql] SELECT `e`.`id`,`e`.`avatar`,`e`.`name`,`e`.`members`,`e`.`qr`,0 price,`e`.`expire_date`,`e`.`joinable_wc`,`e`.`status`,`e`.`reported`,`e`.`add_time`,CONVERT(IF(b.user_id = 1,'1','0'),UNSIGNED) 'bought' FROM `wk_entrance` `e` LEFT JOIN `wk_buy` `b` ON `b`.`entrance_id`=`e`.`id` WHERE  `e`.`qrcode_id` = '7205' [ RunTime:0.000401s ]
[2023-02-07T16:29:15+08:00][sql] SELECT `e`.`id`,`e`.`avatar`,`e`.`name`,`e`.`members`,`e`.`qr`,0 price,`e`.`expire_date`,`e`.`joinable_wc`,`e`.`status`,`e`.`reported`,`e`.`add_time`,CONVERT(IF(b.user_id = 1,'1','0'),UNSIGNED) 'bought' FROM `wk_entrance` `e` LEFT JOIN `wk_buy` `b` ON `b`.`entrance_id`=`e`.`id` WHERE  `e`.`qrcode_id` = '7204' [ RunTime:0.000386s ]
[2023-02-07T16:29:15+08:00][sql] SELECT `e`.`id`,`e`.`avatar`,`e`.`name`,`e`.`members`,`e`.`qr`,0 price,`e`.`expire_date`,`e`.`joinable_wc`,`e`.`status`,`e`.`reported`,`e`.`add_time`,CONVERT(IF(b.user_id = 1,'1','0'),UNSIGNED) 'bought' FROM `wk_entrance` `e` LEFT JOIN `wk_buy` `b` ON `b`.`entrance_id`=`e`.`id` WHERE  `e`.`qrcode_id` = '7203' [ RunTime:0.000365s ]
