[2023-02-09T19:17:31+08:00][sql] CONNECT:[ UseTime:0.021820s ] mysql:host=127.0.0.1;port=3306;dbname=c2;charset=utf8mb4
[2023-02-09T19:17:31+08:00][sql] SHOW FULL COLUMNS FROM `wk_user` [ RunTime:0.000880s ]
[2023-02-09T19:17:31+08:00][sql] SELECT `id`,`username`,`name`,`enable` FROM `wk_user` WHERE  `username` = 'zhizun'  AND `password` = '18654b2cd47d004109ca5ee404e002a3' LIMIT 1 [ RunTime:0.001842s ]
[2023-02-09T19:17:31+08:00][sql] UPDATE `wk_user`  SET `relogin` = 0  WHERE  `id` = 1 [ RunTime:0.003714s ]
[2023-02-09T19:17:31+08:00][sql] CONNECT:[ UseTime:0.001288s ] mysql:host=127.0.0.1;port=3306;dbname=c2;charset=utf8mb4
[2023-02-09T19:17:31+08:00][sql] SHOW FULL COLUMNS FROM `wk_user` [ RunTime:0.003369s ]
[2023-02-09T19:17:31+08:00][sql] SELECT `id` FROM `wk_user` WHERE  `id` = 1  AND `relogin` = 0 LIMIT 1 [ RunTime:0.000320s ]
[2023-02-09T19:17:31+08:00][sql] SELECT `id`,`username`,`balance`,`score` FROM `wk_user` WHERE  `id` = 1 LIMIT 1 [ RunTime:0.000190s ]
[2023-02-09T19:17:31+08:00][sql] CONNECT:[ UseTime:0.000647s ] mysql:host=127.0.0.1;port=3306;dbname=c2;charset=utf8mb4
[2023-02-09T19:17:31+08:00][sql] SHOW FULL COLUMNS FROM `wk_user` [ RunTime:0.001798s ]
[2023-02-09T19:17:31+08:00][sql] SELECT `id` FROM `wk_user` WHERE  `id` = 1  AND `relogin` = 0 LIMIT 1 [ RunTime:0.000268s ]
[2023-02-09T19:17:31+08:00][sql] SHOW FULL COLUMNS FROM `wk_tag` [ RunTime:0.000688s ]
[2023-02-09T19:17:31+08:00][sql] SELECT `id`,`name` FROM `wk_tag` ORDER BY `id` [ RunTime:0.000193s ]
[2023-02-09T19:17:31+08:00][sql] CONNECT:[ UseTime:0.000691s ] mysql:host=127.0.0.1;port=3306;dbname=c2;charset=utf8mb4
[2023-02-09T19:17:31+08:00][sql] SHOW FULL COLUMNS FROM `wk_user` [ RunTime:0.001212s ]
[2023-02-09T19:17:31+08:00][sql] SELECT `id` FROM `wk_user` WHERE  `id` = 1  AND `relogin` = 0 LIMIT 1 [ RunTime:0.000220s ]
[2023-02-09T19:17:31+08:00][sql] SHOW FULL COLUMNS FROM `wk_qrcode_ref` [ RunTime:0.001080s ]
[2023-02-09T19:17:31+08:00][sql] SELECT COUNT(*) AS think_count FROM ( SELECT ref.id,q.id qrcode_id,q.code,q.company,q.status,q.err_msg,q.add_time,count(*) AS think_count FROM `wk_qrcode_ref` `ref` LEFT JOIN `wk_qrcode` `q` ON `q`.`id`=`ref`.`qrcode_id` WHERE  `ref`.`user_id` = '1' GROUP BY `ref`.`id` ORDER BY `ref`.`id` DESC ) `_group_count_` LIMIT 1 [ RunTime:0.097865s ]
[2023-02-09T19:17:31+08:00][sql] SHOW FULL COLUMNS FROM `wk_setting` [ RunTime:0.000751s ]
[2023-02-09T19:17:31+08:00][sql] SELECT `int_val` FROM `wk_setting` WHERE  `key` = 'qrcode_decode_price' LIMIT 1 [ RunTime:0.000208s ]
[2023-02-09T19:17:31+08:00][sql] SELECT ref.id,q.id qrcode_id,q.code,q.company,q.status,q.err_msg,q.add_time,count(*) AS think_count FROM `wk_qrcode_ref` `ref` LEFT JOIN `wk_qrcode` `q` ON `q`.`id`=`ref`.`qrcode_id` WHERE  `ref`.`user_id` = '1' GROUP BY `ref`.`id` ORDER BY `ref`.`id` DESC LIMIT 0,20 [ RunTime:0.000454s ]
[2023-02-09T19:17:31+08:00][sql] SHOW FULL COLUMNS FROM `wk_entrance` [ RunTime:0.000581s ]
[2023-02-09T19:17:31+08:00][sql] SELECT `e`.`id`,`e`.`avatar`,`e`.`name`,`e`.`members`,`e`.`qr`,0 price,`e`.`expire_date`,`e`.`joinable_wc`,`e`.`status`,`e`.`reported`,`e`.`add_time`,CONVERT(IF(b.user_id = 1,'1','0'),UNSIGNED) 'bought' FROM `wk_entrance` `e` LEFT JOIN `wk_buy` `b` ON `b`.`entrance_id`=`e`.`id` WHERE  `e`.`qrcode_id` = '7222' [ RunTime:0.002943s ]
[2023-02-09T19:17:31+08:00][sql] SELECT `e`.`id`,`e`.`avatar`,`e`.`name`,`e`.`members`,`e`.`qr`,0 price,`e`.`expire_date`,`e`.`joinable_wc`,`e`.`status`,`e`.`reported`,`e`.`add_time`,CONVERT(IF(b.user_id = 1,'1','0'),UNSIGNED) 'bought' FROM `wk_entrance` `e` LEFT JOIN `wk_buy` `b` ON `b`.`entrance_id`=`e`.`id` WHERE  `e`.`qrcode_id` = '7221' [ RunTime:0.001751s ]
[2023-02-09T19:17:31+08:00][sql] SELECT `e`.`id`,`e`.`avatar`,`e`.`name`,`e`.`members`,`e`.`qr`,0 price,`e`.`expire_date`,`e`.`joinable_wc`,`e`.`status`,`e`.`reported`,`e`.`add_time`,CONVERT(IF(b.user_id = 1,'1','0'),UNSIGNED) 'bought' FROM `wk_entrance` `e` LEFT JOIN `wk_buy` `b` ON `b`.`entrance_id`=`e`.`id` WHERE  `e`.`qrcode_id` = '7220' [ RunTime:0.001092s ]
[2023-02-09T19:17:31+08:00][sql] SELECT `e`.`id`,`e`.`avatar`,`e`.`name`,`e`.`members`,`e`.`qr`,0 price,`e`.`expire_date`,`e`.`joinable_wc`,`e`.`status`,`e`.`reported`,`e`.`add_time`,CONVERT(IF(b.user_id = 1,'1','0'),UNSIGNED) 'bought' FROM `wk_entrance` `e` LEFT JOIN `wk_buy` `b` ON `b`.`entrance_id`=`e`.`id` WHERE  `e`.`qrcode_id` = '7219' [ RunTime:0.000565s ]
[2023-02-09T19:17:31+08:00][sql] SELECT `e`.`id`,`e`.`avatar`,`e`.`name`,`e`.`members`,`e`.`qr`,0 price,`e`.`expire_date`,`e`.`joinable_wc`,`e`.`status`,`e`.`reported`,`e`.`add_time`,CONVERT(IF(b.user_id = 1,'1','0'),UNSIGNED) 'bought' FROM `wk_entrance` `e` LEFT JOIN `wk_buy` `b` ON `b`.`entrance_id`=`e`.`id` WHERE  `e`.`qrcode_id` = '7218' [ RunTime:0.000356s ]
[2023-02-09T19:17:31+08:00][sql] SELECT `e`.`id`,`e`.`avatar`,`e`.`name`,`e`.`members`,`e`.`qr`,0 price,`e`.`expire_date`,`e`.`joinable_wc`,`e`.`status`,`e`.`reported`,`e`.`add_time`,CONVERT(IF(b.user_id = 1,'1','0'),UNSIGNED) 'bought' FROM `wk_entrance` `e` LEFT JOIN `wk_buy` `b` ON `b`.`entrance_id`=`e`.`id` WHERE  `e`.`qrcode_id` = '7217' [ RunTime:0.002642s ]
[2023-02-09T19:17:31+08:00][sql] SELECT `e`.`id`,`e`.`avatar`,`e`.`name`,`e`.`members`,`e`.`qr`,0 price,`e`.`expire_date`,`e`.`joinable_wc`,`e`.`status`,`e`.`reported`,`e`.`add_time`,CONVERT(IF(b.user_id = 1,'1','0'),UNSIGNED) 'bought' FROM `wk_entrance` `e` LEFT JOIN `wk_buy` `b` ON `b`.`entrance_id`=`e`.`id` WHERE  `e`.`qrcode_id` = '7216' [ RunTime:0.000398s ]
[2023-02-09T19:17:31+08:00][sql] SELECT `e`.`id`,`e`.`avatar`,`e`.`name`,`e`.`members`,`e`.`qr`,0 price,`e`.`expire_date`,`e`.`joinable_wc`,`e`.`status`,`e`.`reported`,`e`.`add_time`,CONVERT(IF(b.user_id = 1,'1','0'),UNSIGNED) 'bought' FROM `wk_entrance` `e` LEFT JOIN `wk_buy` `b` ON `b`.`entrance_id`=`e`.`id` WHERE  `e`.`qrcode_id` = '7215' [ RunTime:0.001029s ]
[2023-02-09T19:17:31+08:00][sql] SELECT `e`.`id`,`e`.`avatar`,`e`.`name`,`e`.`members`,`e`.`qr`,0 price,`e`.`expire_date`,`e`.`joinable_wc`,`e`.`status`,`e`.`reported`,`e`.`add_time`,CONVERT(IF(b.user_id = 1,'1','0'),UNSIGNED) 'bought' FROM `wk_entrance` `e` LEFT JOIN `wk_buy` `b` ON `b`.`entrance_id`=`e`.`id` WHERE  `e`.`qrcode_id` = '7214' [ RunTime:0.002284s ]
[2023-02-09T19:17:31+08:00][sql] SELECT `e`.`id`,`e`.`avatar`,`e`.`name`,`e`.`members`,`e`.`qr`,0 price,`e`.`expire_date`,`e`.`joinable_wc`,`e`.`status`,`e`.`reported`,`e`.`add_time`,CONVERT(IF(b.user_id = 1,'1','0'),UNSIGNED) 'bought' FROM `wk_entrance` `e` LEFT JOIN `wk_buy` `b` ON `b`.`entrance_id`=`e`.`id` WHERE  `e`.`qrcode_id` = '7213' [ RunTime:0.000570s ]
[2023-02-09T19:17:31+08:00][sql] SELECT `e`.`id`,`e`.`avatar`,`e`.`name`,`e`.`members`,`e`.`qr`,0 price,`e`.`expire_date`,`e`.`joinable_wc`,`e`.`status`,`e`.`reported`,`e`.`add_time`,CONVERT(IF(b.user_id = 1,'1','0'),UNSIGNED) 'bought' FROM `wk_entrance` `e` LEFT JOIN `wk_buy` `b` ON `b`.`entrance_id`=`e`.`id` WHERE  `e`.`qrcode_id` = '7212' [ RunTime:0.000791s ]
[2023-02-09T19:17:31+08:00][sql] SELECT `e`.`id`,`e`.`avatar`,`e`.`name`,`e`.`members`,`e`.`qr`,0 price,`e`.`expire_date`,`e`.`joinable_wc`,`e`.`status`,`e`.`reported`,`e`.`add_time`,CONVERT(IF(b.user_id = 1,'1','0'),UNSIGNED) 'bought' FROM `wk_entrance` `e` LEFT JOIN `wk_buy` `b` ON `b`.`entrance_id`=`e`.`id` WHERE  `e`.`qrcode_id` = '7211' [ RunTime:0.002407s ]
[2023-02-09T19:17:31+08:00][sql] SELECT `e`.`id`,`e`.`avatar`,`e`.`name`,`e`.`members`,`e`.`qr`,0 price,`e`.`expire_date`,`e`.`joinable_wc`,`e`.`status`,`e`.`reported`,`e`.`add_time`,CONVERT(IF(b.user_id = 1,'1','0'),UNSIGNED) 'bought' FROM `wk_entrance` `e` LEFT JOIN `wk_buy` `b` ON `b`.`entrance_id`=`e`.`id` WHERE  `e`.`qrcode_id` = '7210' [ RunTime:0.000864s ]
[2023-02-09T19:17:31+08:00][sql] SELECT `e`.`id`,`e`.`avatar`,`e`.`name`,`e`.`members`,`e`.`qr`,0 price,`e`.`expire_date`,`e`.`joinable_wc`,`e`.`status`,`e`.`reported`,`e`.`add_time`,CONVERT(IF(b.user_id = 1,'1','0'),UNSIGNED) 'bought' FROM `wk_entrance` `e` LEFT JOIN `wk_buy` `b` ON `b`.`entrance_id`=`e`.`id` WHERE  `e`.`qrcode_id` = '7209' [ RunTime:0.000970s ]
[2023-02-09T19:17:31+08:00][sql] SELECT `e`.`id`,`e`.`avatar`,`e`.`name`,`e`.`members`,`e`.`qr`,0 price,`e`.`expire_date`,`e`.`joinable_wc`,`e`.`status`,`e`.`reported`,`e`.`add_time`,CONVERT(IF(b.user_id = 1,'1','0'),UNSIGNED) 'bought' FROM `wk_entrance` `e` LEFT JOIN `wk_buy` `b` ON `b`.`entrance_id`=`e`.`id` WHERE  `e`.`qrcode_id` = '7208' [ RunTime:0.000641s ]
[2023-02-09T19:17:31+08:00][sql] SELECT `e`.`id`,`e`.`avatar`,`e`.`name`,`e`.`members`,`e`.`qr`,0 price,`e`.`expire_date`,`e`.`joinable_wc`,`e`.`status`,`e`.`reported`,`e`.`add_time`,CONVERT(IF(b.user_id = 1,'1','0'),UNSIGNED) 'bought' FROM `wk_entrance` `e` LEFT JOIN `wk_buy` `b` ON `b`.`entrance_id`=`e`.`id` WHERE  `e`.`qrcode_id` = '7207' [ RunTime:0.001949s ]
[2023-02-09T19:17:31+08:00][sql] SELECT `e`.`id`,`e`.`avatar`,`e`.`name`,`e`.`members`,`e`.`qr`,0 price,`e`.`expire_date`,`e`.`joinable_wc`,`e`.`status`,`e`.`reported`,`e`.`add_time`,CONVERT(IF(b.user_id = 1,'1','0'),UNSIGNED) 'bought' FROM `wk_entrance` `e` LEFT JOIN `wk_buy` `b` ON `b`.`entrance_id`=`e`.`id` WHERE  `e`.`qrcode_id` = '7206' [ RunTime:0.000463s ]
[2023-02-09T19:17:31+08:00][sql] SELECT `e`.`id`,`e`.`avatar`,`e`.`name`,`e`.`members`,`e`.`qr`,0 price,`e`.`expire_date`,`e`.`joinable_wc`,`e`.`status`,`e`.`reported`,`e`.`add_time`,CONVERT(IF(b.user_id = 1,'1','0'),UNSIGNED) 'bought' FROM `wk_entrance` `e` LEFT JOIN `wk_buy` `b` ON `b`.`entrance_id`=`e`.`id` WHERE  `e`.`qrcode_id` = '7205' [ RunTime:0.000418s ]
[2023-02-09T19:17:31+08:00][sql] SELECT `e`.`id`,`e`.`avatar`,`e`.`name`,`e`.`members`,`e`.`qr`,0 price,`e`.`expire_date`,`e`.`joinable_wc`,`e`.`status`,`e`.`reported`,`e`.`add_time`,CONVERT(IF(b.user_id = 1,'1','0'),UNSIGNED) 'bought' FROM `wk_entrance` `e` LEFT JOIN `wk_buy` `b` ON `b`.`entrance_id`=`e`.`id` WHERE  `e`.`qrcode_id` = '7204' [ RunTime:0.000842s ]
[2023-02-09T19:17:31+08:00][sql] SELECT `e`.`id`,`e`.`avatar`,`e`.`name`,`e`.`members`,`e`.`qr`,0 price,`e`.`expire_date`,`e`.`joinable_wc`,`e`.`status`,`e`.`reported`,`e`.`add_time`,CONVERT(IF(b.user_id = 1,'1','0'),UNSIGNED) 'bought' FROM `wk_entrance` `e` LEFT JOIN `wk_buy` `b` ON `b`.`entrance_id`=`e`.`id` WHERE  `e`.`qrcode_id` = '7203' [ RunTime:0.000679s ]
[2023-02-09T19:17:32+08:00][sql] CONNECT:[ UseTime:0.000974s ] mysql:host=127.0.0.1;port=3306;dbname=c2;charset=utf8mb4
[2023-02-09T19:17:32+08:00][sql] SHOW FULL COLUMNS FROM `wk_user` [ RunTime:0.001161s ]
[2023-02-09T19:17:32+08:00][sql] SELECT `id` FROM `wk_user` WHERE  `id` = 1  AND `relogin` = 0 LIMIT 1 [ RunTime:0.000290s ]
[2023-02-09T19:17:32+08:00][sql] SHOW FULL COLUMNS FROM `wk_commission` [ RunTime:0.001906s ]
[2023-02-09T19:17:32+08:00][sql] SELECT COUNT(*) AS think_count FROM `wk_commission` WHERE  `invite_user_id` = 1 LIMIT 1 [ RunTime:0.000331s ]
[2023-02-09T19:17:32+08:00][sql] SELECT `buy_user_id`,`pay`,`commission`,`rate`,`add_time` FROM `wk_commission` WHERE  `invite_user_id` = 1 LIMIT 0,20 [ RunTime:0.000234s ]
[2023-02-09T19:17:32+08:00][sql] SELECT `username` FROM `wk_user` WHERE  `id` = 2 LIMIT 1 [ RunTime:0.000466s ]
[2023-02-09T19:17:32+08:00][sql] SELECT `username` FROM `wk_user` WHERE  `id` = 2 LIMIT 1 [ RunTime:0.000140s ]
[2023-02-09T19:17:32+08:00][sql] SELECT `username` FROM `wk_user` WHERE  `id` = 2 LIMIT 1 [ RunTime:0.000155s ]
[2023-02-09T19:17:32+08:00][sql] SELECT `username` FROM `wk_user` WHERE  `id` = 2 LIMIT 1 [ RunTime:0.000130s ]
[2023-02-09T19:17:32+08:00][sql] SELECT `username` FROM `wk_user` WHERE  `id` = 2 LIMIT 1 [ RunTime:0.000125s ]
[2023-02-09T19:17:32+08:00][sql] SELECT `username` FROM `wk_user` WHERE  `id` = 2 LIMIT 1 [ RunTime:0.000126s ]
[2023-02-09T19:17:32+08:00][sql] SELECT `username` FROM `wk_user` WHERE  `id` = 2 LIMIT 1 [ RunTime:0.000132s ]
[2023-02-09T19:17:32+08:00][sql] SELECT `username` FROM `wk_user` WHERE  `id` = 2 LIMIT 1 [ RunTime:0.000129s ]
[2023-02-09T19:17:32+08:00][sql] SELECT `username` FROM `wk_user` WHERE  `id` = 2 LIMIT 1 [ RunTime:0.000171s ]
[2023-02-09T19:17:32+08:00][sql] SELECT `username` FROM `wk_user` WHERE  `id` = 2 LIMIT 1 [ RunTime:0.000139s ]
[2023-02-09T19:17:32+08:00][sql] SELECT `username` FROM `wk_user` WHERE  `id` = 2 LIMIT 1 [ RunTime:0.000199s ]
[2023-02-09T19:17:32+08:00][sql] SELECT `username` FROM `wk_user` WHERE  `id` = 2 LIMIT 1 [ RunTime:0.000286s ]
[2023-02-09T19:17:32+08:00][sql] SELECT `username` FROM `wk_user` WHERE  `id` = 2 LIMIT 1 [ RunTime:0.000477s ]
[2023-02-09T19:17:32+08:00][sql] SELECT `username` FROM `wk_user` WHERE  `id` = 2 LIMIT 1 [ RunTime:0.000249s ]
[2023-02-09T19:17:32+08:00][sql] SELECT `username` FROM `wk_user` WHERE  `id` = 86 LIMIT 1 [ RunTime:0.000198s ]
[2023-02-09T19:17:32+08:00][sql] SELECT `username` FROM `wk_user` WHERE  `id` = 86 LIMIT 1 [ RunTime:0.000163s ]
[2023-02-09T19:17:32+08:00][sql] SELECT `username` FROM `wk_user` WHERE  `id` = 71 LIMIT 1 [ RunTime:0.000146s ]
[2023-02-09T19:17:32+08:00][sql] SELECT `username` FROM `wk_user` WHERE  `id` = 71 LIMIT 1 [ RunTime:0.000157s ]
[2023-02-09T19:17:32+08:00][sql] SELECT `username` FROM `wk_user` WHERE  `id` = 71 LIMIT 1 [ RunTime:0.000133s ]
[2023-02-09T19:17:32+08:00][sql] SELECT `username` FROM `wk_user` WHERE  `id` = 71 LIMIT 1 [ RunTime:0.000141s ]
[2023-02-09T19:17:34+08:00][sql] CONNECT:[ UseTime:0.000692s ] mysql:host=127.0.0.1;port=3306;dbname=c2;charset=utf8mb4
[2023-02-09T19:17:34+08:00][sql] SHOW FULL COLUMNS FROM `wk_user` [ RunTime:0.000915s ]
[2023-02-09T19:17:34+08:00][sql] SELECT `id` FROM `wk_user` WHERE  `id` = 1  AND `relogin` = 0 LIMIT 1 [ RunTime:0.000278s ]
[2023-02-09T19:17:34+08:00][sql] SELECT `outer_id` FROM `wk_user` WHERE  `id` = 1 LIMIT 1 [ RunTime:0.001029s ]
[2023-02-09T19:18:30+08:00][sql] CONNECT:[ UseTime:0.000563s ] mysql:host=127.0.0.1;port=3306;dbname=c2;charset=utf8mb4
[2023-02-09T19:18:30+08:00][sql] SHOW FULL COLUMNS FROM `wk_user` [ RunTime:0.001214s ]
[2023-02-09T19:18:30+08:00][sql] SELECT `id` FROM `wk_user` WHERE  `id` = 1  AND `relogin` = 0 LIMIT 1 [ RunTime:0.000221s ]
[2023-02-09T19:18:30+08:00][sql] SHOW FULL COLUMNS FROM `wk_tag` [ RunTime:0.000563s ]
[2023-02-09T19:18:30+08:00][sql] SELECT `id`,`name` FROM `wk_tag` ORDER BY `id` [ RunTime:0.000270s ]
[2023-02-09T19:18:30+08:00][sql] CONNECT:[ UseTime:0.000563s ] mysql:host=127.0.0.1;port=3306;dbname=c2;charset=utf8mb4
[2023-02-09T19:18:30+08:00][sql] SHOW FULL COLUMNS FROM `wk_user` [ RunTime:0.000773s ]
[2023-02-09T19:18:30+08:00][sql] SELECT `id` FROM `wk_user` WHERE  `id` = 1  AND `relogin` = 0 LIMIT 1 [ RunTime:0.000269s ]
[2023-02-09T19:18:30+08:00][sql] SHOW FULL COLUMNS FROM `wk_qrcode_ref` [ RunTime:0.000690s ]
[2023-02-09T19:18:30+08:00][sql] SELECT COUNT(*) AS think_count FROM ( SELECT ref.id,q.id qrcode_id,q.code,q.company,q.status,q.err_msg,q.add_time,count(*) AS think_count FROM `wk_qrcode_ref` `ref` LEFT JOIN `wk_qrcode` `q` ON `q`.`id`=`ref`.`qrcode_id` WHERE  `ref`.`user_id` = '1' GROUP BY `ref`.`id` ORDER BY `ref`.`id` DESC ) `_group_count_` LIMIT 1 [ RunTime:0.000463s ]
[2023-02-09T19:18:30+08:00][sql] SHOW FULL COLUMNS FROM `wk_setting` [ RunTime:0.000728s ]
[2023-02-09T19:18:30+08:00][sql] SELECT `int_val` FROM `wk_setting` WHERE  `key` = 'qrcode_decode_price' LIMIT 1 [ RunTime:0.000272s ]
[2023-02-09T19:18:30+08:00][sql] SELECT ref.id,q.id qrcode_id,q.code,q.company,q.status,q.err_msg,q.add_time,count(*) AS think_count FROM `wk_qrcode_ref` `ref` LEFT JOIN `wk_qrcode` `q` ON `q`.`id`=`ref`.`qrcode_id` WHERE  `ref`.`user_id` = '1' GROUP BY `ref`.`id` ORDER BY `ref`.`id` DESC LIMIT 0,20 [ RunTime:0.000326s ]
[2023-02-09T19:18:30+08:00][sql] SHOW FULL COLUMNS FROM `wk_entrance` [ RunTime:0.000879s ]
[2023-02-09T19:18:30+08:00][sql] SELECT `e`.`id`,`e`.`avatar`,`e`.`name`,`e`.`members`,`e`.`qr`,0 price,`e`.`expire_date`,`e`.`joinable_wc`,`e`.`status`,`e`.`reported`,`e`.`add_time`,CONVERT(IF(b.user_id = 1,'1','0'),UNSIGNED) 'bought' FROM `wk_entrance` `e` LEFT JOIN `wk_buy` `b` ON `b`.`entrance_id`=`e`.`id` WHERE  `e`.`qrcode_id` = '7222' [ RunTime:0.000442s ]
[2023-02-09T19:18:30+08:00][sql] SELECT `e`.`id`,`e`.`avatar`,`e`.`name`,`e`.`members`,`e`.`qr`,0 price,`e`.`expire_date`,`e`.`joinable_wc`,`e`.`status`,`e`.`reported`,`e`.`add_time`,CONVERT(IF(b.user_id = 1,'1','0'),UNSIGNED) 'bought' FROM `wk_entrance` `e` LEFT JOIN `wk_buy` `b` ON `b`.`entrance_id`=`e`.`id` WHERE  `e`.`qrcode_id` = '7221' [ RunTime:0.000371s ]
[2023-02-09T19:18:30+08:00][sql] SELECT `e`.`id`,`e`.`avatar`,`e`.`name`,`e`.`members`,`e`.`qr`,0 price,`e`.`expire_date`,`e`.`joinable_wc`,`e`.`status`,`e`.`reported`,`e`.`add_time`,CONVERT(IF(b.user_id = 1,'1','0'),UNSIGNED) 'bought' FROM `wk_entrance` `e` LEFT JOIN `wk_buy` `b` ON `b`.`entrance_id`=`e`.`id` WHERE  `e`.`qrcode_id` = '7220' [ RunTime:0.000328s ]
[2023-02-09T19:18:30+08:00][sql] SELECT `e`.`id`,`e`.`avatar`,`e`.`name`,`e`.`members`,`e`.`qr`,0 price,`e`.`expire_date`,`e`.`joinable_wc`,`e`.`status`,`e`.`reported`,`e`.`add_time`,CONVERT(IF(b.user_id = 1,'1','0'),UNSIGNED) 'bought' FROM `wk_entrance` `e` LEFT JOIN `wk_buy` `b` ON `b`.`entrance_id`=`e`.`id` WHERE  `e`.`qrcode_id` = '7219' [ RunTime:0.000218s ]
[2023-02-09T19:18:30+08:00][sql] SELECT `e`.`id`,`e`.`avatar`,`e`.`name`,`e`.`members`,`e`.`qr`,0 price,`e`.`expire_date`,`e`.`joinable_wc`,`e`.`status`,`e`.`reported`,`e`.`add_time`,CONVERT(IF(b.user_id = 1,'1','0'),UNSIGNED) 'bought' FROM `wk_entrance` `e` LEFT JOIN `wk_buy` `b` ON `b`.`entrance_id`=`e`.`id` WHERE  `e`.`qrcode_id` = '7218' [ RunTime:0.000183s ]
[2023-02-09T19:18:30+08:00][sql] SELECT `e`.`id`,`e`.`avatar`,`e`.`name`,`e`.`members`,`e`.`qr`,0 price,`e`.`expire_date`,`e`.`joinable_wc`,`e`.`status`,`e`.`reported`,`e`.`add_time`,CONVERT(IF(b.user_id = 1,'1','0'),UNSIGNED) 'bought' FROM `wk_entrance` `e` LEFT JOIN `wk_buy` `b` ON `b`.`entrance_id`=`e`.`id` WHERE  `e`.`qrcode_id` = '7217' [ RunTime:0.000202s ]
[2023-02-09T19:18:30+08:00][sql] SELECT `e`.`id`,`e`.`avatar`,`e`.`name`,`e`.`members`,`e`.`qr`,0 price,`e`.`expire_date`,`e`.`joinable_wc`,`e`.`status`,`e`.`reported`,`e`.`add_time`,CONVERT(IF(b.user_id = 1,'1','0'),UNSIGNED) 'bought' FROM `wk_entrance` `e` LEFT JOIN `wk_buy` `b` ON `b`.`entrance_id`=`e`.`id` WHERE  `e`.`qrcode_id` = '7216' [ RunTime:0.000271s ]
[2023-02-09T19:18:30+08:00][sql] SELECT `e`.`id`,`e`.`avatar`,`e`.`name`,`e`.`members`,`e`.`qr`,0 price,`e`.`expire_date`,`e`.`joinable_wc`,`e`.`status`,`e`.`reported`,`e`.`add_time`,CONVERT(IF(b.user_id = 1,'1','0'),UNSIGNED) 'bought' FROM `wk_entrance` `e` LEFT JOIN `wk_buy` `b` ON `b`.`entrance_id`=`e`.`id` WHERE  `e`.`qrcode_id` = '7215' [ RunTime:0.000229s ]
[2023-02-09T19:18:30+08:00][sql] SELECT `e`.`id`,`e`.`avatar`,`e`.`name`,`e`.`members`,`e`.`qr`,0 price,`e`.`expire_date`,`e`.`joinable_wc`,`e`.`status`,`e`.`reported`,`e`.`add_time`,CONVERT(IF(b.user_id = 1,'1','0'),UNSIGNED) 'bought' FROM `wk_entrance` `e` LEFT JOIN `wk_buy` `b` ON `b`.`entrance_id`=`e`.`id` WHERE  `e`.`qrcode_id` = '7214' [ RunTime:0.000192s ]
[2023-02-09T19:18:30+08:00][sql] SELECT `e`.`id`,`e`.`avatar`,`e`.`name`,`e`.`members`,`e`.`qr`,0 price,`e`.`expire_date`,`e`.`joinable_wc`,`e`.`status`,`e`.`reported`,`e`.`add_time`,CONVERT(IF(b.user_id = 1,'1','0'),UNSIGNED) 'bought' FROM `wk_entrance` `e` LEFT JOIN `wk_buy` `b` ON `b`.`entrance_id`=`e`.`id` WHERE  `e`.`qrcode_id` = '7213' [ RunTime:0.000235s ]
[2023-02-09T19:18:30+08:00][sql] SELECT `e`.`id`,`e`.`avatar`,`e`.`name`,`e`.`members`,`e`.`qr`,0 price,`e`.`expire_date`,`e`.`joinable_wc`,`e`.`status`,`e`.`reported`,`e`.`add_time`,CONVERT(IF(b.user_id = 1,'1','0'),UNSIGNED) 'bought' FROM `wk_entrance` `e` LEFT JOIN `wk_buy` `b` ON `b`.`entrance_id`=`e`.`id` WHERE  `e`.`qrcode_id` = '7212' [ RunTime:0.000269s ]
[2023-02-09T19:18:30+08:00][sql] SELECT `e`.`id`,`e`.`avatar`,`e`.`name`,`e`.`members`,`e`.`qr`,0 price,`e`.`expire_date`,`e`.`joinable_wc`,`e`.`status`,`e`.`reported`,`e`.`add_time`,CONVERT(IF(b.user_id = 1,'1','0'),UNSIGNED) 'bought' FROM `wk_entrance` `e` LEFT JOIN `wk_buy` `b` ON `b`.`entrance_id`=`e`.`id` WHERE  `e`.`qrcode_id` = '7211' [ RunTime:0.000331s ]
[2023-02-09T19:18:30+08:00][sql] SELECT `e`.`id`,`e`.`avatar`,`e`.`name`,`e`.`members`,`e`.`qr`,0 price,`e`.`expire_date`,`e`.`joinable_wc`,`e`.`status`,`e`.`reported`,`e`.`add_time`,CONVERT(IF(b.user_id = 1,'1','0'),UNSIGNED) 'bought' FROM `wk_entrance` `e` LEFT JOIN `wk_buy` `b` ON `b`.`entrance_id`=`e`.`id` WHERE  `e`.`qrcode_id` = '7210' [ RunTime:0.000161s ]
[2023-02-09T19:18:30+08:00][sql] SELECT `e`.`id`,`e`.`avatar`,`e`.`name`,`e`.`members`,`e`.`qr`,0 price,`e`.`expire_date`,`e`.`joinable_wc`,`e`.`status`,`e`.`reported`,`e`.`add_time`,CONVERT(IF(b.user_id = 1,'1','0'),UNSIGNED) 'bought' FROM `wk_entrance` `e` LEFT JOIN `wk_buy` `b` ON `b`.`entrance_id`=`e`.`id` WHERE  `e`.`qrcode_id` = '7209' [ RunTime:0.000144s ]
[2023-02-09T19:18:30+08:00][sql] SELECT `e`.`id`,`e`.`avatar`,`e`.`name`,`e`.`members`,`e`.`qr`,0 price,`e`.`expire_date`,`e`.`joinable_wc`,`e`.`status`,`e`.`reported`,`e`.`add_time`,CONVERT(IF(b.user_id = 1,'1','0'),UNSIGNED) 'bought' FROM `wk_entrance` `e` LEFT JOIN `wk_buy` `b` ON `b`.`entrance_id`=`e`.`id` WHERE  `e`.`qrcode_id` = '7208' [ RunTime:0.000163s ]
[2023-02-09T19:18:30+08:00][sql] SELECT `e`.`id`,`e`.`avatar`,`e`.`name`,`e`.`members`,`e`.`qr`,0 price,`e`.`expire_date`,`e`.`joinable_wc`,`e`.`status`,`e`.`reported`,`e`.`add_time`,CONVERT(IF(b.user_id = 1,'1','0'),UNSIGNED) 'bought' FROM `wk_entrance` `e` LEFT JOIN `wk_buy` `b` ON `b`.`entrance_id`=`e`.`id` WHERE  `e`.`qrcode_id` = '7207' [ RunTime:0.000184s ]
[2023-02-09T19:18:30+08:00][sql] SELECT `e`.`id`,`e`.`avatar`,`e`.`name`,`e`.`members`,`e`.`qr`,0 price,`e`.`expire_date`,`e`.`joinable_wc`,`e`.`status`,`e`.`reported`,`e`.`add_time`,CONVERT(IF(b.user_id = 1,'1','0'),UNSIGNED) 'bought' FROM `wk_entrance` `e` LEFT JOIN `wk_buy` `b` ON `b`.`entrance_id`=`e`.`id` WHERE  `e`.`qrcode_id` = '7206' [ RunTime:0.000235s ]
[2023-02-09T19:18:30+08:00][sql] SELECT `e`.`id`,`e`.`avatar`,`e`.`name`,`e`.`members`,`e`.`qr`,0 price,`e`.`expire_date`,`e`.`joinable_wc`,`e`.`status`,`e`.`reported`,`e`.`add_time`,CONVERT(IF(b.user_id = 1,'1','0'),UNSIGNED) 'bought' FROM `wk_entrance` `e` LEFT JOIN `wk_buy` `b` ON `b`.`entrance_id`=`e`.`id` WHERE  `e`.`qrcode_id` = '7205' [ RunTime:0.000266s ]
[2023-02-09T19:18:30+08:00][sql] SELECT `e`.`id`,`e`.`avatar`,`e`.`name`,`e`.`members`,`e`.`qr`,0 price,`e`.`expire_date`,`e`.`joinable_wc`,`e`.`status`,`e`.`reported`,`e`.`add_time`,CONVERT(IF(b.user_id = 1,'1','0'),UNSIGNED) 'bought' FROM `wk_entrance` `e` LEFT JOIN `wk_buy` `b` ON `b`.`entrance_id`=`e`.`id` WHERE  `e`.`qrcode_id` = '7204' [ RunTime:0.000202s ]
[2023-02-09T19:18:30+08:00][sql] SELECT `e`.`id`,`e`.`avatar`,`e`.`name`,`e`.`members`,`e`.`qr`,0 price,`e`.`expire_date`,`e`.`joinable_wc`,`e`.`status`,`e`.`reported`,`e`.`add_time`,CONVERT(IF(b.user_id = 1,'1','0'),UNSIGNED) 'bought' FROM `wk_entrance` `e` LEFT JOIN `wk_buy` `b` ON `b`.`entrance_id`=`e`.`id` WHERE  `e`.`qrcode_id` = '7203' [ RunTime:0.000222s ]
[2023-02-09T19:18:31+08:00][sql] CONNECT:[ UseTime:0.000910s ] mysql:host=127.0.0.1;port=3306;dbname=c2;charset=utf8mb4
[2023-02-09T19:18:31+08:00][sql] SHOW FULL COLUMNS FROM `wk_user` [ RunTime:0.001266s ]
[2023-02-09T19:18:31+08:00][sql] SELECT `id` FROM `wk_user` WHERE  `id` = 1  AND `relogin` = 0 LIMIT 1 [ RunTime:0.000376s ]
[2023-02-09T19:18:31+08:00][sql] SHOW FULL COLUMNS FROM `wk_buy` [ RunTime:0.002054s ]
[2023-02-09T19:18:31+08:00][sql] SHOW FULL COLUMNS FROM `wk_entrance` [ RunTime:0.000833s ]
[2023-02-09T19:18:31+08:00][sql] SELECT COUNT(*) AS think_count FROM ( SELECT count(*) AS think_count FROM `wk_entrance` `e` LEFT JOIN ( SELECT `id`,`entrance_id`,`user_id`,`price` FROM `wk_buy` ) `b2` ON `b2`.`entrance_id`=`e`.`id` LEFT JOIN ( SELECT * FROM `wk_buy` ) `b1` ON `b1`.`entrance_id`=`e`.`id` WHERE  `e`.`hide` = '0'  AND `e`.`expire_date` >= NOW()  AND NOT EXISTS ( SELECT `id` FROM `wk_buy` `b3` WHERE  ( `b3`.`entrance_id` = `e`.`id` )  AND `b3`.`user_id` = '1' )  AND `e`.`user_id` IN ('1','30','29') GROUP BY `e`.`id` ) `_group_count_` LIMIT 1 [ RunTime:0.107101s ]
[2023-02-09T19:18:31+08:00][sql] SHOW FULL COLUMNS FROM `wk_setting` [ RunTime:0.000968s ]
[2023-02-09T19:18:31+08:00][sql] SELECT `int_val` FROM `wk_setting` WHERE  `key` = 'entrance_status_0' LIMIT 1 [ RunTime:0.000219s ]
[2023-02-09T19:18:31+08:00][sql] SELECT `int_val` FROM `wk_setting` WHERE  `key` = 'entrance_work_joinable' LIMIT 1 [ RunTime:0.000137s ]
[2023-02-09T19:18:31+08:00][sql] SELECT `e`.`id`,`e`.`company`,`e`.`avatar`,`e`.`name`,`e`.`members`,`e`.`status`,`e`.`expire_date`,`e`.`joinable_wc`,`e`.`update_time`,`e`.`add_time`,`e`.`qr`,`e`.`im`,`e`.`type` FROM `wk_entrance` `e` LEFT JOIN ( SELECT `id`,`entrance_id`,`user_id`,`price` FROM `wk_buy` ) `b2` ON `b2`.`entrance_id`=`e`.`id` LEFT JOIN ( SELECT * FROM `wk_buy` ) `b1` ON `b1`.`entrance_id`=`e`.`id` WHERE  `e`.`hide` = '0'  AND `e`.`expire_date` >= NOW()  AND NOT EXISTS ( SELECT `id` FROM `wk_buy` `b3` WHERE  ( `b3`.`entrance_id` = `e`.`id` )  AND `b3`.`user_id` = '1' )  AND `e`.`user_id` IN ('1','30','29') GROUP BY `e`.`id` ORDER BY `e`.`update_time` DESC LIMIT 0,20 [ RunTime:0.169866s ]
[2023-02-09T19:18:31+08:00][sql] CONNECT:[ UseTime:0.001538s ] mysql:host=127.0.0.1;port=3306;dbname=c2;charset=utf8mb4
[2023-02-09T19:18:31+08:00][sql] SHOW FULL COLUMNS FROM `wk_user` [ RunTime:0.001136s ]
[2023-02-09T19:18:31+08:00][sql] SELECT `id` FROM `wk_user` WHERE  `id` = 1  AND `relogin` = 0 LIMIT 1 [ RunTime:0.000196s ]
[2023-02-09T19:18:31+08:00][sql] SHOW FULL COLUMNS FROM `wk_tag` [ RunTime:0.000571s ]
[2023-02-09T19:18:31+08:00][sql] SELECT `id`,`name` FROM `wk_tag` ORDER BY `id` [ RunTime:0.000197s ]
[2023-02-09T19:18:32+08:00][sql] CONNECT:[ UseTime:0.000595s ] mysql:host=127.0.0.1;port=3306;dbname=c2;charset=utf8mb4
[2023-02-09T19:18:32+08:00][sql] SHOW FULL COLUMNS FROM `wk_user` [ RunTime:0.000709s ]
[2023-02-09T19:18:32+08:00][sql] SELECT `id` FROM `wk_user` WHERE  `id` = 1  AND `relogin` = 0 LIMIT 1 [ RunTime:0.000216s ]
[2023-02-09T19:18:32+08:00][sql] SHOW FULL COLUMNS FROM `wk_buy` [ RunTime:0.000562s ]
[2023-02-09T19:18:32+08:00][sql] SHOW FULL COLUMNS FROM `wk_entrance` [ RunTime:0.000938s ]
[2023-02-09T19:18:32+08:00][sql] SELECT COUNT(*) AS think_count FROM ( SELECT count(*) AS think_count FROM `wk_entrance` `e` LEFT JOIN ( SELECT `id`,`entrance_id`,`user_id`,`price`,`down_cnt`,`add_time` FROM `wk_buy` ) `b2` ON `b2`.`entrance_id`=`e`.`id` LEFT JOIN ( SELECT entrance_id,COUNT(entrance_id) buy_cnt_month FROM `wk_buy` GROUP BY `entrance_id` ) `b1` ON `b1`.`entrance_id`=`e`.`id` WHERE  `e`.`expire_date` >= NOW()  AND EXISTS ( SELECT `id` FROM `wk_buy` `b3` WHERE  ( `b3`.`entrance_id` = `e`.`id` )  AND `b3`.`user_id` = '1' ) GROUP BY `e`.`id` ORDER BY `b2`.`id` DESC ) `_group_count_` LIMIT 1 [ RunTime:0.107668s ]
[2023-02-09T19:18:32+08:00][sql] SELECT `e`.`id`,`e`.`company`,`e`.`avatar`,`e`.`name`,`e`.`members`,`e`.`expire_date`,`e`.`joinable_wc`,b2.add_time buy_time,`b2`.`price`,`b2`.`down_cnt`,`e`.`qr`,`e`.`im`,`e`.`type`,IFNULL(b1.buy_cnt_month,0) buy_cnt FROM `wk_entrance` `e` LEFT JOIN ( SELECT `id`,`entrance_id`,`user_id`,`price`,`down_cnt`,`add_time` FROM `wk_buy` ) `b2` ON `b2`.`entrance_id`=`e`.`id` LEFT JOIN ( SELECT entrance_id,COUNT(entrance_id) buy_cnt_month FROM `wk_buy` GROUP BY `entrance_id` ) `b1` ON `b1`.`entrance_id`=`e`.`id` WHERE  `e`.`expire_date` >= NOW()  AND EXISTS ( SELECT `id` FROM `wk_buy` `b3` WHERE  ( `b3`.`entrance_id` = `e`.`id` )  AND `b3`.`user_id` = '1' ) GROUP BY `e`.`id` ORDER BY `b2`.`id` DESC,`e`.`add_time` DESC LIMIT 0,20 [ RunTime:0.140495s ]
[2023-02-09T19:18:32+08:00][sql] CONNECT:[ UseTime:0.018629s ] mysql:host=127.0.0.1;port=3306;dbname=c2;charset=utf8mb4
[2023-02-09T19:18:32+08:00][sql] SHOW FULL COLUMNS FROM `wk_user` [ RunTime:0.001183s ]
[2023-02-09T19:18:32+08:00][sql] SELECT `id` FROM `wk_user` WHERE  `id` = 1  AND `relogin` = 0 LIMIT 1 [ RunTime:0.000220s ]
[2023-02-09T19:18:32+08:00][sql] SHOW FULL COLUMNS FROM `wk_commission` [ RunTime:0.001190s ]
[2023-02-09T19:18:32+08:00][sql] SELECT COUNT(*) AS think_count FROM `wk_commission` WHERE  `invite_user_id` = 1 LIMIT 1 [ RunTime:0.000151s ]
[2023-02-09T19:18:32+08:00][sql] SELECT `buy_user_id`,`pay`,`commission`,`rate`,`add_time` FROM `wk_commission` WHERE  `invite_user_id` = 1 LIMIT 0,20 [ RunTime:0.000165s ]
[2023-02-09T19:18:32+08:00][sql] SELECT `username` FROM `wk_user` WHERE  `id` = 2 LIMIT 1 [ RunTime:0.000125s ]
[2023-02-09T19:18:32+08:00][sql] SELECT `username` FROM `wk_user` WHERE  `id` = 2 LIMIT 1 [ RunTime:0.000117s ]
[2023-02-09T19:18:32+08:00][sql] SELECT `username` FROM `wk_user` WHERE  `id` = 2 LIMIT 1 [ RunTime:0.000119s ]
[2023-02-09T19:18:32+08:00][sql] SELECT `username` FROM `wk_user` WHERE  `id` = 2 LIMIT 1 [ RunTime:0.000115s ]
[2023-02-09T19:18:32+08:00][sql] SELECT `username` FROM `wk_user` WHERE  `id` = 2 LIMIT 1 [ RunTime:0.000147s ]
[2023-02-09T19:18:32+08:00][sql] SELECT `username` FROM `wk_user` WHERE  `id` = 2 LIMIT 1 [ RunTime:0.000115s ]
[2023-02-09T19:18:32+08:00][sql] SELECT `username` FROM `wk_user` WHERE  `id` = 2 LIMIT 1 [ RunTime:0.000113s ]
[2023-02-09T19:18:32+08:00][sql] SELECT `username` FROM `wk_user` WHERE  `id` = 2 LIMIT 1 [ RunTime:0.000271s ]
[2023-02-09T19:18:32+08:00][sql] SELECT `username` FROM `wk_user` WHERE  `id` = 2 LIMIT 1 [ RunTime:0.000170s ]
[2023-02-09T19:18:32+08:00][sql] SELECT `username` FROM `wk_user` WHERE  `id` = 2 LIMIT 1 [ RunTime:0.000134s ]
[2023-02-09T19:18:32+08:00][sql] SELECT `username` FROM `wk_user` WHERE  `id` = 2 LIMIT 1 [ RunTime:0.000124s ]
[2023-02-09T19:18:32+08:00][sql] SELECT `username` FROM `wk_user` WHERE  `id` = 2 LIMIT 1 [ RunTime:0.000122s ]
[2023-02-09T19:18:32+08:00][sql] SELECT `username` FROM `wk_user` WHERE  `id` = 2 LIMIT 1 [ RunTime:0.000138s ]
[2023-02-09T19:18:32+08:00][sql] SELECT `username` FROM `wk_user` WHERE  `id` = 2 LIMIT 1 [ RunTime:0.000144s ]
[2023-02-09T19:18:32+08:00][sql] SELECT `username` FROM `wk_user` WHERE  `id` = 86 LIMIT 1 [ RunTime:0.000122s ]
[2023-02-09T19:18:32+08:00][sql] SELECT `username` FROM `wk_user` WHERE  `id` = 86 LIMIT 1 [ RunTime:0.000117s ]
[2023-02-09T19:18:32+08:00][sql] SELECT `username` FROM `wk_user` WHERE  `id` = 71 LIMIT 1 [ RunTime:0.000116s ]
[2023-02-09T19:18:32+08:00][sql] SELECT `username` FROM `wk_user` WHERE  `id` = 71 LIMIT 1 [ RunTime:0.000158s ]
[2023-02-09T19:18:32+08:00][sql] SELECT `username` FROM `wk_user` WHERE  `id` = 71 LIMIT 1 [ RunTime:0.000118s ]
[2023-02-09T19:18:32+08:00][sql] SELECT `username` FROM `wk_user` WHERE  `id` = 71 LIMIT 1 [ RunTime:0.000121s ]
[2023-02-09T19:18:38+08:00][sql] CONNECT:[ UseTime:0.000690s ] mysql:host=127.0.0.1;port=3306;dbname=c2;charset=utf8mb4
[2023-02-09T19:18:38+08:00][sql] SHOW FULL COLUMNS FROM `wk_user` [ RunTime:0.000690s ]
[2023-02-09T19:18:38+08:00][sql] SELECT `id` FROM `wk_user` WHERE  `id` = 1  AND `relogin` = 0 LIMIT 1 [ RunTime:0.000174s ]
[2023-02-09T19:18:38+08:00][sql] SHOW FULL COLUMNS FROM `wk_buy` [ RunTime:0.000418s ]
[2023-02-09T19:18:38+08:00][sql] SHOW FULL COLUMNS FROM `wk_entrance` [ RunTime:0.000567s ]
[2023-02-09T19:18:38+08:00][sql] SELECT COUNT(*) AS think_count FROM ( SELECT count(*) AS think_count FROM `wk_entrance` `e` LEFT JOIN ( SELECT `id`,`entrance_id`,`user_id`,`price` FROM `wk_buy` ) `b2` ON `b2`.`entrance_id`=`e`.`id` LEFT JOIN ( SELECT * FROM `wk_buy` ) `b1` ON `b1`.`entrance_id`=`e`.`id` WHERE  `e`.`hide` = '0'  AND `e`.`expire_date` >= NOW()  AND NOT EXISTS ( SELECT `id` FROM `wk_buy` `b3` WHERE  ( `b3`.`entrance_id` = `e`.`id` )  AND `b3`.`user_id` = '1' )  AND `e`.`user_id` IN ('1','30','29') GROUP BY `e`.`id` ) `_group_count_` LIMIT 1 [ RunTime:0.069034s ]
[2023-02-09T19:18:38+08:00][sql] SHOW FULL COLUMNS FROM `wk_setting` [ RunTime:0.000714s ]
[2023-02-09T19:18:38+08:00][sql] SELECT `int_val` FROM `wk_setting` WHERE  `key` = 'entrance_status_0' LIMIT 1 [ RunTime:0.000316s ]
[2023-02-09T19:18:38+08:00][sql] SELECT `int_val` FROM `wk_setting` WHERE  `key` = 'entrance_work_joinable' LIMIT 1 [ RunTime:0.000206s ]
[2023-02-09T19:18:38+08:00][sql] SELECT `e`.`id`,`e`.`company`,`e`.`avatar`,`e`.`name`,`e`.`members`,`e`.`status`,`e`.`expire_date`,`e`.`joinable_wc`,`e`.`update_time`,`e`.`add_time`,`e`.`qr`,`e`.`im`,`e`.`type` FROM `wk_entrance` `e` LEFT JOIN ( SELECT `id`,`entrance_id`,`user_id`,`price` FROM `wk_buy` ) `b2` ON `b2`.`entrance_id`=`e`.`id` LEFT JOIN ( SELECT * FROM `wk_buy` ) `b1` ON `b1`.`entrance_id`=`e`.`id` WHERE  `e`.`hide` = '0'  AND `e`.`expire_date` >= NOW()  AND NOT EXISTS ( SELECT `id` FROM `wk_buy` `b3` WHERE  ( `b3`.`entrance_id` = `e`.`id` )  AND `b3`.`user_id` = '1' )  AND `e`.`user_id` IN ('1','30','29') GROUP BY `e`.`id` ORDER BY `e`.`update_time` DESC LIMIT 0,20 [ RunTime:0.119675s ]
[2023-02-09T19:18:39+08:00][sql] CONNECT:[ UseTime:0.000557s ] mysql:host=127.0.0.1;port=3306;dbname=c2;charset=utf8mb4
[2023-02-09T19:18:39+08:00][sql] SHOW FULL COLUMNS FROM `wk_user` [ RunTime:0.000829s ]
[2023-02-09T19:18:39+08:00][sql] SELECT `id` FROM `wk_user` WHERE  `id` = 1  AND `relogin` = 0 LIMIT 1 [ RunTime:0.000170s ]
[2023-02-09T19:18:39+08:00][sql] SHOW FULL COLUMNS FROM `wk_tag` [ RunTime:0.000529s ]
[2023-02-09T19:18:39+08:00][sql] SELECT `id`,`name` FROM `wk_tag` ORDER BY `id` [ RunTime:0.000152s ]
[2023-02-09T19:18:39+08:00][sql] CONNECT:[ UseTime:0.000563s ] mysql:host=127.0.0.1;port=3306;dbname=c2;charset=utf8mb4
[2023-02-09T19:18:39+08:00][sql] SHOW FULL COLUMNS FROM `wk_user` [ RunTime:0.000734s ]
[2023-02-09T19:18:39+08:00][sql] SELECT `id` FROM `wk_user` WHERE  `id` = 1  AND `relogin` = 0 LIMIT 1 [ RunTime:0.000204s ]
[2023-02-09T19:18:39+08:00][sql] SHOW FULL COLUMNS FROM `wk_qrcode_ref` [ RunTime:0.000594s ]
[2023-02-09T19:18:39+08:00][sql] SELECT COUNT(*) AS think_count FROM ( SELECT ref.id,q.id qrcode_id,q.code,q.company,q.status,q.err_msg,q.add_time,count(*) AS think_count FROM `wk_qrcode_ref` `ref` LEFT JOIN `wk_qrcode` `q` ON `q`.`id`=`ref`.`qrcode_id` WHERE  `ref`.`user_id` = '1' GROUP BY `ref`.`id` ORDER BY `ref`.`id` DESC ) `_group_count_` LIMIT 1 [ RunTime:0.000216s ]
[2023-02-09T19:18:39+08:00][sql] SHOW FULL COLUMNS FROM `wk_setting` [ RunTime:0.000488s ]
[2023-02-09T19:18:39+08:00][sql] SELECT `int_val` FROM `wk_setting` WHERE  `key` = 'qrcode_decode_price' LIMIT 1 [ RunTime:0.000154s ]
[2023-02-09T19:18:39+08:00][sql] SELECT ref.id,q.id qrcode_id,q.code,q.company,q.status,q.err_msg,q.add_time,count(*) AS think_count FROM `wk_qrcode_ref` `ref` LEFT JOIN `wk_qrcode` `q` ON `q`.`id`=`ref`.`qrcode_id` WHERE  `ref`.`user_id` = '1' GROUP BY `ref`.`id` ORDER BY `ref`.`id` DESC LIMIT 0,20 [ RunTime:0.000204s ]
[2023-02-09T19:18:39+08:00][sql] SHOW FULL COLUMNS FROM `wk_entrance` [ RunTime:0.000790s ]
[2023-02-09T19:18:39+08:00][sql] SELECT `e`.`id`,`e`.`avatar`,`e`.`name`,`e`.`members`,`e`.`qr`,0 price,`e`.`expire_date`,`e`.`joinable_wc`,`e`.`status`,`e`.`reported`,`e`.`add_time`,CONVERT(IF(b.user_id = 1,'1','0'),UNSIGNED) 'bought' FROM `wk_entrance` `e` LEFT JOIN `wk_buy` `b` ON `b`.`entrance_id`=`e`.`id` WHERE  `e`.`qrcode_id` = '7222' [ RunTime:0.000525s ]
[2023-02-09T19:18:39+08:00][sql] SELECT `e`.`id`,`e`.`avatar`,`e`.`name`,`e`.`members`,`e`.`qr`,0 price,`e`.`expire_date`,`e`.`joinable_wc`,`e`.`status`,`e`.`reported`,`e`.`add_time`,CONVERT(IF(b.user_id = 1,'1','0'),UNSIGNED) 'bought' FROM `wk_entrance` `e` LEFT JOIN `wk_buy` `b` ON `b`.`entrance_id`=`e`.`id` WHERE  `e`.`qrcode_id` = '7221' [ RunTime:0.000299s ]
[2023-02-09T19:18:39+08:00][sql] SELECT `e`.`id`,`e`.`avatar`,`e`.`name`,`e`.`members`,`e`.`qr`,0 price,`e`.`expire_date`,`e`.`joinable_wc`,`e`.`status`,`e`.`reported`,`e`.`add_time`,CONVERT(IF(b.user_id = 1,'1','0'),UNSIGNED) 'bought' FROM `wk_entrance` `e` LEFT JOIN `wk_buy` `b` ON `b`.`entrance_id`=`e`.`id` WHERE  `e`.`qrcode_id` = '7220' [ RunTime:0.000209s ]
[2023-02-09T19:18:39+08:00][sql] SELECT `e`.`id`,`e`.`avatar`,`e`.`name`,`e`.`members`,`e`.`qr`,0 price,`e`.`expire_date`,`e`.`joinable_wc`,`e`.`status`,`e`.`reported`,`e`.`add_time`,CONVERT(IF(b.user_id = 1,'1','0'),UNSIGNED) 'bought' FROM `wk_entrance` `e` LEFT JOIN `wk_buy` `b` ON `b`.`entrance_id`=`e`.`id` WHERE  `e`.`qrcode_id` = '7219' [ RunTime:0.000209s ]
[2023-02-09T19:18:39+08:00][sql] SELECT `e`.`id`,`e`.`avatar`,`e`.`name`,`e`.`members`,`e`.`qr`,0 price,`e`.`expire_date`,`e`.`joinable_wc`,`e`.`status`,`e`.`reported`,`e`.`add_time`,CONVERT(IF(b.user_id = 1,'1','0'),UNSIGNED) 'bought' FROM `wk_entrance` `e` LEFT JOIN `wk_buy` `b` ON `b`.`entrance_id`=`e`.`id` WHERE  `e`.`qrcode_id` = '7218' [ RunTime:0.000196s ]
[2023-02-09T19:18:39+08:00][sql] SELECT `e`.`id`,`e`.`avatar`,`e`.`name`,`e`.`members`,`e`.`qr`,0 price,`e`.`expire_date`,`e`.`joinable_wc`,`e`.`status`,`e`.`reported`,`e`.`add_time`,CONVERT(IF(b.user_id = 1,'1','0'),UNSIGNED) 'bought' FROM `wk_entrance` `e` LEFT JOIN `wk_buy` `b` ON `b`.`entrance_id`=`e`.`id` WHERE  `e`.`qrcode_id` = '7217' [ RunTime:0.000278s ]
[2023-02-09T19:18:39+08:00][sql] SELECT `e`.`id`,`e`.`avatar`,`e`.`name`,`e`.`members`,`e`.`qr`,0 price,`e`.`expire_date`,`e`.`joinable_wc`,`e`.`status`,`e`.`reported`,`e`.`add_time`,CONVERT(IF(b.user_id = 1,'1','0'),UNSIGNED) 'bought' FROM `wk_entrance` `e` LEFT JOIN `wk_buy` `b` ON `b`.`entrance_id`=`e`.`id` WHERE  `e`.`qrcode_id` = '7216' [ RunTime:0.000194s ]
[2023-02-09T19:18:39+08:00][sql] SELECT `e`.`id`,`e`.`avatar`,`e`.`name`,`e`.`members`,`e`.`qr`,0 price,`e`.`expire_date`,`e`.`joinable_wc`,`e`.`status`,`e`.`reported`,`e`.`add_time`,CONVERT(IF(b.user_id = 1,'1','0'),UNSIGNED) 'bought' FROM `wk_entrance` `e` LEFT JOIN `wk_buy` `b` ON `b`.`entrance_id`=`e`.`id` WHERE  `e`.`qrcode_id` = '7215' [ RunTime:0.000179s ]
[2023-02-09T19:18:39+08:00][sql] SELECT `e`.`id`,`e`.`avatar`,`e`.`name`,`e`.`members`,`e`.`qr`,0 price,`e`.`expire_date`,`e`.`joinable_wc`,`e`.`status`,`e`.`reported`,`e`.`add_time`,CONVERT(IF(b.user_id = 1,'1','0'),UNSIGNED) 'bought' FROM `wk_entrance` `e` LEFT JOIN `wk_buy` `b` ON `b`.`entrance_id`=`e`.`id` WHERE  `e`.`qrcode_id` = '7214' [ RunTime:0.000291s ]
[2023-02-09T19:18:39+08:00][sql] SELECT `e`.`id`,`e`.`avatar`,`e`.`name`,`e`.`members`,`e`.`qr`,0 price,`e`.`expire_date`,`e`.`joinable_wc`,`e`.`status`,`e`.`reported`,`e`.`add_time`,CONVERT(IF(b.user_id = 1,'1','0'),UNSIGNED) 'bought' FROM `wk_entrance` `e` LEFT JOIN `wk_buy` `b` ON `b`.`entrance_id`=`e`.`id` WHERE  `e`.`qrcode_id` = '7213' [ RunTime:0.000366s ]
[2023-02-09T19:18:39+08:00][sql] SELECT `e`.`id`,`e`.`avatar`,`e`.`name`,`e`.`members`,`e`.`qr`,0 price,`e`.`expire_date`,`e`.`joinable_wc`,`e`.`status`,`e`.`reported`,`e`.`add_time`,CONVERT(IF(b.user_id = 1,'1','0'),UNSIGNED) 'bought' FROM `wk_entrance` `e` LEFT JOIN `wk_buy` `b` ON `b`.`entrance_id`=`e`.`id` WHERE  `e`.`qrcode_id` = '7212' [ RunTime:0.000591s ]
[2023-02-09T19:18:39+08:00][sql] SELECT `e`.`id`,`e`.`avatar`,`e`.`name`,`e`.`members`,`e`.`qr`,0 price,`e`.`expire_date`,`e`.`joinable_wc`,`e`.`status`,`e`.`reported`,`e`.`add_time`,CONVERT(IF(b.user_id = 1,'1','0'),UNSIGNED) 'bought' FROM `wk_entrance` `e` LEFT JOIN `wk_buy` `b` ON `b`.`entrance_id`=`e`.`id` WHERE  `e`.`qrcode_id` = '7211' [ RunTime:0.000475s ]
[2023-02-09T19:18:39+08:00][sql] SELECT `e`.`id`,`e`.`avatar`,`e`.`name`,`e`.`members`,`e`.`qr`,0 price,`e`.`expire_date`,`e`.`joinable_wc`,`e`.`status`,`e`.`reported`,`e`.`add_time`,CONVERT(IF(b.user_id = 1,'1','0'),UNSIGNED) 'bought' FROM `wk_entrance` `e` LEFT JOIN `wk_buy` `b` ON `b`.`entrance_id`=`e`.`id` WHERE  `e`.`qrcode_id` = '7210' [ RunTime:0.000486s ]
[2023-02-09T19:18:39+08:00][sql] SELECT `e`.`id`,`e`.`avatar`,`e`.`name`,`e`.`members`,`e`.`qr`,0 price,`e`.`expire_date`,`e`.`joinable_wc`,`e`.`status`,`e`.`reported`,`e`.`add_time`,CONVERT(IF(b.user_id = 1,'1','0'),UNSIGNED) 'bought' FROM `wk_entrance` `e` LEFT JOIN `wk_buy` `b` ON `b`.`entrance_id`=`e`.`id` WHERE  `e`.`qrcode_id` = '7209' [ RunTime:0.000332s ]
[2023-02-09T19:18:39+08:00][sql] SELECT `e`.`id`,`e`.`avatar`,`e`.`name`,`e`.`members`,`e`.`qr`,0 price,`e`.`expire_date`,`e`.`joinable_wc`,`e`.`status`,`e`.`reported`,`e`.`add_time`,CONVERT(IF(b.user_id = 1,'1','0'),UNSIGNED) 'bought' FROM `wk_entrance` `e` LEFT JOIN `wk_buy` `b` ON `b`.`entrance_id`=`e`.`id` WHERE  `e`.`qrcode_id` = '7208' [ RunTime:0.000262s ]
[2023-02-09T19:18:39+08:00][sql] SELECT `e`.`id`,`e`.`avatar`,`e`.`name`,`e`.`members`,`e`.`qr`,0 price,`e`.`expire_date`,`e`.`joinable_wc`,`e`.`status`,`e`.`reported`,`e`.`add_time`,CONVERT(IF(b.user_id = 1,'1','0'),UNSIGNED) 'bought' FROM `wk_entrance` `e` LEFT JOIN `wk_buy` `b` ON `b`.`entrance_id`=`e`.`id` WHERE  `e`.`qrcode_id` = '7207' [ RunTime:0.000216s ]
[2023-02-09T19:18:39+08:00][sql] SELECT `e`.`id`,`e`.`avatar`,`e`.`name`,`e`.`members`,`e`.`qr`,0 price,`e`.`expire_date`,`e`.`joinable_wc`,`e`.`status`,`e`.`reported`,`e`.`add_time`,CONVERT(IF(b.user_id = 1,'1','0'),UNSIGNED) 'bought' FROM `wk_entrance` `e` LEFT JOIN `wk_buy` `b` ON `b`.`entrance_id`=`e`.`id` WHERE  `e`.`qrcode_id` = '7206' [ RunTime:0.000175s ]
[2023-02-09T19:18:39+08:00][sql] SELECT `e`.`id`,`e`.`avatar`,`e`.`name`,`e`.`members`,`e`.`qr`,0 price,`e`.`expire_date`,`e`.`joinable_wc`,`e`.`status`,`e`.`reported`,`e`.`add_time`,CONVERT(IF(b.user_id = 1,'1','0'),UNSIGNED) 'bought' FROM `wk_entrance` `e` LEFT JOIN `wk_buy` `b` ON `b`.`entrance_id`=`e`.`id` WHERE  `e`.`qrcode_id` = '7205' [ RunTime:0.000234s ]
[2023-02-09T19:18:39+08:00][sql] SELECT `e`.`id`,`e`.`avatar`,`e`.`name`,`e`.`members`,`e`.`qr`,0 price,`e`.`expire_date`,`e`.`joinable_wc`,`e`.`status`,`e`.`reported`,`e`.`add_time`,CONVERT(IF(b.user_id = 1,'1','0'),UNSIGNED) 'bought' FROM `wk_entrance` `e` LEFT JOIN `wk_buy` `b` ON `b`.`entrance_id`=`e`.`id` WHERE  `e`.`qrcode_id` = '7204' [ RunTime:0.000179s ]
[2023-02-09T19:18:39+08:00][sql] SELECT `e`.`id`,`e`.`avatar`,`e`.`name`,`e`.`members`,`e`.`qr`,0 price,`e`.`expire_date`,`e`.`joinable_wc`,`e`.`status`,`e`.`reported`,`e`.`add_time`,CONVERT(IF(b.user_id = 1,'1','0'),UNSIGNED) 'bought' FROM `wk_entrance` `e` LEFT JOIN `wk_buy` `b` ON `b`.`entrance_id`=`e`.`id` WHERE  `e`.`qrcode_id` = '7203' [ RunTime:0.000362s ]
[2023-02-09T19:20:42+08:00][sql] CONNECT:[ UseTime:0.000910s ] mysql:host=127.0.0.1;port=3306;dbname=c2;charset=utf8mb4
[2023-02-09T19:20:42+08:00][sql] SHOW FULL COLUMNS FROM `wk_user` [ RunTime:0.001081s ]
[2023-02-09T19:20:42+08:00][sql] SELECT `id` FROM `wk_user` WHERE  `id` = 1  AND `relogin` = 0 LIMIT 1 [ RunTime:0.000234s ]
[2023-02-09T19:20:42+08:00][sql] SHOW FULL COLUMNS FROM `wk_buy` [ RunTime:0.000635s ]
[2023-02-09T19:20:42+08:00][sql] SHOW FULL COLUMNS FROM `wk_entrance` [ RunTime:0.000615s ]
[2023-02-09T19:20:42+08:00][sql] SELECT COUNT(*) AS think_count FROM ( SELECT count(*) AS think_count FROM `wk_entrance` `e` LEFT JOIN ( SELECT `id`,`entrance_id`,`user_id`,`price` FROM `wk_buy` ) `b2` ON `b2`.`entrance_id`=`e`.`id` LEFT JOIN ( SELECT * FROM `wk_buy` ) `b1` ON `b1`.`entrance_id`=`e`.`id` WHERE  `e`.`hide` = '0'  AND `e`.`expire_date` >= NOW()  AND NOT EXISTS ( SELECT `id` FROM `wk_buy` `b3` WHERE  ( `b3`.`entrance_id` = `e`.`id` )  AND `b3`.`user_id` = '1' )  AND `e`.`user_id` IN ('1','30','29') GROUP BY `e`.`id` ) `_group_count_` LIMIT 1 [ RunTime:0.073835s ]
[2023-02-09T19:20:42+08:00][sql] SHOW FULL COLUMNS FROM `wk_setting` [ RunTime:0.000899s ]
[2023-02-09T19:20:42+08:00][sql] SELECT `int_val` FROM `wk_setting` WHERE  `key` = 'entrance_status_0' LIMIT 1 [ RunTime:0.000430s ]
[2023-02-09T19:20:42+08:00][sql] SELECT `int_val` FROM `wk_setting` WHERE  `key` = 'entrance_work_joinable' LIMIT 1 [ RunTime:0.000467s ]
[2023-02-09T19:20:42+08:00][sql] SELECT `e`.`id`,`e`.`company`,`e`.`avatar`,`e`.`name`,`e`.`members`,`e`.`status`,`e`.`expire_date`,`e`.`joinable_wc`,`e`.`update_time`,`e`.`add_time`,`e`.`qr`,`e`.`im`,`e`.`type` FROM `wk_entrance` `e` LEFT JOIN ( SELECT `id`,`entrance_id`,`user_id`,`price` FROM `wk_buy` ) `b2` ON `b2`.`entrance_id`=`e`.`id` LEFT JOIN ( SELECT * FROM `wk_buy` ) `b1` ON `b1`.`entrance_id`=`e`.`id` WHERE  `e`.`hide` = '0'  AND `e`.`expire_date` >= NOW()  AND NOT EXISTS ( SELECT `id` FROM `wk_buy` `b3` WHERE  ( `b3`.`entrance_id` = `e`.`id` )  AND `b3`.`user_id` = '1' )  AND `e`.`user_id` IN ('1','30','29') GROUP BY `e`.`id` ORDER BY `e`.`update_time` DESC LIMIT 0,20 [ RunTime:0.151088s ]
[2023-02-09T19:20:43+08:00][sql] CONNECT:[ UseTime:0.001057s ] mysql:host=127.0.0.1;port=3306;dbname=c2;charset=utf8mb4
[2023-02-09T19:20:43+08:00][sql] SHOW FULL COLUMNS FROM `wk_user` [ RunTime:0.001114s ]
[2023-02-09T19:20:43+08:00][sql] SELECT `id` FROM `wk_user` WHERE  `id` = 1  AND `relogin` = 0 LIMIT 1 [ RunTime:0.000372s ]
[2023-02-09T19:20:43+08:00][sql] SHOW FULL COLUMNS FROM `wk_tag` [ RunTime:0.000536s ]
[2023-02-09T19:20:43+08:00][sql] SELECT `id`,`name` FROM `wk_tag` ORDER BY `id` [ RunTime:0.000138s ]
[2023-02-09T19:20:44+08:00][sql] CONNECT:[ UseTime:0.000812s ] mysql:host=127.0.0.1;port=3306;dbname=c2;charset=utf8mb4
[2023-02-09T19:20:44+08:00][sql] SHOW FULL COLUMNS FROM `wk_user` [ RunTime:0.000639s ]
[2023-02-09T19:20:44+08:00][sql] SELECT `id` FROM `wk_user` WHERE  `id` = 1  AND `relogin` = 0 LIMIT 1 [ RunTime:0.000135s ]
[2023-02-09T19:20:44+08:00][sql] SHOW FULL COLUMNS FROM `wk_buy` [ RunTime:0.000474s ]
[2023-02-09T19:20:44+08:00][sql] SHOW FULL COLUMNS FROM `wk_entrance` [ RunTime:0.000567s ]
[2023-02-09T19:20:44+08:00][sql] SELECT COUNT(*) AS think_count FROM ( SELECT count(*) AS think_count FROM `wk_entrance` `e` LEFT JOIN ( SELECT `id`,`entrance_id`,`user_id`,`price`,`down_cnt`,`add_time` FROM `wk_buy` ) `b2` ON `b2`.`entrance_id`=`e`.`id` LEFT JOIN ( SELECT entrance_id,COUNT(entrance_id) buy_cnt_month FROM `wk_buy` GROUP BY `entrance_id` ) `b1` ON `b1`.`entrance_id`=`e`.`id` WHERE  `e`.`expire_date` >= NOW()  AND EXISTS ( SELECT `id` FROM `wk_buy` `b3` WHERE  ( `b3`.`entrance_id` = `e`.`id` )  AND `b3`.`user_id` = '1' ) GROUP BY `e`.`id` ORDER BY `b2`.`id` DESC ) `_group_count_` LIMIT 1 [ RunTime:0.092115s ]
[2023-02-09T19:20:44+08:00][sql] SELECT `e`.`id`,`e`.`company`,`e`.`avatar`,`e`.`name`,`e`.`members`,`e`.`expire_date`,`e`.`joinable_wc`,b2.add_time buy_time,`b2`.`price`,`b2`.`down_cnt`,`e`.`qr`,`e`.`im`,`e`.`type`,IFNULL(b1.buy_cnt_month,0) buy_cnt FROM `wk_entrance` `e` LEFT JOIN ( SELECT `id`,`entrance_id`,`user_id`,`price`,`down_cnt`,`add_time` FROM `wk_buy` ) `b2` ON `b2`.`entrance_id`=`e`.`id` LEFT JOIN ( SELECT entrance_id,COUNT(entrance_id) buy_cnt_month FROM `wk_buy` GROUP BY `entrance_id` ) `b1` ON `b1`.`entrance_id`=`e`.`id` WHERE  `e`.`expire_date` >= NOW()  AND EXISTS ( SELECT `id` FROM `wk_buy` `b3` WHERE  ( `b3`.`entrance_id` = `e`.`id` )  AND `b3`.`user_id` = '1' ) GROUP BY `e`.`id` ORDER BY `b2`.`id` DESC,`e`.`add_time` DESC LIMIT 0,20 [ RunTime:0.102097s ]
[2023-02-09T19:20:44+08:00][sql] CONNECT:[ UseTime:0.000615s ] mysql:host=127.0.0.1;port=3306;dbname=c2;charset=utf8mb4
[2023-02-09T19:20:44+08:00][sql] SHOW FULL COLUMNS FROM `wk_user` [ RunTime:0.000721s ]
[2023-02-09T19:20:44+08:00][sql] SELECT `id` FROM `wk_user` WHERE  `id` = 1  AND `relogin` = 0 LIMIT 1 [ RunTime:0.000268s ]
[2023-02-09T19:20:44+08:00][sql] SHOW FULL COLUMNS FROM `wk_commission` [ RunTime:0.002434s ]
[2023-02-09T19:20:44+08:00][sql] SELECT COUNT(*) AS think_count FROM `wk_commission` WHERE  `invite_user_id` = 1 LIMIT 1 [ RunTime:0.000265s ]
[2023-02-09T19:20:44+08:00][sql] SELECT `buy_user_id`,`pay`,`commission`,`rate`,`add_time` FROM `wk_commission` WHERE  `invite_user_id` = 1 LIMIT 0,20 [ RunTime:0.000194s ]
[2023-02-09T19:20:44+08:00][sql] SELECT `username` FROM `wk_user` WHERE  `id` = 2 LIMIT 1 [ RunTime:0.000222s ]
[2023-02-09T19:20:44+08:00][sql] SELECT `username` FROM `wk_user` WHERE  `id` = 2 LIMIT 1 [ RunTime:0.000195s ]
[2023-02-09T19:20:44+08:00][sql] SELECT `username` FROM `wk_user` WHERE  `id` = 2 LIMIT 1 [ RunTime:0.000181s ]
[2023-02-09T19:20:44+08:00][sql] SELECT `username` FROM `wk_user` WHERE  `id` = 2 LIMIT 1 [ RunTime:0.000180s ]
[2023-02-09T19:20:44+08:00][sql] SELECT `username` FROM `wk_user` WHERE  `id` = 2 LIMIT 1 [ RunTime:0.000199s ]
[2023-02-09T19:20:44+08:00][sql] SELECT `username` FROM `wk_user` WHERE  `id` = 2 LIMIT 1 [ RunTime:0.000170s ]
[2023-02-09T19:20:44+08:00][sql] SELECT `username` FROM `wk_user` WHERE  `id` = 2 LIMIT 1 [ RunTime:0.000207s ]
[2023-02-09T19:20:44+08:00][sql] SELECT `username` FROM `wk_user` WHERE  `id` = 2 LIMIT 1 [ RunTime:0.000197s ]
[2023-02-09T19:20:44+08:00][sql] SELECT `username` FROM `wk_user` WHERE  `id` = 2 LIMIT 1 [ RunTime:0.000189s ]
[2023-02-09T19:20:44+08:00][sql] SELECT `username` FROM `wk_user` WHERE  `id` = 2 LIMIT 1 [ RunTime:0.000200s ]
[2023-02-09T19:20:44+08:00][sql] SELECT `username` FROM `wk_user` WHERE  `id` = 2 LIMIT 1 [ RunTime:0.000188s ]
[2023-02-09T19:20:44+08:00][sql] SELECT `username` FROM `wk_user` WHERE  `id` = 2 LIMIT 1 [ RunTime:0.000162s ]
[2023-02-09T19:20:44+08:00][sql] SELECT `username` FROM `wk_user` WHERE  `id` = 2 LIMIT 1 [ RunTime:0.000152s ]
[2023-02-09T19:20:44+08:00][sql] SELECT `username` FROM `wk_user` WHERE  `id` = 2 LIMIT 1 [ RunTime:0.000151s ]
[2023-02-09T19:20:44+08:00][sql] SELECT `username` FROM `wk_user` WHERE  `id` = 86 LIMIT 1 [ RunTime:0.000088s ]
[2023-02-09T19:20:44+08:00][sql] SELECT `username` FROM `wk_user` WHERE  `id` = 86 LIMIT 1 [ RunTime:0.000087s ]
[2023-02-09T19:20:44+08:00][sql] SELECT `username` FROM `wk_user` WHERE  `id` = 71 LIMIT 1 [ RunTime:0.000099s ]
[2023-02-09T19:20:44+08:00][sql] SELECT `username` FROM `wk_user` WHERE  `id` = 71 LIMIT 1 [ RunTime:0.000088s ]
[2023-02-09T19:20:44+08:00][sql] SELECT `username` FROM `wk_user` WHERE  `id` = 71 LIMIT 1 [ RunTime:0.000088s ]
[2023-02-09T19:20:44+08:00][sql] SELECT `username` FROM `wk_user` WHERE  `id` = 71 LIMIT 1 [ RunTime:0.000087s ]
[2023-02-09T19:20:45+08:00][sql] CONNECT:[ UseTime:0.000606s ] mysql:host=127.0.0.1;port=3306;dbname=c2;charset=utf8mb4
[2023-02-09T19:20:45+08:00][sql] SHOW FULL COLUMNS FROM `wk_user` [ RunTime:0.000558s ]
[2023-02-09T19:20:45+08:00][sql] SELECT `id` FROM `wk_user` WHERE  `id` = 1  AND `relogin` = 0 LIMIT 1 [ RunTime:0.000268s ]
[2023-02-09T19:20:45+08:00][sql] SHOW FULL COLUMNS FROM `wk_tag` [ RunTime:0.000592s ]
[2023-02-09T19:20:45+08:00][sql] SELECT `id`,`name` FROM `wk_tag` ORDER BY `id` [ RunTime:0.000179s ]
[2023-02-09T19:20:45+08:00][sql] CONNECT:[ UseTime:0.000605s ] mysql:host=127.0.0.1;port=3306;dbname=c2;charset=utf8mb4
[2023-02-09T19:20:45+08:00][sql] SHOW FULL COLUMNS FROM `wk_user` [ RunTime:0.000708s ]
[2023-02-09T19:20:45+08:00][sql] SELECT `id` FROM `wk_user` WHERE  `id` = 1  AND `relogin` = 0 LIMIT 1 [ RunTime:0.000223s ]
[2023-02-09T19:20:45+08:00][sql] SHOW FULL COLUMNS FROM `wk_qrcode_ref` [ RunTime:0.000621s ]
[2023-02-09T19:20:45+08:00][sql] SELECT COUNT(*) AS think_count FROM ( SELECT ref.id,q.id qrcode_id,q.code,q.company,q.status,q.err_msg,q.add_time,count(*) AS think_count FROM `wk_qrcode_ref` `ref` LEFT JOIN `wk_qrcode` `q` ON `q`.`id`=`ref`.`qrcode_id` WHERE  `ref`.`user_id` = '1' GROUP BY `ref`.`id` ORDER BY `ref`.`id` DESC ) `_group_count_` LIMIT 1 [ RunTime:0.000286s ]
[2023-02-09T19:20:45+08:00][sql] SHOW FULL COLUMNS FROM `wk_setting` [ RunTime:0.000492s ]
[2023-02-09T19:20:45+08:00][sql] SELECT `int_val` FROM `wk_setting` WHERE  `key` = 'qrcode_decode_price' LIMIT 1 [ RunTime:0.000254s ]
[2023-02-09T19:20:45+08:00][sql] SELECT ref.id,q.id qrcode_id,q.code,q.company,q.status,q.err_msg,q.add_time,count(*) AS think_count FROM `wk_qrcode_ref` `ref` LEFT JOIN `wk_qrcode` `q` ON `q`.`id`=`ref`.`qrcode_id` WHERE  `ref`.`user_id` = '1' GROUP BY `ref`.`id` ORDER BY `ref`.`id` DESC LIMIT 0,20 [ RunTime:0.000261s ]
[2023-02-09T19:20:45+08:00][sql] SHOW FULL COLUMNS FROM `wk_entrance` [ RunTime:0.000822s ]
[2023-02-09T19:20:45+08:00][sql] SELECT `e`.`id`,`e`.`avatar`,`e`.`name`,`e`.`members`,`e`.`qr`,0 price,`e`.`expire_date`,`e`.`joinable_wc`,`e`.`status`,`e`.`reported`,`e`.`add_time`,CONVERT(IF(b.user_id = 1,'1','0'),UNSIGNED) 'bought' FROM `wk_entrance` `e` LEFT JOIN `wk_buy` `b` ON `b`.`entrance_id`=`e`.`id` WHERE  `e`.`qrcode_id` = '7222' [ RunTime:0.000411s ]
[2023-02-09T19:20:45+08:00][sql] SELECT `e`.`id`,`e`.`avatar`,`e`.`name`,`e`.`members`,`e`.`qr`,0 price,`e`.`expire_date`,`e`.`joinable_wc`,`e`.`status`,`e`.`reported`,`e`.`add_time`,CONVERT(IF(b.user_id = 1,'1','0'),UNSIGNED) 'bought' FROM `wk_entrance` `e` LEFT JOIN `wk_buy` `b` ON `b`.`entrance_id`=`e`.`id` WHERE  `e`.`qrcode_id` = '7221' [ RunTime:0.000408s ]
[2023-02-09T19:20:45+08:00][sql] SELECT `e`.`id`,`e`.`avatar`,`e`.`name`,`e`.`members`,`e`.`qr`,0 price,`e`.`expire_date`,`e`.`joinable_wc`,`e`.`status`,`e`.`reported`,`e`.`add_time`,CONVERT(IF(b.user_id = 1,'1','0'),UNSIGNED) 'bought' FROM `wk_entrance` `e` LEFT JOIN `wk_buy` `b` ON `b`.`entrance_id`=`e`.`id` WHERE  `e`.`qrcode_id` = '7220' [ RunTime:0.000301s ]
[2023-02-09T19:20:45+08:00][sql] SELECT `e`.`id`,`e`.`avatar`,`e`.`name`,`e`.`members`,`e`.`qr`,0 price,`e`.`expire_date`,`e`.`joinable_wc`,`e`.`status`,`e`.`reported`,`e`.`add_time`,CONVERT(IF(b.user_id = 1,'1','0'),UNSIGNED) 'bought' FROM `wk_entrance` `e` LEFT JOIN `wk_buy` `b` ON `b`.`entrance_id`=`e`.`id` WHERE  `e`.`qrcode_id` = '7219' [ RunTime:0.000229s ]
[2023-02-09T19:20:45+08:00][sql] SELECT `e`.`id`,`e`.`avatar`,`e`.`name`,`e`.`members`,`e`.`qr`,0 price,`e`.`expire_date`,`e`.`joinable_wc`,`e`.`status`,`e`.`reported`,`e`.`add_time`,CONVERT(IF(b.user_id = 1,'1','0'),UNSIGNED) 'bought' FROM `wk_entrance` `e` LEFT JOIN `wk_buy` `b` ON `b`.`entrance_id`=`e`.`id` WHERE  `e`.`qrcode_id` = '7218' [ RunTime:0.000319s ]
[2023-02-09T19:20:45+08:00][sql] SELECT `e`.`id`,`e`.`avatar`,`e`.`name`,`e`.`members`,`e`.`qr`,0 price,`e`.`expire_date`,`e`.`joinable_wc`,`e`.`status`,`e`.`reported`,`e`.`add_time`,CONVERT(IF(b.user_id = 1,'1','0'),UNSIGNED) 'bought' FROM `wk_entrance` `e` LEFT JOIN `wk_buy` `b` ON `b`.`entrance_id`=`e`.`id` WHERE  `e`.`qrcode_id` = '7217' [ RunTime:0.000653s ]
[2023-02-09T19:20:45+08:00][sql] SELECT `e`.`id`,`e`.`avatar`,`e`.`name`,`e`.`members`,`e`.`qr`,0 price,`e`.`expire_date`,`e`.`joinable_wc`,`e`.`status`,`e`.`reported`,`e`.`add_time`,CONVERT(IF(b.user_id = 1,'1','0'),UNSIGNED) 'bought' FROM `wk_entrance` `e` LEFT JOIN `wk_buy` `b` ON `b`.`entrance_id`=`e`.`id` WHERE  `e`.`qrcode_id` = '7216' [ RunTime:0.000332s ]
[2023-02-09T19:20:45+08:00][sql] SELECT `e`.`id`,`e`.`avatar`,`e`.`name`,`e`.`members`,`e`.`qr`,0 price,`e`.`expire_date`,`e`.`joinable_wc`,`e`.`status`,`e`.`reported`,`e`.`add_time`,CONVERT(IF(b.user_id = 1,'1','0'),UNSIGNED) 'bought' FROM `wk_entrance` `e` LEFT JOIN `wk_buy` `b` ON `b`.`entrance_id`=`e`.`id` WHERE  `e`.`qrcode_id` = '7215' [ RunTime:0.000258s ]
[2023-02-09T19:20:45+08:00][sql] SELECT `e`.`id`,`e`.`avatar`,`e`.`name`,`e`.`members`,`e`.`qr`,0 price,`e`.`expire_date`,`e`.`joinable_wc`,`e`.`status`,`e`.`reported`,`e`.`add_time`,CONVERT(IF(b.user_id = 1,'1','0'),UNSIGNED) 'bought' FROM `wk_entrance` `e` LEFT JOIN `wk_buy` `b` ON `b`.`entrance_id`=`e`.`id` WHERE  `e`.`qrcode_id` = '7214' [ RunTime:0.000270s ]
[2023-02-09T19:20:45+08:00][sql] SELECT `e`.`id`,`e`.`avatar`,`e`.`name`,`e`.`members`,`e`.`qr`,0 price,`e`.`expire_date`,`e`.`joinable_wc`,`e`.`status`,`e`.`reported`,`e`.`add_time`,CONVERT(IF(b.user_id = 1,'1','0'),UNSIGNED) 'bought' FROM `wk_entrance` `e` LEFT JOIN `wk_buy` `b` ON `b`.`entrance_id`=`e`.`id` WHERE  `e`.`qrcode_id` = '7213' [ RunTime:0.000225s ]
[2023-02-09T19:20:45+08:00][sql] SELECT `e`.`id`,`e`.`avatar`,`e`.`name`,`e`.`members`,`e`.`qr`,0 price,`e`.`expire_date`,`e`.`joinable_wc`,`e`.`status`,`e`.`reported`,`e`.`add_time`,CONVERT(IF(b.user_id = 1,'1','0'),UNSIGNED) 'bought' FROM `wk_entrance` `e` LEFT JOIN `wk_buy` `b` ON `b`.`entrance_id`=`e`.`id` WHERE  `e`.`qrcode_id` = '7212' [ RunTime:0.000208s ]
[2023-02-09T19:20:45+08:00][sql] SELECT `e`.`id`,`e`.`avatar`,`e`.`name`,`e`.`members`,`e`.`qr`,0 price,`e`.`expire_date`,`e`.`joinable_wc`,`e`.`status`,`e`.`reported`,`e`.`add_time`,CONVERT(IF(b.user_id = 1,'1','0'),UNSIGNED) 'bought' FROM `wk_entrance` `e` LEFT JOIN `wk_buy` `b` ON `b`.`entrance_id`=`e`.`id` WHERE  `e`.`qrcode_id` = '7211' [ RunTime:0.000212s ]
[2023-02-09T19:20:45+08:00][sql] SELECT `e`.`id`,`e`.`avatar`,`e`.`name`,`e`.`members`,`e`.`qr`,0 price,`e`.`expire_date`,`e`.`joinable_wc`,`e`.`status`,`e`.`reported`,`e`.`add_time`,CONVERT(IF(b.user_id = 1,'1','0'),UNSIGNED) 'bought' FROM `wk_entrance` `e` LEFT JOIN `wk_buy` `b` ON `b`.`entrance_id`=`e`.`id` WHERE  `e`.`qrcode_id` = '7210' [ RunTime:0.000190s ]
[2023-02-09T19:20:45+08:00][sql] SELECT `e`.`id`,`e`.`avatar`,`e`.`name`,`e`.`members`,`e`.`qr`,0 price,`e`.`expire_date`,`e`.`joinable_wc`,`e`.`status`,`e`.`reported`,`e`.`add_time`,CONVERT(IF(b.user_id = 1,'1','0'),UNSIGNED) 'bought' FROM `wk_entrance` `e` LEFT JOIN `wk_buy` `b` ON `b`.`entrance_id`=`e`.`id` WHERE  `e`.`qrcode_id` = '7209' [ RunTime:0.000166s ]
[2023-02-09T19:20:45+08:00][sql] SELECT `e`.`id`,`e`.`avatar`,`e`.`name`,`e`.`members`,`e`.`qr`,0 price,`e`.`expire_date`,`e`.`joinable_wc`,`e`.`status`,`e`.`reported`,`e`.`add_time`,CONVERT(IF(b.user_id = 1,'1','0'),UNSIGNED) 'bought' FROM `wk_entrance` `e` LEFT JOIN `wk_buy` `b` ON `b`.`entrance_id`=`e`.`id` WHERE  `e`.`qrcode_id` = '7208' [ RunTime:0.000123s ]
[2023-02-09T19:20:45+08:00][sql] SELECT `e`.`id`,`e`.`avatar`,`e`.`name`,`e`.`members`,`e`.`qr`,0 price,`e`.`expire_date`,`e`.`joinable_wc`,`e`.`status`,`e`.`reported`,`e`.`add_time`,CONVERT(IF(b.user_id = 1,'1','0'),UNSIGNED) 'bought' FROM `wk_entrance` `e` LEFT JOIN `wk_buy` `b` ON `b`.`entrance_id`=`e`.`id` WHERE  `e`.`qrcode_id` = '7207' [ RunTime:0.000119s ]
[2023-02-09T19:20:45+08:00][sql] SELECT `e`.`id`,`e`.`avatar`,`e`.`name`,`e`.`members`,`e`.`qr`,0 price,`e`.`expire_date`,`e`.`joinable_wc`,`e`.`status`,`e`.`reported`,`e`.`add_time`,CONVERT(IF(b.user_id = 1,'1','0'),UNSIGNED) 'bought' FROM `wk_entrance` `e` LEFT JOIN `wk_buy` `b` ON `b`.`entrance_id`=`e`.`id` WHERE  `e`.`qrcode_id` = '7206' [ RunTime:0.000117s ]
[2023-02-09T19:20:45+08:00][sql] SELECT `e`.`id`,`e`.`avatar`,`e`.`name`,`e`.`members`,`e`.`qr`,0 price,`e`.`expire_date`,`e`.`joinable_wc`,`e`.`status`,`e`.`reported`,`e`.`add_time`,CONVERT(IF(b.user_id = 1,'1','0'),UNSIGNED) 'bought' FROM `wk_entrance` `e` LEFT JOIN `wk_buy` `b` ON `b`.`entrance_id`=`e`.`id` WHERE  `e`.`qrcode_id` = '7205' [ RunTime:0.000115s ]
[2023-02-09T19:20:45+08:00][sql] SELECT `e`.`id`,`e`.`avatar`,`e`.`name`,`e`.`members`,`e`.`qr`,0 price,`e`.`expire_date`,`e`.`joinable_wc`,`e`.`status`,`e`.`reported`,`e`.`add_time`,CONVERT(IF(b.user_id = 1,'1','0'),UNSIGNED) 'bought' FROM `wk_entrance` `e` LEFT JOIN `wk_buy` `b` ON `b`.`entrance_id`=`e`.`id` WHERE  `e`.`qrcode_id` = '7204' [ RunTime:0.000113s ]
[2023-02-09T19:20:45+08:00][sql] SELECT `e`.`id`,`e`.`avatar`,`e`.`name`,`e`.`members`,`e`.`qr`,0 price,`e`.`expire_date`,`e`.`joinable_wc`,`e`.`status`,`e`.`reported`,`e`.`add_time`,CONVERT(IF(b.user_id = 1,'1','0'),UNSIGNED) 'bought' FROM `wk_entrance` `e` LEFT JOIN `wk_buy` `b` ON `b`.`entrance_id`=`e`.`id` WHERE  `e`.`qrcode_id` = '7203' [ RunTime:0.000139s ]
