[2023-02-12T15:00:19+08:00][sql] CONNECT:[ UseTime:0.011138s ] mysql:host=127.0.0.1;port=3306;dbname=c2;charset=utf8mb4
[2023-02-12T15:00:19+08:00][sql] SHOW FULL COLUMNS FROM `wk_user` [ RunTime:0.002806s ]
[2023-02-12T15:00:19+08:00][sql] SELECT `id`,`username`,`name`,`enable` FROM `wk_user` WHERE  `username` = 'zhizun'  AND `password` = '18654b2cd47d004109ca5ee404e002a3' LIMIT 1 [ RunTime:0.000629s ]
[2023-02-12T15:00:19+08:00][sql] UPDATE `wk_user`  SET `relogin` = 0  WHERE  `id` = 1 [ RunTime:0.003698s ]
[2023-02-12T15:00:20+08:00][sql] CONNECT:[ UseTime:0.000986s ] mysql:host=127.0.0.1;port=3306;dbname=c2;charset=utf8mb4
[2023-02-12T15:00:20+08:00][sql] SHOW FULL COLUMNS FROM `wk_user` [ RunTime:0.000945s ]
[2023-02-12T15:00:20+08:00][sql] SELECT `id` FROM `wk_user` WHERE  `id` = 1  AND `relogin` = 0 LIMIT 1 [ RunTime:0.000317s ]
[2023-02-12T15:00:20+08:00][sql] SELECT `id`,`username`,`balance`,`score` FROM `wk_user` WHERE  `id` = 1 LIMIT 1 [ RunTime:0.000167s ]
[2023-02-12T15:00:20+08:00][sql] CONNECT:[ UseTime:0.000511s ] mysql:host=127.0.0.1;port=3306;dbname=c2;charset=utf8mb4
[2023-02-12T15:00:20+08:00][sql] SHOW FULL COLUMNS FROM `wk_user` [ RunTime:0.001333s ]
[2023-02-12T15:00:20+08:00][sql] SELECT `id` FROM `wk_user` WHERE  `id` = 1  AND `relogin` = 0 LIMIT 1 [ RunTime:0.000259s ]
[2023-02-12T15:00:20+08:00][sql] SHOW FULL COLUMNS FROM `wk_tag` [ RunTime:0.002710s ]
[2023-02-12T15:00:20+08:00][sql] SELECT `id`,`name` FROM `wk_tag` ORDER BY `id` [ RunTime:0.000378s ]
[2023-02-12T15:00:20+08:00][sql] CONNECT:[ UseTime:0.018658s ] mysql:host=127.0.0.1;port=3306;dbname=c2;charset=utf8mb4
[2023-02-12T15:00:20+08:00][sql] SHOW FULL COLUMNS FROM `wk_user` [ RunTime:0.001529s ]
[2023-02-12T15:00:20+08:00][sql] SELECT `id` FROM `wk_user` WHERE  `id` = 1  AND `relogin` = 0 LIMIT 1 [ RunTime:0.000299s ]
[2023-02-12T15:00:20+08:00][sql] SHOW FULL COLUMNS FROM `wk_qrcode_ref` [ RunTime:0.002658s ]
[2023-02-12T15:00:20+08:00][sql] SELECT COUNT(*) AS think_count FROM ( SELECT ref.id,q.id qrcode_id,q.code,q.company,q.status,q.err_msg,q.add_time,count(*) AS think_count FROM `wk_qrcode_ref` `ref` LEFT JOIN `wk_qrcode` `q` ON `q`.`id`=`ref`.`qrcode_id` WHERE  `ref`.`user_id` = '1' GROUP BY `ref`.`id` ORDER BY `ref`.`id` DESC ) `_group_count_` LIMIT 1 [ RunTime:0.036472s ]
[2023-02-12T15:00:20+08:00][sql] SHOW FULL COLUMNS FROM `wk_setting` [ RunTime:0.001540s ]
[2023-02-12T15:00:20+08:00][sql] SELECT `int_val` FROM `wk_setting` WHERE  `key` = 'qrcode_decode_price' LIMIT 1 [ RunTime:0.000334s ]
[2023-02-12T15:00:20+08:00][sql] SELECT ref.id,q.id qrcode_id,q.code,q.company,q.status,q.err_msg,q.add_time,count(*) AS think_count FROM `wk_qrcode_ref` `ref` LEFT JOIN `wk_qrcode` `q` ON `q`.`id`=`ref`.`qrcode_id` WHERE  `ref`.`user_id` = '1' GROUP BY `ref`.`id` ORDER BY `ref`.`id` DESC LIMIT 0,20 [ RunTime:0.000464s ]
[2023-02-12T15:00:20+08:00][sql] SHOW FULL COLUMNS FROM `wk_entrance` [ RunTime:0.001165s ]
[2023-02-12T15:00:20+08:00][sql] SELECT `e`.`id`,`e`.`avatar`,`e`.`name`,`e`.`members`,`e`.`qr`,0 price,`e`.`expire_date`,`e`.`joinable_wc`,`e`.`status`,`e`.`reported`,`e`.`add_time`,CONVERT(IF(b.user_id = 1,'1','0'),UNSIGNED) 'bought' FROM `wk_entrance` `e` LEFT JOIN `wk_buy` `b` ON `b`.`entrance_id`=`e`.`id` WHERE  `e`.`qrcode_id` = '7222' [ RunTime:0.001565s ]
[2023-02-12T15:00:20+08:00][sql] SELECT `e`.`id`,`e`.`avatar`,`e`.`name`,`e`.`members`,`e`.`qr`,0 price,`e`.`expire_date`,`e`.`joinable_wc`,`e`.`status`,`e`.`reported`,`e`.`add_time`,CONVERT(IF(b.user_id = 1,'1','0'),UNSIGNED) 'bought' FROM `wk_entrance` `e` LEFT JOIN `wk_buy` `b` ON `b`.`entrance_id`=`e`.`id` WHERE  `e`.`qrcode_id` = '7221' [ RunTime:0.000493s ]
[2023-02-12T15:00:20+08:00][sql] SELECT `e`.`id`,`e`.`avatar`,`e`.`name`,`e`.`members`,`e`.`qr`,0 price,`e`.`expire_date`,`e`.`joinable_wc`,`e`.`status`,`e`.`reported`,`e`.`add_time`,CONVERT(IF(b.user_id = 1,'1','0'),UNSIGNED) 'bought' FROM `wk_entrance` `e` LEFT JOIN `wk_buy` `b` ON `b`.`entrance_id`=`e`.`id` WHERE  `e`.`qrcode_id` = '7220' [ RunTime:0.000375s ]
[2023-02-12T15:00:20+08:00][sql] SELECT `e`.`id`,`e`.`avatar`,`e`.`name`,`e`.`members`,`e`.`qr`,0 price,`e`.`expire_date`,`e`.`joinable_wc`,`e`.`status`,`e`.`reported`,`e`.`add_time`,CONVERT(IF(b.user_id = 1,'1','0'),UNSIGNED) 'bought' FROM `wk_entrance` `e` LEFT JOIN `wk_buy` `b` ON `b`.`entrance_id`=`e`.`id` WHERE  `e`.`qrcode_id` = '7219' [ RunTime:0.000328s ]
[2023-02-12T15:00:20+08:00][sql] SELECT `e`.`id`,`e`.`avatar`,`e`.`name`,`e`.`members`,`e`.`qr`,0 price,`e`.`expire_date`,`e`.`joinable_wc`,`e`.`status`,`e`.`reported`,`e`.`add_time`,CONVERT(IF(b.user_id = 1,'1','0'),UNSIGNED) 'bought' FROM `wk_entrance` `e` LEFT JOIN `wk_buy` `b` ON `b`.`entrance_id`=`e`.`id` WHERE  `e`.`qrcode_id` = '7218' [ RunTime:0.000298s ]
[2023-02-12T15:00:20+08:00][sql] SELECT `e`.`id`,`e`.`avatar`,`e`.`name`,`e`.`members`,`e`.`qr`,0 price,`e`.`expire_date`,`e`.`joinable_wc`,`e`.`status`,`e`.`reported`,`e`.`add_time`,CONVERT(IF(b.user_id = 1,'1','0'),UNSIGNED) 'bought' FROM `wk_entrance` `e` LEFT JOIN `wk_buy` `b` ON `b`.`entrance_id`=`e`.`id` WHERE  `e`.`qrcode_id` = '7217' [ RunTime:0.000360s ]
[2023-02-12T15:00:20+08:00][sql] SELECT `e`.`id`,`e`.`avatar`,`e`.`name`,`e`.`members`,`e`.`qr`,0 price,`e`.`expire_date`,`e`.`joinable_wc`,`e`.`status`,`e`.`reported`,`e`.`add_time`,CONVERT(IF(b.user_id = 1,'1','0'),UNSIGNED) 'bought' FROM `wk_entrance` `e` LEFT JOIN `wk_buy` `b` ON `b`.`entrance_id`=`e`.`id` WHERE  `e`.`qrcode_id` = '7216' [ RunTime:0.000265s ]
[2023-02-12T15:00:20+08:00][sql] SELECT `e`.`id`,`e`.`avatar`,`e`.`name`,`e`.`members`,`e`.`qr`,0 price,`e`.`expire_date`,`e`.`joinable_wc`,`e`.`status`,`e`.`reported`,`e`.`add_time`,CONVERT(IF(b.user_id = 1,'1','0'),UNSIGNED) 'bought' FROM `wk_entrance` `e` LEFT JOIN `wk_buy` `b` ON `b`.`entrance_id`=`e`.`id` WHERE  `e`.`qrcode_id` = '7215' [ RunTime:0.000202s ]
[2023-02-12T15:00:20+08:00][sql] SELECT `e`.`id`,`e`.`avatar`,`e`.`name`,`e`.`members`,`e`.`qr`,0 price,`e`.`expire_date`,`e`.`joinable_wc`,`e`.`status`,`e`.`reported`,`e`.`add_time`,CONVERT(IF(b.user_id = 1,'1','0'),UNSIGNED) 'bought' FROM `wk_entrance` `e` LEFT JOIN `wk_buy` `b` ON `b`.`entrance_id`=`e`.`id` WHERE  `e`.`qrcode_id` = '7214' [ RunTime:0.000226s ]
[2023-02-12T15:00:20+08:00][sql] SELECT `e`.`id`,`e`.`avatar`,`e`.`name`,`e`.`members`,`e`.`qr`,0 price,`e`.`expire_date`,`e`.`joinable_wc`,`e`.`status`,`e`.`reported`,`e`.`add_time`,CONVERT(IF(b.user_id = 1,'1','0'),UNSIGNED) 'bought' FROM `wk_entrance` `e` LEFT JOIN `wk_buy` `b` ON `b`.`entrance_id`=`e`.`id` WHERE  `e`.`qrcode_id` = '7213' [ RunTime:0.000166s ]
[2023-02-12T15:00:20+08:00][sql] SELECT `e`.`id`,`e`.`avatar`,`e`.`name`,`e`.`members`,`e`.`qr`,0 price,`e`.`expire_date`,`e`.`joinable_wc`,`e`.`status`,`e`.`reported`,`e`.`add_time`,CONVERT(IF(b.user_id = 1,'1','0'),UNSIGNED) 'bought' FROM `wk_entrance` `e` LEFT JOIN `wk_buy` `b` ON `b`.`entrance_id`=`e`.`id` WHERE  `e`.`qrcode_id` = '7212' [ RunTime:0.000161s ]
[2023-02-12T15:00:20+08:00][sql] SELECT `e`.`id`,`e`.`avatar`,`e`.`name`,`e`.`members`,`e`.`qr`,0 price,`e`.`expire_date`,`e`.`joinable_wc`,`e`.`status`,`e`.`reported`,`e`.`add_time`,CONVERT(IF(b.user_id = 1,'1','0'),UNSIGNED) 'bought' FROM `wk_entrance` `e` LEFT JOIN `wk_buy` `b` ON `b`.`entrance_id`=`e`.`id` WHERE  `e`.`qrcode_id` = '7211' [ RunTime:0.000202s ]
[2023-02-12T15:00:20+08:00][sql] SELECT `e`.`id`,`e`.`avatar`,`e`.`name`,`e`.`members`,`e`.`qr`,0 price,`e`.`expire_date`,`e`.`joinable_wc`,`e`.`status`,`e`.`reported`,`e`.`add_time`,CONVERT(IF(b.user_id = 1,'1','0'),UNSIGNED) 'bought' FROM `wk_entrance` `e` LEFT JOIN `wk_buy` `b` ON `b`.`entrance_id`=`e`.`id` WHERE  `e`.`qrcode_id` = '7210' [ RunTime:0.000161s ]
[2023-02-12T15:00:20+08:00][sql] SELECT `e`.`id`,`e`.`avatar`,`e`.`name`,`e`.`members`,`e`.`qr`,0 price,`e`.`expire_date`,`e`.`joinable_wc`,`e`.`status`,`e`.`reported`,`e`.`add_time`,CONVERT(IF(b.user_id = 1,'1','0'),UNSIGNED) 'bought' FROM `wk_entrance` `e` LEFT JOIN `wk_buy` `b` ON `b`.`entrance_id`=`e`.`id` WHERE  `e`.`qrcode_id` = '7209' [ RunTime:0.000160s ]
[2023-02-12T15:00:20+08:00][sql] SELECT `e`.`id`,`e`.`avatar`,`e`.`name`,`e`.`members`,`e`.`qr`,0 price,`e`.`expire_date`,`e`.`joinable_wc`,`e`.`status`,`e`.`reported`,`e`.`add_time`,CONVERT(IF(b.user_id = 1,'1','0'),UNSIGNED) 'bought' FROM `wk_entrance` `e` LEFT JOIN `wk_buy` `b` ON `b`.`entrance_id`=`e`.`id` WHERE  `e`.`qrcode_id` = '7208' [ RunTime:0.000176s ]
[2023-02-12T15:00:20+08:00][sql] SELECT `e`.`id`,`e`.`avatar`,`e`.`name`,`e`.`members`,`e`.`qr`,0 price,`e`.`expire_date`,`e`.`joinable_wc`,`e`.`status`,`e`.`reported`,`e`.`add_time`,CONVERT(IF(b.user_id = 1,'1','0'),UNSIGNED) 'bought' FROM `wk_entrance` `e` LEFT JOIN `wk_buy` `b` ON `b`.`entrance_id`=`e`.`id` WHERE  `e`.`qrcode_id` = '7207' [ RunTime:0.000229s ]
[2023-02-12T15:00:20+08:00][sql] SELECT `e`.`id`,`e`.`avatar`,`e`.`name`,`e`.`members`,`e`.`qr`,0 price,`e`.`expire_date`,`e`.`joinable_wc`,`e`.`status`,`e`.`reported`,`e`.`add_time`,CONVERT(IF(b.user_id = 1,'1','0'),UNSIGNED) 'bought' FROM `wk_entrance` `e` LEFT JOIN `wk_buy` `b` ON `b`.`entrance_id`=`e`.`id` WHERE  `e`.`qrcode_id` = '7206' [ RunTime:0.000183s ]
[2023-02-12T15:00:20+08:00][sql] SELECT `e`.`id`,`e`.`avatar`,`e`.`name`,`e`.`members`,`e`.`qr`,0 price,`e`.`expire_date`,`e`.`joinable_wc`,`e`.`status`,`e`.`reported`,`e`.`add_time`,CONVERT(IF(b.user_id = 1,'1','0'),UNSIGNED) 'bought' FROM `wk_entrance` `e` LEFT JOIN `wk_buy` `b` ON `b`.`entrance_id`=`e`.`id` WHERE  `e`.`qrcode_id` = '7205' [ RunTime:0.000162s ]
[2023-02-12T15:00:20+08:00][sql] SELECT `e`.`id`,`e`.`avatar`,`e`.`name`,`e`.`members`,`e`.`qr`,0 price,`e`.`expire_date`,`e`.`joinable_wc`,`e`.`status`,`e`.`reported`,`e`.`add_time`,CONVERT(IF(b.user_id = 1,'1','0'),UNSIGNED) 'bought' FROM `wk_entrance` `e` LEFT JOIN `wk_buy` `b` ON `b`.`entrance_id`=`e`.`id` WHERE  `e`.`qrcode_id` = '7204' [ RunTime:0.000161s ]
[2023-02-12T15:00:20+08:00][sql] SELECT `e`.`id`,`e`.`avatar`,`e`.`name`,`e`.`members`,`e`.`qr`,0 price,`e`.`expire_date`,`e`.`joinable_wc`,`e`.`status`,`e`.`reported`,`e`.`add_time`,CONVERT(IF(b.user_id = 1,'1','0'),UNSIGNED) 'bought' FROM `wk_entrance` `e` LEFT JOIN `wk_buy` `b` ON `b`.`entrance_id`=`e`.`id` WHERE  `e`.`qrcode_id` = '7203' [ RunTime:0.000158s ]
