[2023-02-13T22:25:32+08:00][sql] CONNECT:[ UseTime:0.011962s ] mysql:host=127.0.0.1;port=3306;dbname=c2;charset=utf8mb4
[2023-02-13T22:25:32+08:00][sql] SHOW FULL COLUMNS FROM `wk_user` [ RunTime:0.000582s ]
[2023-02-13T22:25:32+08:00][sql] SELECT `id`,`username`,`name`,`enable` FROM `wk_user` WHERE  `username` = 'zhizun'  AND `password` = '18654b2cd47d004109ca5ee404e002a3' LIMIT 1 [ RunTime:0.000810s ]
[2023-02-13T22:25:32+08:00][sql] UPDATE `wk_user`  SET `relogin` = 0  WHERE  `id` = 1 [ RunTime:0.006112s ]
[2023-02-13T22:25:32+08:00][sql] CONNECT:[ UseTime:0.012518s ] mysql:host=127.0.0.1;port=3306;dbname=c2;charset=utf8mb4
[2023-02-13T22:25:32+08:00][sql] SHOW FULL COLUMNS FROM `wk_user` [ RunTime:0.001574s ]
[2023-02-13T22:25:32+08:00][sql] SELECT `id` FROM `wk_user` WHERE  `id` = 1  AND `relogin` = 0 LIMIT 1 [ RunTime:0.000498s ]
[2023-02-13T22:25:32+08:00][sql] SELECT `id`,`username`,`balance`,`score` FROM `wk_user` WHERE  `id` = 1 LIMIT 1 [ RunTime:0.000624s ]
[2023-02-13T22:25:32+08:00][sql] CONNECT:[ UseTime:0.000650s ] mysql:host=127.0.0.1;port=3306;dbname=c2;charset=utf8mb4
[2023-02-13T22:25:32+08:00][sql] SHOW FULL COLUMNS FROM `wk_user` [ RunTime:0.000493s ]
[2023-02-13T22:25:32+08:00][sql] SELECT `id` FROM `wk_user` WHERE  `id` = 1  AND `relogin` = 0 LIMIT 1 [ RunTime:0.000172s ]
[2023-02-13T22:25:32+08:00][sql] SHOW FULL COLUMNS FROM `wk_qrcode_ref` [ RunTime:0.002084s ]
[2023-02-13T22:25:32+08:00][sql] SELECT COUNT(*) AS think_count FROM ( SELECT ref.id,q.id qrcode_id,q.code,q.company,q.status,q.err_msg,q.add_time,count(*) AS think_count FROM `wk_qrcode_ref` `ref` LEFT JOIN `wk_qrcode` `q` ON `q`.`id`=`ref`.`qrcode_id` WHERE  `ref`.`user_id` = '1' GROUP BY `ref`.`id` ORDER BY `ref`.`id` DESC ) `_group_count_` LIMIT 1 [ RunTime:0.049071s ]
[2023-02-13T22:25:32+08:00][sql] SHOW FULL COLUMNS FROM `wk_setting` [ RunTime:0.000536s ]
[2023-02-13T22:25:32+08:00][sql] SELECT `int_val` FROM `wk_setting` WHERE  `key` = 'qrcode_decode_price' LIMIT 1 [ RunTime:0.000727s ]
[2023-02-13T22:25:32+08:00][sql] SELECT ref.id,q.id qrcode_id,q.code,q.company,q.status,q.err_msg,q.add_time,count(*) AS think_count FROM `wk_qrcode_ref` `ref` LEFT JOIN `wk_qrcode` `q` ON `q`.`id`=`ref`.`qrcode_id` WHERE  `ref`.`user_id` = '1' GROUP BY `ref`.`id` ORDER BY `ref`.`id` DESC LIMIT 0,20 [ RunTime:0.000337s ]
[2023-02-13T22:25:32+08:00][sql] SHOW FULL COLUMNS FROM `wk_entrance` [ RunTime:0.001419s ]
[2023-02-13T22:25:32+08:00][sql] SELECT `e`.`id`,`e`.`avatar`,`e`.`name`,`e`.`members`,`e`.`qr`,0 price,`e`.`expire_date`,`e`.`joinable_wc`,`e`.`status`,`e`.`reported`,`e`.`add_time`,CONVERT(IF(b.user_id = 1,'1','0'),UNSIGNED) 'bought' FROM `wk_entrance` `e` LEFT JOIN `wk_buy` `b` ON `b`.`entrance_id`=`e`.`id` WHERE  `e`.`qrcode_id` = '7222' [ RunTime:0.002473s ]
[2023-02-13T22:25:32+08:00][sql] SELECT `e`.`id`,`e`.`avatar`,`e`.`name`,`e`.`members`,`e`.`qr`,0 price,`e`.`expire_date`,`e`.`joinable_wc`,`e`.`status`,`e`.`reported`,`e`.`add_time`,CONVERT(IF(b.user_id = 1,'1','0'),UNSIGNED) 'bought' FROM `wk_entrance` `e` LEFT JOIN `wk_buy` `b` ON `b`.`entrance_id`=`e`.`id` WHERE  `e`.`qrcode_id` = '7221' [ RunTime:0.006152s ]
[2023-02-13T22:25:32+08:00][sql] SELECT `e`.`id`,`e`.`avatar`,`e`.`name`,`e`.`members`,`e`.`qr`,0 price,`e`.`expire_date`,`e`.`joinable_wc`,`e`.`status`,`e`.`reported`,`e`.`add_time`,CONVERT(IF(b.user_id = 1,'1','0'),UNSIGNED) 'bought' FROM `wk_entrance` `e` LEFT JOIN `wk_buy` `b` ON `b`.`entrance_id`=`e`.`id` WHERE  `e`.`qrcode_id` = '7220' [ RunTime:0.000371s ]
[2023-02-13T22:25:32+08:00][sql] SELECT `e`.`id`,`e`.`avatar`,`e`.`name`,`e`.`members`,`e`.`qr`,0 price,`e`.`expire_date`,`e`.`joinable_wc`,`e`.`status`,`e`.`reported`,`e`.`add_time`,CONVERT(IF(b.user_id = 1,'1','0'),UNSIGNED) 'bought' FROM `wk_entrance` `e` LEFT JOIN `wk_buy` `b` ON `b`.`entrance_id`=`e`.`id` WHERE  `e`.`qrcode_id` = '7219' [ RunTime:0.000230s ]
[2023-02-13T22:25:32+08:00][sql] SELECT `e`.`id`,`e`.`avatar`,`e`.`name`,`e`.`members`,`e`.`qr`,0 price,`e`.`expire_date`,`e`.`joinable_wc`,`e`.`status`,`e`.`reported`,`e`.`add_time`,CONVERT(IF(b.user_id = 1,'1','0'),UNSIGNED) 'bought' FROM `wk_entrance` `e` LEFT JOIN `wk_buy` `b` ON `b`.`entrance_id`=`e`.`id` WHERE  `e`.`qrcode_id` = '7218' [ RunTime:0.000224s ]
[2023-02-13T22:25:32+08:00][sql] SELECT `e`.`id`,`e`.`avatar`,`e`.`name`,`e`.`members`,`e`.`qr`,0 price,`e`.`expire_date`,`e`.`joinable_wc`,`e`.`status`,`e`.`reported`,`e`.`add_time`,CONVERT(IF(b.user_id = 1,'1','0'),UNSIGNED) 'bought' FROM `wk_entrance` `e` LEFT JOIN `wk_buy` `b` ON `b`.`entrance_id`=`e`.`id` WHERE  `e`.`qrcode_id` = '7217' [ RunTime:0.001065s ]
[2023-02-13T22:25:32+08:00][sql] SELECT `e`.`id`,`e`.`avatar`,`e`.`name`,`e`.`members`,`e`.`qr`,0 price,`e`.`expire_date`,`e`.`joinable_wc`,`e`.`status`,`e`.`reported`,`e`.`add_time`,CONVERT(IF(b.user_id = 1,'1','0'),UNSIGNED) 'bought' FROM `wk_entrance` `e` LEFT JOIN `wk_buy` `b` ON `b`.`entrance_id`=`e`.`id` WHERE  `e`.`qrcode_id` = '7216' [ RunTime:0.000250s ]
[2023-02-13T22:25:32+08:00][sql] SELECT `e`.`id`,`e`.`avatar`,`e`.`name`,`e`.`members`,`e`.`qr`,0 price,`e`.`expire_date`,`e`.`joinable_wc`,`e`.`status`,`e`.`reported`,`e`.`add_time`,CONVERT(IF(b.user_id = 1,'1','0'),UNSIGNED) 'bought' FROM `wk_entrance` `e` LEFT JOIN `wk_buy` `b` ON `b`.`entrance_id`=`e`.`id` WHERE  `e`.`qrcode_id` = '7215' [ RunTime:0.000246s ]
[2023-02-13T22:25:32+08:00][sql] SELECT `e`.`id`,`e`.`avatar`,`e`.`name`,`e`.`members`,`e`.`qr`,0 price,`e`.`expire_date`,`e`.`joinable_wc`,`e`.`status`,`e`.`reported`,`e`.`add_time`,CONVERT(IF(b.user_id = 1,'1','0'),UNSIGNED) 'bought' FROM `wk_entrance` `e` LEFT JOIN `wk_buy` `b` ON `b`.`entrance_id`=`e`.`id` WHERE  `e`.`qrcode_id` = '7214' [ RunTime:0.000885s ]
[2023-02-13T22:25:32+08:00][sql] SELECT `e`.`id`,`e`.`avatar`,`e`.`name`,`e`.`members`,`e`.`qr`,0 price,`e`.`expire_date`,`e`.`joinable_wc`,`e`.`status`,`e`.`reported`,`e`.`add_time`,CONVERT(IF(b.user_id = 1,'1','0'),UNSIGNED) 'bought' FROM `wk_entrance` `e` LEFT JOIN `wk_buy` `b` ON `b`.`entrance_id`=`e`.`id` WHERE  `e`.`qrcode_id` = '7213' [ RunTime:0.000277s ]
[2023-02-13T22:25:32+08:00][sql] SELECT `e`.`id`,`e`.`avatar`,`e`.`name`,`e`.`members`,`e`.`qr`,0 price,`e`.`expire_date`,`e`.`joinable_wc`,`e`.`status`,`e`.`reported`,`e`.`add_time`,CONVERT(IF(b.user_id = 1,'1','0'),UNSIGNED) 'bought' FROM `wk_entrance` `e` LEFT JOIN `wk_buy` `b` ON `b`.`entrance_id`=`e`.`id` WHERE  `e`.`qrcode_id` = '7212' [ RunTime:0.000838s ]
[2023-02-13T22:25:32+08:00][sql] SELECT `e`.`id`,`e`.`avatar`,`e`.`name`,`e`.`members`,`e`.`qr`,0 price,`e`.`expire_date`,`e`.`joinable_wc`,`e`.`status`,`e`.`reported`,`e`.`add_time`,CONVERT(IF(b.user_id = 1,'1','0'),UNSIGNED) 'bought' FROM `wk_entrance` `e` LEFT JOIN `wk_buy` `b` ON `b`.`entrance_id`=`e`.`id` WHERE  `e`.`qrcode_id` = '7211' [ RunTime:0.001979s ]
[2023-02-13T22:25:32+08:00][sql] SELECT `e`.`id`,`e`.`avatar`,`e`.`name`,`e`.`members`,`e`.`qr`,0 price,`e`.`expire_date`,`e`.`joinable_wc`,`e`.`status`,`e`.`reported`,`e`.`add_time`,CONVERT(IF(b.user_id = 1,'1','0'),UNSIGNED) 'bought' FROM `wk_entrance` `e` LEFT JOIN `wk_buy` `b` ON `b`.`entrance_id`=`e`.`id` WHERE  `e`.`qrcode_id` = '7210' [ RunTime:0.000327s ]
[2023-02-13T22:25:32+08:00][sql] SELECT `e`.`id`,`e`.`avatar`,`e`.`name`,`e`.`members`,`e`.`qr`,0 price,`e`.`expire_date`,`e`.`joinable_wc`,`e`.`status`,`e`.`reported`,`e`.`add_time`,CONVERT(IF(b.user_id = 1,'1','0'),UNSIGNED) 'bought' FROM `wk_entrance` `e` LEFT JOIN `wk_buy` `b` ON `b`.`entrance_id`=`e`.`id` WHERE  `e`.`qrcode_id` = '7209' [ RunTime:0.000210s ]
[2023-02-13T22:25:32+08:00][sql] SELECT `e`.`id`,`e`.`avatar`,`e`.`name`,`e`.`members`,`e`.`qr`,0 price,`e`.`expire_date`,`e`.`joinable_wc`,`e`.`status`,`e`.`reported`,`e`.`add_time`,CONVERT(IF(b.user_id = 1,'1','0'),UNSIGNED) 'bought' FROM `wk_entrance` `e` LEFT JOIN `wk_buy` `b` ON `b`.`entrance_id`=`e`.`id` WHERE  `e`.`qrcode_id` = '7208' [ RunTime:0.000460s ]
[2023-02-13T22:25:32+08:00][sql] SELECT `e`.`id`,`e`.`avatar`,`e`.`name`,`e`.`members`,`e`.`qr`,0 price,`e`.`expire_date`,`e`.`joinable_wc`,`e`.`status`,`e`.`reported`,`e`.`add_time`,CONVERT(IF(b.user_id = 1,'1','0'),UNSIGNED) 'bought' FROM `wk_entrance` `e` LEFT JOIN `wk_buy` `b` ON `b`.`entrance_id`=`e`.`id` WHERE  `e`.`qrcode_id` = '7207' [ RunTime:0.000952s ]
[2023-02-13T22:25:32+08:00][sql] SELECT `e`.`id`,`e`.`avatar`,`e`.`name`,`e`.`members`,`e`.`qr`,0 price,`e`.`expire_date`,`e`.`joinable_wc`,`e`.`status`,`e`.`reported`,`e`.`add_time`,CONVERT(IF(b.user_id = 1,'1','0'),UNSIGNED) 'bought' FROM `wk_entrance` `e` LEFT JOIN `wk_buy` `b` ON `b`.`entrance_id`=`e`.`id` WHERE  `e`.`qrcode_id` = '7206' [ RunTime:0.000429s ]
[2023-02-13T22:25:32+08:00][sql] SELECT `e`.`id`,`e`.`avatar`,`e`.`name`,`e`.`members`,`e`.`qr`,0 price,`e`.`expire_date`,`e`.`joinable_wc`,`e`.`status`,`e`.`reported`,`e`.`add_time`,CONVERT(IF(b.user_id = 1,'1','0'),UNSIGNED) 'bought' FROM `wk_entrance` `e` LEFT JOIN `wk_buy` `b` ON `b`.`entrance_id`=`e`.`id` WHERE  `e`.`qrcode_id` = '7205' [ RunTime:0.000313s ]
[2023-02-13T22:25:32+08:00][sql] SELECT `e`.`id`,`e`.`avatar`,`e`.`name`,`e`.`members`,`e`.`qr`,0 price,`e`.`expire_date`,`e`.`joinable_wc`,`e`.`status`,`e`.`reported`,`e`.`add_time`,CONVERT(IF(b.user_id = 1,'1','0'),UNSIGNED) 'bought' FROM `wk_entrance` `e` LEFT JOIN `wk_buy` `b` ON `b`.`entrance_id`=`e`.`id` WHERE  `e`.`qrcode_id` = '7204' [ RunTime:0.000192s ]
[2023-02-13T22:25:32+08:00][sql] SELECT `e`.`id`,`e`.`avatar`,`e`.`name`,`e`.`members`,`e`.`qr`,0 price,`e`.`expire_date`,`e`.`joinable_wc`,`e`.`status`,`e`.`reported`,`e`.`add_time`,CONVERT(IF(b.user_id = 1,'1','0'),UNSIGNED) 'bought' FROM `wk_entrance` `e` LEFT JOIN `wk_buy` `b` ON `b`.`entrance_id`=`e`.`id` WHERE  `e`.`qrcode_id` = '7203' [ RunTime:0.000174s ]
[2023-02-13T22:25:32+08:00][sql] CONNECT:[ UseTime:0.012620s ] mysql:host=127.0.0.1;port=3306;dbname=c2;charset=utf8mb4
[2023-02-13T22:25:32+08:00][sql] SHOW FULL COLUMNS FROM `wk_user` [ RunTime:0.000627s ]
[2023-02-13T22:25:32+08:00][sql] SELECT `id` FROM `wk_user` WHERE  `id` = 1  AND `relogin` = 0 LIMIT 1 [ RunTime:0.000220s ]
[2023-02-13T22:25:32+08:00][sql] SHOW FULL COLUMNS FROM `wk_tag` [ RunTime:0.000454s ]
[2023-02-13T22:25:32+08:00][sql] SELECT `id`,`name` FROM `wk_tag` ORDER BY `id` [ RunTime:0.000772s ]
[2023-02-13T22:29:00+08:00][sql] CONNECT:[ UseTime:0.020860s ] mysql:host=127.0.0.1;port=3306;dbname=c2;charset=utf8mb4
[2023-02-13T22:29:00+08:00][sql] SHOW FULL COLUMNS FROM `wk_user` [ RunTime:0.001076s ]
[2023-02-13T22:29:00+08:00][sql] SELECT `id` FROM `wk_user` WHERE  `id` = 1  AND `relogin` = 0 LIMIT 1 [ RunTime:0.000388s ]
[2023-02-13T22:29:00+08:00][sql] SHOW FULL COLUMNS FROM `wk_buy` [ RunTime:0.000502s ]
[2023-02-13T22:29:00+08:00][sql] SHOW FULL COLUMNS FROM `wk_entrance` [ RunTime:0.000440s ]
[2023-02-13T22:29:00+08:00][sql] SELECT COUNT(*) AS think_count FROM ( SELECT count(*) AS think_count FROM `wk_entrance` `e` LEFT JOIN ( SELECT `id`,`entrance_id`,`user_id`,`price` FROM `wk_buy` ) `b2` ON `b2`.`entrance_id`=`e`.`id` LEFT JOIN ( SELECT * FROM `wk_buy` ) `b1` ON `b1`.`entrance_id`=`e`.`id` WHERE  `e`.`hide` = '0'  AND `e`.`expire_date` >= NOW()  AND NOT EXISTS ( SELECT `id` FROM `wk_buy` `b3` WHERE  ( `b3`.`entrance_id` = `e`.`id` )  AND `b3`.`user_id` = '1' )  AND `e`.`user_id` IN ('1','30','29') GROUP BY `e`.`id` ) `_group_count_` LIMIT 1 [ RunTime:0.207235s ]
[2023-02-13T22:29:00+08:00][sql] SHOW FULL COLUMNS FROM `wk_setting` [ RunTime:0.000666s ]
[2023-02-13T22:29:00+08:00][sql] SELECT `int_val` FROM `wk_setting` WHERE  `key` = 'entrance_status_0' LIMIT 1 [ RunTime:0.000251s ]
[2023-02-13T22:29:00+08:00][sql] SELECT `int_val` FROM `wk_setting` WHERE  `key` = 'entrance_work_joinable' LIMIT 1 [ RunTime:0.000163s ]
[2023-02-13T22:29:00+08:00][sql] SELECT `e`.`id`,`e`.`company`,`e`.`avatar`,`e`.`name`,`e`.`members`,`e`.`status`,`e`.`expire_date`,`e`.`joinable_wc`,`e`.`update_time`,`e`.`add_time`,`e`.`qr`,`e`.`im`,`e`.`type` FROM `wk_entrance` `e` LEFT JOIN ( SELECT `id`,`entrance_id`,`user_id`,`price` FROM `wk_buy` ) `b2` ON `b2`.`entrance_id`=`e`.`id` LEFT JOIN ( SELECT * FROM `wk_buy` ) `b1` ON `b1`.`entrance_id`=`e`.`id` WHERE  `e`.`hide` = '0'  AND `e`.`expire_date` >= NOW()  AND NOT EXISTS ( SELECT `id` FROM `wk_buy` `b3` WHERE  ( `b3`.`entrance_id` = `e`.`id` )  AND `b3`.`user_id` = '1' )  AND `e`.`user_id` IN ('1','30','29') GROUP BY `e`.`id` ORDER BY `e`.`update_time` DESC LIMIT 0,20 [ RunTime:0.118513s ]
[2023-02-13T22:29:02+08:00][sql] CONNECT:[ UseTime:0.000671s ] mysql:host=127.0.0.1;port=3306;dbname=c2;charset=utf8mb4
[2023-02-13T22:29:02+08:00][sql] SHOW FULL COLUMNS FROM `wk_user` [ RunTime:0.000518s ]
[2023-02-13T22:29:02+08:00][sql] SELECT `id` FROM `wk_user` WHERE  `id` = 1  AND `relogin` = 0 LIMIT 1 [ RunTime:0.000178s ]
[2023-02-13T22:29:02+08:00][sql] SHOW FULL COLUMNS FROM `wk_tag` [ RunTime:0.000899s ]
[2023-02-13T22:29:02+08:00][sql] SELECT `id`,`name` FROM `wk_tag` ORDER BY `id` [ RunTime:0.000702s ]
[2023-02-13T22:29:06+08:00][sql] CONNECT:[ UseTime:0.000684s ] mysql:host=127.0.0.1;port=3306;dbname=c2;charset=utf8mb4
[2023-02-13T22:29:06+08:00][sql] SHOW FULL COLUMNS FROM `wk_user` [ RunTime:0.001045s ]
[2023-02-13T22:29:06+08:00][sql] SELECT `id` FROM `wk_user` WHERE  `id` = 1  AND `relogin` = 0 LIMIT 1 [ RunTime:0.000364s ]
[2023-02-13T22:29:06+08:00][sql] SHOW FULL COLUMNS FROM `wk_buy` [ RunTime:0.000527s ]
[2023-02-13T22:29:06+08:00][sql] SHOW FULL COLUMNS FROM `wk_entrance` [ RunTime:0.000460s ]
[2023-02-13T22:29:06+08:00][sql] SELECT COUNT(*) AS think_count FROM ( SELECT count(*) AS think_count FROM `wk_entrance` `e` LEFT JOIN ( SELECT `id`,`entrance_id`,`user_id`,`price` FROM `wk_buy` ) `b2` ON `b2`.`entrance_id`=`e`.`id` LEFT JOIN ( SELECT * FROM `wk_buy` ) `b1` ON `b1`.`entrance_id`=`e`.`id` WHERE  `e`.`hide` = '0'  AND `e`.`expire_date` >= NOW()  AND NOT EXISTS ( SELECT `id` FROM `wk_buy` `b3` WHERE  ( `b3`.`entrance_id` = `e`.`id` )  AND `b3`.`user_id` = '1' )  AND `e`.`user_id` IN ('1','30','29') GROUP BY `e`.`id` ) `_group_count_` LIMIT 1 [ RunTime:0.165366s ]
[2023-02-13T22:29:06+08:00][sql] SHOW FULL COLUMNS FROM `wk_setting` [ RunTime:0.001118s ]
[2023-02-13T22:29:06+08:00][sql] SELECT `int_val` FROM `wk_setting` WHERE  `key` = 'entrance_status_0' LIMIT 1 [ RunTime:0.000269s ]
[2023-02-13T22:29:06+08:00][sql] SELECT `int_val` FROM `wk_setting` WHERE  `key` = 'entrance_work_joinable' LIMIT 1 [ RunTime:0.000216s ]
[2023-02-13T22:29:06+08:00][sql] SELECT `e`.`id`,`e`.`company`,`e`.`avatar`,`e`.`name`,`e`.`members`,`e`.`status`,`e`.`expire_date`,`e`.`joinable_wc`,`e`.`update_time`,`e`.`add_time`,`e`.`qr`,`e`.`im`,`e`.`type` FROM `wk_entrance` `e` LEFT JOIN ( SELECT `id`,`entrance_id`,`user_id`,`price` FROM `wk_buy` ) `b2` ON `b2`.`entrance_id`=`e`.`id` LEFT JOIN ( SELECT * FROM `wk_buy` ) `b1` ON `b1`.`entrance_id`=`e`.`id` WHERE  `e`.`hide` = '0'  AND `e`.`expire_date` >= NOW()  AND NOT EXISTS ( SELECT `id` FROM `wk_buy` `b3` WHERE  ( `b3`.`entrance_id` = `e`.`id` )  AND `b3`.`user_id` = '1' )  AND `e`.`user_id` IN ('1','30','29') GROUP BY `e`.`id` ORDER BY `e`.`update_time` DESC LIMIT 0,20 [ RunTime:0.118367s ]
[2023-02-13T22:29:07+08:00][sql] CONNECT:[ UseTime:0.024890s ] mysql:host=127.0.0.1;port=3306;dbname=c2;charset=utf8mb4
[2023-02-13T22:29:07+08:00][sql] SHOW FULL COLUMNS FROM `wk_user` [ RunTime:0.000632s ]
[2023-02-13T22:29:07+08:00][sql] SELECT `id` FROM `wk_user` WHERE  `id` = 1  AND `relogin` = 0 LIMIT 1 [ RunTime:0.000206s ]
[2023-02-13T22:29:07+08:00][sql] SHOW FULL COLUMNS FROM `wk_tag` [ RunTime:0.000347s ]
[2023-02-13T22:29:07+08:00][sql] SELECT `id`,`name` FROM `wk_tag` ORDER BY `id` [ RunTime:0.000158s ]
[2023-02-13T22:29:08+08:00][sql] CONNECT:[ UseTime:0.000711s ] mysql:host=127.0.0.1;port=3306;dbname=c2;charset=utf8mb4
[2023-02-13T22:29:08+08:00][sql] SHOW FULL COLUMNS FROM `wk_user` [ RunTime:0.000559s ]
[2023-02-13T22:29:08+08:00][sql] SELECT `id` FROM `wk_user` WHERE  `id` = 1  AND `relogin` = 0 LIMIT 1 [ RunTime:0.000271s ]
[2023-02-13T22:29:08+08:00][sql] SHOW FULL COLUMNS FROM `wk_commission` [ RunTime:0.002990s ]
[2023-02-13T22:29:08+08:00][sql] SELECT COUNT(*) AS think_count FROM `wk_commission` WHERE  `invite_user_id` = 1 LIMIT 1 [ RunTime:0.004917s ]
[2023-02-13T22:29:08+08:00][sql] SELECT `buy_user_id`,`pay`,`commission`,`rate`,`add_time` FROM `wk_commission` WHERE  `invite_user_id` = 1 LIMIT 0,20 [ RunTime:0.000429s ]
[2023-02-13T22:29:08+08:00][sql] SELECT `username` FROM `wk_user` WHERE  `id` = 2 LIMIT 1 [ RunTime:0.000165s ]
[2023-02-13T22:29:08+08:00][sql] SELECT `username` FROM `wk_user` WHERE  `id` = 2 LIMIT 1 [ RunTime:0.000138s ]
[2023-02-13T22:29:08+08:00][sql] SELECT `username` FROM `wk_user` WHERE  `id` = 2 LIMIT 1 [ RunTime:0.000138s ]
[2023-02-13T22:29:08+08:00][sql] SELECT `username` FROM `wk_user` WHERE  `id` = 2 LIMIT 1 [ RunTime:0.000141s ]
[2023-02-13T22:29:08+08:00][sql] SELECT `username` FROM `wk_user` WHERE  `id` = 2 LIMIT 1 [ RunTime:0.000135s ]
[2023-02-13T22:29:08+08:00][sql] SELECT `username` FROM `wk_user` WHERE  `id` = 2 LIMIT 1 [ RunTime:0.000141s ]
[2023-02-13T22:29:08+08:00][sql] SELECT `username` FROM `wk_user` WHERE  `id` = 2 LIMIT 1 [ RunTime:0.000130s ]
[2023-02-13T22:29:08+08:00][sql] SELECT `username` FROM `wk_user` WHERE  `id` = 2 LIMIT 1 [ RunTime:0.000137s ]
[2023-02-13T22:29:08+08:00][sql] SELECT `username` FROM `wk_user` WHERE  `id` = 2 LIMIT 1 [ RunTime:0.000144s ]
[2023-02-13T22:29:08+08:00][sql] SELECT `username` FROM `wk_user` WHERE  `id` = 2 LIMIT 1 [ RunTime:0.000141s ]
[2023-02-13T22:29:08+08:00][sql] SELECT `username` FROM `wk_user` WHERE  `id` = 2 LIMIT 1 [ RunTime:0.000158s ]
[2023-02-13T22:29:08+08:00][sql] SELECT `username` FROM `wk_user` WHERE  `id` = 2 LIMIT 1 [ RunTime:0.000135s ]
[2023-02-13T22:29:08+08:00][sql] SELECT `username` FROM `wk_user` WHERE  `id` = 2 LIMIT 1 [ RunTime:0.000141s ]
[2023-02-13T22:29:08+08:00][sql] SELECT `username` FROM `wk_user` WHERE  `id` = 2 LIMIT 1 [ RunTime:0.000137s ]
[2023-02-13T22:29:08+08:00][sql] SELECT `username` FROM `wk_user` WHERE  `id` = 86 LIMIT 1 [ RunTime:0.000982s ]
[2023-02-13T22:29:08+08:00][sql] SELECT `username` FROM `wk_user` WHERE  `id` = 86 LIMIT 1 [ RunTime:0.000184s ]
[2023-02-13T22:29:08+08:00][sql] SELECT `username` FROM `wk_user` WHERE  `id` = 71 LIMIT 1 [ RunTime:0.000138s ]
[2023-02-13T22:29:08+08:00][sql] SELECT `username` FROM `wk_user` WHERE  `id` = 71 LIMIT 1 [ RunTime:0.000136s ]
[2023-02-13T22:29:08+08:00][sql] SELECT `username` FROM `wk_user` WHERE  `id` = 71 LIMIT 1 [ RunTime:0.000136s ]
[2023-02-13T22:29:08+08:00][sql] SELECT `username` FROM `wk_user` WHERE  `id` = 71 LIMIT 1 [ RunTime:0.000139s ]
[2023-02-13T22:29:13+08:00][sql] CONNECT:[ UseTime:0.000714s ] mysql:host=127.0.0.1;port=3306;dbname=c2;charset=utf8mb4
[2023-02-13T22:29:13+08:00][sql] SHOW FULL COLUMNS FROM `wk_user` [ RunTime:0.000736s ]
[2023-02-13T22:29:13+08:00][sql] SELECT `id` FROM `wk_user` WHERE  `id` = 1  AND `relogin` = 0 LIMIT 1 [ RunTime:0.000608s ]
[2023-02-13T22:29:13+08:00][sql] SHOW FULL COLUMNS FROM `wk_tag` [ RunTime:0.000859s ]
[2023-02-13T22:29:13+08:00][sql] SELECT `id`,`name` FROM `wk_tag` ORDER BY `id` [ RunTime:0.000226s ]
[2023-02-13T22:29:13+08:00][sql] CONNECT:[ UseTime:0.000727s ] mysql:host=127.0.0.1;port=3306;dbname=c2;charset=utf8mb4
[2023-02-13T22:29:13+08:00][sql] SHOW FULL COLUMNS FROM `wk_user` [ RunTime:0.000585s ]
[2023-02-13T22:29:13+08:00][sql] SELECT `id` FROM `wk_user` WHERE  `id` = 1  AND `relogin` = 0 LIMIT 1 [ RunTime:0.000228s ]
[2023-02-13T22:29:13+08:00][sql] SHOW FULL COLUMNS FROM `wk_qrcode_ref` [ RunTime:0.002219s ]
[2023-02-13T22:29:13+08:00][sql] SELECT COUNT(*) AS think_count FROM ( SELECT ref.id,q.id qrcode_id,q.code,q.company,q.status,q.err_msg,q.add_time,count(*) AS think_count FROM `wk_qrcode_ref` `ref` LEFT JOIN `wk_qrcode` `q` ON `q`.`id`=`ref`.`qrcode_id` WHERE  `ref`.`user_id` = '1' GROUP BY `ref`.`id` ORDER BY `ref`.`id` DESC ) `_group_count_` LIMIT 1 [ RunTime:0.045963s ]
[2023-02-13T22:29:13+08:00][sql] SHOW FULL COLUMNS FROM `wk_setting` [ RunTime:0.001090s ]
[2023-02-13T22:29:13+08:00][sql] SELECT `int_val` FROM `wk_setting` WHERE  `key` = 'qrcode_decode_price' LIMIT 1 [ RunTime:0.000540s ]
[2023-02-13T22:29:13+08:00][sql] SELECT ref.id,q.id qrcode_id,q.code,q.company,q.status,q.err_msg,q.add_time,count(*) AS think_count FROM `wk_qrcode_ref` `ref` LEFT JOIN `wk_qrcode` `q` ON `q`.`id`=`ref`.`qrcode_id` WHERE  `ref`.`user_id` = '1' GROUP BY `ref`.`id` ORDER BY `ref`.`id` DESC LIMIT 0,20 [ RunTime:0.000591s ]
[2023-02-13T22:29:13+08:00][sql] SHOW FULL COLUMNS FROM `wk_entrance` [ RunTime:0.000681s ]
[2023-02-13T22:29:13+08:00][sql] SELECT `e`.`id`,`e`.`avatar`,`e`.`name`,`e`.`members`,`e`.`qr`,0 price,`e`.`expire_date`,`e`.`joinable_wc`,`e`.`status`,`e`.`reported`,`e`.`add_time`,CONVERT(IF(b.user_id = 1,'1','0'),UNSIGNED) 'bought' FROM `wk_entrance` `e` LEFT JOIN `wk_buy` `b` ON `b`.`entrance_id`=`e`.`id` WHERE  `e`.`qrcode_id` = '7222' [ RunTime:0.001929s ]
[2023-02-13T22:29:13+08:00][sql] SELECT `e`.`id`,`e`.`avatar`,`e`.`name`,`e`.`members`,`e`.`qr`,0 price,`e`.`expire_date`,`e`.`joinable_wc`,`e`.`status`,`e`.`reported`,`e`.`add_time`,CONVERT(IF(b.user_id = 1,'1','0'),UNSIGNED) 'bought' FROM `wk_entrance` `e` LEFT JOIN `wk_buy` `b` ON `b`.`entrance_id`=`e`.`id` WHERE  `e`.`qrcode_id` = '7221' [ RunTime:0.006044s ]
[2023-02-13T22:29:13+08:00][sql] SELECT `e`.`id`,`e`.`avatar`,`e`.`name`,`e`.`members`,`e`.`qr`,0 price,`e`.`expire_date`,`e`.`joinable_wc`,`e`.`status`,`e`.`reported`,`e`.`add_time`,CONVERT(IF(b.user_id = 1,'1','0'),UNSIGNED) 'bought' FROM `wk_entrance` `e` LEFT JOIN `wk_buy` `b` ON `b`.`entrance_id`=`e`.`id` WHERE  `e`.`qrcode_id` = '7220' [ RunTime:0.000303s ]
[2023-02-13T22:29:13+08:00][sql] SELECT `e`.`id`,`e`.`avatar`,`e`.`name`,`e`.`members`,`e`.`qr`,0 price,`e`.`expire_date`,`e`.`joinable_wc`,`e`.`status`,`e`.`reported`,`e`.`add_time`,CONVERT(IF(b.user_id = 1,'1','0'),UNSIGNED) 'bought' FROM `wk_entrance` `e` LEFT JOIN `wk_buy` `b` ON `b`.`entrance_id`=`e`.`id` WHERE  `e`.`qrcode_id` = '7219' [ RunTime:0.000229s ]
[2023-02-13T22:29:13+08:00][sql] SELECT `e`.`id`,`e`.`avatar`,`e`.`name`,`e`.`members`,`e`.`qr`,0 price,`e`.`expire_date`,`e`.`joinable_wc`,`e`.`status`,`e`.`reported`,`e`.`add_time`,CONVERT(IF(b.user_id = 1,'1','0'),UNSIGNED) 'bought' FROM `wk_entrance` `e` LEFT JOIN `wk_buy` `b` ON `b`.`entrance_id`=`e`.`id` WHERE  `e`.`qrcode_id` = '7218' [ RunTime:0.000248s ]
[2023-02-13T22:29:13+08:00][sql] SELECT `e`.`id`,`e`.`avatar`,`e`.`name`,`e`.`members`,`e`.`qr`,0 price,`e`.`expire_date`,`e`.`joinable_wc`,`e`.`status`,`e`.`reported`,`e`.`add_time`,CONVERT(IF(b.user_id = 1,'1','0'),UNSIGNED) 'bought' FROM `wk_entrance` `e` LEFT JOIN `wk_buy` `b` ON `b`.`entrance_id`=`e`.`id` WHERE  `e`.`qrcode_id` = '7217' [ RunTime:0.001352s ]
[2023-02-13T22:29:13+08:00][sql] SELECT `e`.`id`,`e`.`avatar`,`e`.`name`,`e`.`members`,`e`.`qr`,0 price,`e`.`expire_date`,`e`.`joinable_wc`,`e`.`status`,`e`.`reported`,`e`.`add_time`,CONVERT(IF(b.user_id = 1,'1','0'),UNSIGNED) 'bought' FROM `wk_entrance` `e` LEFT JOIN `wk_buy` `b` ON `b`.`entrance_id`=`e`.`id` WHERE  `e`.`qrcode_id` = '7216' [ RunTime:0.000262s ]
[2023-02-13T22:29:13+08:00][sql] SELECT `e`.`id`,`e`.`avatar`,`e`.`name`,`e`.`members`,`e`.`qr`,0 price,`e`.`expire_date`,`e`.`joinable_wc`,`e`.`status`,`e`.`reported`,`e`.`add_time`,CONVERT(IF(b.user_id = 1,'1','0'),UNSIGNED) 'bought' FROM `wk_entrance` `e` LEFT JOIN `wk_buy` `b` ON `b`.`entrance_id`=`e`.`id` WHERE  `e`.`qrcode_id` = '7215' [ RunTime:0.000322s ]
[2023-02-13T22:29:13+08:00][sql] SELECT `e`.`id`,`e`.`avatar`,`e`.`name`,`e`.`members`,`e`.`qr`,0 price,`e`.`expire_date`,`e`.`joinable_wc`,`e`.`status`,`e`.`reported`,`e`.`add_time`,CONVERT(IF(b.user_id = 1,'1','0'),UNSIGNED) 'bought' FROM `wk_entrance` `e` LEFT JOIN `wk_buy` `b` ON `b`.`entrance_id`=`e`.`id` WHERE  `e`.`qrcode_id` = '7214' [ RunTime:0.001096s ]
[2023-02-13T22:29:13+08:00][sql] SELECT `e`.`id`,`e`.`avatar`,`e`.`name`,`e`.`members`,`e`.`qr`,0 price,`e`.`expire_date`,`e`.`joinable_wc`,`e`.`status`,`e`.`reported`,`e`.`add_time`,CONVERT(IF(b.user_id = 1,'1','0'),UNSIGNED) 'bought' FROM `wk_entrance` `e` LEFT JOIN `wk_buy` `b` ON `b`.`entrance_id`=`e`.`id` WHERE  `e`.`qrcode_id` = '7213' [ RunTime:0.001194s ]
[2023-02-13T22:29:13+08:00][sql] SELECT `e`.`id`,`e`.`avatar`,`e`.`name`,`e`.`members`,`e`.`qr`,0 price,`e`.`expire_date`,`e`.`joinable_wc`,`e`.`status`,`e`.`reported`,`e`.`add_time`,CONVERT(IF(b.user_id = 1,'1','0'),UNSIGNED) 'bought' FROM `wk_entrance` `e` LEFT JOIN `wk_buy` `b` ON `b`.`entrance_id`=`e`.`id` WHERE  `e`.`qrcode_id` = '7212' [ RunTime:0.000556s ]
[2023-02-13T22:29:13+08:00][sql] SELECT `e`.`id`,`e`.`avatar`,`e`.`name`,`e`.`members`,`e`.`qr`,0 price,`e`.`expire_date`,`e`.`joinable_wc`,`e`.`status`,`e`.`reported`,`e`.`add_time`,CONVERT(IF(b.user_id = 1,'1','0'),UNSIGNED) 'bought' FROM `wk_entrance` `e` LEFT JOIN `wk_buy` `b` ON `b`.`entrance_id`=`e`.`id` WHERE  `e`.`qrcode_id` = '7211' [ RunTime:0.001229s ]
[2023-02-13T22:29:13+08:00][sql] SELECT `e`.`id`,`e`.`avatar`,`e`.`name`,`e`.`members`,`e`.`qr`,0 price,`e`.`expire_date`,`e`.`joinable_wc`,`e`.`status`,`e`.`reported`,`e`.`add_time`,CONVERT(IF(b.user_id = 1,'1','0'),UNSIGNED) 'bought' FROM `wk_entrance` `e` LEFT JOIN `wk_buy` `b` ON `b`.`entrance_id`=`e`.`id` WHERE  `e`.`qrcode_id` = '7210' [ RunTime:0.000274s ]
[2023-02-13T22:29:13+08:00][sql] SELECT `e`.`id`,`e`.`avatar`,`e`.`name`,`e`.`members`,`e`.`qr`,0 price,`e`.`expire_date`,`e`.`joinable_wc`,`e`.`status`,`e`.`reported`,`e`.`add_time`,CONVERT(IF(b.user_id = 1,'1','0'),UNSIGNED) 'bought' FROM `wk_entrance` `e` LEFT JOIN `wk_buy` `b` ON `b`.`entrance_id`=`e`.`id` WHERE  `e`.`qrcode_id` = '7209' [ RunTime:0.000202s ]
[2023-02-13T22:29:13+08:00][sql] SELECT `e`.`id`,`e`.`avatar`,`e`.`name`,`e`.`members`,`e`.`qr`,0 price,`e`.`expire_date`,`e`.`joinable_wc`,`e`.`status`,`e`.`reported`,`e`.`add_time`,CONVERT(IF(b.user_id = 1,'1','0'),UNSIGNED) 'bought' FROM `wk_entrance` `e` LEFT JOIN `wk_buy` `b` ON `b`.`entrance_id`=`e`.`id` WHERE  `e`.`qrcode_id` = '7208' [ RunTime:0.000474s ]
[2023-02-13T22:29:13+08:00][sql] SELECT `e`.`id`,`e`.`avatar`,`e`.`name`,`e`.`members`,`e`.`qr`,0 price,`e`.`expire_date`,`e`.`joinable_wc`,`e`.`status`,`e`.`reported`,`e`.`add_time`,CONVERT(IF(b.user_id = 1,'1','0'),UNSIGNED) 'bought' FROM `wk_entrance` `e` LEFT JOIN `wk_buy` `b` ON `b`.`entrance_id`=`e`.`id` WHERE  `e`.`qrcode_id` = '7207' [ RunTime:0.000501s ]
[2023-02-13T22:29:13+08:00][sql] SELECT `e`.`id`,`e`.`avatar`,`e`.`name`,`e`.`members`,`e`.`qr`,0 price,`e`.`expire_date`,`e`.`joinable_wc`,`e`.`status`,`e`.`reported`,`e`.`add_time`,CONVERT(IF(b.user_id = 1,'1','0'),UNSIGNED) 'bought' FROM `wk_entrance` `e` LEFT JOIN `wk_buy` `b` ON `b`.`entrance_id`=`e`.`id` WHERE  `e`.`qrcode_id` = '7206' [ RunTime:0.000196s ]
[2023-02-13T22:29:13+08:00][sql] SELECT `e`.`id`,`e`.`avatar`,`e`.`name`,`e`.`members`,`e`.`qr`,0 price,`e`.`expire_date`,`e`.`joinable_wc`,`e`.`status`,`e`.`reported`,`e`.`add_time`,CONVERT(IF(b.user_id = 1,'1','0'),UNSIGNED) 'bought' FROM `wk_entrance` `e` LEFT JOIN `wk_buy` `b` ON `b`.`entrance_id`=`e`.`id` WHERE  `e`.`qrcode_id` = '7205' [ RunTime:0.000200s ]
[2023-02-13T22:29:13+08:00][sql] SELECT `e`.`id`,`e`.`avatar`,`e`.`name`,`e`.`members`,`e`.`qr`,0 price,`e`.`expire_date`,`e`.`joinable_wc`,`e`.`status`,`e`.`reported`,`e`.`add_time`,CONVERT(IF(b.user_id = 1,'1','0'),UNSIGNED) 'bought' FROM `wk_entrance` `e` LEFT JOIN `wk_buy` `b` ON `b`.`entrance_id`=`e`.`id` WHERE  `e`.`qrcode_id` = '7204' [ RunTime:0.000251s ]
[2023-02-13T22:29:13+08:00][sql] SELECT `e`.`id`,`e`.`avatar`,`e`.`name`,`e`.`members`,`e`.`qr`,0 price,`e`.`expire_date`,`e`.`joinable_wc`,`e`.`status`,`e`.`reported`,`e`.`add_time`,CONVERT(IF(b.user_id = 1,'1','0'),UNSIGNED) 'bought' FROM `wk_entrance` `e` LEFT JOIN `wk_buy` `b` ON `b`.`entrance_id`=`e`.`id` WHERE  `e`.`qrcode_id` = '7203' [ RunTime:0.000197s ]
