[2023-02-04T13:18:59+08:00][sql] CONNECT:[ UseTime:0.001408s ] mysql:host=127.0.0.1;port=3306;dbname=c2;charset=utf8mb4
[2023-02-04T13:18:59+08:00][sql] SHOW FULL COLUMNS FROM `wk_manager` [ RunTime:0.001765s ]
[2023-02-04T13:18:59+08:00][sql] SELECT `id`,`username`,`enable` FROM `wk_manager` WHERE  `username` = 'zhizun'  AND `password` = '18654b2cd47d004109ca5ee404e002a3' LIMIT 1 [ RunTime:0.000401s ]
[2023-02-04T13:18:59+08:00][sql] UPDATE `wk_manager`  SET `relogin` = 0  WHERE  `id` = 1 [ RunTime:0.003509s ]
[2023-02-04T13:19:00+08:00][sql] CONNECT:[ UseTime:0.001335s ] mysql:host=127.0.0.1;port=3306;dbname=c2;charset=utf8mb4
[2023-02-04T13:19:00+08:00][sql] SHOW FULL COLUMNS FROM `wk_manager` [ RunTime:0.001701s ]
[2023-02-04T13:19:00+08:00][sql] SELECT `id` FROM `wk_manager` WHERE  `id` = 1  AND `relogin` = 0 LIMIT 1 [ RunTime:0.000419s ]
[2023-02-04T13:19:00+08:00][sql] SELECT `id`,`username` FROM `wk_manager` WHERE  `id` = 1 LIMIT 1 [ RunTime:0.000534s ]
[2023-02-04T13:19:00+08:00][sql] CONNECT:[ UseTime:0.000925s ] mysql:host=127.0.0.1;port=3306;dbname=c2;charset=utf8mb4
[2023-02-04T13:19:00+08:00][sql] SHOW FULL COLUMNS FROM `wk_manager` [ RunTime:0.001521s ]
[2023-02-04T13:19:00+08:00][sql] SELECT `id` FROM `wk_manager` WHERE  `id` = 1  AND `relogin` = 0 LIMIT 1 [ RunTime:0.000197s ]
[2023-02-04T13:19:00+08:00][sql] SHOW FULL COLUMNS FROM `wk_provider` [ RunTime:0.001155s ]
[2023-02-04T13:19:00+08:00][sql] SELECT COUNT(*) AS think_count FROM `wk_provider` WHERE  `manager_id` = 1  AND `enable` = 1 LIMIT 1 [ RunTime:0.000312s ]
[2023-02-04T13:19:00+08:00][sql] SELECT `id`,`username`,`enable`,`add_time` FROM `wk_provider` WHERE  `manager_id` = 1  AND `enable` = 1 ORDER BY `id` ASC LIMIT 0,20 [ RunTime:0.000339s ]
[2023-02-04T13:19:00+08:00][sql] SHOW FULL COLUMNS FROM `wk_qrcode` [ RunTime:0.001611s ]
[2023-02-04T13:19:00+08:00][sql] SELECT COUNT(id),`provider_id` FROM `wk_qrcode` WHERE  `provider_id` = 1 GROUP BY `provider_id` [ RunTime:0.001192s ]
[2023-02-04T13:19:00+08:00][sql] SHOW FULL COLUMNS FROM `wk_entrance` [ RunTime:0.001403s ]
[2023-02-04T13:19:00+08:00][sql] SELECT COUNT(id),`provider_id` FROM `wk_entrance` WHERE  `provider_id` = 1 GROUP BY `provider_id` [ RunTime:0.005381s ]
[2023-02-04T13:51:28+08:00][sql] CONNECT:[ UseTime:0.000822s ] mysql:host=127.0.0.1;port=3306;dbname=c2;charset=utf8mb4
[2023-02-04T13:51:28+08:00][sql] SHOW FULL COLUMNS FROM `wk_manager` [ RunTime:0.001845s ]
[2023-02-04T13:51:28+08:00][sql] SELECT `id` FROM `wk_manager` WHERE  `id` = 1  AND `relogin` = 0 LIMIT 1 [ RunTime:0.000265s ]
[2023-02-04T13:51:28+08:00][sql] SHOW FULL COLUMNS FROM `wk_entrance` [ RunTime:0.001577s ]
[2023-02-04T13:51:28+08:00][sql] SHOW FULL COLUMNS FROM `wk_provider` [ RunTime:0.001500s ]
[2023-02-04T13:51:28+08:00][sql] SELECT `e`.`id`,`e`.`qrcode_id`,`e`.`name`,`e`.`avatar`,`e`.`expire_date`,`e`.`members`,IF(e.source=1,IFNULL(e.im,e.im2),NULL) im,`e`.`hide`,`e`.`add_time`,`e`.`company`,`e`.`remark`,`e`.`province`,`e`.`city`,`e`.`district`,GROUP_CONCAT(DISTINCT t.name) tags,`e`.`type`,COUNT(DISTINCT b.id) buy_cnt,`e`.`status` FROM `wk_entrance` `e` LEFT JOIN `wk_buy` `b` ON `b`.`entrance_id`=`e`.`id` LEFT JOIN `wk_tag` `t` ON FIND_IN_SET(t.id,e.tags) WHERE  `provider_id` IN (SELECT `id` FROM `wk_provider` WHERE  `manager_id` = 1) GROUP BY `e`.`id` ORDER BY `e`.`id` DESC LIMIT 0,20 [ RunTime:0.304000s ]
[2023-02-04T13:51:28+08:00][sql] SELECT COUNT(*) AS think_count FROM ( SELECT count(*) AS think_count FROM `wk_entrance` `e` LEFT JOIN `wk_buy` `b` ON `b`.`entrance_id`=`e`.`id` LEFT JOIN `wk_tag` `t` ON FIND_IN_SET(t.id,e.tags) WHERE  `provider_id` IN (SELECT `id` FROM `wk_provider` WHERE  `manager_id` = 1) GROUP BY `e`.`id` ORDER BY `e`.`id` DESC LIMIT 0,20 ) `_group_count_` LIMIT 1 [ RunTime:0.108390s ]
[2023-02-04T13:51:37+08:00][sql] CONNECT:[ UseTime:0.000598s ] mysql:host=127.0.0.1;port=3306;dbname=c2;charset=utf8mb4
[2023-02-04T13:51:37+08:00][sql] SHOW FULL COLUMNS FROM `wk_manager` [ RunTime:0.001266s ]
[2023-02-04T13:51:37+08:00][sql] SELECT `id` FROM `wk_manager` WHERE  `id` = 1  AND `relogin` = 0 LIMIT 1 [ RunTime:0.000249s ]
[2023-02-04T13:51:37+08:00][sql] SHOW FULL COLUMNS FROM `wk_qrcode` [ RunTime:0.001188s ]
[2023-02-04T13:51:37+08:00][sql] SHOW FULL COLUMNS FROM `wk_provider` [ RunTime:0.001450s ]
[2023-02-04T13:51:37+08:00][sql] SELECT q.id,q.code,q.company,q.province,q.city,q.district,q.remark,q.status,q.sub_status,q.valid,q.valid_time,q.err_msg,GROUP_CONCAT(t.name) tags,q.add_time FROM `wk_qrcode` `q` LEFT JOIN `wk_tag` `t` ON FIND_IN_SET(t.id,q.tags) WHERE  `q`.`provider_id` IN (SELECT `id` FROM `wk_provider` WHERE  `manager_id` = 1) GROUP BY `q`.`id` LIMIT 0,20 [ RunTime:0.033668s ]
[2023-02-04T13:51:37+08:00][sql] SHOW FULL COLUMNS FROM `wk_entrance` [ RunTime:0.001778s ]
[2023-02-04T13:51:37+08:00][sql] SELECT `e`.`id`,`e`.`avatar`,`e`.`name`,`e`.`members`,`e`.`qr`,`e`.`expire_date`,`e`.`joinable`,`e`.`reported`,`e`.`add_time` FROM `wk_entrance` `e` WHERE  `e`.`qrcode_id` = '9212'  AND `e`.`expire_date` >= NOW() [ RunTime:0.000864s ]
[2023-02-04T13:51:37+08:00][sql] SELECT `e`.`id`,`e`.`avatar`,`e`.`name`,`e`.`members`,`e`.`qr`,`e`.`expire_date`,`e`.`joinable`,`e`.`reported`,`e`.`add_time` FROM `wk_entrance` `e` WHERE  `e`.`qrcode_id` = '9213'  AND `e`.`expire_date` >= NOW() [ RunTime:0.000636s ]
[2023-02-04T13:51:37+08:00][sql] SELECT `e`.`id`,`e`.`avatar`,`e`.`name`,`e`.`members`,`e`.`qr`,`e`.`expire_date`,`e`.`joinable`,`e`.`reported`,`e`.`add_time` FROM `wk_entrance` `e` WHERE  `e`.`qrcode_id` = '9214'  AND `e`.`expire_date` >= NOW() [ RunTime:0.000482s ]
[2023-02-04T13:51:37+08:00][sql] SELECT `e`.`id`,`e`.`avatar`,`e`.`name`,`e`.`members`,`e`.`qr`,`e`.`expire_date`,`e`.`joinable`,`e`.`reported`,`e`.`add_time` FROM `wk_entrance` `e` WHERE  `e`.`qrcode_id` = '9215'  AND `e`.`expire_date` >= NOW() [ RunTime:0.000882s ]
[2023-02-04T13:51:37+08:00][sql] SELECT `e`.`id`,`e`.`avatar`,`e`.`name`,`e`.`members`,`e`.`qr`,`e`.`expire_date`,`e`.`joinable`,`e`.`reported`,`e`.`add_time` FROM `wk_entrance` `e` WHERE  `e`.`qrcode_id` = '10256'  AND `e`.`expire_date` >= NOW() [ RunTime:0.000612s ]
[2023-02-04T13:51:37+08:00][sql] SELECT `e`.`id`,`e`.`avatar`,`e`.`name`,`e`.`members`,`e`.`qr`,`e`.`expire_date`,`e`.`joinable`,`e`.`reported`,`e`.`add_time` FROM `wk_entrance` `e` WHERE  `e`.`qrcode_id` = '10257'  AND `e`.`expire_date` >= NOW() [ RunTime:0.000840s ]
[2023-02-04T13:51:37+08:00][sql] SELECT `e`.`id`,`e`.`avatar`,`e`.`name`,`e`.`members`,`e`.`qr`,`e`.`expire_date`,`e`.`joinable`,`e`.`reported`,`e`.`add_time` FROM `wk_entrance` `e` WHERE  `e`.`qrcode_id` = '10258'  AND `e`.`expire_date` >= NOW() [ RunTime:0.000446s ]
[2023-02-04T13:51:37+08:00][sql] SELECT `e`.`id`,`e`.`avatar`,`e`.`name`,`e`.`members`,`e`.`qr`,`e`.`expire_date`,`e`.`joinable`,`e`.`reported`,`e`.`add_time` FROM `wk_entrance` `e` WHERE  `e`.`qrcode_id` = '10259'  AND `e`.`expire_date` >= NOW() [ RunTime:0.000442s ]
[2023-02-04T13:51:37+08:00][sql] SELECT `e`.`id`,`e`.`avatar`,`e`.`name`,`e`.`members`,`e`.`qr`,`e`.`expire_date`,`e`.`joinable`,`e`.`reported`,`e`.`add_time` FROM `wk_entrance` `e` WHERE  `e`.`qrcode_id` = '10260'  AND `e`.`expire_date` >= NOW() [ RunTime:0.000314s ]
[2023-02-04T13:51:37+08:00][sql] SELECT `e`.`id`,`e`.`avatar`,`e`.`name`,`e`.`members`,`e`.`qr`,`e`.`expire_date`,`e`.`joinable`,`e`.`reported`,`e`.`add_time` FROM `wk_entrance` `e` WHERE  `e`.`qrcode_id` = '10261'  AND `e`.`expire_date` >= NOW() [ RunTime:0.000249s ]
[2023-02-04T13:51:37+08:00][sql] SELECT `e`.`id`,`e`.`avatar`,`e`.`name`,`e`.`members`,`e`.`qr`,`e`.`expire_date`,`e`.`joinable`,`e`.`reported`,`e`.`add_time` FROM `wk_entrance` `e` WHERE  `e`.`qrcode_id` = '10262'  AND `e`.`expire_date` >= NOW() [ RunTime:0.000272s ]
[2023-02-04T13:51:37+08:00][sql] SELECT `e`.`id`,`e`.`avatar`,`e`.`name`,`e`.`members`,`e`.`qr`,`e`.`expire_date`,`e`.`joinable`,`e`.`reported`,`e`.`add_time` FROM `wk_entrance` `e` WHERE  `e`.`qrcode_id` = '10263'  AND `e`.`expire_date` >= NOW() [ RunTime:0.000297s ]
[2023-02-04T13:51:37+08:00][sql] SELECT `e`.`id`,`e`.`avatar`,`e`.`name`,`e`.`members`,`e`.`qr`,`e`.`expire_date`,`e`.`joinable`,`e`.`reported`,`e`.`add_time` FROM `wk_entrance` `e` WHERE  `e`.`qrcode_id` = '10264'  AND `e`.`expire_date` >= NOW() [ RunTime:0.000384s ]
[2023-02-04T13:51:37+08:00][sql] SELECT `e`.`id`,`e`.`avatar`,`e`.`name`,`e`.`members`,`e`.`qr`,`e`.`expire_date`,`e`.`joinable`,`e`.`reported`,`e`.`add_time` FROM `wk_entrance` `e` WHERE  `e`.`qrcode_id` = '10265'  AND `e`.`expire_date` >= NOW() [ RunTime:0.000372s ]
[2023-02-04T13:51:37+08:00][sql] SELECT `e`.`id`,`e`.`avatar`,`e`.`name`,`e`.`members`,`e`.`qr`,`e`.`expire_date`,`e`.`joinable`,`e`.`reported`,`e`.`add_time` FROM `wk_entrance` `e` WHERE  `e`.`qrcode_id` = '10266'  AND `e`.`expire_date` >= NOW() [ RunTime:0.000411s ]
[2023-02-04T13:51:37+08:00][sql] SELECT `e`.`id`,`e`.`avatar`,`e`.`name`,`e`.`members`,`e`.`qr`,`e`.`expire_date`,`e`.`joinable`,`e`.`reported`,`e`.`add_time` FROM `wk_entrance` `e` WHERE  `e`.`qrcode_id` = '10267'  AND `e`.`expire_date` >= NOW() [ RunTime:0.000352s ]
[2023-02-04T13:51:37+08:00][sql] SELECT `e`.`id`,`e`.`avatar`,`e`.`name`,`e`.`members`,`e`.`qr`,`e`.`expire_date`,`e`.`joinable`,`e`.`reported`,`e`.`add_time` FROM `wk_entrance` `e` WHERE  `e`.`qrcode_id` = '10268'  AND `e`.`expire_date` >= NOW() [ RunTime:0.000307s ]
[2023-02-04T13:51:37+08:00][sql] SELECT `e`.`id`,`e`.`avatar`,`e`.`name`,`e`.`members`,`e`.`qr`,`e`.`expire_date`,`e`.`joinable`,`e`.`reported`,`e`.`add_time` FROM `wk_entrance` `e` WHERE  `e`.`qrcode_id` = '10269'  AND `e`.`expire_date` >= NOW() [ RunTime:0.000345s ]
[2023-02-04T13:51:37+08:00][sql] SELECT `e`.`id`,`e`.`avatar`,`e`.`name`,`e`.`members`,`e`.`qr`,`e`.`expire_date`,`e`.`joinable`,`e`.`reported`,`e`.`add_time` FROM `wk_entrance` `e` WHERE  `e`.`qrcode_id` = '10270'  AND `e`.`expire_date` >= NOW() [ RunTime:0.000294s ]
[2023-02-04T13:51:37+08:00][sql] SELECT `e`.`id`,`e`.`avatar`,`e`.`name`,`e`.`members`,`e`.`qr`,`e`.`expire_date`,`e`.`joinable`,`e`.`reported`,`e`.`add_time` FROM `wk_entrance` `e` WHERE  `e`.`qrcode_id` = '10271'  AND `e`.`expire_date` >= NOW() [ RunTime:0.000441s ]
[2023-02-04T13:51:37+08:00][sql] SELECT COUNT(*) AS think_count FROM `wk_qrcode` WHERE  `provider_id` IN (SELECT `id` FROM `wk_provider` WHERE  `manager_id` = 1) LIMIT 1 [ RunTime:0.001195s ]
[2023-02-04T13:51:41+08:00][sql] CONNECT:[ UseTime:0.000521s ] mysql:host=127.0.0.1;port=3306;dbname=c2;charset=utf8mb4
[2023-02-04T13:51:41+08:00][sql] SHOW FULL COLUMNS FROM `wk_manager` [ RunTime:0.001347s ]
[2023-02-04T13:51:41+08:00][sql] SELECT `id` FROM `wk_manager` WHERE  `id` = 1  AND `relogin` = 0 LIMIT 1 [ RunTime:0.000304s ]
[2023-02-04T13:51:41+08:00][sql] SHOW FULL COLUMNS FROM `wk_entrance` [ RunTime:0.001289s ]
[2023-02-04T13:51:41+08:00][sql] SHOW FULL COLUMNS FROM `wk_provider` [ RunTime:0.001059s ]
[2023-02-04T13:51:41+08:00][sql] SELECT `e`.`id`,`e`.`qrcode_id`,`e`.`name`,`e`.`avatar`,`e`.`expire_date`,`e`.`members`,IF(e.source=1,IFNULL(e.im,e.im2),NULL) im,`e`.`hide`,`e`.`add_time`,`e`.`company`,`e`.`remark`,`e`.`province`,`e`.`city`,`e`.`district`,GROUP_CONCAT(DISTINCT t.name) tags,`e`.`type`,COUNT(DISTINCT b.id) buy_cnt,`e`.`status` FROM `wk_entrance` `e` LEFT JOIN `wk_buy` `b` ON `b`.`entrance_id`=`e`.`id` LEFT JOIN `wk_tag` `t` ON FIND_IN_SET(t.id,e.tags) WHERE  `provider_id` IN (SELECT `id` FROM `wk_provider` WHERE  `manager_id` = 1) GROUP BY `e`.`id` ORDER BY `e`.`id` DESC LIMIT 0,20 [ RunTime:0.001782s ]
[2023-02-04T13:51:41+08:00][sql] SELECT COUNT(*) AS think_count FROM ( SELECT count(*) AS think_count FROM `wk_entrance` `e` LEFT JOIN `wk_buy` `b` ON `b`.`entrance_id`=`e`.`id` LEFT JOIN `wk_tag` `t` ON FIND_IN_SET(t.id,e.tags) WHERE  `provider_id` IN (SELECT `id` FROM `wk_provider` WHERE  `manager_id` = 1) GROUP BY `e`.`id` ORDER BY `e`.`id` DESC LIMIT 0,20 ) `_group_count_` LIMIT 1 [ RunTime:0.000488s ]
[2023-02-04T13:51:53+08:00][sql] CONNECT:[ UseTime:0.000584s ] mysql:host=127.0.0.1;port=3306;dbname=c2;charset=utf8mb4
[2023-02-04T13:51:53+08:00][sql] SHOW FULL COLUMNS FROM `wk_manager` [ RunTime:0.001315s ]
[2023-02-04T13:51:53+08:00][sql] SELECT `id` FROM `wk_manager` WHERE  `id` = 1  AND `relogin` = 0 LIMIT 1 [ RunTime:0.000279s ]
[2023-02-04T13:51:53+08:00][sql] SHOW FULL COLUMNS FROM `wk_qrcode` [ RunTime:0.001119s ]
[2023-02-04T13:51:53+08:00][sql] SHOW FULL COLUMNS FROM `wk_provider` [ RunTime:0.001341s ]
[2023-02-04T13:51:53+08:00][sql] SELECT q.id,q.code,q.company,q.province,q.city,q.district,q.remark,q.status,q.sub_status,q.valid,q.valid_time,q.err_msg,GROUP_CONCAT(t.name) tags,q.add_time FROM `wk_qrcode` `q` LEFT JOIN `wk_tag` `t` ON FIND_IN_SET(t.id,q.tags) WHERE  `q`.`provider_id` IN (SELECT `id` FROM `wk_provider` WHERE  `manager_id` = 1) GROUP BY `q`.`id` LIMIT 0,20 [ RunTime:0.000842s ]
[2023-02-04T13:51:53+08:00][sql] SHOW FULL COLUMNS FROM `wk_entrance` [ RunTime:0.001022s ]
[2023-02-04T13:51:53+08:00][sql] SELECT `e`.`id`,`e`.`avatar`,`e`.`name`,`e`.`members`,`e`.`qr`,`e`.`expire_date`,`e`.`joinable`,`e`.`reported`,`e`.`add_time` FROM `wk_entrance` `e` WHERE  `e`.`qrcode_id` = '9212'  AND `e`.`expire_date` >= NOW() [ RunTime:0.000610s ]
[2023-02-04T13:51:53+08:00][sql] SELECT `e`.`id`,`e`.`avatar`,`e`.`name`,`e`.`members`,`e`.`qr`,`e`.`expire_date`,`e`.`joinable`,`e`.`reported`,`e`.`add_time` FROM `wk_entrance` `e` WHERE  `e`.`qrcode_id` = '9213'  AND `e`.`expire_date` >= NOW() [ RunTime:0.000583s ]
[2023-02-04T13:51:53+08:00][sql] SELECT `e`.`id`,`e`.`avatar`,`e`.`name`,`e`.`members`,`e`.`qr`,`e`.`expire_date`,`e`.`joinable`,`e`.`reported`,`e`.`add_time` FROM `wk_entrance` `e` WHERE  `e`.`qrcode_id` = '9214'  AND `e`.`expire_date` >= NOW() [ RunTime:0.000537s ]
[2023-02-04T13:51:53+08:00][sql] SELECT `e`.`id`,`e`.`avatar`,`e`.`name`,`e`.`members`,`e`.`qr`,`e`.`expire_date`,`e`.`joinable`,`e`.`reported`,`e`.`add_time` FROM `wk_entrance` `e` WHERE  `e`.`qrcode_id` = '9215'  AND `e`.`expire_date` >= NOW() [ RunTime:0.000570s ]
[2023-02-04T13:51:53+08:00][sql] SELECT `e`.`id`,`e`.`avatar`,`e`.`name`,`e`.`members`,`e`.`qr`,`e`.`expire_date`,`e`.`joinable`,`e`.`reported`,`e`.`add_time` FROM `wk_entrance` `e` WHERE  `e`.`qrcode_id` = '10256'  AND `e`.`expire_date` >= NOW() [ RunTime:0.000378s ]
[2023-02-04T13:51:53+08:00][sql] SELECT `e`.`id`,`e`.`avatar`,`e`.`name`,`e`.`members`,`e`.`qr`,`e`.`expire_date`,`e`.`joinable`,`e`.`reported`,`e`.`add_time` FROM `wk_entrance` `e` WHERE  `e`.`qrcode_id` = '10257'  AND `e`.`expire_date` >= NOW() [ RunTime:0.000420s ]
[2023-02-04T13:51:53+08:00][sql] SELECT `e`.`id`,`e`.`avatar`,`e`.`name`,`e`.`members`,`e`.`qr`,`e`.`expire_date`,`e`.`joinable`,`e`.`reported`,`e`.`add_time` FROM `wk_entrance` `e` WHERE  `e`.`qrcode_id` = '10258'  AND `e`.`expire_date` >= NOW() [ RunTime:0.000356s ]
[2023-02-04T13:51:53+08:00][sql] SELECT `e`.`id`,`e`.`avatar`,`e`.`name`,`e`.`members`,`e`.`qr`,`e`.`expire_date`,`e`.`joinable`,`e`.`reported`,`e`.`add_time` FROM `wk_entrance` `e` WHERE  `e`.`qrcode_id` = '10259'  AND `e`.`expire_date` >= NOW() [ RunTime:0.000456s ]
[2023-02-04T13:51:53+08:00][sql] SELECT `e`.`id`,`e`.`avatar`,`e`.`name`,`e`.`members`,`e`.`qr`,`e`.`expire_date`,`e`.`joinable`,`e`.`reported`,`e`.`add_time` FROM `wk_entrance` `e` WHERE  `e`.`qrcode_id` = '10260'  AND `e`.`expire_date` >= NOW() [ RunTime:0.000342s ]
[2023-02-04T13:51:53+08:00][sql] SELECT `e`.`id`,`e`.`avatar`,`e`.`name`,`e`.`members`,`e`.`qr`,`e`.`expire_date`,`e`.`joinable`,`e`.`reported`,`e`.`add_time` FROM `wk_entrance` `e` WHERE  `e`.`qrcode_id` = '10261'  AND `e`.`expire_date` >= NOW() [ RunTime:0.000276s ]
[2023-02-04T13:51:53+08:00][sql] SELECT `e`.`id`,`e`.`avatar`,`e`.`name`,`e`.`members`,`e`.`qr`,`e`.`expire_date`,`e`.`joinable`,`e`.`reported`,`e`.`add_time` FROM `wk_entrance` `e` WHERE  `e`.`qrcode_id` = '10262'  AND `e`.`expire_date` >= NOW() [ RunTime:0.000307s ]
[2023-02-04T13:51:53+08:00][sql] SELECT `e`.`id`,`e`.`avatar`,`e`.`name`,`e`.`members`,`e`.`qr`,`e`.`expire_date`,`e`.`joinable`,`e`.`reported`,`e`.`add_time` FROM `wk_entrance` `e` WHERE  `e`.`qrcode_id` = '10263'  AND `e`.`expire_date` >= NOW() [ RunTime:0.000323s ]
[2023-02-04T13:51:53+08:00][sql] SELECT `e`.`id`,`e`.`avatar`,`e`.`name`,`e`.`members`,`e`.`qr`,`e`.`expire_date`,`e`.`joinable`,`e`.`reported`,`e`.`add_time` FROM `wk_entrance` `e` WHERE  `e`.`qrcode_id` = '10264'  AND `e`.`expire_date` >= NOW() [ RunTime:0.000409s ]
[2023-02-04T13:51:53+08:00][sql] SELECT `e`.`id`,`e`.`avatar`,`e`.`name`,`e`.`members`,`e`.`qr`,`e`.`expire_date`,`e`.`joinable`,`e`.`reported`,`e`.`add_time` FROM `wk_entrance` `e` WHERE  `e`.`qrcode_id` = '10265'  AND `e`.`expire_date` >= NOW() [ RunTime:0.000510s ]
[2023-02-04T13:51:53+08:00][sql] SELECT `e`.`id`,`e`.`avatar`,`e`.`name`,`e`.`members`,`e`.`qr`,`e`.`expire_date`,`e`.`joinable`,`e`.`reported`,`e`.`add_time` FROM `wk_entrance` `e` WHERE  `e`.`qrcode_id` = '10266'  AND `e`.`expire_date` >= NOW() [ RunTime:0.000343s ]
[2023-02-04T13:51:53+08:00][sql] SELECT `e`.`id`,`e`.`avatar`,`e`.`name`,`e`.`members`,`e`.`qr`,`e`.`expire_date`,`e`.`joinable`,`e`.`reported`,`e`.`add_time` FROM `wk_entrance` `e` WHERE  `e`.`qrcode_id` = '10267'  AND `e`.`expire_date` >= NOW() [ RunTime:0.000301s ]
[2023-02-04T13:51:53+08:00][sql] SELECT `e`.`id`,`e`.`avatar`,`e`.`name`,`e`.`members`,`e`.`qr`,`e`.`expire_date`,`e`.`joinable`,`e`.`reported`,`e`.`add_time` FROM `wk_entrance` `e` WHERE  `e`.`qrcode_id` = '10268'  AND `e`.`expire_date` >= NOW() [ RunTime:0.000329s ]
[2023-02-04T13:51:53+08:00][sql] SELECT `e`.`id`,`e`.`avatar`,`e`.`name`,`e`.`members`,`e`.`qr`,`e`.`expire_date`,`e`.`joinable`,`e`.`reported`,`e`.`add_time` FROM `wk_entrance` `e` WHERE  `e`.`qrcode_id` = '10269'  AND `e`.`expire_date` >= NOW() [ RunTime:0.000447s ]
[2023-02-04T13:51:53+08:00][sql] SELECT `e`.`id`,`e`.`avatar`,`e`.`name`,`e`.`members`,`e`.`qr`,`e`.`expire_date`,`e`.`joinable`,`e`.`reported`,`e`.`add_time` FROM `wk_entrance` `e` WHERE  `e`.`qrcode_id` = '10270'  AND `e`.`expire_date` >= NOW() [ RunTime:0.000268s ]
[2023-02-04T13:51:53+08:00][sql] SELECT `e`.`id`,`e`.`avatar`,`e`.`name`,`e`.`members`,`e`.`qr`,`e`.`expire_date`,`e`.`joinable`,`e`.`reported`,`e`.`add_time` FROM `wk_entrance` `e` WHERE  `e`.`qrcode_id` = '10271'  AND `e`.`expire_date` >= NOW() [ RunTime:0.000391s ]
[2023-02-04T13:51:53+08:00][sql] SELECT COUNT(*) AS think_count FROM `wk_qrcode` WHERE  `provider_id` IN (SELECT `id` FROM `wk_provider` WHERE  `manager_id` = 1) LIMIT 1 [ RunTime:0.000236s ]
[2023-02-04T13:51:55+08:00][sql] CONNECT:[ UseTime:0.034654s ] mysql:host=127.0.0.1;port=3306;dbname=c2;charset=utf8mb4
[2023-02-04T13:51:55+08:00][sql] SHOW FULL COLUMNS FROM `wk_manager` [ RunTime:0.000660s ]
[2023-02-04T13:51:55+08:00][sql] SELECT `id` FROM `wk_manager` WHERE  `id` = 1  AND `relogin` = 0 LIMIT 1 [ RunTime:0.000179s ]
[2023-02-04T13:51:55+08:00][sql] SHOW FULL COLUMNS FROM `wk_entrance` [ RunTime:0.000671s ]
[2023-02-04T13:51:55+08:00][sql] SHOW FULL COLUMNS FROM `wk_provider` [ RunTime:0.000848s ]
[2023-02-04T13:51:55+08:00][sql] SELECT `e`.`id`,`e`.`qrcode_id`,`e`.`name`,`e`.`avatar`,`e`.`expire_date`,`e`.`members`,IF(e.source=1,IFNULL(e.im,e.im2),NULL) im,`e`.`hide`,`e`.`add_time`,`e`.`company`,`e`.`remark`,`e`.`province`,`e`.`city`,`e`.`district`,GROUP_CONCAT(DISTINCT t.name) tags,`e`.`type`,COUNT(DISTINCT b.id) buy_cnt,`e`.`status` FROM `wk_entrance` `e` LEFT JOIN `wk_buy` `b` ON `b`.`entrance_id`=`e`.`id` LEFT JOIN `wk_tag` `t` ON FIND_IN_SET(t.id,e.tags) WHERE  `provider_id` IN (SELECT `id` FROM `wk_provider` WHERE  `manager_id` = 1) GROUP BY `e`.`id` ORDER BY `e`.`id` DESC LIMIT 0,20 [ RunTime:0.001416s ]
[2023-02-04T13:51:55+08:00][sql] SELECT COUNT(*) AS think_count FROM ( SELECT count(*) AS think_count FROM `wk_entrance` `e` LEFT JOIN `wk_buy` `b` ON `b`.`entrance_id`=`e`.`id` LEFT JOIN `wk_tag` `t` ON FIND_IN_SET(t.id,e.tags) WHERE  `provider_id` IN (SELECT `id` FROM `wk_provider` WHERE  `manager_id` = 1) GROUP BY `e`.`id` ORDER BY `e`.`id` DESC LIMIT 0,20 ) `_group_count_` LIMIT 1 [ RunTime:0.000304s ]
[2023-02-04T13:51:59+08:00][sql] CONNECT:[ UseTime:0.023618s ] mysql:host=127.0.0.1;port=3306;dbname=c2;charset=utf8mb4
[2023-02-04T13:51:59+08:00][sql] SHOW FULL COLUMNS FROM `wk_manager` [ RunTime:0.000579s ]
[2023-02-04T13:51:59+08:00][sql] SELECT `id` FROM `wk_manager` WHERE  `id` = 1  AND `relogin` = 0 LIMIT 1 [ RunTime:0.000198s ]
[2023-02-04T13:51:59+08:00][sql] SHOW FULL COLUMNS FROM `wk_qrcode` [ RunTime:0.000788s ]
[2023-02-04T13:51:59+08:00][sql] SHOW FULL COLUMNS FROM `wk_provider` [ RunTime:0.000585s ]
[2023-02-04T13:51:59+08:00][sql] SELECT q.id,q.code,q.company,q.province,q.city,q.district,q.remark,q.status,q.sub_status,q.valid,q.valid_time,q.err_msg,GROUP_CONCAT(t.name) tags,q.add_time FROM `wk_qrcode` `q` LEFT JOIN `wk_tag` `t` ON FIND_IN_SET(t.id,q.tags) WHERE  `q`.`provider_id` IN (SELECT `id` FROM `wk_provider` WHERE  `manager_id` = 1) GROUP BY `q`.`id` LIMIT 0,20 [ RunTime:0.000243s ]
[2023-02-04T13:51:59+08:00][sql] SHOW FULL COLUMNS FROM `wk_entrance` [ RunTime:0.000722s ]
[2023-02-04T13:51:59+08:00][sql] SELECT `e`.`id`,`e`.`avatar`,`e`.`name`,`e`.`members`,`e`.`qr`,`e`.`expire_date`,`e`.`joinable`,`e`.`reported`,`e`.`add_time` FROM `wk_entrance` `e` WHERE  `e`.`qrcode_id` = '9212'  AND `e`.`expire_date` >= NOW() [ RunTime:0.000426s ]
[2023-02-04T13:51:59+08:00][sql] SELECT `e`.`id`,`e`.`avatar`,`e`.`name`,`e`.`members`,`e`.`qr`,`e`.`expire_date`,`e`.`joinable`,`e`.`reported`,`e`.`add_time` FROM `wk_entrance` `e` WHERE  `e`.`qrcode_id` = '9213'  AND `e`.`expire_date` >= NOW() [ RunTime:0.000343s ]
[2023-02-04T13:51:59+08:00][sql] SELECT `e`.`id`,`e`.`avatar`,`e`.`name`,`e`.`members`,`e`.`qr`,`e`.`expire_date`,`e`.`joinable`,`e`.`reported`,`e`.`add_time` FROM `wk_entrance` `e` WHERE  `e`.`qrcode_id` = '9214'  AND `e`.`expire_date` >= NOW() [ RunTime:0.000309s ]
[2023-02-04T13:51:59+08:00][sql] SELECT `e`.`id`,`e`.`avatar`,`e`.`name`,`e`.`members`,`e`.`qr`,`e`.`expire_date`,`e`.`joinable`,`e`.`reported`,`e`.`add_time` FROM `wk_entrance` `e` WHERE  `e`.`qrcode_id` = '9215'  AND `e`.`expire_date` >= NOW() [ RunTime:0.000281s ]
[2023-02-04T13:51:59+08:00][sql] SELECT `e`.`id`,`e`.`avatar`,`e`.`name`,`e`.`members`,`e`.`qr`,`e`.`expire_date`,`e`.`joinable`,`e`.`reported`,`e`.`add_time` FROM `wk_entrance` `e` WHERE  `e`.`qrcode_id` = '10256'  AND `e`.`expire_date` >= NOW() [ RunTime:0.000254s ]
[2023-02-04T13:51:59+08:00][sql] SELECT `e`.`id`,`e`.`avatar`,`e`.`name`,`e`.`members`,`e`.`qr`,`e`.`expire_date`,`e`.`joinable`,`e`.`reported`,`e`.`add_time` FROM `wk_entrance` `e` WHERE  `e`.`qrcode_id` = '10257'  AND `e`.`expire_date` >= NOW() [ RunTime:0.000305s ]
[2023-02-04T13:51:59+08:00][sql] SELECT `e`.`id`,`e`.`avatar`,`e`.`name`,`e`.`members`,`e`.`qr`,`e`.`expire_date`,`e`.`joinable`,`e`.`reported`,`e`.`add_time` FROM `wk_entrance` `e` WHERE  `e`.`qrcode_id` = '10258'  AND `e`.`expire_date` >= NOW() [ RunTime:0.000321s ]
[2023-02-04T13:51:59+08:00][sql] SELECT `e`.`id`,`e`.`avatar`,`e`.`name`,`e`.`members`,`e`.`qr`,`e`.`expire_date`,`e`.`joinable`,`e`.`reported`,`e`.`add_time` FROM `wk_entrance` `e` WHERE  `e`.`qrcode_id` = '10259'  AND `e`.`expire_date` >= NOW() [ RunTime:0.000915s ]
[2023-02-04T13:51:59+08:00][sql] SELECT `e`.`id`,`e`.`avatar`,`e`.`name`,`e`.`members`,`e`.`qr`,`e`.`expire_date`,`e`.`joinable`,`e`.`reported`,`e`.`add_time` FROM `wk_entrance` `e` WHERE  `e`.`qrcode_id` = '10260'  AND `e`.`expire_date` >= NOW() [ RunTime:0.000621s ]
[2023-02-04T13:51:59+08:00][sql] SELECT `e`.`id`,`e`.`avatar`,`e`.`name`,`e`.`members`,`e`.`qr`,`e`.`expire_date`,`e`.`joinable`,`e`.`reported`,`e`.`add_time` FROM `wk_entrance` `e` WHERE  `e`.`qrcode_id` = '10261'  AND `e`.`expire_date` >= NOW() [ RunTime:0.000386s ]
[2023-02-04T13:51:59+08:00][sql] SELECT `e`.`id`,`e`.`avatar`,`e`.`name`,`e`.`members`,`e`.`qr`,`e`.`expire_date`,`e`.`joinable`,`e`.`reported`,`e`.`add_time` FROM `wk_entrance` `e` WHERE  `e`.`qrcode_id` = '10262'  AND `e`.`expire_date` >= NOW() [ RunTime:0.000261s ]
[2023-02-04T13:51:59+08:00][sql] SELECT `e`.`id`,`e`.`avatar`,`e`.`name`,`e`.`members`,`e`.`qr`,`e`.`expire_date`,`e`.`joinable`,`e`.`reported`,`e`.`add_time` FROM `wk_entrance` `e` WHERE  `e`.`qrcode_id` = '10263'  AND `e`.`expire_date` >= NOW() [ RunTime:0.000288s ]
[2023-02-04T13:51:59+08:00][sql] SELECT `e`.`id`,`e`.`avatar`,`e`.`name`,`e`.`members`,`e`.`qr`,`e`.`expire_date`,`e`.`joinable`,`e`.`reported`,`e`.`add_time` FROM `wk_entrance` `e` WHERE  `e`.`qrcode_id` = '10264'  AND `e`.`expire_date` >= NOW() [ RunTime:0.000315s ]
[2023-02-04T13:51:59+08:00][sql] SELECT `e`.`id`,`e`.`avatar`,`e`.`name`,`e`.`members`,`e`.`qr`,`e`.`expire_date`,`e`.`joinable`,`e`.`reported`,`e`.`add_time` FROM `wk_entrance` `e` WHERE  `e`.`qrcode_id` = '10265'  AND `e`.`expire_date` >= NOW() [ RunTime:0.000333s ]
[2023-02-04T13:51:59+08:00][sql] SELECT `e`.`id`,`e`.`avatar`,`e`.`name`,`e`.`members`,`e`.`qr`,`e`.`expire_date`,`e`.`joinable`,`e`.`reported`,`e`.`add_time` FROM `wk_entrance` `e` WHERE  `e`.`qrcode_id` = '10266'  AND `e`.`expire_date` >= NOW() [ RunTime:0.000236s ]
[2023-02-04T13:51:59+08:00][sql] SELECT `e`.`id`,`e`.`avatar`,`e`.`name`,`e`.`members`,`e`.`qr`,`e`.`expire_date`,`e`.`joinable`,`e`.`reported`,`e`.`add_time` FROM `wk_entrance` `e` WHERE  `e`.`qrcode_id` = '10267'  AND `e`.`expire_date` >= NOW() [ RunTime:0.000190s ]
[2023-02-04T13:51:59+08:00][sql] SELECT `e`.`id`,`e`.`avatar`,`e`.`name`,`e`.`members`,`e`.`qr`,`e`.`expire_date`,`e`.`joinable`,`e`.`reported`,`e`.`add_time` FROM `wk_entrance` `e` WHERE  `e`.`qrcode_id` = '10268'  AND `e`.`expire_date` >= NOW() [ RunTime:0.000251s ]
[2023-02-04T13:51:59+08:00][sql] SELECT `e`.`id`,`e`.`avatar`,`e`.`name`,`e`.`members`,`e`.`qr`,`e`.`expire_date`,`e`.`joinable`,`e`.`reported`,`e`.`add_time` FROM `wk_entrance` `e` WHERE  `e`.`qrcode_id` = '10269'  AND `e`.`expire_date` >= NOW() [ RunTime:0.000282s ]
[2023-02-04T13:51:59+08:00][sql] SELECT `e`.`id`,`e`.`avatar`,`e`.`name`,`e`.`members`,`e`.`qr`,`e`.`expire_date`,`e`.`joinable`,`e`.`reported`,`e`.`add_time` FROM `wk_entrance` `e` WHERE  `e`.`qrcode_id` = '10270'  AND `e`.`expire_date` >= NOW() [ RunTime:0.000207s ]
[2023-02-04T13:51:59+08:00][sql] SELECT `e`.`id`,`e`.`avatar`,`e`.`name`,`e`.`members`,`e`.`qr`,`e`.`expire_date`,`e`.`joinable`,`e`.`reported`,`e`.`add_time` FROM `wk_entrance` `e` WHERE  `e`.`qrcode_id` = '10271'  AND `e`.`expire_date` >= NOW() [ RunTime:0.000318s ]
[2023-02-04T13:51:59+08:00][sql] SELECT COUNT(*) AS think_count FROM `wk_qrcode` WHERE  `provider_id` IN (SELECT `id` FROM `wk_provider` WHERE  `manager_id` = 1) LIMIT 1 [ RunTime:0.000179s ]
[2023-02-04T13:52:10+08:00][sql] CONNECT:[ UseTime:0.013382s ] mysql:host=127.0.0.1;port=3306;dbname=c2;charset=utf8mb4
[2023-02-04T13:52:10+08:00][sql] SHOW FULL COLUMNS FROM `wk_manager` [ RunTime:0.000869s ]
[2023-02-04T13:52:10+08:00][sql] SELECT `id` FROM `wk_manager` WHERE  `id` = 1  AND `relogin` = 0 LIMIT 1 [ RunTime:0.000322s ]
[2023-02-04T13:52:10+08:00][sql] SHOW FULL COLUMNS FROM `wk_exchange` [ RunTime:0.001979s ]
[2023-02-04T13:52:10+08:00][sql] SELECT `e`.`id`,`e`.`qrcode_id`,`e`.`name`,`e`.`avatar`,`e`.`expire_date`,`e`.`members`,IF(e.source=1,IFNULL(e.im,e.im2),NULL) im,`e`.`hide`,`e`.`add_time`,`e`.`company`,`e`.`remark`,`e`.`province`,`e`.`city`,`e`.`district`,GROUP_CONCAT(DISTINCT t.name) tags,`e`.`type`,COUNT(DISTINCT b.id) buy_cnt,`e`.`status`,MAX(m.username) from_username FROM `wk_exchange` `ex` LEFT JOIN `wk_entrance` `e` ON `e`.`id`=`ex`.`entrance_id` LEFT JOIN `wk_manager` `m` ON `m`.`id`=`ex`.`from_manager_id` LEFT JOIN `wk_buy` `b` ON `b`.`entrance_id`=`e`.`id` LEFT JOIN `wk_tag` `t` ON FIND_IN_SET(t.id,e.tags) WHERE  `ex`.`to_manager_id` = '1' GROUP BY `e`.`id` ORDER BY `e`.`id` DESC LIMIT 0,20 [ RunTime:0.002483s ]
[2023-02-04T13:52:10+08:00][sql] SELECT COUNT(*) AS think_count FROM ( SELECT count(*) AS think_count FROM `wk_exchange` `ex` LEFT JOIN `wk_entrance` `e` ON `e`.`id`=`ex`.`entrance_id` LEFT JOIN `wk_manager` `m` ON `m`.`id`=`ex`.`from_manager_id` LEFT JOIN `wk_buy` `b` ON `b`.`entrance_id`=`e`.`id` LEFT JOIN `wk_tag` `t` ON FIND_IN_SET(t.id,e.tags) WHERE  `ex`.`to_manager_id` = '1' GROUP BY `e`.`id` ORDER BY `e`.`id` DESC LIMIT 0,20 ) `_group_count_` LIMIT 1 [ RunTime:0.001176s ]
[2023-02-04T13:52:22+08:00][sql] CONNECT:[ UseTime:0.000470s ] mysql:host=127.0.0.1;port=3306;dbname=c2;charset=utf8mb4
[2023-02-04T13:52:22+08:00][sql] SHOW FULL COLUMNS FROM `wk_manager` [ RunTime:0.000516s ]
[2023-02-04T13:52:22+08:00][sql] SELECT `id` FROM `wk_manager` WHERE  `id` = 1  AND `relogin` = 0 LIMIT 1 [ RunTime:0.000176s ]
[2023-02-04T13:52:22+08:00][sql] SHOW FULL COLUMNS FROM `wk_provider` [ RunTime:0.001097s ]
[2023-02-04T13:52:22+08:00][sql] SELECT COUNT(*) AS think_count FROM `wk_provider` WHERE  `manager_id` = 1  AND `enable` = 1 LIMIT 1 [ RunTime:0.000221s ]
[2023-02-04T13:52:22+08:00][sql] SELECT `id`,`username`,`enable`,`add_time` FROM `wk_provider` WHERE  `manager_id` = 1  AND `enable` = 1 ORDER BY `id` ASC LIMIT 0,20 [ RunTime:0.000126s ]
[2023-02-04T13:52:22+08:00][sql] SHOW FULL COLUMNS FROM `wk_qrcode` [ RunTime:0.001222s ]
[2023-02-04T13:52:22+08:00][sql] SELECT COUNT(id),`provider_id` FROM `wk_qrcode` WHERE  `provider_id` = 1 GROUP BY `provider_id` [ RunTime:0.000218s ]
[2023-02-04T13:52:22+08:00][sql] SHOW FULL COLUMNS FROM `wk_entrance` [ RunTime:0.001317s ]
[2023-02-04T13:52:22+08:00][sql] SELECT COUNT(id),`provider_id` FROM `wk_entrance` WHERE  `provider_id` = 1 GROUP BY `provider_id` [ RunTime:0.000216s ]
[2023-02-04T13:52:24+08:00][sql] CONNECT:[ UseTime:0.000445s ] mysql:host=127.0.0.1;port=3306;dbname=c2;charset=utf8mb4
[2023-02-04T13:52:24+08:00][sql] SHOW FULL COLUMNS FROM `wk_manager` [ RunTime:0.000528s ]
[2023-02-04T13:52:24+08:00][sql] SELECT `id` FROM `wk_manager` WHERE  `id` = 1  AND `relogin` = 0 LIMIT 1 [ RunTime:0.000241s ]
[2023-02-04T13:52:24+08:00][sql] SHOW FULL COLUMNS FROM `wk_entrance` [ RunTime:0.000563s ]
[2023-02-04T13:52:24+08:00][sql] SHOW FULL COLUMNS FROM `wk_provider` [ RunTime:0.000509s ]
[2023-02-04T13:52:24+08:00][sql] SELECT `e`.`id`,`e`.`qrcode_id`,`e`.`name`,`e`.`avatar`,`e`.`expire_date`,`e`.`members`,IF(e.source=1,IFNULL(e.im,e.im2),NULL) im,`e`.`hide`,`e`.`add_time`,`e`.`company`,`e`.`remark`,`e`.`province`,`e`.`city`,`e`.`district`,GROUP_CONCAT(DISTINCT t.name) tags,`e`.`type`,COUNT(DISTINCT b.id) buy_cnt,`e`.`status` FROM `wk_entrance` `e` LEFT JOIN `wk_buy` `b` ON `b`.`entrance_id`=`e`.`id` LEFT JOIN `wk_tag` `t` ON FIND_IN_SET(t.id,e.tags) WHERE  `provider_id` IN (SELECT `id` FROM `wk_provider` WHERE  `manager_id` = 1) GROUP BY `e`.`id` ORDER BY `e`.`id` DESC LIMIT 0,20 [ RunTime:0.000497s ]
[2023-02-04T13:52:24+08:00][sql] SELECT COUNT(*) AS think_count FROM ( SELECT count(*) AS think_count FROM `wk_entrance` `e` LEFT JOIN `wk_buy` `b` ON `b`.`entrance_id`=`e`.`id` LEFT JOIN `wk_tag` `t` ON FIND_IN_SET(t.id,e.tags) WHERE  `provider_id` IN (SELECT `id` FROM `wk_provider` WHERE  `manager_id` = 1) GROUP BY `e`.`id` ORDER BY `e`.`id` DESC LIMIT 0,20 ) `_group_count_` LIMIT 1 [ RunTime:0.000343s ]
[2023-02-04T13:52:25+08:00][sql] CONNECT:[ UseTime:0.021328s ] mysql:host=127.0.0.1;port=3306;dbname=c2;charset=utf8mb4
[2023-02-04T13:52:25+08:00][sql] SHOW FULL COLUMNS FROM `wk_manager` [ RunTime:0.002472s ]
[2023-02-04T13:52:25+08:00][sql] SELECT `id` FROM `wk_manager` WHERE  `id` = 1  AND `relogin` = 0 LIMIT 1 [ RunTime:0.000274s ]
[2023-02-04T13:52:25+08:00][sql] SHOW FULL COLUMNS FROM `wk_qrcode` [ RunTime:0.002144s ]
[2023-02-04T13:52:25+08:00][sql] SHOW FULL COLUMNS FROM `wk_provider` [ RunTime:0.001150s ]
[2023-02-04T13:52:25+08:00][sql] SELECT q.id,q.code,q.company,q.province,q.city,q.district,q.remark,q.status,q.sub_status,q.valid,q.valid_time,q.err_msg,GROUP_CONCAT(t.name) tags,q.add_time FROM `wk_qrcode` `q` LEFT JOIN `wk_tag` `t` ON FIND_IN_SET(t.id,q.tags) WHERE  `q`.`provider_id` IN (SELECT `id` FROM `wk_provider` WHERE  `manager_id` = 1) GROUP BY `q`.`id` LIMIT 0,20 [ RunTime:0.000251s ]
[2023-02-04T13:52:25+08:00][sql] SHOW FULL COLUMNS FROM `wk_entrance` [ RunTime:0.000992s ]
[2023-02-04T13:52:25+08:00][sql] SELECT `e`.`id`,`e`.`avatar`,`e`.`name`,`e`.`members`,`e`.`qr`,`e`.`expire_date`,`e`.`joinable`,`e`.`reported`,`e`.`add_time` FROM `wk_entrance` `e` WHERE  `e`.`qrcode_id` = '9212'  AND `e`.`expire_date` >= NOW() [ RunTime:0.000397s ]
[2023-02-04T13:52:25+08:00][sql] SELECT `e`.`id`,`e`.`avatar`,`e`.`name`,`e`.`members`,`e`.`qr`,`e`.`expire_date`,`e`.`joinable`,`e`.`reported`,`e`.`add_time` FROM `wk_entrance` `e` WHERE  `e`.`qrcode_id` = '9213'  AND `e`.`expire_date` >= NOW() [ RunTime:0.000225s ]
[2023-02-04T13:52:25+08:00][sql] SELECT `e`.`id`,`e`.`avatar`,`e`.`name`,`e`.`members`,`e`.`qr`,`e`.`expire_date`,`e`.`joinable`,`e`.`reported`,`e`.`add_time` FROM `wk_entrance` `e` WHERE  `e`.`qrcode_id` = '9214'  AND `e`.`expire_date` >= NOW() [ RunTime:0.000243s ]
[2023-02-04T13:52:25+08:00][sql] SELECT `e`.`id`,`e`.`avatar`,`e`.`name`,`e`.`members`,`e`.`qr`,`e`.`expire_date`,`e`.`joinable`,`e`.`reported`,`e`.`add_time` FROM `wk_entrance` `e` WHERE  `e`.`qrcode_id` = '9215'  AND `e`.`expire_date` >= NOW() [ RunTime:0.000218s ]
[2023-02-04T13:52:25+08:00][sql] SELECT `e`.`id`,`e`.`avatar`,`e`.`name`,`e`.`members`,`e`.`qr`,`e`.`expire_date`,`e`.`joinable`,`e`.`reported`,`e`.`add_time` FROM `wk_entrance` `e` WHERE  `e`.`qrcode_id` = '10256'  AND `e`.`expire_date` >= NOW() [ RunTime:0.000215s ]
[2023-02-04T13:52:25+08:00][sql] SELECT `e`.`id`,`e`.`avatar`,`e`.`name`,`e`.`members`,`e`.`qr`,`e`.`expire_date`,`e`.`joinable`,`e`.`reported`,`e`.`add_time` FROM `wk_entrance` `e` WHERE  `e`.`qrcode_id` = '10257'  AND `e`.`expire_date` >= NOW() [ RunTime:0.000369s ]
[2023-02-04T13:52:25+08:00][sql] SELECT `e`.`id`,`e`.`avatar`,`e`.`name`,`e`.`members`,`e`.`qr`,`e`.`expire_date`,`e`.`joinable`,`e`.`reported`,`e`.`add_time` FROM `wk_entrance` `e` WHERE  `e`.`qrcode_id` = '10258'  AND `e`.`expire_date` >= NOW() [ RunTime:0.000360s ]
[2023-02-04T13:52:25+08:00][sql] SELECT `e`.`id`,`e`.`avatar`,`e`.`name`,`e`.`members`,`e`.`qr`,`e`.`expire_date`,`e`.`joinable`,`e`.`reported`,`e`.`add_time` FROM `wk_entrance` `e` WHERE  `e`.`qrcode_id` = '10259'  AND `e`.`expire_date` >= NOW() [ RunTime:0.000595s ]
[2023-02-04T13:52:25+08:00][sql] SELECT `e`.`id`,`e`.`avatar`,`e`.`name`,`e`.`members`,`e`.`qr`,`e`.`expire_date`,`e`.`joinable`,`e`.`reported`,`e`.`add_time` FROM `wk_entrance` `e` WHERE  `e`.`qrcode_id` = '10260'  AND `e`.`expire_date` >= NOW() [ RunTime:0.000458s ]
[2023-02-04T13:52:25+08:00][sql] SELECT `e`.`id`,`e`.`avatar`,`e`.`name`,`e`.`members`,`e`.`qr`,`e`.`expire_date`,`e`.`joinable`,`e`.`reported`,`e`.`add_time` FROM `wk_entrance` `e` WHERE  `e`.`qrcode_id` = '10261'  AND `e`.`expire_date` >= NOW() [ RunTime:0.000282s ]
[2023-02-04T13:52:25+08:00][sql] SELECT `e`.`id`,`e`.`avatar`,`e`.`name`,`e`.`members`,`e`.`qr`,`e`.`expire_date`,`e`.`joinable`,`e`.`reported`,`e`.`add_time` FROM `wk_entrance` `e` WHERE  `e`.`qrcode_id` = '10262'  AND `e`.`expire_date` >= NOW() [ RunTime:0.000282s ]
[2023-02-04T13:52:25+08:00][sql] SELECT `e`.`id`,`e`.`avatar`,`e`.`name`,`e`.`members`,`e`.`qr`,`e`.`expire_date`,`e`.`joinable`,`e`.`reported`,`e`.`add_time` FROM `wk_entrance` `e` WHERE  `e`.`qrcode_id` = '10263'  AND `e`.`expire_date` >= NOW() [ RunTime:0.000338s ]
[2023-02-04T13:52:25+08:00][sql] SELECT `e`.`id`,`e`.`avatar`,`e`.`name`,`e`.`members`,`e`.`qr`,`e`.`expire_date`,`e`.`joinable`,`e`.`reported`,`e`.`add_time` FROM `wk_entrance` `e` WHERE  `e`.`qrcode_id` = '10264'  AND `e`.`expire_date` >= NOW() [ RunTime:0.000444s ]
[2023-02-04T13:52:25+08:00][sql] SELECT `e`.`id`,`e`.`avatar`,`e`.`name`,`e`.`members`,`e`.`qr`,`e`.`expire_date`,`e`.`joinable`,`e`.`reported`,`e`.`add_time` FROM `wk_entrance` `e` WHERE  `e`.`qrcode_id` = '10265'  AND `e`.`expire_date` >= NOW() [ RunTime:0.000336s ]
[2023-02-04T13:52:25+08:00][sql] SELECT `e`.`id`,`e`.`avatar`,`e`.`name`,`e`.`members`,`e`.`qr`,`e`.`expire_date`,`e`.`joinable`,`e`.`reported`,`e`.`add_time` FROM `wk_entrance` `e` WHERE  `e`.`qrcode_id` = '10266'  AND `e`.`expire_date` >= NOW() [ RunTime:0.000438s ]
[2023-02-04T13:52:25+08:00][sql] SELECT `e`.`id`,`e`.`avatar`,`e`.`name`,`e`.`members`,`e`.`qr`,`e`.`expire_date`,`e`.`joinable`,`e`.`reported`,`e`.`add_time` FROM `wk_entrance` `e` WHERE  `e`.`qrcode_id` = '10267'  AND `e`.`expire_date` >= NOW() [ RunTime:0.000521s ]
[2023-02-04T13:52:25+08:00][sql] SELECT `e`.`id`,`e`.`avatar`,`e`.`name`,`e`.`members`,`e`.`qr`,`e`.`expire_date`,`e`.`joinable`,`e`.`reported`,`e`.`add_time` FROM `wk_entrance` `e` WHERE  `e`.`qrcode_id` = '10268'  AND `e`.`expire_date` >= NOW() [ RunTime:0.000721s ]
[2023-02-04T13:52:25+08:00][sql] SELECT `e`.`id`,`e`.`avatar`,`e`.`name`,`e`.`members`,`e`.`qr`,`e`.`expire_date`,`e`.`joinable`,`e`.`reported`,`e`.`add_time` FROM `wk_entrance` `e` WHERE  `e`.`qrcode_id` = '10269'  AND `e`.`expire_date` >= NOW() [ RunTime:0.000530s ]
[2023-02-04T13:52:25+08:00][sql] SELECT `e`.`id`,`e`.`avatar`,`e`.`name`,`e`.`members`,`e`.`qr`,`e`.`expire_date`,`e`.`joinable`,`e`.`reported`,`e`.`add_time` FROM `wk_entrance` `e` WHERE  `e`.`qrcode_id` = '10270'  AND `e`.`expire_date` >= NOW() [ RunTime:0.000261s ]
[2023-02-04T13:52:25+08:00][sql] SELECT `e`.`id`,`e`.`avatar`,`e`.`name`,`e`.`members`,`e`.`qr`,`e`.`expire_date`,`e`.`joinable`,`e`.`reported`,`e`.`add_time` FROM `wk_entrance` `e` WHERE  `e`.`qrcode_id` = '10271'  AND `e`.`expire_date` >= NOW() [ RunTime:0.000280s ]
[2023-02-04T13:52:25+08:00][sql] SELECT COUNT(*) AS think_count FROM `wk_qrcode` WHERE  `provider_id` IN (SELECT `id` FROM `wk_provider` WHERE  `manager_id` = 1) LIMIT 1 [ RunTime:0.000200s ]
[2023-02-04T13:52:25+08:00][sql] CONNECT:[ UseTime:0.000501s ] mysql:host=127.0.0.1;port=3306;dbname=c2;charset=utf8mb4
[2023-02-04T13:52:25+08:00][sql] SHOW FULL COLUMNS FROM `wk_manager` [ RunTime:0.000681s ]
[2023-02-04T13:52:25+08:00][sql] SELECT `id` FROM `wk_manager` WHERE  `id` = 1  AND `relogin` = 0 LIMIT 1 [ RunTime:0.000175s ]
[2023-02-04T13:52:25+08:00][sql] SHOW FULL COLUMNS FROM `wk_exchange` [ RunTime:0.000850s ]
[2023-02-04T13:52:25+08:00][sql] SELECT `e`.`id`,`e`.`qrcode_id`,`e`.`name`,`e`.`avatar`,`e`.`expire_date`,`e`.`members`,IF(e.source=1,IFNULL(e.im,e.im2),NULL) im,`e`.`hide`,`e`.`add_time`,`e`.`company`,`e`.`remark`,`e`.`province`,`e`.`city`,`e`.`district`,GROUP_CONCAT(DISTINCT t.name) tags,`e`.`type`,COUNT(DISTINCT b.id) buy_cnt,`e`.`status`,MAX(m.username) from_username FROM `wk_exchange` `ex` LEFT JOIN `wk_entrance` `e` ON `e`.`id`=`ex`.`entrance_id` LEFT JOIN `wk_manager` `m` ON `m`.`id`=`ex`.`from_manager_id` LEFT JOIN `wk_buy` `b` ON `b`.`entrance_id`=`e`.`id` LEFT JOIN `wk_tag` `t` ON FIND_IN_SET(t.id,e.tags) WHERE  `ex`.`to_manager_id` = '1' GROUP BY `e`.`id` ORDER BY `e`.`id` DESC LIMIT 0,20 [ RunTime:0.000594s ]
[2023-02-04T13:52:25+08:00][sql] SELECT COUNT(*) AS think_count FROM ( SELECT count(*) AS think_count FROM `wk_exchange` `ex` LEFT JOIN `wk_entrance` `e` ON `e`.`id`=`ex`.`entrance_id` LEFT JOIN `wk_manager` `m` ON `m`.`id`=`ex`.`from_manager_id` LEFT JOIN `wk_buy` `b` ON `b`.`entrance_id`=`e`.`id` LEFT JOIN `wk_tag` `t` ON FIND_IN_SET(t.id,e.tags) WHERE  `ex`.`to_manager_id` = '1' GROUP BY `e`.`id` ORDER BY `e`.`id` DESC LIMIT 0,20 ) `_group_count_` LIMIT 1 [ RunTime:0.000145s ]
[2023-02-04T13:52:26+08:00][sql] CONNECT:[ UseTime:0.013248s ] mysql:host=127.0.0.1;port=3306;dbname=c2;charset=utf8mb4
[2023-02-04T13:52:26+08:00][sql] SHOW FULL COLUMNS FROM `wk_manager` [ RunTime:0.000672s ]
[2023-02-04T13:52:26+08:00][sql] SELECT `id` FROM `wk_manager` WHERE  `id` = 1  AND `relogin` = 0 LIMIT 1 [ RunTime:0.000231s ]
[2023-02-04T13:52:26+08:00][sql] SHOW FULL COLUMNS FROM `wk_qrcode` [ RunTime:0.000661s ]
[2023-02-04T13:52:26+08:00][sql] SHOW FULL COLUMNS FROM `wk_provider` [ RunTime:0.000534s ]
[2023-02-04T13:52:26+08:00][sql] SELECT q.id,q.code,q.company,q.province,q.city,q.district,q.remark,q.status,q.sub_status,q.valid,q.valid_time,q.err_msg,GROUP_CONCAT(t.name) tags,q.add_time FROM `wk_qrcode` `q` LEFT JOIN `wk_tag` `t` ON FIND_IN_SET(t.id,q.tags) WHERE  `q`.`provider_id` IN (SELECT `id` FROM `wk_provider` WHERE  `manager_id` = 1) GROUP BY `q`.`id` LIMIT 0,20 [ RunTime:0.000315s ]
[2023-02-04T13:52:26+08:00][sql] SHOW FULL COLUMNS FROM `wk_entrance` [ RunTime:0.000747s ]
[2023-02-04T13:52:26+08:00][sql] SELECT `e`.`id`,`e`.`avatar`,`e`.`name`,`e`.`members`,`e`.`qr`,`e`.`expire_date`,`e`.`joinable`,`e`.`reported`,`e`.`add_time` FROM `wk_entrance` `e` WHERE  `e`.`qrcode_id` = '9212'  AND `e`.`expire_date` >= NOW() [ RunTime:0.000376s ]
[2023-02-04T13:52:26+08:00][sql] SELECT `e`.`id`,`e`.`avatar`,`e`.`name`,`e`.`members`,`e`.`qr`,`e`.`expire_date`,`e`.`joinable`,`e`.`reported`,`e`.`add_time` FROM `wk_entrance` `e` WHERE  `e`.`qrcode_id` = '9213'  AND `e`.`expire_date` >= NOW() [ RunTime:0.000341s ]
[2023-02-04T13:52:26+08:00][sql] SELECT `e`.`id`,`e`.`avatar`,`e`.`name`,`e`.`members`,`e`.`qr`,`e`.`expire_date`,`e`.`joinable`,`e`.`reported`,`e`.`add_time` FROM `wk_entrance` `e` WHERE  `e`.`qrcode_id` = '9214'  AND `e`.`expire_date` >= NOW() [ RunTime:0.000412s ]
[2023-02-04T13:52:26+08:00][sql] SELECT `e`.`id`,`e`.`avatar`,`e`.`name`,`e`.`members`,`e`.`qr`,`e`.`expire_date`,`e`.`joinable`,`e`.`reported`,`e`.`add_time` FROM `wk_entrance` `e` WHERE  `e`.`qrcode_id` = '9215'  AND `e`.`expire_date` >= NOW() [ RunTime:0.000772s ]
[2023-02-04T13:52:26+08:00][sql] SELECT `e`.`id`,`e`.`avatar`,`e`.`name`,`e`.`members`,`e`.`qr`,`e`.`expire_date`,`e`.`joinable`,`e`.`reported`,`e`.`add_time` FROM `wk_entrance` `e` WHERE  `e`.`qrcode_id` = '10256'  AND `e`.`expire_date` >= NOW() [ RunTime:0.000309s ]
[2023-02-04T13:52:26+08:00][sql] SELECT `e`.`id`,`e`.`avatar`,`e`.`name`,`e`.`members`,`e`.`qr`,`e`.`expire_date`,`e`.`joinable`,`e`.`reported`,`e`.`add_time` FROM `wk_entrance` `e` WHERE  `e`.`qrcode_id` = '10257'  AND `e`.`expire_date` >= NOW() [ RunTime:0.000344s ]
[2023-02-04T13:52:26+08:00][sql] SELECT `e`.`id`,`e`.`avatar`,`e`.`name`,`e`.`members`,`e`.`qr`,`e`.`expire_date`,`e`.`joinable`,`e`.`reported`,`e`.`add_time` FROM `wk_entrance` `e` WHERE  `e`.`qrcode_id` = '10258'  AND `e`.`expire_date` >= NOW() [ RunTime:0.000336s ]
[2023-02-04T13:52:26+08:00][sql] SELECT `e`.`id`,`e`.`avatar`,`e`.`name`,`e`.`members`,`e`.`qr`,`e`.`expire_date`,`e`.`joinable`,`e`.`reported`,`e`.`add_time` FROM `wk_entrance` `e` WHERE  `e`.`qrcode_id` = '10259'  AND `e`.`expire_date` >= NOW() [ RunTime:0.000528s ]
[2023-02-04T13:52:26+08:00][sql] SELECT `e`.`id`,`e`.`avatar`,`e`.`name`,`e`.`members`,`e`.`qr`,`e`.`expire_date`,`e`.`joinable`,`e`.`reported`,`e`.`add_time` FROM `wk_entrance` `e` WHERE  `e`.`qrcode_id` = '10260'  AND `e`.`expire_date` >= NOW() [ RunTime:0.000347s ]
[2023-02-04T13:52:26+08:00][sql] SELECT `e`.`id`,`e`.`avatar`,`e`.`name`,`e`.`members`,`e`.`qr`,`e`.`expire_date`,`e`.`joinable`,`e`.`reported`,`e`.`add_time` FROM `wk_entrance` `e` WHERE  `e`.`qrcode_id` = '10261'  AND `e`.`expire_date` >= NOW() [ RunTime:0.000258s ]
[2023-02-04T13:52:26+08:00][sql] SELECT `e`.`id`,`e`.`avatar`,`e`.`name`,`e`.`members`,`e`.`qr`,`e`.`expire_date`,`e`.`joinable`,`e`.`reported`,`e`.`add_time` FROM `wk_entrance` `e` WHERE  `e`.`qrcode_id` = '10262'  AND `e`.`expire_date` >= NOW() [ RunTime:0.000278s ]
[2023-02-04T13:52:26+08:00][sql] SELECT `e`.`id`,`e`.`avatar`,`e`.`name`,`e`.`members`,`e`.`qr`,`e`.`expire_date`,`e`.`joinable`,`e`.`reported`,`e`.`add_time` FROM `wk_entrance` `e` WHERE  `e`.`qrcode_id` = '10263'  AND `e`.`expire_date` >= NOW() [ RunTime:0.000278s ]
[2023-02-04T13:52:26+08:00][sql] SELECT `e`.`id`,`e`.`avatar`,`e`.`name`,`e`.`members`,`e`.`qr`,`e`.`expire_date`,`e`.`joinable`,`e`.`reported`,`e`.`add_time` FROM `wk_entrance` `e` WHERE  `e`.`qrcode_id` = '10264'  AND `e`.`expire_date` >= NOW() [ RunTime:0.000290s ]
[2023-02-04T13:52:26+08:00][sql] SELECT `e`.`id`,`e`.`avatar`,`e`.`name`,`e`.`members`,`e`.`qr`,`e`.`expire_date`,`e`.`joinable`,`e`.`reported`,`e`.`add_time` FROM `wk_entrance` `e` WHERE  `e`.`qrcode_id` = '10265'  AND `e`.`expire_date` >= NOW() [ RunTime:0.000300s ]
[2023-02-04T13:52:26+08:00][sql] SELECT `e`.`id`,`e`.`avatar`,`e`.`name`,`e`.`members`,`e`.`qr`,`e`.`expire_date`,`e`.`joinable`,`e`.`reported`,`e`.`add_time` FROM `wk_entrance` `e` WHERE  `e`.`qrcode_id` = '10266'  AND `e`.`expire_date` >= NOW() [ RunTime:0.000295s ]
[2023-02-04T13:52:26+08:00][sql] SELECT `e`.`id`,`e`.`avatar`,`e`.`name`,`e`.`members`,`e`.`qr`,`e`.`expire_date`,`e`.`joinable`,`e`.`reported`,`e`.`add_time` FROM `wk_entrance` `e` WHERE  `e`.`qrcode_id` = '10267'  AND `e`.`expire_date` >= NOW() [ RunTime:0.000215s ]
[2023-02-04T13:52:26+08:00][sql] SELECT `e`.`id`,`e`.`avatar`,`e`.`name`,`e`.`members`,`e`.`qr`,`e`.`expire_date`,`e`.`joinable`,`e`.`reported`,`e`.`add_time` FROM `wk_entrance` `e` WHERE  `e`.`qrcode_id` = '10268'  AND `e`.`expire_date` >= NOW() [ RunTime:0.000185s ]
[2023-02-04T13:52:26+08:00][sql] SELECT `e`.`id`,`e`.`avatar`,`e`.`name`,`e`.`members`,`e`.`qr`,`e`.`expire_date`,`e`.`joinable`,`e`.`reported`,`e`.`add_time` FROM `wk_entrance` `e` WHERE  `e`.`qrcode_id` = '10269'  AND `e`.`expire_date` >= NOW() [ RunTime:0.000178s ]
[2023-02-04T13:52:26+08:00][sql] SELECT `e`.`id`,`e`.`avatar`,`e`.`name`,`e`.`members`,`e`.`qr`,`e`.`expire_date`,`e`.`joinable`,`e`.`reported`,`e`.`add_time` FROM `wk_entrance` `e` WHERE  `e`.`qrcode_id` = '10270'  AND `e`.`expire_date` >= NOW() [ RunTime:0.000142s ]
[2023-02-04T13:52:26+08:00][sql] SELECT `e`.`id`,`e`.`avatar`,`e`.`name`,`e`.`members`,`e`.`qr`,`e`.`expire_date`,`e`.`joinable`,`e`.`reported`,`e`.`add_time` FROM `wk_entrance` `e` WHERE  `e`.`qrcode_id` = '10271'  AND `e`.`expire_date` >= NOW() [ RunTime:0.000148s ]
[2023-02-04T13:52:26+08:00][sql] SELECT COUNT(*) AS think_count FROM `wk_qrcode` WHERE  `provider_id` IN (SELECT `id` FROM `wk_provider` WHERE  `manager_id` = 1) LIMIT 1 [ RunTime:0.000107s ]
[2023-02-04T13:52:26+08:00][sql] CONNECT:[ UseTime:0.000525s ] mysql:host=127.0.0.1;port=3306;dbname=c2;charset=utf8mb4
[2023-02-04T13:52:26+08:00][sql] SHOW FULL COLUMNS FROM `wk_manager` [ RunTime:0.001645s ]
[2023-02-04T13:52:26+08:00][sql] SELECT `id` FROM `wk_manager` WHERE  `id` = 1  AND `relogin` = 0 LIMIT 1 [ RunTime:0.000806s ]
[2023-02-04T13:52:26+08:00][sql] SHOW FULL COLUMNS FROM `wk_entrance` [ RunTime:0.002638s ]
[2023-02-04T13:52:26+08:00][sql] SHOW FULL COLUMNS FROM `wk_provider` [ RunTime:0.001747s ]
[2023-02-04T13:52:26+08:00][sql] SELECT `e`.`id`,`e`.`qrcode_id`,`e`.`name`,`e`.`avatar`,`e`.`expire_date`,`e`.`members`,IF(e.source=1,IFNULL(e.im,e.im2),NULL) im,`e`.`hide`,`e`.`add_time`,`e`.`company`,`e`.`remark`,`e`.`province`,`e`.`city`,`e`.`district`,GROUP_CONCAT(DISTINCT t.name) tags,`e`.`type`,COUNT(DISTINCT b.id) buy_cnt,`e`.`status` FROM `wk_entrance` `e` LEFT JOIN `wk_buy` `b` ON `b`.`entrance_id`=`e`.`id` LEFT JOIN `wk_tag` `t` ON FIND_IN_SET(t.id,e.tags) WHERE  `provider_id` IN (SELECT `id` FROM `wk_provider` WHERE  `manager_id` = 1) GROUP BY `e`.`id` ORDER BY `e`.`id` DESC LIMIT 0,20 [ RunTime:0.000673s ]
[2023-02-04T13:52:26+08:00][sql] SELECT COUNT(*) AS think_count FROM ( SELECT count(*) AS think_count FROM `wk_entrance` `e` LEFT JOIN `wk_buy` `b` ON `b`.`entrance_id`=`e`.`id` LEFT JOIN `wk_tag` `t` ON FIND_IN_SET(t.id,e.tags) WHERE  `provider_id` IN (SELECT `id` FROM `wk_provider` WHERE  `manager_id` = 1) GROUP BY `e`.`id` ORDER BY `e`.`id` DESC LIMIT 0,20 ) `_group_count_` LIMIT 1 [ RunTime:0.000176s ]
[2023-02-04T13:52:27+08:00][sql] CONNECT:[ UseTime:0.000523s ] mysql:host=127.0.0.1;port=3306;dbname=c2;charset=utf8mb4
[2023-02-04T13:52:27+08:00][sql] SHOW FULL COLUMNS FROM `wk_manager` [ RunTime:0.000540s ]
[2023-02-04T13:52:27+08:00][sql] SELECT `id` FROM `wk_manager` WHERE  `id` = 1  AND `relogin` = 0 LIMIT 1 [ RunTime:0.000268s ]
[2023-02-04T13:52:27+08:00][sql] SHOW FULL COLUMNS FROM `wk_provider` [ RunTime:0.000467s ]
[2023-02-04T13:52:27+08:00][sql] SELECT COUNT(*) AS think_count FROM `wk_provider` WHERE  `manager_id` = 1  AND `enable` = 1 LIMIT 1 [ RunTime:0.000238s ]
[2023-02-04T13:52:27+08:00][sql] SELECT `id`,`username`,`enable`,`add_time` FROM `wk_provider` WHERE  `manager_id` = 1  AND `enable` = 1 ORDER BY `id` ASC LIMIT 0,20 [ RunTime:0.000165s ]
[2023-02-04T13:52:27+08:00][sql] SHOW FULL COLUMNS FROM `wk_qrcode` [ RunTime:0.000503s ]
[2023-02-04T13:52:27+08:00][sql] SELECT COUNT(id),`provider_id` FROM `wk_qrcode` WHERE  `provider_id` = 1 GROUP BY `provider_id` [ RunTime:0.000223s ]
[2023-02-04T13:52:27+08:00][sql] SHOW FULL COLUMNS FROM `wk_entrance` [ RunTime:0.000562s ]
[2023-02-04T13:52:27+08:00][sql] SELECT COUNT(id),`provider_id` FROM `wk_entrance` WHERE  `provider_id` = 1 GROUP BY `provider_id` [ RunTime:0.000225s ]
[2023-02-04T13:58:23+08:00][sql] CONNECT:[ UseTime:0.000764s ] mysql:host=127.0.0.1;port=3306;dbname=c2;charset=utf8mb4
[2023-02-04T13:58:23+08:00][sql] SHOW FULL COLUMNS FROM `wk_manager` [ RunTime:0.000785s ]
[2023-02-04T13:58:23+08:00][sql] SELECT `id` FROM `wk_manager` WHERE  `id` = 1  AND `relogin` = 0 LIMIT 1 [ RunTime:0.000192s ]
[2023-02-04T13:58:23+08:00][sql] SHOW FULL COLUMNS FROM `wk_entrance` [ RunTime:0.001397s ]
[2023-02-04T13:58:23+08:00][sql] SHOW FULL COLUMNS FROM `wk_provider` [ RunTime:0.000874s ]
[2023-02-04T13:58:23+08:00][sql] SELECT `e`.`id`,`e`.`qrcode_id`,`e`.`name`,`e`.`avatar`,`e`.`expire_date`,`e`.`members`,IF(e.source=1,IFNULL(e.im,e.im2),NULL) im,`e`.`hide`,`e`.`add_time`,`e`.`company`,`e`.`remark`,`e`.`province`,`e`.`city`,`e`.`district`,GROUP_CONCAT(DISTINCT t.name) tags,`e`.`type`,COUNT(DISTINCT b.id) buy_cnt,`e`.`status` FROM `wk_entrance` `e` LEFT JOIN `wk_buy` `b` ON `b`.`entrance_id`=`e`.`id` LEFT JOIN `wk_tag` `t` ON FIND_IN_SET(t.id,e.tags) WHERE  `provider_id` IN (SELECT `id` FROM `wk_provider` WHERE  `manager_id` = 1) GROUP BY `e`.`id` ORDER BY `e`.`id` DESC LIMIT 0,20 [ RunTime:0.001173s ]
[2023-02-04T13:58:23+08:00][sql] SELECT COUNT(*) AS think_count FROM ( SELECT count(*) AS think_count FROM `wk_entrance` `e` LEFT JOIN `wk_buy` `b` ON `b`.`entrance_id`=`e`.`id` LEFT JOIN `wk_tag` `t` ON FIND_IN_SET(t.id,e.tags) WHERE  `provider_id` IN (SELECT `id` FROM `wk_provider` WHERE  `manager_id` = 1) GROUP BY `e`.`id` ORDER BY `e`.`id` DESC LIMIT 0,20 ) `_group_count_` LIMIT 1 [ RunTime:0.000418s ]
[2023-02-04T13:58:24+08:00][sql] CONNECT:[ UseTime:0.000429s ] mysql:host=127.0.0.1;port=3306;dbname=c2;charset=utf8mb4
[2023-02-04T13:58:24+08:00][sql] SHOW FULL COLUMNS FROM `wk_manager` [ RunTime:0.000633s ]
[2023-02-04T13:58:24+08:00][sql] SELECT `id` FROM `wk_manager` WHERE  `id` = 1  AND `relogin` = 0 LIMIT 1 [ RunTime:0.000196s ]
[2023-02-04T13:58:24+08:00][sql] SHOW FULL COLUMNS FROM `wk_qrcode` [ RunTime:0.001158s ]
[2023-02-04T13:58:24+08:00][sql] SHOW FULL COLUMNS FROM `wk_provider` [ RunTime:0.001148s ]
[2023-02-04T13:58:24+08:00][sql] SELECT q.id,q.code,q.company,q.province,q.city,q.district,q.remark,q.status,q.sub_status,q.valid,q.valid_time,q.err_msg,GROUP_CONCAT(t.name) tags,q.add_time FROM `wk_qrcode` `q` LEFT JOIN `wk_tag` `t` ON FIND_IN_SET(t.id,q.tags) WHERE  `q`.`provider_id` IN (SELECT `id` FROM `wk_provider` WHERE  `manager_id` = 1) GROUP BY `q`.`id` LIMIT 0,20 [ RunTime:0.000235s ]
[2023-02-04T13:58:24+08:00][sql] SHOW FULL COLUMNS FROM `wk_entrance` [ RunTime:0.000655s ]
[2023-02-04T13:58:24+08:00][sql] SELECT `e`.`id`,`e`.`avatar`,`e`.`name`,`e`.`members`,`e`.`qr`,`e`.`expire_date`,`e`.`joinable`,`e`.`reported`,`e`.`add_time` FROM `wk_entrance` `e` WHERE  `e`.`qrcode_id` = '9212'  AND `e`.`expire_date` >= NOW() [ RunTime:0.000419s ]
[2023-02-04T13:58:24+08:00][sql] SELECT `e`.`id`,`e`.`avatar`,`e`.`name`,`e`.`members`,`e`.`qr`,`e`.`expire_date`,`e`.`joinable`,`e`.`reported`,`e`.`add_time` FROM `wk_entrance` `e` WHERE  `e`.`qrcode_id` = '9213'  AND `e`.`expire_date` >= NOW() [ RunTime:0.000282s ]
[2023-02-04T13:58:24+08:00][sql] SELECT `e`.`id`,`e`.`avatar`,`e`.`name`,`e`.`members`,`e`.`qr`,`e`.`expire_date`,`e`.`joinable`,`e`.`reported`,`e`.`add_time` FROM `wk_entrance` `e` WHERE  `e`.`qrcode_id` = '9214'  AND `e`.`expire_date` >= NOW() [ RunTime:0.000244s ]
[2023-02-04T13:58:24+08:00][sql] SELECT `e`.`id`,`e`.`avatar`,`e`.`name`,`e`.`members`,`e`.`qr`,`e`.`expire_date`,`e`.`joinable`,`e`.`reported`,`e`.`add_time` FROM `wk_entrance` `e` WHERE  `e`.`qrcode_id` = '9215'  AND `e`.`expire_date` >= NOW() [ RunTime:0.000220s ]
[2023-02-04T13:58:24+08:00][sql] SELECT `e`.`id`,`e`.`avatar`,`e`.`name`,`e`.`members`,`e`.`qr`,`e`.`expire_date`,`e`.`joinable`,`e`.`reported`,`e`.`add_time` FROM `wk_entrance` `e` WHERE  `e`.`qrcode_id` = '10256'  AND `e`.`expire_date` >= NOW() [ RunTime:0.000213s ]
[2023-02-04T13:58:24+08:00][sql] SELECT `e`.`id`,`e`.`avatar`,`e`.`name`,`e`.`members`,`e`.`qr`,`e`.`expire_date`,`e`.`joinable`,`e`.`reported`,`e`.`add_time` FROM `wk_entrance` `e` WHERE  `e`.`qrcode_id` = '10257'  AND `e`.`expire_date` >= NOW() [ RunTime:0.000264s ]
[2023-02-04T13:58:24+08:00][sql] SELECT `e`.`id`,`e`.`avatar`,`e`.`name`,`e`.`members`,`e`.`qr`,`e`.`expire_date`,`e`.`joinable`,`e`.`reported`,`e`.`add_time` FROM `wk_entrance` `e` WHERE  `e`.`qrcode_id` = '10258'  AND `e`.`expire_date` >= NOW() [ RunTime:0.000205s ]
[2023-02-04T13:58:24+08:00][sql] SELECT `e`.`id`,`e`.`avatar`,`e`.`name`,`e`.`members`,`e`.`qr`,`e`.`expire_date`,`e`.`joinable`,`e`.`reported`,`e`.`add_time` FROM `wk_entrance` `e` WHERE  `e`.`qrcode_id` = '10259'  AND `e`.`expire_date` >= NOW() [ RunTime:0.000249s ]
[2023-02-04T13:58:24+08:00][sql] SELECT `e`.`id`,`e`.`avatar`,`e`.`name`,`e`.`members`,`e`.`qr`,`e`.`expire_date`,`e`.`joinable`,`e`.`reported`,`e`.`add_time` FROM `wk_entrance` `e` WHERE  `e`.`qrcode_id` = '10260'  AND `e`.`expire_date` >= NOW() [ RunTime:0.000219s ]
[2023-02-04T13:58:24+08:00][sql] SELECT `e`.`id`,`e`.`avatar`,`e`.`name`,`e`.`members`,`e`.`qr`,`e`.`expire_date`,`e`.`joinable`,`e`.`reported`,`e`.`add_time` FROM `wk_entrance` `e` WHERE  `e`.`qrcode_id` = '10261'  AND `e`.`expire_date` >= NOW() [ RunTime:0.000185s ]
[2023-02-04T13:58:24+08:00][sql] SELECT `e`.`id`,`e`.`avatar`,`e`.`name`,`e`.`members`,`e`.`qr`,`e`.`expire_date`,`e`.`joinable`,`e`.`reported`,`e`.`add_time` FROM `wk_entrance` `e` WHERE  `e`.`qrcode_id` = '10262'  AND `e`.`expire_date` >= NOW() [ RunTime:0.000254s ]
[2023-02-04T13:58:24+08:00][sql] SELECT `e`.`id`,`e`.`avatar`,`e`.`name`,`e`.`members`,`e`.`qr`,`e`.`expire_date`,`e`.`joinable`,`e`.`reported`,`e`.`add_time` FROM `wk_entrance` `e` WHERE  `e`.`qrcode_id` = '10263'  AND `e`.`expire_date` >= NOW() [ RunTime:0.000370s ]
[2023-02-04T13:58:24+08:00][sql] SELECT `e`.`id`,`e`.`avatar`,`e`.`name`,`e`.`members`,`e`.`qr`,`e`.`expire_date`,`e`.`joinable`,`e`.`reported`,`e`.`add_time` FROM `wk_entrance` `e` WHERE  `e`.`qrcode_id` = '10264'  AND `e`.`expire_date` >= NOW() [ RunTime:0.000348s ]
[2023-02-04T13:58:24+08:00][sql] SELECT `e`.`id`,`e`.`avatar`,`e`.`name`,`e`.`members`,`e`.`qr`,`e`.`expire_date`,`e`.`joinable`,`e`.`reported`,`e`.`add_time` FROM `wk_entrance` `e` WHERE  `e`.`qrcode_id` = '10265'  AND `e`.`expire_date` >= NOW() [ RunTime:0.000299s ]
[2023-02-04T13:58:24+08:00][sql] SELECT `e`.`id`,`e`.`avatar`,`e`.`name`,`e`.`members`,`e`.`qr`,`e`.`expire_date`,`e`.`joinable`,`e`.`reported`,`e`.`add_time` FROM `wk_entrance` `e` WHERE  `e`.`qrcode_id` = '10266'  AND `e`.`expire_date` >= NOW() [ RunTime:0.000339s ]
[2023-02-04T13:58:24+08:00][sql] SELECT `e`.`id`,`e`.`avatar`,`e`.`name`,`e`.`members`,`e`.`qr`,`e`.`expire_date`,`e`.`joinable`,`e`.`reported`,`e`.`add_time` FROM `wk_entrance` `e` WHERE  `e`.`qrcode_id` = '10267'  AND `e`.`expire_date` >= NOW() [ RunTime:0.000331s ]
[2023-02-04T13:58:24+08:00][sql] SELECT `e`.`id`,`e`.`avatar`,`e`.`name`,`e`.`members`,`e`.`qr`,`e`.`expire_date`,`e`.`joinable`,`e`.`reported`,`e`.`add_time` FROM `wk_entrance` `e` WHERE  `e`.`qrcode_id` = '10268'  AND `e`.`expire_date` >= NOW() [ RunTime:0.000391s ]
[2023-02-04T13:58:24+08:00][sql] SELECT `e`.`id`,`e`.`avatar`,`e`.`name`,`e`.`members`,`e`.`qr`,`e`.`expire_date`,`e`.`joinable`,`e`.`reported`,`e`.`add_time` FROM `wk_entrance` `e` WHERE  `e`.`qrcode_id` = '10269'  AND `e`.`expire_date` >= NOW() [ RunTime:0.000421s ]
[2023-02-04T13:58:24+08:00][sql] SELECT `e`.`id`,`e`.`avatar`,`e`.`name`,`e`.`members`,`e`.`qr`,`e`.`expire_date`,`e`.`joinable`,`e`.`reported`,`e`.`add_time` FROM `wk_entrance` `e` WHERE  `e`.`qrcode_id` = '10270'  AND `e`.`expire_date` >= NOW() [ RunTime:0.000390s ]
[2023-02-04T13:58:24+08:00][sql] SELECT `e`.`id`,`e`.`avatar`,`e`.`name`,`e`.`members`,`e`.`qr`,`e`.`expire_date`,`e`.`joinable`,`e`.`reported`,`e`.`add_time` FROM `wk_entrance` `e` WHERE  `e`.`qrcode_id` = '10271'  AND `e`.`expire_date` >= NOW() [ RunTime:0.000512s ]
[2023-02-04T13:58:24+08:00][sql] SELECT COUNT(*) AS think_count FROM `wk_qrcode` WHERE  `provider_id` IN (SELECT `id` FROM `wk_provider` WHERE  `manager_id` = 1) LIMIT 1 [ RunTime:0.000335s ]
[2023-02-04T13:58:25+08:00][sql] CONNECT:[ UseTime:0.000548s ] mysql:host=127.0.0.1;port=3306;dbname=c2;charset=utf8mb4
[2023-02-04T13:58:25+08:00][sql] SHOW FULL COLUMNS FROM `wk_manager` [ RunTime:0.000621s ]
[2023-02-04T13:58:25+08:00][sql] SELECT `id` FROM `wk_manager` WHERE  `id` = 1  AND `relogin` = 0 LIMIT 1 [ RunTime:0.000220s ]
[2023-02-04T13:58:25+08:00][sql] SHOW FULL COLUMNS FROM `wk_exchange` [ RunTime:0.000961s ]
[2023-02-04T13:58:25+08:00][sql] SELECT `e`.`id`,`e`.`qrcode_id`,`e`.`name`,`e`.`avatar`,`e`.`expire_date`,`e`.`members`,IF(e.source=1,IFNULL(e.im,e.im2),NULL) im,`e`.`hide`,`e`.`add_time`,`e`.`company`,`e`.`remark`,`e`.`province`,`e`.`city`,`e`.`district`,GROUP_CONCAT(DISTINCT t.name) tags,`e`.`type`,COUNT(DISTINCT b.id) buy_cnt,`e`.`status`,MAX(m.username) from_username FROM `wk_exchange` `ex` LEFT JOIN `wk_entrance` `e` ON `e`.`id`=`ex`.`entrance_id` LEFT JOIN `wk_manager` `m` ON `m`.`id`=`ex`.`from_manager_id` LEFT JOIN `wk_buy` `b` ON `b`.`entrance_id`=`e`.`id` LEFT JOIN `wk_tag` `t` ON FIND_IN_SET(t.id,e.tags) WHERE  `ex`.`to_manager_id` = '1' GROUP BY `e`.`id` ORDER BY `e`.`id` DESC LIMIT 0,20 [ RunTime:0.001100s ]
[2023-02-04T13:58:25+08:00][sql] SELECT COUNT(*) AS think_count FROM ( SELECT count(*) AS think_count FROM `wk_exchange` `ex` LEFT JOIN `wk_entrance` `e` ON `e`.`id`=`ex`.`entrance_id` LEFT JOIN `wk_manager` `m` ON `m`.`id`=`ex`.`from_manager_id` LEFT JOIN `wk_buy` `b` ON `b`.`entrance_id`=`e`.`id` LEFT JOIN `wk_tag` `t` ON FIND_IN_SET(t.id,e.tags) WHERE  `ex`.`to_manager_id` = '1' GROUP BY `e`.`id` ORDER BY `e`.`id` DESC LIMIT 0,20 ) `_group_count_` LIMIT 1 [ RunTime:0.000511s ]
[2023-02-04T13:58:29+08:00][sql] CONNECT:[ UseTime:0.000581s ] mysql:host=127.0.0.1;port=3306;dbname=c2;charset=utf8mb4
[2023-02-04T13:58:29+08:00][sql] SHOW FULL COLUMNS FROM `wk_manager` [ RunTime:0.001275s ]
[2023-02-04T13:58:29+08:00][sql] SELECT `id` FROM `wk_manager` WHERE  `id` = 1  AND `relogin` = 0 LIMIT 1 [ RunTime:0.000260s ]
[2023-02-04T13:58:29+08:00][sql] SHOW FULL COLUMNS FROM `wk_qrcode` [ RunTime:0.001213s ]
[2023-02-04T13:58:29+08:00][sql] SHOW FULL COLUMNS FROM `wk_provider` [ RunTime:0.001532s ]
[2023-02-04T13:58:29+08:00][sql] SELECT q.id,q.code,q.company,q.province,q.city,q.district,q.remark,q.status,q.sub_status,q.valid,q.valid_time,q.err_msg,GROUP_CONCAT(t.name) tags,q.add_time FROM `wk_qrcode` `q` LEFT JOIN `wk_tag` `t` ON FIND_IN_SET(t.id,q.tags) WHERE  `q`.`provider_id` IN (SELECT `id` FROM `wk_provider` WHERE  `manager_id` = 1) GROUP BY `q`.`id` LIMIT 0,20 [ RunTime:0.000375s ]
[2023-02-04T13:58:29+08:00][sql] SHOW FULL COLUMNS FROM `wk_entrance` [ RunTime:0.001480s ]
[2023-02-04T13:58:29+08:00][sql] SELECT `e`.`id`,`e`.`avatar`,`e`.`name`,`e`.`members`,`e`.`qr`,`e`.`expire_date`,`e`.`joinable`,`e`.`reported`,`e`.`add_time` FROM `wk_entrance` `e` WHERE  `e`.`qrcode_id` = '9212'  AND `e`.`expire_date` >= NOW() [ RunTime:0.000401s ]
[2023-02-04T13:58:29+08:00][sql] SELECT `e`.`id`,`e`.`avatar`,`e`.`name`,`e`.`members`,`e`.`qr`,`e`.`expire_date`,`e`.`joinable`,`e`.`reported`,`e`.`add_time` FROM `wk_entrance` `e` WHERE  `e`.`qrcode_id` = '9213'  AND `e`.`expire_date` >= NOW() [ RunTime:0.000349s ]
[2023-02-04T13:58:29+08:00][sql] SELECT `e`.`id`,`e`.`avatar`,`e`.`name`,`e`.`members`,`e`.`qr`,`e`.`expire_date`,`e`.`joinable`,`e`.`reported`,`e`.`add_time` FROM `wk_entrance` `e` WHERE  `e`.`qrcode_id` = '9214'  AND `e`.`expire_date` >= NOW() [ RunTime:0.000433s ]
[2023-02-04T13:58:29+08:00][sql] SELECT `e`.`id`,`e`.`avatar`,`e`.`name`,`e`.`members`,`e`.`qr`,`e`.`expire_date`,`e`.`joinable`,`e`.`reported`,`e`.`add_time` FROM `wk_entrance` `e` WHERE  `e`.`qrcode_id` = '9215'  AND `e`.`expire_date` >= NOW() [ RunTime:0.000434s ]
[2023-02-04T13:58:29+08:00][sql] SELECT `e`.`id`,`e`.`avatar`,`e`.`name`,`e`.`members`,`e`.`qr`,`e`.`expire_date`,`e`.`joinable`,`e`.`reported`,`e`.`add_time` FROM `wk_entrance` `e` WHERE  `e`.`qrcode_id` = '10256'  AND `e`.`expire_date` >= NOW() [ RunTime:0.000616s ]
[2023-02-04T13:58:29+08:00][sql] SELECT `e`.`id`,`e`.`avatar`,`e`.`name`,`e`.`members`,`e`.`qr`,`e`.`expire_date`,`e`.`joinable`,`e`.`reported`,`e`.`add_time` FROM `wk_entrance` `e` WHERE  `e`.`qrcode_id` = '10257'  AND `e`.`expire_date` >= NOW() [ RunTime:0.000508s ]
[2023-02-04T13:58:29+08:00][sql] SELECT `e`.`id`,`e`.`avatar`,`e`.`name`,`e`.`members`,`e`.`qr`,`e`.`expire_date`,`e`.`joinable`,`e`.`reported`,`e`.`add_time` FROM `wk_entrance` `e` WHERE  `e`.`qrcode_id` = '10258'  AND `e`.`expire_date` >= NOW() [ RunTime:0.000379s ]
[2023-02-04T13:58:29+08:00][sql] SELECT `e`.`id`,`e`.`avatar`,`e`.`name`,`e`.`members`,`e`.`qr`,`e`.`expire_date`,`e`.`joinable`,`e`.`reported`,`e`.`add_time` FROM `wk_entrance` `e` WHERE  `e`.`qrcode_id` = '10259'  AND `e`.`expire_date` >= NOW() [ RunTime:0.000360s ]
[2023-02-04T13:58:29+08:00][sql] SELECT `e`.`id`,`e`.`avatar`,`e`.`name`,`e`.`members`,`e`.`qr`,`e`.`expire_date`,`e`.`joinable`,`e`.`reported`,`e`.`add_time` FROM `wk_entrance` `e` WHERE  `e`.`qrcode_id` = '10260'  AND `e`.`expire_date` >= NOW() [ RunTime:0.000380s ]
[2023-02-04T13:58:29+08:00][sql] SELECT `e`.`id`,`e`.`avatar`,`e`.`name`,`e`.`members`,`e`.`qr`,`e`.`expire_date`,`e`.`joinable`,`e`.`reported`,`e`.`add_time` FROM `wk_entrance` `e` WHERE  `e`.`qrcode_id` = '10261'  AND `e`.`expire_date` >= NOW() [ RunTime:0.000299s ]
[2023-02-04T13:58:29+08:00][sql] SELECT `e`.`id`,`e`.`avatar`,`e`.`name`,`e`.`members`,`e`.`qr`,`e`.`expire_date`,`e`.`joinable`,`e`.`reported`,`e`.`add_time` FROM `wk_entrance` `e` WHERE  `e`.`qrcode_id` = '10262'  AND `e`.`expire_date` >= NOW() [ RunTime:0.000315s ]
[2023-02-04T13:58:29+08:00][sql] SELECT `e`.`id`,`e`.`avatar`,`e`.`name`,`e`.`members`,`e`.`qr`,`e`.`expire_date`,`e`.`joinable`,`e`.`reported`,`e`.`add_time` FROM `wk_entrance` `e` WHERE  `e`.`qrcode_id` = '10263'  AND `e`.`expire_date` >= NOW() [ RunTime:0.000328s ]
[2023-02-04T13:58:29+08:00][sql] SELECT `e`.`id`,`e`.`avatar`,`e`.`name`,`e`.`members`,`e`.`qr`,`e`.`expire_date`,`e`.`joinable`,`e`.`reported`,`e`.`add_time` FROM `wk_entrance` `e` WHERE  `e`.`qrcode_id` = '10264'  AND `e`.`expire_date` >= NOW() [ RunTime:0.000375s ]
[2023-02-04T13:58:29+08:00][sql] SELECT `e`.`id`,`e`.`avatar`,`e`.`name`,`e`.`members`,`e`.`qr`,`e`.`expire_date`,`e`.`joinable`,`e`.`reported`,`e`.`add_time` FROM `wk_entrance` `e` WHERE  `e`.`qrcode_id` = '10265'  AND `e`.`expire_date` >= NOW() [ RunTime:0.000378s ]
[2023-02-04T13:58:29+08:00][sql] SELECT `e`.`id`,`e`.`avatar`,`e`.`name`,`e`.`members`,`e`.`qr`,`e`.`expire_date`,`e`.`joinable`,`e`.`reported`,`e`.`add_time` FROM `wk_entrance` `e` WHERE  `e`.`qrcode_id` = '10266'  AND `e`.`expire_date` >= NOW() [ RunTime:0.000311s ]
[2023-02-04T13:58:29+08:00][sql] SELECT `e`.`id`,`e`.`avatar`,`e`.`name`,`e`.`members`,`e`.`qr`,`e`.`expire_date`,`e`.`joinable`,`e`.`reported`,`e`.`add_time` FROM `wk_entrance` `e` WHERE  `e`.`qrcode_id` = '10267'  AND `e`.`expire_date` >= NOW() [ RunTime:0.000348s ]
[2023-02-04T13:58:29+08:00][sql] SELECT `e`.`id`,`e`.`avatar`,`e`.`name`,`e`.`members`,`e`.`qr`,`e`.`expire_date`,`e`.`joinable`,`e`.`reported`,`e`.`add_time` FROM `wk_entrance` `e` WHERE  `e`.`qrcode_id` = '10268'  AND `e`.`expire_date` >= NOW() [ RunTime:0.000621s ]
[2023-02-04T13:58:29+08:00][sql] SELECT `e`.`id`,`e`.`avatar`,`e`.`name`,`e`.`members`,`e`.`qr`,`e`.`expire_date`,`e`.`joinable`,`e`.`reported`,`e`.`add_time` FROM `wk_entrance` `e` WHERE  `e`.`qrcode_id` = '10269'  AND `e`.`expire_date` >= NOW() [ RunTime:0.000767s ]
[2023-02-04T13:58:29+08:00][sql] SELECT `e`.`id`,`e`.`avatar`,`e`.`name`,`e`.`members`,`e`.`qr`,`e`.`expire_date`,`e`.`joinable`,`e`.`reported`,`e`.`add_time` FROM `wk_entrance` `e` WHERE  `e`.`qrcode_id` = '10270'  AND `e`.`expire_date` >= NOW() [ RunTime:0.000377s ]
[2023-02-04T13:58:29+08:00][sql] SELECT `e`.`id`,`e`.`avatar`,`e`.`name`,`e`.`members`,`e`.`qr`,`e`.`expire_date`,`e`.`joinable`,`e`.`reported`,`e`.`add_time` FROM `wk_entrance` `e` WHERE  `e`.`qrcode_id` = '10271'  AND `e`.`expire_date` >= NOW() [ RunTime:0.000269s ]
[2023-02-04T13:58:29+08:00][sql] SELECT COUNT(*) AS think_count FROM `wk_qrcode` WHERE  `provider_id` IN (SELECT `id` FROM `wk_provider` WHERE  `manager_id` = 1) LIMIT 1 [ RunTime:0.000277s ]
[2023-02-04T13:58:30+08:00][sql] CONNECT:[ UseTime:0.000417s ] mysql:host=127.0.0.1;port=3306;dbname=c2;charset=utf8mb4
[2023-02-04T13:58:30+08:00][sql] SHOW FULL COLUMNS FROM `wk_manager` [ RunTime:0.000448s ]
[2023-02-04T13:58:30+08:00][sql] SELECT `id` FROM `wk_manager` WHERE  `id` = 1  AND `relogin` = 0 LIMIT 1 [ RunTime:0.000125s ]
[2023-02-04T13:58:30+08:00][sql] SHOW FULL COLUMNS FROM `wk_exchange` [ RunTime:0.000780s ]
[2023-02-04T13:58:30+08:00][sql] SELECT `e`.`id`,`e`.`qrcode_id`,`e`.`name`,`e`.`avatar`,`e`.`expire_date`,`e`.`members`,IF(e.source=1,IFNULL(e.im,e.im2),NULL) im,`e`.`hide`,`e`.`add_time`,`e`.`company`,`e`.`remark`,`e`.`province`,`e`.`city`,`e`.`district`,GROUP_CONCAT(DISTINCT t.name) tags,`e`.`type`,COUNT(DISTINCT b.id) buy_cnt,`e`.`status`,MAX(m.username) from_username FROM `wk_exchange` `ex` LEFT JOIN `wk_entrance` `e` ON `e`.`id`=`ex`.`entrance_id` LEFT JOIN `wk_manager` `m` ON `m`.`id`=`ex`.`from_manager_id` LEFT JOIN `wk_buy` `b` ON `b`.`entrance_id`=`e`.`id` LEFT JOIN `wk_tag` `t` ON FIND_IN_SET(t.id,e.tags) WHERE  `ex`.`to_manager_id` = '1' GROUP BY `e`.`id` ORDER BY `e`.`id` DESC LIMIT 0,20 [ RunTime:0.000707s ]
[2023-02-04T13:58:30+08:00][sql] SELECT COUNT(*) AS think_count FROM ( SELECT count(*) AS think_count FROM `wk_exchange` `ex` LEFT JOIN `wk_entrance` `e` ON `e`.`id`=`ex`.`entrance_id` LEFT JOIN `wk_manager` `m` ON `m`.`id`=`ex`.`from_manager_id` LEFT JOIN `wk_buy` `b` ON `b`.`entrance_id`=`e`.`id` LEFT JOIN `wk_tag` `t` ON FIND_IN_SET(t.id,e.tags) WHERE  `ex`.`to_manager_id` = '1' GROUP BY `e`.`id` ORDER BY `e`.`id` DESC LIMIT 0,20 ) `_group_count_` LIMIT 1 [ RunTime:0.000145s ]
[2023-02-04T13:59:56+08:00][sql] CONNECT:[ UseTime:0.000588s ] mysql:host=127.0.0.1;port=3306;dbname=c2;charset=utf8mb4
[2023-02-04T13:59:56+08:00][sql] SHOW FULL COLUMNS FROM `wk_manager` [ RunTime:0.001164s ]
[2023-02-04T13:59:56+08:00][sql] SELECT `id` FROM `wk_manager` WHERE  `id` = 1  AND `relogin` = 0 LIMIT 1 [ RunTime:0.000273s ]
[2023-02-04T13:59:56+08:00][sql] SHOW FULL COLUMNS FROM `wk_provider` [ RunTime:0.008607s ]
[2023-02-04T13:59:56+08:00][sql] SELECT COUNT(*) AS think_count FROM `wk_provider` WHERE  `manager_id` = 1  AND `enable` = 1 LIMIT 1 [ RunTime:0.001521s ]
[2023-02-04T13:59:56+08:00][sql] SELECT `id`,`username`,`enable`,`add_time` FROM `wk_provider` WHERE  `manager_id` = 1  AND `enable` = 1 ORDER BY `id` ASC LIMIT 0,20 [ RunTime:0.001063s ]
[2023-02-04T13:59:56+08:00][sql] SHOW FULL COLUMNS FROM `wk_qrcode` [ RunTime:0.003030s ]
[2023-02-04T13:59:56+08:00][sql] SELECT COUNT(id),`provider_id` FROM `wk_qrcode` WHERE  `provider_id` = 1 GROUP BY `provider_id` [ RunTime:0.000404s ]
[2023-02-04T13:59:56+08:00][sql] SHOW FULL COLUMNS FROM `wk_entrance` [ RunTime:0.002484s ]
[2023-02-04T13:59:56+08:00][sql] SELECT COUNT(id),`provider_id` FROM `wk_entrance` WHERE  `provider_id` = 1 GROUP BY `provider_id` [ RunTime:0.000413s ]
[2023-02-04T13:59:58+08:00][sql] CONNECT:[ UseTime:0.000516s ] mysql:host=127.0.0.1;port=3306;dbname=c2;charset=utf8mb4
[2023-02-04T13:59:58+08:00][sql] SHOW FULL COLUMNS FROM `wk_manager` [ RunTime:0.000476s ]
[2023-02-04T13:59:58+08:00][sql] SELECT `id` FROM `wk_manager` WHERE  `id` = 1  AND `relogin` = 0 LIMIT 1 [ RunTime:0.000140s ]
[2023-02-04T13:59:58+08:00][sql] SHOW FULL COLUMNS FROM `wk_entrance` [ RunTime:0.000446s ]
[2023-02-04T13:59:58+08:00][sql] SHOW FULL COLUMNS FROM `wk_provider` [ RunTime:0.000366s ]
[2023-02-04T13:59:58+08:00][sql] SELECT `e`.`id`,`e`.`qrcode_id`,`e`.`name`,`e`.`avatar`,`e`.`expire_date`,`e`.`members`,IF(e.source=1,IFNULL(e.im,e.im2),NULL) im,`e`.`hide`,`e`.`add_time`,`e`.`company`,`e`.`remark`,`e`.`province`,`e`.`city`,`e`.`district`,GROUP_CONCAT(DISTINCT t.name) tags,`e`.`type`,COUNT(DISTINCT b.id) buy_cnt,`e`.`status` FROM `wk_entrance` `e` LEFT JOIN `wk_buy` `b` ON `b`.`entrance_id`=`e`.`id` LEFT JOIN `wk_tag` `t` ON FIND_IN_SET(t.id,e.tags) WHERE  `provider_id` IN (SELECT `id` FROM `wk_provider` WHERE  `manager_id` = 1) GROUP BY `e`.`id` ORDER BY `e`.`id` DESC LIMIT 0,20 [ RunTime:0.000305s ]
[2023-02-04T13:59:58+08:00][sql] SELECT COUNT(*) AS think_count FROM ( SELECT count(*) AS think_count FROM `wk_entrance` `e` LEFT JOIN `wk_buy` `b` ON `b`.`entrance_id`=`e`.`id` LEFT JOIN `wk_tag` `t` ON FIND_IN_SET(t.id,e.tags) WHERE  `provider_id` IN (SELECT `id` FROM `wk_provider` WHERE  `manager_id` = 1) GROUP BY `e`.`id` ORDER BY `e`.`id` DESC LIMIT 0,20 ) `_group_count_` LIMIT 1 [ RunTime:0.000317s ]
[2023-02-04T13:59:59+08:00][sql] CONNECT:[ UseTime:0.000532s ] mysql:host=127.0.0.1;port=3306;dbname=c2;charset=utf8mb4
[2023-02-04T13:59:59+08:00][sql] SHOW FULL COLUMNS FROM `wk_manager` [ RunTime:0.000558s ]
[2023-02-04T13:59:59+08:00][sql] SELECT `id` FROM `wk_manager` WHERE  `id` = 1  AND `relogin` = 0 LIMIT 1 [ RunTime:0.000203s ]
[2023-02-04T13:59:59+08:00][sql] SHOW FULL COLUMNS FROM `wk_qrcode` [ RunTime:0.000923s ]
[2023-02-04T13:59:59+08:00][sql] SHOW FULL COLUMNS FROM `wk_provider` [ RunTime:0.000512s ]
[2023-02-04T13:59:59+08:00][sql] SELECT q.id,q.code,q.company,q.province,q.city,q.district,q.remark,q.status,q.sub_status,q.valid,q.valid_time,q.err_msg,GROUP_CONCAT(t.name) tags,q.add_time FROM `wk_qrcode` `q` LEFT JOIN `wk_tag` `t` ON FIND_IN_SET(t.id,q.tags) WHERE  `q`.`provider_id` IN (SELECT `id` FROM `wk_provider` WHERE  `manager_id` = 1) GROUP BY `q`.`id` LIMIT 0,20 [ RunTime:0.000391s ]
[2023-02-04T13:59:59+08:00][sql] SHOW FULL COLUMNS FROM `wk_entrance` [ RunTime:0.000605s ]
[2023-02-04T13:59:59+08:00][sql] SELECT `e`.`id`,`e`.`avatar`,`e`.`name`,`e`.`members`,`e`.`qr`,`e`.`expire_date`,`e`.`joinable`,`e`.`reported`,`e`.`add_time` FROM `wk_entrance` `e` WHERE  `e`.`qrcode_id` = '9212'  AND `e`.`expire_date` >= NOW() [ RunTime:0.000426s ]
[2023-02-04T13:59:59+08:00][sql] SELECT `e`.`id`,`e`.`avatar`,`e`.`name`,`e`.`members`,`e`.`qr`,`e`.`expire_date`,`e`.`joinable`,`e`.`reported`,`e`.`add_time` FROM `wk_entrance` `e` WHERE  `e`.`qrcode_id` = '9213'  AND `e`.`expire_date` >= NOW() [ RunTime:0.000266s ]
[2023-02-04T13:59:59+08:00][sql] SELECT `e`.`id`,`e`.`avatar`,`e`.`name`,`e`.`members`,`e`.`qr`,`e`.`expire_date`,`e`.`joinable`,`e`.`reported`,`e`.`add_time` FROM `wk_entrance` `e` WHERE  `e`.`qrcode_id` = '9214'  AND `e`.`expire_date` >= NOW() [ RunTime:0.000254s ]
[2023-02-04T13:59:59+08:00][sql] SELECT `e`.`id`,`e`.`avatar`,`e`.`name`,`e`.`members`,`e`.`qr`,`e`.`expire_date`,`e`.`joinable`,`e`.`reported`,`e`.`add_time` FROM `wk_entrance` `e` WHERE  `e`.`qrcode_id` = '9215'  AND `e`.`expire_date` >= NOW() [ RunTime:0.000224s ]
[2023-02-04T13:59:59+08:00][sql] SELECT `e`.`id`,`e`.`avatar`,`e`.`name`,`e`.`members`,`e`.`qr`,`e`.`expire_date`,`e`.`joinable`,`e`.`reported`,`e`.`add_time` FROM `wk_entrance` `e` WHERE  `e`.`qrcode_id` = '10256'  AND `e`.`expire_date` >= NOW() [ RunTime:0.000276s ]
[2023-02-04T13:59:59+08:00][sql] SELECT `e`.`id`,`e`.`avatar`,`e`.`name`,`e`.`members`,`e`.`qr`,`e`.`expire_date`,`e`.`joinable`,`e`.`reported`,`e`.`add_time` FROM `wk_entrance` `e` WHERE  `e`.`qrcode_id` = '10257'  AND `e`.`expire_date` >= NOW() [ RunTime:0.000283s ]
[2023-02-04T13:59:59+08:00][sql] SELECT `e`.`id`,`e`.`avatar`,`e`.`name`,`e`.`members`,`e`.`qr`,`e`.`expire_date`,`e`.`joinable`,`e`.`reported`,`e`.`add_time` FROM `wk_entrance` `e` WHERE  `e`.`qrcode_id` = '10258'  AND `e`.`expire_date` >= NOW() [ RunTime:0.000239s ]
[2023-02-04T13:59:59+08:00][sql] SELECT `e`.`id`,`e`.`avatar`,`e`.`name`,`e`.`members`,`e`.`qr`,`e`.`expire_date`,`e`.`joinable`,`e`.`reported`,`e`.`add_time` FROM `wk_entrance` `e` WHERE  `e`.`qrcode_id` = '10259'  AND `e`.`expire_date` >= NOW() [ RunTime:0.000303s ]
[2023-02-04T13:59:59+08:00][sql] SELECT `e`.`id`,`e`.`avatar`,`e`.`name`,`e`.`members`,`e`.`qr`,`e`.`expire_date`,`e`.`joinable`,`e`.`reported`,`e`.`add_time` FROM `wk_entrance` `e` WHERE  `e`.`qrcode_id` = '10260'  AND `e`.`expire_date` >= NOW() [ RunTime:0.000288s ]
[2023-02-04T13:59:59+08:00][sql] SELECT `e`.`id`,`e`.`avatar`,`e`.`name`,`e`.`members`,`e`.`qr`,`e`.`expire_date`,`e`.`joinable`,`e`.`reported`,`e`.`add_time` FROM `wk_entrance` `e` WHERE  `e`.`qrcode_id` = '10261'  AND `e`.`expire_date` >= NOW() [ RunTime:0.000341s ]
[2023-02-04T13:59:59+08:00][sql] SELECT `e`.`id`,`e`.`avatar`,`e`.`name`,`e`.`members`,`e`.`qr`,`e`.`expire_date`,`e`.`joinable`,`e`.`reported`,`e`.`add_time` FROM `wk_entrance` `e` WHERE  `e`.`qrcode_id` = '10262'  AND `e`.`expire_date` >= NOW() [ RunTime:0.000424s ]
[2023-02-04T13:59:59+08:00][sql] SELECT `e`.`id`,`e`.`avatar`,`e`.`name`,`e`.`members`,`e`.`qr`,`e`.`expire_date`,`e`.`joinable`,`e`.`reported`,`e`.`add_time` FROM `wk_entrance` `e` WHERE  `e`.`qrcode_id` = '10263'  AND `e`.`expire_date` >= NOW() [ RunTime:0.000349s ]
[2023-02-04T13:59:59+08:00][sql] SELECT `e`.`id`,`e`.`avatar`,`e`.`name`,`e`.`members`,`e`.`qr`,`e`.`expire_date`,`e`.`joinable`,`e`.`reported`,`e`.`add_time` FROM `wk_entrance` `e` WHERE  `e`.`qrcode_id` = '10264'  AND `e`.`expire_date` >= NOW() [ RunTime:0.000373s ]
[2023-02-04T13:59:59+08:00][sql] SELECT `e`.`id`,`e`.`avatar`,`e`.`name`,`e`.`members`,`e`.`qr`,`e`.`expire_date`,`e`.`joinable`,`e`.`reported`,`e`.`add_time` FROM `wk_entrance` `e` WHERE  `e`.`qrcode_id` = '10265'  AND `e`.`expire_date` >= NOW() [ RunTime:0.000400s ]
[2023-02-04T13:59:59+08:00][sql] SELECT `e`.`id`,`e`.`avatar`,`e`.`name`,`e`.`members`,`e`.`qr`,`e`.`expire_date`,`e`.`joinable`,`e`.`reported`,`e`.`add_time` FROM `wk_entrance` `e` WHERE  `e`.`qrcode_id` = '10266'  AND `e`.`expire_date` >= NOW() [ RunTime:0.000406s ]
[2023-02-04T13:59:59+08:00][sql] SELECT `e`.`id`,`e`.`avatar`,`e`.`name`,`e`.`members`,`e`.`qr`,`e`.`expire_date`,`e`.`joinable`,`e`.`reported`,`e`.`add_time` FROM `wk_entrance` `e` WHERE  `e`.`qrcode_id` = '10267'  AND `e`.`expire_date` >= NOW() [ RunTime:0.000371s ]
[2023-02-04T13:59:59+08:00][sql] SELECT `e`.`id`,`e`.`avatar`,`e`.`name`,`e`.`members`,`e`.`qr`,`e`.`expire_date`,`e`.`joinable`,`e`.`reported`,`e`.`add_time` FROM `wk_entrance` `e` WHERE  `e`.`qrcode_id` = '10268'  AND `e`.`expire_date` >= NOW() [ RunTime:0.000308s ]
[2023-02-04T13:59:59+08:00][sql] SELECT `e`.`id`,`e`.`avatar`,`e`.`name`,`e`.`members`,`e`.`qr`,`e`.`expire_date`,`e`.`joinable`,`e`.`reported`,`e`.`add_time` FROM `wk_entrance` `e` WHERE  `e`.`qrcode_id` = '10269'  AND `e`.`expire_date` >= NOW() [ RunTime:0.000385s ]
[2023-02-04T13:59:59+08:00][sql] SELECT `e`.`id`,`e`.`avatar`,`e`.`name`,`e`.`members`,`e`.`qr`,`e`.`expire_date`,`e`.`joinable`,`e`.`reported`,`e`.`add_time` FROM `wk_entrance` `e` WHERE  `e`.`qrcode_id` = '10270'  AND `e`.`expire_date` >= NOW() [ RunTime:0.000867s ]
[2023-02-04T13:59:59+08:00][sql] SELECT `e`.`id`,`e`.`avatar`,`e`.`name`,`e`.`members`,`e`.`qr`,`e`.`expire_date`,`e`.`joinable`,`e`.`reported`,`e`.`add_time` FROM `wk_entrance` `e` WHERE  `e`.`qrcode_id` = '10271'  AND `e`.`expire_date` >= NOW() [ RunTime:0.000390s ]
[2023-02-04T13:59:59+08:00][sql] SELECT COUNT(*) AS think_count FROM `wk_qrcode` WHERE  `provider_id` IN (SELECT `id` FROM `wk_provider` WHERE  `manager_id` = 1) LIMIT 1 [ RunTime:0.000247s ]
[2023-02-04T14:00:32+08:00][sql] CONNECT:[ UseTime:0.000816s ] mysql:host=127.0.0.1;port=3306;dbname=c2;charset=utf8mb4
[2023-02-04T14:00:32+08:00][sql] SHOW FULL COLUMNS FROM `wk_manager` [ RunTime:0.000798s ]
[2023-02-04T14:00:32+08:00][sql] SELECT `id` FROM `wk_manager` WHERE  `id` = 1  AND `relogin` = 0 LIMIT 1 [ RunTime:0.000243s ]
[2023-02-04T14:00:32+08:00][sql] SHOW FULL COLUMNS FROM `wk_provider` [ RunTime:0.000666s ]
[2023-02-04T14:00:32+08:00][sql] SELECT COUNT(*) AS think_count FROM `wk_provider` WHERE  `manager_id` = 1  AND `enable` = 1 LIMIT 1 [ RunTime:0.000213s ]
[2023-02-04T14:00:32+08:00][sql] SELECT `id`,`username`,`enable`,`add_time` FROM `wk_provider` WHERE  `manager_id` = 1  AND `enable` = 1 ORDER BY `id` ASC LIMIT 0,20 [ RunTime:0.000163s ]
[2023-02-04T14:00:32+08:00][sql] SHOW FULL COLUMNS FROM `wk_qrcode` [ RunTime:0.000686s ]
[2023-02-04T14:00:32+08:00][sql] SELECT COUNT(id),`provider_id` FROM `wk_qrcode` WHERE  `provider_id` = 1 GROUP BY `provider_id` [ RunTime:0.000196s ]
[2023-02-04T14:00:32+08:00][sql] SHOW FULL COLUMNS FROM `wk_entrance` [ RunTime:0.000698s ]
[2023-02-04T14:00:32+08:00][sql] SELECT COUNT(id),`provider_id` FROM `wk_entrance` WHERE  `provider_id` = 1 GROUP BY `provider_id` [ RunTime:0.000203s ]
[2023-02-04T14:39:10+08:00][sql] CONNECT:[ UseTime:0.000681s ] mysql:host=127.0.0.1;port=3306;dbname=c2;charset=utf8mb4
[2023-02-04T14:39:10+08:00][sql] SHOW FULL COLUMNS FROM `wk_manager` [ RunTime:0.000625s ]
[2023-02-04T14:39:10+08:00][sql] SELECT `id` FROM `wk_manager` WHERE  `id` = 1  AND `relogin` = 0 LIMIT 1 [ RunTime:0.000202s ]
[2023-02-04T14:39:10+08:00][sql] SHOW FULL COLUMNS FROM `wk_provider` [ RunTime:0.000416s ]
[2023-02-04T14:39:10+08:00][sql] SELECT COUNT(*) AS think_count FROM `wk_provider` WHERE  `manager_id` = 1  AND `enable` = 1 LIMIT 1 [ RunTime:0.000166s ]
[2023-02-04T14:39:10+08:00][sql] SELECT `id`,`username`,`enable`,`add_time` FROM `wk_provider` WHERE  `manager_id` = 1  AND `enable` = 1 ORDER BY `id` ASC LIMIT 0,20 [ RunTime:0.000155s ]
[2023-02-04T14:39:10+08:00][sql] SHOW FULL COLUMNS FROM `wk_qrcode` [ RunTime:0.000443s ]
[2023-02-04T14:39:10+08:00][sql] SELECT COUNT(id),`provider_id` FROM `wk_qrcode` WHERE  `provider_id` = 1 GROUP BY `provider_id` [ RunTime:0.000163s ]
[2023-02-04T14:39:10+08:00][sql] SHOW FULL COLUMNS FROM `wk_entrance` [ RunTime:0.000530s ]
[2023-02-04T14:39:10+08:00][sql] SELECT COUNT(id),`provider_id` FROM `wk_entrance` WHERE  `provider_id` = 1 GROUP BY `provider_id` [ RunTime:0.000214s ]
