[2023-02-07T16:21:34+08:00][sql] CONNECT:[ UseTime:0.002499s ] mysql:host=127.0.0.1;port=3306;dbname=c2;charset=utf8mb4
[2023-02-07T16:21:34+08:00][sql] SHOW FULL COLUMNS FROM `wk_manager` [ RunTime:0.002378s ]
[2023-02-07T16:21:34+08:00][sql] SELECT `id` FROM `wk_manager` WHERE  `id` = 1  AND `relogin` = 0 LIMIT 1 [ RunTime:0.000472s ]
[2023-02-07T16:21:34+08:00][sql] SHOW FULL COLUMNS FROM `wk_provider` [ RunTime:0.000675s ]
[2023-02-07T16:21:34+08:00][sql] SELECT COUNT(*) AS think_count FROM `wk_provider` WHERE  `manager_id` = 1  AND `enable` = 1 LIMIT 1 [ RunTime:0.000247s ]
[2023-02-07T16:21:34+08:00][sql] SELECT `id`,`username`,`enable`,`add_time` FROM `wk_provider` WHERE  `manager_id` = 1  AND `enable` = 1 ORDER BY `id` ASC LIMIT 0,20 [ RunTime:0.000208s ]
[2023-02-07T16:21:34+08:00][sql] SHOW FULL COLUMNS FROM `wk_qrcode` [ RunTime:0.000536s ]
[2023-02-07T16:21:34+08:00][sql] SELECT COUNT(id),`provider_id` FROM `wk_qrcode` WHERE  `provider_id` = 1 GROUP BY `provider_id` [ RunTime:0.000246s ]
[2023-02-07T16:21:34+08:00][sql] SELECT COUNT(id),`provider_id` FROM `wk_qrcode` WHERE  `provider_id` = 1  AND `valid` = 1 GROUP BY `provider_id` [ RunTime:0.000229s ]
[2023-02-07T16:21:34+08:00][sql] SHOW FULL COLUMNS FROM `wk_entrance` [ RunTime:0.000980s ]
[2023-02-07T16:21:34+08:00][sql] SELECT COUNT(id),`provider_id` FROM `wk_entrance` WHERE  `provider_id` = 1 GROUP BY `provider_id` [ RunTime:0.000273s ]
[2023-02-07T16:21:35+08:00][sql] CONNECT:[ UseTime:0.001923s ] mysql:host=127.0.0.1;port=3306;dbname=c2;charset=utf8mb4
[2023-02-07T16:21:35+08:00][sql] SHOW FULL COLUMNS FROM `wk_manager` [ RunTime:0.001161s ]
[2023-02-07T16:21:35+08:00][sql] SELECT `id` FROM `wk_manager` WHERE  `id` = 1  AND `relogin` = 0 LIMIT 1 [ RunTime:0.000457s ]
[2023-02-07T16:21:35+08:00][sql] SHOW FULL COLUMNS FROM `wk_qrcode` [ RunTime:0.001406s ]
[2023-02-07T16:21:35+08:00][sql] SHOW FULL COLUMNS FROM `wk_provider` [ RunTime:0.000739s ]
[2023-02-07T16:21:35+08:00][sql] SELECT q.id,q.provider_id,q.code,q.company,q.status,q.valid,q.valid_time,q.err_msg,q.add_time FROM `wk_qrcode` `q` WHERE  `q`.`provider_id` IN (SELECT `id` FROM `wk_provider` WHERE  `manager_id` = 1) GROUP BY `q`.`id` LIMIT 0,20 [ RunTime:0.000648s ]
[2023-02-07T16:21:35+08:00][sql] SELECT `username` FROM `wk_provider` WHERE  `id` = 1 LIMIT 1 [ RunTime:0.000961s ]
[2023-02-07T16:21:35+08:00][sql] SHOW FULL COLUMNS FROM `wk_entrance` [ RunTime:0.000889s ]
[2023-02-07T16:21:35+08:00][sql] SELECT `e`.`id`,`e`.`avatar`,`e`.`name`,`e`.`members`,`e`.`qr`,`e`.`expire_date`,`e`.`joinable_wc`,`e`.`add_time` FROM `wk_entrance` `e` WHERE  `e`.`qrcode_id` = '9212'  AND `e`.`expire_date` >= NOW() [ RunTime:0.003331s ]
[2023-02-07T16:21:35+08:00][sql] SELECT `username` FROM `wk_provider` WHERE  `id` = 1 LIMIT 1 [ RunTime:0.000311s ]
[2023-02-07T16:21:35+08:00][sql] SELECT `e`.`id`,`e`.`avatar`,`e`.`name`,`e`.`members`,`e`.`qr`,`e`.`expire_date`,`e`.`joinable_wc`,`e`.`add_time` FROM `wk_entrance` `e` WHERE  `e`.`qrcode_id` = '9213'  AND `e`.`expire_date` >= NOW() [ RunTime:0.000579s ]
[2023-02-07T16:21:35+08:00][sql] SELECT `username` FROM `wk_provider` WHERE  `id` = 1 LIMIT 1 [ RunTime:0.000241s ]
[2023-02-07T16:21:35+08:00][sql] SELECT `e`.`id`,`e`.`avatar`,`e`.`name`,`e`.`members`,`e`.`qr`,`e`.`expire_date`,`e`.`joinable_wc`,`e`.`add_time` FROM `wk_entrance` `e` WHERE  `e`.`qrcode_id` = '9214'  AND `e`.`expire_date` >= NOW() [ RunTime:0.000475s ]
[2023-02-07T16:21:35+08:00][sql] SELECT `username` FROM `wk_provider` WHERE  `id` = 1 LIMIT 1 [ RunTime:0.000228s ]
[2023-02-07T16:21:35+08:00][sql] SELECT `e`.`id`,`e`.`avatar`,`e`.`name`,`e`.`members`,`e`.`qr`,`e`.`expire_date`,`e`.`joinable_wc`,`e`.`add_time` FROM `wk_entrance` `e` WHERE  `e`.`qrcode_id` = '9215'  AND `e`.`expire_date` >= NOW() [ RunTime:0.000389s ]
[2023-02-07T16:21:35+08:00][sql] SELECT `username` FROM `wk_provider` WHERE  `id` = 1 LIMIT 1 [ RunTime:0.000227s ]
[2023-02-07T16:21:35+08:00][sql] SELECT `e`.`id`,`e`.`avatar`,`e`.`name`,`e`.`members`,`e`.`qr`,`e`.`expire_date`,`e`.`joinable_wc`,`e`.`add_time` FROM `wk_entrance` `e` WHERE  `e`.`qrcode_id` = '10256'  AND `e`.`expire_date` >= NOW() [ RunTime:0.000291s ]
[2023-02-07T16:21:35+08:00][sql] SELECT `username` FROM `wk_provider` WHERE  `id` = 1 LIMIT 1 [ RunTime:0.000149s ]
[2023-02-07T16:21:35+08:00][sql] SELECT `e`.`id`,`e`.`avatar`,`e`.`name`,`e`.`members`,`e`.`qr`,`e`.`expire_date`,`e`.`joinable_wc`,`e`.`add_time` FROM `wk_entrance` `e` WHERE  `e`.`qrcode_id` = '10257'  AND `e`.`expire_date` >= NOW() [ RunTime:0.000363s ]
[2023-02-07T16:21:35+08:00][sql] SELECT `username` FROM `wk_provider` WHERE  `id` = 1 LIMIT 1 [ RunTime:0.000194s ]
[2023-02-07T16:21:35+08:00][sql] SELECT `e`.`id`,`e`.`avatar`,`e`.`name`,`e`.`members`,`e`.`qr`,`e`.`expire_date`,`e`.`joinable_wc`,`e`.`add_time` FROM `wk_entrance` `e` WHERE  `e`.`qrcode_id` = '10258'  AND `e`.`expire_date` >= NOW() [ RunTime:0.000216s ]
[2023-02-07T16:21:35+08:00][sql] SELECT `username` FROM `wk_provider` WHERE  `id` = 1 LIMIT 1 [ RunTime:0.000161s ]
[2023-02-07T16:21:35+08:00][sql] SELECT `e`.`id`,`e`.`avatar`,`e`.`name`,`e`.`members`,`e`.`qr`,`e`.`expire_date`,`e`.`joinable_wc`,`e`.`add_time` FROM `wk_entrance` `e` WHERE  `e`.`qrcode_id` = '10259'  AND `e`.`expire_date` >= NOW() [ RunTime:0.000427s ]
[2023-02-07T16:21:35+08:00][sql] SELECT `username` FROM `wk_provider` WHERE  `id` = 1 LIMIT 1 [ RunTime:0.000094s ]
[2023-02-07T16:21:35+08:00][sql] SELECT `e`.`id`,`e`.`avatar`,`e`.`name`,`e`.`members`,`e`.`qr`,`e`.`expire_date`,`e`.`joinable_wc`,`e`.`add_time` FROM `wk_entrance` `e` WHERE  `e`.`qrcode_id` = '10260'  AND `e`.`expire_date` >= NOW() [ RunTime:0.000278s ]
[2023-02-07T16:21:35+08:00][sql] SELECT `username` FROM `wk_provider` WHERE  `id` = 1 LIMIT 1 [ RunTime:0.000165s ]
[2023-02-07T16:21:35+08:00][sql] SELECT `e`.`id`,`e`.`avatar`,`e`.`name`,`e`.`members`,`e`.`qr`,`e`.`expire_date`,`e`.`joinable_wc`,`e`.`add_time` FROM `wk_entrance` `e` WHERE  `e`.`qrcode_id` = '10261'  AND `e`.`expire_date` >= NOW() [ RunTime:0.000379s ]
[2023-02-07T16:21:35+08:00][sql] SELECT `username` FROM `wk_provider` WHERE  `id` = 1 LIMIT 1 [ RunTime:0.000613s ]
[2023-02-07T16:21:35+08:00][sql] SELECT `e`.`id`,`e`.`avatar`,`e`.`name`,`e`.`members`,`e`.`qr`,`e`.`expire_date`,`e`.`joinable_wc`,`e`.`add_time` FROM `wk_entrance` `e` WHERE  `e`.`qrcode_id` = '10262'  AND `e`.`expire_date` >= NOW() [ RunTime:0.000491s ]
[2023-02-07T16:21:35+08:00][sql] SELECT `username` FROM `wk_provider` WHERE  `id` = 1 LIMIT 1 [ RunTime:0.000471s ]
[2023-02-07T16:21:35+08:00][sql] SELECT `e`.`id`,`e`.`avatar`,`e`.`name`,`e`.`members`,`e`.`qr`,`e`.`expire_date`,`e`.`joinable_wc`,`e`.`add_time` FROM `wk_entrance` `e` WHERE  `e`.`qrcode_id` = '10263'  AND `e`.`expire_date` >= NOW() [ RunTime:0.000649s ]
[2023-02-07T16:21:35+08:00][sql] SELECT `username` FROM `wk_provider` WHERE  `id` = 1 LIMIT 1 [ RunTime:0.000251s ]
[2023-02-07T16:21:35+08:00][sql] SELECT `e`.`id`,`e`.`avatar`,`e`.`name`,`e`.`members`,`e`.`qr`,`e`.`expire_date`,`e`.`joinable_wc`,`e`.`add_time` FROM `wk_entrance` `e` WHERE  `e`.`qrcode_id` = '10264'  AND `e`.`expire_date` >= NOW() [ RunTime:0.000443s ]
[2023-02-07T16:21:35+08:00][sql] SELECT `username` FROM `wk_provider` WHERE  `id` = 1 LIMIT 1 [ RunTime:0.000149s ]
[2023-02-07T16:21:35+08:00][sql] SELECT `e`.`id`,`e`.`avatar`,`e`.`name`,`e`.`members`,`e`.`qr`,`e`.`expire_date`,`e`.`joinable_wc`,`e`.`add_time` FROM `wk_entrance` `e` WHERE  `e`.`qrcode_id` = '10265'  AND `e`.`expire_date` >= NOW() [ RunTime:0.000350s ]
[2023-02-07T16:21:35+08:00][sql] SELECT `username` FROM `wk_provider` WHERE  `id` = 1 LIMIT 1 [ RunTime:0.000097s ]
[2023-02-07T16:21:35+08:00][sql] SELECT `e`.`id`,`e`.`avatar`,`e`.`name`,`e`.`members`,`e`.`qr`,`e`.`expire_date`,`e`.`joinable_wc`,`e`.`add_time` FROM `wk_entrance` `e` WHERE  `e`.`qrcode_id` = '10266'  AND `e`.`expire_date` >= NOW() [ RunTime:0.000183s ]
[2023-02-07T16:21:35+08:00][sql] SELECT `username` FROM `wk_provider` WHERE  `id` = 1 LIMIT 1 [ RunTime:0.000090s ]
[2023-02-07T16:21:35+08:00][sql] SELECT `e`.`id`,`e`.`avatar`,`e`.`name`,`e`.`members`,`e`.`qr`,`e`.`expire_date`,`e`.`joinable_wc`,`e`.`add_time` FROM `wk_entrance` `e` WHERE  `e`.`qrcode_id` = '10267'  AND `e`.`expire_date` >= NOW() [ RunTime:0.000312s ]
[2023-02-07T16:21:35+08:00][sql] SELECT `username` FROM `wk_provider` WHERE  `id` = 1 LIMIT 1 [ RunTime:0.000144s ]
[2023-02-07T16:21:35+08:00][sql] SELECT `e`.`id`,`e`.`avatar`,`e`.`name`,`e`.`members`,`e`.`qr`,`e`.`expire_date`,`e`.`joinable_wc`,`e`.`add_time` FROM `wk_entrance` `e` WHERE  `e`.`qrcode_id` = '10268'  AND `e`.`expire_date` >= NOW() [ RunTime:0.000681s ]
[2023-02-07T16:21:35+08:00][sql] SELECT `username` FROM `wk_provider` WHERE  `id` = 1 LIMIT 1 [ RunTime:0.000482s ]
[2023-02-07T16:21:35+08:00][sql] SELECT `e`.`id`,`e`.`avatar`,`e`.`name`,`e`.`members`,`e`.`qr`,`e`.`expire_date`,`e`.`joinable_wc`,`e`.`add_time` FROM `wk_entrance` `e` WHERE  `e`.`qrcode_id` = '10269'  AND `e`.`expire_date` >= NOW() [ RunTime:0.000747s ]
[2023-02-07T16:21:35+08:00][sql] SELECT `username` FROM `wk_provider` WHERE  `id` = 1 LIMIT 1 [ RunTime:0.000183s ]
[2023-02-07T16:21:35+08:00][sql] SELECT `e`.`id`,`e`.`avatar`,`e`.`name`,`e`.`members`,`e`.`qr`,`e`.`expire_date`,`e`.`joinable_wc`,`e`.`add_time` FROM `wk_entrance` `e` WHERE  `e`.`qrcode_id` = '10270'  AND `e`.`expire_date` >= NOW() [ RunTime:0.000166s ]
[2023-02-07T16:21:35+08:00][sql] SELECT `username` FROM `wk_provider` WHERE  `id` = 1 LIMIT 1 [ RunTime:0.000090s ]
[2023-02-07T16:21:35+08:00][sql] SELECT `e`.`id`,`e`.`avatar`,`e`.`name`,`e`.`members`,`e`.`qr`,`e`.`expire_date`,`e`.`joinable_wc`,`e`.`add_time` FROM `wk_entrance` `e` WHERE  `e`.`qrcode_id` = '10271'  AND `e`.`expire_date` >= NOW() [ RunTime:0.000167s ]
[2023-02-07T16:21:35+08:00][sql] SELECT COUNT(*) AS think_count FROM `wk_qrcode` WHERE  `provider_id` IN (SELECT `id` FROM `wk_provider` WHERE  `manager_id` = 1) LIMIT 1 [ RunTime:0.000103s ]
[2023-02-07T16:29:14+08:00][sql] CONNECT:[ UseTime:0.003863s ] mysql:host=127.0.0.1;port=3306;dbname=c2;charset=utf8mb4
[2023-02-07T16:29:14+08:00][sql] SHOW FULL COLUMNS FROM `wk_manager` [ RunTime:0.006565s ]
[2023-02-07T16:29:14+08:00][sql] SELECT `id` FROM `wk_manager` WHERE  `id` = 1  AND `relogin` = 0 LIMIT 1 [ RunTime:0.001286s ]
[2023-02-07T16:29:14+08:00][sql] SELECT `id`,`username` FROM `wk_manager` WHERE  `id` = 1 LIMIT 1 [ RunTime:0.000460s ]
[2023-02-07T16:29:14+08:00][sql] CONNECT:[ UseTime:0.001654s ] mysql:host=127.0.0.1;port=3306;dbname=c2;charset=utf8mb4
[2023-02-07T16:29:14+08:00][sql] SHOW FULL COLUMNS FROM `wk_manager` [ RunTime:0.003209s ]
[2023-02-07T16:29:14+08:00][sql] SELECT `id` FROM `wk_manager` WHERE  `id` = 1  AND `relogin` = 0 LIMIT 1 [ RunTime:0.000487s ]
[2023-02-07T16:29:14+08:00][sql] SHOW FULL COLUMNS FROM `wk_qrcode` [ RunTime:0.001782s ]
[2023-02-07T16:29:14+08:00][sql] SHOW FULL COLUMNS FROM `wk_provider` [ RunTime:0.001573s ]
[2023-02-07T16:29:14+08:00][sql] SELECT q.id,q.provider_id,q.code,q.company,q.status,q.valid,q.valid_time,q.err_msg,q.add_time FROM `wk_qrcode` `q` WHERE  `q`.`provider_id` IN (SELECT `id` FROM `wk_provider` WHERE  `manager_id` = 1) GROUP BY `q`.`id` LIMIT 0,20 [ RunTime:0.000519s ]
[2023-02-07T16:29:14+08:00][sql] SELECT `username` FROM `wk_provider` WHERE  `id` = 1 LIMIT 1 [ RunTime:0.000696s ]
[2023-02-07T16:29:14+08:00][sql] SHOW FULL COLUMNS FROM `wk_entrance` [ RunTime:0.002655s ]
[2023-02-07T16:29:14+08:00][sql] SELECT `e`.`id`,`e`.`avatar`,`e`.`name`,`e`.`members`,`e`.`qr`,`e`.`expire_date`,`e`.`joinable_wc`,`e`.`add_time` FROM `wk_entrance` `e` WHERE  `e`.`qrcode_id` = '9212'  AND `e`.`expire_date` >= NOW() [ RunTime:0.001437s ]
[2023-02-07T16:29:14+08:00][sql] SELECT `username` FROM `wk_provider` WHERE  `id` = 1 LIMIT 1 [ RunTime:0.000430s ]
[2023-02-07T16:29:14+08:00][sql] SELECT `e`.`id`,`e`.`avatar`,`e`.`name`,`e`.`members`,`e`.`qr`,`e`.`expire_date`,`e`.`joinable_wc`,`e`.`add_time` FROM `wk_entrance` `e` WHERE  `e`.`qrcode_id` = '9213'  AND `e`.`expire_date` >= NOW() [ RunTime:0.000679s ]
[2023-02-07T16:29:14+08:00][sql] SELECT `username` FROM `wk_provider` WHERE  `id` = 1 LIMIT 1 [ RunTime:0.000381s ]
[2023-02-07T16:29:14+08:00][sql] SELECT `e`.`id`,`e`.`avatar`,`e`.`name`,`e`.`members`,`e`.`qr`,`e`.`expire_date`,`e`.`joinable_wc`,`e`.`add_time` FROM `wk_entrance` `e` WHERE  `e`.`qrcode_id` = '9214'  AND `e`.`expire_date` >= NOW() [ RunTime:0.000690s ]
[2023-02-07T16:29:14+08:00][sql] SELECT `username` FROM `wk_provider` WHERE  `id` = 1 LIMIT 1 [ RunTime:0.000367s ]
[2023-02-07T16:29:14+08:00][sql] SELECT `e`.`id`,`e`.`avatar`,`e`.`name`,`e`.`members`,`e`.`qr`,`e`.`expire_date`,`e`.`joinable_wc`,`e`.`add_time` FROM `wk_entrance` `e` WHERE  `e`.`qrcode_id` = '9215'  AND `e`.`expire_date` >= NOW() [ RunTime:0.000631s ]
[2023-02-07T16:29:14+08:00][sql] SELECT `username` FROM `wk_provider` WHERE  `id` = 1 LIMIT 1 [ RunTime:0.000343s ]
[2023-02-07T16:29:14+08:00][sql] SELECT `e`.`id`,`e`.`avatar`,`e`.`name`,`e`.`members`,`e`.`qr`,`e`.`expire_date`,`e`.`joinable_wc`,`e`.`add_time` FROM `wk_entrance` `e` WHERE  `e`.`qrcode_id` = '10256'  AND `e`.`expire_date` >= NOW() [ RunTime:0.000684s ]
[2023-02-07T16:29:14+08:00][sql] SELECT `username` FROM `wk_provider` WHERE  `id` = 1 LIMIT 1 [ RunTime:0.000390s ]
[2023-02-07T16:29:14+08:00][sql] SELECT `e`.`id`,`e`.`avatar`,`e`.`name`,`e`.`members`,`e`.`qr`,`e`.`expire_date`,`e`.`joinable_wc`,`e`.`add_time` FROM `wk_entrance` `e` WHERE  `e`.`qrcode_id` = '10257'  AND `e`.`expire_date` >= NOW() [ RunTime:0.000632s ]
[2023-02-07T16:29:14+08:00][sql] SELECT `username` FROM `wk_provider` WHERE  `id` = 1 LIMIT 1 [ RunTime:0.000333s ]
[2023-02-07T16:29:14+08:00][sql] SELECT `e`.`id`,`e`.`avatar`,`e`.`name`,`e`.`members`,`e`.`qr`,`e`.`expire_date`,`e`.`joinable_wc`,`e`.`add_time` FROM `wk_entrance` `e` WHERE  `e`.`qrcode_id` = '10258'  AND `e`.`expire_date` >= NOW() [ RunTime:0.000599s ]
[2023-02-07T16:29:14+08:00][sql] SELECT `username` FROM `wk_provider` WHERE  `id` = 1 LIMIT 1 [ RunTime:0.000313s ]
[2023-02-07T16:29:14+08:00][sql] SELECT `e`.`id`,`e`.`avatar`,`e`.`name`,`e`.`members`,`e`.`qr`,`e`.`expire_date`,`e`.`joinable_wc`,`e`.`add_time` FROM `wk_entrance` `e` WHERE  `e`.`qrcode_id` = '10259'  AND `e`.`expire_date` >= NOW() [ RunTime:0.000562s ]
[2023-02-07T16:29:14+08:00][sql] SELECT `username` FROM `wk_provider` WHERE  `id` = 1 LIMIT 1 [ RunTime:0.000349s ]
[2023-02-07T16:29:14+08:00][sql] SELECT `e`.`id`,`e`.`avatar`,`e`.`name`,`e`.`members`,`e`.`qr`,`e`.`expire_date`,`e`.`joinable_wc`,`e`.`add_time` FROM `wk_entrance` `e` WHERE  `e`.`qrcode_id` = '10260'  AND `e`.`expire_date` >= NOW() [ RunTime:0.000620s ]
[2023-02-07T16:29:14+08:00][sql] SELECT `username` FROM `wk_provider` WHERE  `id` = 1 LIMIT 1 [ RunTime:0.000335s ]
[2023-02-07T16:29:14+08:00][sql] SELECT `e`.`id`,`e`.`avatar`,`e`.`name`,`e`.`members`,`e`.`qr`,`e`.`expire_date`,`e`.`joinable_wc`,`e`.`add_time` FROM `wk_entrance` `e` WHERE  `e`.`qrcode_id` = '10261'  AND `e`.`expire_date` >= NOW() [ RunTime:0.000486s ]
[2023-02-07T16:29:14+08:00][sql] SELECT `username` FROM `wk_provider` WHERE  `id` = 1 LIMIT 1 [ RunTime:0.000271s ]
[2023-02-07T16:29:14+08:00][sql] SELECT `e`.`id`,`e`.`avatar`,`e`.`name`,`e`.`members`,`e`.`qr`,`e`.`expire_date`,`e`.`joinable_wc`,`e`.`add_time` FROM `wk_entrance` `e` WHERE  `e`.`qrcode_id` = '10262'  AND `e`.`expire_date` >= NOW() [ RunTime:0.000471s ]
[2023-02-07T16:29:14+08:00][sql] SELECT `username` FROM `wk_provider` WHERE  `id` = 1 LIMIT 1 [ RunTime:0.000279s ]
[2023-02-07T16:29:14+08:00][sql] SELECT `e`.`id`,`e`.`avatar`,`e`.`name`,`e`.`members`,`e`.`qr`,`e`.`expire_date`,`e`.`joinable_wc`,`e`.`add_time` FROM `wk_entrance` `e` WHERE  `e`.`qrcode_id` = '10263'  AND `e`.`expire_date` >= NOW() [ RunTime:0.000624s ]
[2023-02-07T16:29:14+08:00][sql] SELECT `username` FROM `wk_provider` WHERE  `id` = 1 LIMIT 1 [ RunTime:0.000361s ]
[2023-02-07T16:29:14+08:00][sql] SELECT `e`.`id`,`e`.`avatar`,`e`.`name`,`e`.`members`,`e`.`qr`,`e`.`expire_date`,`e`.`joinable_wc`,`e`.`add_time` FROM `wk_entrance` `e` WHERE  `e`.`qrcode_id` = '10264'  AND `e`.`expire_date` >= NOW() [ RunTime:0.001302s ]
[2023-02-07T16:29:14+08:00][sql] SELECT `username` FROM `wk_provider` WHERE  `id` = 1 LIMIT 1 [ RunTime:0.000514s ]
[2023-02-07T16:29:14+08:00][sql] SELECT `e`.`id`,`e`.`avatar`,`e`.`name`,`e`.`members`,`e`.`qr`,`e`.`expire_date`,`e`.`joinable_wc`,`e`.`add_time` FROM `wk_entrance` `e` WHERE  `e`.`qrcode_id` = '10265'  AND `e`.`expire_date` >= NOW() [ RunTime:0.000727s ]
[2023-02-07T16:29:14+08:00][sql] SELECT `username` FROM `wk_provider` WHERE  `id` = 1 LIMIT 1 [ RunTime:0.000311s ]
[2023-02-07T16:29:14+08:00][sql] SELECT `e`.`id`,`e`.`avatar`,`e`.`name`,`e`.`members`,`e`.`qr`,`e`.`expire_date`,`e`.`joinable_wc`,`e`.`add_time` FROM `wk_entrance` `e` WHERE  `e`.`qrcode_id` = '10266'  AND `e`.`expire_date` >= NOW() [ RunTime:0.000787s ]
[2023-02-07T16:29:14+08:00][sql] SELECT `username` FROM `wk_provider` WHERE  `id` = 1 LIMIT 1 [ RunTime:0.000476s ]
[2023-02-07T16:29:14+08:00][sql] SELECT `e`.`id`,`e`.`avatar`,`e`.`name`,`e`.`members`,`e`.`qr`,`e`.`expire_date`,`e`.`joinable_wc`,`e`.`add_time` FROM `wk_entrance` `e` WHERE  `e`.`qrcode_id` = '10267'  AND `e`.`expire_date` >= NOW() [ RunTime:0.000879s ]
[2023-02-07T16:29:14+08:00][sql] SELECT `username` FROM `wk_provider` WHERE  `id` = 1 LIMIT 1 [ RunTime:0.001715s ]
[2023-02-07T16:29:14+08:00][sql] SELECT `e`.`id`,`e`.`avatar`,`e`.`name`,`e`.`members`,`e`.`qr`,`e`.`expire_date`,`e`.`joinable_wc`,`e`.`add_time` FROM `wk_entrance` `e` WHERE  `e`.`qrcode_id` = '10268'  AND `e`.`expire_date` >= NOW() [ RunTime:0.001086s ]
[2023-02-07T16:29:14+08:00][sql] SELECT `username` FROM `wk_provider` WHERE  `id` = 1 LIMIT 1 [ RunTime:0.001304s ]
[2023-02-07T16:29:14+08:00][sql] SELECT `e`.`id`,`e`.`avatar`,`e`.`name`,`e`.`members`,`e`.`qr`,`e`.`expire_date`,`e`.`joinable_wc`,`e`.`add_time` FROM `wk_entrance` `e` WHERE  `e`.`qrcode_id` = '10269'  AND `e`.`expire_date` >= NOW() [ RunTime:0.002631s ]
[2023-02-07T16:29:14+08:00][sql] SELECT `username` FROM `wk_provider` WHERE  `id` = 1 LIMIT 1 [ RunTime:0.000380s ]
[2023-02-07T16:29:14+08:00][sql] SELECT `e`.`id`,`e`.`avatar`,`e`.`name`,`e`.`members`,`e`.`qr`,`e`.`expire_date`,`e`.`joinable_wc`,`e`.`add_time` FROM `wk_entrance` `e` WHERE  `e`.`qrcode_id` = '10270'  AND `e`.`expire_date` >= NOW() [ RunTime:0.001466s ]
[2023-02-07T16:29:14+08:00][sql] SELECT `username` FROM `wk_provider` WHERE  `id` = 1 LIMIT 1 [ RunTime:0.000790s ]
[2023-02-07T16:29:14+08:00][sql] SELECT `e`.`id`,`e`.`avatar`,`e`.`name`,`e`.`members`,`e`.`qr`,`e`.`expire_date`,`e`.`joinable_wc`,`e`.`add_time` FROM `wk_entrance` `e` WHERE  `e`.`qrcode_id` = '10271'  AND `e`.`expire_date` >= NOW() [ RunTime:0.001124s ]
[2023-02-07T16:29:14+08:00][sql] SELECT COUNT(*) AS think_count FROM `wk_qrcode` WHERE  `provider_id` IN (SELECT `id` FROM `wk_provider` WHERE  `manager_id` = 1) LIMIT 1 [ RunTime:0.000674s ]
[2023-02-07T16:29:26+08:00][sql] CONNECT:[ UseTime:0.000642s ] mysql:host=127.0.0.1;port=3306;dbname=c2;charset=utf8mb4
[2023-02-07T16:29:26+08:00][sql] SHOW FULL COLUMNS FROM `wk_manager` [ RunTime:0.000900s ]
[2023-02-07T16:29:26+08:00][sql] SELECT `id` FROM `wk_manager` WHERE  `id` = 1  AND `relogin` = 0 LIMIT 1 [ RunTime:0.000231s ]
[2023-02-07T16:29:26+08:00][sql] SHOW FULL COLUMNS FROM `wk_exchange` [ RunTime:0.001585s ]
[2023-02-07T16:29:26+08:00][sql] SELECT `e`.`id`,`e`.`qrcode_id`,`e`.`name`,`e`.`avatar`,`e`.`expire_date`,`e`.`members`,`e`.`im`,`e`.`hide`,`e`.`add_time`,`e`.`company`,`e`.`type`,COUNT(DISTINCT b.id) buy_cnt,`e`.`status`,MAX(m.username) from_username FROM `wk_exchange` `ex` LEFT JOIN `wk_entrance` `e` ON `e`.`id`=`ex`.`entrance_id` LEFT JOIN `wk_manager` `m` ON `m`.`id`=`ex`.`from_manager_id` LEFT JOIN `wk_buy` `b` ON `b`.`entrance_id`=`e`.`id` WHERE  `ex`.`to_manager_id` = '1' GROUP BY `e`.`id` ORDER BY `e`.`id` DESC LIMIT 0,20 [ RunTime:0.000568s ]
[2023-02-07T16:29:26+08:00][sql] SELECT COUNT(*) AS think_count FROM ( SELECT count(*) AS think_count FROM `wk_exchange` `ex` LEFT JOIN `wk_entrance` `e` ON `e`.`id`=`ex`.`entrance_id` LEFT JOIN `wk_manager` `m` ON `m`.`id`=`ex`.`from_manager_id` LEFT JOIN `wk_buy` `b` ON `b`.`entrance_id`=`e`.`id` WHERE  `ex`.`to_manager_id` = '1' GROUP BY `e`.`id` ORDER BY `e`.`id` DESC LIMIT 0,20 ) `_group_count_` LIMIT 1 [ RunTime:0.000476s ]
[2023-02-07T16:29:30+08:00][sql] CONNECT:[ UseTime:0.000698s ] mysql:host=127.0.0.1;port=3306;dbname=c2;charset=utf8mb4
[2023-02-07T16:29:30+08:00][sql] SHOW FULL COLUMNS FROM `wk_manager` [ RunTime:0.000874s ]
[2023-02-07T16:29:30+08:00][sql] SELECT `id` FROM `wk_manager` WHERE  `id` = 1  AND `relogin` = 0 LIMIT 1 [ RunTime:0.000256s ]
[2023-02-07T16:29:30+08:00][sql] SHOW FULL COLUMNS FROM `wk_qrcode` [ RunTime:0.000713s ]
[2023-02-07T16:29:30+08:00][sql] SHOW FULL COLUMNS FROM `wk_provider` [ RunTime:0.001111s ]
[2023-02-07T16:29:30+08:00][sql] SELECT q.id,q.provider_id,q.code,q.company,q.status,q.valid,q.valid_time,q.err_msg,q.add_time FROM `wk_qrcode` `q` WHERE  `q`.`provider_id` IN (SELECT `id` FROM `wk_provider` WHERE  `manager_id` = 1) GROUP BY `q`.`id` LIMIT 0,20 [ RunTime:0.000296s ]
[2023-02-07T16:29:30+08:00][sql] SELECT `username` FROM `wk_provider` WHERE  `id` = 1 LIMIT 1 [ RunTime:0.000277s ]
[2023-02-07T16:29:30+08:00][sql] SHOW FULL COLUMNS FROM `wk_entrance` [ RunTime:0.000784s ]
[2023-02-07T16:29:30+08:00][sql] SELECT `e`.`id`,`e`.`avatar`,`e`.`name`,`e`.`members`,`e`.`qr`,`e`.`expire_date`,`e`.`joinable_wc`,`e`.`add_time` FROM `wk_entrance` `e` WHERE  `e`.`qrcode_id` = '9212'  AND `e`.`expire_date` >= NOW() [ RunTime:0.000485s ]
[2023-02-07T16:29:30+08:00][sql] SELECT `username` FROM `wk_provider` WHERE  `id` = 1 LIMIT 1 [ RunTime:0.000217s ]
[2023-02-07T16:29:30+08:00][sql] SELECT `e`.`id`,`e`.`avatar`,`e`.`name`,`e`.`members`,`e`.`qr`,`e`.`expire_date`,`e`.`joinable_wc`,`e`.`add_time` FROM `wk_entrance` `e` WHERE  `e`.`qrcode_id` = '9213'  AND `e`.`expire_date` >= NOW() [ RunTime:0.000251s ]
[2023-02-07T16:29:30+08:00][sql] SELECT `username` FROM `wk_provider` WHERE  `id` = 1 LIMIT 1 [ RunTime:0.000208s ]
[2023-02-07T16:29:30+08:00][sql] SELECT `e`.`id`,`e`.`avatar`,`e`.`name`,`e`.`members`,`e`.`qr`,`e`.`expire_date`,`e`.`joinable_wc`,`e`.`add_time` FROM `wk_entrance` `e` WHERE  `e`.`qrcode_id` = '9214'  AND `e`.`expire_date` >= NOW() [ RunTime:0.000292s ]
[2023-02-07T16:29:30+08:00][sql] SELECT `username` FROM `wk_provider` WHERE  `id` = 1 LIMIT 1 [ RunTime:0.000116s ]
[2023-02-07T16:29:30+08:00][sql] SELECT `e`.`id`,`e`.`avatar`,`e`.`name`,`e`.`members`,`e`.`qr`,`e`.`expire_date`,`e`.`joinable_wc`,`e`.`add_time` FROM `wk_entrance` `e` WHERE  `e`.`qrcode_id` = '9215'  AND `e`.`expire_date` >= NOW() [ RunTime:0.000191s ]
[2023-02-07T16:29:30+08:00][sql] SELECT `username` FROM `wk_provider` WHERE  `id` = 1 LIMIT 1 [ RunTime:0.000156s ]
[2023-02-07T16:29:30+08:00][sql] SELECT `e`.`id`,`e`.`avatar`,`e`.`name`,`e`.`members`,`e`.`qr`,`e`.`expire_date`,`e`.`joinable_wc`,`e`.`add_time` FROM `wk_entrance` `e` WHERE  `e`.`qrcode_id` = '10256'  AND `e`.`expire_date` >= NOW() [ RunTime:0.000263s ]
[2023-02-07T16:29:30+08:00][sql] SELECT `username` FROM `wk_provider` WHERE  `id` = 1 LIMIT 1 [ RunTime:0.000206s ]
[2023-02-07T16:29:30+08:00][sql] SELECT `e`.`id`,`e`.`avatar`,`e`.`name`,`e`.`members`,`e`.`qr`,`e`.`expire_date`,`e`.`joinable_wc`,`e`.`add_time` FROM `wk_entrance` `e` WHERE  `e`.`qrcode_id` = '10257'  AND `e`.`expire_date` >= NOW() [ RunTime:0.000283s ]
[2023-02-07T16:29:30+08:00][sql] SELECT `username` FROM `wk_provider` WHERE  `id` = 1 LIMIT 1 [ RunTime:0.000168s ]
[2023-02-07T16:29:30+08:00][sql] SELECT `e`.`id`,`e`.`avatar`,`e`.`name`,`e`.`members`,`e`.`qr`,`e`.`expire_date`,`e`.`joinable_wc`,`e`.`add_time` FROM `wk_entrance` `e` WHERE  `e`.`qrcode_id` = '10258'  AND `e`.`expire_date` >= NOW() [ RunTime:0.000372s ]
[2023-02-07T16:29:30+08:00][sql] SELECT `username` FROM `wk_provider` WHERE  `id` = 1 LIMIT 1 [ RunTime:0.000145s ]
[2023-02-07T16:29:30+08:00][sql] SELECT `e`.`id`,`e`.`avatar`,`e`.`name`,`e`.`members`,`e`.`qr`,`e`.`expire_date`,`e`.`joinable_wc`,`e`.`add_time` FROM `wk_entrance` `e` WHERE  `e`.`qrcode_id` = '10259'  AND `e`.`expire_date` >= NOW() [ RunTime:0.000429s ]
[2023-02-07T16:29:30+08:00][sql] SELECT `username` FROM `wk_provider` WHERE  `id` = 1 LIMIT 1 [ RunTime:0.000160s ]
[2023-02-07T16:29:30+08:00][sql] SELECT `e`.`id`,`e`.`avatar`,`e`.`name`,`e`.`members`,`e`.`qr`,`e`.`expire_date`,`e`.`joinable_wc`,`e`.`add_time` FROM `wk_entrance` `e` WHERE  `e`.`qrcode_id` = '10260'  AND `e`.`expire_date` >= NOW() [ RunTime:0.000280s ]
[2023-02-07T16:29:30+08:00][sql] SELECT `username` FROM `wk_provider` WHERE  `id` = 1 LIMIT 1 [ RunTime:0.000141s ]
[2023-02-07T16:29:30+08:00][sql] SELECT `e`.`id`,`e`.`avatar`,`e`.`name`,`e`.`members`,`e`.`qr`,`e`.`expire_date`,`e`.`joinable_wc`,`e`.`add_time` FROM `wk_entrance` `e` WHERE  `e`.`qrcode_id` = '10261'  AND `e`.`expire_date` >= NOW() [ RunTime:0.000358s ]
[2023-02-07T16:29:30+08:00][sql] SELECT `username` FROM `wk_provider` WHERE  `id` = 1 LIMIT 1 [ RunTime:0.000204s ]
[2023-02-07T16:29:30+08:00][sql] SELECT `e`.`id`,`e`.`avatar`,`e`.`name`,`e`.`members`,`e`.`qr`,`e`.`expire_date`,`e`.`joinable_wc`,`e`.`add_time` FROM `wk_entrance` `e` WHERE  `e`.`qrcode_id` = '10262'  AND `e`.`expire_date` >= NOW() [ RunTime:0.000273s ]
[2023-02-07T16:29:30+08:00][sql] SELECT `username` FROM `wk_provider` WHERE  `id` = 1 LIMIT 1 [ RunTime:0.000199s ]
[2023-02-07T16:29:30+08:00][sql] SELECT `e`.`id`,`e`.`avatar`,`e`.`name`,`e`.`members`,`e`.`qr`,`e`.`expire_date`,`e`.`joinable_wc`,`e`.`add_time` FROM `wk_entrance` `e` WHERE  `e`.`qrcode_id` = '10263'  AND `e`.`expire_date` >= NOW() [ RunTime:0.000532s ]
[2023-02-07T16:29:30+08:00][sql] SELECT `username` FROM `wk_provider` WHERE  `id` = 1 LIMIT 1 [ RunTime:0.000180s ]
[2023-02-07T16:29:30+08:00][sql] SELECT `e`.`id`,`e`.`avatar`,`e`.`name`,`e`.`members`,`e`.`qr`,`e`.`expire_date`,`e`.`joinable_wc`,`e`.`add_time` FROM `wk_entrance` `e` WHERE  `e`.`qrcode_id` = '10264'  AND `e`.`expire_date` >= NOW() [ RunTime:0.000455s ]
[2023-02-07T16:29:30+08:00][sql] SELECT `username` FROM `wk_provider` WHERE  `id` = 1 LIMIT 1 [ RunTime:0.000235s ]
[2023-02-07T16:29:30+08:00][sql] SELECT `e`.`id`,`e`.`avatar`,`e`.`name`,`e`.`members`,`e`.`qr`,`e`.`expire_date`,`e`.`joinable_wc`,`e`.`add_time` FROM `wk_entrance` `e` WHERE  `e`.`qrcode_id` = '10265'  AND `e`.`expire_date` >= NOW() [ RunTime:0.000485s ]
[2023-02-07T16:29:30+08:00][sql] SELECT `username` FROM `wk_provider` WHERE  `id` = 1 LIMIT 1 [ RunTime:0.000460s ]
[2023-02-07T16:29:30+08:00][sql] SELECT `e`.`id`,`e`.`avatar`,`e`.`name`,`e`.`members`,`e`.`qr`,`e`.`expire_date`,`e`.`joinable_wc`,`e`.`add_time` FROM `wk_entrance` `e` WHERE  `e`.`qrcode_id` = '10266'  AND `e`.`expire_date` >= NOW() [ RunTime:0.000797s ]
[2023-02-07T16:29:30+08:00][sql] SELECT `username` FROM `wk_provider` WHERE  `id` = 1 LIMIT 1 [ RunTime:0.000341s ]
[2023-02-07T16:29:30+08:00][sql] SELECT `e`.`id`,`e`.`avatar`,`e`.`name`,`e`.`members`,`e`.`qr`,`e`.`expire_date`,`e`.`joinable_wc`,`e`.`add_time` FROM `wk_entrance` `e` WHERE  `e`.`qrcode_id` = '10267'  AND `e`.`expire_date` >= NOW() [ RunTime:0.000962s ]
[2023-02-07T16:29:30+08:00][sql] SELECT `username` FROM `wk_provider` WHERE  `id` = 1 LIMIT 1 [ RunTime:0.000299s ]
[2023-02-07T16:29:30+08:00][sql] SELECT `e`.`id`,`e`.`avatar`,`e`.`name`,`e`.`members`,`e`.`qr`,`e`.`expire_date`,`e`.`joinable_wc`,`e`.`add_time` FROM `wk_entrance` `e` WHERE  `e`.`qrcode_id` = '10268'  AND `e`.`expire_date` >= NOW() [ RunTime:0.000445s ]
[2023-02-07T16:29:30+08:00][sql] SELECT `username` FROM `wk_provider` WHERE  `id` = 1 LIMIT 1 [ RunTime:0.000266s ]
[2023-02-07T16:29:30+08:00][sql] SELECT `e`.`id`,`e`.`avatar`,`e`.`name`,`e`.`members`,`e`.`qr`,`e`.`expire_date`,`e`.`joinable_wc`,`e`.`add_time` FROM `wk_entrance` `e` WHERE  `e`.`qrcode_id` = '10269'  AND `e`.`expire_date` >= NOW() [ RunTime:0.000335s ]
[2023-02-07T16:29:30+08:00][sql] SELECT `username` FROM `wk_provider` WHERE  `id` = 1 LIMIT 1 [ RunTime:0.000107s ]
[2023-02-07T16:29:30+08:00][sql] SELECT `e`.`id`,`e`.`avatar`,`e`.`name`,`e`.`members`,`e`.`qr`,`e`.`expire_date`,`e`.`joinable_wc`,`e`.`add_time` FROM `wk_entrance` `e` WHERE  `e`.`qrcode_id` = '10270'  AND `e`.`expire_date` >= NOW() [ RunTime:0.000169s ]
[2023-02-07T16:29:30+08:00][sql] SELECT `username` FROM `wk_provider` WHERE  `id` = 1 LIMIT 1 [ RunTime:0.000098s ]
[2023-02-07T16:29:30+08:00][sql] SELECT `e`.`id`,`e`.`avatar`,`e`.`name`,`e`.`members`,`e`.`qr`,`e`.`expire_date`,`e`.`joinable_wc`,`e`.`add_time` FROM `wk_entrance` `e` WHERE  `e`.`qrcode_id` = '10271'  AND `e`.`expire_date` >= NOW() [ RunTime:0.000176s ]
[2023-02-07T16:29:30+08:00][sql] SELECT COUNT(*) AS think_count FROM `wk_qrcode` WHERE  `provider_id` IN (SELECT `id` FROM `wk_provider` WHERE  `manager_id` = 1) LIMIT 1 [ RunTime:0.000126s ]
[2023-02-07T16:29:32+08:00][sql] CONNECT:[ UseTime:0.000567s ] mysql:host=127.0.0.1;port=3306;dbname=c2;charset=utf8mb4
[2023-02-07T16:29:32+08:00][sql] SHOW FULL COLUMNS FROM `wk_manager` [ RunTime:0.001487s ]
[2023-02-07T16:29:32+08:00][sql] SELECT `id` FROM `wk_manager` WHERE  `id` = 1  AND `relogin` = 0 LIMIT 1 [ RunTime:0.000341s ]
[2023-02-07T16:29:32+08:00][sql] SHOW FULL COLUMNS FROM `wk_exchange` [ RunTime:0.000725s ]
[2023-02-07T16:29:32+08:00][sql] SELECT `e`.`id`,`e`.`qrcode_id`,`e`.`name`,`e`.`avatar`,`e`.`expire_date`,`e`.`members`,`e`.`im`,`e`.`hide`,`e`.`add_time`,`e`.`company`,`e`.`type`,COUNT(DISTINCT b.id) buy_cnt,`e`.`status`,MAX(m.username) from_username FROM `wk_exchange` `ex` LEFT JOIN `wk_entrance` `e` ON `e`.`id`=`ex`.`entrance_id` LEFT JOIN `wk_manager` `m` ON `m`.`id`=`ex`.`from_manager_id` LEFT JOIN `wk_buy` `b` ON `b`.`entrance_id`=`e`.`id` WHERE  `ex`.`to_manager_id` = '1' GROUP BY `e`.`id` ORDER BY `e`.`id` DESC LIMIT 0,20 [ RunTime:0.000472s ]
[2023-02-07T16:29:32+08:00][sql] SELECT COUNT(*) AS think_count FROM ( SELECT count(*) AS think_count FROM `wk_exchange` `ex` LEFT JOIN `wk_entrance` `e` ON `e`.`id`=`ex`.`entrance_id` LEFT JOIN `wk_manager` `m` ON `m`.`id`=`ex`.`from_manager_id` LEFT JOIN `wk_buy` `b` ON `b`.`entrance_id`=`e`.`id` WHERE  `ex`.`to_manager_id` = '1' GROUP BY `e`.`id` ORDER BY `e`.`id` DESC LIMIT 0,20 ) `_group_count_` LIMIT 1 [ RunTime:0.000316s ]
[2023-02-07T16:58:32+08:00][sql] CONNECT:[ UseTime:0.001574s ] mysql:host=127.0.0.1;port=3306;dbname=c2;charset=utf8mb4
[2023-02-07T16:58:32+08:00][sql] SHOW FULL COLUMNS FROM `wk_manager` [ RunTime:0.003047s ]
[2023-02-07T16:58:32+08:00][sql] SELECT `id` FROM `wk_manager` WHERE  `id` = 1  AND `relogin` = 0 LIMIT 1 [ RunTime:0.000895s ]
[2023-02-07T16:58:32+08:00][sql] SHOW FULL COLUMNS FROM `wk_provider` [ RunTime:0.001296s ]
[2023-02-07T16:58:32+08:00][sql] SELECT COUNT(*) AS think_count FROM `wk_provider` WHERE  `manager_id` = 1  AND `enable` = 1 LIMIT 1 [ RunTime:0.000468s ]
[2023-02-07T16:58:32+08:00][sql] SELECT `id`,`username`,`enable`,`add_time` FROM `wk_provider` WHERE  `manager_id` = 1  AND `enable` = 1 ORDER BY `id` ASC LIMIT 0,20 [ RunTime:0.000644s ]
[2023-02-07T16:58:32+08:00][sql] SHOW FULL COLUMNS FROM `wk_qrcode` [ RunTime:0.001907s ]
[2023-02-07T16:58:32+08:00][sql] SELECT COUNT(id),`provider_id` FROM `wk_qrcode` WHERE  `provider_id` = 1 GROUP BY `provider_id` [ RunTime:0.000330s ]
[2023-02-07T16:58:32+08:00][sql] SELECT COUNT(id),`provider_id` FROM `wk_qrcode` WHERE  `provider_id` = 1  AND `valid` = 1 GROUP BY `provider_id` [ RunTime:0.000338s ]
[2023-02-07T16:58:32+08:00][sql] SHOW FULL COLUMNS FROM `wk_entrance` [ RunTime:0.001248s ]
[2023-02-07T16:58:32+08:00][sql] SELECT COUNT(id),`provider_id` FROM `wk_entrance` WHERE  `provider_id` = 1 GROUP BY `provider_id` [ RunTime:0.000307s ]
[2023-02-07T16:58:39+08:00][sql] CONNECT:[ UseTime:0.000679s ] mysql:host=127.0.0.1;port=3306;dbname=c2;charset=utf8mb4
[2023-02-07T16:58:39+08:00][sql] SHOW FULL COLUMNS FROM `wk_manager` [ RunTime:0.002007s ]
[2023-02-07T16:58:39+08:00][sql] SELECT `id` FROM `wk_manager` WHERE  `id` = 1  AND `relogin` = 0 LIMIT 1 [ RunTime:0.000291s ]
[2023-02-07T16:58:39+08:00][sql] SHOW FULL COLUMNS FROM `wk_exchange` [ RunTime:0.002998s ]
[2023-02-07T16:58:39+08:00][sql] SELECT `e`.`id`,`e`.`qrcode_id`,`e`.`name`,`e`.`avatar`,`e`.`expire_date`,`e`.`members`,`e`.`im`,`e`.`hide`,`e`.`add_time`,`e`.`company`,`e`.`type`,COUNT(DISTINCT b.id) buy_cnt,`e`.`status`,MAX(m.username) from_username FROM `wk_exchange` `ex` LEFT JOIN `wk_entrance` `e` ON `e`.`id`=`ex`.`entrance_id` LEFT JOIN `wk_manager` `m` ON `m`.`id`=`ex`.`from_manager_id` LEFT JOIN `wk_buy` `b` ON `b`.`entrance_id`=`e`.`id` WHERE  `ex`.`to_manager_id` = '1' GROUP BY `e`.`id` ORDER BY `e`.`id` DESC LIMIT 0,20 [ RunTime:0.000630s ]
[2023-02-07T16:58:39+08:00][sql] SELECT COUNT(*) AS think_count FROM ( SELECT count(*) AS think_count FROM `wk_exchange` `ex` LEFT JOIN `wk_entrance` `e` ON `e`.`id`=`ex`.`entrance_id` LEFT JOIN `wk_manager` `m` ON `m`.`id`=`ex`.`from_manager_id` LEFT JOIN `wk_buy` `b` ON `b`.`entrance_id`=`e`.`id` WHERE  `ex`.`to_manager_id` = '1' GROUP BY `e`.`id` ORDER BY `e`.`id` DESC LIMIT 0,20 ) `_group_count_` LIMIT 1 [ RunTime:0.000297s ]
[2023-02-07T16:58:52+08:00][sql] CONNECT:[ UseTime:0.000661s ] mysql:host=127.0.0.1;port=3306;dbname=c2;charset=utf8mb4
[2023-02-07T16:58:52+08:00][sql] SHOW FULL COLUMNS FROM `wk_manager` [ RunTime:0.001514s ]
[2023-02-07T16:58:52+08:00][sql] SELECT `id` FROM `wk_manager` WHERE  `id` = 1  AND `relogin` = 0 LIMIT 1 [ RunTime:0.000307s ]
[2023-02-07T16:58:52+08:00][sql] SHOW FULL COLUMNS FROM `wk_qrcode` [ RunTime:0.001704s ]
[2023-02-07T16:58:52+08:00][sql] SHOW FULL COLUMNS FROM `wk_provider` [ RunTime:0.002763s ]
[2023-02-07T16:58:52+08:00][sql] SELECT q.id,q.provider_id,q.code,q.company,q.status,q.valid,q.valid_time,q.err_msg,q.add_time FROM `wk_qrcode` `q` WHERE  `q`.`provider_id` IN (SELECT `id` FROM `wk_provider` WHERE  `manager_id` = 1) GROUP BY `q`.`id` LIMIT 0,20 [ RunTime:0.000731s ]
[2023-02-07T16:58:52+08:00][sql] SELECT `username` FROM `wk_provider` WHERE  `id` = 1 LIMIT 1 [ RunTime:0.000440s ]
[2023-02-07T16:58:52+08:00][sql] SHOW FULL COLUMNS FROM `wk_entrance` [ RunTime:0.003748s ]
[2023-02-07T16:58:52+08:00][sql] SELECT `e`.`id`,`e`.`avatar`,`e`.`name`,`e`.`members`,`e`.`qr`,`e`.`expire_date`,`e`.`joinable_wc`,`e`.`add_time` FROM `wk_entrance` `e` WHERE  `e`.`qrcode_id` = '9212'  AND `e`.`expire_date` >= NOW() [ RunTime:0.001005s ]
[2023-02-07T16:58:52+08:00][sql] SELECT `username` FROM `wk_provider` WHERE  `id` = 1 LIMIT 1 [ RunTime:0.000310s ]
[2023-02-07T16:58:52+08:00][sql] SELECT `e`.`id`,`e`.`avatar`,`e`.`name`,`e`.`members`,`e`.`qr`,`e`.`expire_date`,`e`.`joinable_wc`,`e`.`add_time` FROM `wk_entrance` `e` WHERE  `e`.`qrcode_id` = '9213'  AND `e`.`expire_date` >= NOW() [ RunTime:0.000425s ]
[2023-02-07T16:58:52+08:00][sql] SELECT `username` FROM `wk_provider` WHERE  `id` = 1 LIMIT 1 [ RunTime:0.000238s ]
[2023-02-07T16:58:52+08:00][sql] SELECT `e`.`id`,`e`.`avatar`,`e`.`name`,`e`.`members`,`e`.`qr`,`e`.`expire_date`,`e`.`joinable_wc`,`e`.`add_time` FROM `wk_entrance` `e` WHERE  `e`.`qrcode_id` = '9214'  AND `e`.`expire_date` >= NOW() [ RunTime:0.000486s ]
[2023-02-07T16:58:52+08:00][sql] SELECT `username` FROM `wk_provider` WHERE  `id` = 1 LIMIT 1 [ RunTime:0.000305s ]
[2023-02-07T16:58:52+08:00][sql] SELECT `e`.`id`,`e`.`avatar`,`e`.`name`,`e`.`members`,`e`.`qr`,`e`.`expire_date`,`e`.`joinable_wc`,`e`.`add_time` FROM `wk_entrance` `e` WHERE  `e`.`qrcode_id` = '9215'  AND `e`.`expire_date` >= NOW() [ RunTime:0.000368s ]
[2023-02-07T16:58:52+08:00][sql] SELECT `username` FROM `wk_provider` WHERE  `id` = 1 LIMIT 1 [ RunTime:0.000272s ]
[2023-02-07T16:58:52+08:00][sql] SELECT `e`.`id`,`e`.`avatar`,`e`.`name`,`e`.`members`,`e`.`qr`,`e`.`expire_date`,`e`.`joinable_wc`,`e`.`add_time` FROM `wk_entrance` `e` WHERE  `e`.`qrcode_id` = '10256'  AND `e`.`expire_date` >= NOW() [ RunTime:0.000340s ]
[2023-02-07T16:58:52+08:00][sql] SELECT `username` FROM `wk_provider` WHERE  `id` = 1 LIMIT 1 [ RunTime:0.000255s ]
[2023-02-07T16:58:52+08:00][sql] SELECT `e`.`id`,`e`.`avatar`,`e`.`name`,`e`.`members`,`e`.`qr`,`e`.`expire_date`,`e`.`joinable_wc`,`e`.`add_time` FROM `wk_entrance` `e` WHERE  `e`.`qrcode_id` = '10257'  AND `e`.`expire_date` >= NOW() [ RunTime:0.000341s ]
[2023-02-07T16:58:52+08:00][sql] SELECT `username` FROM `wk_provider` WHERE  `id` = 1 LIMIT 1 [ RunTime:0.000237s ]
[2023-02-07T16:58:52+08:00][sql] SELECT `e`.`id`,`e`.`avatar`,`e`.`name`,`e`.`members`,`e`.`qr`,`e`.`expire_date`,`e`.`joinable_wc`,`e`.`add_time` FROM `wk_entrance` `e` WHERE  `e`.`qrcode_id` = '10258'  AND `e`.`expire_date` >= NOW() [ RunTime:0.000270s ]
[2023-02-07T16:58:52+08:00][sql] SELECT `username` FROM `wk_provider` WHERE  `id` = 1 LIMIT 1 [ RunTime:0.000231s ]
[2023-02-07T16:58:52+08:00][sql] SELECT `e`.`id`,`e`.`avatar`,`e`.`name`,`e`.`members`,`e`.`qr`,`e`.`expire_date`,`e`.`joinable_wc`,`e`.`add_time` FROM `wk_entrance` `e` WHERE  `e`.`qrcode_id` = '10259'  AND `e`.`expire_date` >= NOW() [ RunTime:0.000304s ]
[2023-02-07T16:58:52+08:00][sql] SELECT `username` FROM `wk_provider` WHERE  `id` = 1 LIMIT 1 [ RunTime:0.000254s ]
[2023-02-07T16:58:52+08:00][sql] SELECT `e`.`id`,`e`.`avatar`,`e`.`name`,`e`.`members`,`e`.`qr`,`e`.`expire_date`,`e`.`joinable_wc`,`e`.`add_time` FROM `wk_entrance` `e` WHERE  `e`.`qrcode_id` = '10260'  AND `e`.`expire_date` >= NOW() [ RunTime:0.000290s ]
[2023-02-07T16:58:52+08:00][sql] SELECT `username` FROM `wk_provider` WHERE  `id` = 1 LIMIT 1 [ RunTime:0.000220s ]
[2023-02-07T16:58:52+08:00][sql] SELECT `e`.`id`,`e`.`avatar`,`e`.`name`,`e`.`members`,`e`.`qr`,`e`.`expire_date`,`e`.`joinable_wc`,`e`.`add_time` FROM `wk_entrance` `e` WHERE  `e`.`qrcode_id` = '10261'  AND `e`.`expire_date` >= NOW() [ RunTime:0.000360s ]
[2023-02-07T16:58:52+08:00][sql] SELECT `username` FROM `wk_provider` WHERE  `id` = 1 LIMIT 1 [ RunTime:0.000351s ]
[2023-02-07T16:58:52+08:00][sql] SELECT `e`.`id`,`e`.`avatar`,`e`.`name`,`e`.`members`,`e`.`qr`,`e`.`expire_date`,`e`.`joinable_wc`,`e`.`add_time` FROM `wk_entrance` `e` WHERE  `e`.`qrcode_id` = '10262'  AND `e`.`expire_date` >= NOW() [ RunTime:0.000459s ]
[2023-02-07T16:58:52+08:00][sql] SELECT `username` FROM `wk_provider` WHERE  `id` = 1 LIMIT 1 [ RunTime:0.000205s ]
[2023-02-07T16:58:52+08:00][sql] SELECT `e`.`id`,`e`.`avatar`,`e`.`name`,`e`.`members`,`e`.`qr`,`e`.`expire_date`,`e`.`joinable_wc`,`e`.`add_time` FROM `wk_entrance` `e` WHERE  `e`.`qrcode_id` = '10263'  AND `e`.`expire_date` >= NOW() [ RunTime:0.000428s ]
[2023-02-07T16:58:52+08:00][sql] SELECT `username` FROM `wk_provider` WHERE  `id` = 1 LIMIT 1 [ RunTime:0.000207s ]
[2023-02-07T16:58:52+08:00][sql] SELECT `e`.`id`,`e`.`avatar`,`e`.`name`,`e`.`members`,`e`.`qr`,`e`.`expire_date`,`e`.`joinable_wc`,`e`.`add_time` FROM `wk_entrance` `e` WHERE  `e`.`qrcode_id` = '10264'  AND `e`.`expire_date` >= NOW() [ RunTime:0.000271s ]
[2023-02-07T16:58:52+08:00][sql] SELECT `username` FROM `wk_provider` WHERE  `id` = 1 LIMIT 1 [ RunTime:0.000334s ]
[2023-02-07T16:58:52+08:00][sql] SELECT `e`.`id`,`e`.`avatar`,`e`.`name`,`e`.`members`,`e`.`qr`,`e`.`expire_date`,`e`.`joinable_wc`,`e`.`add_time` FROM `wk_entrance` `e` WHERE  `e`.`qrcode_id` = '10265'  AND `e`.`expire_date` >= NOW() [ RunTime:0.000356s ]
[2023-02-07T16:58:52+08:00][sql] SELECT `username` FROM `wk_provider` WHERE  `id` = 1 LIMIT 1 [ RunTime:0.000253s ]
[2023-02-07T16:58:52+08:00][sql] SELECT `e`.`id`,`e`.`avatar`,`e`.`name`,`e`.`members`,`e`.`qr`,`e`.`expire_date`,`e`.`joinable_wc`,`e`.`add_time` FROM `wk_entrance` `e` WHERE  `e`.`qrcode_id` = '10266'  AND `e`.`expire_date` >= NOW() [ RunTime:0.000271s ]
[2023-02-07T16:58:52+08:00][sql] SELECT `username` FROM `wk_provider` WHERE  `id` = 1 LIMIT 1 [ RunTime:0.000165s ]
[2023-02-07T16:58:52+08:00][sql] SELECT `e`.`id`,`e`.`avatar`,`e`.`name`,`e`.`members`,`e`.`qr`,`e`.`expire_date`,`e`.`joinable_wc`,`e`.`add_time` FROM `wk_entrance` `e` WHERE  `e`.`qrcode_id` = '10267'  AND `e`.`expire_date` >= NOW() [ RunTime:0.000190s ]
[2023-02-07T16:58:52+08:00][sql] SELECT `username` FROM `wk_provider` WHERE  `id` = 1 LIMIT 1 [ RunTime:0.000104s ]
[2023-02-07T16:58:52+08:00][sql] SELECT `e`.`id`,`e`.`avatar`,`e`.`name`,`e`.`members`,`e`.`qr`,`e`.`expire_date`,`e`.`joinable_wc`,`e`.`add_time` FROM `wk_entrance` `e` WHERE  `e`.`qrcode_id` = '10268'  AND `e`.`expire_date` >= NOW() [ RunTime:0.000182s ]
[2023-02-07T16:58:52+08:00][sql] SELECT `username` FROM `wk_provider` WHERE  `id` = 1 LIMIT 1 [ RunTime:0.000104s ]
[2023-02-07T16:58:52+08:00][sql] SELECT `e`.`id`,`e`.`avatar`,`e`.`name`,`e`.`members`,`e`.`qr`,`e`.`expire_date`,`e`.`joinable_wc`,`e`.`add_time` FROM `wk_entrance` `e` WHERE  `e`.`qrcode_id` = '10269'  AND `e`.`expire_date` >= NOW() [ RunTime:0.000201s ]
[2023-02-07T16:58:52+08:00][sql] SELECT `username` FROM `wk_provider` WHERE  `id` = 1 LIMIT 1 [ RunTime:0.000103s ]
[2023-02-07T16:58:52+08:00][sql] SELECT `e`.`id`,`e`.`avatar`,`e`.`name`,`e`.`members`,`e`.`qr`,`e`.`expire_date`,`e`.`joinable_wc`,`e`.`add_time` FROM `wk_entrance` `e` WHERE  `e`.`qrcode_id` = '10270'  AND `e`.`expire_date` >= NOW() [ RunTime:0.000165s ]
[2023-02-07T16:58:52+08:00][sql] SELECT `username` FROM `wk_provider` WHERE  `id` = 1 LIMIT 1 [ RunTime:0.000105s ]
[2023-02-07T16:58:52+08:00][sql] SELECT `e`.`id`,`e`.`avatar`,`e`.`name`,`e`.`members`,`e`.`qr`,`e`.`expire_date`,`e`.`joinable_wc`,`e`.`add_time` FROM `wk_entrance` `e` WHERE  `e`.`qrcode_id` = '10271'  AND `e`.`expire_date` >= NOW() [ RunTime:0.000169s ]
[2023-02-07T16:58:52+08:00][sql] SELECT COUNT(*) AS think_count FROM `wk_qrcode` WHERE  `provider_id` IN (SELECT `id` FROM `wk_provider` WHERE  `manager_id` = 1) LIMIT 1 [ RunTime:0.000125s ]
[2023-02-07T17:11:31+08:00][sql] CONNECT:[ UseTime:0.023369s ] mysql:host=127.0.0.1;port=3306;dbname=c2;charset=utf8mb4
[2023-02-07T17:11:31+08:00][sql] SHOW FULL COLUMNS FROM `wk_manager` [ RunTime:0.000881s ]
[2023-02-07T17:11:31+08:00][sql] SELECT `id` FROM `wk_manager` WHERE  `id` = 1  AND `relogin` = 0 LIMIT 1 [ RunTime:0.000173s ]
[2023-02-07T17:11:31+08:00][sql] SHOW FULL COLUMNS FROM `wk_qrcode` [ RunTime:0.000449s ]
[2023-02-07T17:11:31+08:00][sql] SHOW FULL COLUMNS FROM `wk_provider` [ RunTime:0.000423s ]
[2023-02-07T17:11:31+08:00][sql] SELECT q.id,q.provider_id,q.code,q.company,q.status,q.valid,q.valid_time,q.err_msg,q.add_time FROM `wk_qrcode` `q` WHERE  `q`.`provider_id` IN (SELECT `id` FROM `wk_provider` WHERE  `manager_id` = 1) GROUP BY `q`.`id` LIMIT 0,20 [ RunTime:0.000187s ]
[2023-02-07T17:11:31+08:00][sql] SELECT `username` FROM `wk_provider` WHERE  `id` = 1 LIMIT 1 [ RunTime:0.000182s ]
[2023-02-07T17:11:31+08:00][sql] SHOW FULL COLUMNS FROM `wk_entrance` [ RunTime:0.000643s ]
[2023-02-07T17:11:31+08:00][sql] SELECT `e`.`id`,`e`.`avatar`,`e`.`name`,`e`.`members`,`e`.`qr`,`e`.`expire_date`,`e`.`joinable_wc`,`e`.`add_time` FROM `wk_entrance` `e` WHERE  `e`.`qrcode_id` = '9212'  AND `e`.`expire_date` >= NOW() [ RunTime:0.000458s ]
[2023-02-07T17:11:31+08:00][sql] SELECT `username` FROM `wk_provider` WHERE  `id` = 1 LIMIT 1 [ RunTime:0.000126s ]
[2023-02-07T17:11:31+08:00][sql] SELECT `e`.`id`,`e`.`avatar`,`e`.`name`,`e`.`members`,`e`.`qr`,`e`.`expire_date`,`e`.`joinable_wc`,`e`.`add_time` FROM `wk_entrance` `e` WHERE  `e`.`qrcode_id` = '9213'  AND `e`.`expire_date` >= NOW() [ RunTime:0.000210s ]
[2023-02-07T17:11:31+08:00][sql] SELECT `username` FROM `wk_provider` WHERE  `id` = 1 LIMIT 1 [ RunTime:0.000111s ]
[2023-02-07T17:11:31+08:00][sql] SELECT `e`.`id`,`e`.`avatar`,`e`.`name`,`e`.`members`,`e`.`qr`,`e`.`expire_date`,`e`.`joinable_wc`,`e`.`add_time` FROM `wk_entrance` `e` WHERE  `e`.`qrcode_id` = '9214'  AND `e`.`expire_date` >= NOW() [ RunTime:0.000197s ]
[2023-02-07T17:11:31+08:00][sql] SELECT `username` FROM `wk_provider` WHERE  `id` = 1 LIMIT 1 [ RunTime:0.000111s ]
[2023-02-07T17:11:31+08:00][sql] SELECT `e`.`id`,`e`.`avatar`,`e`.`name`,`e`.`members`,`e`.`qr`,`e`.`expire_date`,`e`.`joinable_wc`,`e`.`add_time` FROM `wk_entrance` `e` WHERE  `e`.`qrcode_id` = '9215'  AND `e`.`expire_date` >= NOW() [ RunTime:0.000198s ]
[2023-02-07T17:11:31+08:00][sql] SELECT `username` FROM `wk_provider` WHERE  `id` = 1 LIMIT 1 [ RunTime:0.000108s ]
[2023-02-07T17:11:31+08:00][sql] SELECT `e`.`id`,`e`.`avatar`,`e`.`name`,`e`.`members`,`e`.`qr`,`e`.`expire_date`,`e`.`joinable_wc`,`e`.`add_time` FROM `wk_entrance` `e` WHERE  `e`.`qrcode_id` = '10256'  AND `e`.`expire_date` >= NOW() [ RunTime:0.000177s ]
[2023-02-07T17:11:31+08:00][sql] SELECT `username` FROM `wk_provider` WHERE  `id` = 1 LIMIT 1 [ RunTime:0.000105s ]
[2023-02-07T17:11:31+08:00][sql] SELECT `e`.`id`,`e`.`avatar`,`e`.`name`,`e`.`members`,`e`.`qr`,`e`.`expire_date`,`e`.`joinable_wc`,`e`.`add_time` FROM `wk_entrance` `e` WHERE  `e`.`qrcode_id` = '10257'  AND `e`.`expire_date` >= NOW() [ RunTime:0.000255s ]
[2023-02-07T17:11:31+08:00][sql] SELECT `username` FROM `wk_provider` WHERE  `id` = 1 LIMIT 1 [ RunTime:0.000110s ]
[2023-02-07T17:11:31+08:00][sql] SELECT `e`.`id`,`e`.`avatar`,`e`.`name`,`e`.`members`,`e`.`qr`,`e`.`expire_date`,`e`.`joinable_wc`,`e`.`add_time` FROM `wk_entrance` `e` WHERE  `e`.`qrcode_id` = '10258'  AND `e`.`expire_date` >= NOW() [ RunTime:0.000173s ]
[2023-02-07T17:11:31+08:00][sql] SELECT `username` FROM `wk_provider` WHERE  `id` = 1 LIMIT 1 [ RunTime:0.000109s ]
[2023-02-07T17:11:31+08:00][sql] SELECT `e`.`id`,`e`.`avatar`,`e`.`name`,`e`.`members`,`e`.`qr`,`e`.`expire_date`,`e`.`joinable_wc`,`e`.`add_time` FROM `wk_entrance` `e` WHERE  `e`.`qrcode_id` = '10259'  AND `e`.`expire_date` >= NOW() [ RunTime:0.000352s ]
[2023-02-07T17:11:31+08:00][sql] SELECT `username` FROM `wk_provider` WHERE  `id` = 1 LIMIT 1 [ RunTime:0.000239s ]
[2023-02-07T17:11:31+08:00][sql] SELECT `e`.`id`,`e`.`avatar`,`e`.`name`,`e`.`members`,`e`.`qr`,`e`.`expire_date`,`e`.`joinable_wc`,`e`.`add_time` FROM `wk_entrance` `e` WHERE  `e`.`qrcode_id` = '10260'  AND `e`.`expire_date` >= NOW() [ RunTime:0.000470s ]
[2023-02-07T17:11:31+08:00][sql] SELECT `username` FROM `wk_provider` WHERE  `id` = 1 LIMIT 1 [ RunTime:0.000784s ]
[2023-02-07T17:11:31+08:00][sql] SELECT `e`.`id`,`e`.`avatar`,`e`.`name`,`e`.`members`,`e`.`qr`,`e`.`expire_date`,`e`.`joinable_wc`,`e`.`add_time` FROM `wk_entrance` `e` WHERE  `e`.`qrcode_id` = '10261'  AND `e`.`expire_date` >= NOW() [ RunTime:0.000831s ]
[2023-02-07T17:11:31+08:00][sql] SELECT `username` FROM `wk_provider` WHERE  `id` = 1 LIMIT 1 [ RunTime:0.000240s ]
[2023-02-07T17:11:31+08:00][sql] SELECT `e`.`id`,`e`.`avatar`,`e`.`name`,`e`.`members`,`e`.`qr`,`e`.`expire_date`,`e`.`joinable_wc`,`e`.`add_time` FROM `wk_entrance` `e` WHERE  `e`.`qrcode_id` = '10262'  AND `e`.`expire_date` >= NOW() [ RunTime:0.000399s ]
[2023-02-07T17:11:31+08:00][sql] SELECT `username` FROM `wk_provider` WHERE  `id` = 1 LIMIT 1 [ RunTime:0.000233s ]
[2023-02-07T17:11:31+08:00][sql] SELECT `e`.`id`,`e`.`avatar`,`e`.`name`,`e`.`members`,`e`.`qr`,`e`.`expire_date`,`e`.`joinable_wc`,`e`.`add_time` FROM `wk_entrance` `e` WHERE  `e`.`qrcode_id` = '10263'  AND `e`.`expire_date` >= NOW() [ RunTime:0.000431s ]
[2023-02-07T17:11:31+08:00][sql] SELECT `username` FROM `wk_provider` WHERE  `id` = 1 LIMIT 1 [ RunTime:0.000579s ]
[2023-02-07T17:11:31+08:00][sql] SELECT `e`.`id`,`e`.`avatar`,`e`.`name`,`e`.`members`,`e`.`qr`,`e`.`expire_date`,`e`.`joinable_wc`,`e`.`add_time` FROM `wk_entrance` `e` WHERE  `e`.`qrcode_id` = '10264'  AND `e`.`expire_date` >= NOW() [ RunTime:0.000575s ]
[2023-02-07T17:11:31+08:00][sql] SELECT `username` FROM `wk_provider` WHERE  `id` = 1 LIMIT 1 [ RunTime:0.000173s ]
[2023-02-07T17:11:31+08:00][sql] SELECT `e`.`id`,`e`.`avatar`,`e`.`name`,`e`.`members`,`e`.`qr`,`e`.`expire_date`,`e`.`joinable_wc`,`e`.`add_time` FROM `wk_entrance` `e` WHERE  `e`.`qrcode_id` = '10265'  AND `e`.`expire_date` >= NOW() [ RunTime:0.000339s ]
[2023-02-07T17:11:31+08:00][sql] SELECT `username` FROM `wk_provider` WHERE  `id` = 1 LIMIT 1 [ RunTime:0.000206s ]
[2023-02-07T17:11:31+08:00][sql] SELECT `e`.`id`,`e`.`avatar`,`e`.`name`,`e`.`members`,`e`.`qr`,`e`.`expire_date`,`e`.`joinable_wc`,`e`.`add_time` FROM `wk_entrance` `e` WHERE  `e`.`qrcode_id` = '10266'  AND `e`.`expire_date` >= NOW() [ RunTime:0.000449s ]
[2023-02-07T17:11:31+08:00][sql] SELECT `username` FROM `wk_provider` WHERE  `id` = 1 LIMIT 1 [ RunTime:0.000197s ]
[2023-02-07T17:11:31+08:00][sql] SELECT `e`.`id`,`e`.`avatar`,`e`.`name`,`e`.`members`,`e`.`qr`,`e`.`expire_date`,`e`.`joinable_wc`,`e`.`add_time` FROM `wk_entrance` `e` WHERE  `e`.`qrcode_id` = '10267'  AND `e`.`expire_date` >= NOW() [ RunTime:0.000313s ]
[2023-02-07T17:11:31+08:00][sql] SELECT `username` FROM `wk_provider` WHERE  `id` = 1 LIMIT 1 [ RunTime:0.000182s ]
[2023-02-07T17:11:31+08:00][sql] SELECT `e`.`id`,`e`.`avatar`,`e`.`name`,`e`.`members`,`e`.`qr`,`e`.`expire_date`,`e`.`joinable_wc`,`e`.`add_time` FROM `wk_entrance` `e` WHERE  `e`.`qrcode_id` = '10268'  AND `e`.`expire_date` >= NOW() [ RunTime:0.000703s ]
[2023-02-07T17:11:31+08:00][sql] SELECT `username` FROM `wk_provider` WHERE  `id` = 1 LIMIT 1 [ RunTime:0.000212s ]
[2023-02-07T17:11:31+08:00][sql] SELECT `e`.`id`,`e`.`avatar`,`e`.`name`,`e`.`members`,`e`.`qr`,`e`.`expire_date`,`e`.`joinable_wc`,`e`.`add_time` FROM `wk_entrance` `e` WHERE  `e`.`qrcode_id` = '10269'  AND `e`.`expire_date` >= NOW() [ RunTime:0.000245s ]
[2023-02-07T17:11:31+08:00][sql] SELECT `username` FROM `wk_provider` WHERE  `id` = 1 LIMIT 1 [ RunTime:0.000117s ]
[2023-02-07T17:11:31+08:00][sql] SELECT `e`.`id`,`e`.`avatar`,`e`.`name`,`e`.`members`,`e`.`qr`,`e`.`expire_date`,`e`.`joinable_wc`,`e`.`add_time` FROM `wk_entrance` `e` WHERE  `e`.`qrcode_id` = '10270'  AND `e`.`expire_date` >= NOW() [ RunTime:0.000189s ]
[2023-02-07T17:11:31+08:00][sql] SELECT `username` FROM `wk_provider` WHERE  `id` = 1 LIMIT 1 [ RunTime:0.000108s ]
[2023-02-07T17:11:31+08:00][sql] SELECT `e`.`id`,`e`.`avatar`,`e`.`name`,`e`.`members`,`e`.`qr`,`e`.`expire_date`,`e`.`joinable_wc`,`e`.`add_time` FROM `wk_entrance` `e` WHERE  `e`.`qrcode_id` = '10271'  AND `e`.`expire_date` >= NOW() [ RunTime:0.000180s ]
[2023-02-07T17:11:31+08:00][sql] SELECT COUNT(*) AS think_count FROM `wk_qrcode` WHERE  `provider_id` IN (SELECT `id` FROM `wk_provider` WHERE  `manager_id` = 1) LIMIT 1 [ RunTime:0.000128s ]
