[2023-02-15T13:23:31+08:00][sql] CONNECT:[ UseTime:3.464518s ] mysql:host=88.218.194.8;port=3306;dbname=webqrcode;charset=utf8mb4
[2023-02-15T13:23:31+08:00][sql] SHOW FULL COLUMNS FROM `wk_manager` [ RunTime:0.099458s ]
[2023-02-15T13:23:31+08:00][sql] SELECT `id` FROM `wk_manager` WHERE  `id` = 1  AND `relogin` = 0 LIMIT 1 [ RunTime:0.095879s ]
[2023-02-15T13:23:31+08:00][sql] SELECT `id`,`username` FROM `wk_manager` WHERE  `id` = 1 LIMIT 1 [ RunTime:0.095222s ]
[2023-02-15T13:23:31+08:00][sql] CONNECT:[ UseTime:3.212812s ] mysql:host=88.218.194.8;port=3306;dbname=webqrcode;charset=utf8mb4
[2023-02-15T13:23:31+08:00][sql] SHOW FULL COLUMNS FROM `wk_manager` [ RunTime:0.103325s ]
[2023-02-15T13:23:31+08:00][sql] SELECT `id` FROM `wk_manager` WHERE  `id` = 1  AND `relogin` = 0 LIMIT 1 [ RunTime:0.100755s ]
[2023-02-15T13:23:31+08:00][sql] SHOW FULL COLUMNS FROM `wk_entrance` [ RunTime:0.107321s ]
[2023-02-15T13:23:31+08:00][sql] SHOW FULL COLUMNS FROM `wk_provider` [ RunTime:0.097916s ]
[2023-02-15T13:23:31+08:00][sql] SELECT `e`.`id`,`e`.`qrcode_id`,`e`.`name`,`e`.`avatar`,`e`.`expire_date`,`e`.`members`,`e`.`im`,`e`.`hide`,`e`.`add_time`,`e`.`company`,`e`.`type`,`e`.`status` FROM `wk_entrance` `e` WHERE  `provider_id` IN (SELECT `id` FROM `wk_provider` WHERE  `manager_id` = 1)  AND `e`.`expire_date` >= NOW() ORDER BY `e`.`id` DESC LIMIT 0,20 [ RunTime:0.220882s ]
[2023-02-15T13:23:31+08:00][sql] SELECT COUNT(*) AS think_count FROM `wk_entrance` `e` WHERE  `provider_id` IN (SELECT `id` FROM `wk_provider` WHERE  `manager_id` = 1)  AND `e`.`expire_date` >= NOW() ORDER BY `e`.`id` DESC LIMIT 1 [ RunTime:0.117791s ]
[2023-02-15T14:37:01+08:00][sql] CONNECT:[ UseTime:3.268304s ] mysql:host=88.218.194.8;port=3306;dbname=webqrcode;charset=utf8mb4
[2023-02-15T14:37:01+08:00][sql] SHOW FULL COLUMNS FROM `wk_manager` [ RunTime:0.099980s ]
[2023-02-15T14:37:01+08:00][sql] SELECT `id` FROM `wk_manager` WHERE  `id` = 1  AND `relogin` = 0 LIMIT 1 [ RunTime:0.095628s ]
[2023-02-15T14:37:01+08:00][sql] SELECT `id`,`username` FROM `wk_manager` WHERE  `id` = 1 LIMIT 1 [ RunTime:0.095301s ]
[2023-02-15T14:37:02+08:00][sql] CONNECT:[ UseTime:3.382839s ] mysql:host=88.218.194.8;port=3306;dbname=webqrcode;charset=utf8mb4
[2023-02-15T14:37:02+08:00][sql] SHOW FULL COLUMNS FROM `wk_manager` [ RunTime:0.084273s ]
[2023-02-15T14:37:02+08:00][sql] SELECT `id` FROM `wk_manager` WHERE  `id` = 1  AND `relogin` = 0 LIMIT 1 [ RunTime:0.086083s ]
[2023-02-15T14:37:02+08:00][sql] SHOW FULL COLUMNS FROM `wk_entrance` [ RunTime:0.099077s ]
[2023-02-15T14:37:02+08:00][sql] SHOW FULL COLUMNS FROM `wk_provider` [ RunTime:0.094142s ]
[2023-02-15T14:37:02+08:00][sql] SELECT `e`.`id`,`e`.`qrcode_id`,`e`.`name`,`e`.`avatar`,`e`.`expire_date`,`e`.`members`,`e`.`im`,`e`.`hide`,`e`.`add_time`,`e`.`company`,`e`.`type`,`e`.`status` FROM `wk_entrance` `e` WHERE  `provider_id` IN (SELECT `id` FROM `wk_provider` WHERE  `manager_id` = 1)  AND `e`.`expire_date` >= NOW() ORDER BY `e`.`id` DESC LIMIT 0,20 [ RunTime:0.162769s ]
[2023-02-15T14:37:02+08:00][sql] SELECT COUNT(*) AS think_count FROM `wk_entrance` `e` WHERE  `provider_id` IN (SELECT `id` FROM `wk_provider` WHERE  `manager_id` = 1)  AND `e`.`expire_date` >= NOW() ORDER BY `e`.`id` DESC LIMIT 1 [ RunTime:0.101864s ]
[2023-02-15T14:43:39+08:00][sql] CONNECT:[ UseTime:3.221714s ] mysql:host=88.218.194.8;port=3306;dbname=webqrcode;charset=utf8mb4
[2023-02-15T14:43:39+08:00][sql] SHOW FULL COLUMNS FROM `wk_manager` [ RunTime:0.106063s ]
[2023-02-15T14:43:39+08:00][sql] SELECT `id` FROM `wk_manager` WHERE  `id` = 1  AND `relogin` = 0 LIMIT 1 [ RunTime:0.102402s ]
[2023-02-15T14:43:39+08:00][sql] SELECT `id`,`username` FROM `wk_manager` WHERE  `id` = 1 LIMIT 1 [ RunTime:0.114073s ]
[2023-02-15T14:43:39+08:00][sql] CONNECT:[ UseTime:3.202331s ] mysql:host=88.218.194.8;port=3306;dbname=webqrcode;charset=utf8mb4
[2023-02-15T14:43:39+08:00][sql] SHOW FULL COLUMNS FROM `wk_manager` [ RunTime:0.090401s ]
[2023-02-15T14:43:39+08:00][sql] SELECT `id` FROM `wk_manager` WHERE  `id` = 1  AND `relogin` = 0 LIMIT 1 [ RunTime:0.086275s ]
[2023-02-15T14:43:39+08:00][sql] SHOW FULL COLUMNS FROM `wk_entrance` [ RunTime:0.090549s ]
[2023-02-15T14:43:39+08:00][sql] SHOW FULL COLUMNS FROM `wk_provider` [ RunTime:0.099217s ]
[2023-02-15T14:43:39+08:00][sql] SELECT `e`.`id`,`e`.`qrcode_id`,`e`.`name`,`e`.`avatar`,`e`.`expire_date`,`e`.`members`,`e`.`im`,`e`.`hide`,`e`.`add_time`,`e`.`company`,`e`.`type`,`e`.`status` FROM `wk_entrance` `e` WHERE  `provider_id` IN (SELECT `id` FROM `wk_provider` WHERE  `manager_id` = 1)  AND `e`.`expire_date` >= NOW() ORDER BY `e`.`id` DESC LIMIT 0,20 [ RunTime:0.183192s ]
[2023-02-15T14:43:39+08:00][sql] SELECT COUNT(*) AS think_count FROM `wk_entrance` `e` WHERE  `provider_id` IN (SELECT `id` FROM `wk_provider` WHERE  `manager_id` = 1)  AND `e`.`expire_date` >= NOW() ORDER BY `e`.`id` DESC LIMIT 1 [ RunTime:0.107432s ]
[2023-02-15T14:44:53+08:00][sql] CONNECT:[ UseTime:3.426777s ] mysql:host=88.218.194.8;port=3306;dbname=webqrcode;charset=utf8mb4
[2023-02-15T14:44:53+08:00][sql] SHOW FULL COLUMNS FROM `wk_manager` [ RunTime:0.101579s ]
[2023-02-15T14:44:53+08:00][sql] SELECT `id` FROM `wk_manager` WHERE  `id` = 1  AND `relogin` = 0 LIMIT 1 [ RunTime:0.102225s ]
[2023-02-15T14:44:53+08:00][sql] SELECT `id`,`username` FROM `wk_manager` WHERE  `id` = 1 LIMIT 1 [ RunTime:0.102045s ]
[2023-02-15T14:44:54+08:00][sql] CONNECT:[ UseTime:3.443653s ] mysql:host=88.218.194.8;port=3306;dbname=webqrcode;charset=utf8mb4
[2023-02-15T14:44:54+08:00][sql] SHOW FULL COLUMNS FROM `wk_manager` [ RunTime:0.093046s ]
[2023-02-15T14:44:54+08:00][sql] SELECT `id` FROM `wk_manager` WHERE  `id` = 1  AND `relogin` = 0 LIMIT 1 [ RunTime:0.088395s ]
[2023-02-15T14:44:54+08:00][sql] SHOW FULL COLUMNS FROM `wk_entrance` [ RunTime:0.089414s ]
[2023-02-15T14:44:54+08:00][sql] SHOW FULL COLUMNS FROM `wk_provider` [ RunTime:0.094900s ]
[2023-02-15T14:44:54+08:00][sql] SELECT `e`.`id`,`e`.`qrcode_id`,`e`.`name`,`e`.`avatar`,`e`.`expire_date`,`e`.`members`,`e`.`im`,`e`.`hide`,`e`.`add_time`,`e`.`company`,`e`.`type`,`e`.`status` FROM `wk_entrance` `e` WHERE  `provider_id` IN (SELECT `id` FROM `wk_provider` WHERE  `manager_id` = 1)  AND `e`.`expire_date` >= NOW() ORDER BY `e`.`id` DESC LIMIT 0,20 [ RunTime:0.157317s ]
[2023-02-15T14:44:54+08:00][sql] SELECT COUNT(*) AS think_count FROM `wk_entrance` `e` WHERE  `provider_id` IN (SELECT `id` FROM `wk_provider` WHERE  `manager_id` = 1)  AND `e`.`expire_date` >= NOW() ORDER BY `e`.`id` DESC LIMIT 1 [ RunTime:0.119149s ]
[2023-02-15T15:03:57+08:00][sql] CONNECT:[ UseTime:3.185130s ] mysql:host=88.218.194.8;port=3306;dbname=webqrcode;charset=utf8mb4
[2023-02-15T15:03:57+08:00][sql] SHOW FULL COLUMNS FROM `wk_manager` [ RunTime:0.087735s ]
[2023-02-15T15:03:57+08:00][sql] SELECT `id` FROM `wk_manager` WHERE  `id` = 1  AND `relogin` = 0 LIMIT 1 [ RunTime:0.083644s ]
[2023-02-15T15:03:57+08:00][sql] SHOW FULL COLUMNS FROM `wk_entrance` [ RunTime:0.088725s ]
[2023-02-15T15:03:57+08:00][sql] SHOW FULL COLUMNS FROM `wk_provider` [ RunTime:0.090397s ]
[2023-02-15T15:03:57+08:00][sql] SELECT `e`.`id`,`e`.`qrcode_id`,`e`.`name`,`e`.`avatar`,`e`.`expire_date`,`e`.`members`,`e`.`im`,`e`.`hide`,`e`.`add_time`,`e`.`company`,`e`.`type`,`e`.`status` FROM `wk_entrance` `e` WHERE  `provider_id` IN (SELECT `id` FROM `wk_provider` WHERE  `manager_id` = 1)  AND `e`.`expire_date` >= NOW() ORDER BY `e`.`id` DESC LIMIT 0,20 [ RunTime:0.197194s ]
[2023-02-15T15:03:57+08:00][sql] SELECT COUNT(*) AS think_count FROM `wk_entrance` `e` WHERE  `provider_id` IN (SELECT `id` FROM `wk_provider` WHERE  `manager_id` = 1)  AND `e`.`expire_date` >= NOW() ORDER BY `e`.`id` DESC LIMIT 1 [ RunTime:0.118997s ]
[2023-02-15T19:28:28+08:00][sql] CONNECT:[ UseTime:0.126794s ] mysql:host=88.218.194.8;port=3306;dbname=webqrcode;charset=utf8mb4
[2023-02-15T19:28:28+08:00][sql] SHOW FULL COLUMNS FROM `wk_manager` [ RunTime:0.416854s ]
[2023-02-15T19:28:28+08:00][sql] SELECT `id` FROM `wk_manager` WHERE  `id` = 1  AND `relogin` = 0 LIMIT 1 [ RunTime:0.086025s ]
[2023-02-15T19:28:28+08:00][sql] SHOW FULL COLUMNS FROM `wk_entrance` [ RunTime:0.090689s ]
[2023-02-15T19:28:28+08:00][sql] SHOW FULL COLUMNS FROM `wk_provider` [ RunTime:0.086300s ]
[2023-02-15T19:28:28+08:00][sql] SELECT `id`,`im` FROM `wk_entrance` WHERE  `id` IN (311610,311609,311608,311607,311606,311605,311604,311603,311602,311601,311600,311599,311598,311597,311596,311595,311594,311593,311592,311591)  AND `provider_id` IN (SELECT `id` FROM `wk_provider` WHERE  `manager_id` = 1) [ RunTime:0.085916s ]
[2023-02-15T19:28:28+08:00][error] [2]ZipArchive::addFile(): No such file or directory[E:\github\group_qrcode\c4\group_qrcode_tp\app\manager\controller\Entrance.php:72]
[2023-02-15T19:36:37+08:00][sql] CONNECT:[ UseTime:0.138286s ] mysql:host=88.218.194.8;port=3306;dbname=webqrcode;charset=utf8mb4
[2023-02-15T19:36:37+08:00][sql] SHOW FULL COLUMNS FROM `wk_manager` [ RunTime:0.100928s ]
[2023-02-15T19:36:37+08:00][sql] SELECT `id` FROM `wk_manager` WHERE  `id` = 1  AND `relogin` = 0 LIMIT 1 [ RunTime:0.083849s ]
[2023-02-15T19:36:37+08:00][sql] SHOW FULL COLUMNS FROM `wk_entrance` [ RunTime:0.085911s ]
[2023-02-15T19:36:37+08:00][sql] SHOW FULL COLUMNS FROM `wk_provider` [ RunTime:0.091845s ]
[2023-02-15T19:36:37+08:00][sql] SELECT `e`.`id`,`e`.`qrcode_id`,`e`.`name`,`e`.`avatar`,`e`.`expire_date`,`e`.`members`,`e`.`im`,`e`.`hide`,`e`.`add_time`,`e`.`company`,`e`.`type`,`e`.`status` FROM `wk_entrance` `e` WHERE  `provider_id` IN (SELECT `id` FROM `wk_provider` WHERE  `manager_id` = 1)  AND `e`.`expire_date` >= NOW() ORDER BY `e`.`id` DESC LIMIT 0,20 [ RunTime:0.260175s ]
[2023-02-15T19:36:37+08:00][sql] SELECT COUNT(*) AS think_count FROM `wk_entrance` `e` WHERE  `provider_id` IN (SELECT `id` FROM `wk_provider` WHERE  `manager_id` = 1)  AND `e`.`expire_date` >= NOW() ORDER BY `e`.`id` DESC LIMIT 1 [ RunTime:0.124613s ]
[2023-02-15T19:40:25+08:00][sql] CONNECT:[ UseTime:0.120096s ] mysql:host=88.218.194.8;port=3306;dbname=webqrcode;charset=utf8mb4
[2023-02-15T19:40:25+08:00][sql] SHOW FULL COLUMNS FROM `wk_manager` [ RunTime:0.086810s ]
[2023-02-15T19:40:25+08:00][sql] SELECT `id` FROM `wk_manager` WHERE  `id` = 1  AND `relogin` = 0 LIMIT 1 [ RunTime:0.085942s ]
[2023-02-15T19:40:25+08:00][sql] SHOW FULL COLUMNS FROM `wk_entrance` [ RunTime:0.085241s ]
[2023-02-15T19:40:25+08:00][sql] SHOW FULL COLUMNS FROM `wk_provider` [ RunTime:0.083412s ]
[2023-02-15T19:40:25+08:00][sql] SELECT `e`.`id`,`e`.`qrcode_id`,`e`.`name`,`e`.`avatar`,`e`.`expire_date`,`e`.`members`,`e`.`im`,`e`.`hide`,`e`.`add_time`,`e`.`company`,`e`.`type`,`e`.`status` FROM `wk_entrance` `e` WHERE  `provider_id` IN (SELECT `id` FROM `wk_provider` WHERE  `manager_id` = 1)  AND `e`.`expire_date` >= NOW() ORDER BY `e`.`id` DESC LIMIT 0,20 [ RunTime:0.244819s ]
[2023-02-15T19:40:25+08:00][sql] SELECT COUNT(*) AS think_count FROM `wk_entrance` `e` WHERE  `provider_id` IN (SELECT `id` FROM `wk_provider` WHERE  `manager_id` = 1)  AND `e`.`expire_date` >= NOW() ORDER BY `e`.`id` DESC LIMIT 1 [ RunTime:0.159757s ]
[2023-02-15T19:40:30+08:00][sql] CONNECT:[ UseTime:0.140599s ] mysql:host=88.218.194.8;port=3306;dbname=webqrcode;charset=utf8mb4
[2023-02-15T19:40:30+08:00][sql] SHOW FULL COLUMNS FROM `wk_manager` [ RunTime:0.098741s ]
[2023-02-15T19:40:30+08:00][sql] SELECT `id` FROM `wk_manager` WHERE  `id` = 1  AND `relogin` = 0 LIMIT 1 [ RunTime:0.093899s ]
[2023-02-15T19:40:30+08:00][sql] SHOW FULL COLUMNS FROM `wk_entrance` [ RunTime:0.098057s ]
[2023-02-15T19:40:30+08:00][sql] SHOW FULL COLUMNS FROM `wk_provider` [ RunTime:0.098408s ]
[2023-02-15T19:40:30+08:00][sql] SELECT `e`.`id`,`e`.`qrcode_id`,`e`.`name`,`e`.`avatar`,`e`.`expire_date`,`e`.`members`,`e`.`im`,`e`.`hide`,`e`.`add_time`,`e`.`company`,`e`.`type`,`e`.`status` FROM `wk_entrance` `e` WHERE  `provider_id` IN (SELECT `id` FROM `wk_provider` WHERE  `manager_id` = 1)  AND `e`.`expire_date` >= NOW() ORDER BY `e`.`id` DESC LIMIT 0,20 [ RunTime:0.300361s ]
[2023-02-15T19:40:30+08:00][sql] SELECT COUNT(*) AS think_count FROM `wk_entrance` `e` WHERE  `provider_id` IN (SELECT `id` FROM `wk_provider` WHERE  `manager_id` = 1)  AND `e`.`expire_date` >= NOW() ORDER BY `e`.`id` DESC LIMIT 1 [ RunTime:0.146341s ]
[2023-02-15T20:45:15+08:00][sql] CONNECT:[ UseTime:0.146760s ] mysql:host=88.218.194.8;port=3306;dbname=webqrcode;charset=utf8mb4
[2023-02-15T20:45:15+08:00][sql] SHOW FULL COLUMNS FROM `wk_manager` [ RunTime:0.101476s ]
[2023-02-15T20:45:15+08:00][sql] SELECT `id` FROM `wk_manager` WHERE  `id` = 1  AND `relogin` = 0 LIMIT 1 [ RunTime:0.098618s ]
[2023-02-15T20:45:15+08:00][sql] SHOW FULL COLUMNS FROM `wk_entrance` [ RunTime:0.101385s ]
[2023-02-15T20:45:15+08:00][sql] SHOW FULL COLUMNS FROM `wk_provider` [ RunTime:0.103191s ]
[2023-02-15T20:45:15+08:00][sql] SELECT `e`.`id`,`e`.`qrcode_id`,`e`.`name`,`e`.`avatar`,`e`.`expire_date`,`e`.`members`,`e`.`im`,`e`.`hide`,`e`.`add_time`,`e`.`company`,`e`.`type`,`e`.`status` FROM `wk_entrance` `e` WHERE  `provider_id` IN (SELECT `id` FROM `wk_provider` WHERE  `manager_id` = 1)  AND `e`.`expire_date` >= NOW() ORDER BY `e`.`id` DESC LIMIT 0,20 [ RunTime:0.276723s ]
[2023-02-15T20:45:15+08:00][sql] SELECT COUNT(*) AS think_count FROM `wk_entrance` `e` WHERE  `provider_id` IN (SELECT `id` FROM `wk_provider` WHERE  `manager_id` = 1)  AND `e`.`expire_date` >= NOW() ORDER BY `e`.`id` DESC LIMIT 1 [ RunTime:0.151383s ]
[2023-02-15T20:45:18+08:00][sql] CONNECT:[ UseTime:0.145677s ] mysql:host=88.218.194.8;port=3306;dbname=webqrcode;charset=utf8mb4
[2023-02-15T20:45:18+08:00][sql] SHOW FULL COLUMNS FROM `wk_manager` [ RunTime:0.099894s ]
[2023-02-15T20:45:18+08:00][sql] SELECT `id` FROM `wk_manager` WHERE  `id` = 1  AND `relogin` = 0 LIMIT 1 [ RunTime:0.097421s ]
[2023-02-15T20:45:18+08:00][sql] SHOW FULL COLUMNS FROM `wk_entrance` [ RunTime:0.101123s ]
[2023-02-15T20:45:18+08:00][sql] SHOW FULL COLUMNS FROM `wk_provider` [ RunTime:0.100483s ]
[2023-02-15T20:45:18+08:00][sql] SELECT `e`.`id`,`e`.`qrcode_id`,`e`.`name`,`e`.`avatar`,`e`.`expire_date`,`e`.`members`,`e`.`im`,`e`.`hide`,`e`.`add_time`,`e`.`company`,`e`.`type`,`e`.`status` FROM `wk_entrance` `e` WHERE  `provider_id` IN (SELECT `id` FROM `wk_provider` WHERE  `manager_id` = 1)  AND `e`.`expire_date` >= NOW() ORDER BY `e`.`id` DESC LIMIT 0,20 [ RunTime:0.335608s ]
[2023-02-15T20:45:18+08:00][sql] SELECT COUNT(*) AS think_count FROM `wk_entrance` `e` WHERE  `provider_id` IN (SELECT `id` FROM `wk_provider` WHERE  `manager_id` = 1)  AND `e`.`expire_date` >= NOW() ORDER BY `e`.`id` DESC LIMIT 1 [ RunTime:0.147969s ]
[2023-02-15T20:50:07+08:00][sql] CONNECT:[ UseTime:0.147683s ] mysql:host=88.218.194.8;port=3306;dbname=webqrcode;charset=utf8mb4
[2023-02-15T20:50:07+08:00][sql] SHOW FULL COLUMNS FROM `wk_manager` [ RunTime:0.102099s ]
[2023-02-15T20:50:07+08:00][sql] SELECT `id` FROM `wk_manager` WHERE  `id` = 1  AND `relogin` = 0 LIMIT 1 [ RunTime:0.099275s ]
[2023-02-15T20:50:07+08:00][sql] SHOW FULL COLUMNS FROM `wk_entrance` [ RunTime:0.102505s ]
[2023-02-15T20:50:07+08:00][sql] SHOW FULL COLUMNS FROM `wk_provider` [ RunTime:0.101895s ]
[2023-02-15T20:50:07+08:00][sql] SELECT `e`.`id`,`e`.`qrcode_id`,`e`.`name`,`e`.`avatar`,`e`.`expire_date`,`e`.`members`,`e`.`im`,`e`.`hide`,`e`.`add_time`,`e`.`company`,`e`.`type`,`e`.`status` FROM `wk_entrance` `e` WHERE  `provider_id` IN (SELECT `id` FROM `wk_provider` WHERE  `manager_id` = 1)  AND `e`.`expire_date` >= NOW() ORDER BY `e`.`id` DESC LIMIT 0,20 [ RunTime:0.274352s ]
[2023-02-15T20:50:07+08:00][sql] SELECT COUNT(*) AS think_count FROM `wk_entrance` `e` WHERE  `provider_id` IN (SELECT `id` FROM `wk_provider` WHERE  `manager_id` = 1)  AND `e`.`expire_date` >= NOW() ORDER BY `e`.`id` DESC LIMIT 1 [ RunTime:0.186763s ]
[2023-02-15T20:50:33+08:00][sql] CONNECT:[ UseTime:0.122392s ] mysql:host=88.218.194.8;port=3306;dbname=webqrcode;charset=utf8mb4
[2023-02-15T20:50:33+08:00][sql] SHOW FULL COLUMNS FROM `wk_manager` [ RunTime:0.087434s ]
[2023-02-15T20:50:33+08:00][sql] SELECT `id` FROM `wk_manager` WHERE  `id` = 1  AND `relogin` = 0 LIMIT 1 [ RunTime:0.085200s ]
[2023-02-15T20:50:33+08:00][sql] SHOW FULL COLUMNS FROM `wk_entrance` [ RunTime:0.086127s ]
[2023-02-15T20:50:33+08:00][sql] SHOW FULL COLUMNS FROM `wk_provider` [ RunTime:0.085254s ]
[2023-02-15T20:50:33+08:00][sql] SELECT `e`.`id`,`e`.`qrcode_id`,`e`.`name`,`e`.`avatar`,`e`.`expire_date`,`e`.`members`,`e`.`im`,`e`.`hide`,`e`.`add_time`,`e`.`company`,`e`.`type`,`e`.`status` FROM `wk_entrance` `e` WHERE  `provider_id` IN (SELECT `id` FROM `wk_provider` WHERE  `manager_id` = 1)  AND `e`.`expire_date` >= NOW() ORDER BY `e`.`id` DESC LIMIT 0,20 [ RunTime:0.254627s ]
[2023-02-15T20:50:33+08:00][sql] SELECT COUNT(*) AS think_count FROM `wk_entrance` `e` WHERE  `provider_id` IN (SELECT `id` FROM `wk_provider` WHERE  `manager_id` = 1)  AND `e`.`expire_date` >= NOW() ORDER BY `e`.`id` DESC LIMIT 1 [ RunTime:0.132225s ]
[2023-02-15T20:50:49+08:00][sql] CONNECT:[ UseTime:0.128624s ] mysql:host=88.218.194.8;port=3306;dbname=webqrcode;charset=utf8mb4
[2023-02-15T20:50:49+08:00][sql] SHOW FULL COLUMNS FROM `wk_manager` [ RunTime:0.091773s ]
[2023-02-15T20:50:49+08:00][sql] SELECT `id` FROM `wk_manager` WHERE  `id` = 1  AND `relogin` = 0 LIMIT 1 [ RunTime:0.089248s ]
[2023-02-15T20:50:49+08:00][sql] SHOW FULL COLUMNS FROM `wk_entrance` [ RunTime:0.091903s ]
[2023-02-15T20:50:49+08:00][sql] SHOW FULL COLUMNS FROM `wk_provider` [ RunTime:0.088865s ]
[2023-02-15T20:50:49+08:00][sql] SELECT `e`.`id`,`e`.`qrcode_id`,`e`.`name`,`e`.`avatar`,`e`.`expire_date`,`e`.`members`,`e`.`im`,`e`.`hide`,`e`.`add_time`,`e`.`company`,`e`.`type`,`e`.`status` FROM `wk_entrance` `e` WHERE  `provider_id` IN (SELECT `id` FROM `wk_provider` WHERE  `manager_id` = 1)  AND `e`.`expire_date` >= NOW() ORDER BY `e`.`id` DESC LIMIT 0,20 [ RunTime:0.275282s ]
[2023-02-15T20:50:49+08:00][sql] SELECT COUNT(*) AS think_count FROM `wk_entrance` `e` WHERE  `provider_id` IN (SELECT `id` FROM `wk_provider` WHERE  `manager_id` = 1)  AND `e`.`expire_date` >= NOW() ORDER BY `e`.`id` DESC LIMIT 1 [ RunTime:0.138424s ]
[2023-02-15T20:51:46+08:00][sql] CONNECT:[ UseTime:0.135130s ] mysql:host=88.218.194.8;port=3306;dbname=webqrcode;charset=utf8mb4
[2023-02-15T20:51:46+08:00][sql] SHOW FULL COLUMNS FROM `wk_manager` [ RunTime:0.091895s ]
[2023-02-15T20:51:46+08:00][sql] SELECT `id` FROM `wk_manager` WHERE  `id` = 1  AND `relogin` = 0 LIMIT 1 [ RunTime:0.088130s ]
[2023-02-15T20:51:46+08:00][sql] SHOW FULL COLUMNS FROM `wk_entrance` [ RunTime:0.091995s ]
[2023-02-15T20:51:46+08:00][sql] SHOW FULL COLUMNS FROM `wk_provider` [ RunTime:0.092286s ]
[2023-02-15T20:51:46+08:00][sql] SELECT `e`.`id`,`e`.`qrcode_id`,`e`.`name`,`e`.`avatar`,`e`.`expire_date`,`e`.`members`,`e`.`im`,`e`.`hide`,`e`.`add_time`,`e`.`company`,`e`.`type`,`e`.`status` FROM `wk_entrance` `e` WHERE  `provider_id` IN (SELECT `id` FROM `wk_provider` WHERE  `manager_id` = 1)  AND `e`.`expire_date` >= NOW() ORDER BY `e`.`id` DESC LIMIT 0,20 [ RunTime:0.328969s ]
[2023-02-15T20:51:46+08:00][sql] SELECT COUNT(*) AS think_count FROM `wk_entrance` `e` WHERE  `provider_id` IN (SELECT `id` FROM `wk_provider` WHERE  `manager_id` = 1)  AND `e`.`expire_date` >= NOW() ORDER BY `e`.`id` DESC LIMIT 1 [ RunTime:0.137917s ]
[2023-02-15T20:51:57+08:00][sql] CONNECT:[ UseTime:0.125096s ] mysql:host=88.218.194.8;port=3306;dbname=webqrcode;charset=utf8mb4
[2023-02-15T20:51:57+08:00][sql] SHOW FULL COLUMNS FROM `wk_manager` [ RunTime:0.086841s ]
[2023-02-15T20:51:57+08:00][sql] SELECT `id` FROM `wk_manager` WHERE  `id` = 1  AND `relogin` = 0 LIMIT 1 [ RunTime:0.082999s ]
[2023-02-15T20:51:57+08:00][sql] SHOW FULL COLUMNS FROM `wk_entrance` [ RunTime:0.084789s ]
[2023-02-15T20:51:57+08:00][sql] SHOW FULL COLUMNS FROM `wk_provider` [ RunTime:0.085290s ]
[2023-02-15T20:51:57+08:00][sql] SELECT `e`.`id`,`e`.`qrcode_id`,`e`.`name`,`e`.`avatar`,`e`.`expire_date`,`e`.`members`,`e`.`im`,`e`.`hide`,`e`.`add_time`,`e`.`company`,`e`.`type`,`e`.`status` FROM `wk_entrance` `e` WHERE  `provider_id` IN (SELECT `id` FROM `wk_provider` WHERE  `manager_id` = 1)  AND `e`.`expire_date` >= NOW() ORDER BY `e`.`id` DESC LIMIT 0,20 [ RunTime:0.256351s ]
[2023-02-15T20:51:57+08:00][sql] SELECT COUNT(*) AS think_count FROM `wk_entrance` `e` WHERE  `provider_id` IN (SELECT `id` FROM `wk_provider` WHERE  `manager_id` = 1)  AND `e`.`expire_date` >= NOW() ORDER BY `e`.`id` DESC LIMIT 1 [ RunTime:0.131039s ]
[2023-02-15T20:52:03+08:00][sql] CONNECT:[ UseTime:0.153970s ] mysql:host=88.218.194.8;port=3306;dbname=webqrcode;charset=utf8mb4
[2023-02-15T20:52:03+08:00][sql] SHOW FULL COLUMNS FROM `wk_manager` [ RunTime:0.102341s ]
[2023-02-15T20:52:03+08:00][sql] SELECT `id` FROM `wk_manager` WHERE  `id` = 1  AND `relogin` = 0 LIMIT 1 [ RunTime:0.100229s ]
[2023-02-15T20:52:03+08:00][sql] SHOW FULL COLUMNS FROM `wk_entrance` [ RunTime:0.106480s ]
[2023-02-15T20:52:03+08:00][sql] SHOW FULL COLUMNS FROM `wk_provider` [ RunTime:0.104059s ]
[2023-02-15T20:52:03+08:00][sql] SELECT `e`.`id`,`e`.`qrcode_id`,`e`.`name`,`e`.`avatar`,`e`.`expire_date`,`e`.`members`,`e`.`im`,`e`.`hide`,`e`.`add_time`,`e`.`company`,`e`.`type`,`e`.`status` FROM `wk_entrance` `e` WHERE  `provider_id` IN (SELECT `id` FROM `wk_provider` WHERE  `manager_id` = 1)  AND `e`.`expire_date` >= NOW() ORDER BY `e`.`id` DESC LIMIT 0,20 [ RunTime:0.310538s ]
[2023-02-15T20:52:03+08:00][sql] SELECT COUNT(*) AS think_count FROM `wk_entrance` `e` WHERE  `provider_id` IN (SELECT `id` FROM `wk_provider` WHERE  `manager_id` = 1)  AND `e`.`expire_date` >= NOW() ORDER BY `e`.`id` DESC LIMIT 1 [ RunTime:0.154856s ]
[2023-02-15T20:52:05+08:00][sql] CONNECT:[ UseTime:0.138581s ] mysql:host=88.218.194.8;port=3306;dbname=webqrcode;charset=utf8mb4
[2023-02-15T20:52:05+08:00][sql] SHOW FULL COLUMNS FROM `wk_manager` [ RunTime:0.096366s ]
[2023-02-15T20:52:05+08:00][sql] SELECT `id` FROM `wk_manager` WHERE  `id` = 1  AND `relogin` = 0 LIMIT 1 [ RunTime:0.093954s ]
[2023-02-15T20:52:05+08:00][sql] SHOW FULL COLUMNS FROM `wk_entrance` [ RunTime:0.096932s ]
[2023-02-15T20:52:05+08:00][sql] SHOW FULL COLUMNS FROM `wk_provider` [ RunTime:0.096829s ]
[2023-02-15T20:52:05+08:00][sql] SELECT `e`.`id`,`e`.`qrcode_id`,`e`.`name`,`e`.`avatar`,`e`.`expire_date`,`e`.`members`,`e`.`im`,`e`.`hide`,`e`.`add_time`,`e`.`company`,`e`.`type`,`e`.`status` FROM `wk_entrance` `e` WHERE  `provider_id` IN (SELECT `id` FROM `wk_provider` WHERE  `manager_id` = 1)  AND `e`.`expire_date` >= NOW() ORDER BY `e`.`id` DESC LIMIT 0,20 [ RunTime:0.286545s ]
[2023-02-15T20:52:05+08:00][sql] SELECT COUNT(*) AS think_count FROM `wk_entrance` `e` WHERE  `provider_id` IN (SELECT `id` FROM `wk_provider` WHERE  `manager_id` = 1)  AND `e`.`expire_date` >= NOW() ORDER BY `e`.`id` DESC LIMIT 1 [ RunTime:0.176605s ]
[2023-02-15T20:52:43+08:00][sql] CONNECT:[ UseTime:0.124894s ] mysql:host=88.218.194.8;port=3306;dbname=webqrcode;charset=utf8mb4
[2023-02-15T20:52:43+08:00][sql] SHOW FULL COLUMNS FROM `wk_manager` [ RunTime:0.091640s ]
[2023-02-15T20:52:43+08:00][sql] SELECT `id` FROM `wk_manager` WHERE  `id` = 1  AND `relogin` = 0 LIMIT 1 [ RunTime:0.083501s ]
[2023-02-15T20:52:43+08:00][sql] SHOW FULL COLUMNS FROM `wk_entrance` [ RunTime:0.088214s ]
[2023-02-15T20:52:43+08:00][sql] SHOW FULL COLUMNS FROM `wk_provider` [ RunTime:0.085708s ]
[2023-02-15T20:52:43+08:00][sql] SELECT `e`.`id`,`e`.`qrcode_id`,`e`.`name`,`e`.`avatar`,`e`.`expire_date`,`e`.`members`,`e`.`im`,`e`.`hide`,`e`.`add_time`,`e`.`company`,`e`.`type`,`e`.`status` FROM `wk_entrance` `e` WHERE  `provider_id` IN (SELECT `id` FROM `wk_provider` WHERE  `manager_id` = 1)  AND `e`.`expire_date` >= NOW() ORDER BY `e`.`id` DESC LIMIT 0,20 [ RunTime:0.287384s ]
[2023-02-15T20:52:43+08:00][sql] SELECT COUNT(*) AS think_count FROM `wk_entrance` `e` WHERE  `provider_id` IN (SELECT `id` FROM `wk_provider` WHERE  `manager_id` = 1)  AND `e`.`expire_date` >= NOW() ORDER BY `e`.`id` DESC LIMIT 1 [ RunTime:0.132089s ]
[2023-02-15T20:53:07+08:00][sql] CONNECT:[ UseTime:0.135696s ] mysql:host=88.218.194.8;port=3306;dbname=webqrcode;charset=utf8mb4
[2023-02-15T20:53:07+08:00][sql] SHOW FULL COLUMNS FROM `wk_manager` [ RunTime:0.095141s ]
[2023-02-15T20:53:07+08:00][sql] SELECT `id` FROM `wk_manager` WHERE  `id` = 1  AND `relogin` = 0 LIMIT 1 [ RunTime:0.091515s ]
[2023-02-15T20:53:07+08:00][sql] SHOW FULL COLUMNS FROM `wk_entrance` [ RunTime:0.094697s ]
[2023-02-15T20:53:07+08:00][sql] SHOW FULL COLUMNS FROM `wk_provider` [ RunTime:0.099527s ]
[2023-02-15T20:53:07+08:00][sql] SELECT `e`.`id`,`e`.`qrcode_id`,`e`.`name`,`e`.`avatar`,`e`.`expire_date`,`e`.`members`,`e`.`im`,`e`.`hide`,`e`.`add_time`,`e`.`company`,`e`.`type`,`e`.`status` FROM `wk_entrance` `e` WHERE  `provider_id` IN (SELECT `id` FROM `wk_provider` WHERE  `manager_id` = 1)  AND `e`.`expire_date` >= NOW() ORDER BY `e`.`id` DESC LIMIT 0,20 [ RunTime:0.333041s ]
[2023-02-15T20:53:07+08:00][sql] SELECT COUNT(*) AS think_count FROM `wk_entrance` `e` WHERE  `provider_id` IN (SELECT `id` FROM `wk_provider` WHERE  `manager_id` = 1)  AND `e`.`expire_date` >= NOW() ORDER BY `e`.`id` DESC LIMIT 1 [ RunTime:0.141124s ]
[2023-02-15T20:53:13+08:00][sql] CONNECT:[ UseTime:0.139692s ] mysql:host=88.218.194.8;port=3306;dbname=webqrcode;charset=utf8mb4
[2023-02-15T20:53:13+08:00][sql] SHOW FULL COLUMNS FROM `wk_manager` [ RunTime:0.097635s ]
[2023-02-15T20:53:13+08:00][sql] SELECT `id` FROM `wk_manager` WHERE  `id` = 1  AND `relogin` = 0 LIMIT 1 [ RunTime:0.094140s ]
[2023-02-15T20:53:13+08:00][sql] SHOW FULL COLUMNS FROM `wk_entrance` [ RunTime:0.105760s ]
[2023-02-15T20:53:13+08:00][sql] SHOW FULL COLUMNS FROM `wk_provider` [ RunTime:0.096739s ]
[2023-02-15T20:53:13+08:00][sql] SELECT `e`.`id`,`e`.`qrcode_id`,`e`.`name`,`e`.`avatar`,`e`.`expire_date`,`e`.`members`,`e`.`im`,`e`.`hide`,`e`.`add_time`,`e`.`company`,`e`.`type`,`e`.`status` FROM `wk_entrance` `e` WHERE  `provider_id` IN (SELECT `id` FROM `wk_provider` WHERE  `manager_id` = 1)  AND `e`.`expire_date` >= NOW() ORDER BY `e`.`id` DESC LIMIT 0,20 [ RunTime:0.274559s ]
[2023-02-15T20:53:13+08:00][sql] SELECT COUNT(*) AS think_count FROM `wk_entrance` `e` WHERE  `provider_id` IN (SELECT `id` FROM `wk_provider` WHERE  `manager_id` = 1)  AND `e`.`expire_date` >= NOW() ORDER BY `e`.`id` DESC LIMIT 1 [ RunTime:0.145701s ]
[2023-02-15T20:57:46+08:00][sql] CONNECT:[ UseTime:0.145509s ] mysql:host=88.218.194.8;port=3306;dbname=webqrcode;charset=utf8mb4
[2023-02-15T20:57:46+08:00][sql] SHOW FULL COLUMNS FROM `wk_manager` [ RunTime:0.103110s ]
[2023-02-15T20:57:46+08:00][sql] SELECT `id` FROM `wk_manager` WHERE  `id` = 1  AND `relogin` = 0 LIMIT 1 [ RunTime:0.099733s ]
[2023-02-15T20:57:46+08:00][sql] SHOW FULL COLUMNS FROM `wk_entrance` [ RunTime:0.100147s ]
[2023-02-15T20:57:46+08:00][sql] SHOW FULL COLUMNS FROM `wk_provider` [ RunTime:0.102044s ]
[2023-02-15T20:57:46+08:00][sql] SELECT `e`.`id`,`e`.`qrcode_id`,`e`.`name`,`e`.`avatar`,`e`.`expire_date`,`e`.`members`,`e`.`im`,`e`.`hide`,`e`.`add_time`,`e`.`company`,`e`.`type`,`e`.`status` FROM `wk_entrance` `e` WHERE  `provider_id` IN (SELECT `id` FROM `wk_provider` WHERE  `manager_id` = 1)  AND `e`.`expire_date` >= NOW() ORDER BY `e`.`id` DESC LIMIT 0,20 [ RunTime:0.297769s ]
[2023-02-15T20:57:46+08:00][sql] SELECT COUNT(*) AS think_count FROM `wk_entrance` `e` WHERE  `provider_id` IN (SELECT `id` FROM `wk_provider` WHERE  `manager_id` = 1)  AND `e`.`expire_date` >= NOW() ORDER BY `e`.`id` DESC LIMIT 1 [ RunTime:0.147856s ]
[2023-02-15T21:01:36+08:00][sql] CONNECT:[ UseTime:0.152467s ] mysql:host=88.218.194.8;port=3306;dbname=webqrcode;charset=utf8mb4
[2023-02-15T21:01:36+08:00][sql] SHOW FULL COLUMNS FROM `wk_manager` [ RunTime:0.104475s ]
[2023-02-15T21:01:36+08:00][sql] SELECT `id` FROM `wk_manager` WHERE  `id` = 1  AND `relogin` = 0 LIMIT 1 [ RunTime:0.105930s ]
[2023-02-15T21:01:36+08:00][sql] SHOW FULL COLUMNS FROM `wk_entrance` [ RunTime:0.105004s ]
[2023-02-15T21:01:36+08:00][sql] SHOW FULL COLUMNS FROM `wk_provider` [ RunTime:0.102176s ]
[2023-02-15T21:01:36+08:00][sql] SELECT `e`.`id`,`e`.`qrcode_id`,`e`.`name`,`e`.`avatar`,`e`.`expire_date`,`e`.`members`,`e`.`im`,`e`.`hide`,`e`.`add_time`,`e`.`company`,`e`.`type`,`e`.`status` FROM `wk_entrance` `e` WHERE  `provider_id` IN (SELECT `id` FROM `wk_provider` WHERE  `manager_id` = 1)  AND `e`.`expire_date` >= NOW() ORDER BY `e`.`id` DESC LIMIT 20,20 [ RunTime:0.276396s ]
[2023-02-15T21:01:36+08:00][sql] SELECT COUNT(*) AS think_count FROM `wk_entrance` `e` WHERE  `provider_id` IN (SELECT `id` FROM `wk_provider` WHERE  `manager_id` = 1)  AND `e`.`expire_date` >= NOW() ORDER BY `e`.`id` DESC LIMIT 1 [ RunTime:0.157398s ]
[2023-02-15T21:01:40+08:00][sql] CONNECT:[ UseTime:0.154869s ] mysql:host=88.218.194.8;port=3306;dbname=webqrcode;charset=utf8mb4
[2023-02-15T21:01:40+08:00][sql] SHOW FULL COLUMNS FROM `wk_manager` [ RunTime:0.108096s ]
[2023-02-15T21:01:40+08:00][sql] SELECT `id` FROM `wk_manager` WHERE  `id` = 1  AND `relogin` = 0 LIMIT 1 [ RunTime:0.103049s ]
[2023-02-15T21:01:40+08:00][sql] SHOW FULL COLUMNS FROM `wk_entrance` [ RunTime:0.106047s ]
[2023-02-15T21:01:40+08:00][sql] SHOW FULL COLUMNS FROM `wk_provider` [ RunTime:0.105373s ]
[2023-02-15T21:01:40+08:00][sql] SELECT `e`.`id`,`e`.`qrcode_id`,`e`.`name`,`e`.`avatar`,`e`.`expire_date`,`e`.`members`,`e`.`im`,`e`.`hide`,`e`.`add_time`,`e`.`company`,`e`.`type`,`e`.`status` FROM `wk_entrance` `e` WHERE  `provider_id` IN (SELECT `id` FROM `wk_provider` WHERE  `manager_id` = 1)  AND `e`.`expire_date` >= NOW() ORDER BY `e`.`id` DESC LIMIT 40,20 [ RunTime:0.343844s ]
[2023-02-15T21:01:40+08:00][sql] SELECT COUNT(*) AS think_count FROM `wk_entrance` `e` WHERE  `provider_id` IN (SELECT `id` FROM `wk_provider` WHERE  `manager_id` = 1)  AND `e`.`expire_date` >= NOW() ORDER BY `e`.`id` DESC LIMIT 1 [ RunTime:0.161578s ]
[2023-02-15T21:01:48+08:00][sql] CONNECT:[ UseTime:0.136058s ] mysql:host=88.218.194.8;port=3306;dbname=webqrcode;charset=utf8mb4
[2023-02-15T21:01:48+08:00][sql] SHOW FULL COLUMNS FROM `wk_manager` [ RunTime:0.094245s ]
[2023-02-15T21:01:48+08:00][sql] SELECT `id` FROM `wk_manager` WHERE  `id` = 1  AND `relogin` = 0 LIMIT 1 [ RunTime:0.092324s ]
[2023-02-15T21:01:48+08:00][sql] SHOW FULL COLUMNS FROM `wk_provider` [ RunTime:0.094328s ]
[2023-02-15T21:01:48+08:00][sql] SELECT COUNT(*) AS think_count FROM `wk_provider` WHERE  `manager_id` = 1  AND `enable` = 1 LIMIT 1 [ RunTime:0.090523s ]
[2023-02-15T21:01:48+08:00][sql] SELECT `id`,`username`,`enable`,`add_time` FROM `wk_provider` WHERE  `manager_id` = 1  AND `enable` = 1 ORDER BY `id` ASC LIMIT 0,20 [ RunTime:0.090770s ]
[2023-02-15T21:01:48+08:00][sql] SHOW FULL COLUMNS FROM `wk_qrcode` [ RunTime:0.092395s ]
[2023-02-15T21:01:48+08:00][sql] SELECT COUNT(id),`provider_id` FROM `wk_qrcode` WHERE  `provider_id` IN (1,2,3,4,5,6,7,8,9) GROUP BY `provider_id` [ RunTime:0.117888s ]
[2023-02-15T21:01:48+08:00][sql] SELECT COUNT(id),`provider_id` FROM `wk_qrcode` WHERE  `provider_id` IN (1,2,3,4,5,6,7,8,9)  AND `valid` = 1 GROUP BY `provider_id` [ RunTime:0.129054s ]
[2023-02-15T21:01:48+08:00][sql] SHOW FULL COLUMNS FROM `wk_entrance` [ RunTime:0.091873s ]
[2023-02-15T21:01:48+08:00][sql] SELECT COUNT(id),`provider_id` FROM `wk_entrance` WHERE  `provider_id` IN (1,2,3,4,5,6,7,8,9) GROUP BY `provider_id` [ RunTime:0.103612s ]
[2023-02-15T21:01:50+08:00][sql] CONNECT:[ UseTime:0.140784s ] mysql:host=88.218.194.8;port=3306;dbname=webqrcode;charset=utf8mb4
[2023-02-15T21:01:50+08:00][sql] SHOW FULL COLUMNS FROM `wk_manager` [ RunTime:0.097978s ]
[2023-02-15T21:01:50+08:00][sql] SELECT `id` FROM `wk_manager` WHERE  `id` = 1  AND `relogin` = 0 LIMIT 1 [ RunTime:0.095262s ]
[2023-02-15T21:01:50+08:00][sql] SHOW FULL COLUMNS FROM `wk_entrance` [ RunTime:0.100368s ]
[2023-02-15T21:01:50+08:00][sql] SHOW FULL COLUMNS FROM `wk_provider` [ RunTime:0.109876s ]
[2023-02-15T21:01:50+08:00][sql] SELECT `e`.`id`,`e`.`qrcode_id`,`e`.`name`,`e`.`avatar`,`e`.`expire_date`,`e`.`members`,`e`.`im`,`e`.`hide`,`e`.`add_time`,`e`.`company`,`e`.`type`,`e`.`status` FROM `wk_entrance` `e` WHERE  `provider_id` IN (SELECT `id` FROM `wk_provider` WHERE  `manager_id` = 1)  AND `e`.`expire_date` >= NOW() ORDER BY `e`.`id` DESC LIMIT 0,20 [ RunTime:0.298519s ]
[2023-02-15T21:01:50+08:00][sql] SELECT COUNT(*) AS think_count FROM `wk_entrance` `e` WHERE  `provider_id` IN (SELECT `id` FROM `wk_provider` WHERE  `manager_id` = 1)  AND `e`.`expire_date` >= NOW() ORDER BY `e`.`id` DESC LIMIT 1 [ RunTime:0.150066s ]
[2023-02-15T21:02:04+08:00][sql] CONNECT:[ UseTime:0.133263s ] mysql:host=88.218.194.8;port=3306;dbname=webqrcode;charset=utf8mb4
[2023-02-15T21:02:04+08:00][sql] SHOW FULL COLUMNS FROM `wk_manager` [ RunTime:0.092643s ]
[2023-02-15T21:02:04+08:00][sql] SELECT `id` FROM `wk_manager` WHERE  `id` = 1  AND `relogin` = 0 LIMIT 1 [ RunTime:0.091666s ]
[2023-02-15T21:02:04+08:00][sql] SHOW FULL COLUMNS FROM `wk_exchange` [ RunTime:0.092582s ]
[2023-02-15T21:02:04+08:00][sql] SELECT `e`.`id`,`e`.`qrcode_id`,`e`.`name`,`e`.`avatar`,`e`.`expire_date`,`e`.`members`,`e`.`im`,`e`.`hide`,`e`.`add_time`,`e`.`company`,`e`.`type`,COUNT(DISTINCT b.id) buy_cnt,`e`.`status`,MAX(m.username) from_username FROM `wk_exchange` `ex` LEFT JOIN `wk_entrance` `e` ON `e`.`id`=`ex`.`entrance_id` LEFT JOIN `wk_manager` `m` ON `m`.`id`=`ex`.`from_manager_id` LEFT JOIN `wk_buy` `b` ON `b`.`entrance_id`=`e`.`id` WHERE  `ex`.`to_manager_id` = '1' GROUP BY `e`.`id` ORDER BY `e`.`id` DESC LIMIT 0,20 [ RunTime:0.091732s ]
[2023-02-15T21:02:04+08:00][sql] SELECT COUNT(*) AS think_count FROM ( SELECT count(*) AS think_count FROM `wk_exchange` `ex` LEFT JOIN `wk_entrance` `e` ON `e`.`id`=`ex`.`entrance_id` LEFT JOIN `wk_manager` `m` ON `m`.`id`=`ex`.`from_manager_id` LEFT JOIN `wk_buy` `b` ON `b`.`entrance_id`=`e`.`id` WHERE  `ex`.`to_manager_id` = '1' GROUP BY `e`.`id` ORDER BY `e`.`id` DESC LIMIT 0,20 ) `_group_count_` LIMIT 1 [ RunTime:0.089952s ]
[2023-02-15T21:02:07+08:00][sql] CONNECT:[ UseTime:0.147577s ] mysql:host=88.218.194.8;port=3306;dbname=webqrcode;charset=utf8mb4
[2023-02-15T21:02:07+08:00][sql] SHOW FULL COLUMNS FROM `wk_manager` [ RunTime:0.102547s ]
[2023-02-15T21:02:07+08:00][sql] SELECT `id` FROM `wk_manager` WHERE  `id` = 1  AND `relogin` = 0 LIMIT 1 [ RunTime:0.099661s ]
[2023-02-15T21:02:07+08:00][sql] SHOW FULL COLUMNS FROM `wk_entrance` [ RunTime:0.102081s ]
[2023-02-15T21:02:07+08:00][sql] SHOW FULL COLUMNS FROM `wk_provider` [ RunTime:0.101257s ]
[2023-02-15T21:02:07+08:00][sql] SELECT `e`.`id`,`e`.`qrcode_id`,`e`.`name`,`e`.`avatar`,`e`.`expire_date`,`e`.`members`,`e`.`im`,`e`.`hide`,`e`.`add_time`,`e`.`company`,`e`.`type`,`e`.`status` FROM `wk_entrance` `e` WHERE  `provider_id` IN (SELECT `id` FROM `wk_provider` WHERE  `manager_id` = 1)  AND `e`.`expire_date` >= NOW() ORDER BY `e`.`id` DESC LIMIT 0,20 [ RunTime:0.275644s ]
[2023-02-15T21:02:07+08:00][sql] SELECT COUNT(*) AS think_count FROM `wk_entrance` `e` WHERE  `provider_id` IN (SELECT `id` FROM `wk_provider` WHERE  `manager_id` = 1)  AND `e`.`expire_date` >= NOW() ORDER BY `e`.`id` DESC LIMIT 1 [ RunTime:0.185269s ]
[2023-02-15T21:02:10+08:00][sql] CONNECT:[ UseTime:0.146027s ] mysql:host=88.218.194.8;port=3306;dbname=webqrcode;charset=utf8mb4
[2023-02-15T21:02:10+08:00][sql] SHOW FULL COLUMNS FROM `wk_manager` [ RunTime:0.102523s ]
[2023-02-15T21:02:10+08:00][sql] SELECT `id` FROM `wk_manager` WHERE  `id` = 1  AND `relogin` = 0 LIMIT 1 [ RunTime:0.098316s ]
[2023-02-15T21:02:10+08:00][sql] SHOW FULL COLUMNS FROM `wk_exchange` [ RunTime:0.101454s ]
[2023-02-15T21:02:10+08:00][sql] SELECT `e`.`id`,`e`.`qrcode_id`,`e`.`name`,`e`.`avatar`,`e`.`expire_date`,`e`.`members`,`e`.`im`,`e`.`hide`,`e`.`add_time`,`e`.`company`,`e`.`type`,COUNT(DISTINCT b.id) buy_cnt,`e`.`status`,MAX(m.username) from_username FROM `wk_exchange` `ex` LEFT JOIN `wk_entrance` `e` ON `e`.`id`=`ex`.`entrance_id` LEFT JOIN `wk_manager` `m` ON `m`.`id`=`ex`.`from_manager_id` LEFT JOIN `wk_buy` `b` ON `b`.`entrance_id`=`e`.`id` WHERE  `ex`.`to_manager_id` = '1' GROUP BY `e`.`id` ORDER BY `e`.`id` DESC LIMIT 0,20 [ RunTime:0.099436s ]
[2023-02-15T21:02:10+08:00][sql] SELECT COUNT(*) AS think_count FROM ( SELECT count(*) AS think_count FROM `wk_exchange` `ex` LEFT JOIN `wk_entrance` `e` ON `e`.`id`=`ex`.`entrance_id` LEFT JOIN `wk_manager` `m` ON `m`.`id`=`ex`.`from_manager_id` LEFT JOIN `wk_buy` `b` ON `b`.`entrance_id`=`e`.`id` WHERE  `ex`.`to_manager_id` = '1' GROUP BY `e`.`id` ORDER BY `e`.`id` DESC LIMIT 0,20 ) `_group_count_` LIMIT 1 [ RunTime:0.096308s ]
[2023-02-15T21:02:22+08:00][sql] CONNECT:[ UseTime:0.140137s ] mysql:host=88.218.194.8;port=3306;dbname=webqrcode;charset=utf8mb4
[2023-02-15T21:02:22+08:00][sql] SHOW FULL COLUMNS FROM `wk_manager` [ RunTime:0.096563s ]
[2023-02-15T21:02:22+08:00][sql] SELECT `id` FROM `wk_manager` WHERE  `id` = 1  AND `relogin` = 0 LIMIT 1 [ RunTime:0.094273s ]
[2023-02-15T21:02:22+08:00][sql] SHOW FULL COLUMNS FROM `wk_qrcode` [ RunTime:0.097391s ]
[2023-02-15T21:02:22+08:00][sql] SHOW FULL COLUMNS FROM `wk_provider` [ RunTime:0.099402s ]
[2023-02-15T21:02:22+08:00][sql] SELECT q.id,q.provider_id,q.code,q.company,q.status,q.valid,q.valid_time,q.err_msg,q.add_time FROM `wk_qrcode` `q` WHERE  `q`.`provider_id` IN (SELECT `id` FROM `wk_provider` WHERE  `manager_id` = 1) GROUP BY `q`.`id` LIMIT 0,20 [ RunTime:0.307886s ]
[2023-02-15T21:02:22+08:00][sql] SELECT `username` FROM `wk_provider` WHERE  `id` = 1 LIMIT 1 [ RunTime:0.093799s ]
[2023-02-15T21:02:22+08:00][sql] SHOW FULL COLUMNS FROM `wk_entrance` [ RunTime:0.096493s ]
[2023-02-15T21:02:22+08:00][sql] SELECT `e`.`id`,`e`.`avatar`,`e`.`name`,`e`.`members`,`e`.`qr`,`e`.`expire_date`,`e`.`joinable_wc`,`e`.`add_time` FROM `wk_entrance` `e` WHERE  `e`.`qrcode_id` = '2' [ RunTime:0.103700s ]
[2023-02-15T21:02:22+08:00][sql] SELECT `username` FROM `wk_provider` WHERE  `id` = 1 LIMIT 1 [ RunTime:0.093507s ]
[2023-02-15T21:02:22+08:00][sql] SELECT `e`.`id`,`e`.`avatar`,`e`.`name`,`e`.`members`,`e`.`qr`,`e`.`expire_date`,`e`.`joinable_wc`,`e`.`add_time` FROM `wk_entrance` `e` WHERE  `e`.`qrcode_id` = '3' [ RunTime:0.096630s ]
[2023-02-15T21:02:22+08:00][sql] SELECT `username` FROM `wk_provider` WHERE  `id` = 1 LIMIT 1 [ RunTime:0.109783s ]
[2023-02-15T21:02:22+08:00][sql] SELECT `e`.`id`,`e`.`avatar`,`e`.`name`,`e`.`members`,`e`.`qr`,`e`.`expire_date`,`e`.`joinable_wc`,`e`.`add_time` FROM `wk_entrance` `e` WHERE  `e`.`qrcode_id` = '4' [ RunTime:0.098611s ]
[2023-02-15T21:02:22+08:00][sql] SELECT `username` FROM `wk_provider` WHERE  `id` = 1 LIMIT 1 [ RunTime:0.093870s ]
[2023-02-15T21:02:22+08:00][sql] SELECT `e`.`id`,`e`.`avatar`,`e`.`name`,`e`.`members`,`e`.`qr`,`e`.`expire_date`,`e`.`joinable_wc`,`e`.`add_time` FROM `wk_entrance` `e` WHERE  `e`.`qrcode_id` = '5' [ RunTime:0.108984s ]
[2023-02-15T21:02:22+08:00][sql] SELECT `username` FROM `wk_provider` WHERE  `id` = 1 LIMIT 1 [ RunTime:0.095265s ]
[2023-02-15T21:02:22+08:00][sql] SELECT `e`.`id`,`e`.`avatar`,`e`.`name`,`e`.`members`,`e`.`qr`,`e`.`expire_date`,`e`.`joinable_wc`,`e`.`add_time` FROM `wk_entrance` `e` WHERE  `e`.`qrcode_id` = '6' [ RunTime:0.120077s ]
[2023-02-15T21:02:22+08:00][sql] SELECT `username` FROM `wk_provider` WHERE  `id` = 1 LIMIT 1 [ RunTime:0.105457s ]
[2023-02-15T21:02:22+08:00][sql] SELECT `e`.`id`,`e`.`avatar`,`e`.`name`,`e`.`members`,`e`.`qr`,`e`.`expire_date`,`e`.`joinable_wc`,`e`.`add_time` FROM `wk_entrance` `e` WHERE  `e`.`qrcode_id` = '7' [ RunTime:0.093163s ]
[2023-02-15T21:02:22+08:00][sql] SELECT `username` FROM `wk_provider` WHERE  `id` = 1 LIMIT 1 [ RunTime:0.093717s ]
[2023-02-15T21:02:22+08:00][sql] SELECT `e`.`id`,`e`.`avatar`,`e`.`name`,`e`.`members`,`e`.`qr`,`e`.`expire_date`,`e`.`joinable_wc`,`e`.`add_time` FROM `wk_entrance` `e` WHERE  `e`.`qrcode_id` = '8' [ RunTime:0.099670s ]
[2023-02-15T21:02:22+08:00][sql] SELECT `username` FROM `wk_provider` WHERE  `id` = 1 LIMIT 1 [ RunTime:0.095917s ]
[2023-02-15T21:02:22+08:00][sql] SELECT `e`.`id`,`e`.`avatar`,`e`.`name`,`e`.`members`,`e`.`qr`,`e`.`expire_date`,`e`.`joinable_wc`,`e`.`add_time` FROM `wk_entrance` `e` WHERE  `e`.`qrcode_id` = '9' [ RunTime:0.110732s ]
[2023-02-15T21:02:22+08:00][sql] SELECT `username` FROM `wk_provider` WHERE  `id` = 1 LIMIT 1 [ RunTime:0.093827s ]
[2023-02-15T21:02:22+08:00][sql] SELECT `e`.`id`,`e`.`avatar`,`e`.`name`,`e`.`members`,`e`.`qr`,`e`.`expire_date`,`e`.`joinable_wc`,`e`.`add_time` FROM `wk_entrance` `e` WHERE  `e`.`qrcode_id` = '10' [ RunTime:0.100386s ]
[2023-02-15T21:02:22+08:00][sql] SELECT `username` FROM `wk_provider` WHERE  `id` = 1 LIMIT 1 [ RunTime:0.094357s ]
[2023-02-15T21:02:22+08:00][sql] SELECT `e`.`id`,`e`.`avatar`,`e`.`name`,`e`.`members`,`e`.`qr`,`e`.`expire_date`,`e`.`joinable_wc`,`e`.`add_time` FROM `wk_entrance` `e` WHERE  `e`.`qrcode_id` = '11' [ RunTime:0.093335s ]
[2023-02-15T21:02:22+08:00][sql] SELECT `username` FROM `wk_provider` WHERE  `id` = 1 LIMIT 1 [ RunTime:0.094957s ]
[2023-02-15T21:02:22+08:00][sql] SELECT `e`.`id`,`e`.`avatar`,`e`.`name`,`e`.`members`,`e`.`qr`,`e`.`expire_date`,`e`.`joinable_wc`,`e`.`add_time` FROM `wk_entrance` `e` WHERE  `e`.`qrcode_id` = '12' [ RunTime:0.093787s ]
[2023-02-15T21:02:22+08:00][sql] SELECT `username` FROM `wk_provider` WHERE  `id` = 1 LIMIT 1 [ RunTime:0.093549s ]
[2023-02-15T21:02:22+08:00][sql] SELECT `e`.`id`,`e`.`avatar`,`e`.`name`,`e`.`members`,`e`.`qr`,`e`.`expire_date`,`e`.`joinable_wc`,`e`.`add_time` FROM `wk_entrance` `e` WHERE  `e`.`qrcode_id` = '13' [ RunTime:0.095908s ]
[2023-02-15T21:02:22+08:00][sql] SELECT `username` FROM `wk_provider` WHERE  `id` = 1 LIMIT 1 [ RunTime:0.100029s ]
[2023-02-15T21:02:22+08:00][sql] SELECT `e`.`id`,`e`.`avatar`,`e`.`name`,`e`.`members`,`e`.`qr`,`e`.`expire_date`,`e`.`joinable_wc`,`e`.`add_time` FROM `wk_entrance` `e` WHERE  `e`.`qrcode_id` = '14' [ RunTime:0.094547s ]
[2023-02-15T21:02:22+08:00][sql] SELECT `username` FROM `wk_provider` WHERE  `id` = 1 LIMIT 1 [ RunTime:0.104117s ]
[2023-02-15T21:02:22+08:00][sql] SELECT `e`.`id`,`e`.`avatar`,`e`.`name`,`e`.`members`,`e`.`qr`,`e`.`expire_date`,`e`.`joinable_wc`,`e`.`add_time` FROM `wk_entrance` `e` WHERE  `e`.`qrcode_id` = '15' [ RunTime:0.104300s ]
[2023-02-15T21:02:22+08:00][sql] SELECT `username` FROM `wk_provider` WHERE  `id` = 1 LIMIT 1 [ RunTime:0.097756s ]
[2023-02-15T21:02:22+08:00][sql] SELECT `e`.`id`,`e`.`avatar`,`e`.`name`,`e`.`members`,`e`.`qr`,`e`.`expire_date`,`e`.`joinable_wc`,`e`.`add_time` FROM `wk_entrance` `e` WHERE  `e`.`qrcode_id` = '16' [ RunTime:0.096630s ]
[2023-02-15T21:02:22+08:00][sql] SELECT `username` FROM `wk_provider` WHERE  `id` = 1 LIMIT 1 [ RunTime:0.095918s ]
[2023-02-15T21:02:22+08:00][sql] SELECT `e`.`id`,`e`.`avatar`,`e`.`name`,`e`.`members`,`e`.`qr`,`e`.`expire_date`,`e`.`joinable_wc`,`e`.`add_time` FROM `wk_entrance` `e` WHERE  `e`.`qrcode_id` = '17' [ RunTime:0.093441s ]
[2023-02-15T21:02:22+08:00][sql] SELECT `username` FROM `wk_provider` WHERE  `id` = 1 LIMIT 1 [ RunTime:0.093179s ]
[2023-02-15T21:02:22+08:00][sql] SELECT `e`.`id`,`e`.`avatar`,`e`.`name`,`e`.`members`,`e`.`qr`,`e`.`expire_date`,`e`.`joinable_wc`,`e`.`add_time` FROM `wk_entrance` `e` WHERE  `e`.`qrcode_id` = '18' [ RunTime:0.097155s ]
[2023-02-15T21:02:22+08:00][sql] SELECT `username` FROM `wk_provider` WHERE  `id` = 1 LIMIT 1 [ RunTime:0.092917s ]
[2023-02-15T21:02:22+08:00][sql] SELECT `e`.`id`,`e`.`avatar`,`e`.`name`,`e`.`members`,`e`.`qr`,`e`.`expire_date`,`e`.`joinable_wc`,`e`.`add_time` FROM `wk_entrance` `e` WHERE  `e`.`qrcode_id` = '19' [ RunTime:0.096919s ]
[2023-02-15T21:02:22+08:00][sql] SELECT `username` FROM `wk_provider` WHERE  `id` = 1 LIMIT 1 [ RunTime:0.093917s ]
[2023-02-15T21:02:22+08:00][sql] SELECT `e`.`id`,`e`.`avatar`,`e`.`name`,`e`.`members`,`e`.`qr`,`e`.`expire_date`,`e`.`joinable_wc`,`e`.`add_time` FROM `wk_entrance` `e` WHERE  `e`.`qrcode_id` = '20' [ RunTime:0.093749s ]
[2023-02-15T21:02:22+08:00][sql] SELECT `username` FROM `wk_provider` WHERE  `id` = 1 LIMIT 1 [ RunTime:0.093919s ]
[2023-02-15T21:02:22+08:00][sql] SELECT `e`.`id`,`e`.`avatar`,`e`.`name`,`e`.`members`,`e`.`qr`,`e`.`expire_date`,`e`.`joinable_wc`,`e`.`add_time` FROM `wk_entrance` `e` WHERE  `e`.`qrcode_id` = '21' [ RunTime:0.092667s ]
[2023-02-15T21:02:22+08:00][sql] SELECT COUNT(*) AS think_count FROM `wk_qrcode` WHERE  `provider_id` IN (SELECT `id` FROM `wk_provider` WHERE  `manager_id` = 1) LIMIT 1 [ RunTime:0.113104s ]
[2023-02-15T21:02:28+08:00][sql] CONNECT:[ UseTime:0.126820s ] mysql:host=88.218.194.8;port=3306;dbname=webqrcode;charset=utf8mb4
[2023-02-15T21:02:28+08:00][sql] SHOW FULL COLUMNS FROM `wk_manager` [ RunTime:0.087319s ]
[2023-02-15T21:02:28+08:00][sql] SELECT `id` FROM `wk_manager` WHERE  `id` = 1  AND `relogin` = 0 LIMIT 1 [ RunTime:0.084277s ]
[2023-02-15T21:02:28+08:00][sql] SHOW FULL COLUMNS FROM `wk_provider` [ RunTime:0.086627s ]
[2023-02-15T21:02:28+08:00][sql] SELECT COUNT(*) AS think_count FROM `wk_provider` WHERE  `manager_id` = 1  AND `enable` = 1 LIMIT 1 [ RunTime:0.082914s ]
[2023-02-15T21:02:28+08:00][sql] SELECT `id`,`username`,`enable`,`add_time` FROM `wk_provider` WHERE  `manager_id` = 1  AND `enable` = 1 ORDER BY `id` ASC LIMIT 0,20 [ RunTime:0.083403s ]
[2023-02-15T21:02:28+08:00][sql] SHOW FULL COLUMNS FROM `wk_qrcode` [ RunTime:0.088422s ]
[2023-02-15T21:02:28+08:00][sql] SELECT COUNT(id),`provider_id` FROM `wk_qrcode` WHERE  `provider_id` IN (1,2,3,4,5,6,7,8,9) GROUP BY `provider_id` [ RunTime:0.104360s ]
[2023-02-15T21:02:28+08:00][sql] SELECT COUNT(id),`provider_id` FROM `wk_qrcode` WHERE  `provider_id` IN (1,2,3,4,5,6,7,8,9)  AND `valid` = 1 GROUP BY `provider_id` [ RunTime:0.140889s ]
[2023-02-15T21:02:28+08:00][sql] SHOW FULL COLUMNS FROM `wk_entrance` [ RunTime:0.088061s ]
[2023-02-15T21:02:28+08:00][sql] SELECT COUNT(id),`provider_id` FROM `wk_entrance` WHERE  `provider_id` IN (1,2,3,4,5,6,7,8,9) GROUP BY `provider_id` [ RunTime:0.097917s ]
[2023-02-15T21:02:48+08:00][sql] CONNECT:[ UseTime:0.133779s ] mysql:host=88.218.194.8;port=3306;dbname=webqrcode;charset=utf8mb4
[2023-02-15T21:02:48+08:00][sql] SHOW FULL COLUMNS FROM `wk_manager` [ RunTime:0.094563s ]
[2023-02-15T21:02:48+08:00][sql] SELECT `id` FROM `wk_manager` WHERE  `id` = 1  AND `relogin` = 0 LIMIT 1 [ RunTime:0.089190s ]
[2023-02-15T21:02:48+08:00][sql] SHOW FULL COLUMNS FROM `wk_entrance` [ RunTime:0.092004s ]
[2023-02-15T21:02:48+08:00][sql] SHOW FULL COLUMNS FROM `wk_provider` [ RunTime:0.096975s ]
[2023-02-15T21:02:48+08:00][sql] SELECT `e`.`id`,`e`.`qrcode_id`,`e`.`name`,`e`.`avatar`,`e`.`expire_date`,`e`.`members`,`e`.`im`,`e`.`hide`,`e`.`add_time`,`e`.`company`,`e`.`type`,`e`.`status` FROM `wk_entrance` `e` WHERE  `provider_id` IN (SELECT `id` FROM `wk_provider` WHERE  `manager_id` = 1)  AND `e`.`expire_date` >= NOW() ORDER BY `e`.`id` DESC LIMIT 0,20 [ RunTime:0.289147s ]
[2023-02-15T21:02:48+08:00][sql] SELECT COUNT(*) AS think_count FROM `wk_entrance` `e` WHERE  `provider_id` IN (SELECT `id` FROM `wk_provider` WHERE  `manager_id` = 1)  AND `e`.`expire_date` >= NOW() ORDER BY `e`.`id` DESC LIMIT 1 [ RunTime:0.146307s ]
[2023-02-15T21:02:53+08:00][sql] CONNECT:[ UseTime:0.124269s ] mysql:host=88.218.194.8;port=3306;dbname=webqrcode;charset=utf8mb4
[2023-02-15T21:02:53+08:00][sql] SHOW FULL COLUMNS FROM `wk_manager` [ RunTime:0.087053s ]
[2023-02-15T21:02:53+08:00][sql] SELECT `id` FROM `wk_manager` WHERE  `id` = 1  AND `relogin` = 0 LIMIT 1 [ RunTime:0.083790s ]
[2023-02-15T21:02:53+08:00][sql] SHOW FULL COLUMNS FROM `wk_qrcode` [ RunTime:0.088824s ]
[2023-02-15T21:02:53+08:00][sql] SHOW FULL COLUMNS FROM `wk_provider` [ RunTime:0.087076s ]
[2023-02-15T21:02:53+08:00][sql] SELECT q.id,q.provider_id,q.code,q.company,q.status,q.valid,q.valid_time,q.err_msg,q.add_time FROM `wk_qrcode` `q` WHERE  `q`.`provider_id` IN (SELECT `id` FROM `wk_provider` WHERE  `manager_id` = 1) GROUP BY `q`.`id` LIMIT 0,20 [ RunTime:0.286477s ]
[2023-02-15T21:02:53+08:00][sql] SELECT `username` FROM `wk_provider` WHERE  `id` = 1 LIMIT 1 [ RunTime:0.084169s ]
[2023-02-15T21:02:53+08:00][sql] SHOW FULL COLUMNS FROM `wk_entrance` [ RunTime:0.088125s ]
[2023-02-15T21:02:53+08:00][sql] SELECT `e`.`id`,`e`.`avatar`,`e`.`name`,`e`.`members`,`e`.`qr`,`e`.`expire_date`,`e`.`joinable_wc`,`e`.`add_time` FROM `wk_entrance` `e` WHERE  `e`.`qrcode_id` = '2' [ RunTime:0.083359s ]
[2023-02-15T21:02:53+08:00][sql] SELECT `username` FROM `wk_provider` WHERE  `id` = 1 LIMIT 1 [ RunTime:0.082047s ]
[2023-02-15T21:02:53+08:00][sql] SELECT `e`.`id`,`e`.`avatar`,`e`.`name`,`e`.`members`,`e`.`qr`,`e`.`expire_date`,`e`.`joinable_wc`,`e`.`add_time` FROM `wk_entrance` `e` WHERE  `e`.`qrcode_id` = '3' [ RunTime:0.083686s ]
[2023-02-15T21:02:53+08:00][sql] SELECT `username` FROM `wk_provider` WHERE  `id` = 1 LIMIT 1 [ RunTime:0.090139s ]
[2023-02-15T21:02:53+08:00][sql] SELECT `e`.`id`,`e`.`avatar`,`e`.`name`,`e`.`members`,`e`.`qr`,`e`.`expire_date`,`e`.`joinable_wc`,`e`.`add_time` FROM `wk_entrance` `e` WHERE  `e`.`qrcode_id` = '4' [ RunTime:0.083208s ]
[2023-02-15T21:02:53+08:00][sql] SELECT `username` FROM `wk_provider` WHERE  `id` = 1 LIMIT 1 [ RunTime:0.082137s ]
[2023-02-15T21:02:53+08:00][sql] SELECT `e`.`id`,`e`.`avatar`,`e`.`name`,`e`.`members`,`e`.`qr`,`e`.`expire_date`,`e`.`joinable_wc`,`e`.`add_time` FROM `wk_entrance` `e` WHERE  `e`.`qrcode_id` = '5' [ RunTime:0.087615s ]
[2023-02-15T21:02:53+08:00][sql] SELECT `username` FROM `wk_provider` WHERE  `id` = 1 LIMIT 1 [ RunTime:0.081665s ]
[2023-02-15T21:02:53+08:00][sql] SELECT `e`.`id`,`e`.`avatar`,`e`.`name`,`e`.`members`,`e`.`qr`,`e`.`expire_date`,`e`.`joinable_wc`,`e`.`add_time` FROM `wk_entrance` `e` WHERE  `e`.`qrcode_id` = '6' [ RunTime:0.082562s ]
[2023-02-15T21:02:53+08:00][sql] SELECT `username` FROM `wk_provider` WHERE  `id` = 1 LIMIT 1 [ RunTime:0.082416s ]
[2023-02-15T21:02:53+08:00][sql] SELECT `e`.`id`,`e`.`avatar`,`e`.`name`,`e`.`members`,`e`.`qr`,`e`.`expire_date`,`e`.`joinable_wc`,`e`.`add_time` FROM `wk_entrance` `e` WHERE  `e`.`qrcode_id` = '7' [ RunTime:0.082769s ]
[2023-02-15T21:02:53+08:00][sql] SELECT `username` FROM `wk_provider` WHERE  `id` = 1 LIMIT 1 [ RunTime:0.082348s ]
[2023-02-15T21:02:53+08:00][sql] SELECT `e`.`id`,`e`.`avatar`,`e`.`name`,`e`.`members`,`e`.`qr`,`e`.`expire_date`,`e`.`joinable_wc`,`e`.`add_time` FROM `wk_entrance` `e` WHERE  `e`.`qrcode_id` = '8' [ RunTime:0.082037s ]
[2023-02-15T21:02:53+08:00][sql] SELECT `username` FROM `wk_provider` WHERE  `id` = 1 LIMIT 1 [ RunTime:0.084926s ]
[2023-02-15T21:02:53+08:00][sql] SELECT `e`.`id`,`e`.`avatar`,`e`.`name`,`e`.`members`,`e`.`qr`,`e`.`expire_date`,`e`.`joinable_wc`,`e`.`add_time` FROM `wk_entrance` `e` WHERE  `e`.`qrcode_id` = '9' [ RunTime:0.083335s ]
[2023-02-15T21:02:53+08:00][sql] SELECT `username` FROM `wk_provider` WHERE  `id` = 1 LIMIT 1 [ RunTime:0.082693s ]
[2023-02-15T21:02:53+08:00][sql] SELECT `e`.`id`,`e`.`avatar`,`e`.`name`,`e`.`members`,`e`.`qr`,`e`.`expire_date`,`e`.`joinable_wc`,`e`.`add_time` FROM `wk_entrance` `e` WHERE  `e`.`qrcode_id` = '10' [ RunTime:0.083168s ]
[2023-02-15T21:02:53+08:00][sql] SELECT `username` FROM `wk_provider` WHERE  `id` = 1 LIMIT 1 [ RunTime:0.087194s ]
[2023-02-15T21:02:53+08:00][sql] SELECT `e`.`id`,`e`.`avatar`,`e`.`name`,`e`.`members`,`e`.`qr`,`e`.`expire_date`,`e`.`joinable_wc`,`e`.`add_time` FROM `wk_entrance` `e` WHERE  `e`.`qrcode_id` = '11' [ RunTime:0.087229s ]
[2023-02-15T21:02:53+08:00][sql] SELECT `username` FROM `wk_provider` WHERE  `id` = 1 LIMIT 1 [ RunTime:0.082660s ]
[2023-02-15T21:02:53+08:00][sql] SELECT `e`.`id`,`e`.`avatar`,`e`.`name`,`e`.`members`,`e`.`qr`,`e`.`expire_date`,`e`.`joinable_wc`,`e`.`add_time` FROM `wk_entrance` `e` WHERE  `e`.`qrcode_id` = '12' [ RunTime:0.082499s ]
[2023-02-15T21:02:53+08:00][sql] SELECT `username` FROM `wk_provider` WHERE  `id` = 1 LIMIT 1 [ RunTime:0.081927s ]
[2023-02-15T21:02:53+08:00][sql] SELECT `e`.`id`,`e`.`avatar`,`e`.`name`,`e`.`members`,`e`.`qr`,`e`.`expire_date`,`e`.`joinable_wc`,`e`.`add_time` FROM `wk_entrance` `e` WHERE  `e`.`qrcode_id` = '13' [ RunTime:0.086392s ]
[2023-02-15T21:02:53+08:00][sql] SELECT `username` FROM `wk_provider` WHERE  `id` = 1 LIMIT 1 [ RunTime:0.082407s ]
[2023-02-15T21:02:53+08:00][sql] SELECT `e`.`id`,`e`.`avatar`,`e`.`name`,`e`.`members`,`e`.`qr`,`e`.`expire_date`,`e`.`joinable_wc`,`e`.`add_time` FROM `wk_entrance` `e` WHERE  `e`.`qrcode_id` = '14' [ RunTime:0.082207s ]
[2023-02-15T21:02:53+08:00][sql] SELECT `username` FROM `wk_provider` WHERE  `id` = 1 LIMIT 1 [ RunTime:0.082478s ]
[2023-02-15T21:02:53+08:00][sql] SELECT `e`.`id`,`e`.`avatar`,`e`.`name`,`e`.`members`,`e`.`qr`,`e`.`expire_date`,`e`.`joinable_wc`,`e`.`add_time` FROM `wk_entrance` `e` WHERE  `e`.`qrcode_id` = '15' [ RunTime:0.082628s ]
[2023-02-15T21:02:53+08:00][sql] SELECT `username` FROM `wk_provider` WHERE  `id` = 1 LIMIT 1 [ RunTime:0.083133s ]
[2023-02-15T21:02:53+08:00][sql] SELECT `e`.`id`,`e`.`avatar`,`e`.`name`,`e`.`members`,`e`.`qr`,`e`.`expire_date`,`e`.`joinable_wc`,`e`.`add_time` FROM `wk_entrance` `e` WHERE  `e`.`qrcode_id` = '16' [ RunTime:0.083600s ]
[2023-02-15T21:02:53+08:00][sql] SELECT `username` FROM `wk_provider` WHERE  `id` = 1 LIMIT 1 [ RunTime:0.083105s ]
[2023-02-15T21:02:53+08:00][sql] SELECT `e`.`id`,`e`.`avatar`,`e`.`name`,`e`.`members`,`e`.`qr`,`e`.`expire_date`,`e`.`joinable_wc`,`e`.`add_time` FROM `wk_entrance` `e` WHERE  `e`.`qrcode_id` = '17' [ RunTime:0.082308s ]
[2023-02-15T21:02:53+08:00][sql] SELECT `username` FROM `wk_provider` WHERE  `id` = 1 LIMIT 1 [ RunTime:0.082274s ]
[2023-02-15T21:02:53+08:00][sql] SELECT `e`.`id`,`e`.`avatar`,`e`.`name`,`e`.`members`,`e`.`qr`,`e`.`expire_date`,`e`.`joinable_wc`,`e`.`add_time` FROM `wk_entrance` `e` WHERE  `e`.`qrcode_id` = '18' [ RunTime:0.083063s ]
[2023-02-15T21:02:53+08:00][sql] SELECT `username` FROM `wk_provider` WHERE  `id` = 1 LIMIT 1 [ RunTime:0.084227s ]
[2023-02-15T21:02:53+08:00][sql] SELECT `e`.`id`,`e`.`avatar`,`e`.`name`,`e`.`members`,`e`.`qr`,`e`.`expire_date`,`e`.`joinable_wc`,`e`.`add_time` FROM `wk_entrance` `e` WHERE  `e`.`qrcode_id` = '19' [ RunTime:0.082461s ]
[2023-02-15T21:02:53+08:00][sql] SELECT `username` FROM `wk_provider` WHERE  `id` = 1 LIMIT 1 [ RunTime:0.083402s ]
[2023-02-15T21:02:53+08:00][sql] SELECT `e`.`id`,`e`.`avatar`,`e`.`name`,`e`.`members`,`e`.`qr`,`e`.`expire_date`,`e`.`joinable_wc`,`e`.`add_time` FROM `wk_entrance` `e` WHERE  `e`.`qrcode_id` = '20' [ RunTime:0.085270s ]
[2023-02-15T21:02:53+08:00][sql] SELECT `username` FROM `wk_provider` WHERE  `id` = 1 LIMIT 1 [ RunTime:0.088618s ]
[2023-02-15T21:02:53+08:00][sql] SELECT `e`.`id`,`e`.`avatar`,`e`.`name`,`e`.`members`,`e`.`qr`,`e`.`expire_date`,`e`.`joinable_wc`,`e`.`add_time` FROM `wk_entrance` `e` WHERE  `e`.`qrcode_id` = '21' [ RunTime:0.082597s ]
[2023-02-15T21:02:53+08:00][sql] SELECT COUNT(*) AS think_count FROM `wk_qrcode` WHERE  `provider_id` IN (SELECT `id` FROM `wk_provider` WHERE  `manager_id` = 1) LIMIT 1 [ RunTime:0.093942s ]
[2023-02-15T21:04:01+08:00][sql] CONNECT:[ UseTime:0.146855s ] mysql:host=88.218.194.8;port=3306;dbname=webqrcode;charset=utf8mb4
[2023-02-15T21:04:01+08:00][sql] SHOW FULL COLUMNS FROM `wk_manager` [ RunTime:0.099573s ]
[2023-02-15T21:04:01+08:00][sql] SELECT `id` FROM `wk_manager` WHERE  `id` = 1  AND `relogin` = 0 LIMIT 1 [ RunTime:0.095686s ]
[2023-02-15T21:04:01+08:00][sql] SHOW FULL COLUMNS FROM `wk_qrcode` [ RunTime:0.102093s ]
[2023-02-15T21:04:01+08:00][sql] SHOW FULL COLUMNS FROM `wk_provider` [ RunTime:0.102600s ]
[2023-02-15T21:04:01+08:00][sql] SELECT q.id,q.provider_id,q.code,q.company,q.status,q.valid,q.valid_time,q.err_msg,q.add_time FROM `wk_qrcode` `q` WHERE  `q`.`provider_id` IN (SELECT `id` FROM `wk_provider` WHERE  `manager_id` = 1) GROUP BY `q`.`id` LIMIT 0,20 [ RunTime:0.345714s ]
[2023-02-15T21:04:01+08:00][sql] SELECT `username` FROM `wk_provider` WHERE  `id` = 1 LIMIT 1 [ RunTime:0.096316s ]
[2023-02-15T21:04:01+08:00][sql] SHOW FULL COLUMNS FROM `wk_entrance` [ RunTime:0.097968s ]
[2023-02-15T21:04:01+08:00][sql] SELECT `e`.`id`,`e`.`avatar`,`e`.`name`,`e`.`members`,`e`.`qr`,`e`.`expire_date`,`e`.`joinable_wc`,`e`.`add_time` FROM `wk_entrance` `e` WHERE  `e`.`qrcode_id` = '2' [ RunTime:0.096365s ]
[2023-02-15T21:04:01+08:00][sql] SELECT `username` FROM `wk_provider` WHERE  `id` = 1 LIMIT 1 [ RunTime:0.095064s ]
[2023-02-15T21:04:01+08:00][sql] SELECT `e`.`id`,`e`.`avatar`,`e`.`name`,`e`.`members`,`e`.`qr`,`e`.`expire_date`,`e`.`joinable_wc`,`e`.`add_time` FROM `wk_entrance` `e` WHERE  `e`.`qrcode_id` = '3' [ RunTime:0.094429s ]
[2023-02-15T21:04:01+08:00][sql] SELECT `username` FROM `wk_provider` WHERE  `id` = 1 LIMIT 1 [ RunTime:0.093188s ]
[2023-02-15T21:04:01+08:00][sql] SELECT `e`.`id`,`e`.`avatar`,`e`.`name`,`e`.`members`,`e`.`qr`,`e`.`expire_date`,`e`.`joinable_wc`,`e`.`add_time` FROM `wk_entrance` `e` WHERE  `e`.`qrcode_id` = '4' [ RunTime:0.094724s ]
[2023-02-15T21:04:01+08:00][sql] SELECT `username` FROM `wk_provider` WHERE  `id` = 1 LIMIT 1 [ RunTime:0.093977s ]
[2023-02-15T21:04:01+08:00][sql] SELECT `e`.`id`,`e`.`avatar`,`e`.`name`,`e`.`members`,`e`.`qr`,`e`.`expire_date`,`e`.`joinable_wc`,`e`.`add_time` FROM `wk_entrance` `e` WHERE  `e`.`qrcode_id` = '5' [ RunTime:0.095075s ]
[2023-02-15T21:04:01+08:00][sql] SELECT `username` FROM `wk_provider` WHERE  `id` = 1 LIMIT 1 [ RunTime:0.101117s ]
[2023-02-15T21:04:01+08:00][sql] SELECT `e`.`id`,`e`.`avatar`,`e`.`name`,`e`.`members`,`e`.`qr`,`e`.`expire_date`,`e`.`joinable_wc`,`e`.`add_time` FROM `wk_entrance` `e` WHERE  `e`.`qrcode_id` = '6' [ RunTime:0.095092s ]
[2023-02-15T21:04:01+08:00][sql] SELECT `username` FROM `wk_provider` WHERE  `id` = 1 LIMIT 1 [ RunTime:0.094587s ]
[2023-02-15T21:04:01+08:00][sql] SELECT `e`.`id`,`e`.`avatar`,`e`.`name`,`e`.`members`,`e`.`qr`,`e`.`expire_date`,`e`.`joinable_wc`,`e`.`add_time` FROM `wk_entrance` `e` WHERE  `e`.`qrcode_id` = '7' [ RunTime:0.094191s ]
[2023-02-15T21:04:01+08:00][sql] SELECT `username` FROM `wk_provider` WHERE  `id` = 1 LIMIT 1 [ RunTime:0.094556s ]
[2023-02-15T21:04:01+08:00][sql] SELECT `e`.`id`,`e`.`avatar`,`e`.`name`,`e`.`members`,`e`.`qr`,`e`.`expire_date`,`e`.`joinable_wc`,`e`.`add_time` FROM `wk_entrance` `e` WHERE  `e`.`qrcode_id` = '8' [ RunTime:0.095448s ]
[2023-02-15T21:04:01+08:00][sql] SELECT `username` FROM `wk_provider` WHERE  `id` = 1 LIMIT 1 [ RunTime:0.094708s ]
[2023-02-15T21:04:01+08:00][sql] SELECT `e`.`id`,`e`.`avatar`,`e`.`name`,`e`.`members`,`e`.`qr`,`e`.`expire_date`,`e`.`joinable_wc`,`e`.`add_time` FROM `wk_entrance` `e` WHERE  `e`.`qrcode_id` = '9' [ RunTime:0.096740s ]
[2023-02-15T21:04:01+08:00][sql] SELECT `username` FROM `wk_provider` WHERE  `id` = 1 LIMIT 1 [ RunTime:0.094971s ]
[2023-02-15T21:04:01+08:00][sql] SELECT `e`.`id`,`e`.`avatar`,`e`.`name`,`e`.`members`,`e`.`qr`,`e`.`expire_date`,`e`.`joinable_wc`,`e`.`add_time` FROM `wk_entrance` `e` WHERE  `e`.`qrcode_id` = '10' [ RunTime:0.095114s ]
[2023-02-15T21:04:01+08:00][sql] SELECT `username` FROM `wk_provider` WHERE  `id` = 1 LIMIT 1 [ RunTime:0.095842s ]
[2023-02-15T21:04:01+08:00][sql] SELECT `e`.`id`,`e`.`avatar`,`e`.`name`,`e`.`members`,`e`.`qr`,`e`.`expire_date`,`e`.`joinable_wc`,`e`.`add_time` FROM `wk_entrance` `e` WHERE  `e`.`qrcode_id` = '11' [ RunTime:0.095278s ]
[2023-02-15T21:04:01+08:00][sql] SELECT `username` FROM `wk_provider` WHERE  `id` = 1 LIMIT 1 [ RunTime:0.096418s ]
[2023-02-15T21:04:01+08:00][sql] SELECT `e`.`id`,`e`.`avatar`,`e`.`name`,`e`.`members`,`e`.`qr`,`e`.`expire_date`,`e`.`joinable_wc`,`e`.`add_time` FROM `wk_entrance` `e` WHERE  `e`.`qrcode_id` = '12' [ RunTime:0.094120s ]
[2023-02-15T21:04:01+08:00][sql] SELECT `username` FROM `wk_provider` WHERE  `id` = 1 LIMIT 1 [ RunTime:0.093910s ]
[2023-02-15T21:04:01+08:00][sql] SELECT `e`.`id`,`e`.`avatar`,`e`.`name`,`e`.`members`,`e`.`qr`,`e`.`expire_date`,`e`.`joinable_wc`,`e`.`add_time` FROM `wk_entrance` `e` WHERE  `e`.`qrcode_id` = '13' [ RunTime:0.095365s ]
[2023-02-15T21:04:01+08:00][sql] SELECT `username` FROM `wk_provider` WHERE  `id` = 1 LIMIT 1 [ RunTime:0.096458s ]
[2023-02-15T21:04:01+08:00][sql] SELECT `e`.`id`,`e`.`avatar`,`e`.`name`,`e`.`members`,`e`.`qr`,`e`.`expire_date`,`e`.`joinable_wc`,`e`.`add_time` FROM `wk_entrance` `e` WHERE  `e`.`qrcode_id` = '14' [ RunTime:0.094230s ]
[2023-02-15T21:04:01+08:00][sql] SELECT `username` FROM `wk_provider` WHERE  `id` = 1 LIMIT 1 [ RunTime:0.095169s ]
[2023-02-15T21:04:01+08:00][sql] SELECT `e`.`id`,`e`.`avatar`,`e`.`name`,`e`.`members`,`e`.`qr`,`e`.`expire_date`,`e`.`joinable_wc`,`e`.`add_time` FROM `wk_entrance` `e` WHERE  `e`.`qrcode_id` = '15' [ RunTime:0.094744s ]
[2023-02-15T21:04:01+08:00][sql] SELECT `username` FROM `wk_provider` WHERE  `id` = 1 LIMIT 1 [ RunTime:0.093952s ]
[2023-02-15T21:04:01+08:00][sql] SELECT `e`.`id`,`e`.`avatar`,`e`.`name`,`e`.`members`,`e`.`qr`,`e`.`expire_date`,`e`.`joinable_wc`,`e`.`add_time` FROM `wk_entrance` `e` WHERE  `e`.`qrcode_id` = '16' [ RunTime:0.095093s ]
[2023-02-15T21:04:01+08:00][sql] SELECT `username` FROM `wk_provider` WHERE  `id` = 1 LIMIT 1 [ RunTime:0.095074s ]
[2023-02-15T21:04:01+08:00][sql] SELECT `e`.`id`,`e`.`avatar`,`e`.`name`,`e`.`members`,`e`.`qr`,`e`.`expire_date`,`e`.`joinable_wc`,`e`.`add_time` FROM `wk_entrance` `e` WHERE  `e`.`qrcode_id` = '17' [ RunTime:0.095565s ]
[2023-02-15T21:04:01+08:00][sql] SELECT `username` FROM `wk_provider` WHERE  `id` = 1 LIMIT 1 [ RunTime:0.094698s ]
[2023-02-15T21:04:01+08:00][sql] SELECT `e`.`id`,`e`.`avatar`,`e`.`name`,`e`.`members`,`e`.`qr`,`e`.`expire_date`,`e`.`joinable_wc`,`e`.`add_time` FROM `wk_entrance` `e` WHERE  `e`.`qrcode_id` = '18' [ RunTime:0.094040s ]
[2023-02-15T21:04:01+08:00][sql] SELECT `username` FROM `wk_provider` WHERE  `id` = 1 LIMIT 1 [ RunTime:0.095433s ]
[2023-02-15T21:04:01+08:00][sql] SELECT `e`.`id`,`e`.`avatar`,`e`.`name`,`e`.`members`,`e`.`qr`,`e`.`expire_date`,`e`.`joinable_wc`,`e`.`add_time` FROM `wk_entrance` `e` WHERE  `e`.`qrcode_id` = '19' [ RunTime:0.095700s ]
[2023-02-15T21:04:01+08:00][sql] SELECT `username` FROM `wk_provider` WHERE  `id` = 1 LIMIT 1 [ RunTime:0.094118s ]
[2023-02-15T21:04:01+08:00][sql] SELECT `e`.`id`,`e`.`avatar`,`e`.`name`,`e`.`members`,`e`.`qr`,`e`.`expire_date`,`e`.`joinable_wc`,`e`.`add_time` FROM `wk_entrance` `e` WHERE  `e`.`qrcode_id` = '20' [ RunTime:0.096585s ]
[2023-02-15T21:04:01+08:00][sql] SELECT `username` FROM `wk_provider` WHERE  `id` = 1 LIMIT 1 [ RunTime:0.097074s ]
[2023-02-15T21:04:01+08:00][sql] SELECT `e`.`id`,`e`.`avatar`,`e`.`name`,`e`.`members`,`e`.`qr`,`e`.`expire_date`,`e`.`joinable_wc`,`e`.`add_time` FROM `wk_entrance` `e` WHERE  `e`.`qrcode_id` = '21' [ RunTime:0.108181s ]
[2023-02-15T21:04:01+08:00][sql] SELECT COUNT(*) AS think_count FROM `wk_qrcode` WHERE  `provider_id` IN (SELECT `id` FROM `wk_provider` WHERE  `manager_id` = 1) LIMIT 1 [ RunTime:0.116726s ]
[2023-02-15T21:04:09+08:00][sql] CONNECT:[ UseTime:0.156574s ] mysql:host=88.218.194.8;port=3306;dbname=webqrcode;charset=utf8mb4
[2023-02-15T21:04:09+08:00][sql] SHOW FULL COLUMNS FROM `wk_manager` [ RunTime:0.109282s ]
[2023-02-15T21:04:09+08:00][sql] SELECT `id` FROM `wk_manager` WHERE  `id` = 1  AND `relogin` = 0 LIMIT 1 [ RunTime:0.104378s ]
[2023-02-15T21:04:09+08:00][sql] SHOW FULL COLUMNS FROM `wk_qrcode` [ RunTime:0.107973s ]
[2023-02-15T21:04:09+08:00][sql] SHOW FULL COLUMNS FROM `wk_provider` [ RunTime:0.107154s ]
[2023-02-15T21:04:09+08:00][sql] SELECT q.id,q.provider_id,q.code,q.company,q.status,q.valid,q.valid_time,q.err_msg,q.add_time FROM `wk_qrcode` `q` WHERE  `q`.`provider_id` IN (SELECT `id` FROM `wk_provider` WHERE  `manager_id` = 1) GROUP BY `q`.`id` LIMIT 0,20 [ RunTime:0.285541s ]
[2023-02-15T21:04:09+08:00][sql] SELECT `username` FROM `wk_provider` WHERE  `id` = 1 LIMIT 1 [ RunTime:0.112618s ]
[2023-02-15T21:04:09+08:00][sql] SHOW FULL COLUMNS FROM `wk_entrance` [ RunTime:0.105602s ]
[2023-02-15T21:04:09+08:00][sql] SELECT `e`.`id`,`e`.`avatar`,`e`.`name`,`e`.`members`,`e`.`qr`,`e`.`expire_date`,`e`.`joinable_wc`,`e`.`add_time` FROM `wk_entrance` `e` WHERE  `e`.`qrcode_id` = '2' [ RunTime:0.101685s ]
[2023-02-15T21:04:09+08:00][sql] SELECT `username` FROM `wk_provider` WHERE  `id` = 1 LIMIT 1 [ RunTime:0.102191s ]
[2023-02-15T21:04:09+08:00][sql] SELECT `e`.`id`,`e`.`avatar`,`e`.`name`,`e`.`members`,`e`.`qr`,`e`.`expire_date`,`e`.`joinable_wc`,`e`.`add_time` FROM `wk_entrance` `e` WHERE  `e`.`qrcode_id` = '3' [ RunTime:0.102096s ]
[2023-02-15T21:04:09+08:00][sql] SELECT `username` FROM `wk_provider` WHERE  `id` = 1 LIMIT 1 [ RunTime:0.105786s ]
[2023-02-15T21:04:09+08:00][sql] SELECT `e`.`id`,`e`.`avatar`,`e`.`name`,`e`.`members`,`e`.`qr`,`e`.`expire_date`,`e`.`joinable_wc`,`e`.`add_time` FROM `wk_entrance` `e` WHERE  `e`.`qrcode_id` = '4' [ RunTime:0.108528s ]
[2023-02-15T21:04:09+08:00][sql] SELECT `username` FROM `wk_provider` WHERE  `id` = 1 LIMIT 1 [ RunTime:0.103278s ]
[2023-02-15T21:04:09+08:00][sql] SELECT `e`.`id`,`e`.`avatar`,`e`.`name`,`e`.`members`,`e`.`qr`,`e`.`expire_date`,`e`.`joinable_wc`,`e`.`add_time` FROM `wk_entrance` `e` WHERE  `e`.`qrcode_id` = '5' [ RunTime:0.115044s ]
[2023-02-15T21:04:09+08:00][sql] SELECT `username` FROM `wk_provider` WHERE  `id` = 1 LIMIT 1 [ RunTime:0.109560s ]
[2023-02-15T21:04:09+08:00][sql] SELECT `e`.`id`,`e`.`avatar`,`e`.`name`,`e`.`members`,`e`.`qr`,`e`.`expire_date`,`e`.`joinable_wc`,`e`.`add_time` FROM `wk_entrance` `e` WHERE  `e`.`qrcode_id` = '6' [ RunTime:0.111993s ]
[2023-02-15T21:04:09+08:00][sql] SELECT `username` FROM `wk_provider` WHERE  `id` = 1 LIMIT 1 [ RunTime:0.102516s ]
[2023-02-15T21:04:09+08:00][sql] SELECT `e`.`id`,`e`.`avatar`,`e`.`name`,`e`.`members`,`e`.`qr`,`e`.`expire_date`,`e`.`joinable_wc`,`e`.`add_time` FROM `wk_entrance` `e` WHERE  `e`.`qrcode_id` = '7' [ RunTime:0.101834s ]
[2023-02-15T21:04:09+08:00][sql] SELECT `username` FROM `wk_provider` WHERE  `id` = 1 LIMIT 1 [ RunTime:0.106324s ]
[2023-02-15T21:04:09+08:00][sql] SELECT `e`.`id`,`e`.`avatar`,`e`.`name`,`e`.`members`,`e`.`qr`,`e`.`expire_date`,`e`.`joinable_wc`,`e`.`add_time` FROM `wk_entrance` `e` WHERE  `e`.`qrcode_id` = '8' [ RunTime:0.102994s ]
[2023-02-15T21:04:09+08:00][sql] SELECT `username` FROM `wk_provider` WHERE  `id` = 1 LIMIT 1 [ RunTime:0.102397s ]
[2023-02-15T21:04:09+08:00][sql] SELECT `e`.`id`,`e`.`avatar`,`e`.`name`,`e`.`members`,`e`.`qr`,`e`.`expire_date`,`e`.`joinable_wc`,`e`.`add_time` FROM `wk_entrance` `e` WHERE  `e`.`qrcode_id` = '9' [ RunTime:0.102444s ]
[2023-02-15T21:04:09+08:00][sql] SELECT `username` FROM `wk_provider` WHERE  `id` = 1 LIMIT 1 [ RunTime:0.102150s ]
[2023-02-15T21:04:09+08:00][sql] SELECT `e`.`id`,`e`.`avatar`,`e`.`name`,`e`.`members`,`e`.`qr`,`e`.`expire_date`,`e`.`joinable_wc`,`e`.`add_time` FROM `wk_entrance` `e` WHERE  `e`.`qrcode_id` = '10' [ RunTime:0.101638s ]
[2023-02-15T21:04:09+08:00][sql] SELECT `username` FROM `wk_provider` WHERE  `id` = 1 LIMIT 1 [ RunTime:0.102802s ]
[2023-02-15T21:04:09+08:00][sql] SELECT `e`.`id`,`e`.`avatar`,`e`.`name`,`e`.`members`,`e`.`qr`,`e`.`expire_date`,`e`.`joinable_wc`,`e`.`add_time` FROM `wk_entrance` `e` WHERE  `e`.`qrcode_id` = '11' [ RunTime:0.105146s ]
[2023-02-15T21:04:09+08:00][sql] SELECT `username` FROM `wk_provider` WHERE  `id` = 1 LIMIT 1 [ RunTime:0.110519s ]
[2023-02-15T21:04:09+08:00][sql] SELECT `e`.`id`,`e`.`avatar`,`e`.`name`,`e`.`members`,`e`.`qr`,`e`.`expire_date`,`e`.`joinable_wc`,`e`.`add_time` FROM `wk_entrance` `e` WHERE  `e`.`qrcode_id` = '12' [ RunTime:0.103243s ]
[2023-02-15T21:04:09+08:00][sql] SELECT `username` FROM `wk_provider` WHERE  `id` = 1 LIMIT 1 [ RunTime:0.102033s ]
[2023-02-15T21:04:09+08:00][sql] SELECT `e`.`id`,`e`.`avatar`,`e`.`name`,`e`.`members`,`e`.`qr`,`e`.`expire_date`,`e`.`joinable_wc`,`e`.`add_time` FROM `wk_entrance` `e` WHERE  `e`.`qrcode_id` = '13' [ RunTime:0.109174s ]
[2023-02-15T21:04:09+08:00][sql] SELECT `username` FROM `wk_provider` WHERE  `id` = 1 LIMIT 1 [ RunTime:0.102060s ]
[2023-02-15T21:04:09+08:00][sql] SELECT `e`.`id`,`e`.`avatar`,`e`.`name`,`e`.`members`,`e`.`qr`,`e`.`expire_date`,`e`.`joinable_wc`,`e`.`add_time` FROM `wk_entrance` `e` WHERE  `e`.`qrcode_id` = '14' [ RunTime:0.101388s ]
[2023-02-15T21:04:09+08:00][sql] SELECT `username` FROM `wk_provider` WHERE  `id` = 1 LIMIT 1 [ RunTime:0.104015s ]
[2023-02-15T21:04:09+08:00][sql] SELECT `e`.`id`,`e`.`avatar`,`e`.`name`,`e`.`members`,`e`.`qr`,`e`.`expire_date`,`e`.`joinable_wc`,`e`.`add_time` FROM `wk_entrance` `e` WHERE  `e`.`qrcode_id` = '15' [ RunTime:0.101966s ]
[2023-02-15T21:04:09+08:00][sql] SELECT `username` FROM `wk_provider` WHERE  `id` = 1 LIMIT 1 [ RunTime:0.101559s ]
[2023-02-15T21:04:09+08:00][sql] SELECT `e`.`id`,`e`.`avatar`,`e`.`name`,`e`.`members`,`e`.`qr`,`e`.`expire_date`,`e`.`joinable_wc`,`e`.`add_time` FROM `wk_entrance` `e` WHERE  `e`.`qrcode_id` = '16' [ RunTime:0.103097s ]
[2023-02-15T21:04:09+08:00][sql] SELECT `username` FROM `wk_provider` WHERE  `id` = 1 LIMIT 1 [ RunTime:0.102418s ]
[2023-02-15T21:04:09+08:00][sql] SELECT `e`.`id`,`e`.`avatar`,`e`.`name`,`e`.`members`,`e`.`qr`,`e`.`expire_date`,`e`.`joinable_wc`,`e`.`add_time` FROM `wk_entrance` `e` WHERE  `e`.`qrcode_id` = '17' [ RunTime:0.101654s ]
[2023-02-15T21:04:09+08:00][sql] SELECT `username` FROM `wk_provider` WHERE  `id` = 1 LIMIT 1 [ RunTime:0.102323s ]
[2023-02-15T21:04:09+08:00][sql] SELECT `e`.`id`,`e`.`avatar`,`e`.`name`,`e`.`members`,`e`.`qr`,`e`.`expire_date`,`e`.`joinable_wc`,`e`.`add_time` FROM `wk_entrance` `e` WHERE  `e`.`qrcode_id` = '18' [ RunTime:0.101934s ]
[2023-02-15T21:04:09+08:00][sql] SELECT `username` FROM `wk_provider` WHERE  `id` = 1 LIMIT 1 [ RunTime:0.101984s ]
[2023-02-15T21:04:09+08:00][sql] SELECT `e`.`id`,`e`.`avatar`,`e`.`name`,`e`.`members`,`e`.`qr`,`e`.`expire_date`,`e`.`joinable_wc`,`e`.`add_time` FROM `wk_entrance` `e` WHERE  `e`.`qrcode_id` = '19' [ RunTime:0.104504s ]
[2023-02-15T21:04:09+08:00][sql] SELECT `username` FROM `wk_provider` WHERE  `id` = 1 LIMIT 1 [ RunTime:0.102918s ]
[2023-02-15T21:04:09+08:00][sql] SELECT `e`.`id`,`e`.`avatar`,`e`.`name`,`e`.`members`,`e`.`qr`,`e`.`expire_date`,`e`.`joinable_wc`,`e`.`add_time` FROM `wk_entrance` `e` WHERE  `e`.`qrcode_id` = '20' [ RunTime:0.101433s ]
[2023-02-15T21:04:09+08:00][sql] SELECT `username` FROM `wk_provider` WHERE  `id` = 1 LIMIT 1 [ RunTime:0.101907s ]
[2023-02-15T21:04:09+08:00][sql] SELECT `e`.`id`,`e`.`avatar`,`e`.`name`,`e`.`members`,`e`.`qr`,`e`.`expire_date`,`e`.`joinable_wc`,`e`.`add_time` FROM `wk_entrance` `e` WHERE  `e`.`qrcode_id` = '21' [ RunTime:0.105096s ]
[2023-02-15T21:04:09+08:00][sql] SELECT COUNT(*) AS think_count FROM `wk_qrcode` WHERE  `provider_id` IN (SELECT `id` FROM `wk_provider` WHERE  `manager_id` = 1) LIMIT 1 [ RunTime:0.120992s ]
[2023-02-15T21:04:24+08:00][sql] CONNECT:[ UseTime:0.135041s ] mysql:host=88.218.194.8;port=3306;dbname=webqrcode;charset=utf8mb4
[2023-02-15T21:04:24+08:00][sql] SHOW FULL COLUMNS FROM `wk_manager` [ RunTime:0.094809s ]
[2023-02-15T21:04:24+08:00][sql] SELECT `id` FROM `wk_manager` WHERE  `id` = 1  AND `relogin` = 0 LIMIT 1 [ RunTime:0.090033s ]
[2023-02-15T21:04:24+08:00][sql] SHOW FULL COLUMNS FROM `wk_exchange` [ RunTime:0.094809s ]
[2023-02-15T21:04:24+08:00][sql] SELECT `e`.`id`,`e`.`qrcode_id`,`e`.`name`,`e`.`avatar`,`e`.`expire_date`,`e`.`members`,`e`.`im`,`e`.`hide`,`e`.`add_time`,`e`.`company`,`e`.`type`,COUNT(DISTINCT b.id) buy_cnt,`e`.`status`,MAX(m.username) from_username FROM `wk_exchange` `ex` LEFT JOIN `wk_entrance` `e` ON `e`.`id`=`ex`.`entrance_id` LEFT JOIN `wk_manager` `m` ON `m`.`id`=`ex`.`from_manager_id` LEFT JOIN `wk_buy` `b` ON `b`.`entrance_id`=`e`.`id` WHERE  `ex`.`to_manager_id` = '1' GROUP BY `e`.`id` ORDER BY `e`.`id` DESC LIMIT 0,20 [ RunTime:0.092503s ]
[2023-02-15T21:04:24+08:00][sql] SELECT COUNT(*) AS think_count FROM ( SELECT count(*) AS think_count FROM `wk_exchange` `ex` LEFT JOIN `wk_entrance` `e` ON `e`.`id`=`ex`.`entrance_id` LEFT JOIN `wk_manager` `m` ON `m`.`id`=`ex`.`from_manager_id` LEFT JOIN `wk_buy` `b` ON `b`.`entrance_id`=`e`.`id` WHERE  `ex`.`to_manager_id` = '1' GROUP BY `e`.`id` ORDER BY `e`.`id` DESC LIMIT 0,20 ) `_group_count_` LIMIT 1 [ RunTime:0.089838s ]
[2023-02-15T21:04:27+08:00][sql] CONNECT:[ UseTime:0.126618s ] mysql:host=88.218.194.8;port=3306;dbname=webqrcode;charset=utf8mb4
[2023-02-15T21:04:27+08:00][sql] SHOW FULL COLUMNS FROM `wk_manager` [ RunTime:0.087790s ]
[2023-02-15T21:04:27+08:00][sql] SELECT `id` FROM `wk_manager` WHERE  `id` = 1  AND `relogin` = 0 LIMIT 1 [ RunTime:0.084420s ]
[2023-02-15T21:04:27+08:00][sql] SHOW FULL COLUMNS FROM `wk_entrance` [ RunTime:0.087024s ]
[2023-02-15T21:04:27+08:00][sql] SHOW FULL COLUMNS FROM `wk_provider` [ RunTime:0.085771s ]
[2023-02-15T21:04:27+08:00][sql] SELECT `e`.`id`,`e`.`qrcode_id`,`e`.`name`,`e`.`avatar`,`e`.`expire_date`,`e`.`members`,`e`.`im`,`e`.`hide`,`e`.`add_time`,`e`.`company`,`e`.`type`,`e`.`status` FROM `wk_entrance` `e` WHERE  `provider_id` IN (SELECT `id` FROM `wk_provider` WHERE  `manager_id` = 1)  AND `e`.`expire_date` >= NOW() ORDER BY `e`.`id` DESC LIMIT 0,20 [ RunTime:0.257178s ]
[2023-02-15T21:04:27+08:00][sql] SELECT COUNT(*) AS think_count FROM `wk_entrance` `e` WHERE  `provider_id` IN (SELECT `id` FROM `wk_provider` WHERE  `manager_id` = 1)  AND `e`.`expire_date` >= NOW() ORDER BY `e`.`id` DESC LIMIT 1 [ RunTime:0.135785s ]
[2023-02-15T21:04:28+08:00][sql] CONNECT:[ UseTime:0.145319s ] mysql:host=88.218.194.8;port=3306;dbname=webqrcode;charset=utf8mb4
[2023-02-15T21:04:28+08:00][sql] SHOW FULL COLUMNS FROM `wk_manager` [ RunTime:0.099086s ]
[2023-02-15T21:04:28+08:00][sql] SELECT `id` FROM `wk_manager` WHERE  `id` = 1  AND `relogin` = 0 LIMIT 1 [ RunTime:0.098245s ]
[2023-02-15T21:04:28+08:00][sql] SHOW FULL COLUMNS FROM `wk_qrcode` [ RunTime:0.102150s ]
[2023-02-15T21:04:28+08:00][sql] SHOW FULL COLUMNS FROM `wk_provider` [ RunTime:0.099882s ]
[2023-02-15T21:04:28+08:00][sql] SELECT q.id,q.provider_id,q.code,q.company,q.status,q.valid,q.valid_time,q.err_msg,q.add_time FROM `wk_qrcode` `q` WHERE  `q`.`provider_id` IN (SELECT `id` FROM `wk_provider` WHERE  `manager_id` = 1) GROUP BY `q`.`id` LIMIT 0,20 [ RunTime:0.281494s ]
[2023-02-15T21:04:28+08:00][sql] SELECT `username` FROM `wk_provider` WHERE  `id` = 1 LIMIT 1 [ RunTime:0.097585s ]
[2023-02-15T21:04:28+08:00][sql] SHOW FULL COLUMNS FROM `wk_entrance` [ RunTime:0.104646s ]
[2023-02-15T21:04:28+08:00][sql] SELECT `e`.`id`,`e`.`avatar`,`e`.`name`,`e`.`members`,`e`.`qr`,`e`.`expire_date`,`e`.`joinable_wc`,`e`.`add_time` FROM `wk_entrance` `e` WHERE  `e`.`qrcode_id` = '2' [ RunTime:0.099733s ]
[2023-02-15T21:04:28+08:00][sql] SELECT `username` FROM `wk_provider` WHERE  `id` = 1 LIMIT 1 [ RunTime:0.096347s ]
[2023-02-15T21:04:28+08:00][sql] SELECT `e`.`id`,`e`.`avatar`,`e`.`name`,`e`.`members`,`e`.`qr`,`e`.`expire_date`,`e`.`joinable_wc`,`e`.`add_time` FROM `wk_entrance` `e` WHERE  `e`.`qrcode_id` = '3' [ RunTime:0.103122s ]
[2023-02-15T21:04:28+08:00][sql] SELECT `username` FROM `wk_provider` WHERE  `id` = 1 LIMIT 1 [ RunTime:0.114501s ]
[2023-02-15T21:04:28+08:00][sql] SELECT `e`.`id`,`e`.`avatar`,`e`.`name`,`e`.`members`,`e`.`qr`,`e`.`expire_date`,`e`.`joinable_wc`,`e`.`add_time` FROM `wk_entrance` `e` WHERE  `e`.`qrcode_id` = '4' [ RunTime:0.097548s ]
[2023-02-15T21:04:28+08:00][sql] SELECT `username` FROM `wk_provider` WHERE  `id` = 1 LIMIT 1 [ RunTime:0.096245s ]
[2023-02-15T21:04:28+08:00][sql] SELECT `e`.`id`,`e`.`avatar`,`e`.`name`,`e`.`members`,`e`.`qr`,`e`.`expire_date`,`e`.`joinable_wc`,`e`.`add_time` FROM `wk_entrance` `e` WHERE  `e`.`qrcode_id` = '5' [ RunTime:0.098964s ]
[2023-02-15T21:04:28+08:00][sql] SELECT `username` FROM `wk_provider` WHERE  `id` = 1 LIMIT 1 [ RunTime:0.097803s ]
[2023-02-15T21:04:28+08:00][sql] SELECT `e`.`id`,`e`.`avatar`,`e`.`name`,`e`.`members`,`e`.`qr`,`e`.`expire_date`,`e`.`joinable_wc`,`e`.`add_time` FROM `wk_entrance` `e` WHERE  `e`.`qrcode_id` = '6' [ RunTime:0.096415s ]
[2023-02-15T21:04:28+08:00][sql] SELECT `username` FROM `wk_provider` WHERE  `id` = 1 LIMIT 1 [ RunTime:0.096836s ]
[2023-02-15T21:04:28+08:00][sql] SELECT `e`.`id`,`e`.`avatar`,`e`.`name`,`e`.`members`,`e`.`qr`,`e`.`expire_date`,`e`.`joinable_wc`,`e`.`add_time` FROM `wk_entrance` `e` WHERE  `e`.`qrcode_id` = '7' [ RunTime:0.096968s ]
[2023-02-15T21:04:28+08:00][sql] SELECT `username` FROM `wk_provider` WHERE  `id` = 1 LIMIT 1 [ RunTime:0.096507s ]
[2023-02-15T21:04:28+08:00][sql] SELECT `e`.`id`,`e`.`avatar`,`e`.`name`,`e`.`members`,`e`.`qr`,`e`.`expire_date`,`e`.`joinable_wc`,`e`.`add_time` FROM `wk_entrance` `e` WHERE  `e`.`qrcode_id` = '8' [ RunTime:0.098132s ]
[2023-02-15T21:04:28+08:00][sql] SELECT `username` FROM `wk_provider` WHERE  `id` = 1 LIMIT 1 [ RunTime:0.098811s ]
[2023-02-15T21:04:28+08:00][sql] SELECT `e`.`id`,`e`.`avatar`,`e`.`name`,`e`.`members`,`e`.`qr`,`e`.`expire_date`,`e`.`joinable_wc`,`e`.`add_time` FROM `wk_entrance` `e` WHERE  `e`.`qrcode_id` = '9' [ RunTime:0.096085s ]
[2023-02-15T21:04:28+08:00][sql] SELECT `username` FROM `wk_provider` WHERE  `id` = 1 LIMIT 1 [ RunTime:0.099100s ]
[2023-02-15T21:04:28+08:00][sql] SELECT `e`.`id`,`e`.`avatar`,`e`.`name`,`e`.`members`,`e`.`qr`,`e`.`expire_date`,`e`.`joinable_wc`,`e`.`add_time` FROM `wk_entrance` `e` WHERE  `e`.`qrcode_id` = '10' [ RunTime:0.096238s ]
[2023-02-15T21:04:28+08:00][sql] SELECT `username` FROM `wk_provider` WHERE  `id` = 1 LIMIT 1 [ RunTime:0.097013s ]
[2023-02-15T21:04:28+08:00][sql] SELECT `e`.`id`,`e`.`avatar`,`e`.`name`,`e`.`members`,`e`.`qr`,`e`.`expire_date`,`e`.`joinable_wc`,`e`.`add_time` FROM `wk_entrance` `e` WHERE  `e`.`qrcode_id` = '11' [ RunTime:0.096275s ]
[2023-02-15T21:04:28+08:00][sql] SELECT `username` FROM `wk_provider` WHERE  `id` = 1 LIMIT 1 [ RunTime:0.100338s ]
[2023-02-15T21:04:28+08:00][sql] SELECT `e`.`id`,`e`.`avatar`,`e`.`name`,`e`.`members`,`e`.`qr`,`e`.`expire_date`,`e`.`joinable_wc`,`e`.`add_time` FROM `wk_entrance` `e` WHERE  `e`.`qrcode_id` = '12' [ RunTime:0.100129s ]
[2023-02-15T21:04:28+08:00][sql] SELECT `username` FROM `wk_provider` WHERE  `id` = 1 LIMIT 1 [ RunTime:0.096175s ]
[2023-02-15T21:04:28+08:00][sql] SELECT `e`.`id`,`e`.`avatar`,`e`.`name`,`e`.`members`,`e`.`qr`,`e`.`expire_date`,`e`.`joinable_wc`,`e`.`add_time` FROM `wk_entrance` `e` WHERE  `e`.`qrcode_id` = '13' [ RunTime:0.098903s ]
[2023-02-15T21:04:28+08:00][sql] SELECT `username` FROM `wk_provider` WHERE  `id` = 1 LIMIT 1 [ RunTime:0.096515s ]
[2023-02-15T21:04:28+08:00][sql] SELECT `e`.`id`,`e`.`avatar`,`e`.`name`,`e`.`members`,`e`.`qr`,`e`.`expire_date`,`e`.`joinable_wc`,`e`.`add_time` FROM `wk_entrance` `e` WHERE  `e`.`qrcode_id` = '14' [ RunTime:0.095777s ]
[2023-02-15T21:04:28+08:00][sql] SELECT `username` FROM `wk_provider` WHERE  `id` = 1 LIMIT 1 [ RunTime:0.095718s ]
[2023-02-15T21:04:28+08:00][sql] SELECT `e`.`id`,`e`.`avatar`,`e`.`name`,`e`.`members`,`e`.`qr`,`e`.`expire_date`,`e`.`joinable_wc`,`e`.`add_time` FROM `wk_entrance` `e` WHERE  `e`.`qrcode_id` = '15' [ RunTime:0.096693s ]
[2023-02-15T21:04:28+08:00][sql] SELECT `username` FROM `wk_provider` WHERE  `id` = 1 LIMIT 1 [ RunTime:0.100337s ]
[2023-02-15T21:04:28+08:00][sql] SELECT `e`.`id`,`e`.`avatar`,`e`.`name`,`e`.`members`,`e`.`qr`,`e`.`expire_date`,`e`.`joinable_wc`,`e`.`add_time` FROM `wk_entrance` `e` WHERE  `e`.`qrcode_id` = '16' [ RunTime:0.097191s ]
[2023-02-15T21:04:28+08:00][sql] SELECT `username` FROM `wk_provider` WHERE  `id` = 1 LIMIT 1 [ RunTime:0.096131s ]
[2023-02-15T21:04:28+08:00][sql] SELECT `e`.`id`,`e`.`avatar`,`e`.`name`,`e`.`members`,`e`.`qr`,`e`.`expire_date`,`e`.`joinable_wc`,`e`.`add_time` FROM `wk_entrance` `e` WHERE  `e`.`qrcode_id` = '17' [ RunTime:0.096655s ]
[2023-02-15T21:04:28+08:00][sql] SELECT `username` FROM `wk_provider` WHERE  `id` = 1 LIMIT 1 [ RunTime:0.096062s ]
[2023-02-15T21:04:28+08:00][sql] SELECT `e`.`id`,`e`.`avatar`,`e`.`name`,`e`.`members`,`e`.`qr`,`e`.`expire_date`,`e`.`joinable_wc`,`e`.`add_time` FROM `wk_entrance` `e` WHERE  `e`.`qrcode_id` = '18' [ RunTime:0.096575s ]
[2023-02-15T21:04:28+08:00][sql] SELECT `username` FROM `wk_provider` WHERE  `id` = 1 LIMIT 1 [ RunTime:0.096128s ]
[2023-02-15T21:04:28+08:00][sql] SELECT `e`.`id`,`e`.`avatar`,`e`.`name`,`e`.`members`,`e`.`qr`,`e`.`expire_date`,`e`.`joinable_wc`,`e`.`add_time` FROM `wk_entrance` `e` WHERE  `e`.`qrcode_id` = '19' [ RunTime:0.096616s ]
[2023-02-15T21:04:28+08:00][sql] SELECT `username` FROM `wk_provider` WHERE  `id` = 1 LIMIT 1 [ RunTime:0.095175s ]
[2023-02-15T21:04:28+08:00][sql] SELECT `e`.`id`,`e`.`avatar`,`e`.`name`,`e`.`members`,`e`.`qr`,`e`.`expire_date`,`e`.`joinable_wc`,`e`.`add_time` FROM `wk_entrance` `e` WHERE  `e`.`qrcode_id` = '20' [ RunTime:0.096332s ]
[2023-02-15T21:04:28+08:00][sql] SELECT `username` FROM `wk_provider` WHERE  `id` = 1 LIMIT 1 [ RunTime:0.099136s ]
[2023-02-15T21:04:28+08:00][sql] SELECT `e`.`id`,`e`.`avatar`,`e`.`name`,`e`.`members`,`e`.`qr`,`e`.`expire_date`,`e`.`joinable_wc`,`e`.`add_time` FROM `wk_entrance` `e` WHERE  `e`.`qrcode_id` = '21' [ RunTime:0.095814s ]
[2023-02-15T21:04:28+08:00][sql] SELECT COUNT(*) AS think_count FROM `wk_qrcode` WHERE  `provider_id` IN (SELECT `id` FROM `wk_provider` WHERE  `manager_id` = 1) LIMIT 1 [ RunTime:0.110271s ]
[2023-02-15T21:06:01+08:00][sql] CONNECT:[ UseTime:0.137571s ] mysql:host=88.218.194.8;port=3306;dbname=webqrcode;charset=utf8mb4
[2023-02-15T21:06:01+08:00][sql] SHOW FULL COLUMNS FROM `wk_manager` [ RunTime:0.104025s ]
[2023-02-15T21:06:01+08:00][sql] SELECT `id` FROM `wk_manager` WHERE  `id` = 1  AND `relogin` = 0 LIMIT 1 [ RunTime:0.100750s ]
[2023-02-15T21:06:01+08:00][sql] SHOW FULL COLUMNS FROM `wk_entrance` [ RunTime:0.095470s ]
[2023-02-15T21:06:01+08:00][sql] SHOW FULL COLUMNS FROM `wk_provider` [ RunTime:0.103948s ]
[2023-02-15T21:06:01+08:00][sql] SELECT `e`.`id`,`e`.`qrcode_id`,`e`.`name`,`e`.`avatar`,`e`.`expire_date`,`e`.`members`,`e`.`im`,`e`.`hide`,`e`.`add_time`,`e`.`company`,`e`.`type`,`e`.`joinable_wc` FROM `wk_entrance` `e` WHERE  `provider_id` IN (SELECT `id` FROM `wk_provider` WHERE  `manager_id` = 1)  AND `e`.`expire_date` >= NOW() ORDER BY `e`.`id` DESC LIMIT 0,20 [ RunTime:0.269861s ]
[2023-02-15T21:06:01+08:00][sql] SELECT COUNT(*) AS think_count FROM `wk_entrance` `e` WHERE  `provider_id` IN (SELECT `id` FROM `wk_provider` WHERE  `manager_id` = 1)  AND `e`.`expire_date` >= NOW() ORDER BY `e`.`id` DESC LIMIT 1 [ RunTime:0.143123s ]
[2023-02-15T21:06:08+08:00][sql] CONNECT:[ UseTime:0.119932s ] mysql:host=88.218.194.8;port=3306;dbname=webqrcode;charset=utf8mb4
[2023-02-15T21:06:08+08:00][sql] SHOW FULL COLUMNS FROM `wk_manager` [ RunTime:0.083080s ]
[2023-02-15T21:06:08+08:00][sql] SELECT `id` FROM `wk_manager` WHERE  `id` = 1  AND `relogin` = 0 LIMIT 1 [ RunTime:0.080073s ]
[2023-02-15T21:06:08+08:00][sql] SHOW FULL COLUMNS FROM `wk_entrance` [ RunTime:0.082846s ]
[2023-02-15T21:06:08+08:00][sql] SHOW FULL COLUMNS FROM `wk_provider` [ RunTime:0.082617s ]
[2023-02-15T21:06:08+08:00][sql] SELECT `e`.`id`,`e`.`qrcode_id`,`e`.`name`,`e`.`avatar`,`e`.`expire_date`,`e`.`members`,`e`.`im`,`e`.`hide`,`e`.`add_time`,`e`.`company`,`e`.`type`,`e`.`joinable_wc` FROM `wk_entrance` `e` WHERE  `provider_id` IN (SELECT `id` FROM `wk_provider` WHERE  `manager_id` = 1)  AND `e`.`expire_date` >= NOW() ORDER BY `e`.`id` DESC LIMIT 20,20 [ RunTime:0.258627s ]
[2023-02-15T21:06:08+08:00][sql] SELECT COUNT(*) AS think_count FROM `wk_entrance` `e` WHERE  `provider_id` IN (SELECT `id` FROM `wk_provider` WHERE  `manager_id` = 1)  AND `e`.`expire_date` >= NOW() ORDER BY `e`.`id` DESC LIMIT 1 [ RunTime:0.132115s ]
[2023-02-15T21:06:10+08:00][sql] CONNECT:[ UseTime:0.132990s ] mysql:host=88.218.194.8;port=3306;dbname=webqrcode;charset=utf8mb4
[2023-02-15T21:06:10+08:00][sql] SHOW FULL COLUMNS FROM `wk_manager` [ RunTime:0.093319s ]
[2023-02-15T21:06:10+08:00][sql] SELECT `id` FROM `wk_manager` WHERE  `id` = 1  AND `relogin` = 0 LIMIT 1 [ RunTime:0.092231s ]
[2023-02-15T21:06:10+08:00][sql] SHOW FULL COLUMNS FROM `wk_entrance` [ RunTime:0.092125s ]
[2023-02-15T21:06:10+08:00][sql] SHOW FULL COLUMNS FROM `wk_provider` [ RunTime:0.092195s ]
[2023-02-15T21:06:10+08:00][sql] SELECT `e`.`id`,`e`.`qrcode_id`,`e`.`name`,`e`.`avatar`,`e`.`expire_date`,`e`.`members`,`e`.`im`,`e`.`hide`,`e`.`add_time`,`e`.`company`,`e`.`type`,`e`.`joinable_wc` FROM `wk_entrance` `e` WHERE  `provider_id` IN (SELECT `id` FROM `wk_provider` WHERE  `manager_id` = 1)  AND `e`.`expire_date` >= NOW() ORDER BY `e`.`id` DESC LIMIT 100,20 [ RunTime:0.269595s ]
[2023-02-15T21:06:10+08:00][sql] SELECT COUNT(*) AS think_count FROM `wk_entrance` `e` WHERE  `provider_id` IN (SELECT `id` FROM `wk_provider` WHERE  `manager_id` = 1)  AND `e`.`expire_date` >= NOW() ORDER BY `e`.`id` DESC LIMIT 1 [ RunTime:0.141703s ]
[2023-02-15T21:06:12+08:00][sql] CONNECT:[ UseTime:0.129588s ] mysql:host=88.218.194.8;port=3306;dbname=webqrcode;charset=utf8mb4
[2023-02-15T21:06:12+08:00][sql] SHOW FULL COLUMNS FROM `wk_manager` [ RunTime:0.093125s ]
[2023-02-15T21:06:12+08:00][sql] SELECT `id` FROM `wk_manager` WHERE  `id` = 1  AND `relogin` = 0 LIMIT 1 [ RunTime:0.087909s ]
[2023-02-15T21:06:12+08:00][sql] SHOW FULL COLUMNS FROM `wk_entrance` [ RunTime:0.091281s ]
[2023-02-15T21:06:12+08:00][sql] SHOW FULL COLUMNS FROM `wk_provider` [ RunTime:0.092470s ]
[2023-02-15T21:06:12+08:00][sql] SELECT `e`.`id`,`e`.`qrcode_id`,`e`.`name`,`e`.`avatar`,`e`.`expire_date`,`e`.`members`,`e`.`im`,`e`.`hide`,`e`.`add_time`,`e`.`company`,`e`.`type`,`e`.`joinable_wc` FROM `wk_entrance` `e` WHERE  `provider_id` IN (SELECT `id` FROM `wk_provider` WHERE  `manager_id` = 1)  AND `e`.`expire_date` >= NOW() ORDER BY `e`.`id` DESC LIMIT 140,20 [ RunTime:0.269928s ]
[2023-02-15T21:06:12+08:00][sql] SELECT COUNT(*) AS think_count FROM `wk_entrance` `e` WHERE  `provider_id` IN (SELECT `id` FROM `wk_provider` WHERE  `manager_id` = 1)  AND `e`.`expire_date` >= NOW() ORDER BY `e`.`id` DESC LIMIT 1 [ RunTime:0.140354s ]
[2023-02-15T21:11:03+08:00][sql] CONNECT:[ UseTime:0.120261s ] mysql:host=88.218.194.8;port=3306;dbname=webqrcode;charset=utf8mb4
[2023-02-15T21:11:03+08:00][sql] SHOW FULL COLUMNS FROM `wk_manager` [ RunTime:0.085275s ]
[2023-02-15T21:11:03+08:00][sql] SELECT `id` FROM `wk_manager` WHERE  `id` = 1  AND `relogin` = 0 LIMIT 1 [ RunTime:0.081180s ]
[2023-02-15T21:11:03+08:00][sql] SHOW FULL COLUMNS FROM `wk_entrance` [ RunTime:0.084775s ]
[2023-02-15T21:11:03+08:00][sql] SHOW FULL COLUMNS FROM `wk_provider` [ RunTime:0.085250s ]
[2023-02-15T21:11:03+08:00][sql] SELECT `e`.`id`,`e`.`qrcode_id`,`e`.`name`,`e`.`avatar`,`e`.`expire_date`,`e`.`members`,`e`.`im`,`e`.`hide`,`e`.`add_time`,`e`.`company`,`e`.`type`,`e`.`joinable_wc` FROM `wk_entrance` `e` WHERE  `provider_id` IN (SELECT `id` FROM `wk_provider` WHERE  `manager_id` = 1)  AND `e`.`expire_date` >= NOW() ORDER BY `e`.`id` DESC LIMIT 140,20 [ RunTime:0.261287s ]
[2023-02-15T21:11:03+08:00][sql] SELECT COUNT(*) AS think_count FROM `wk_entrance` `e` WHERE  `provider_id` IN (SELECT `id` FROM `wk_provider` WHERE  `manager_id` = 1)  AND `e`.`expire_date` >= NOW() ORDER BY `e`.`id` DESC LIMIT 1 [ RunTime:0.131504s ]
[2023-02-15T21:11:10+08:00][sql] CONNECT:[ UseTime:0.126147s ] mysql:host=88.218.194.8;port=3306;dbname=webqrcode;charset=utf8mb4
[2023-02-15T21:11:10+08:00][sql] SHOW FULL COLUMNS FROM `wk_manager` [ RunTime:0.086566s ]
[2023-02-15T21:11:10+08:00][sql] SELECT `id` FROM `wk_manager` WHERE  `id` = 1  AND `relogin` = 0 LIMIT 1 [ RunTime:0.083673s ]
[2023-02-15T21:11:10+08:00][sql] SHOW FULL COLUMNS FROM `wk_qrcode` [ RunTime:0.087164s ]
[2023-02-15T21:11:10+08:00][sql] SHOW FULL COLUMNS FROM `wk_provider` [ RunTime:0.087755s ]
[2023-02-15T21:11:10+08:00][sql] SELECT q.id,q.provider_id,q.code,q.company,q.status,q.valid,q.valid_time,q.err_msg,q.add_time FROM `wk_qrcode` `q` WHERE  `q`.`provider_id` IN (SELECT `id` FROM `wk_provider` WHERE  `manager_id` = 1) GROUP BY `q`.`id` LIMIT 0,20 [ RunTime:0.330181s ]
[2023-02-15T21:11:10+08:00][sql] SELECT `username` FROM `wk_provider` WHERE  `id` = 1 LIMIT 1 [ RunTime:0.082988s ]
[2023-02-15T21:11:10+08:00][sql] SHOW FULL COLUMNS FROM `wk_entrance` [ RunTime:0.086402s ]
[2023-02-15T21:11:10+08:00][sql] SELECT `e`.`id`,`e`.`avatar`,`e`.`name`,`e`.`members`,`e`.`qr`,`e`.`expire_date`,`e`.`joinable_wc`,`e`.`add_time` FROM `wk_entrance` `e` WHERE  `e`.`qrcode_id` = '2' [ RunTime:0.083647s ]
[2023-02-15T21:11:10+08:00][sql] SELECT `username` FROM `wk_provider` WHERE  `id` = 1 LIMIT 1 [ RunTime:0.084499s ]
[2023-02-15T21:11:10+08:00][sql] SELECT `e`.`id`,`e`.`avatar`,`e`.`name`,`e`.`members`,`e`.`qr`,`e`.`expire_date`,`e`.`joinable_wc`,`e`.`add_time` FROM `wk_entrance` `e` WHERE  `e`.`qrcode_id` = '3' [ RunTime:0.082296s ]
[2023-02-15T21:11:10+08:00][sql] SELECT `username` FROM `wk_provider` WHERE  `id` = 1 LIMIT 1 [ RunTime:0.083145s ]
[2023-02-15T21:11:10+08:00][sql] SELECT `e`.`id`,`e`.`avatar`,`e`.`name`,`e`.`members`,`e`.`qr`,`e`.`expire_date`,`e`.`joinable_wc`,`e`.`add_time` FROM `wk_entrance` `e` WHERE  `e`.`qrcode_id` = '4' [ RunTime:0.082035s ]
[2023-02-15T21:11:10+08:00][sql] SELECT `username` FROM `wk_provider` WHERE  `id` = 1 LIMIT 1 [ RunTime:0.083868s ]
[2023-02-15T21:11:10+08:00][sql] SELECT `e`.`id`,`e`.`avatar`,`e`.`name`,`e`.`members`,`e`.`qr`,`e`.`expire_date`,`e`.`joinable_wc`,`e`.`add_time` FROM `wk_entrance` `e` WHERE  `e`.`qrcode_id` = '5' [ RunTime:0.082653s ]
[2023-02-15T21:11:10+08:00][sql] SELECT `username` FROM `wk_provider` WHERE  `id` = 1 LIMIT 1 [ RunTime:0.086574s ]
[2023-02-15T21:11:10+08:00][sql] SELECT `e`.`id`,`e`.`avatar`,`e`.`name`,`e`.`members`,`e`.`qr`,`e`.`expire_date`,`e`.`joinable_wc`,`e`.`add_time` FROM `wk_entrance` `e` WHERE  `e`.`qrcode_id` = '6' [ RunTime:0.083465s ]
[2023-02-15T21:11:10+08:00][sql] SELECT `username` FROM `wk_provider` WHERE  `id` = 1 LIMIT 1 [ RunTime:0.083133s ]
[2023-02-15T21:11:10+08:00][sql] SELECT `e`.`id`,`e`.`avatar`,`e`.`name`,`e`.`members`,`e`.`qr`,`e`.`expire_date`,`e`.`joinable_wc`,`e`.`add_time` FROM `wk_entrance` `e` WHERE  `e`.`qrcode_id` = '7' [ RunTime:0.083848s ]
[2023-02-15T21:11:10+08:00][sql] SELECT `username` FROM `wk_provider` WHERE  `id` = 1 LIMIT 1 [ RunTime:0.083067s ]
[2023-02-15T21:11:10+08:00][sql] SELECT `e`.`id`,`e`.`avatar`,`e`.`name`,`e`.`members`,`e`.`qr`,`e`.`expire_date`,`e`.`joinable_wc`,`e`.`add_time` FROM `wk_entrance` `e` WHERE  `e`.`qrcode_id` = '8' [ RunTime:0.082873s ]
[2023-02-15T21:11:10+08:00][sql] SELECT `username` FROM `wk_provider` WHERE  `id` = 1 LIMIT 1 [ RunTime:0.082728s ]
[2023-02-15T21:11:10+08:00][sql] SELECT `e`.`id`,`e`.`avatar`,`e`.`name`,`e`.`members`,`e`.`qr`,`e`.`expire_date`,`e`.`joinable_wc`,`e`.`add_time` FROM `wk_entrance` `e` WHERE  `e`.`qrcode_id` = '9' [ RunTime:0.083139s ]
[2023-02-15T21:11:10+08:00][sql] SELECT `username` FROM `wk_provider` WHERE  `id` = 1 LIMIT 1 [ RunTime:0.082232s ]
[2023-02-15T21:11:10+08:00][sql] SELECT `e`.`id`,`e`.`avatar`,`e`.`name`,`e`.`members`,`e`.`qr`,`e`.`expire_date`,`e`.`joinable_wc`,`e`.`add_time` FROM `wk_entrance` `e` WHERE  `e`.`qrcode_id` = '10' [ RunTime:0.090077s ]
[2023-02-15T21:11:10+08:00][sql] SELECT `username` FROM `wk_provider` WHERE  `id` = 1 LIMIT 1 [ RunTime:0.088087s ]
[2023-02-15T21:11:10+08:00][sql] SELECT `e`.`id`,`e`.`avatar`,`e`.`name`,`e`.`members`,`e`.`qr`,`e`.`expire_date`,`e`.`joinable_wc`,`e`.`add_time` FROM `wk_entrance` `e` WHERE  `e`.`qrcode_id` = '11' [ RunTime:0.084772s ]
[2023-02-15T21:11:10+08:00][sql] SELECT `username` FROM `wk_provider` WHERE  `id` = 1 LIMIT 1 [ RunTime:0.082353s ]
[2023-02-15T21:11:10+08:00][sql] SELECT `e`.`id`,`e`.`avatar`,`e`.`name`,`e`.`members`,`e`.`qr`,`e`.`expire_date`,`e`.`joinable_wc`,`e`.`add_time` FROM `wk_entrance` `e` WHERE  `e`.`qrcode_id` = '12' [ RunTime:0.082661s ]
[2023-02-15T21:11:10+08:00][sql] SELECT `username` FROM `wk_provider` WHERE  `id` = 1 LIMIT 1 [ RunTime:0.082075s ]
[2023-02-15T21:11:10+08:00][sql] SELECT `e`.`id`,`e`.`avatar`,`e`.`name`,`e`.`members`,`e`.`qr`,`e`.`expire_date`,`e`.`joinable_wc`,`e`.`add_time` FROM `wk_entrance` `e` WHERE  `e`.`qrcode_id` = '13' [ RunTime:0.082807s ]
[2023-02-15T21:11:10+08:00][sql] SELECT `username` FROM `wk_provider` WHERE  `id` = 1 LIMIT 1 [ RunTime:0.081905s ]
[2023-02-15T21:11:10+08:00][sql] SELECT `e`.`id`,`e`.`avatar`,`e`.`name`,`e`.`members`,`e`.`qr`,`e`.`expire_date`,`e`.`joinable_wc`,`e`.`add_time` FROM `wk_entrance` `e` WHERE  `e`.`qrcode_id` = '14' [ RunTime:0.083357s ]
[2023-02-15T21:11:10+08:00][sql] SELECT `username` FROM `wk_provider` WHERE  `id` = 1 LIMIT 1 [ RunTime:0.083725s ]
[2023-02-15T21:11:10+08:00][sql] SELECT `e`.`id`,`e`.`avatar`,`e`.`name`,`e`.`members`,`e`.`qr`,`e`.`expire_date`,`e`.`joinable_wc`,`e`.`add_time` FROM `wk_entrance` `e` WHERE  `e`.`qrcode_id` = '15' [ RunTime:0.082960s ]
[2023-02-15T21:11:10+08:00][sql] SELECT `username` FROM `wk_provider` WHERE  `id` = 1 LIMIT 1 [ RunTime:0.082635s ]
[2023-02-15T21:11:10+08:00][sql] SELECT `e`.`id`,`e`.`avatar`,`e`.`name`,`e`.`members`,`e`.`qr`,`e`.`expire_date`,`e`.`joinable_wc`,`e`.`add_time` FROM `wk_entrance` `e` WHERE  `e`.`qrcode_id` = '16' [ RunTime:0.086397s ]
[2023-02-15T21:11:10+08:00][sql] SELECT `username` FROM `wk_provider` WHERE  `id` = 1 LIMIT 1 [ RunTime:0.083016s ]
[2023-02-15T21:11:10+08:00][sql] SELECT `e`.`id`,`e`.`avatar`,`e`.`name`,`e`.`members`,`e`.`qr`,`e`.`expire_date`,`e`.`joinable_wc`,`e`.`add_time` FROM `wk_entrance` `e` WHERE  `e`.`qrcode_id` = '17' [ RunTime:0.082329s ]
[2023-02-15T21:11:10+08:00][sql] SELECT `username` FROM `wk_provider` WHERE  `id` = 1 LIMIT 1 [ RunTime:0.082921s ]
[2023-02-15T21:11:10+08:00][sql] SELECT `e`.`id`,`e`.`avatar`,`e`.`name`,`e`.`members`,`e`.`qr`,`e`.`expire_date`,`e`.`joinable_wc`,`e`.`add_time` FROM `wk_entrance` `e` WHERE  `e`.`qrcode_id` = '18' [ RunTime:0.081755s ]
[2023-02-15T21:11:10+08:00][sql] SELECT `username` FROM `wk_provider` WHERE  `id` = 1 LIMIT 1 [ RunTime:0.083033s ]
[2023-02-15T21:11:10+08:00][sql] SELECT `e`.`id`,`e`.`avatar`,`e`.`name`,`e`.`members`,`e`.`qr`,`e`.`expire_date`,`e`.`joinable_wc`,`e`.`add_time` FROM `wk_entrance` `e` WHERE  `e`.`qrcode_id` = '19' [ RunTime:0.083451s ]
[2023-02-15T21:11:10+08:00][sql] SELECT `username` FROM `wk_provider` WHERE  `id` = 1 LIMIT 1 [ RunTime:0.081587s ]
[2023-02-15T21:11:10+08:00][sql] SELECT `e`.`id`,`e`.`avatar`,`e`.`name`,`e`.`members`,`e`.`qr`,`e`.`expire_date`,`e`.`joinable_wc`,`e`.`add_time` FROM `wk_entrance` `e` WHERE  `e`.`qrcode_id` = '20' [ RunTime:0.082501s ]
[2023-02-15T21:11:10+08:00][sql] SELECT `username` FROM `wk_provider` WHERE  `id` = 1 LIMIT 1 [ RunTime:0.082469s ]
[2023-02-15T21:11:10+08:00][sql] SELECT `e`.`id`,`e`.`avatar`,`e`.`name`,`e`.`members`,`e`.`qr`,`e`.`expire_date`,`e`.`joinable_wc`,`e`.`add_time` FROM `wk_entrance` `e` WHERE  `e`.`qrcode_id` = '21' [ RunTime:0.082978s ]
[2023-02-15T21:11:10+08:00][sql] SELECT COUNT(*) AS think_count FROM `wk_qrcode` WHERE  `provider_id` IN (SELECT `id` FROM `wk_provider` WHERE  `manager_id` = 1) LIMIT 1 [ RunTime:0.093105s ]
[2023-02-15T21:11:22+08:00][sql] CONNECT:[ UseTime:0.134484s ] mysql:host=88.218.194.8;port=3306;dbname=webqrcode;charset=utf8mb4
[2023-02-15T21:11:22+08:00][sql] SHOW FULL COLUMNS FROM `wk_manager` [ RunTime:0.091416s ]
[2023-02-15T21:11:22+08:00][sql] SELECT `id` FROM `wk_manager` WHERE  `id` = 1  AND `relogin` = 0 LIMIT 1 [ RunTime:0.088247s ]
[2023-02-15T21:11:22+08:00][sql] SHOW FULL COLUMNS FROM `wk_exchange` [ RunTime:0.091178s ]
[2023-02-15T21:11:22+08:00][sql] SELECT `e`.`id`,`e`.`qrcode_id`,`e`.`name`,`e`.`avatar`,`e`.`expire_date`,`e`.`members`,`e`.`im`,`e`.`hide`,`e`.`add_time`,`e`.`company`,`e`.`type`,COUNT(DISTINCT b.id) buy_cnt,`e`.`status`,MAX(m.username) from_username FROM `wk_exchange` `ex` LEFT JOIN `wk_entrance` `e` ON `e`.`id`=`ex`.`entrance_id` LEFT JOIN `wk_manager` `m` ON `m`.`id`=`ex`.`from_manager_id` LEFT JOIN `wk_buy` `b` ON `b`.`entrance_id`=`e`.`id` WHERE  `ex`.`to_manager_id` = '1' GROUP BY `e`.`id` ORDER BY `e`.`id` DESC LIMIT 0,20 [ RunTime:0.088412s ]
[2023-02-15T21:11:22+08:00][sql] SELECT COUNT(*) AS think_count FROM ( SELECT count(*) AS think_count FROM `wk_exchange` `ex` LEFT JOIN `wk_entrance` `e` ON `e`.`id`=`ex`.`entrance_id` LEFT JOIN `wk_manager` `m` ON `m`.`id`=`ex`.`from_manager_id` LEFT JOIN `wk_buy` `b` ON `b`.`entrance_id`=`e`.`id` WHERE  `ex`.`to_manager_id` = '1' GROUP BY `e`.`id` ORDER BY `e`.`id` DESC LIMIT 0,20 ) `_group_count_` LIMIT 1 [ RunTime:0.087738s ]
[2023-02-15T22:10:23+08:00][sql] CONNECT:[ UseTime:0.135861s ] mysql:host=88.218.194.8;port=3306;dbname=webqrcode;charset=utf8mb4
[2023-02-15T22:10:23+08:00][sql] SHOW FULL COLUMNS FROM `wk_manager` [ RunTime:0.094159s ]
[2023-02-15T22:10:23+08:00][sql] SELECT `id` FROM `wk_manager` WHERE  `id` = 1  AND `relogin` = 0 LIMIT 1 [ RunTime:0.092581s ]
[2023-02-15T22:10:23+08:00][sql] SHOW FULL COLUMNS FROM `wk_entrance` [ RunTime:0.093500s ]
[2023-02-15T22:10:23+08:00][sql] SHOW FULL COLUMNS FROM `wk_provider` [ RunTime:0.094045s ]
[2023-02-15T22:10:23+08:00][sql] SELECT `e`.`id`,`e`.`qrcode_id`,`e`.`name`,`e`.`avatar`,`e`.`expire_date`,`e`.`members`,`e`.`im`,`e`.`hide`,`e`.`add_time`,`e`.`company`,`e`.`type`,`e`.`joinable_wc` FROM `wk_entrance` `e` WHERE  `provider_id` IN (SELECT `id` FROM `wk_provider` WHERE  `manager_id` = 1)  AND `e`.`expire_date` >= NOW() ORDER BY `e`.`id` DESC LIMIT 0,20 [ RunTime:0.280458s ]
[2023-02-15T22:10:23+08:00][sql] SELECT COUNT(*) AS think_count FROM `wk_entrance` `e` WHERE  `provider_id` IN (SELECT `id` FROM `wk_provider` WHERE  `manager_id` = 1)  AND `e`.`expire_date` >= NOW() ORDER BY `e`.`id` DESC LIMIT 1 [ RunTime:0.143685s ]
