[2023-02-07T17:06:00+08:00][sql] CONNECT:[ UseTime:0.002020s ] mysql:host=127.0.0.1;port=3306;dbname=c2;charset=utf8mb4
[2023-02-07T17:06:00+08:00][sql] SHOW FULL COLUMNS FROM `wk_setting` [ RunTime:0.001716s ]
[2023-02-07T17:06:00+08:00][sql] SELECT `key` FROM `wk_setting` WHERE  `key` = 'api_key'  AND `str_val` = 'MTIzcXdlIUAj' LIMIT 1 [ RunTime:0.000426s ]
[2023-02-07T17:06:00+08:00][sql] SHOW FULL COLUMNS FROM `wk_fetch` [ RunTime:0.002125s ]
[2023-02-07T17:06:00+08:00][sql] SHOW FULL COLUMNS FROM `wk_qrcode` [ RunTime:0.000660s ]
[2023-02-07T17:06:00+08:00][sql] SELECT `q`.`id`,q.code url FROM `wk_qrcode` `q` LEFT JOIN ( SELECT COUNT(*) cnt,qrcode_id FROM `wk_fetch` WHERE  `use_time` < 1675242358 GROUP BY `qrcode_id` ) `f2` ON `f2`.`qrcode_id`=`q`.`id` WHERE  (  `cnt` IS NULL OR `f2`.`cnt` < '1' )  AND `status` = 0  AND NOT EXISTS ( SELECT `f`.`id` FROM `wk_fetch` `f` WHERE  ( `f`.`qrcode_id` = `q`.`id` )  AND `f`.`wxid` = '1' ) LIMIT 1 [ RunTime:1.939158s ]
[2023-02-07T17:06:00+08:00][sql] SELECT `int_val` FROM `wk_setting` WHERE  `key` = 'api_interval' LIMIT 1 [ RunTime:0.000602s ]
[2023-02-07T17:06:00+08:00][sql] SELECT `int_val` FROM `wk_setting` WHERE  `key` = 'api_day_limit' LIMIT 1 [ RunTime:0.000301s ]
[2023-02-07T17:06:00+08:00][sql] SHOW FULL COLUMNS FROM `wk_wxid` [ RunTime:0.001397s ]
[2023-02-07T17:06:00+08:00][sql] SELECT `last_use_time`,`use_times` FROM `wk_wxid` WHERE  `wxid` = '1' LIMIT 1 [ RunTime:0.002693s ]
[2023-02-07T17:06:00+08:00][sql] UPDATE `wk_wxid`  SET `last_use_time` = 1675760760 , `use_times` = 1  WHERE  `wxid` = '1' [ RunTime:0.007168s ]
[2023-02-07T17:06:00+08:00][sql] INSERT INTO `wk_fetch` SET `qrcode_id` = 34674 , `wxid` = '1' , `use_time` = 1675760760 [ RunTime:0.005138s ]
[2023-02-07T17:06:10+08:00][sql] CONNECT:[ UseTime:0.000704s ] mysql:host=127.0.0.1;port=3306;dbname=c2;charset=utf8mb4
[2023-02-07T17:06:10+08:00][sql] SHOW FULL COLUMNS FROM `wk_setting` [ RunTime:0.000670s ]
[2023-02-07T17:06:10+08:00][sql] SELECT `key` FROM `wk_setting` WHERE  `key` = 'api_key'  AND `str_val` = 'MTIzcXdlIUAj' LIMIT 1 [ RunTime:0.000240s ]
[2023-02-07T17:06:10+08:00][sql] SHOW FULL COLUMNS FROM `wk_fetch` [ RunTime:0.004366s ]
[2023-02-07T17:06:10+08:00][sql] SHOW FULL COLUMNS FROM `wk_qrcode` [ RunTime:0.002255s ]
[2023-02-07T17:06:10+08:00][sql] SELECT `q`.`id`,q.code url FROM `wk_qrcode` `q` LEFT JOIN ( SELECT COUNT(*) cnt,qrcode_id FROM `wk_fetch` WHERE  `use_time` < 1675242369 GROUP BY `qrcode_id` ) `f2` ON `f2`.`qrcode_id`=`q`.`id` WHERE  (  `cnt` IS NULL OR `f2`.`cnt` < '1' )  AND `status` = 0  AND NOT EXISTS ( SELECT `f`.`id` FROM `wk_fetch` `f` WHERE  ( `f`.`qrcode_id` = `q`.`id` )  AND `f`.`wxid` = '1' ) LIMIT 1 [ RunTime:1.040599s ]
[2023-02-07T17:06:10+08:00][sql] SELECT `int_val` FROM `wk_setting` WHERE  `key` = 'api_interval' LIMIT 1 [ RunTime:0.000453s ]
[2023-02-07T17:06:10+08:00][sql] SELECT `int_val` FROM `wk_setting` WHERE  `key` = 'api_day_limit' LIMIT 1 [ RunTime:0.000332s ]
[2023-02-07T17:06:10+08:00][sql] SHOW FULL COLUMNS FROM `wk_wxid` [ RunTime:0.005214s ]
[2023-02-07T17:06:10+08:00][sql] SELECT `last_use_time`,`use_times` FROM `wk_wxid` WHERE  `wxid` = '1' LIMIT 1 [ RunTime:0.000524s ]
[2023-02-07T17:06:23+08:00][sql] CONNECT:[ UseTime:0.001625s ] mysql:host=127.0.0.1;port=3306;dbname=c2;charset=utf8mb4
[2023-02-07T17:06:23+08:00][sql] SHOW FULL COLUMNS FROM `wk_setting` [ RunTime:0.001138s ]
[2023-02-07T17:06:23+08:00][sql] SELECT `key` FROM `wk_setting` WHERE  `key` = 'api_key'  AND `str_val` = 'MTIzcXdlIUAj' LIMIT 1 [ RunTime:0.000277s ]
[2023-02-07T17:06:23+08:00][sql] SHOW FULL COLUMNS FROM `wk_fetch` [ RunTime:0.001649s ]
[2023-02-07T17:06:23+08:00][sql] SHOW FULL COLUMNS FROM `wk_qrcode` [ RunTime:0.000902s ]
[2023-02-07T17:06:23+08:00][sql] SELECT `q`.`id`,q.code url FROM `wk_qrcode` `q` LEFT JOIN ( SELECT COUNT(*) cnt,qrcode_id FROM `wk_fetch` WHERE  `use_time` < 1675242382 GROUP BY `qrcode_id` ) `f2` ON `f2`.`qrcode_id`=`q`.`id` WHERE  (  `cnt` IS NULL OR `f2`.`cnt` < '1' )  AND `status` = 0  AND NOT EXISTS ( SELECT `f`.`id` FROM `wk_fetch` `f` WHERE  ( `f`.`qrcode_id` = `q`.`id` )  AND `f`.`wxid` = '1' ) LIMIT 1 [ RunTime:1.287357s ]
[2023-02-07T17:06:23+08:00][sql] SELECT `int_val` FROM `wk_setting` WHERE  `key` = 'api_interval' LIMIT 1 [ RunTime:0.000470s ]
[2023-02-07T17:06:23+08:00][sql] SELECT `int_val` FROM `wk_setting` WHERE  `key` = 'api_day_limit' LIMIT 1 [ RunTime:0.000545s ]
[2023-02-07T17:06:23+08:00][sql] SHOW FULL COLUMNS FROM `wk_wxid` [ RunTime:0.004734s ]
[2023-02-07T17:06:23+08:00][sql] SELECT `last_use_time`,`use_times` FROM `wk_wxid` WHERE  `wxid` = '1' LIMIT 1 [ RunTime:0.000374s ]
[2023-02-07T17:06:27+08:00][sql] CONNECT:[ UseTime:0.001282s ] mysql:host=127.0.0.1;port=3306;dbname=c2;charset=utf8mb4
[2023-02-07T17:06:27+08:00][sql] SHOW FULL COLUMNS FROM `wk_setting` [ RunTime:0.001079s ]
[2023-02-07T17:06:27+08:00][sql] SELECT `key` FROM `wk_setting` WHERE  `key` = 'api_key'  AND `str_val` = 'MTIzcXdlIUAj' LIMIT 1 [ RunTime:0.000283s ]
[2023-02-07T17:06:27+08:00][sql] SHOW FULL COLUMNS FROM `wk_fetch` [ RunTime:0.001604s ]
[2023-02-07T17:06:27+08:00][sql] SHOW FULL COLUMNS FROM `wk_qrcode` [ RunTime:0.002979s ]
[2023-02-07T17:06:27+08:00][sql] SELECT `q`.`id`,q.code url FROM `wk_qrcode` `q` LEFT JOIN ( SELECT COUNT(*) cnt,qrcode_id FROM `wk_fetch` WHERE  `use_time` < 1675242386 GROUP BY `qrcode_id` ) `f2` ON `f2`.`qrcode_id`=`q`.`id` WHERE  (  `cnt` IS NULL OR `f2`.`cnt` < '1' )  AND `status` = 0  AND NOT EXISTS ( SELECT `f`.`id` FROM `wk_fetch` `f` WHERE  ( `f`.`qrcode_id` = `q`.`id` )  AND `f`.`wxid` = '1' ) LIMIT 1 [ RunTime:1.515709s ]
[2023-02-07T17:06:27+08:00][sql] SELECT `int_val` FROM `wk_setting` WHERE  `key` = 'api_interval' LIMIT 1 [ RunTime:0.000300s ]
[2023-02-07T17:06:27+08:00][sql] SELECT `int_val` FROM `wk_setting` WHERE  `key` = 'api_day_limit' LIMIT 1 [ RunTime:0.000174s ]
[2023-02-07T17:06:27+08:00][sql] SHOW FULL COLUMNS FROM `wk_wxid` [ RunTime:0.001681s ]
[2023-02-07T17:06:27+08:00][sql] SELECT `last_use_time`,`use_times` FROM `wk_wxid` WHERE  `wxid` = '1' LIMIT 1 [ RunTime:0.000617s ]
[2023-02-07T17:06:52+08:00][sql] CONNECT:[ UseTime:0.000888s ] mysql:host=127.0.0.1;port=3306;dbname=c2;charset=utf8mb4
[2023-02-07T17:06:52+08:00][sql] SHOW FULL COLUMNS FROM `wk_setting` [ RunTime:0.001701s ]
[2023-02-07T17:06:52+08:00][sql] SELECT `key` FROM `wk_setting` WHERE  `key` = 'api_key'  AND `str_val` = 'MTIzcXdlIUAj' LIMIT 1 [ RunTime:0.000279s ]
[2023-02-07T17:06:52+08:00][sql] SHOW FULL COLUMNS FROM `wk_fetch` [ RunTime:0.003729s ]
[2023-02-07T17:06:52+08:00][sql] SHOW FULL COLUMNS FROM `wk_qrcode` [ RunTime:0.001322s ]
[2023-02-07T17:06:52+08:00][sql] SELECT `q`.`id`,q.code url FROM `wk_qrcode` `q` LEFT JOIN ( SELECT COUNT(*) cnt,qrcode_id FROM `wk_fetch` WHERE  `use_time` < 1675242411 GROUP BY `qrcode_id` ) `f2` ON `f2`.`qrcode_id`=`q`.`id` WHERE  (  `cnt` IS NULL OR `f2`.`cnt` < '1' )  AND `status` = 0  AND NOT EXISTS ( SELECT `f`.`id` FROM `wk_fetch` `f` WHERE  ( `f`.`qrcode_id` = `q`.`id` )  AND `f`.`wxid` = '1' ) LIMIT 1 [ RunTime:1.236172s ]
[2023-02-07T17:06:52+08:00][sql] SELECT `int_val` FROM `wk_setting` WHERE  `key` = 'api_interval' LIMIT 1 [ RunTime:0.000413s ]
[2023-02-07T17:06:52+08:00][sql] SELECT `int_val` FROM `wk_setting` WHERE  `key` = 'api_day_limit' LIMIT 1 [ RunTime:0.000259s ]
[2023-02-07T17:06:52+08:00][sql] SHOW FULL COLUMNS FROM `wk_wxid` [ RunTime:0.003892s ]
[2023-02-07T17:06:52+08:00][sql] SELECT `last_use_time`,`use_times` FROM `wk_wxid` WHERE  `wxid` = '1' LIMIT 1 [ RunTime:0.000230s ]
[2023-02-07T17:07:08+08:00][sql] CONNECT:[ UseTime:0.012353s ] mysql:host=127.0.0.1;port=3306;dbname=c2;charset=utf8mb4
[2023-02-07T17:07:08+08:00][sql] SHOW FULL COLUMNS FROM `wk_setting` [ RunTime:0.002464s ]
[2023-02-07T17:07:08+08:00][sql] SELECT `key` FROM `wk_setting` WHERE  `key` = 'api_key'  AND `str_val` = 'MTIzcXdlIUAj' LIMIT 1 [ RunTime:0.000424s ]
[2023-02-07T17:07:08+08:00][sql] SHOW FULL COLUMNS FROM `wk_fetch` [ RunTime:0.000779s ]
[2023-02-07T17:07:08+08:00][sql] SHOW FULL COLUMNS FROM `wk_qrcode` [ RunTime:0.000544s ]
[2023-02-07T17:07:08+08:00][sql] SELECT `q`.`id`,q.code url FROM `wk_qrcode` `q` LEFT JOIN ( SELECT COUNT(*) cnt,qrcode_id FROM `wk_fetch` WHERE  `use_time` < 1675242427 GROUP BY `qrcode_id` ) `f2` ON `f2`.`qrcode_id`=`q`.`id` WHERE  (  `cnt` IS NULL OR `f2`.`cnt` < '1' )  AND `status` = 0  AND NOT EXISTS ( SELECT `f`.`id` FROM `wk_fetch` `f` WHERE  ( `f`.`qrcode_id` = `q`.`id` )  AND `f`.`wxid` = '1' ) LIMIT 1 [ RunTime:0.934982s ]
[2023-02-07T17:07:08+08:00][sql] SELECT `int_val` FROM `wk_setting` WHERE  `key` = 'api_interval' LIMIT 1 [ RunTime:0.000265s ]
[2023-02-07T17:07:08+08:00][sql] SELECT `int_val` FROM `wk_setting` WHERE  `key` = 'api_day_limit' LIMIT 1 [ RunTime:0.000186s ]
[2023-02-07T17:07:08+08:00][sql] SHOW FULL COLUMNS FROM `wk_wxid` [ RunTime:0.001856s ]
[2023-02-07T17:07:08+08:00][sql] SELECT `last_use_time`,`use_times` FROM `wk_wxid` WHERE  `wxid` = '1' LIMIT 1 [ RunTime:0.000244s ]
[2023-02-07T17:07:08+08:00][sql] UPDATE `wk_wxid`  SET `use_times` = `use_times` + 1 , `last_use_time` = 1675760828  WHERE  `wxid` = '1' [ RunTime:0.003940s ]
[2023-02-07T17:07:08+08:00][sql] INSERT INTO `wk_fetch` SET `qrcode_id` = 34675 , `wxid` = '1' , `use_time` = 1675760828 [ RunTime:0.002804s ]
[2023-02-07T17:12:37+08:00][sql] CONNECT:[ UseTime:0.023587s ] mysql:host=127.0.0.1;port=3306;dbname=c2;charset=utf8mb4
[2023-02-07T17:12:37+08:00][sql] SHOW FULL COLUMNS FROM `wk_setting` [ RunTime:0.000849s ]
[2023-02-07T17:12:37+08:00][sql] SELECT `key` FROM `wk_setting` WHERE  `key` = 'api_key'  AND `str_val` = 'MTIzcXdlIUAj' LIMIT 1 [ RunTime:0.000203s ]
[2023-02-07T17:12:37+08:00][sql] SHOW FULL COLUMNS FROM `wk_qrcode` [ RunTime:0.000540s ]
[2023-02-07T17:12:37+08:00][sql] UPDATE `wk_qrcode`  SET `status` = 1 , `err_msg` = '二维码失效' , `valid` = 2 , `valid_time` = '2023-02-07 17:12:37'  WHERE  `id` = 203 [ RunTime:0.003648s ]
[2023-02-07T17:12:51+08:00][sql] CONNECT:[ UseTime:0.000802s ] mysql:host=127.0.0.1;port=3306;dbname=c2;charset=utf8mb4
[2023-02-07T17:12:51+08:00][sql] SHOW FULL COLUMNS FROM `wk_setting` [ RunTime:0.001887s ]
[2023-02-07T17:12:51+08:00][sql] SELECT `key` FROM `wk_setting` WHERE  `key` = 'api_key'  AND `str_val` = 'MTIzcXdlIUAj' LIMIT 1 [ RunTime:0.000171s ]
[2023-02-07T17:12:51+08:00][sql] SHOW FULL COLUMNS FROM `wk_qrcode` [ RunTime:0.000546s ]
[2023-02-07T17:12:51+08:00][sql] UPDATE `wk_qrcode`  SET `status` = 1 , `err_msg` = '二维码失效' , `valid` = 2 , `valid_time` = '2023-02-07 17:12:51'  WHERE  `id` = 204 [ RunTime:0.003686s ]
[2023-02-07T17:13:11+08:00][sql] CONNECT:[ UseTime:0.000814s ] mysql:host=127.0.0.1;port=3306;dbname=c2;charset=utf8mb4
[2023-02-07T17:13:11+08:00][sql] SHOW FULL COLUMNS FROM `wk_setting` [ RunTime:0.001308s ]
[2023-02-07T17:13:11+08:00][sql] SELECT `key` FROM `wk_setting` WHERE  `key` = 'api_key'  AND `str_val` = 'MTIzcXdlIUAj' LIMIT 1 [ RunTime:0.000378s ]
[2023-02-07T17:13:11+08:00][sql] SHOW FULL COLUMNS FROM `wk_qrcode` [ RunTime:0.001086s ]
[2023-02-07T17:13:11+08:00][sql] UPDATE `wk_qrcode`  SET `status` = 1 , `err_msg` = '二维码失效' , `valid` = 2 , `valid_time` = '2023-02-07 17:13:11'  WHERE  `id` = 2 [ RunTime:0.004635s ]
[2023-02-07T17:13:50+08:00][sql] CONNECT:[ UseTime:0.000558s ] mysql:host=127.0.0.1;port=3306;dbname=c2;charset=utf8mb4
[2023-02-07T17:13:50+08:00][sql] SHOW FULL COLUMNS FROM `wk_setting` [ RunTime:0.000620s ]
[2023-02-07T17:13:50+08:00][sql] SELECT `key` FROM `wk_setting` WHERE  `key` = 'api_key'  AND `str_val` = 'MTIzcXdlIUAj' LIMIT 1 [ RunTime:0.000216s ]
[2023-02-07T17:13:50+08:00][sql] SHOW FULL COLUMNS FROM `wk_qrcode` [ RunTime:0.000479s ]
[2023-02-07T17:13:50+08:00][sql] SELECT `company`,`user_id`,`provider_id` FROM `wk_qrcode` WHERE  `id` = 204  AND `status` = 0 LIMIT 1 [ RunTime:0.000249s ]
[2023-02-07T17:15:01+08:00][sql] CONNECT:[ UseTime:0.000550s ] mysql:host=127.0.0.1;port=3306;dbname=c2;charset=utf8mb4
[2023-02-07T17:15:01+08:00][sql] SHOW FULL COLUMNS FROM `wk_setting` [ RunTime:0.000745s ]
[2023-02-07T17:15:01+08:00][sql] SELECT `key` FROM `wk_setting` WHERE  `key` = 'api_key'  AND `str_val` = 'MTIzcXdlIUAj' LIMIT 1 [ RunTime:0.000167s ]
[2023-02-07T17:15:01+08:00][sql] SHOW FULL COLUMNS FROM `wk_qrcode` [ RunTime:0.000451s ]
[2023-02-07T17:15:01+08:00][sql] SELECT `company`,`user_id`,`provider_id` FROM `wk_qrcode` WHERE  `id` = 204  AND `status` = 0 LIMIT 1 [ RunTime:0.000131s ]
[2023-02-07T17:16:19+08:00][sql] CONNECT:[ UseTime:0.000693s ] mysql:host=127.0.0.1;port=3306;dbname=c2;charset=utf8mb4
[2023-02-07T17:16:19+08:00][sql] SHOW FULL COLUMNS FROM `wk_setting` [ RunTime:0.000801s ]
[2023-02-07T17:16:19+08:00][sql] SELECT `key` FROM `wk_setting` WHERE  `key` = 'api_key'  AND `str_val` = 'MTIzcXdlIUAj' LIMIT 1 [ RunTime:0.000210s ]
[2023-02-07T17:16:19+08:00][sql] SHOW FULL COLUMNS FROM `wk_qrcode` [ RunTime:0.001558s ]
[2023-02-07T17:16:19+08:00][sql] SELECT `company`,`user_id`,`provider_id` FROM `wk_qrcode` WHERE  `id` = 204  AND `status` = 0 LIMIT 1 [ RunTime:0.000239s ]
[2023-02-07T17:17:06+08:00][sql] CONNECT:[ UseTime:0.012311s ] mysql:host=127.0.0.1;port=3306;dbname=c2;charset=utf8mb4
[2023-02-07T17:17:06+08:00][sql] SHOW FULL COLUMNS FROM `wk_setting` [ RunTime:0.001416s ]
[2023-02-07T17:17:06+08:00][sql] SELECT `key` FROM `wk_setting` WHERE  `key` = 'api_key'  AND `str_val` = 'MTIzcXdlIUAj' LIMIT 1 [ RunTime:0.000316s ]
[2023-02-07T17:17:06+08:00][sql] SHOW FULL COLUMNS FROM `wk_qrcode` [ RunTime:0.000669s ]
[2023-02-07T17:17:06+08:00][sql] SELECT `company`,`user_id`,`provider_id` FROM `wk_qrcode` WHERE  `id` = 204  AND `status` = 0 LIMIT 1 [ RunTime:0.000167s ]
[2023-02-07T17:20:03+08:00][sql] CONNECT:[ UseTime:0.001701s ] mysql:host=127.0.0.1;port=3306;dbname=c2;charset=utf8mb4
[2023-02-07T17:20:03+08:00][sql] SHOW FULL COLUMNS FROM `wk_setting` [ RunTime:0.001483s ]
[2023-02-07T17:20:03+08:00][sql] SELECT `key` FROM `wk_setting` WHERE  `key` = 'api_key'  AND `str_val` = 'MTIzcXdlIUAj' LIMIT 1 [ RunTime:0.000531s ]
[2023-02-07T17:20:03+08:00][sql] SHOW FULL COLUMNS FROM `wk_qrcode` [ RunTime:0.001807s ]
[2023-02-07T17:20:03+08:00][sql] SELECT `company`,`user_id`,`provider_id` FROM `wk_qrcode` WHERE  `id` = 204  AND `status` = 0 LIMIT 1 [ RunTime:0.000292s ]
[2023-02-07T17:21:23+08:00][sql] CONNECT:[ UseTime:0.001084s ] mysql:host=127.0.0.1;port=3306;dbname=c2;charset=utf8mb4
[2023-02-07T17:21:23+08:00][sql] SHOW FULL COLUMNS FROM `wk_setting` [ RunTime:0.001241s ]
[2023-02-07T17:21:23+08:00][sql] SELECT `key` FROM `wk_setting` WHERE  `key` = 'api_key'  AND `str_val` = 'MTIzcXdlIUAj' LIMIT 1 [ RunTime:0.000483s ]
[2023-02-07T17:21:23+08:00][sql] SHOW FULL COLUMNS FROM `wk_qrcode` [ RunTime:0.001272s ]
[2023-02-07T17:21:23+08:00][sql] SELECT `company`,`user_id`,`provider_id` FROM `wk_qrcode` WHERE  `id` = 204  AND `status` = 0 LIMIT 1 [ RunTime:0.000171s ]
[2023-02-07T17:21:24+08:00][sql] CONNECT:[ UseTime:0.000839s ] mysql:host=127.0.0.1;port=3306;dbname=c2;charset=utf8mb4
[2023-02-07T17:21:24+08:00][sql] SHOW FULL COLUMNS FROM `wk_setting` [ RunTime:0.000869s ]
[2023-02-07T17:21:24+08:00][sql] SELECT `key` FROM `wk_setting` WHERE  `key` = 'api_key'  AND `str_val` = 'MTIzcXdlIUAj' LIMIT 1 [ RunTime:0.000272s ]
[2023-02-07T17:21:24+08:00][sql] SHOW FULL COLUMNS FROM `wk_qrcode` [ RunTime:0.000962s ]
[2023-02-07T17:21:24+08:00][sql] SELECT `company`,`user_id`,`provider_id` FROM `wk_qrcode` WHERE  `id` = 204  AND `status` = 0 LIMIT 1 [ RunTime:0.000330s ]
[2023-02-07T17:21:26+08:00][sql] CONNECT:[ UseTime:0.013674s ] mysql:host=127.0.0.1;port=3306;dbname=c2;charset=utf8mb4
[2023-02-07T17:21:26+08:00][sql] SHOW FULL COLUMNS FROM `wk_setting` [ RunTime:0.000891s ]
[2023-02-07T17:21:26+08:00][sql] SELECT `key` FROM `wk_setting` WHERE  `key` = 'api_key'  AND `str_val` = 'MTIzcXdlIUAj' LIMIT 1 [ RunTime:0.000211s ]
[2023-02-07T17:21:26+08:00][sql] SHOW FULL COLUMNS FROM `wk_qrcode` [ RunTime:0.000596s ]
[2023-02-07T17:21:26+08:00][sql] SELECT `company`,`user_id`,`provider_id` FROM `wk_qrcode` WHERE  `id` = 204  AND `status` = 0 LIMIT 1 [ RunTime:0.000178s ]
[2023-02-07T17:23:05+08:00][sql] CONNECT:[ UseTime:0.000673s ] mysql:host=127.0.0.1;port=3306;dbname=c2;charset=utf8mb4
[2023-02-07T17:23:05+08:00][sql] SHOW FULL COLUMNS FROM `wk_setting` [ RunTime:0.000723s ]
[2023-02-07T17:23:05+08:00][sql] SELECT `key` FROM `wk_setting` WHERE  `key` = 'api_key'  AND `str_val` = 'MTIzcXdlIUAj' LIMIT 1 [ RunTime:0.000169s ]
[2023-02-07T17:23:05+08:00][sql] SHOW FULL COLUMNS FROM `wk_qrcode` [ RunTime:0.000418s ]
[2023-02-07T17:23:05+08:00][sql] SELECT `company`,`user_id`,`provider_id` FROM `wk_qrcode` WHERE  `id` = 204  AND `status` = 0 LIMIT 1 [ RunTime:0.000131s ]
[2023-02-07T17:23:12+08:00][sql] CONNECT:[ UseTime:0.000972s ] mysql:host=127.0.0.1;port=3306;dbname=c2;charset=utf8mb4
[2023-02-07T17:23:12+08:00][sql] SHOW FULL COLUMNS FROM `wk_setting` [ RunTime:0.001009s ]
[2023-02-07T17:23:12+08:00][sql] SELECT `key` FROM `wk_setting` WHERE  `key` = 'api_key'  AND `str_val` = 'MTIzcXdlIUAj' LIMIT 1 [ RunTime:0.000294s ]
[2023-02-07T17:23:12+08:00][sql] SHOW FULL COLUMNS FROM `wk_qrcode` [ RunTime:0.000640s ]
[2023-02-07T17:23:12+08:00][sql] SELECT `company`,`user_id`,`provider_id` FROM `wk_qrcode` WHERE  `id` = 5  AND `status` = 0 LIMIT 1 [ RunTime:0.000405s ]
[2023-02-07T17:23:12+08:00][sql] SHOW FULL COLUMNS FROM `wk_entrance` [ RunTime:0.000871s ]
[2023-02-07T17:23:12+08:00][sql] SELECT * FROM `wk_entrance` WHERE  `avatar` = 'https://wework.qpic.cn/wwpic/118289_NB-0ynvrSbaMoas_1667480239/0' LIMIT 1 [ RunTime:0.001554s ]
[2023-02-07T17:25:08+08:00][sql] CONNECT:[ UseTime:0.021126s ] mysql:host=127.0.0.1;port=3306;dbname=c2;charset=utf8mb4
[2023-02-07T17:25:08+08:00][sql] SHOW FULL COLUMNS FROM `wk_setting` [ RunTime:0.000875s ]
[2023-02-07T17:25:08+08:00][sql] SELECT `key` FROM `wk_setting` WHERE  `key` = 'api_key'  AND `str_val` = 'MTIzcXdlIUAj' LIMIT 1 [ RunTime:0.000372s ]
[2023-02-07T17:25:08+08:00][sql] SHOW FULL COLUMNS FROM `wk_qrcode` [ RunTime:0.000797s ]
[2023-02-07T17:25:08+08:00][sql] SELECT `company`,`user_id`,`provider_id` FROM `wk_qrcode` WHERE  `id` = 5  AND `status` = 0 LIMIT 1 [ RunTime:0.000355s ]
[2023-02-07T17:25:08+08:00][sql] SHOW FULL COLUMNS FROM `wk_entrance` [ RunTime:0.000876s ]
[2023-02-07T17:25:08+08:00][sql] SELECT * FROM `wk_entrance` WHERE  `avatar` = 'https://wework.qpic.cn/wwpic/118289_NB-0ynvrSbaMoas_1667480239/0' LIMIT 1 [ RunTime:0.000359s ]
[2023-02-07T17:25:08+08:00][sql] INSERT INTO `wk_entrance` SET `qrcode_id` = 5 , `user_id` = 29 , `provider_id` = NULL , `avatar` = 'https://wework.qpic.cn/wwpic/118289_NB-0ynvrSbaMoas_1667480239/0' , `name` = '幸福西饼【崇州粉丝福利群】' , `qr` = 'https://c.weixin.com/g/X_fvWS_zNFx_YWxA' , `im` = 'gen/X_fvWS_zNFx_YWxA.png' , `expire_date` = '2022-10-30 10:11:32' , `company` = '必胜客' , `joinable_wx` = 1 , `status` = 0 , `source` = 2 [ RunTime:0.006662s ]
[2023-02-07T17:39:12+08:00][sql] CONNECT:[ UseTime:0.000935s ] mysql:host=127.0.0.1;port=3306;dbname=c2;charset=utf8mb4
[2023-02-07T17:39:12+08:00][sql] SHOW FULL COLUMNS FROM `wk_setting` [ RunTime:0.000589s ]
[2023-02-07T17:39:12+08:00][sql] SELECT `key` FROM `wk_setting` WHERE  `key` = 'api_key'  AND `str_val` = 'MTIzcXdlIUAj' LIMIT 1 [ RunTime:0.000233s ]
[2023-02-07T17:39:12+08:00][sql] SHOW FULL COLUMNS FROM `wk_qrcode` [ RunTime:0.000488s ]
[2023-02-07T17:39:12+08:00][sql] SELECT `company`,`user_id`,`provider_id` FROM `wk_qrcode` WHERE  `id` = 5  AND `status` = 0 LIMIT 1 [ RunTime:0.000133s ]
[2023-02-07T17:39:12+08:00][sql] SHOW FULL COLUMNS FROM `wk_entrance` [ RunTime:0.001182s ]
[2023-02-07T17:39:12+08:00][sql] SELECT * FROM `wk_entrance` WHERE  `avatar` = 'https://wework.qpic.cn/wwpic/118289_NB-0ynvrSbaMoas_1667480239/0' LIMIT 1 [ RunTime:0.000661s ]
[2023-02-07T17:39:12+08:00][sql] UPDATE `wk_entrance`  SET `name` = '幸福西饼【崇州粉丝福利群】' , `qr` = 'https://c.weixin.com/g/X_fvWS_zNFx_YWxA' , `im` = 'gen/X_fvWS_zNFx_YWxA.png' , `expire_date` = '2022-10-30 10:11:32'  WHERE  `avatar` = 'https://wework.qpic.cn/wwpic/118289_NB-0ynvrSbaMoas_1667480239/0' [ RunTime:0.000343s ]
