[2023-02-11T16:32:38+08:00][sql] CONNECT:[ UseTime:0.007604s ] mysql:host=127.0.0.1;port=3306;dbname=c2;charset=utf8mb4
[2023-02-11T16:32:38+08:00][sql] SHOW FULL COLUMNS FROM `wk_setting` [ RunTime:0.008916s ]
[2023-02-11T16:32:38+08:00][sql] SELECT `key` FROM `wk_setting` WHERE  `key` = 'api_key'  AND `str_val` = 'MTIzcXdlIUAj' LIMIT 1 [ RunTime:0.001061s ]
[2023-02-11T16:32:38+08:00][sql] SHOW FULL COLUMNS FROM `wk_record` [ RunTime:0.002744s ]
[2023-02-11T16:32:38+08:00][sql] SELECT COUNT(*) AS think_count FROM `wk_record` WHERE  `uin` = '1688850353288494'  AND `add_time` BETWEEN '2023-02-11 00:00:00' AND '2023-02-11 23:59:59' LIMIT 1 [ RunTime:2.564438s ]
[2023-02-11T16:32:40+08:00][sql] CONNECT:[ UseTime:0.003248s ] mysql:host=127.0.0.1;port=3306;dbname=c2;charset=utf8mb4
[2023-02-11T16:32:40+08:00][sql] SHOW FULL COLUMNS FROM `wk_setting` [ RunTime:0.004540s ]
[2023-02-11T16:32:40+08:00][sql] SELECT `key` FROM `wk_setting` WHERE  `key` = 'api_key'  AND `str_val` = 'MTIzcXdlIUAj' LIMIT 1 [ RunTime:0.000530s ]
[2023-02-11T16:32:40+08:00][sql] SHOW FULL COLUMNS FROM `wk_record` [ RunTime:0.003294s ]
[2023-02-11T16:32:40+08:00][sql] SELECT COUNT(*) AS think_count FROM `wk_record` WHERE  `status` = 1  AND `uin` = '1688850353288494'  AND `add_time` BETWEEN '2023-02-11 00:00:00' AND '2023-02-11 23:59:59' LIMIT 1 [ RunTime:1.077791s ]
[2023-02-11T16:32:53+08:00][sql] CONNECT:[ UseTime:0.001722s ] mysql:host=127.0.0.1;port=3306;dbname=c2;charset=utf8mb4
[2023-02-11T16:32:53+08:00][sql] SHOW FULL COLUMNS FROM `wk_setting` [ RunTime:0.002165s ]
[2023-02-11T16:32:53+08:00][sql] SELECT `key` FROM `wk_setting` WHERE  `key` = 'api_key'  AND `str_val` = 'MTIzcXdlIUAj' LIMIT 1 [ RunTime:0.000327s ]
[2023-02-11T16:32:53+08:00][sql] SHOW FULL COLUMNS FROM `wk_entrance` [ RunTime:0.003415s ]
[2023-02-11T16:32:53+08:00][sql] SHOW FULL COLUMNS FROM `wk_provider` [ RunTime:0.002204s ]
[2023-02-11T16:32:53+08:00][sql] SELECT `id`,`qr`,`name`,`members`,`room_id`,`joinable_wc`,`status` FROM `wk_entrance` WHERE  `provider_id` IN (SELECT `id` FROM `wk_provider` WHERE  `manager_id` IS NULL)  AND `get_time` <  1676082773  AND `status` IN (0,1)  AND `joinable_wc` IN (0,1)  AND `expire_date` >= NOW() ORDER BY `status`,`joinable_wc` ASC LIMIT 1 [ RunTime:0.003097s ]
[2023-02-11T16:32:53+08:00][sql] CONNECT:[ UseTime:0.001672s ] mysql:host=127.0.0.1;port=3306;dbname=c2;charset=utf8mb4
[2023-02-11T16:32:53+08:00][sql] SHOW FULL COLUMNS FROM `wk_setting` [ RunTime:0.001099s ]
[2023-02-11T16:32:53+08:00][sql] SELECT `key` FROM `wk_setting` WHERE  `key` = 'api_key'  AND `str_val` = 'MTIzcXdlIUAj' LIMIT 1 [ RunTime:0.000320s ]
[2023-02-11T16:32:53+08:00][sql] SHOW FULL COLUMNS FROM `wk_entrance` [ RunTime:0.002080s ]
[2023-02-11T16:32:53+08:00][sql] SHOW FULL COLUMNS FROM `wk_provider` [ RunTime:0.004597s ]
[2023-02-11T16:32:53+08:00][sql] SELECT `id`,`qr`,`name`,`members`,`room_id`,`joinable_wc`,`status` FROM `wk_entrance` WHERE  `provider_id` IN (SELECT `id` FROM `wk_provider` WHERE  `manager_id` IS NULL)  AND `get_time` <  1676082773  AND `status` IN (0,1)  AND `joinable_wc` IN (0,1)  AND `expire_date` >= NOW() ORDER BY `status`,`joinable_wc` ASC LIMIT 1 [ RunTime:0.001013s ]
[2023-02-11T16:32:53+08:00][sql] CONNECT:[ UseTime:0.018637s ] mysql:host=127.0.0.1;port=3306;dbname=c2;charset=utf8mb4
[2023-02-11T16:32:53+08:00][sql] SHOW FULL COLUMNS FROM `wk_setting` [ RunTime:0.002580s ]
[2023-02-11T16:32:53+08:00][sql] SELECT `key` FROM `wk_setting` WHERE  `key` = 'api_key'  AND `str_val` = 'MTIzcXdlIUAj' LIMIT 1 [ RunTime:0.000555s ]
[2023-02-11T16:32:53+08:00][sql] SHOW FULL COLUMNS FROM `wk_entrance` [ RunTime:0.001725s ]
[2023-02-11T16:32:53+08:00][sql] SHOW FULL COLUMNS FROM `wk_provider` [ RunTime:0.001433s ]
[2023-02-11T16:32:53+08:00][sql] SELECT `id`,`qr`,`name`,`members`,`room_id`,`joinable_wc`,`status` FROM `wk_entrance` WHERE  `provider_id` IN (SELECT `id` FROM `wk_provider` WHERE  `manager_id` IS NULL)  AND `get_time` <  1676082773  AND `status` IN (0,1)  AND `joinable_wc` IN (0,1)  AND `expire_date` >= NOW() ORDER BY `status`,`joinable_wc` ASC LIMIT 1 [ RunTime:0.000722s ]
[2023-02-11T16:32:53+08:00][sql] CONNECT:[ UseTime:0.001038s ] mysql:host=127.0.0.1;port=3306;dbname=c2;charset=utf8mb4
[2023-02-11T16:32:53+08:00][sql] SHOW FULL COLUMNS FROM `wk_setting` [ RunTime:0.003026s ]
[2023-02-11T16:32:53+08:00][sql] SELECT `key` FROM `wk_setting` WHERE  `key` = 'api_key'  AND `str_val` = 'MTIzcXdlIUAj' LIMIT 1 [ RunTime:0.000282s ]
[2023-02-11T16:32:53+08:00][sql] SHOW FULL COLUMNS FROM `wk_entrance` [ RunTime:0.000955s ]
[2023-02-11T16:32:53+08:00][sql] SHOW FULL COLUMNS FROM `wk_provider` [ RunTime:0.000812s ]
[2023-02-11T16:32:53+08:00][sql] SELECT `id`,`qr`,`name`,`members`,`room_id`,`joinable_wc`,`status` FROM `wk_entrance` WHERE  `provider_id` IN (SELECT `id` FROM `wk_provider` WHERE  `manager_id` IS NULL)  AND `get_time` <  1676082773  AND `status` IN (0,1)  AND `joinable_wc` IN (0,1)  AND `expire_date` >= NOW() ORDER BY `status`,`joinable_wc` ASC LIMIT 1 [ RunTime:0.001210s ]
[2023-02-11T16:32:53+08:00][sql] CONNECT:[ UseTime:0.000658s ] mysql:host=127.0.0.1;port=3306;dbname=c2;charset=utf8mb4
[2023-02-11T16:32:53+08:00][sql] SHOW FULL COLUMNS FROM `wk_setting` [ RunTime:0.001108s ]
[2023-02-11T16:32:53+08:00][sql] SELECT `key` FROM `wk_setting` WHERE  `key` = 'api_key'  AND `str_val` = 'MTIzcXdlIUAj' LIMIT 1 [ RunTime:0.000368s ]
[2023-02-11T16:32:53+08:00][sql] SHOW FULL COLUMNS FROM `wk_entrance` [ RunTime:0.001211s ]
[2023-02-11T16:32:53+08:00][sql] SHOW FULL COLUMNS FROM `wk_provider` [ RunTime:0.001089s ]
[2023-02-11T16:32:53+08:00][sql] SELECT `id`,`qr`,`name`,`members`,`room_id`,`joinable_wc`,`status` FROM `wk_entrance` WHERE  `provider_id` IN (SELECT `id` FROM `wk_provider` WHERE  `manager_id` IS NULL)  AND `get_time` <  1676082773  AND `status` IN (0,1)  AND `joinable_wc` IN (0,1)  AND `expire_date` >= NOW() ORDER BY `status`,`joinable_wc` ASC LIMIT 1 [ RunTime:0.000620s ]
[2023-02-11T16:32:53+08:00][sql] CONNECT:[ UseTime:0.020038s ] mysql:host=127.0.0.1;port=3306;dbname=c2;charset=utf8mb4
[2023-02-11T16:32:53+08:00][sql] SHOW FULL COLUMNS FROM `wk_setting` [ RunTime:0.001156s ]
[2023-02-11T16:32:53+08:00][sql] SELECT `key` FROM `wk_setting` WHERE  `key` = 'api_key'  AND `str_val` = 'MTIzcXdlIUAj' LIMIT 1 [ RunTime:0.000265s ]
[2023-02-11T16:32:53+08:00][sql] SHOW FULL COLUMNS FROM `wk_entrance` [ RunTime:0.000734s ]
[2023-02-11T16:32:53+08:00][sql] SHOW FULL COLUMNS FROM `wk_provider` [ RunTime:0.000561s ]
[2023-02-11T16:32:53+08:00][sql] SELECT `id`,`qr`,`name`,`members`,`room_id`,`joinable_wc`,`status` FROM `wk_entrance` WHERE  `provider_id` IN (SELECT `id` FROM `wk_provider` WHERE  `manager_id` IS NULL)  AND `get_time` <  1676082773  AND `status` IN (0,1)  AND `joinable_wc` IN (0,1)  AND `expire_date` >= NOW() ORDER BY `status`,`joinable_wc` ASC LIMIT 1 [ RunTime:0.000402s ]
[2023-02-11T16:32:53+08:00][sql] CONNECT:[ UseTime:0.000588s ] mysql:host=127.0.0.1;port=3306;dbname=c2;charset=utf8mb4
[2023-02-11T16:32:53+08:00][sql] SHOW FULL COLUMNS FROM `wk_setting` [ RunTime:0.000761s ]
[2023-02-11T16:32:53+08:00][sql] SELECT `key` FROM `wk_setting` WHERE  `key` = 'api_key'  AND `str_val` = 'MTIzcXdlIUAj' LIMIT 1 [ RunTime:0.000193s ]
[2023-02-11T16:32:53+08:00][sql] SHOW FULL COLUMNS FROM `wk_entrance` [ RunTime:0.001408s ]
[2023-02-11T16:32:53+08:00][sql] SHOW FULL COLUMNS FROM `wk_provider` [ RunTime:0.000728s ]
[2023-02-11T16:32:53+08:00][sql] SELECT `id`,`qr`,`name`,`members`,`room_id`,`joinable_wc`,`status` FROM `wk_entrance` WHERE  `provider_id` IN (SELECT `id` FROM `wk_provider` WHERE  `manager_id` IS NULL)  AND `get_time` <  1676082773  AND `status` IN (0,1)  AND `joinable_wc` IN (0,1)  AND `expire_date` >= NOW() ORDER BY `status`,`joinable_wc` ASC LIMIT 1 [ RunTime:0.000533s ]
[2023-02-11T16:32:53+08:00][sql] CONNECT:[ UseTime:0.000552s ] mysql:host=127.0.0.1;port=3306;dbname=c2;charset=utf8mb4
[2023-02-11T16:32:53+08:00][sql] SHOW FULL COLUMNS FROM `wk_setting` [ RunTime:0.000824s ]
[2023-02-11T16:32:53+08:00][sql] SELECT `key` FROM `wk_setting` WHERE  `key` = 'api_key'  AND `str_val` = 'MTIzcXdlIUAj' LIMIT 1 [ RunTime:0.000185s ]
[2023-02-11T16:32:53+08:00][sql] SHOW FULL COLUMNS FROM `wk_entrance` [ RunTime:0.000660s ]
[2023-02-11T16:32:53+08:00][sql] SHOW FULL COLUMNS FROM `wk_provider` [ RunTime:0.000790s ]
[2023-02-11T16:32:53+08:00][sql] SELECT `id`,`qr`,`name`,`members`,`room_id`,`joinable_wc`,`status` FROM `wk_entrance` WHERE  `provider_id` IN (SELECT `id` FROM `wk_provider` WHERE  `manager_id` IS NULL)  AND `get_time` <  1676082773  AND `status` IN (0,1)  AND `joinable_wc` IN (0,1)  AND `expire_date` >= NOW() ORDER BY `status`,`joinable_wc` ASC LIMIT 1 [ RunTime:0.000476s ]
[2023-02-11T16:32:53+08:00][sql] CONNECT:[ UseTime:0.000642s ] mysql:host=127.0.0.1;port=3306;dbname=c2;charset=utf8mb4
[2023-02-11T16:32:53+08:00][sql] SHOW FULL COLUMNS FROM `wk_setting` [ RunTime:0.000887s ]
[2023-02-11T16:32:53+08:00][sql] SELECT `key` FROM `wk_setting` WHERE  `key` = 'api_key'  AND `str_val` = 'MTIzcXdlIUAj' LIMIT 1 [ RunTime:0.000728s ]
[2023-02-11T16:32:53+08:00][sql] SHOW FULL COLUMNS FROM `wk_entrance` [ RunTime:0.000853s ]
[2023-02-11T16:32:53+08:00][sql] SHOW FULL COLUMNS FROM `wk_provider` [ RunTime:0.000751s ]
[2023-02-11T16:32:53+08:00][sql] SELECT `id`,`qr`,`name`,`members`,`room_id`,`joinable_wc`,`status` FROM `wk_entrance` WHERE  `provider_id` IN (SELECT `id` FROM `wk_provider` WHERE  `manager_id` IS NULL)  AND `get_time` <  1676082773  AND `status` IN (0,1)  AND `joinable_wc` IN (0,1)  AND `expire_date` >= NOW() ORDER BY `status`,`joinable_wc` ASC LIMIT 1 [ RunTime:0.000504s ]
[2023-02-11T16:32:53+08:00][sql] CONNECT:[ UseTime:0.000553s ] mysql:host=127.0.0.1;port=3306;dbname=c2;charset=utf8mb4
[2023-02-11T16:32:53+08:00][sql] SHOW FULL COLUMNS FROM `wk_setting` [ RunTime:0.000826s ]
[2023-02-11T16:32:53+08:00][sql] SELECT `key` FROM `wk_setting` WHERE  `key` = 'api_key'  AND `str_val` = 'MTIzcXdlIUAj' LIMIT 1 [ RunTime:0.000196s ]
[2023-02-11T16:32:53+08:00][sql] SHOW FULL COLUMNS FROM `wk_entrance` [ RunTime:0.000723s ]
[2023-02-11T16:32:53+08:00][sql] SHOW FULL COLUMNS FROM `wk_provider` [ RunTime:0.000579s ]
[2023-02-11T16:32:53+08:00][sql] SELECT `id`,`qr`,`name`,`members`,`room_id`,`joinable_wc`,`status` FROM `wk_entrance` WHERE  `provider_id` IN (SELECT `id` FROM `wk_provider` WHERE  `manager_id` IS NULL)  AND `get_time` <  1676082773  AND `status` IN (0,1)  AND `joinable_wc` IN (0,1)  AND `expire_date` >= NOW() ORDER BY `status`,`joinable_wc` ASC LIMIT 1 [ RunTime:0.000777s ]
[2023-02-11T16:32:53+08:00][sql] CONNECT:[ UseTime:0.000631s ] mysql:host=127.0.0.1;port=3306;dbname=c2;charset=utf8mb4
[2023-02-11T16:32:53+08:00][sql] SHOW FULL COLUMNS FROM `wk_setting` [ RunTime:0.000724s ]
[2023-02-11T16:32:53+08:00][sql] SELECT `key` FROM `wk_setting` WHERE  `key` = 'api_key'  AND `str_val` = 'MTIzcXdlIUAj' LIMIT 1 [ RunTime:0.000169s ]
[2023-02-11T16:32:53+08:00][sql] SHOW FULL COLUMNS FROM `wk_entrance` [ RunTime:0.001117s ]
[2023-02-11T16:32:53+08:00][sql] SHOW FULL COLUMNS FROM `wk_provider` [ RunTime:0.001153s ]
[2023-02-11T16:32:53+08:00][sql] SELECT `id`,`qr`,`name`,`members`,`room_id`,`joinable_wc`,`status` FROM `wk_entrance` WHERE  `provider_id` IN (SELECT `id` FROM `wk_provider` WHERE  `manager_id` IS NULL)  AND `get_time` <  1676082773  AND `status` IN (0,1)  AND `joinable_wc` IN (0,1)  AND `expire_date` >= NOW() ORDER BY `status`,`joinable_wc` ASC LIMIT 1 [ RunTime:0.000816s ]
[2023-02-11T16:32:53+08:00][sql] CONNECT:[ UseTime:0.025002s ] mysql:host=127.0.0.1;port=3306;dbname=c2;charset=utf8mb4
[2023-02-11T16:32:53+08:00][sql] SHOW FULL COLUMNS FROM `wk_setting` [ RunTime:0.000995s ]
[2023-02-11T16:32:53+08:00][sql] SELECT `key` FROM `wk_setting` WHERE  `key` = 'api_key'  AND `str_val` = 'MTIzcXdlIUAj' LIMIT 1 [ RunTime:0.000297s ]
[2023-02-11T16:32:53+08:00][sql] SHOW FULL COLUMNS FROM `wk_entrance` [ RunTime:0.001385s ]
[2023-02-11T16:32:53+08:00][sql] SHOW FULL COLUMNS FROM `wk_provider` [ RunTime:0.000854s ]
[2023-02-11T16:32:53+08:00][sql] SELECT `id`,`qr`,`name`,`members`,`room_id`,`joinable_wc`,`status` FROM `wk_entrance` WHERE  `provider_id` IN (SELECT `id` FROM `wk_provider` WHERE  `manager_id` IS NULL)  AND `get_time` <  1676082773  AND `status` IN (0,1)  AND `joinable_wc` IN (0,1)  AND `expire_date` >= NOW() ORDER BY `status`,`joinable_wc` ASC LIMIT 1 [ RunTime:0.001119s ]
[2023-02-11T16:32:53+08:00][sql] CONNECT:[ UseTime:0.000687s ] mysql:host=127.0.0.1;port=3306;dbname=c2;charset=utf8mb4
[2023-02-11T16:32:53+08:00][sql] SHOW FULL COLUMNS FROM `wk_setting` [ RunTime:0.000914s ]
[2023-02-11T16:32:53+08:00][sql] SELECT `key` FROM `wk_setting` WHERE  `key` = 'api_key'  AND `str_val` = 'MTIzcXdlIUAj' LIMIT 1 [ RunTime:0.000230s ]
[2023-02-11T16:32:53+08:00][sql] SHOW FULL COLUMNS FROM `wk_entrance` [ RunTime:0.000742s ]
[2023-02-11T16:32:53+08:00][sql] SHOW FULL COLUMNS FROM `wk_provider` [ RunTime:0.001085s ]
[2023-02-11T16:32:53+08:00][sql] SELECT `id`,`qr`,`name`,`members`,`room_id`,`joinable_wc`,`status` FROM `wk_entrance` WHERE  `provider_id` IN (SELECT `id` FROM `wk_provider` WHERE  `manager_id` IS NULL)  AND `get_time` <  1676082773  AND `status` IN (0,1)  AND `joinable_wc` IN (0,1)  AND `expire_date` >= NOW() ORDER BY `status`,`joinable_wc` ASC LIMIT 1 [ RunTime:0.001113s ]
[2023-02-11T16:32:53+08:00][sql] CONNECT:[ UseTime:0.000739s ] mysql:host=127.0.0.1;port=3306;dbname=c2;charset=utf8mb4
[2023-02-11T16:32:53+08:00][sql] SHOW FULL COLUMNS FROM `wk_setting` [ RunTime:0.000966s ]
[2023-02-11T16:32:53+08:00][sql] SELECT `key` FROM `wk_setting` WHERE  `key` = 'api_key'  AND `str_val` = 'MTIzcXdlIUAj' LIMIT 1 [ RunTime:0.000287s ]
[2023-02-11T16:32:53+08:00][sql] SHOW FULL COLUMNS FROM `wk_entrance` [ RunTime:0.000855s ]
[2023-02-11T16:32:53+08:00][sql] SHOW FULL COLUMNS FROM `wk_provider` [ RunTime:0.000692s ]
[2023-02-11T16:32:53+08:00][sql] SELECT `id`,`qr`,`name`,`members`,`room_id`,`joinable_wc`,`status` FROM `wk_entrance` WHERE  `provider_id` IN (SELECT `id` FROM `wk_provider` WHERE  `manager_id` IS NULL)  AND `get_time` <  1676082773  AND `status` IN (0,1)  AND `joinable_wc` IN (0,1)  AND `expire_date` >= NOW() ORDER BY `status`,`joinable_wc` ASC LIMIT 1 [ RunTime:0.000559s ]
[2023-02-11T16:32:53+08:00][sql] CONNECT:[ UseTime:0.000643s ] mysql:host=127.0.0.1;port=3306;dbname=c2;charset=utf8mb4
[2023-02-11T16:32:53+08:00][sql] SHOW FULL COLUMNS FROM `wk_setting` [ RunTime:0.000829s ]
[2023-02-11T16:32:53+08:00][sql] SELECT `key` FROM `wk_setting` WHERE  `key` = 'api_key'  AND `str_val` = 'MTIzcXdlIUAj' LIMIT 1 [ RunTime:0.000256s ]
[2023-02-11T16:32:53+08:00][sql] SHOW FULL COLUMNS FROM `wk_entrance` [ RunTime:0.000962s ]
[2023-02-11T16:32:53+08:00][sql] SHOW FULL COLUMNS FROM `wk_provider` [ RunTime:0.000853s ]
[2023-02-11T16:32:53+08:00][sql] SELECT `id`,`qr`,`name`,`members`,`room_id`,`joinable_wc`,`status` FROM `wk_entrance` WHERE  `provider_id` IN (SELECT `id` FROM `wk_provider` WHERE  `manager_id` IS NULL)  AND `get_time` <  1676082773  AND `status` IN (0,1)  AND `joinable_wc` IN (0,1)  AND `expire_date` >= NOW() ORDER BY `status`,`joinable_wc` ASC LIMIT 1 [ RunTime:0.000619s ]
[2023-02-11T16:32:53+08:00][sql] CONNECT:[ UseTime:0.000784s ] mysql:host=127.0.0.1;port=3306;dbname=c2;charset=utf8mb4
[2023-02-11T16:32:53+08:00][sql] SHOW FULL COLUMNS FROM `wk_setting` [ RunTime:0.000804s ]
[2023-02-11T16:32:53+08:00][sql] SELECT `key` FROM `wk_setting` WHERE  `key` = 'api_key'  AND `str_val` = 'MTIzcXdlIUAj' LIMIT 1 [ RunTime:0.000322s ]
[2023-02-11T16:32:53+08:00][sql] SHOW FULL COLUMNS FROM `wk_entrance` [ RunTime:0.000740s ]
[2023-02-11T16:32:53+08:00][sql] SHOW FULL COLUMNS FROM `wk_provider` [ RunTime:0.001014s ]
[2023-02-11T16:32:53+08:00][sql] SELECT `id`,`qr`,`name`,`members`,`room_id`,`joinable_wc`,`status` FROM `wk_entrance` WHERE  `provider_id` IN (SELECT `id` FROM `wk_provider` WHERE  `manager_id` IS NULL)  AND `get_time` <  1676082773  AND `status` IN (0,1)  AND `joinable_wc` IN (0,1)  AND `expire_date` >= NOW() ORDER BY `status`,`joinable_wc` ASC LIMIT 1 [ RunTime:0.000726s ]
[2023-02-11T16:32:53+08:00][sql] CONNECT:[ UseTime:0.014731s ] mysql:host=127.0.0.1;port=3306;dbname=c2;charset=utf8mb4
[2023-02-11T16:32:53+08:00][sql] SHOW FULL COLUMNS FROM `wk_setting` [ RunTime:0.000927s ]
[2023-02-11T16:32:53+08:00][sql] SELECT `key` FROM `wk_setting` WHERE  `key` = 'api_key'  AND `str_val` = 'MTIzcXdlIUAj' LIMIT 1 [ RunTime:0.000285s ]
[2023-02-11T16:32:53+08:00][sql] SHOW FULL COLUMNS FROM `wk_entrance` [ RunTime:0.000925s ]
[2023-02-11T16:32:53+08:00][sql] SHOW FULL COLUMNS FROM `wk_provider` [ RunTime:0.000714s ]
[2023-02-11T16:32:53+08:00][sql] SELECT `id`,`qr`,`name`,`members`,`room_id`,`joinable_wc`,`status` FROM `wk_entrance` WHERE  `provider_id` IN (SELECT `id` FROM `wk_provider` WHERE  `manager_id` IS NULL)  AND `get_time` <  1676082773  AND `status` IN (0,1)  AND `joinable_wc` IN (0,1)  AND `expire_date` >= NOW() ORDER BY `status`,`joinable_wc` ASC LIMIT 1 [ RunTime:0.000537s ]
[2023-02-11T16:32:53+08:00][sql] CONNECT:[ UseTime:0.000664s ] mysql:host=127.0.0.1;port=3306;dbname=c2;charset=utf8mb4
[2023-02-11T16:32:53+08:00][sql] SHOW FULL COLUMNS FROM `wk_setting` [ RunTime:0.001370s ]
[2023-02-11T16:32:53+08:00][sql] SELECT `key` FROM `wk_setting` WHERE  `key` = 'api_key'  AND `str_val` = 'MTIzcXdlIUAj' LIMIT 1 [ RunTime:0.000359s ]
[2023-02-11T16:32:53+08:00][sql] SHOW FULL COLUMNS FROM `wk_entrance` [ RunTime:0.000827s ]
[2023-02-11T16:32:53+08:00][sql] SHOW FULL COLUMNS FROM `wk_provider` [ RunTime:0.000854s ]
[2023-02-11T16:32:53+08:00][sql] SELECT `id`,`qr`,`name`,`members`,`room_id`,`joinable_wc`,`status` FROM `wk_entrance` WHERE  `provider_id` IN (SELECT `id` FROM `wk_provider` WHERE  `manager_id` IS NULL)  AND `get_time` <  1676082773  AND `status` IN (0,1)  AND `joinable_wc` IN (0,1)  AND `expire_date` >= NOW() ORDER BY `status`,`joinable_wc` ASC LIMIT 1 [ RunTime:0.000575s ]
[2023-02-11T16:32:53+08:00][sql] CONNECT:[ UseTime:0.021475s ] mysql:host=127.0.0.1;port=3306;dbname=c2;charset=utf8mb4
[2023-02-11T16:32:53+08:00][sql] SHOW FULL COLUMNS FROM `wk_setting` [ RunTime:0.001353s ]
[2023-02-11T16:32:53+08:00][sql] SELECT `key` FROM `wk_setting` WHERE  `key` = 'api_key'  AND `str_val` = 'MTIzcXdlIUAj' LIMIT 1 [ RunTime:0.000345s ]
[2023-02-11T16:32:53+08:00][sql] SHOW FULL COLUMNS FROM `wk_entrance` [ RunTime:0.001111s ]
[2023-02-11T16:32:53+08:00][sql] SHOW FULL COLUMNS FROM `wk_provider` [ RunTime:0.001199s ]
[2023-02-11T16:32:53+08:00][sql] SELECT `id`,`qr`,`name`,`members`,`room_id`,`joinable_wc`,`status` FROM `wk_entrance` WHERE  `provider_id` IN (SELECT `id` FROM `wk_provider` WHERE  `manager_id` IS NULL)  AND `get_time` <  1676082773  AND `status` IN (0,1)  AND `joinable_wc` IN (0,1)  AND `expire_date` >= NOW() ORDER BY `status`,`joinable_wc` ASC LIMIT 1 [ RunTime:0.000547s ]
[2023-02-11T16:32:53+08:00][sql] CONNECT:[ UseTime:0.018238s ] mysql:host=127.0.0.1;port=3306;dbname=c2;charset=utf8mb4
[2023-02-11T16:32:53+08:00][sql] SHOW FULL COLUMNS FROM `wk_setting` [ RunTime:0.001148s ]
[2023-02-11T16:32:53+08:00][sql] SELECT `key` FROM `wk_setting` WHERE  `key` = 'api_key'  AND `str_val` = 'MTIzcXdlIUAj' LIMIT 1 [ RunTime:0.000330s ]
[2023-02-11T16:32:53+08:00][sql] SHOW FULL COLUMNS FROM `wk_entrance` [ RunTime:0.001293s ]
[2023-02-11T16:32:53+08:00][sql] SHOW FULL COLUMNS FROM `wk_provider` [ RunTime:0.000678s ]
[2023-02-11T16:32:53+08:00][sql] SELECT `id`,`qr`,`name`,`members`,`room_id`,`joinable_wc`,`status` FROM `wk_entrance` WHERE  `provider_id` IN (SELECT `id` FROM `wk_provider` WHERE  `manager_id` IS NULL)  AND `get_time` <  1676082773  AND `status` IN (0,1)  AND `joinable_wc` IN (0,1)  AND `expire_date` >= NOW() ORDER BY `status`,`joinable_wc` ASC LIMIT 1 [ RunTime:0.000487s ]
[2023-02-11T16:32:53+08:00][sql] CONNECT:[ UseTime:0.000897s ] mysql:host=127.0.0.1;port=3306;dbname=c2;charset=utf8mb4
[2023-02-11T16:32:53+08:00][sql] SHOW FULL COLUMNS FROM `wk_setting` [ RunTime:0.000887s ]
[2023-02-11T16:32:53+08:00][sql] SELECT `key` FROM `wk_setting` WHERE  `key` = 'api_key'  AND `str_val` = 'MTIzcXdlIUAj' LIMIT 1 [ RunTime:0.000328s ]
[2023-02-11T16:32:53+08:00][sql] SHOW FULL COLUMNS FROM `wk_entrance` [ RunTime:0.001122s ]
[2023-02-11T16:32:53+08:00][sql] SHOW FULL COLUMNS FROM `wk_provider` [ RunTime:0.000617s ]
[2023-02-11T16:32:53+08:00][sql] SELECT `id`,`qr`,`name`,`members`,`room_id`,`joinable_wc`,`status` FROM `wk_entrance` WHERE  `provider_id` IN (SELECT `id` FROM `wk_provider` WHERE  `manager_id` IS NULL)  AND `get_time` <  1676082773  AND `status` IN (0,1)  AND `joinable_wc` IN (0,1)  AND `expire_date` >= NOW() ORDER BY `status`,`joinable_wc` ASC LIMIT 1 [ RunTime:0.000541s ]
[2023-02-11T16:32:53+08:00][sql] CONNECT:[ UseTime:0.000983s ] mysql:host=127.0.0.1;port=3306;dbname=c2;charset=utf8mb4
[2023-02-11T16:32:53+08:00][sql] SHOW FULL COLUMNS FROM `wk_setting` [ RunTime:0.001091s ]
[2023-02-11T16:32:53+08:00][sql] SELECT `key` FROM `wk_setting` WHERE  `key` = 'api_key'  AND `str_val` = 'MTIzcXdlIUAj' LIMIT 1 [ RunTime:0.000342s ]
[2023-02-11T16:32:53+08:00][sql] SHOW FULL COLUMNS FROM `wk_entrance` [ RunTime:0.000938s ]
[2023-02-11T16:32:53+08:00][sql] SHOW FULL COLUMNS FROM `wk_provider` [ RunTime:0.000749s ]
[2023-02-11T16:32:53+08:00][sql] SELECT `id`,`qr`,`name`,`members`,`room_id`,`joinable_wc`,`status` FROM `wk_entrance` WHERE  `provider_id` IN (SELECT `id` FROM `wk_provider` WHERE  `manager_id` IS NULL)  AND `get_time` <  1676082773  AND `status` IN (0,1)  AND `joinable_wc` IN (0,1)  AND `expire_date` >= NOW() ORDER BY `status`,`joinable_wc` ASC LIMIT 1 [ RunTime:0.000543s ]
[2023-02-11T16:32:53+08:00][sql] CONNECT:[ UseTime:0.001553s ] mysql:host=127.0.0.1;port=3306;dbname=c2;charset=utf8mb4
[2023-02-11T16:32:53+08:00][sql] SHOW FULL COLUMNS FROM `wk_setting` [ RunTime:0.000937s ]
[2023-02-11T16:32:53+08:00][sql] SELECT `key` FROM `wk_setting` WHERE  `key` = 'api_key'  AND `str_val` = 'MTIzcXdlIUAj' LIMIT 1 [ RunTime:0.000234s ]
[2023-02-11T16:32:53+08:00][sql] SHOW FULL COLUMNS FROM `wk_entrance` [ RunTime:0.000883s ]
[2023-02-11T16:32:53+08:00][sql] SHOW FULL COLUMNS FROM `wk_provider` [ RunTime:0.000843s ]
[2023-02-11T16:32:53+08:00][sql] SELECT `id`,`qr`,`name`,`members`,`room_id`,`joinable_wc`,`status` FROM `wk_entrance` WHERE  `provider_id` IN (SELECT `id` FROM `wk_provider` WHERE  `manager_id` IS NULL)  AND `get_time` <  1676082773  AND `status` IN (0,1)  AND `joinable_wc` IN (0,1)  AND `expire_date` >= NOW() ORDER BY `status`,`joinable_wc` ASC LIMIT 1 [ RunTime:0.000610s ]
[2023-02-11T16:32:53+08:00][sql] CONNECT:[ UseTime:0.000955s ] mysql:host=127.0.0.1;port=3306;dbname=c2;charset=utf8mb4
[2023-02-11T16:32:53+08:00][sql] SHOW FULL COLUMNS FROM `wk_setting` [ RunTime:0.001426s ]
[2023-02-11T16:32:53+08:00][sql] SELECT `key` FROM `wk_setting` WHERE  `key` = 'api_key'  AND `str_val` = 'MTIzcXdlIUAj' LIMIT 1 [ RunTime:0.000383s ]
[2023-02-11T16:32:53+08:00][sql] SHOW FULL COLUMNS FROM `wk_entrance` [ RunTime:0.001579s ]
[2023-02-11T16:32:53+08:00][sql] SHOW FULL COLUMNS FROM `wk_provider` [ RunTime:0.000823s ]
[2023-02-11T16:32:53+08:00][sql] SELECT `id`,`qr`,`name`,`members`,`room_id`,`joinable_wc`,`status` FROM `wk_entrance` WHERE  `provider_id` IN (SELECT `id` FROM `wk_provider` WHERE  `manager_id` IS NULL)  AND `get_time` <  1676082773  AND `status` IN (0,1)  AND `joinable_wc` IN (0,1)  AND `expire_date` >= NOW() ORDER BY `status`,`joinable_wc` ASC LIMIT 1 [ RunTime:0.000574s ]
[2023-02-11T16:32:53+08:00][sql] CONNECT:[ UseTime:0.000763s ] mysql:host=127.0.0.1;port=3306;dbname=c2;charset=utf8mb4
[2023-02-11T16:32:53+08:00][sql] SHOW FULL COLUMNS FROM `wk_setting` [ RunTime:0.001170s ]
[2023-02-11T16:32:53+08:00][sql] SELECT `key` FROM `wk_setting` WHERE  `key` = 'api_key'  AND `str_val` = 'MTIzcXdlIUAj' LIMIT 1 [ RunTime:0.000321s ]
[2023-02-11T16:32:53+08:00][sql] SHOW FULL COLUMNS FROM `wk_entrance` [ RunTime:0.003006s ]
[2023-02-11T16:32:53+08:00][sql] SHOW FULL COLUMNS FROM `wk_provider` [ RunTime:0.000910s ]
[2023-02-11T16:32:53+08:00][sql] SELECT `id`,`qr`,`name`,`members`,`room_id`,`joinable_wc`,`status` FROM `wk_entrance` WHERE  `provider_id` IN (SELECT `id` FROM `wk_provider` WHERE  `manager_id` IS NULL)  AND `get_time` <  1676082773  AND `status` IN (0,1)  AND `joinable_wc` IN (0,1)  AND `expire_date` >= NOW() ORDER BY `status`,`joinable_wc` ASC LIMIT 1 [ RunTime:0.000723s ]
[2023-02-11T16:32:53+08:00][sql] CONNECT:[ UseTime:0.000720s ] mysql:host=127.0.0.1;port=3306;dbname=c2;charset=utf8mb4
[2023-02-11T16:32:53+08:00][sql] SHOW FULL COLUMNS FROM `wk_setting` [ RunTime:0.001236s ]
[2023-02-11T16:32:53+08:00][sql] SELECT `key` FROM `wk_setting` WHERE  `key` = 'api_key'  AND `str_val` = 'MTIzcXdlIUAj' LIMIT 1 [ RunTime:0.000300s ]
[2023-02-11T16:32:53+08:00][sql] SHOW FULL COLUMNS FROM `wk_entrance` [ RunTime:0.001148s ]
[2023-02-11T16:32:53+08:00][sql] SHOW FULL COLUMNS FROM `wk_provider` [ RunTime:0.000718s ]
[2023-02-11T16:32:53+08:00][sql] SELECT `id`,`qr`,`name`,`members`,`room_id`,`joinable_wc`,`status` FROM `wk_entrance` WHERE  `provider_id` IN (SELECT `id` FROM `wk_provider` WHERE  `manager_id` IS NULL)  AND `get_time` <  1676082773  AND `status` IN (0,1)  AND `joinable_wc` IN (0,1)  AND `expire_date` >= NOW() ORDER BY `status`,`joinable_wc` ASC LIMIT 1 [ RunTime:0.000599s ]
[2023-02-11T16:32:53+08:00][sql] CONNECT:[ UseTime:0.000673s ] mysql:host=127.0.0.1;port=3306;dbname=c2;charset=utf8mb4
[2023-02-11T16:32:53+08:00][sql] SHOW FULL COLUMNS FROM `wk_setting` [ RunTime:0.000971s ]
[2023-02-11T16:32:53+08:00][sql] SELECT `key` FROM `wk_setting` WHERE  `key` = 'api_key'  AND `str_val` = 'MTIzcXdlIUAj' LIMIT 1 [ RunTime:0.000293s ]
[2023-02-11T16:32:53+08:00][sql] SHOW FULL COLUMNS FROM `wk_entrance` [ RunTime:0.000948s ]
[2023-02-11T16:32:53+08:00][sql] SHOW FULL COLUMNS FROM `wk_provider` [ RunTime:0.000779s ]
[2023-02-11T16:32:53+08:00][sql] SELECT `id`,`qr`,`name`,`members`,`room_id`,`joinable_wc`,`status` FROM `wk_entrance` WHERE  `provider_id` IN (SELECT `id` FROM `wk_provider` WHERE  `manager_id` IS NULL)  AND `get_time` <  1676082773  AND `status` IN (0,1)  AND `joinable_wc` IN (0,1)  AND `expire_date` >= NOW() ORDER BY `status`,`joinable_wc` ASC LIMIT 1 [ RunTime:0.000447s ]
[2023-02-11T16:32:54+08:00][sql] CONNECT:[ UseTime:0.000686s ] mysql:host=127.0.0.1;port=3306;dbname=c2;charset=utf8mb4
[2023-02-11T16:32:54+08:00][sql] SHOW FULL COLUMNS FROM `wk_setting` [ RunTime:0.000780s ]
[2023-02-11T16:32:54+08:00][sql] SELECT `key` FROM `wk_setting` WHERE  `key` = 'api_key'  AND `str_val` = 'MTIzcXdlIUAj' LIMIT 1 [ RunTime:0.000222s ]
[2023-02-11T16:32:54+08:00][sql] SHOW FULL COLUMNS FROM `wk_entrance` [ RunTime:0.000620s ]
[2023-02-11T16:32:54+08:00][sql] SHOW FULL COLUMNS FROM `wk_provider` [ RunTime:0.000541s ]
[2023-02-11T16:32:54+08:00][sql] SELECT `id`,`qr`,`name`,`members`,`room_id`,`joinable_wc`,`status` FROM `wk_entrance` WHERE  `provider_id` IN (SELECT `id` FROM `wk_provider` WHERE  `manager_id` IS NULL)  AND `get_time` <  1676082774  AND `status` IN (0,1)  AND `joinable_wc` IN (0,1)  AND `expire_date` >= NOW() ORDER BY `status`,`joinable_wc` ASC LIMIT 1 [ RunTime:0.000412s ]
[2023-02-11T16:32:54+08:00][sql] CONNECT:[ UseTime:0.000626s ] mysql:host=127.0.0.1;port=3306;dbname=c2;charset=utf8mb4
[2023-02-11T16:32:54+08:00][sql] SHOW FULL COLUMNS FROM `wk_setting` [ RunTime:0.000770s ]
[2023-02-11T16:32:54+08:00][sql] SELECT `key` FROM `wk_setting` WHERE  `key` = 'api_key'  AND `str_val` = 'MTIzcXdlIUAj' LIMIT 1 [ RunTime:0.000219s ]
[2023-02-11T16:32:54+08:00][sql] SHOW FULL COLUMNS FROM `wk_entrance` [ RunTime:0.000715s ]
[2023-02-11T16:32:54+08:00][sql] SHOW FULL COLUMNS FROM `wk_provider` [ RunTime:0.001014s ]
[2023-02-11T16:32:54+08:00][sql] SELECT `id`,`qr`,`name`,`members`,`room_id`,`joinable_wc`,`status` FROM `wk_entrance` WHERE  `provider_id` IN (SELECT `id` FROM `wk_provider` WHERE  `manager_id` IS NULL)  AND `get_time` <  1676082774  AND `status` IN (0,1)  AND `joinable_wc` IN (0,1)  AND `expire_date` >= NOW() ORDER BY `status`,`joinable_wc` ASC LIMIT 1 [ RunTime:0.000746s ]
[2023-02-11T16:32:54+08:00][sql] CONNECT:[ UseTime:0.000644s ] mysql:host=127.0.0.1;port=3306;dbname=c2;charset=utf8mb4
[2023-02-11T16:32:54+08:00][sql] SHOW FULL COLUMNS FROM `wk_setting` [ RunTime:0.000806s ]
[2023-02-11T16:32:54+08:00][sql] SELECT `key` FROM `wk_setting` WHERE  `key` = 'api_key'  AND `str_val` = 'MTIzcXdlIUAj' LIMIT 1 [ RunTime:0.000249s ]
[2023-02-11T16:32:54+08:00][sql] SHOW FULL COLUMNS FROM `wk_entrance` [ RunTime:0.000971s ]
[2023-02-11T16:32:54+08:00][sql] SHOW FULL COLUMNS FROM `wk_provider` [ RunTime:0.000631s ]
[2023-02-11T16:32:54+08:00][sql] SELECT `id`,`qr`,`name`,`members`,`room_id`,`joinable_wc`,`status` FROM `wk_entrance` WHERE  `provider_id` IN (SELECT `id` FROM `wk_provider` WHERE  `manager_id` IS NULL)  AND `get_time` <  1676082774  AND `status` IN (0,1)  AND `joinable_wc` IN (0,1)  AND `expire_date` >= NOW() ORDER BY `status`,`joinable_wc` ASC LIMIT 1 [ RunTime:0.000585s ]
[2023-02-11T16:32:54+08:00][sql] CONNECT:[ UseTime:0.000548s ] mysql:host=127.0.0.1;port=3306;dbname=c2;charset=utf8mb4
[2023-02-11T16:32:54+08:00][sql] SHOW FULL COLUMNS FROM `wk_setting` [ RunTime:0.000739s ]
[2023-02-11T16:32:54+08:00][sql] SELECT `key` FROM `wk_setting` WHERE  `key` = 'api_key'  AND `str_val` = 'MTIzcXdlIUAj' LIMIT 1 [ RunTime:0.000187s ]
[2023-02-11T16:32:54+08:00][sql] SHOW FULL COLUMNS FROM `wk_entrance` [ RunTime:0.000569s ]
[2023-02-11T16:32:54+08:00][sql] SHOW FULL COLUMNS FROM `wk_provider` [ RunTime:0.000514s ]
[2023-02-11T16:32:54+08:00][sql] SELECT `id`,`qr`,`name`,`members`,`room_id`,`joinable_wc`,`status` FROM `wk_entrance` WHERE  `provider_id` IN (SELECT `id` FROM `wk_provider` WHERE  `manager_id` IS NULL)  AND `get_time` <  1676082774  AND `status` IN (0,1)  AND `joinable_wc` IN (0,1)  AND `expire_date` >= NOW() ORDER BY `status`,`joinable_wc` ASC LIMIT 1 [ RunTime:0.000435s ]
[2023-02-11T16:32:54+08:00][sql] CONNECT:[ UseTime:0.000519s ] mysql:host=127.0.0.1;port=3306;dbname=c2;charset=utf8mb4
[2023-02-11T16:32:54+08:00][sql] SHOW FULL COLUMNS FROM `wk_setting` [ RunTime:0.000727s ]
[2023-02-11T16:32:54+08:00][sql] SELECT `key` FROM `wk_setting` WHERE  `key` = 'api_key'  AND `str_val` = 'MTIzcXdlIUAj' LIMIT 1 [ RunTime:0.000240s ]
[2023-02-11T16:32:54+08:00][sql] SHOW FULL COLUMNS FROM `wk_entrance` [ RunTime:0.000604s ]
[2023-02-11T16:32:54+08:00][sql] SHOW FULL COLUMNS FROM `wk_provider` [ RunTime:0.000485s ]
[2023-02-11T16:32:54+08:00][sql] SELECT `id`,`qr`,`name`,`members`,`room_id`,`joinable_wc`,`status` FROM `wk_entrance` WHERE  `provider_id` IN (SELECT `id` FROM `wk_provider` WHERE  `manager_id` IS NULL)  AND `get_time` <  1676082774  AND `status` IN (0,1)  AND `joinable_wc` IN (0,1)  AND `expire_date` >= NOW() ORDER BY `status`,`joinable_wc` ASC LIMIT 1 [ RunTime:0.000423s ]
[2023-02-11T16:32:54+08:00][sql] CONNECT:[ UseTime:0.000603s ] mysql:host=127.0.0.1;port=3306;dbname=c2;charset=utf8mb4
[2023-02-11T16:32:54+08:00][sql] SHOW FULL COLUMNS FROM `wk_setting` [ RunTime:0.000835s ]
[2023-02-11T16:32:54+08:00][sql] SELECT `key` FROM `wk_setting` WHERE  `key` = 'api_key'  AND `str_val` = 'MTIzcXdlIUAj' LIMIT 1 [ RunTime:0.000235s ]
[2023-02-11T16:32:54+08:00][sql] SHOW FULL COLUMNS FROM `wk_entrance` [ RunTime:0.000697s ]
[2023-02-11T16:32:54+08:00][sql] SHOW FULL COLUMNS FROM `wk_provider` [ RunTime:0.000558s ]
[2023-02-11T16:32:54+08:00][sql] SELECT `id`,`qr`,`name`,`members`,`room_id`,`joinable_wc`,`status` FROM `wk_entrance` WHERE  `provider_id` IN (SELECT `id` FROM `wk_provider` WHERE  `manager_id` IS NULL)  AND `get_time` <  1676082774  AND `status` IN (0,1)  AND `joinable_wc` IN (0,1)  AND `expire_date` >= NOW() ORDER BY `status`,`joinable_wc` ASC LIMIT 1 [ RunTime:0.000422s ]
[2023-02-11T16:32:54+08:00][sql] CONNECT:[ UseTime:0.000598s ] mysql:host=127.0.0.1;port=3306;dbname=c2;charset=utf8mb4
[2023-02-11T16:32:54+08:00][sql] SHOW FULL COLUMNS FROM `wk_setting` [ RunTime:0.000757s ]
[2023-02-11T16:32:54+08:00][sql] SELECT `key` FROM `wk_setting` WHERE  `key` = 'api_key'  AND `str_val` = 'MTIzcXdlIUAj' LIMIT 1 [ RunTime:0.000272s ]
[2023-02-11T16:32:54+08:00][sql] SHOW FULL COLUMNS FROM `wk_entrance` [ RunTime:0.000730s ]
[2023-02-11T16:32:54+08:00][sql] SHOW FULL COLUMNS FROM `wk_provider` [ RunTime:0.000579s ]
[2023-02-11T16:32:54+08:00][sql] SELECT `id`,`qr`,`name`,`members`,`room_id`,`joinable_wc`,`status` FROM `wk_entrance` WHERE  `provider_id` IN (SELECT `id` FROM `wk_provider` WHERE  `manager_id` IS NULL)  AND `get_time` <  1676082774  AND `status` IN (0,1)  AND `joinable_wc` IN (0,1)  AND `expire_date` >= NOW() ORDER BY `status`,`joinable_wc` ASC LIMIT 1 [ RunTime:0.000406s ]
[2023-02-11T16:32:54+08:00][sql] CONNECT:[ UseTime:0.000767s ] mysql:host=127.0.0.1;port=3306;dbname=c2;charset=utf8mb4
[2023-02-11T16:32:54+08:00][sql] SHOW FULL COLUMNS FROM `wk_setting` [ RunTime:0.000719s ]
[2023-02-11T16:32:54+08:00][sql] SELECT `key` FROM `wk_setting` WHERE  `key` = 'api_key'  AND `str_val` = 'MTIzcXdlIUAj' LIMIT 1 [ RunTime:0.000196s ]
[2023-02-11T16:32:54+08:00][sql] SHOW FULL COLUMNS FROM `wk_entrance` [ RunTime:0.000726s ]
[2023-02-11T16:32:54+08:00][sql] SHOW FULL COLUMNS FROM `wk_provider` [ RunTime:0.000619s ]
[2023-02-11T16:32:54+08:00][sql] SELECT `id`,`qr`,`name`,`members`,`room_id`,`joinable_wc`,`status` FROM `wk_entrance` WHERE  `provider_id` IN (SELECT `id` FROM `wk_provider` WHERE  `manager_id` IS NULL)  AND `get_time` <  1676082774  AND `status` IN (0,1)  AND `joinable_wc` IN (0,1)  AND `expire_date` >= NOW() ORDER BY `status`,`joinable_wc` ASC LIMIT 1 [ RunTime:0.000455s ]
[2023-02-11T16:32:54+08:00][sql] CONNECT:[ UseTime:0.000621s ] mysql:host=127.0.0.1;port=3306;dbname=c2;charset=utf8mb4
[2023-02-11T16:32:54+08:00][sql] SHOW FULL COLUMNS FROM `wk_setting` [ RunTime:0.000682s ]
[2023-02-11T16:32:54+08:00][sql] SELECT `key` FROM `wk_setting` WHERE  `key` = 'api_key'  AND `str_val` = 'MTIzcXdlIUAj' LIMIT 1 [ RunTime:0.000194s ]
[2023-02-11T16:32:54+08:00][sql] SHOW FULL COLUMNS FROM `wk_entrance` [ RunTime:0.000593s ]
[2023-02-11T16:32:54+08:00][sql] SHOW FULL COLUMNS FROM `wk_provider` [ RunTime:0.000506s ]
[2023-02-11T16:32:54+08:00][sql] SELECT `id`,`qr`,`name`,`members`,`room_id`,`joinable_wc`,`status` FROM `wk_entrance` WHERE  `provider_id` IN (SELECT `id` FROM `wk_provider` WHERE  `manager_id` IS NULL)  AND `get_time` <  1676082774  AND `status` IN (0,1)  AND `joinable_wc` IN (0,1)  AND `expire_date` >= NOW() ORDER BY `status`,`joinable_wc` ASC LIMIT 1 [ RunTime:0.000376s ]
[2023-02-11T16:32:54+08:00][sql] CONNECT:[ UseTime:0.000530s ] mysql:host=127.0.0.1;port=3306;dbname=c2;charset=utf8mb4
[2023-02-11T16:32:54+08:00][sql] SHOW FULL COLUMNS FROM `wk_setting` [ RunTime:0.000776s ]
[2023-02-11T16:32:54+08:00][sql] SELECT `key` FROM `wk_setting` WHERE  `key` = 'api_key'  AND `str_val` = 'MTIzcXdlIUAj' LIMIT 1 [ RunTime:0.000207s ]
[2023-02-11T16:32:54+08:00][sql] SHOW FULL COLUMNS FROM `wk_entrance` [ RunTime:0.000782s ]
[2023-02-11T16:32:54+08:00][sql] SHOW FULL COLUMNS FROM `wk_provider` [ RunTime:0.000569s ]
[2023-02-11T16:32:54+08:00][sql] SELECT `id`,`qr`,`name`,`members`,`room_id`,`joinable_wc`,`status` FROM `wk_entrance` WHERE  `provider_id` IN (SELECT `id` FROM `wk_provider` WHERE  `manager_id` IS NULL)  AND `get_time` <  1676082774  AND `status` IN (0,1)  AND `joinable_wc` IN (0,1)  AND `expire_date` >= NOW() ORDER BY `status`,`joinable_wc` ASC LIMIT 1 [ RunTime:0.000380s ]
[2023-02-11T16:32:54+08:00][sql] CONNECT:[ UseTime:0.000598s ] mysql:host=127.0.0.1;port=3306;dbname=c2;charset=utf8mb4
[2023-02-11T16:32:54+08:00][sql] SHOW FULL COLUMNS FROM `wk_setting` [ RunTime:0.000867s ]
[2023-02-11T16:32:54+08:00][sql] SELECT `key` FROM `wk_setting` WHERE  `key` = 'api_key'  AND `str_val` = 'MTIzcXdlIUAj' LIMIT 1 [ RunTime:0.000302s ]
[2023-02-11T16:32:54+08:00][sql] SHOW FULL COLUMNS FROM `wk_entrance` [ RunTime:0.000830s ]
[2023-02-11T16:32:54+08:00][sql] SHOW FULL COLUMNS FROM `wk_provider` [ RunTime:0.000538s ]
[2023-02-11T16:32:54+08:00][sql] SELECT `id`,`qr`,`name`,`members`,`room_id`,`joinable_wc`,`status` FROM `wk_entrance` WHERE  `provider_id` IN (SELECT `id` FROM `wk_provider` WHERE  `manager_id` IS NULL)  AND `get_time` <  1676082774  AND `status` IN (0,1)  AND `joinable_wc` IN (0,1)  AND `expire_date` >= NOW() ORDER BY `status`,`joinable_wc` ASC LIMIT 1 [ RunTime:0.000375s ]
[2023-02-11T16:32:54+08:00][sql] CONNECT:[ UseTime:0.000526s ] mysql:host=127.0.0.1;port=3306;dbname=c2;charset=utf8mb4
[2023-02-11T16:32:54+08:00][sql] SHOW FULL COLUMNS FROM `wk_setting` [ RunTime:0.000715s ]
[2023-02-11T16:32:54+08:00][sql] SELECT `key` FROM `wk_setting` WHERE  `key` = 'api_key'  AND `str_val` = 'MTIzcXdlIUAj' LIMIT 1 [ RunTime:0.000184s ]
[2023-02-11T16:32:54+08:00][sql] SHOW FULL COLUMNS FROM `wk_entrance` [ RunTime:0.000591s ]
[2023-02-11T16:32:54+08:00][sql] SHOW FULL COLUMNS FROM `wk_provider` [ RunTime:0.000495s ]
[2023-02-11T16:32:54+08:00][sql] SELECT `id`,`qr`,`name`,`members`,`room_id`,`joinable_wc`,`status` FROM `wk_entrance` WHERE  `provider_id` IN (SELECT `id` FROM `wk_provider` WHERE  `manager_id` IS NULL)  AND `get_time` <  1676082774  AND `status` IN (0,1)  AND `joinable_wc` IN (0,1)  AND `expire_date` >= NOW() ORDER BY `status`,`joinable_wc` ASC LIMIT 1 [ RunTime:0.000364s ]
[2023-02-11T16:32:54+08:00][sql] CONNECT:[ UseTime:0.000791s ] mysql:host=127.0.0.1;port=3306;dbname=c2;charset=utf8mb4
[2023-02-11T16:32:54+08:00][sql] SHOW FULL COLUMNS FROM `wk_setting` [ RunTime:0.000757s ]
[2023-02-11T16:32:54+08:00][sql] SELECT `key` FROM `wk_setting` WHERE  `key` = 'api_key'  AND `str_val` = 'MTIzcXdlIUAj' LIMIT 1 [ RunTime:0.000176s ]
[2023-02-11T16:32:54+08:00][sql] SHOW FULL COLUMNS FROM `wk_entrance` [ RunTime:0.000607s ]
[2023-02-11T16:32:54+08:00][sql] SHOW FULL COLUMNS FROM `wk_provider` [ RunTime:0.000536s ]
[2023-02-11T16:32:54+08:00][sql] SELECT `id`,`qr`,`name`,`members`,`room_id`,`joinable_wc`,`status` FROM `wk_entrance` WHERE  `provider_id` IN (SELECT `id` FROM `wk_provider` WHERE  `manager_id` IS NULL)  AND `get_time` <  1676082774  AND `status` IN (0,1)  AND `joinable_wc` IN (0,1)  AND `expire_date` >= NOW() ORDER BY `status`,`joinable_wc` ASC LIMIT 1 [ RunTime:0.000434s ]
[2023-02-11T16:32:54+08:00][sql] CONNECT:[ UseTime:0.000537s ] mysql:host=127.0.0.1;port=3306;dbname=c2;charset=utf8mb4
[2023-02-11T16:32:54+08:00][sql] SHOW FULL COLUMNS FROM `wk_setting` [ RunTime:0.000701s ]
[2023-02-11T16:32:54+08:00][sql] SELECT `key` FROM `wk_setting` WHERE  `key` = 'api_key'  AND `str_val` = 'MTIzcXdlIUAj' LIMIT 1 [ RunTime:0.000252s ]
[2023-02-11T16:32:54+08:00][sql] SHOW FULL COLUMNS FROM `wk_entrance` [ RunTime:0.000784s ]
[2023-02-11T16:32:54+08:00][sql] SHOW FULL COLUMNS FROM `wk_provider` [ RunTime:0.000641s ]
[2023-02-11T16:32:54+08:00][sql] SELECT `id`,`qr`,`name`,`members`,`room_id`,`joinable_wc`,`status` FROM `wk_entrance` WHERE  `provider_id` IN (SELECT `id` FROM `wk_provider` WHERE  `manager_id` IS NULL)  AND `get_time` <  1676082774  AND `status` IN (0,1)  AND `joinable_wc` IN (0,1)  AND `expire_date` >= NOW() ORDER BY `status`,`joinable_wc` ASC LIMIT 1 [ RunTime:0.000377s ]
[2023-02-11T16:32:54+08:00][sql] CONNECT:[ UseTime:0.000540s ] mysql:host=127.0.0.1;port=3306;dbname=c2;charset=utf8mb4
[2023-02-11T16:32:54+08:00][sql] SHOW FULL COLUMNS FROM `wk_setting` [ RunTime:0.000687s ]
[2023-02-11T16:32:54+08:00][sql] SELECT `key` FROM `wk_setting` WHERE  `key` = 'api_key'  AND `str_val` = 'MTIzcXdlIUAj' LIMIT 1 [ RunTime:0.000184s ]
[2023-02-11T16:32:54+08:00][sql] SHOW FULL COLUMNS FROM `wk_entrance` [ RunTime:0.000606s ]
[2023-02-11T16:32:54+08:00][sql] SHOW FULL COLUMNS FROM `wk_provider` [ RunTime:0.000597s ]
[2023-02-11T16:32:54+08:00][sql] SELECT `id`,`qr`,`name`,`members`,`room_id`,`joinable_wc`,`status` FROM `wk_entrance` WHERE  `provider_id` IN (SELECT `id` FROM `wk_provider` WHERE  `manager_id` IS NULL)  AND `get_time` <  1676082774  AND `status` IN (0,1)  AND `joinable_wc` IN (0,1)  AND `expire_date` >= NOW() ORDER BY `status`,`joinable_wc` ASC LIMIT 1 [ RunTime:0.000416s ]
[2023-02-11T16:32:54+08:00][sql] CONNECT:[ UseTime:0.000624s ] mysql:host=127.0.0.1;port=3306;dbname=c2;charset=utf8mb4
[2023-02-11T16:32:54+08:00][sql] SHOW FULL COLUMNS FROM `wk_setting` [ RunTime:0.000639s ]
[2023-02-11T16:32:54+08:00][sql] SELECT `key` FROM `wk_setting` WHERE  `key` = 'api_key'  AND `str_val` = 'MTIzcXdlIUAj' LIMIT 1 [ RunTime:0.000177s ]
[2023-02-11T16:32:54+08:00][sql] SHOW FULL COLUMNS FROM `wk_entrance` [ RunTime:0.000552s ]
[2023-02-11T16:32:54+08:00][sql] SHOW FULL COLUMNS FROM `wk_provider` [ RunTime:0.000561s ]
[2023-02-11T16:32:54+08:00][sql] SELECT `id`,`qr`,`name`,`members`,`room_id`,`joinable_wc`,`status` FROM `wk_entrance` WHERE  `provider_id` IN (SELECT `id` FROM `wk_provider` WHERE  `manager_id` IS NULL)  AND `get_time` <  1676082774  AND `status` IN (0,1)  AND `joinable_wc` IN (0,1)  AND `expire_date` >= NOW() ORDER BY `status`,`joinable_wc` ASC LIMIT 1 [ RunTime:0.000372s ]
[2023-02-11T16:32:54+08:00][sql] CONNECT:[ UseTime:0.000534s ] mysql:host=127.0.0.1;port=3306;dbname=c2;charset=utf8mb4
[2023-02-11T16:32:54+08:00][sql] SHOW FULL COLUMNS FROM `wk_setting` [ RunTime:0.000704s ]
[2023-02-11T16:32:54+08:00][sql] SELECT `key` FROM `wk_setting` WHERE  `key` = 'api_key'  AND `str_val` = 'MTIzcXdlIUAj' LIMIT 1 [ RunTime:0.000181s ]
[2023-02-11T16:32:54+08:00][sql] SHOW FULL COLUMNS FROM `wk_entrance` [ RunTime:0.000583s ]
[2023-02-11T16:32:54+08:00][sql] SHOW FULL COLUMNS FROM `wk_provider` [ RunTime:0.000489s ]
[2023-02-11T16:32:54+08:00][sql] SELECT `id`,`qr`,`name`,`members`,`room_id`,`joinable_wc`,`status` FROM `wk_entrance` WHERE  `provider_id` IN (SELECT `id` FROM `wk_provider` WHERE  `manager_id` IS NULL)  AND `get_time` <  1676082774  AND `status` IN (0,1)  AND `joinable_wc` IN (0,1)  AND `expire_date` >= NOW() ORDER BY `status`,`joinable_wc` ASC LIMIT 1 [ RunTime:0.000360s ]
[2023-02-11T16:32:54+08:00][sql] CONNECT:[ UseTime:0.000739s ] mysql:host=127.0.0.1;port=3306;dbname=c2;charset=utf8mb4
[2023-02-11T16:32:54+08:00][sql] SHOW FULL COLUMNS FROM `wk_setting` [ RunTime:0.001324s ]
[2023-02-11T16:32:54+08:00][sql] SELECT `key` FROM `wk_setting` WHERE  `key` = 'api_key'  AND `str_val` = 'MTIzcXdlIUAj' LIMIT 1 [ RunTime:0.000501s ]
[2023-02-11T16:32:54+08:00][sql] SHOW FULL COLUMNS FROM `wk_entrance` [ RunTime:0.000851s ]
[2023-02-11T16:32:54+08:00][sql] SHOW FULL COLUMNS FROM `wk_provider` [ RunTime:0.000654s ]
[2023-02-11T16:32:54+08:00][sql] SELECT `id`,`qr`,`name`,`members`,`room_id`,`joinable_wc`,`status` FROM `wk_entrance` WHERE  `provider_id` IN (SELECT `id` FROM `wk_provider` WHERE  `manager_id` IS NULL)  AND `get_time` <  1676082774  AND `status` IN (0,1)  AND `joinable_wc` IN (0,1)  AND `expire_date` >= NOW() ORDER BY `status`,`joinable_wc` ASC LIMIT 1 [ RunTime:0.000462s ]
[2023-02-11T16:32:54+08:00][sql] CONNECT:[ UseTime:0.000583s ] mysql:host=127.0.0.1;port=3306;dbname=c2;charset=utf8mb4
[2023-02-11T16:32:54+08:00][sql] SHOW FULL COLUMNS FROM `wk_setting` [ RunTime:0.000681s ]
[2023-02-11T16:32:54+08:00][sql] SELECT `key` FROM `wk_setting` WHERE  `key` = 'api_key'  AND `str_val` = 'MTIzcXdlIUAj' LIMIT 1 [ RunTime:0.000188s ]
[2023-02-11T16:32:54+08:00][sql] SHOW FULL COLUMNS FROM `wk_entrance` [ RunTime:0.000574s ]
[2023-02-11T16:32:54+08:00][sql] SHOW FULL COLUMNS FROM `wk_provider` [ RunTime:0.000483s ]
[2023-02-11T16:32:54+08:00][sql] SELECT `id`,`qr`,`name`,`members`,`room_id`,`joinable_wc`,`status` FROM `wk_entrance` WHERE  `provider_id` IN (SELECT `id` FROM `wk_provider` WHERE  `manager_id` IS NULL)  AND `get_time` <  1676082774  AND `status` IN (0,1)  AND `joinable_wc` IN (0,1)  AND `expire_date` >= NOW() ORDER BY `status`,`joinable_wc` ASC LIMIT 1 [ RunTime:0.000376s ]
[2023-02-11T16:32:54+08:00][sql] CONNECT:[ UseTime:0.000614s ] mysql:host=127.0.0.1;port=3306;dbname=c2;charset=utf8mb4
[2023-02-11T16:32:54+08:00][sql] SHOW FULL COLUMNS FROM `wk_setting` [ RunTime:0.001081s ]
[2023-02-11T16:32:54+08:00][sql] SELECT `key` FROM `wk_setting` WHERE  `key` = 'api_key'  AND `str_val` = 'MTIzcXdlIUAj' LIMIT 1 [ RunTime:0.000354s ]
[2023-02-11T16:32:54+08:00][sql] SHOW FULL COLUMNS FROM `wk_entrance` [ RunTime:0.000906s ]
[2023-02-11T16:32:54+08:00][sql] SHOW FULL COLUMNS FROM `wk_provider` [ RunTime:0.000610s ]
[2023-02-11T16:32:54+08:00][sql] SELECT `id`,`qr`,`name`,`members`,`room_id`,`joinable_wc`,`status` FROM `wk_entrance` WHERE  `provider_id` IN (SELECT `id` FROM `wk_provider` WHERE  `manager_id` IS NULL)  AND `get_time` <  1676082774  AND `status` IN (0,1)  AND `joinable_wc` IN (0,1)  AND `expire_date` >= NOW() ORDER BY `status`,`joinable_wc` ASC LIMIT 1 [ RunTime:0.000487s ]
[2023-02-11T16:32:54+08:00][sql] CONNECT:[ UseTime:0.000525s ] mysql:host=127.0.0.1;port=3306;dbname=c2;charset=utf8mb4
[2023-02-11T16:32:54+08:00][sql] SHOW FULL COLUMNS FROM `wk_setting` [ RunTime:0.000644s ]
[2023-02-11T16:32:54+08:00][sql] SELECT `key` FROM `wk_setting` WHERE  `key` = 'api_key'  AND `str_val` = 'MTIzcXdlIUAj' LIMIT 1 [ RunTime:0.000175s ]
[2023-02-11T16:32:54+08:00][sql] SHOW FULL COLUMNS FROM `wk_entrance` [ RunTime:0.000556s ]
[2023-02-11T16:32:54+08:00][sql] SHOW FULL COLUMNS FROM `wk_provider` [ RunTime:0.000463s ]
[2023-02-11T16:32:54+08:00][sql] SELECT `id`,`qr`,`name`,`members`,`room_id`,`joinable_wc`,`status` FROM `wk_entrance` WHERE  `provider_id` IN (SELECT `id` FROM `wk_provider` WHERE  `manager_id` IS NULL)  AND `get_time` <  1676082774  AND `status` IN (0,1)  AND `joinable_wc` IN (0,1)  AND `expire_date` >= NOW() ORDER BY `status`,`joinable_wc` ASC LIMIT 1 [ RunTime:0.000378s ]
[2023-02-11T16:32:54+08:00][sql] CONNECT:[ UseTime:0.000653s ] mysql:host=127.0.0.1;port=3306;dbname=c2;charset=utf8mb4
[2023-02-11T16:32:54+08:00][sql] SHOW FULL COLUMNS FROM `wk_setting` [ RunTime:0.000802s ]
[2023-02-11T16:32:54+08:00][sql] SELECT `key` FROM `wk_setting` WHERE  `key` = 'api_key'  AND `str_val` = 'MTIzcXdlIUAj' LIMIT 1 [ RunTime:0.000223s ]
[2023-02-11T16:32:54+08:00][sql] SHOW FULL COLUMNS FROM `wk_entrance` [ RunTime:0.000689s ]
[2023-02-11T16:32:54+08:00][sql] SHOW FULL COLUMNS FROM `wk_provider` [ RunTime:0.000734s ]
[2023-02-11T16:32:54+08:00][sql] SELECT `id`,`qr`,`name`,`members`,`room_id`,`joinable_wc`,`status` FROM `wk_entrance` WHERE  `provider_id` IN (SELECT `id` FROM `wk_provider` WHERE  `manager_id` IS NULL)  AND `get_time` <  1676082774  AND `status` IN (0,1)  AND `joinable_wc` IN (0,1)  AND `expire_date` >= NOW() ORDER BY `status`,`joinable_wc` ASC LIMIT 1 [ RunTime:0.000598s ]
[2023-02-11T16:32:54+08:00][sql] CONNECT:[ UseTime:0.000645s ] mysql:host=127.0.0.1;port=3306;dbname=c2;charset=utf8mb4
[2023-02-11T16:32:54+08:00][sql] SHOW FULL COLUMNS FROM `wk_setting` [ RunTime:0.000774s ]
[2023-02-11T16:32:54+08:00][sql] SELECT `key` FROM `wk_setting` WHERE  `key` = 'api_key'  AND `str_val` = 'MTIzcXdlIUAj' LIMIT 1 [ RunTime:0.000268s ]
[2023-02-11T16:32:54+08:00][sql] SHOW FULL COLUMNS FROM `wk_entrance` [ RunTime:0.000872s ]
[2023-02-11T16:32:54+08:00][sql] SHOW FULL COLUMNS FROM `wk_provider` [ RunTime:0.000795s ]
[2023-02-11T16:32:54+08:00][sql] SELECT `id`,`qr`,`name`,`members`,`room_id`,`joinable_wc`,`status` FROM `wk_entrance` WHERE  `provider_id` IN (SELECT `id` FROM `wk_provider` WHERE  `manager_id` IS NULL)  AND `get_time` <  1676082774  AND `status` IN (0,1)  AND `joinable_wc` IN (0,1)  AND `expire_date` >= NOW() ORDER BY `status`,`joinable_wc` ASC LIMIT 1 [ RunTime:0.000709s ]
[2023-02-11T16:32:54+08:00][sql] CONNECT:[ UseTime:0.000666s ] mysql:host=127.0.0.1;port=3306;dbname=c2;charset=utf8mb4
[2023-02-11T16:32:54+08:00][sql] SHOW FULL COLUMNS FROM `wk_setting` [ RunTime:0.000729s ]
[2023-02-11T16:32:54+08:00][sql] SELECT `key` FROM `wk_setting` WHERE  `key` = 'api_key'  AND `str_val` = 'MTIzcXdlIUAj' LIMIT 1 [ RunTime:0.000252s ]
[2023-02-11T16:32:54+08:00][sql] SHOW FULL COLUMNS FROM `wk_entrance` [ RunTime:0.001067s ]
[2023-02-11T16:32:54+08:00][sql] SHOW FULL COLUMNS FROM `wk_provider` [ RunTime:0.000828s ]
[2023-02-11T16:32:54+08:00][sql] SELECT `id`,`qr`,`name`,`members`,`room_id`,`joinable_wc`,`status` FROM `wk_entrance` WHERE  `provider_id` IN (SELECT `id` FROM `wk_provider` WHERE  `manager_id` IS NULL)  AND `get_time` <  1676082774  AND `status` IN (0,1)  AND `joinable_wc` IN (0,1)  AND `expire_date` >= NOW() ORDER BY `status`,`joinable_wc` ASC LIMIT 1 [ RunTime:0.000576s ]
[2023-02-11T16:32:54+08:00][sql] CONNECT:[ UseTime:0.000725s ] mysql:host=127.0.0.1;port=3306;dbname=c2;charset=utf8mb4
[2023-02-11T16:32:54+08:00][sql] SHOW FULL COLUMNS FROM `wk_setting` [ RunTime:0.001150s ]
[2023-02-11T16:32:54+08:00][sql] SELECT `key` FROM `wk_setting` WHERE  `key` = 'api_key'  AND `str_val` = 'MTIzcXdlIUAj' LIMIT 1 [ RunTime:0.000604s ]
[2023-02-11T16:32:54+08:00][sql] SHOW FULL COLUMNS FROM `wk_entrance` [ RunTime:0.000964s ]
[2023-02-11T16:32:54+08:00][sql] SHOW FULL COLUMNS FROM `wk_provider` [ RunTime:0.000684s ]
[2023-02-11T16:32:54+08:00][sql] SELECT `id`,`qr`,`name`,`members`,`room_id`,`joinable_wc`,`status` FROM `wk_entrance` WHERE  `provider_id` IN (SELECT `id` FROM `wk_provider` WHERE  `manager_id` IS NULL)  AND `get_time` <  1676082774  AND `status` IN (0,1)  AND `joinable_wc` IN (0,1)  AND `expire_date` >= NOW() ORDER BY `status`,`joinable_wc` ASC LIMIT 1 [ RunTime:0.000425s ]
[2023-02-11T16:32:54+08:00][sql] CONNECT:[ UseTime:0.000677s ] mysql:host=127.0.0.1;port=3306;dbname=c2;charset=utf8mb4
[2023-02-11T16:32:54+08:00][sql] SHOW FULL COLUMNS FROM `wk_setting` [ RunTime:0.001130s ]
[2023-02-11T16:32:54+08:00][sql] SELECT `key` FROM `wk_setting` WHERE  `key` = 'api_key'  AND `str_val` = 'MTIzcXdlIUAj' LIMIT 1 [ RunTime:0.000342s ]
[2023-02-11T16:32:54+08:00][sql] SHOW FULL COLUMNS FROM `wk_entrance` [ RunTime:0.001044s ]
[2023-02-11T16:32:54+08:00][sql] SHOW FULL COLUMNS FROM `wk_provider` [ RunTime:0.000551s ]
[2023-02-11T16:32:54+08:00][sql] SELECT `id`,`qr`,`name`,`members`,`room_id`,`joinable_wc`,`status` FROM `wk_entrance` WHERE  `provider_id` IN (SELECT `id` FROM `wk_provider` WHERE  `manager_id` IS NULL)  AND `get_time` <  1676082774  AND `status` IN (0,1)  AND `joinable_wc` IN (0,1)  AND `expire_date` >= NOW() ORDER BY `status`,`joinable_wc` ASC LIMIT 1 [ RunTime:0.000372s ]
[2023-02-11T16:32:54+08:00][sql] CONNECT:[ UseTime:0.020325s ] mysql:host=127.0.0.1;port=3306;dbname=c2;charset=utf8mb4
[2023-02-11T16:32:54+08:00][sql] SHOW FULL COLUMNS FROM `wk_setting` [ RunTime:0.001138s ]
[2023-02-11T16:32:54+08:00][sql] SELECT `key` FROM `wk_setting` WHERE  `key` = 'api_key'  AND `str_val` = 'MTIzcXdlIUAj' LIMIT 1 [ RunTime:0.000307s ]
[2023-02-11T16:32:54+08:00][sql] SHOW FULL COLUMNS FROM `wk_entrance` [ RunTime:0.000718s ]
[2023-02-11T16:32:54+08:00][sql] SHOW FULL COLUMNS FROM `wk_provider` [ RunTime:0.000804s ]
[2023-02-11T16:32:54+08:00][sql] SELECT `id`,`qr`,`name`,`members`,`room_id`,`joinable_wc`,`status` FROM `wk_entrance` WHERE  `provider_id` IN (SELECT `id` FROM `wk_provider` WHERE  `manager_id` IS NULL)  AND `get_time` <  1676082774  AND `status` IN (0,1)  AND `joinable_wc` IN (0,1)  AND `expire_date` >= NOW() ORDER BY `status`,`joinable_wc` ASC LIMIT 1 [ RunTime:0.000532s ]
[2023-02-11T16:32:54+08:00][sql] CONNECT:[ UseTime:0.000615s ] mysql:host=127.0.0.1;port=3306;dbname=c2;charset=utf8mb4
[2023-02-11T16:32:54+08:00][sql] SHOW FULL COLUMNS FROM `wk_setting` [ RunTime:0.000754s ]
[2023-02-11T16:32:54+08:00][sql] SELECT `key` FROM `wk_setting` WHERE  `key` = 'api_key'  AND `str_val` = 'MTIzcXdlIUAj' LIMIT 1 [ RunTime:0.000228s ]
[2023-02-11T16:32:54+08:00][sql] SHOW FULL COLUMNS FROM `wk_entrance` [ RunTime:0.001001s ]
[2023-02-11T16:32:54+08:00][sql] SHOW FULL COLUMNS FROM `wk_provider` [ RunTime:0.000677s ]
[2023-02-11T16:32:54+08:00][sql] SELECT `id`,`qr`,`name`,`members`,`room_id`,`joinable_wc`,`status` FROM `wk_entrance` WHERE  `provider_id` IN (SELECT `id` FROM `wk_provider` WHERE  `manager_id` IS NULL)  AND `get_time` <  1676082774  AND `status` IN (0,1)  AND `joinable_wc` IN (0,1)  AND `expire_date` >= NOW() ORDER BY `status`,`joinable_wc` ASC LIMIT 1 [ RunTime:0.000558s ]
[2023-02-11T16:32:54+08:00][sql] CONNECT:[ UseTime:0.022936s ] mysql:host=127.0.0.1;port=3306;dbname=c2;charset=utf8mb4
[2023-02-11T16:32:54+08:00][sql] SHOW FULL COLUMNS FROM `wk_setting` [ RunTime:0.001013s ]
[2023-02-11T16:32:54+08:00][sql] SELECT `key` FROM `wk_setting` WHERE  `key` = 'api_key'  AND `str_val` = 'MTIzcXdlIUAj' LIMIT 1 [ RunTime:0.000314s ]
[2023-02-11T16:32:54+08:00][sql] SHOW FULL COLUMNS FROM `wk_entrance` [ RunTime:0.000745s ]
[2023-02-11T16:32:54+08:00][sql] SHOW FULL COLUMNS FROM `wk_provider` [ RunTime:0.000653s ]
[2023-02-11T16:32:54+08:00][sql] SELECT `id`,`qr`,`name`,`members`,`room_id`,`joinable_wc`,`status` FROM `wk_entrance` WHERE  `provider_id` IN (SELECT `id` FROM `wk_provider` WHERE  `manager_id` IS NULL)  AND `get_time` <  1676082774  AND `status` IN (0,1)  AND `joinable_wc` IN (0,1)  AND `expire_date` >= NOW() ORDER BY `status`,`joinable_wc` ASC LIMIT 1 [ RunTime:0.000482s ]
[2023-02-11T16:32:54+08:00][sql] CONNECT:[ UseTime:0.000928s ] mysql:host=127.0.0.1;port=3306;dbname=c2;charset=utf8mb4
[2023-02-11T16:32:54+08:00][sql] SHOW FULL COLUMNS FROM `wk_setting` [ RunTime:0.001186s ]
[2023-02-11T16:32:54+08:00][sql] SELECT `key` FROM `wk_setting` WHERE  `key` = 'api_key'  AND `str_val` = 'MTIzcXdlIUAj' LIMIT 1 [ RunTime:0.000596s ]
[2023-02-11T16:32:54+08:00][sql] SHOW FULL COLUMNS FROM `wk_entrance` [ RunTime:0.001105s ]
[2023-02-11T16:32:54+08:00][sql] SHOW FULL COLUMNS FROM `wk_provider` [ RunTime:0.000753s ]
[2023-02-11T16:32:54+08:00][sql] SELECT `id`,`qr`,`name`,`members`,`room_id`,`joinable_wc`,`status` FROM `wk_entrance` WHERE  `provider_id` IN (SELECT `id` FROM `wk_provider` WHERE  `manager_id` IS NULL)  AND `get_time` <  1676082774  AND `status` IN (0,1)  AND `joinable_wc` IN (0,1)  AND `expire_date` >= NOW() ORDER BY `status`,`joinable_wc` ASC LIMIT 1 [ RunTime:0.000528s ]
[2023-02-11T16:32:54+08:00][sql] CONNECT:[ UseTime:0.021781s ] mysql:host=127.0.0.1;port=3306;dbname=c2;charset=utf8mb4
[2023-02-11T16:32:54+08:00][sql] SHOW FULL COLUMNS FROM `wk_setting` [ RunTime:0.000949s ]
[2023-02-11T16:32:54+08:00][sql] SELECT `key` FROM `wk_setting` WHERE  `key` = 'api_key'  AND `str_val` = 'MTIzcXdlIUAj' LIMIT 1 [ RunTime:0.000258s ]
[2023-02-11T16:32:54+08:00][sql] SHOW FULL COLUMNS FROM `wk_entrance` [ RunTime:0.000737s ]
[2023-02-11T16:32:54+08:00][sql] SHOW FULL COLUMNS FROM `wk_provider` [ RunTime:0.000620s ]
[2023-02-11T16:32:54+08:00][sql] SELECT `id`,`qr`,`name`,`members`,`room_id`,`joinable_wc`,`status` FROM `wk_entrance` WHERE  `provider_id` IN (SELECT `id` FROM `wk_provider` WHERE  `manager_id` IS NULL)  AND `get_time` <  1676082774  AND `status` IN (0,1)  AND `joinable_wc` IN (0,1)  AND `expire_date` >= NOW() ORDER BY `status`,`joinable_wc` ASC LIMIT 1 [ RunTime:0.000389s ]
[2023-02-11T16:32:54+08:00][sql] CONNECT:[ UseTime:0.000635s ] mysql:host=127.0.0.1;port=3306;dbname=c2;charset=utf8mb4
[2023-02-11T16:32:54+08:00][sql] SHOW FULL COLUMNS FROM `wk_setting` [ RunTime:0.001008s ]
[2023-02-11T16:32:54+08:00][sql] SELECT `key` FROM `wk_setting` WHERE  `key` = 'api_key'  AND `str_val` = 'MTIzcXdlIUAj' LIMIT 1 [ RunTime:0.000286s ]
[2023-02-11T16:32:54+08:00][sql] SHOW FULL COLUMNS FROM `wk_entrance` [ RunTime:0.000988s ]
[2023-02-11T16:32:54+08:00][sql] SHOW FULL COLUMNS FROM `wk_provider` [ RunTime:0.001211s ]
[2023-02-11T16:32:54+08:00][sql] SELECT `id`,`qr`,`name`,`members`,`room_id`,`joinable_wc`,`status` FROM `wk_entrance` WHERE  `provider_id` IN (SELECT `id` FROM `wk_provider` WHERE  `manager_id` IS NULL)  AND `get_time` <  1676082774  AND `status` IN (0,1)  AND `joinable_wc` IN (0,1)  AND `expire_date` >= NOW() ORDER BY `status`,`joinable_wc` ASC LIMIT 1 [ RunTime:0.000541s ]
[2023-02-11T16:32:54+08:00][sql] CONNECT:[ UseTime:0.000945s ] mysql:host=127.0.0.1;port=3306;dbname=c2;charset=utf8mb4
[2023-02-11T16:32:54+08:00][sql] SHOW FULL COLUMNS FROM `wk_setting` [ RunTime:0.000874s ]
[2023-02-11T16:32:54+08:00][sql] SELECT `key` FROM `wk_setting` WHERE  `key` = 'api_key'  AND `str_val` = 'MTIzcXdlIUAj' LIMIT 1 [ RunTime:0.000326s ]
[2023-02-11T16:32:54+08:00][sql] SHOW FULL COLUMNS FROM `wk_entrance` [ RunTime:0.001365s ]
[2023-02-11T16:32:54+08:00][sql] SHOW FULL COLUMNS FROM `wk_provider` [ RunTime:0.000615s ]
[2023-02-11T16:32:54+08:00][sql] SELECT `id`,`qr`,`name`,`members`,`room_id`,`joinable_wc`,`status` FROM `wk_entrance` WHERE  `provider_id` IN (SELECT `id` FROM `wk_provider` WHERE  `manager_id` IS NULL)  AND `get_time` <  1676082774  AND `status` IN (0,1)  AND `joinable_wc` IN (0,1)  AND `expire_date` >= NOW() ORDER BY `status`,`joinable_wc` ASC LIMIT 1 [ RunTime:0.000487s ]
[2023-02-11T16:32:54+08:00][sql] CONNECT:[ UseTime:0.022797s ] mysql:host=127.0.0.1;port=3306;dbname=c2;charset=utf8mb4
[2023-02-11T16:32:54+08:00][sql] SHOW FULL COLUMNS FROM `wk_setting` [ RunTime:0.001343s ]
[2023-02-11T16:32:54+08:00][sql] SELECT `key` FROM `wk_setting` WHERE  `key` = 'api_key'  AND `str_val` = 'MTIzcXdlIUAj' LIMIT 1 [ RunTime:0.000351s ]
[2023-02-11T16:32:54+08:00][sql] SHOW FULL COLUMNS FROM `wk_entrance` [ RunTime:0.001102s ]
[2023-02-11T16:32:54+08:00][sql] SHOW FULL COLUMNS FROM `wk_provider` [ RunTime:0.000593s ]
[2023-02-11T16:32:54+08:00][sql] SELECT `id`,`qr`,`name`,`members`,`room_id`,`joinable_wc`,`status` FROM `wk_entrance` WHERE  `provider_id` IN (SELECT `id` FROM `wk_provider` WHERE  `manager_id` IS NULL)  AND `get_time` <  1676082774  AND `status` IN (0,1)  AND `joinable_wc` IN (0,1)  AND `expire_date` >= NOW() ORDER BY `status`,`joinable_wc` ASC LIMIT 1 [ RunTime:0.000472s ]
[2023-02-11T16:32:54+08:00][sql] CONNECT:[ UseTime:0.000678s ] mysql:host=127.0.0.1;port=3306;dbname=c2;charset=utf8mb4
[2023-02-11T16:32:54+08:00][sql] SHOW FULL COLUMNS FROM `wk_setting` [ RunTime:0.000911s ]
[2023-02-11T16:32:54+08:00][sql] SELECT `key` FROM `wk_setting` WHERE  `key` = 'api_key'  AND `str_val` = 'MTIzcXdlIUAj' LIMIT 1 [ RunTime:0.000299s ]
[2023-02-11T16:32:54+08:00][sql] SHOW FULL COLUMNS FROM `wk_entrance` [ RunTime:0.000994s ]
[2023-02-11T16:32:54+08:00][sql] SHOW FULL COLUMNS FROM `wk_provider` [ RunTime:0.000626s ]
[2023-02-11T16:32:54+08:00][sql] SELECT `id`,`qr`,`name`,`members`,`room_id`,`joinable_wc`,`status` FROM `wk_entrance` WHERE  `provider_id` IN (SELECT `id` FROM `wk_provider` WHERE  `manager_id` IS NULL)  AND `get_time` <  1676082774  AND `status` IN (0,1)  AND `joinable_wc` IN (0,1)  AND `expire_date` >= NOW() ORDER BY `status`,`joinable_wc` ASC LIMIT 1 [ RunTime:0.000397s ]
[2023-02-11T16:32:54+08:00][sql] CONNECT:[ UseTime:0.018853s ] mysql:host=127.0.0.1;port=3306;dbname=c2;charset=utf8mb4
[2023-02-11T16:32:54+08:00][sql] SHOW FULL COLUMNS FROM `wk_setting` [ RunTime:0.001033s ]
[2023-02-11T16:32:54+08:00][sql] SELECT `key` FROM `wk_setting` WHERE  `key` = 'api_key'  AND `str_val` = 'MTIzcXdlIUAj' LIMIT 1 [ RunTime:0.000348s ]
[2023-02-11T16:32:54+08:00][sql] SHOW FULL COLUMNS FROM `wk_entrance` [ RunTime:0.000981s ]
[2023-02-11T16:32:54+08:00][sql] SHOW FULL COLUMNS FROM `wk_provider` [ RunTime:0.001027s ]
[2023-02-11T16:32:54+08:00][sql] SELECT `id`,`qr`,`name`,`members`,`room_id`,`joinable_wc`,`status` FROM `wk_entrance` WHERE  `provider_id` IN (SELECT `id` FROM `wk_provider` WHERE  `manager_id` IS NULL)  AND `get_time` <  1676082774  AND `status` IN (0,1)  AND `joinable_wc` IN (0,1)  AND `expire_date` >= NOW() ORDER BY `status`,`joinable_wc` ASC LIMIT 1 [ RunTime:0.000500s ]
[2023-02-11T16:32:55+08:00][sql] CONNECT:[ UseTime:0.000697s ] mysql:host=127.0.0.1;port=3306;dbname=c2;charset=utf8mb4
[2023-02-11T16:32:55+08:00][sql] SHOW FULL COLUMNS FROM `wk_setting` [ RunTime:0.000786s ]
[2023-02-11T16:32:55+08:00][sql] SELECT `key` FROM `wk_setting` WHERE  `key` = 'api_key'  AND `str_val` = 'MTIzcXdlIUAj' LIMIT 1 [ RunTime:0.000309s ]
[2023-02-11T16:32:55+08:00][sql] SHOW FULL COLUMNS FROM `wk_entrance` [ RunTime:0.000713s ]
[2023-02-11T16:32:55+08:00][sql] SHOW FULL COLUMNS FROM `wk_provider` [ RunTime:0.000821s ]
[2023-02-11T16:32:55+08:00][sql] SELECT `id`,`qr`,`name`,`members`,`room_id`,`joinable_wc`,`status` FROM `wk_entrance` WHERE  `provider_id` IN (SELECT `id` FROM `wk_provider` WHERE  `manager_id` IS NULL)  AND `get_time` <  1676082775  AND `status` IN (0,1)  AND `joinable_wc` IN (0,1)  AND `expire_date` >= NOW() ORDER BY `status`,`joinable_wc` ASC LIMIT 1 [ RunTime:0.000820s ]
[2023-02-11T16:32:55+08:00][sql] CONNECT:[ UseTime:0.000695s ] mysql:host=127.0.0.1;port=3306;dbname=c2;charset=utf8mb4
[2023-02-11T16:32:55+08:00][sql] SHOW FULL COLUMNS FROM `wk_setting` [ RunTime:0.001030s ]
[2023-02-11T16:32:55+08:00][sql] SELECT `key` FROM `wk_setting` WHERE  `key` = 'api_key'  AND `str_val` = 'MTIzcXdlIUAj' LIMIT 1 [ RunTime:0.000299s ]
[2023-02-11T16:32:55+08:00][sql] SHOW FULL COLUMNS FROM `wk_entrance` [ RunTime:0.001008s ]
[2023-02-11T16:32:55+08:00][sql] SHOW FULL COLUMNS FROM `wk_provider` [ RunTime:0.000646s ]
[2023-02-11T16:32:55+08:00][sql] SELECT `id`,`qr`,`name`,`members`,`room_id`,`joinable_wc`,`status` FROM `wk_entrance` WHERE  `provider_id` IN (SELECT `id` FROM `wk_provider` WHERE  `manager_id` IS NULL)  AND `get_time` <  1676082775  AND `status` IN (0,1)  AND `joinable_wc` IN (0,1)  AND `expire_date` >= NOW() ORDER BY `status`,`joinable_wc` ASC LIMIT 1 [ RunTime:0.000511s ]
[2023-02-11T16:32:55+08:00][sql] CONNECT:[ UseTime:0.000708s ] mysql:host=127.0.0.1;port=3306;dbname=c2;charset=utf8mb4
[2023-02-11T16:32:55+08:00][sql] SHOW FULL COLUMNS FROM `wk_setting` [ RunTime:0.001011s ]
[2023-02-11T16:32:55+08:00][sql] SELECT `key` FROM `wk_setting` WHERE  `key` = 'api_key'  AND `str_val` = 'MTIzcXdlIUAj' LIMIT 1 [ RunTime:0.000689s ]
[2023-02-11T16:32:55+08:00][sql] SHOW FULL COLUMNS FROM `wk_entrance` [ RunTime:0.000804s ]
[2023-02-11T16:32:55+08:00][sql] SHOW FULL COLUMNS FROM `wk_provider` [ RunTime:0.000607s ]
[2023-02-11T16:32:55+08:00][sql] SELECT `id`,`qr`,`name`,`members`,`room_id`,`joinable_wc`,`status` FROM `wk_entrance` WHERE  `provider_id` IN (SELECT `id` FROM `wk_provider` WHERE  `manager_id` IS NULL)  AND `get_time` <  1676082775  AND `status` IN (0,1)  AND `joinable_wc` IN (0,1)  AND `expire_date` >= NOW() ORDER BY `status`,`joinable_wc` ASC LIMIT 1 [ RunTime:0.000539s ]
[2023-02-11T16:32:55+08:00][sql] CONNECT:[ UseTime:0.000758s ] mysql:host=127.0.0.1;port=3306;dbname=c2;charset=utf8mb4
[2023-02-11T16:32:55+08:00][sql] SHOW FULL COLUMNS FROM `wk_setting` [ RunTime:0.001060s ]
[2023-02-11T16:32:55+08:00][sql] SELECT `key` FROM `wk_setting` WHERE  `key` = 'api_key'  AND `str_val` = 'MTIzcXdlIUAj' LIMIT 1 [ RunTime:0.000475s ]
[2023-02-11T16:32:55+08:00][sql] SHOW FULL COLUMNS FROM `wk_entrance` [ RunTime:0.001041s ]
[2023-02-11T16:32:55+08:00][sql] SHOW FULL COLUMNS FROM `wk_provider` [ RunTime:0.000629s ]
[2023-02-11T16:32:55+08:00][sql] SELECT `id`,`qr`,`name`,`members`,`room_id`,`joinable_wc`,`status` FROM `wk_entrance` WHERE  `provider_id` IN (SELECT `id` FROM `wk_provider` WHERE  `manager_id` IS NULL)  AND `get_time` <  1676082775  AND `status` IN (0,1)  AND `joinable_wc` IN (0,1)  AND `expire_date` >= NOW() ORDER BY `status`,`joinable_wc` ASC LIMIT 1 [ RunTime:0.000637s ]
