[2023-02-12T14:58:59+08:00][sql] CONNECT:[ UseTime:0.002578s ] mysql:host=127.0.0.1;port=3306;dbname=c2;charset=utf8mb4
[2023-02-12T14:58:59+08:00][sql] SHOW FULL COLUMNS FROM `wk_setting` [ RunTime:0.006505s ]
[2023-02-12T14:58:59+08:00][sql] SELECT `key` FROM `wk_setting` WHERE  `key` = 'api_key'  AND `str_val` = 'MTIzcXdlIUAj' LIMIT 1 [ RunTime:0.001594s ]
[2023-02-12T14:59:13+08:00][sql] CONNECT:[ UseTime:0.000959s ] mysql:host=127.0.0.1;port=3306;dbname=c2;charset=utf8mb4
[2023-02-12T14:59:13+08:00][sql] SHOW FULL COLUMNS FROM `wk_setting` [ RunTime:0.001684s ]
[2023-02-12T14:59:13+08:00][sql] SELECT `key` FROM `wk_setting` WHERE  `key` = 'api_key'  AND `str_val` = 'MTIzcXdlIUAj' LIMIT 1 [ RunTime:0.000282s ]
[2023-02-12T14:59:13+08:00][sql] SHOW FULL COLUMNS FROM `wk_entrance` [ RunTime:0.003411s ]
[2023-02-12T14:59:13+08:00][sql] SHOW FULL COLUMNS FROM `wk_provider` [ RunTime:0.001515s ]
[2023-02-12T14:59:13+08:00][sql] SELECT `id`,`qr`,`name`,`members`,`room_id`,`joinable_wc`,`status` FROM `wk_entrance` WHERE  `provider_id` IN (SELECT `id` FROM `wk_provider` WHERE  `manager_id` IS NULL)  AND `members` BETWEEN 1 AND 50   AND `status` = 1  AND `joinable_wc` = 1  AND `join_time` <  1676177953  AND `expire_date` >= NOW() ORDER BY `id` DESC LIMIT 1 [ RunTime:0.000586s ]
[2023-02-12T15:02:13+08:00][sql] CONNECT:[ UseTime:0.000374s ] mysql:host=127.0.0.1;port=3306;dbname=c2;charset=utf8mb4
[2023-02-12T15:02:13+08:00][sql] SHOW FULL COLUMNS FROM `wk_setting` [ RunTime:0.001496s ]
[2023-02-12T15:02:13+08:00][sql] SELECT `key` FROM `wk_setting` WHERE  `key` = 'api_key'  AND `str_val` = 'MTIzcXdlIUAj' LIMIT 1 [ RunTime:0.000258s ]
[2023-02-12T15:02:13+08:00][sql] SHOW FULL COLUMNS FROM `wk_manager` [ RunTime:0.001737s ]
[2023-02-12T15:02:13+08:00][sql] SELECT `id`,`username`,`enable` FROM `wk_manager` WHERE  `username` = 'zhizun'  AND `password` = '18654b2cd47d004109ca5ee404e002a3' LIMIT 1 [ RunTime:0.000205s ]
[2023-02-12T15:02:13+08:00][sql] UPDATE `wk_manager`  SET `relogin` = 0  WHERE  `id` = 1 [ RunTime:0.002787s ]
[2023-02-12T15:07:03+08:00][sql] CONNECT:[ UseTime:0.000502s ] mysql:host=127.0.0.1;port=3306;dbname=c2;charset=utf8mb4
[2023-02-12T15:07:03+08:00][sql] SHOW FULL COLUMNS FROM `wk_setting` [ RunTime:0.000915s ]
[2023-02-12T15:07:03+08:00][sql] SELECT `key` FROM `wk_setting` WHERE  `key` = 'api_key'  AND `str_val` = 'MTIzcXdlIUAj' LIMIT 1 [ RunTime:0.000130s ]
[2023-02-12T15:07:03+08:00][sql] SHOW FULL COLUMNS FROM `wk_manager` [ RunTime:0.000642s ]
[2023-02-12T15:07:03+08:00][sql] SELECT * FROM `wk_manager` WHERE  `id` = 1 LIMIT 1 [ RunTime:0.000154s ]
[2023-02-12T15:07:03+08:00][sql] SHOW FULL COLUMNS FROM `wk_entrance` [ RunTime:0.000689s ]
[2023-02-12T15:07:03+08:00][sql] SHOW FULL COLUMNS FROM `wk_provider` [ RunTime:0.000626s ]
[2023-02-12T15:07:03+08:00][sql] SELECT `id`,`qr`,`name`,`members`,`room_id`,`joinable_wc`,`status` FROM `wk_entrance` WHERE  `provider_id` IN (SELECT `id` FROM `wk_provider` WHERE  `manager_id` = 1)  AND `members` BETWEEN 1 AND 50   AND `status` = 1  AND `joinable_wc` = 1  AND `join_time` <  1676178423  AND `expire_date` >= NOW() ORDER BY `id` DESC LIMIT 1 [ RunTime:0.029651s ]
[2023-02-12T15:07:07+08:00][sql] CONNECT:[ UseTime:0.000562s ] mysql:host=127.0.0.1;port=3306;dbname=c2;charset=utf8mb4
[2023-02-12T15:07:07+08:00][sql] SHOW FULL COLUMNS FROM `wk_setting` [ RunTime:0.002706s ]
[2023-02-12T15:07:07+08:00][sql] SELECT `key` FROM `wk_setting` WHERE  `key` = 'api_key'  AND `str_val` = 'MTIzcXdlIUAj' LIMIT 1 [ RunTime:0.000383s ]
[2023-02-12T15:07:07+08:00][sql] SHOW FULL COLUMNS FROM `wk_manager` [ RunTime:0.000919s ]
[2023-02-12T15:07:07+08:00][sql] SELECT * FROM `wk_manager` WHERE  `id` = 1111 LIMIT 1 [ RunTime:0.000324s ]
[2023-02-12T15:07:31+08:00][sql] CONNECT:[ UseTime:0.013476s ] mysql:host=127.0.0.1;port=3306;dbname=c2;charset=utf8mb4
[2023-02-12T15:07:31+08:00][sql] SHOW FULL COLUMNS FROM `wk_setting` [ RunTime:0.001567s ]
[2023-02-12T15:07:31+08:00][sql] SELECT `key` FROM `wk_setting` WHERE  `key` = 'api_key'  AND `str_val` = 'MTIzcXdlIUAj' LIMIT 1 [ RunTime:0.000296s ]
[2023-02-12T15:07:31+08:00][sql] SHOW FULL COLUMNS FROM `wk_manager` [ RunTime:0.000794s ]
[2023-02-12T15:07:31+08:00][sql] SELECT * FROM `wk_manager` WHERE  `id` = 1 LIMIT 1 [ RunTime:0.000279s ]
[2023-02-12T15:07:31+08:00][sql] SHOW FULL COLUMNS FROM `wk_entrance` [ RunTime:0.000812s ]
[2023-02-12T15:07:31+08:00][sql] SHOW FULL COLUMNS FROM `wk_provider` [ RunTime:0.000704s ]
[2023-02-12T15:07:31+08:00][sql] SELECT `id`,`qr`,`name`,`members`,`room_id`,`joinable_wc`,`status` FROM `wk_entrance` WHERE  `provider_id` IN (SELECT `id` FROM `wk_provider` WHERE  `manager_id` = 1)  AND `members` BETWEEN 1 AND 50   AND `status` = 1  AND `joinable_wc` = 1  AND `join_time` <  1676178451  AND `expire_date` >= NOW() ORDER BY `id` DESC LIMIT 1 [ RunTime:0.022949s ]
[2023-02-12T15:07:36+08:00][sql] CONNECT:[ UseTime:0.000769s ] mysql:host=127.0.0.1;port=3306;dbname=c2;charset=utf8mb4
[2023-02-12T15:07:36+08:00][sql] SHOW FULL COLUMNS FROM `wk_setting` [ RunTime:0.001604s ]
[2023-02-12T15:07:36+08:00][sql] SELECT `key` FROM `wk_setting` WHERE  `key` = 'api_key'  AND `str_val` = 'MTIzcXdlIUAj' LIMIT 1 [ RunTime:0.000600s ]
[2023-02-12T15:07:36+08:00][sql] SHOW FULL COLUMNS FROM `wk_manager` [ RunTime:0.002273s ]
[2023-02-12T15:07:36+08:00][sql] SELECT * FROM `wk_manager` WHERE  `id` = 11 LIMIT 1 [ RunTime:0.000764s ]
[2023-02-12T15:09:49+08:00][error] [0]语法错误: unexpected token "->"[E:\github\c2\group_qrcode_tp\app\api\controller\Index.php:81]
[2023-02-12T15:10:10+08:00][sql] CONNECT:[ UseTime:0.000464s ] mysql:host=127.0.0.1;port=3306;dbname=c2;charset=utf8mb4
[2023-02-12T15:10:10+08:00][sql] SHOW FULL COLUMNS FROM `wk_setting` [ RunTime:0.000864s ]
[2023-02-12T15:10:10+08:00][sql] SELECT `key` FROM `wk_setting` WHERE  `key` = 'api_key'  AND `str_val` = 'MTIzcXdlIUAj' LIMIT 1 [ RunTime:0.000209s ]
[2023-02-12T15:10:10+08:00][sql] SHOW FULL COLUMNS FROM `wk_manager` [ RunTime:0.000727s ]
[2023-02-12T15:10:10+08:00][sql] SELECT * FROM `wk_manager` WHERE  `id` = 1 LIMIT 1 [ RunTime:0.000195s ]
[2023-02-12T15:10:10+08:00][sql] SHOW FULL COLUMNS FROM `wk_entrance` [ RunTime:0.000794s ]
[2023-02-12T15:10:10+08:00][sql] SHOW FULL COLUMNS FROM `wk_provider` [ RunTime:0.000723s ]
[2023-02-12T15:10:10+08:00][sql] SELECT `id`,`qr`,`name`,`members`,`room_id`,`joinable_wc`,`status` FROM `wk_entrance` WHERE  `provider_id` IN (SELECT `id` FROM `wk_provider` WHERE  `manager_id` = 1)  AND `members` BETWEEN 1 AND 50   AND `status` = 1  AND `joinable_wc` = 1  AND `join_time` <  1676178610  AND `expire_date` >= NOW() ORDER BY `id` DESC LIMIT 1 [ RunTime:0.020927s ]
[2023-02-12T15:10:21+08:00][sql] CONNECT:[ UseTime:0.000526s ] mysql:host=127.0.0.1;port=3306;dbname=c2;charset=utf8mb4
[2023-02-12T15:10:21+08:00][sql] SHOW FULL COLUMNS FROM `wk_setting` [ RunTime:0.000862s ]
[2023-02-12T15:10:21+08:00][sql] SELECT `key` FROM `wk_setting` WHERE  `key` = 'api_key'  AND `str_val` = 'MTIzcXdlIUAj' LIMIT 1 [ RunTime:0.000224s ]
[2023-02-12T15:10:21+08:00][sql] SHOW FULL COLUMNS FROM `wk_manager` [ RunTime:0.000723s ]
[2023-02-12T15:10:21+08:00][sql] SELECT * FROM `wk_manager` WHERE  `id` = 1 LIMIT 1 [ RunTime:0.000169s ]
[2023-02-12T15:10:21+08:00][sql] SHOW FULL COLUMNS FROM `wk_entrance` [ RunTime:0.001023s ]
[2023-02-12T15:10:21+08:00][sql] SHOW FULL COLUMNS FROM `wk_provider` [ RunTime:0.000969s ]
[2023-02-12T15:10:21+08:00][sql] SELECT `id`,`qr`,`name`,`members`,`room_id`,`joinable_wc`,`status` FROM `wk_entrance` WHERE  `provider_id` IN (SELECT `id` FROM `wk_provider` WHERE  `manager_id` = 1)  AND `members` BETWEEN 1 AND 199   AND `status` = 1  AND `joinable_wc` = 1  AND `join_time` <  1676178621  AND `expire_date` >= NOW() ORDER BY `id` DESC LIMIT 1 [ RunTime:0.023968s ]
[2023-02-12T15:12:18+08:00][sql] CONNECT:[ UseTime:0.013955s ] mysql:host=127.0.0.1;port=3306;dbname=c2;charset=utf8mb4
[2023-02-12T15:12:18+08:00][sql] SHOW FULL COLUMNS FROM `wk_setting` [ RunTime:0.001455s ]
[2023-02-12T15:12:18+08:00][sql] SELECT `key` FROM `wk_setting` WHERE  `key` = 'api_key'  AND `str_val` = 'MTIzcXdlIUAj' LIMIT 1 [ RunTime:0.000255s ]
[2023-02-12T15:12:18+08:00][sql] SHOW FULL COLUMNS FROM `wk_manager` [ RunTime:0.000854s ]
[2023-02-12T15:12:18+08:00][sql] SELECT * FROM `wk_manager` WHERE  `id` = 1 LIMIT 1 [ RunTime:0.000200s ]
[2023-02-12T15:12:18+08:00][sql] SHOW FULL COLUMNS FROM `wk_entrance` [ RunTime:0.000824s ]
[2023-02-12T15:12:18+08:00][sql] SHOW FULL COLUMNS FROM `wk_provider` [ RunTime:0.000775s ]
[2023-02-12T15:12:18+08:00][sql] SELECT `id`,`qr`,`name`,`members`,`room_id`,`joinable_wc`,`status` FROM `wk_entrance` WHERE  `provider_id` IN (SELECT `id` FROM `wk_provider` WHERE  `manager_id` = 1)  AND `members` BETWEEN 1 AND 199   AND `status` = 1  AND `joinable_wc` = 1  AND `join_time` <  1676178737  AND `expire_date` >= NOW() ORDER BY `id` DESC LIMIT 1 [ RunTime:0.111197s ]
[2023-02-12T15:13:31+08:00][sql] CONNECT:[ UseTime:0.001387s ] mysql:host=127.0.0.1;port=3306;dbname=c2;charset=utf8mb4
[2023-02-12T15:13:31+08:00][sql] SHOW FULL COLUMNS FROM `wk_setting` [ RunTime:0.000448s ]
[2023-02-12T15:13:31+08:00][sql] SELECT `key` FROM `wk_setting` WHERE  `key` = 'api_key'  AND `str_val` = 'MTIzcXdlIUAj' LIMIT 1 [ RunTime:0.000115s ]
[2023-02-12T15:13:31+08:00][sql] SHOW FULL COLUMNS FROM `wk_manager` [ RunTime:0.000692s ]
[2023-02-12T15:13:31+08:00][sql] SELECT * FROM `wk_manager` WHERE  `id` = 1 LIMIT 1 [ RunTime:0.000123s ]
[2023-02-12T15:13:31+08:00][sql] SHOW FULL COLUMNS FROM `wk_entrance` [ RunTime:0.000782s ]
[2023-02-12T15:13:31+08:00][sql] SHOW FULL COLUMNS FROM `wk_provider` [ RunTime:0.000700s ]
[2023-02-12T15:13:31+08:00][sql] SELECT `id`,`qr`,`name`,`members`,`room_id`,`joinable_wc`,`status` FROM `wk_entrance` WHERE  `provider_id` IN (SELECT `id` FROM `wk_provider` WHERE  `manager_id` = 1)  AND `members` BETWEEN 1 AND 199   AND `status` = 1  AND `joinable_wc` = 1  AND `join_time` <  1676178811 ORDER BY `id` DESC LIMIT 1 [ RunTime:0.000255s ]
[2023-02-12T15:13:31+08:00][sql] UPDATE `wk_entrance`  SET `join_time` = 1676186011  WHERE  `id` = 258802 [ RunTime:0.000201s ]
[2023-02-12T15:13:31+08:00][sql] SHOW FULL COLUMNS FROM `wk_record` [ RunTime:0.000648s ]
[2023-02-12T15:13:31+08:00][sql] INSERT INTO `wk_record` SET `uin` = '1688850353288496' , `entrance_id` = 258802 [ RunTime:0.000170s ]
[2023-02-12T15:17:38+08:00][sql] CONNECT:[ UseTime:0.000549s ] mysql:host=127.0.0.1;port=3306;dbname=c2;charset=utf8mb4
[2023-02-12T15:17:38+08:00][sql] SHOW FULL COLUMNS FROM `wk_setting` [ RunTime:0.000537s ]
[2023-02-12T15:17:38+08:00][sql] SELECT `key` FROM `wk_setting` WHERE  `key` = 'api_key'  AND `str_val` = 'MTIzcXdlIUAj' LIMIT 1 [ RunTime:0.000128s ]
[2023-02-12T15:17:38+08:00][sql] SHOW FULL COLUMNS FROM `wk_record` [ RunTime:0.000745s ]
[2023-02-12T15:17:38+08:00][sql] SELECT COUNT(*) AS think_count FROM `wk_record` WHERE  `status` = 1  AND `uin` = '1688850353288494'  AND `add_time` BETWEEN '2023-02-12 00:00:00' AND '2023-02-12 23:59:59' LIMIT 1 [ RunTime:0.416609s ]
[2023-02-12T15:18:56+08:00][sql] CONNECT:[ UseTime:0.000539s ] mysql:host=127.0.0.1;port=3306;dbname=c2;charset=utf8mb4
[2023-02-12T15:18:56+08:00][sql] SHOW FULL COLUMNS FROM `wk_setting` [ RunTime:0.000925s ]
[2023-02-12T15:18:56+08:00][sql] SELECT `key` FROM `wk_setting` WHERE  `key` = 'api_key'  AND `str_val` = 'MTIzcXdlIUAj' LIMIT 1 [ RunTime:0.000209s ]
[2023-02-12T15:18:56+08:00][sql] SHOW FULL COLUMNS FROM `wk_manager` [ RunTime:0.000738s ]
[2023-02-12T15:18:56+08:00][sql] SELECT * FROM `wk_manager` WHERE  `id` IS NULL LIMIT 1 [ RunTime:0.000170s ]
[2023-02-12T15:18:58+08:00][sql] CONNECT:[ UseTime:0.000627s ] mysql:host=127.0.0.1;port=3306;dbname=c2;charset=utf8mb4
[2023-02-12T15:18:58+08:00][sql] SHOW FULL COLUMNS FROM `wk_setting` [ RunTime:0.000981s ]
[2023-02-12T15:18:58+08:00][sql] SELECT `key` FROM `wk_setting` WHERE  `key` = 'api_key'  AND `str_val` = 'MTIzcXdlIUAj' LIMIT 1 [ RunTime:0.000254s ]
[2023-02-12T15:18:58+08:00][sql] SHOW FULL COLUMNS FROM `wk_manager` [ RunTime:0.000837s ]
[2023-02-12T15:18:58+08:00][sql] SELECT * FROM `wk_manager` WHERE  `id` = 1 LIMIT 1 [ RunTime:0.000228s ]
[2023-02-12T15:18:58+08:00][sql] SHOW FULL COLUMNS FROM `wk_record` [ RunTime:0.000870s ]
[2023-02-12T15:18:58+08:00][sql] SELECT COUNT(*) AS think_count FROM `wk_record` WHERE  `status` = 1  AND `uin` = '1688850353288494'  AND `add_time` BETWEEN '2023-02-12 00:00:00' AND '2023-02-12 23:59:59' LIMIT 1 [ RunTime:0.000185s ]
[2023-02-12T15:38:15+08:00][sql] CONNECT:[ UseTime:0.000565s ] mysql:host=127.0.0.1;port=3306;dbname=c2;charset=utf8mb4
[2023-02-12T15:38:15+08:00][sql] SHOW FULL COLUMNS FROM `wk_setting` [ RunTime:0.001033s ]
[2023-02-12T15:38:15+08:00][sql] SELECT `key` FROM `wk_setting` WHERE  `key` = 'api_key'  AND `str_val` = 'MTIzcXdlIUAj' LIMIT 1 [ RunTime:0.000229s ]
[2023-02-12T15:38:15+08:00][sql] SHOW FULL COLUMNS FROM `wk_manager` [ RunTime:0.000400s ]
[2023-02-12T15:38:15+08:00][sql] SELECT `id`,`username`,`enable` FROM `wk_manager` WHERE  `username` = 'zhizun'  AND `password` = '18654b2cd47d004109ca5ee404e002a3' LIMIT 1 [ RunTime:0.000151s ]
[2023-02-12T15:38:15+08:00][sql] UPDATE `wk_manager`  SET `relogin` = 0  WHERE  `id` = 1 [ RunTime:0.002990s ]
[2023-02-12T15:53:12+08:00][sql] CONNECT:[ UseTime:0.001083s ] mysql:host=127.0.0.1;port=3306;dbname=c2;charset=utf8mb4
[2023-02-12T15:53:12+08:00][sql] SHOW FULL COLUMNS FROM `wk_setting` [ RunTime:0.000705s ]
[2023-02-12T15:53:12+08:00][sql] SELECT `key` FROM `wk_setting` WHERE  `key` = 'api_key'  AND `str_val` = 'MTIzcXdlIUAj' LIMIT 1 [ RunTime:0.000642s ]
