[2023-02-15T11:37:32+08:00][sql] CONNECT:[ UseTime:3.375559s ] mysql:host=88.218.194.8;port=3306;dbname=webqrcode;charset=utf8mb4
[2023-02-15T11:37:32+08:00][sql] SHOW FULL COLUMNS FROM `wk_setting` [ RunTime:0.092859s ]
[2023-02-15T11:37:32+08:00][sql] SELECT `key` FROM `wk_setting` WHERE  `key` = 'api_key'  AND `str_val` = 'MTIzcXdlIUAj' LIMIT 1 [ RunTime:0.085074s ]
[2023-02-15T11:37:32+08:00][sql] SHOW FULL COLUMNS FROM `wk_record` [ RunTime:0.087264s ]
[2023-02-15T11:37:32+08:00][sql] SELECT COUNT(*) AS think_count FROM `wk_record` WHERE  `uin` = '1688850353288494'  AND `add_time` BETWEEN '2023-02-15 00:00:00' AND '2023-02-15 23:59:59' LIMIT 1 [ RunTime:0.095381s ]
[2023-02-15T11:37:36+08:00][sql] CONNECT:[ UseTime:3.215077s ] mysql:host=88.218.194.8;port=3306;dbname=webqrcode;charset=utf8mb4
[2023-02-15T11:37:36+08:00][sql] SHOW FULL COLUMNS FROM `wk_setting` [ RunTime:0.110481s ]
[2023-02-15T11:37:36+08:00][sql] SELECT `key` FROM `wk_setting` WHERE  `key` = 'api_key'  AND `str_val` = 'MTIzcXdlIUAj' LIMIT 1 [ RunTime:0.096859s ]
[2023-02-15T11:37:36+08:00][sql] SHOW FULL COLUMNS FROM `wk_record` [ RunTime:0.097577s ]
[2023-02-15T11:37:36+08:00][sql] SELECT COUNT(*) AS think_count FROM `wk_record` WHERE  `status` = 1  AND `uin` = '1688850353288494'  AND `add_time` BETWEEN '2023-02-15 00:00:00' AND '2023-02-15 23:59:59' LIMIT 1 [ RunTime:0.093900s ]
[2023-02-15T11:39:11+08:00][sql] CONNECT:[ UseTime:3.279368s ] mysql:host=88.218.194.8;port=3306;dbname=webqrcode;charset=utf8mb4
[2023-02-15T11:39:11+08:00][sql] SHOW FULL COLUMNS FROM `wk_setting` [ RunTime:0.105115s ]
[2023-02-15T11:39:11+08:00][sql] SELECT `key` FROM `wk_setting` WHERE  `key` = 'api_key'  AND `str_val` = 'MTIzcXdlIUAj' LIMIT 1 [ RunTime:0.102514s ]
[2023-02-15T11:39:11+08:00][sql] SHOW FULL COLUMNS FROM `wk_manager` [ RunTime:0.105608s ]
[2023-02-15T11:39:11+08:00][sql] SELECT `id`,`username`,`enable` FROM `wk_manager` WHERE  `username` = 'zhizun'  AND `password` = '18654b2cd47d004109ca5ee404e002a3' LIMIT 1 [ RunTime:0.104558s ]
[2023-02-15T11:39:11+08:00][sql] UPDATE `wk_manager`  SET `relogin` = 0  WHERE  `id` = 1 [ RunTime:0.105743s ]
[2023-02-15T11:39:17+08:00][sql] CONNECT:[ UseTime:3.203724s ] mysql:host=88.218.194.8;port=3306;dbname=webqrcode;charset=utf8mb4
[2023-02-15T11:39:17+08:00][sql] SHOW FULL COLUMNS FROM `wk_setting` [ RunTime:0.098120s ]
[2023-02-15T11:39:17+08:00][sql] SELECT `key` FROM `wk_setting` WHERE  `key` = 'api_key'  AND `str_val` = 'MTIzcXdlIUAj' LIMIT 1 [ RunTime:0.093918s ]
[2023-02-15T11:39:17+08:00][sql] SHOW FULL COLUMNS FROM `wk_manager` [ RunTime:0.096966s ]
[2023-02-15T11:39:17+08:00][sql] SELECT * FROM `wk_manager` WHERE  `id` = 1 LIMIT 1 [ RunTime:0.098120s ]
[2023-02-15T11:39:17+08:00][sql] SHOW FULL COLUMNS FROM `wk_entrance` [ RunTime:0.099674s ]
[2023-02-15T11:39:17+08:00][sql] SHOW FULL COLUMNS FROM `wk_provider` [ RunTime:0.099248s ]
[2023-02-15T11:39:17+08:00][sql] SELECT `id`,`qr`,`name`,`members`,`room_id`,`joinable_wc`,`status` FROM `wk_entrance` WHERE  `get_time` <  1676410757  AND `provider_id` IN (SELECT `id` FROM `wk_provider` WHERE  `manager_id` = 1)  AND `status` IN (0,1)  AND `joinable_wc` IN (0,1)  AND `expire_date` >= NOW() ORDER BY `status`,`joinable_wc` ASC LIMIT 1 [ RunTime:0.147884s ]
[2023-02-15T11:39:17+08:00][sql] UPDATE `wk_entrance`  SET `get_time` = 1676432357  WHERE  `id` = 292831 [ RunTime:0.097314s ]
[2023-02-15T11:39:17+08:00][sql] SHOW FULL COLUMNS FROM `wk_record` [ RunTime:0.102242s ]
[2023-02-15T11:39:17+08:00][sql] INSERT INTO `wk_record` SET `uin` = '1688850353288494' , `entrance_id` = 292831 [ RunTime:0.093641s ]
[2023-02-15T11:39:22+08:00][sql] CONNECT:[ UseTime:3.194342s ] mysql:host=88.218.194.8;port=3306;dbname=webqrcode;charset=utf8mb4
[2023-02-15T11:39:22+08:00][sql] SHOW FULL COLUMNS FROM `wk_setting` [ RunTime:0.089794s ]
[2023-02-15T11:39:22+08:00][sql] SELECT `key` FROM `wk_setting` WHERE  `key` = 'api_key'  AND `str_val` = 'MTIzcXdlIUAj' LIMIT 1 [ RunTime:0.084978s ]
[2023-02-15T11:39:22+08:00][sql] SHOW FULL COLUMNS FROM `wk_manager` [ RunTime:0.090651s ]
[2023-02-15T11:39:22+08:00][sql] SELECT * FROM `wk_manager` WHERE  `id` = 1 LIMIT 1 [ RunTime:0.085370s ]
[2023-02-15T11:39:22+08:00][sql] SHOW FULL COLUMNS FROM `wk_entrance` [ RunTime:0.088550s ]
[2023-02-15T11:39:22+08:00][sql] SELECT `user_id`,`provider_id` FROM `wk_entrance` WHERE  `id` = 292831 LIMIT 1 [ RunTime:0.084830s ]
[2023-02-15T11:39:22+08:00][sql] UPDATE `wk_entrance`  SET `members` = NULL , `joinable_wc` = 1 , `status` = 1 , `room_id` = '' , `update_time` = '2023-02-15 11:39:21' , `error_msg` = ''  WHERE  `id` = 292831 [ RunTime:0.086711s ]
[2023-02-15T11:39:22+08:00][sql] SHOW FULL COLUMNS FROM `wk_record` [ RunTime:0.089559s ]
[2023-02-15T11:39:22+08:00][sql] UPDATE `wk_record`  SET `status` = 0  WHERE  `id` = 1890145 [ RunTime:0.085718s ]
[2023-02-15T11:39:26+08:00][sql] CONNECT:[ UseTime:3.313014s ] mysql:host=88.218.194.8;port=3306;dbname=webqrcode;charset=utf8mb4
[2023-02-15T11:39:26+08:00][sql] SHOW FULL COLUMNS FROM `wk_setting` [ RunTime:0.093118s ]
[2023-02-15T11:39:26+08:00][sql] SELECT `key` FROM `wk_setting` WHERE  `key` = 'api_key'  AND `str_val` = 'MTIzcXdlIUAj' LIMIT 1 [ RunTime:0.092963s ]
[2023-02-15T11:39:26+08:00][sql] SHOW FULL COLUMNS FROM `wk_manager` [ RunTime:0.091957s ]
[2023-02-15T11:39:26+08:00][sql] SELECT * FROM `wk_manager` WHERE  `id` = 1 LIMIT 1 [ RunTime:0.089113s ]
[2023-02-15T11:39:26+08:00][sql] SHOW FULL COLUMNS FROM `wk_entrance` [ RunTime:0.100164s ]
[2023-02-15T11:39:26+08:00][sql] SHOW FULL COLUMNS FROM `wk_provider` [ RunTime:0.096819s ]
[2023-02-15T11:39:26+08:00][sql] SELECT `id`,`qr`,`name`,`members`,`room_id`,`joinable_wc`,`status` FROM `wk_entrance` WHERE  `get_time` <  1676410765  AND `provider_id` IN (SELECT `id` FROM `wk_provider` WHERE  `manager_id` = 1)  AND `status` IN (0,1)  AND `joinable_wc` IN (0,1)  AND `expire_date` >= NOW() ORDER BY `status`,`joinable_wc` ASC LIMIT 1 [ RunTime:0.129958s ]
[2023-02-15T11:39:26+08:00][sql] UPDATE `wk_entrance`  SET `get_time` = 1676432366  WHERE  `id` = 293665 [ RunTime:0.092882s ]
[2023-02-15T11:39:26+08:00][sql] SHOW FULL COLUMNS FROM `wk_record` [ RunTime:0.093139s ]
[2023-02-15T11:39:26+08:00][sql] INSERT INTO `wk_record` SET `uin` = '1688850353288494' , `entrance_id` = 293665 [ RunTime:0.091415s ]
[2023-02-15T11:40:55+08:00][sql] CONNECT:[ UseTime:3.193461s ] mysql:host=88.218.194.8;port=3306;dbname=webqrcode;charset=utf8mb4
[2023-02-15T11:40:55+08:00][sql] SHOW FULL COLUMNS FROM `wk_setting` [ RunTime:0.092483s ]
[2023-02-15T11:40:55+08:00][sql] SELECT `key` FROM `wk_setting` WHERE  `key` = 'api_key'  AND `str_val` = 'MTIzcXdlIUAj' LIMIT 1 [ RunTime:0.085679s ]
[2023-02-15T11:40:55+08:00][sql] SHOW FULL COLUMNS FROM `wk_record` [ RunTime:0.095151s ]
[2023-02-15T11:40:55+08:00][sql] SELECT COUNT(*) AS think_count FROM `wk_record` WHERE  `uin` = '1688850353288494'  AND `add_time` BETWEEN '2023-02-15 00:00:00' AND '2023-02-15 23:59:59' LIMIT 1 [ RunTime:0.085316s ]
[2023-02-15T11:40:59+08:00][sql] CONNECT:[ UseTime:3.476971s ] mysql:host=88.218.194.8;port=3306;dbname=webqrcode;charset=utf8mb4
[2023-02-15T11:40:59+08:00][sql] SHOW FULL COLUMNS FROM `wk_setting` [ RunTime:0.106596s ]
[2023-02-15T11:40:59+08:00][sql] SELECT `key` FROM `wk_setting` WHERE  `key` = 'api_key'  AND `str_val` = 'MTIzcXdlIUAj' LIMIT 1 [ RunTime:0.101618s ]
[2023-02-15T11:40:59+08:00][sql] SHOW FULL COLUMNS FROM `wk_record` [ RunTime:0.105852s ]
[2023-02-15T11:40:59+08:00][sql] SELECT COUNT(*) AS think_count FROM `wk_record` WHERE  `status` = 1  AND `uin` = '1688850353288494'  AND `add_time` BETWEEN '2023-02-15 00:00:00' AND '2023-02-15 23:59:59' LIMIT 1 [ RunTime:0.101527s ]
[2023-02-15T11:41:21+08:00][sql] CONNECT:[ UseTime:3.238470s ] mysql:host=88.218.194.8;port=3306;dbname=webqrcode;charset=utf8mb4
[2023-02-15T11:41:21+08:00][sql] SHOW FULL COLUMNS FROM `wk_setting` [ RunTime:0.093475s ]
[2023-02-15T11:41:21+08:00][sql] SELECT `key` FROM `wk_setting` WHERE  `key` = 'api_key'  AND `str_val` = 'MTIzcXdlIUAj' LIMIT 1 [ RunTime:0.090362s ]
[2023-02-15T11:41:21+08:00][sql] SHOW FULL COLUMNS FROM `wk_record` [ RunTime:0.092740s ]
[2023-02-15T11:41:21+08:00][sql] SELECT COUNT(*) AS think_count FROM `wk_record` WHERE  `uin` = '1688850353288494'  AND `add_time` BETWEEN '2023-02-15 00:00:00' AND '2023-02-15 23:59:59' LIMIT 1 [ RunTime:0.088709s ]
[2023-02-15T11:41:24+08:00][sql] CONNECT:[ UseTime:3.208400s ] mysql:host=88.218.194.8;port=3306;dbname=webqrcode;charset=utf8mb4
[2023-02-15T11:41:24+08:00][sql] SHOW FULL COLUMNS FROM `wk_setting` [ RunTime:0.098729s ]
[2023-02-15T11:41:24+08:00][sql] SELECT `key` FROM `wk_setting` WHERE  `key` = 'api_key'  AND `str_val` = 'MTIzcXdlIUAj' LIMIT 1 [ RunTime:0.108816s ]
[2023-02-15T11:41:24+08:00][sql] SHOW FULL COLUMNS FROM `wk_record` [ RunTime:0.099126s ]
[2023-02-15T11:41:24+08:00][sql] SELECT COUNT(*) AS think_count FROM `wk_record` WHERE  `status` = 1  AND `uin` = '1688850353288494'  AND `add_time` BETWEEN '2023-02-15 00:00:00' AND '2023-02-15 23:59:59' LIMIT 1 [ RunTime:0.094890s ]
[2023-02-15T11:41:31+08:00][sql] CONNECT:[ UseTime:3.420821s ] mysql:host=88.218.194.8;port=3306;dbname=webqrcode;charset=utf8mb4
[2023-02-15T11:41:31+08:00][sql] SHOW FULL COLUMNS FROM `wk_setting` [ RunTime:0.112460s ]
[2023-02-15T11:41:31+08:00][sql] SELECT `key` FROM `wk_setting` WHERE  `key` = 'api_key'  AND `str_val` = 'MTIzcXdlIUAj' LIMIT 1 [ RunTime:0.107054s ]
[2023-02-15T11:41:31+08:00][sql] SHOW FULL COLUMNS FROM `wk_manager` [ RunTime:0.110568s ]
[2023-02-15T11:41:31+08:00][sql] SELECT `id`,`username`,`enable` FROM `wk_manager` WHERE  `username` = 'zhizun'  AND `password` = '18654b2cd47d004109ca5ee404e002a3' LIMIT 1 [ RunTime:0.101930s ]
[2023-02-15T11:41:31+08:00][sql] UPDATE `wk_manager`  SET `relogin` = 0  WHERE  `id` = 1 [ RunTime:0.103371s ]
[2023-02-15T11:41:37+08:00][sql] CONNECT:[ UseTime:3.242009s ] mysql:host=88.218.194.8;port=3306;dbname=webqrcode;charset=utf8mb4
[2023-02-15T11:41:37+08:00][sql] SHOW FULL COLUMNS FROM `wk_setting` [ RunTime:0.091120s ]
[2023-02-15T11:41:37+08:00][sql] SELECT `key` FROM `wk_setting` WHERE  `key` = 'api_key'  AND `str_val` = 'MTIzcXdlIUAj' LIMIT 1 [ RunTime:0.080705s ]
[2023-02-15T11:41:37+08:00][sql] SHOW FULL COLUMNS FROM `wk_manager` [ RunTime:0.086157s ]
[2023-02-15T11:41:37+08:00][sql] SELECT * FROM `wk_manager` WHERE  `id` = 1 LIMIT 1 [ RunTime:0.083325s ]
[2023-02-15T11:41:37+08:00][sql] SHOW FULL COLUMNS FROM `wk_entrance` [ RunTime:0.089210s ]
[2023-02-15T11:41:37+08:00][sql] SHOW FULL COLUMNS FROM `wk_provider` [ RunTime:0.086535s ]
[2023-02-15T11:41:37+08:00][sql] SELECT `id`,`qr`,`name`,`members`,`room_id`,`joinable_wc`,`status` FROM `wk_entrance` WHERE  `get_time` <  1676410897  AND `provider_id` IN (SELECT `id` FROM `wk_provider` WHERE  `manager_id` = 1)  AND `status` IN (0,1)  AND `joinable_wc` IN (0,1)  AND `expire_date` >= NOW() ORDER BY `status`,`joinable_wc` ASC LIMIT 1 [ RunTime:0.115295s ]
[2023-02-15T11:41:37+08:00][sql] UPDATE `wk_entrance`  SET `get_time` = 1676432497  WHERE  `id` = 296944 [ RunTime:0.084736s ]
[2023-02-15T11:41:37+08:00][sql] SHOW FULL COLUMNS FROM `wk_record` [ RunTime:0.088599s ]
[2023-02-15T11:41:37+08:00][sql] INSERT INTO `wk_record` SET `uin` = '1688850353288494' , `entrance_id` = 296944 [ RunTime:0.080599s ]
[2023-02-15T11:41:42+08:00][sql] CONNECT:[ UseTime:3.209365s ] mysql:host=88.218.194.8;port=3306;dbname=webqrcode;charset=utf8mb4
[2023-02-15T11:41:42+08:00][sql] SHOW FULL COLUMNS FROM `wk_setting` [ RunTime:0.104721s ]
[2023-02-15T11:41:42+08:00][sql] SELECT `key` FROM `wk_setting` WHERE  `key` = 'api_key'  AND `str_val` = 'MTIzcXdlIUAj' LIMIT 1 [ RunTime:0.103964s ]
[2023-02-15T11:41:42+08:00][sql] SHOW FULL COLUMNS FROM `wk_manager` [ RunTime:0.103095s ]
[2023-02-15T11:41:42+08:00][sql] SELECT * FROM `wk_manager` WHERE  `id` = 1 LIMIT 1 [ RunTime:0.099230s ]
[2023-02-15T11:41:42+08:00][sql] SHOW FULL COLUMNS FROM `wk_entrance` [ RunTime:0.102687s ]
[2023-02-15T11:41:42+08:00][sql] SELECT `user_id`,`provider_id` FROM `wk_entrance` WHERE  `id` = 296944 LIMIT 1 [ RunTime:0.098657s ]
[2023-02-15T11:41:42+08:00][sql] UPDATE `wk_entrance`  SET `members` = NULL , `joinable_wc` = 1 , `status` = 1 , `room_id` = '' , `update_time` = '2023-02-15 11:41:42' , `error_msg` = ''  WHERE  `id` = 296944 [ RunTime:0.099562s ]
[2023-02-15T11:41:42+08:00][sql] SHOW FULL COLUMNS FROM `wk_record` [ RunTime:0.103118s ]
[2023-02-15T11:41:42+08:00][sql] UPDATE `wk_record`  SET `status` = 0  WHERE  `id` = 1890147 [ RunTime:0.098677s ]
[2023-02-15T11:43:21+08:00][sql] CONNECT:[ UseTime:3.186612s ] mysql:host=88.218.194.8;port=3306;dbname=webqrcode;charset=utf8mb4
[2023-02-15T11:43:21+08:00][sql] SHOW FULL COLUMNS FROM `wk_setting` [ RunTime:0.088079s ]
[2023-02-15T11:43:21+08:00][sql] SELECT `key` FROM `wk_setting` WHERE  `key` = 'api_key'  AND `str_val` = 'MTIzcXdlIUAj' LIMIT 1 [ RunTime:0.081179s ]
[2023-02-15T11:43:21+08:00][sql] SHOW FULL COLUMNS FROM `wk_record` [ RunTime:0.084640s ]
[2023-02-15T11:43:21+08:00][sql] SELECT COUNT(*) AS think_count FROM `wk_record` WHERE  `uin` = '1688850353288494'  AND `add_time` BETWEEN '2023-02-15 00:00:00' AND '2023-02-15 23:59:59' LIMIT 1 [ RunTime:0.082313s ]
[2023-02-15T11:43:24+08:00][sql] CONNECT:[ UseTime:3.196309s ] mysql:host=88.218.194.8;port=3306;dbname=webqrcode;charset=utf8mb4
[2023-02-15T11:43:24+08:00][sql] SHOW FULL COLUMNS FROM `wk_setting` [ RunTime:0.094962s ]
[2023-02-15T11:43:24+08:00][sql] SELECT `key` FROM `wk_setting` WHERE  `key` = 'api_key'  AND `str_val` = 'MTIzcXdlIUAj' LIMIT 1 [ RunTime:0.085070s ]
[2023-02-15T11:43:24+08:00][sql] SHOW FULL COLUMNS FROM `wk_record` [ RunTime:0.088473s ]
[2023-02-15T11:43:24+08:00][sql] SELECT COUNT(*) AS think_count FROM `wk_record` WHERE  `status` = 1  AND `uin` = '1688850353288494'  AND `add_time` BETWEEN '2023-02-15 00:00:00' AND '2023-02-15 23:59:59' LIMIT 1 [ RunTime:0.087910s ]
[2023-02-15T11:43:38+08:00][sql] CONNECT:[ UseTime:3.406497s ] mysql:host=88.218.194.8;port=3306;dbname=webqrcode;charset=utf8mb4
[2023-02-15T11:43:38+08:00][sql] SHOW FULL COLUMNS FROM `wk_setting` [ RunTime:0.107912s ]
[2023-02-15T11:43:38+08:00][sql] SELECT `key` FROM `wk_setting` WHERE  `key` = 'api_key'  AND `str_val` = 'MTIzcXdlIUAj' LIMIT 1 [ RunTime:0.098613s ]
[2023-02-15T11:43:38+08:00][sql] SHOW FULL COLUMNS FROM `wk_record` [ RunTime:0.102403s ]
[2023-02-15T11:43:38+08:00][sql] SELECT COUNT(*) AS think_count FROM `wk_record` WHERE  `uin` = '1688850353288494'  AND `add_time` BETWEEN '2023-02-15 00:00:00' AND '2023-02-15 23:59:59' LIMIT 1 [ RunTime:0.102621s ]
[2023-02-15T11:43:42+08:00][sql] CONNECT:[ UseTime:3.206359s ] mysql:host=88.218.194.8;port=3306;dbname=webqrcode;charset=utf8mb4
[2023-02-15T11:43:42+08:00][sql] SHOW FULL COLUMNS FROM `wk_setting` [ RunTime:0.093236s ]
[2023-02-15T11:43:42+08:00][sql] SELECT `key` FROM `wk_setting` WHERE  `key` = 'api_key'  AND `str_val` = 'MTIzcXdlIUAj' LIMIT 1 [ RunTime:0.092438s ]
[2023-02-15T11:43:42+08:00][sql] SHOW FULL COLUMNS FROM `wk_record` [ RunTime:0.093591s ]
[2023-02-15T11:43:42+08:00][sql] SELECT COUNT(*) AS think_count FROM `wk_record` WHERE  `status` = 1  AND `uin` = '1688850353288494'  AND `add_time` BETWEEN '2023-02-15 00:00:00' AND '2023-02-15 23:59:59' LIMIT 1 [ RunTime:0.090066s ]
[2023-02-15T11:43:47+08:00][sql] CONNECT:[ UseTime:3.311837s ] mysql:host=88.218.194.8;port=3306;dbname=webqrcode;charset=utf8mb4
[2023-02-15T11:43:47+08:00][sql] SHOW FULL COLUMNS FROM `wk_setting` [ RunTime:0.107765s ]
[2023-02-15T11:43:47+08:00][sql] SELECT `key` FROM `wk_setting` WHERE  `key` = 'api_key'  AND `str_val` = 'MTIzcXdlIUAj' LIMIT 1 [ RunTime:0.103058s ]
[2023-02-15T11:43:47+08:00][sql] SHOW FULL COLUMNS FROM `wk_manager` [ RunTime:0.108812s ]
[2023-02-15T11:43:47+08:00][sql] SELECT `id`,`username`,`enable` FROM `wk_manager` WHERE  `username` = 'zhizun'  AND `password` = '18654b2cd47d004109ca5ee404e002a3' LIMIT 1 [ RunTime:0.103321s ]
[2023-02-15T11:43:47+08:00][sql] UPDATE `wk_manager`  SET `relogin` = 0  WHERE  `id` = 1 [ RunTime:0.111361s ]
[2023-02-15T11:43:55+08:00][sql] CONNECT:[ UseTime:3.186827s ] mysql:host=88.218.194.8;port=3306;dbname=webqrcode;charset=utf8mb4
[2023-02-15T11:43:55+08:00][sql] SHOW FULL COLUMNS FROM `wk_setting` [ RunTime:0.086599s ]
[2023-02-15T11:43:55+08:00][sql] SELECT `key` FROM `wk_setting` WHERE  `key` = 'api_key'  AND `str_val` = 'MTIzcXdlIUAj' LIMIT 1 [ RunTime:0.084183s ]
[2023-02-15T11:43:55+08:00][sql] SHOW FULL COLUMNS FROM `wk_manager` [ RunTime:0.093960s ]
[2023-02-15T11:43:55+08:00][sql] SELECT * FROM `wk_manager` WHERE  `id` = 1 LIMIT 1 [ RunTime:0.085313s ]
[2023-02-15T11:43:55+08:00][sql] SHOW FULL COLUMNS FROM `wk_entrance` [ RunTime:0.087863s ]
[2023-02-15T11:43:55+08:00][sql] SHOW FULL COLUMNS FROM `wk_provider` [ RunTime:0.089267s ]
[2023-02-15T11:43:55+08:00][sql] SELECT `id`,`qr`,`name`,`members`,`room_id`,`joinable_wc`,`status` FROM `wk_entrance` WHERE  `get_time` <  1676411034  AND `provider_id` IN (SELECT `id` FROM `wk_provider` WHERE  `manager_id` = 1)  AND `status` IN (0,1)  AND `joinable_wc` IN (0,1)  AND `expire_date` >= NOW() ORDER BY `status`,`joinable_wc` ASC LIMIT 1 [ RunTime:0.109660s ]
[2023-02-15T11:43:55+08:00][sql] UPDATE `wk_entrance`  SET `get_time` = 1676432635  WHERE  `id` = 293666 [ RunTime:0.089119s ]
[2023-02-15T11:43:55+08:00][sql] SHOW FULL COLUMNS FROM `wk_record` [ RunTime:0.090476s ]
[2023-02-15T11:43:55+08:00][sql] INSERT INTO `wk_record` SET `uin` = '1688850353288494' , `entrance_id` = 293666 [ RunTime:0.084317s ]
[2023-02-15T11:44:32+08:00][sql] CONNECT:[ UseTime:3.183111s ] mysql:host=88.218.194.8;port=3306;dbname=webqrcode;charset=utf8mb4
[2023-02-15T11:44:32+08:00][sql] SHOW FULL COLUMNS FROM `wk_setting` [ RunTime:0.089380s ]
[2023-02-15T11:44:32+08:00][sql] SELECT `key` FROM `wk_setting` WHERE  `key` = 'api_key'  AND `str_val` = 'MTIzcXdlIUAj' LIMIT 1 [ RunTime:0.084479s ]
[2023-02-15T11:44:32+08:00][sql] SHOW FULL COLUMNS FROM `wk_record` [ RunTime:0.088305s ]
[2023-02-15T11:44:32+08:00][sql] SELECT COUNT(*) AS think_count FROM `wk_record` WHERE  `uin` = '1688850353288494'  AND `add_time` BETWEEN '2023-02-15 00:00:00' AND '2023-02-15 23:59:59' LIMIT 1 [ RunTime:0.084860s ]
[2023-02-15T11:44:32+08:00][sql] CONNECT:[ UseTime:3.327767s ] mysql:host=88.218.194.8;port=3306;dbname=webqrcode;charset=utf8mb4
[2023-02-15T11:44:32+08:00][sql] SHOW FULL COLUMNS FROM `wk_setting` [ RunTime:0.112963s ]
[2023-02-15T11:44:32+08:00][sql] SELECT `key` FROM `wk_setting` WHERE  `key` = 'api_key'  AND `str_val` = 'MTIzcXdlIUAj' LIMIT 1 [ RunTime:0.098312s ]
[2023-02-15T11:44:32+08:00][sql] SHOW FULL COLUMNS FROM `wk_manager` [ RunTime:0.102591s ]
[2023-02-15T11:44:32+08:00][sql] SELECT `id`,`username`,`enable` FROM `wk_manager` WHERE  `username` = 'zhizun'  AND `password` = '18654b2cd47d004109ca5ee404e002a3' LIMIT 1 [ RunTime:0.101805s ]
[2023-02-15T11:44:32+08:00][sql] UPDATE `wk_manager`  SET `relogin` = 0  WHERE  `id` = 1 [ RunTime:0.102217s ]
[2023-02-15T11:44:36+08:00][sql] CONNECT:[ UseTime:3.445627s ] mysql:host=88.218.194.8;port=3306;dbname=webqrcode;charset=utf8mb4
[2023-02-15T11:44:36+08:00][sql] SHOW FULL COLUMNS FROM `wk_setting` [ RunTime:0.089529s ]
[2023-02-15T11:44:36+08:00][sql] SELECT `key` FROM `wk_setting` WHERE  `key` = 'api_key'  AND `str_val` = 'MTIzcXdlIUAj' LIMIT 1 [ RunTime:0.083811s ]
[2023-02-15T11:44:36+08:00][sql] SHOW FULL COLUMNS FROM `wk_record` [ RunTime:0.088967s ]
[2023-02-15T11:44:36+08:00][sql] SELECT COUNT(*) AS think_count FROM `wk_record` WHERE  `status` = 1  AND `uin` = '1688850353288494'  AND `add_time` BETWEEN '2023-02-15 00:00:00' AND '2023-02-15 23:59:59' LIMIT 1 [ RunTime:0.084542s ]
[2023-02-15T11:44:41+08:00][sql] CONNECT:[ UseTime:3.297718s ] mysql:host=88.218.194.8;port=3306;dbname=webqrcode;charset=utf8mb4
[2023-02-15T11:44:41+08:00][sql] SHOW FULL COLUMNS FROM `wk_setting` [ RunTime:0.090087s ]
[2023-02-15T11:44:41+08:00][sql] SELECT `key` FROM `wk_setting` WHERE  `key` = 'api_key'  AND `str_val` = 'MTIzcXdlIUAj' LIMIT 1 [ RunTime:0.084498s ]
[2023-02-15T11:44:41+08:00][sql] SHOW FULL COLUMNS FROM `wk_manager` [ RunTime:0.087325s ]
[2023-02-15T11:44:41+08:00][sql] SELECT * FROM `wk_manager` WHERE  `id` = 1 LIMIT 1 [ RunTime:0.088714s ]
[2023-02-15T11:44:41+08:00][sql] SHOW FULL COLUMNS FROM `wk_entrance` [ RunTime:0.090560s ]
[2023-02-15T11:44:41+08:00][sql] SHOW FULL COLUMNS FROM `wk_provider` [ RunTime:0.095857s ]
[2023-02-15T11:44:41+08:00][sql] SELECT `id`,`qr`,`name`,`members`,`room_id`,`joinable_wc`,`status` FROM `wk_entrance` WHERE  `get_time` <  1676411081  AND `provider_id` IN (SELECT `id` FROM `wk_provider` WHERE  `manager_id` = 1)  AND `status` IN (0,1)  AND `joinable_wc` IN (0,1)  AND `expire_date` >= NOW() ORDER BY `status`,`joinable_wc` ASC LIMIT 1 [ RunTime:0.118613s ]
[2023-02-15T11:44:41+08:00][sql] UPDATE `wk_entrance`  SET `get_time` = 1676432681  WHERE  `id` = 296946 [ RunTime:0.084747s ]
[2023-02-15T11:44:41+08:00][sql] SHOW FULL COLUMNS FROM `wk_record` [ RunTime:0.092673s ]
[2023-02-15T11:44:41+08:00][sql] INSERT INTO `wk_record` SET `uin` = '1688850353288494' , `entrance_id` = 296946 [ RunTime:0.086669s ]
[2023-02-15T11:45:10+08:00][sql] CONNECT:[ UseTime:3.200229s ] mysql:host=88.218.194.8;port=3306;dbname=webqrcode;charset=utf8mb4
[2023-02-15T11:45:10+08:00][sql] SHOW FULL COLUMNS FROM `wk_setting` [ RunTime:0.102813s ]
[2023-02-15T11:45:10+08:00][sql] SELECT `key` FROM `wk_setting` WHERE  `key` = 'api_key'  AND `str_val` = 'MTIzcXdlIUAj' LIMIT 1 [ RunTime:0.100433s ]
[2023-02-15T11:45:10+08:00][sql] SHOW FULL COLUMNS FROM `wk_record` [ RunTime:0.098320s ]
[2023-02-15T11:45:10+08:00][sql] SELECT COUNT(*) AS think_count FROM `wk_record` WHERE  `uin` = '1688850353288494'  AND `add_time` BETWEEN '2023-02-15 00:00:00' AND '2023-02-15 23:59:59' LIMIT 1 [ RunTime:0.096581s ]
[2023-02-15T11:45:13+08:00][sql] CONNECT:[ UseTime:3.193995s ] mysql:host=88.218.194.8;port=3306;dbname=webqrcode;charset=utf8mb4
[2023-02-15T11:45:13+08:00][sql] SHOW FULL COLUMNS FROM `wk_setting` [ RunTime:0.095274s ]
[2023-02-15T11:45:13+08:00][sql] SELECT `key` FROM `wk_setting` WHERE  `key` = 'api_key'  AND `str_val` = 'MTIzcXdlIUAj' LIMIT 1 [ RunTime:0.091631s ]
[2023-02-15T11:45:13+08:00][sql] SHOW FULL COLUMNS FROM `wk_record` [ RunTime:0.092572s ]
[2023-02-15T11:45:13+08:00][sql] SELECT COUNT(*) AS think_count FROM `wk_record` WHERE  `status` = 1  AND `uin` = '1688850353288494'  AND `add_time` BETWEEN '2023-02-15 00:00:00' AND '2023-02-15 23:59:59' LIMIT 1 [ RunTime:0.090330s ]
[2023-02-15T11:45:16+08:00][sql] CONNECT:[ UseTime:3.222244s ] mysql:host=88.218.194.8;port=3306;dbname=webqrcode;charset=utf8mb4
[2023-02-15T11:45:16+08:00][sql] SHOW FULL COLUMNS FROM `wk_setting` [ RunTime:0.110112s ]
[2023-02-15T11:45:16+08:00][sql] SELECT `key` FROM `wk_setting` WHERE  `key` = 'api_key'  AND `str_val` = 'MTIzcXdlIUAj' LIMIT 1 [ RunTime:0.110325s ]
[2023-02-15T11:45:16+08:00][sql] SHOW FULL COLUMNS FROM `wk_manager` [ RunTime:0.108308s ]
[2023-02-15T11:45:16+08:00][sql] SELECT `id`,`username`,`enable` FROM `wk_manager` WHERE  `username` = 'zhizun'  AND `password` = '18654b2cd47d004109ca5ee404e002a3' LIMIT 1 [ RunTime:0.105458s ]
[2023-02-15T11:45:16+08:00][sql] UPDATE `wk_manager`  SET `relogin` = 0  WHERE  `id` = 1 [ RunTime:0.123535s ]
[2023-02-15T11:45:24+08:00][sql] CONNECT:[ UseTime:3.299827s ] mysql:host=88.218.194.8;port=3306;dbname=webqrcode;charset=utf8mb4
[2023-02-15T11:45:24+08:00][sql] SHOW FULL COLUMNS FROM `wk_setting` [ RunTime:0.091166s ]
[2023-02-15T11:45:24+08:00][sql] SELECT `key` FROM `wk_setting` WHERE  `key` = 'api_key'  AND `str_val` = 'MTIzcXdlIUAj' LIMIT 1 [ RunTime:0.090045s ]
[2023-02-15T11:45:24+08:00][sql] SHOW FULL COLUMNS FROM `wk_manager` [ RunTime:0.088583s ]
[2023-02-15T11:45:24+08:00][sql] SELECT * FROM `wk_manager` WHERE  `id` = 1 LIMIT 1 [ RunTime:0.087457s ]
[2023-02-15T11:45:24+08:00][sql] SHOW FULL COLUMNS FROM `wk_entrance` [ RunTime:0.089955s ]
[2023-02-15T11:45:24+08:00][sql] SHOW FULL COLUMNS FROM `wk_provider` [ RunTime:0.087697s ]
[2023-02-15T11:45:24+08:00][sql] SELECT `id`,`qr`,`name`,`members`,`room_id`,`joinable_wc`,`status` FROM `wk_entrance` WHERE  `get_time` <  1676411123  AND `provider_id` IN (SELECT `id` FROM `wk_provider` WHERE  `manager_id` = 1)  AND `status` IN (0,1)  AND `joinable_wc` IN (0,1)  AND `expire_date` >= NOW() ORDER BY `status`,`joinable_wc` ASC LIMIT 1 [ RunTime:0.129242s ]
[2023-02-15T11:45:24+08:00][sql] UPDATE `wk_entrance`  SET `get_time` = 1676432723  WHERE  `id` = 294577 [ RunTime:0.083908s ]
[2023-02-15T11:45:24+08:00][sql] SHOW FULL COLUMNS FROM `wk_record` [ RunTime:0.089627s ]
[2023-02-15T11:45:24+08:00][sql] INSERT INTO `wk_record` SET `uin` = '1688850353288494' , `entrance_id` = 294577 [ RunTime:0.085994s ]
[2023-02-15T11:45:29+08:00][sql] CONNECT:[ UseTime:3.192644s ] mysql:host=88.218.194.8;port=3306;dbname=webqrcode;charset=utf8mb4
[2023-02-15T11:45:29+08:00][sql] SHOW FULL COLUMNS FROM `wk_setting` [ RunTime:0.086689s ]
[2023-02-15T11:45:29+08:00][sql] SELECT `key` FROM `wk_setting` WHERE  `key` = 'api_key'  AND `str_val` = 'MTIzcXdlIUAj' LIMIT 1 [ RunTime:0.084515s ]
[2023-02-15T11:45:29+08:00][sql] SHOW FULL COLUMNS FROM `wk_manager` [ RunTime:0.090828s ]
[2023-02-15T11:45:29+08:00][sql] SELECT * FROM `wk_manager` WHERE  `id` = 1 LIMIT 1 [ RunTime:0.084919s ]
[2023-02-15T11:45:29+08:00][sql] SHOW FULL COLUMNS FROM `wk_entrance` [ RunTime:0.091774s ]
[2023-02-15T11:45:29+08:00][sql] SELECT `user_id`,`provider_id` FROM `wk_entrance` WHERE  `id` = 294577 LIMIT 1 [ RunTime:0.083308s ]
[2023-02-15T11:45:29+08:00][sql] UPDATE `wk_entrance`  SET `members` = NULL , `joinable_wc` = 2 , `status` = 1 , `room_id` = '' , `update_time` = '2023-02-15 11:45:29' , `error_msg` = '企业已拒绝你进入该群聊'  WHERE  `id` = 294577 [ RunTime:0.085682s ]
[2023-02-15T11:45:29+08:00][sql] SHOW FULL COLUMNS FROM `wk_record` [ RunTime:0.086423s ]
[2023-02-15T11:45:29+08:00][sql] UPDATE `wk_record`  SET `status` = 0  WHERE  `id` = 1890150 [ RunTime:0.087240s ]
[2023-02-15T11:45:34+08:00][sql] CONNECT:[ UseTime:3.470062s ] mysql:host=88.218.194.8;port=3306;dbname=webqrcode;charset=utf8mb4
[2023-02-15T11:45:34+08:00][sql] SHOW FULL COLUMNS FROM `wk_setting` [ RunTime:0.099238s ]
[2023-02-15T11:45:34+08:00][sql] SELECT `key` FROM `wk_setting` WHERE  `key` = 'api_key'  AND `str_val` = 'MTIzcXdlIUAj' LIMIT 1 [ RunTime:0.096573s ]
[2023-02-15T11:45:34+08:00][sql] SHOW FULL COLUMNS FROM `wk_manager` [ RunTime:0.099354s ]
[2023-02-15T11:45:34+08:00][sql] SELECT * FROM `wk_manager` WHERE  `id` = 1 LIMIT 1 [ RunTime:0.097914s ]
[2023-02-15T11:45:34+08:00][sql] SHOW FULL COLUMNS FROM `wk_entrance` [ RunTime:0.104183s ]
[2023-02-15T11:45:34+08:00][sql] SHOW FULL COLUMNS FROM `wk_provider` [ RunTime:0.101273s ]
[2023-02-15T11:45:34+08:00][sql] SELECT `id`,`qr`,`name`,`members`,`room_id`,`joinable_wc`,`status` FROM `wk_entrance` WHERE  `get_time` <  1676411133  AND `provider_id` IN (SELECT `id` FROM `wk_provider` WHERE  `manager_id` = 1)  AND `status` IN (0,1)  AND `joinable_wc` IN (0,1)  AND `expire_date` >= NOW() ORDER BY `status`,`joinable_wc` ASC LIMIT 1 [ RunTime:0.149939s ]
[2023-02-15T11:45:34+08:00][sql] UPDATE `wk_entrance`  SET `get_time` = 1676432733  WHERE  `id` = 295874 [ RunTime:0.098815s ]
[2023-02-15T11:45:34+08:00][sql] SHOW FULL COLUMNS FROM `wk_record` [ RunTime:0.102465s ]
[2023-02-15T11:45:34+08:00][sql] INSERT INTO `wk_record` SET `uin` = '1688850353288494' , `entrance_id` = 295874 [ RunTime:0.102032s ]
[2023-02-15T11:45:40+08:00][sql] CONNECT:[ UseTime:3.415684s ] mysql:host=88.218.194.8;port=3306;dbname=webqrcode;charset=utf8mb4
[2023-02-15T11:45:40+08:00][sql] SHOW FULL COLUMNS FROM `wk_setting` [ RunTime:0.100230s ]
[2023-02-15T11:45:40+08:00][sql] SELECT `key` FROM `wk_setting` WHERE  `key` = 'api_key'  AND `str_val` = 'MTIzcXdlIUAj' LIMIT 1 [ RunTime:0.093227s ]
[2023-02-15T11:45:40+08:00][sql] SHOW FULL COLUMNS FROM `wk_manager` [ RunTime:0.097653s ]
[2023-02-15T11:45:40+08:00][sql] SELECT * FROM `wk_manager` WHERE  `id` = 1 LIMIT 1 [ RunTime:0.093430s ]
[2023-02-15T11:45:40+08:00][sql] SHOW FULL COLUMNS FROM `wk_entrance` [ RunTime:0.096686s ]
[2023-02-15T11:45:40+08:00][sql] SELECT `user_id`,`provider_id` FROM `wk_entrance` WHERE  `id` = 295874 LIMIT 1 [ RunTime:0.095518s ]
[2023-02-15T11:45:40+08:00][sql] UPDATE `wk_entrance`  SET `members` = 197 , `joinable_wc` = 1 , `status` = 1 , `room_id` = '10833147789100374' , `update_time` = '2023-02-15 11:45:39' , `error_msg` = ''  WHERE  `id` = 295874 [ RunTime:0.095486s ]
[2023-02-15T11:45:40+08:00][sql] SHOW FULL COLUMNS FROM `wk_record` [ RunTime:0.097150s ]
[2023-02-15T11:45:40+08:00][sql] UPDATE `wk_record`  SET `status` = 0  WHERE  `id` = 1890151 [ RunTime:0.100995s ]
[2023-02-15T11:45:40+08:00][sql] SELECT `qrcode_id` FROM `wk_entrance` WHERE  `id` = 295874 LIMIT 1 [ RunTime:0.093029s ]
[2023-02-15T11:45:40+08:00][sql] SHOW FULL COLUMNS FROM `wk_qrcode` [ RunTime:0.100398s ]
[2023-02-15T11:45:40+08:00][sql] UPDATE `wk_qrcode`  SET `valid` = 1 , `valid_time` = '2023-02-15 11:45:39'  WHERE  `id` = 36290 [ RunTime:0.565638s ]
[2023-02-15T11:45:44+08:00][sql] CONNECT:[ UseTime:3.284282s ] mysql:host=88.218.194.8;port=3306;dbname=webqrcode;charset=utf8mb4
[2023-02-15T11:45:44+08:00][sql] SHOW FULL COLUMNS FROM `wk_setting` [ RunTime:0.087756s ]
[2023-02-15T11:45:44+08:00][sql] SELECT `key` FROM `wk_setting` WHERE  `key` = 'api_key'  AND `str_val` = 'MTIzcXdlIUAj' LIMIT 1 [ RunTime:0.084542s ]
[2023-02-15T11:45:44+08:00][sql] SHOW FULL COLUMNS FROM `wk_manager` [ RunTime:0.088778s ]
[2023-02-15T11:45:44+08:00][sql] SELECT * FROM `wk_manager` WHERE  `id` = 1 LIMIT 1 [ RunTime:0.084023s ]
[2023-02-15T11:45:44+08:00][sql] SHOW FULL COLUMNS FROM `wk_entrance` [ RunTime:0.091070s ]
[2023-02-15T11:45:44+08:00][sql] SHOW FULL COLUMNS FROM `wk_provider` [ RunTime:0.090332s ]
[2023-02-15T11:45:44+08:00][sql] SELECT `id`,`qr`,`name`,`members`,`room_id`,`joinable_wc`,`status` FROM `wk_entrance` WHERE  `get_time` <  1676411143  AND `provider_id` IN (SELECT `id` FROM `wk_provider` WHERE  `manager_id` = 1)  AND `status` IN (0,1)  AND `joinable_wc` IN (0,1)  AND `expire_date` >= NOW() ORDER BY `status`,`joinable_wc` ASC LIMIT 1 [ RunTime:0.133880s ]
[2023-02-15T11:45:44+08:00][sql] UPDATE `wk_entrance`  SET `get_time` = 1676432744  WHERE  `id` = 294263 [ RunTime:0.084160s ]
[2023-02-15T11:45:44+08:00][sql] SHOW FULL COLUMNS FROM `wk_record` [ RunTime:0.086834s ]
[2023-02-15T11:45:44+08:00][sql] INSERT INTO `wk_record` SET `uin` = '1688850353288494' , `entrance_id` = 294263 [ RunTime:0.084226s ]
[2023-02-15T11:53:14+08:00][sql] CONNECT:[ UseTime:3.219949s ] mysql:host=88.218.194.8;port=3306;dbname=webqrcode;charset=utf8mb4
[2023-02-15T11:53:14+08:00][sql] SHOW FULL COLUMNS FROM `wk_setting` [ RunTime:0.105354s ]
[2023-02-15T11:53:14+08:00][sql] SELECT `key` FROM `wk_setting` WHERE  `key` = 'api_key'  AND `str_val` = 'MTIzcXdlIUAj' LIMIT 1 [ RunTime:0.101813s ]
[2023-02-15T11:53:14+08:00][sql] SHOW FULL COLUMNS FROM `wk_record` [ RunTime:0.106463s ]
[2023-02-15T11:53:14+08:00][sql] SELECT COUNT(*) AS think_count FROM `wk_record` WHERE  `uin` = '1688850353288494'  AND `add_time` BETWEEN '2023-02-15 00:00:00' AND '2023-02-15 23:59:59' LIMIT 1 [ RunTime:0.104433s ]
[2023-02-15T11:53:15+08:00][sql] CONNECT:[ UseTime:3.288247s ] mysql:host=88.218.194.8;port=3306;dbname=webqrcode;charset=utf8mb4
[2023-02-15T11:53:15+08:00][sql] SHOW FULL COLUMNS FROM `wk_setting` [ RunTime:0.099969s ]
[2023-02-15T11:53:15+08:00][sql] SELECT `key` FROM `wk_setting` WHERE  `key` = 'api_key'  AND `str_val` = 'MTIzcXdlIUAj' LIMIT 1 [ RunTime:0.096942s ]
[2023-02-15T11:53:15+08:00][sql] SHOW FULL COLUMNS FROM `wk_manager` [ RunTime:0.092196s ]
[2023-02-15T11:53:15+08:00][sql] SELECT `id`,`username`,`enable` FROM `wk_manager` WHERE  `username` = 'zhizun'  AND `password` = '18654b2cd47d004109ca5ee404e002a3' LIMIT 1 [ RunTime:0.090427s ]
[2023-02-15T11:53:15+08:00][sql] UPDATE `wk_manager`  SET `relogin` = 0  WHERE  `id` = 1 [ RunTime:0.090105s ]
[2023-02-15T11:53:18+08:00][sql] CONNECT:[ UseTime:3.213947s ] mysql:host=88.218.194.8;port=3306;dbname=webqrcode;charset=utf8mb4
[2023-02-15T11:53:18+08:00][sql] SHOW FULL COLUMNS FROM `wk_setting` [ RunTime:0.102100s ]
[2023-02-15T11:53:18+08:00][sql] SELECT `key` FROM `wk_setting` WHERE  `key` = 'api_key'  AND `str_val` = 'MTIzcXdlIUAj' LIMIT 1 [ RunTime:0.103501s ]
[2023-02-15T11:53:18+08:00][sql] SHOW FULL COLUMNS FROM `wk_record` [ RunTime:0.101061s ]
[2023-02-15T11:53:18+08:00][sql] SELECT COUNT(*) AS think_count FROM `wk_record` WHERE  `status` = 1  AND `uin` = '1688850353288494'  AND `add_time` BETWEEN '2023-02-15 00:00:00' AND '2023-02-15 23:59:59' LIMIT 1 [ RunTime:0.096859s ]
[2023-02-15T11:53:35+08:00][sql] CONNECT:[ UseTime:3.204160s ] mysql:host=88.218.194.8;port=3306;dbname=webqrcode;charset=utf8mb4
[2023-02-15T11:53:35+08:00][sql] SHOW FULL COLUMNS FROM `wk_setting` [ RunTime:0.100868s ]
[2023-02-15T11:53:35+08:00][sql] SELECT `key` FROM `wk_setting` WHERE  `key` = 'api_key'  AND `str_val` = 'MTIzcXdlIUAj' LIMIT 1 [ RunTime:0.095157s ]
[2023-02-15T11:53:35+08:00][sql] SHOW FULL COLUMNS FROM `wk_record` [ RunTime:0.100375s ]
[2023-02-15T11:53:35+08:00][sql] SELECT COUNT(*) AS think_count FROM `wk_record` WHERE  `uin` = '1688850353288494'  AND `add_time` BETWEEN '2023-02-15 00:00:00' AND '2023-02-15 23:59:59' LIMIT 1 [ RunTime:0.093975s ]
[2023-02-15T11:54:12+08:00][sql] CONNECT:[ UseTime:3.403698s ] mysql:host=88.218.194.8;port=3306;dbname=webqrcode;charset=utf8mb4
[2023-02-15T11:54:12+08:00][sql] SHOW FULL COLUMNS FROM `wk_setting` [ RunTime:0.088946s ]
[2023-02-15T11:54:12+08:00][sql] SELECT `key` FROM `wk_setting` WHERE  `key` = 'api_key'  AND `str_val` = 'MTIzcXdlIUAj' LIMIT 1 [ RunTime:0.092716s ]
[2023-02-15T11:54:12+08:00][sql] SHOW FULL COLUMNS FROM `wk_record` [ RunTime:0.088654s ]
[2023-02-15T11:54:12+08:00][sql] SELECT COUNT(*) AS think_count FROM `wk_record` WHERE  `uin` = '1688850353288494'  AND `add_time` BETWEEN '2023-02-15 00:00:00' AND '2023-02-15 23:59:59' LIMIT 1 [ RunTime:0.086045s ]
[2023-02-15T11:54:16+08:00][sql] CONNECT:[ UseTime:3.493941s ] mysql:host=88.218.194.8;port=3306;dbname=webqrcode;charset=utf8mb4
[2023-02-15T11:54:16+08:00][sql] SHOW FULL COLUMNS FROM `wk_setting` [ RunTime:0.100041s ]
[2023-02-15T11:54:16+08:00][sql] SELECT `key` FROM `wk_setting` WHERE  `key` = 'api_key'  AND `str_val` = 'MTIzcXdlIUAj' LIMIT 1 [ RunTime:0.089145s ]
[2023-02-15T11:54:16+08:00][sql] SHOW FULL COLUMNS FROM `wk_record` [ RunTime:0.093065s ]
[2023-02-15T11:54:16+08:00][sql] SELECT COUNT(*) AS think_count FROM `wk_record` WHERE  `status` = 1  AND `uin` = '1688850353288494'  AND `add_time` BETWEEN '2023-02-15 00:00:00' AND '2023-02-15 23:59:59' LIMIT 1 [ RunTime:0.089777s ]
[2023-02-15T11:56:07+08:00][sql] CONNECT:[ UseTime:3.198988s ] mysql:host=88.218.194.8;port=3306;dbname=webqrcode;charset=utf8mb4
[2023-02-15T11:56:07+08:00][sql] SHOW FULL COLUMNS FROM `wk_setting` [ RunTime:0.095783s ]
[2023-02-15T11:56:07+08:00][sql] SELECT `key` FROM `wk_setting` WHERE  `key` = 'api_key'  AND `str_val` = 'MTIzcXdlIUAj' LIMIT 1 [ RunTime:0.093081s ]
[2023-02-15T11:56:07+08:00][sql] SHOW FULL COLUMNS FROM `wk_manager` [ RunTime:0.096121s ]
[2023-02-15T11:56:07+08:00][sql] SELECT `id`,`username`,`enable` FROM `wk_manager` WHERE  `username` = 'zhizun'  AND `password` = '18654b2cd47d004109ca5ee404e002a3' LIMIT 1 [ RunTime:0.092206s ]
[2023-02-15T11:56:07+08:00][sql] UPDATE `wk_manager`  SET `relogin` = 0  WHERE  `id` = 1 [ RunTime:0.102644s ]
[2023-02-15T11:56:10+08:00][sql] CONNECT:[ UseTime:3.216595s ] mysql:host=88.218.194.8;port=3306;dbname=webqrcode;charset=utf8mb4
[2023-02-15T11:56:10+08:00][sql] SHOW FULL COLUMNS FROM `wk_setting` [ RunTime:0.103883s ]
[2023-02-15T11:56:10+08:00][sql] SELECT `key` FROM `wk_setting` WHERE  `key` = 'api_key'  AND `str_val` = 'MTIzcXdlIUAj' LIMIT 1 [ RunTime:0.105729s ]
[2023-02-15T11:56:10+08:00][sql] SHOW FULL COLUMNS FROM `wk_record` [ RunTime:0.104247s ]
[2023-02-15T11:56:10+08:00][sql] SELECT COUNT(*) AS think_count FROM `wk_record` WHERE  `uin` = '1688850353288494'  AND `add_time` BETWEEN '2023-02-15 00:00:00' AND '2023-02-15 23:59:59' LIMIT 1 [ RunTime:0.098950s ]
[2023-02-15T11:56:13+08:00][sql] CONNECT:[ UseTime:3.194109s ] mysql:host=88.218.194.8;port=3306;dbname=webqrcode;charset=utf8mb4
[2023-02-15T11:56:13+08:00][sql] SHOW FULL COLUMNS FROM `wk_setting` [ RunTime:0.091453s ]
[2023-02-15T11:56:13+08:00][sql] SELECT `key` FROM `wk_setting` WHERE  `key` = 'api_key'  AND `str_val` = 'MTIzcXdlIUAj' LIMIT 1 [ RunTime:0.085304s ]
[2023-02-15T11:56:13+08:00][sql] SHOW FULL COLUMNS FROM `wk_record` [ RunTime:0.088332s ]
[2023-02-15T11:56:13+08:00][sql] SELECT COUNT(*) AS think_count FROM `wk_record` WHERE  `status` = 1  AND `uin` = '1688850353288494'  AND `add_time` BETWEEN '2023-02-15 00:00:00' AND '2023-02-15 23:59:59' LIMIT 1 [ RunTime:0.087440s ]
[2023-02-15T11:58:33+08:00][sql] CONNECT:[ UseTime:3.417605s ] mysql:host=88.218.194.8;port=3306;dbname=webqrcode;charset=utf8mb4
[2023-02-15T11:58:33+08:00][sql] SHOW FULL COLUMNS FROM `wk_setting` [ RunTime:0.113268s ]
[2023-02-15T11:58:33+08:00][sql] SELECT `key` FROM `wk_setting` WHERE  `key` = 'api_key'  AND `str_val` = 'MTIzcXdlIUAj' LIMIT 1 [ RunTime:0.094541s ]
[2023-02-15T11:58:33+08:00][sql] SHOW FULL COLUMNS FROM `wk_manager` [ RunTime:0.098856s ]
[2023-02-15T11:58:33+08:00][sql] SELECT `id`,`username`,`enable` FROM `wk_manager` WHERE  `username` = 'zhizun'  AND `password` = '18654b2cd47d004109ca5ee404e002a3' LIMIT 1 [ RunTime:0.094891s ]
[2023-02-15T11:58:33+08:00][sql] UPDATE `wk_manager`  SET `relogin` = 0  WHERE  `id` = 1 [ RunTime:0.099326s ]
[2023-02-15T11:58:33+08:00][sql] CONNECT:[ UseTime:3.193444s ] mysql:host=88.218.194.8;port=3306;dbname=webqrcode;charset=utf8mb4
[2023-02-15T11:58:33+08:00][sql] SHOW FULL COLUMNS FROM `wk_setting` [ RunTime:0.102029s ]
[2023-02-15T11:58:33+08:00][sql] SELECT `key` FROM `wk_setting` WHERE  `key` = 'api_key'  AND `str_val` = 'MTIzcXdlIUAj' LIMIT 1 [ RunTime:0.086783s ]
[2023-02-15T11:58:33+08:00][sql] SHOW FULL COLUMNS FROM `wk_record` [ RunTime:0.088883s ]
[2023-02-15T11:58:33+08:00][sql] SELECT COUNT(*) AS think_count FROM `wk_record` WHERE  `uin` = '1688850353288494'  AND `add_time` BETWEEN '2023-02-15 00:00:00' AND '2023-02-15 23:59:59' LIMIT 1 [ RunTime:0.089783s ]
[2023-02-15T11:58:37+08:00][sql] CONNECT:[ UseTime:3.303298s ] mysql:host=88.218.194.8;port=3306;dbname=webqrcode;charset=utf8mb4
[2023-02-15T11:58:37+08:00][sql] SHOW FULL COLUMNS FROM `wk_setting` [ RunTime:0.101202s ]
[2023-02-15T11:58:37+08:00][sql] SELECT `key` FROM `wk_setting` WHERE  `key` = 'api_key'  AND `str_val` = 'MTIzcXdlIUAj' LIMIT 1 [ RunTime:0.097479s ]
[2023-02-15T11:58:37+08:00][sql] SHOW FULL COLUMNS FROM `wk_record` [ RunTime:0.100377s ]
[2023-02-15T11:58:37+08:00][sql] SELECT COUNT(*) AS think_count FROM `wk_record` WHERE  `status` = 1  AND `uin` = '1688850353288494'  AND `add_time` BETWEEN '2023-02-15 00:00:00' AND '2023-02-15 23:59:59' LIMIT 1 [ RunTime:0.096412s ]
[2023-02-15T12:00:46+08:00][sql] CONNECT:[ UseTime:3.322510s ] mysql:host=88.218.194.8;port=3306;dbname=webqrcode;charset=utf8mb4
[2023-02-15T12:00:46+08:00][sql] SHOW FULL COLUMNS FROM `wk_setting` [ RunTime:0.144661s ]
[2023-02-15T12:00:46+08:00][sql] SELECT `key` FROM `wk_setting` WHERE  `key` = 'api_key'  AND `str_val` = 'MTIzcXdlIUAj' LIMIT 1 [ RunTime:0.097316s ]
[2023-02-15T12:00:46+08:00][sql] SHOW FULL COLUMNS FROM `wk_manager` [ RunTime:0.099153s ]
[2023-02-15T12:00:46+08:00][sql] SELECT `id`,`username`,`enable` FROM `wk_manager` WHERE  `username` = 'zhizun'  AND `password` = '18654b2cd47d004109ca5ee404e002a3' LIMIT 1 [ RunTime:0.096756s ]
[2023-02-15T12:00:46+08:00][sql] UPDATE `wk_manager`  SET `relogin` = 0  WHERE  `id` = 1 [ RunTime:0.099997s ]
[2023-02-15T12:01:19+08:00][sql] CONNECT:[ UseTime:3.308924s ] mysql:host=88.218.194.8;port=3306;dbname=webqrcode;charset=utf8mb4
[2023-02-15T12:01:19+08:00][sql] SHOW FULL COLUMNS FROM `wk_setting` [ RunTime:0.096770s ]
[2023-02-15T12:01:19+08:00][sql] SELECT `key` FROM `wk_setting` WHERE  `key` = 'api_key'  AND `str_val` = 'MTIzcXdlIUAj' LIMIT 1 [ RunTime:0.091899s ]
[2023-02-15T12:01:19+08:00][sql] SHOW FULL COLUMNS FROM `wk_manager` [ RunTime:0.091161s ]
[2023-02-15T12:01:19+08:00][sql] SELECT `id`,`username`,`enable` FROM `wk_manager` WHERE  `username` = 'zhizun'  AND `password` = '18654b2cd47d004109ca5ee404e002a3' LIMIT 1 [ RunTime:0.087583s ]
[2023-02-15T12:01:19+08:00][sql] UPDATE `wk_manager`  SET `relogin` = 0  WHERE  `id` = 1 [ RunTime:0.093571s ]
[2023-02-15T12:01:24+08:00][sql] CONNECT:[ UseTime:3.206775s ] mysql:host=88.218.194.8;port=3306;dbname=webqrcode;charset=utf8mb4
[2023-02-15T12:01:24+08:00][sql] SHOW FULL COLUMNS FROM `wk_setting` [ RunTime:0.102182s ]
[2023-02-15T12:01:24+08:00][sql] SELECT `key` FROM `wk_setting` WHERE  `key` = 'api_key'  AND `str_val` = 'MTIzcXdlIUAj' LIMIT 1 [ RunTime:0.097648s ]
[2023-02-15T12:01:24+08:00][sql] SHOW FULL COLUMNS FROM `wk_record` [ RunTime:0.104553s ]
[2023-02-15T12:01:24+08:00][sql] SELECT COUNT(*) AS think_count FROM `wk_record` WHERE  `uin` = '1688850353288494'  AND `add_time` BETWEEN '2023-02-15 00:00:00' AND '2023-02-15 23:59:59' LIMIT 1 [ RunTime:0.111429s ]
[2023-02-15T12:01:37+08:00][sql] CONNECT:[ UseTime:3.427862s ] mysql:host=88.218.194.8;port=3306;dbname=webqrcode;charset=utf8mb4
[2023-02-15T12:01:37+08:00][sql] SHOW FULL COLUMNS FROM `wk_setting` [ RunTime:0.104016s ]
[2023-02-15T12:01:37+08:00][sql] SELECT `key` FROM `wk_setting` WHERE  `key` = 'api_key'  AND `str_val` = 'MTIzcXdlIUAj' LIMIT 1 [ RunTime:0.099805s ]
[2023-02-15T12:01:37+08:00][sql] SHOW FULL COLUMNS FROM `wk_manager` [ RunTime:0.100107s ]
[2023-02-15T12:01:37+08:00][sql] SELECT `id`,`username`,`enable` FROM `wk_manager` WHERE  `username` = 'zhizun'  AND `password` = '18654b2cd47d004109ca5ee404e002a3' LIMIT 1 [ RunTime:0.103073s ]
[2023-02-15T12:01:37+08:00][sql] UPDATE `wk_manager`  SET `relogin` = 0  WHERE  `id` = 1 [ RunTime:0.103855s ]
[2023-02-15T12:01:54+08:00][sql] CONNECT:[ UseTime:3.297482s ] mysql:host=88.218.194.8;port=3306;dbname=webqrcode;charset=utf8mb4
[2023-02-15T12:01:54+08:00][sql] SHOW FULL COLUMNS FROM `wk_setting` [ RunTime:0.101884s ]
[2023-02-15T12:01:54+08:00][sql] SELECT `key` FROM `wk_setting` WHERE  `key` = 'api_key'  AND `str_val` = 'MTIzcXdlIUAj' LIMIT 1 [ RunTime:0.088840s ]
[2023-02-15T12:01:54+08:00][sql] SHOW FULL COLUMNS FROM `wk_manager` [ RunTime:0.088632s ]
[2023-02-15T12:01:54+08:00][sql] SELECT `id`,`username`,`enable` FROM `wk_manager` WHERE  `username` = 'zhizun'  AND `password` = '18654b2cd47d004109ca5ee404e002a3' LIMIT 1 [ RunTime:0.087260s ]
[2023-02-15T12:01:54+08:00][sql] UPDATE `wk_manager`  SET `relogin` = 0  WHERE  `id` = 1 [ RunTime:0.089077s ]
[2023-02-15T12:01:56+08:00][sql] CONNECT:[ UseTime:3.213828s ] mysql:host=88.218.194.8;port=3306;dbname=webqrcode;charset=utf8mb4
[2023-02-15T12:01:56+08:00][sql] SHOW FULL COLUMNS FROM `wk_setting` [ RunTime:0.108323s ]
[2023-02-15T12:01:56+08:00][sql] SELECT `key` FROM `wk_setting` WHERE  `key` = 'api_key'  AND `str_val` = 'MTIzcXdlIUAj' LIMIT 1 [ RunTime:0.103399s ]
[2023-02-15T12:01:56+08:00][sql] SHOW FULL COLUMNS FROM `wk_record` [ RunTime:0.105018s ]
[2023-02-15T12:01:56+08:00][sql] SELECT COUNT(*) AS think_count FROM `wk_record` WHERE  `uin` = '1688850353288494'  AND `add_time` BETWEEN '2023-02-15 00:00:00' AND '2023-02-15 23:59:59' LIMIT 1 [ RunTime:0.104520s ]
[2023-02-15T12:01:59+08:00][sql] CONNECT:[ UseTime:3.448424s ] mysql:host=88.218.194.8;port=3306;dbname=webqrcode;charset=utf8mb4
[2023-02-15T12:01:59+08:00][sql] SHOW FULL COLUMNS FROM `wk_setting` [ RunTime:0.095585s ]
[2023-02-15T12:01:59+08:00][sql] SELECT `key` FROM `wk_setting` WHERE  `key` = 'api_key'  AND `str_val` = 'MTIzcXdlIUAj' LIMIT 1 [ RunTime:0.086351s ]
[2023-02-15T12:01:59+08:00][sql] SHOW FULL COLUMNS FROM `wk_record` [ RunTime:0.088410s ]
[2023-02-15T12:01:59+08:00][sql] SELECT COUNT(*) AS think_count FROM `wk_record` WHERE  `status` = 1  AND `uin` = '1688850353288494'  AND `add_time` BETWEEN '2023-02-15 00:00:00' AND '2023-02-15 23:59:59' LIMIT 1 [ RunTime:0.085354s ]
[2023-02-15T13:51:58+08:00][sql] CONNECT:[ UseTime:3.625178s ] mysql:host=88.218.194.8;port=3306;dbname=webqrcode;charset=utf8mb4
[2023-02-15T13:51:58+08:00][sql] SHOW FULL COLUMNS FROM `wk_setting` [ RunTime:0.092655s ]
[2023-02-15T13:51:58+08:00][sql] SELECT `key` FROM `wk_setting` WHERE  `key` = 'api_key'  AND `str_val` = 'MTIzcXdlIUAj' LIMIT 1 [ RunTime:0.086698s ]
[2023-02-15T13:51:58+08:00][sql] SHOW FULL COLUMNS FROM `wk_qrcode` [ RunTime:0.088261s ]
[2023-02-15T13:51:58+08:00][sql] SELECT `id` FROM `wk_qrcode` WHERE  `user_id` IS NOT NULL  AND `provider_id` IS NULL LIMIT 1 [ RunTime:0.087990s ]
[2023-02-15T13:53:33+08:00][sql] CONNECT:[ UseTime:3.203771s ] mysql:host=88.218.194.8;port=3306;dbname=webqrcode;charset=utf8mb4
[2023-02-15T13:53:33+08:00][sql] SHOW FULL COLUMNS FROM `wk_setting` [ RunTime:0.098218s ]
[2023-02-15T13:53:33+08:00][sql] SELECT `key` FROM `wk_setting` WHERE  `key` = 'api_key'  AND `str_val` = 'MTIzcXdlIUAj' LIMIT 1 [ RunTime:0.093542s ]
[2023-02-15T13:53:33+08:00][sql] SHOW FULL COLUMNS FROM `wk_qrcode` [ RunTime:0.096623s ]
[2023-02-15T13:53:33+08:00][sql] SELECT `id` FROM `wk_qrcode` WHERE  `user_id` IS NOT NULL  AND `provider_id` IS NULL [ RunTime:0.348540s ]
[2023-02-15T13:56:20+08:00][sql] CONNECT:[ UseTime:6.881634s ] mysql:host=88.218.194.8;port=3306;dbname=webqrcode;charset=utf8mb4
[2023-02-15T13:56:20+08:00][sql] SHOW FULL COLUMNS FROM `wk_setting` [ RunTime:0.089536s ]
[2023-02-15T13:56:20+08:00][sql] SELECT `key` FROM `wk_setting` WHERE  `key` = 'api_key'  AND `str_val` = 'MTIzcXdlIUAj' LIMIT 1 [ RunTime:0.093522s ]
[2023-02-15T13:56:20+08:00][sql] SHOW FULL COLUMNS FROM `wk_qrcode` [ RunTime:0.091029s ]
[2023-02-15T13:56:20+08:00][sql] UPDATE `wk_qrcode`  SET `user_id` = NULL , `provider_id` = 1  WHERE  `user_id` IS NOT NULL  AND `provider_id` IS NULL [ RunTime:0.507170s ]
[2023-02-15T14:48:19+08:00][sql] CONNECT:[ UseTime:3.203405s ] mysql:host=88.218.194.8;port=3306;dbname=webqrcode;charset=utf8mb4
[2023-02-15T14:48:19+08:00][sql] SHOW FULL COLUMNS FROM `wk_setting` [ RunTime:0.088107s ]
[2023-02-15T14:48:19+08:00][sql] SELECT `key` FROM `wk_setting` WHERE  `key` = 'api_key'  AND `str_val` = 'MTIzcXdlIUAj' LIMIT 1 [ RunTime:0.086066s ]
[2023-02-15T14:48:19+08:00][sql] SHOW FULL COLUMNS FROM `wk_entrance` [ RunTime:0.098485s ]
[2023-02-15T14:48:19+08:00][sql] UPDATE `wk_entrance`  SET `user_id` = NULL , `provider_id` = 1  WHERE  `user_id` IS NOT NULL  AND `provider_id` IS NULL [ RunTime:0.248296s ]
[2023-02-15T15:19:39+08:00][sql] CONNECT:[ UseTime:3.268879s ] mysql:host=88.218.194.8;port=3306;dbname=webqrcode;charset=utf8mb4
[2023-02-15T15:19:39+08:00][sql] SHOW FULL COLUMNS FROM `wk_setting` [ RunTime:0.087661s ]
[2023-02-15T15:19:39+08:00][sql] SELECT `key` FROM `wk_setting` WHERE  `key` = 'api_key'  AND `str_val` = 'MTIzcXdlIUAj' LIMIT 1 [ RunTime:0.085512s ]
[2023-02-15T15:19:39+08:00][sql] SHOW FULL COLUMNS FROM `wk_manager` [ RunTime:0.089616s ]
[2023-02-15T15:19:39+08:00][sql] SELECT * FROM `wk_manager` WHERE  `id` = 1 LIMIT 1 [ RunTime:0.084001s ]
[2023-02-15T15:19:39+08:00][sql] SHOW FULL COLUMNS FROM `wk_entrance` [ RunTime:0.085781s ]
[2023-02-15T15:19:39+08:00][sql] SHOW FULL COLUMNS FROM `wk_provider` [ RunTime:0.087761s ]
[2023-02-15T15:19:39+08:00][sql] SELECT `id`,`qr`,`name`,`members`,`room_id`,`joinable_wc`,`status` FROM `wk_entrance` WHERE  `get_time` <  1676423979  AND `provider_id` IN (SELECT `id` FROM `wk_provider` WHERE  `manager_id` = 1)  AND `members` BETWEEN 100 AND 199   AND `status` = 1  AND `joinable_wc` = 1  AND `join_time` <  1676438379  AND `expire_date` >= NOW() ORDER BY `id` DESC LIMIT 1 [ RunTime:0.112114s ]
[2023-02-15T15:19:39+08:00][sql] UPDATE `wk_entrance`  SET `join_time` = 1676445579  WHERE  `id` = 289157 [ RunTime:0.083092s ]
[2023-02-15T15:19:39+08:00][sql] SHOW FULL COLUMNS FROM `wk_record` [ RunTime:0.085562s ]
[2023-02-15T15:19:39+08:00][sql] INSERT INTO `wk_record` SET `uin` = '1688850353288496' , `entrance_id` = 289157 [ RunTime:0.082119s ]
[2023-02-15T15:51:50+08:00][sql] CONNECT:[ UseTime:3.309022s ] mysql:host=88.218.194.8;port=3306;dbname=webqrcode;charset=utf8mb4
[2023-02-15T15:51:50+08:00][sql] SHOW FULL COLUMNS FROM `wk_setting` [ RunTime:0.099009s ]
[2023-02-15T15:51:50+08:00][sql] SELECT `key` FROM `wk_setting` WHERE  `key` = 'api_key'  AND `str_val` = 'MTIzcXdlIUAj' LIMIT 1 [ RunTime:0.096631s ]
[2023-02-15T15:51:50+08:00][sql] SHOW FULL COLUMNS FROM `wk_manager` [ RunTime:0.098663s ]
[2023-02-15T15:51:50+08:00][sql] SELECT * FROM `wk_manager` WHERE  `id` = 1 LIMIT 1 [ RunTime:0.101085s ]
[2023-02-15T15:51:50+08:00][sql] SHOW FULL COLUMNS FROM `wk_entrance` [ RunTime:0.107757s ]
[2023-02-15T15:51:50+08:00][sql] SHOW FULL COLUMNS FROM `wk_provider` [ RunTime:0.101280s ]
[2023-02-15T15:51:50+08:00][sql] SELECT `id`,`qr`,`name`,`members`,`room_id`,`joinable_wc`,`status` FROM `wk_entrance` WHERE  `provider_id` IN (SELECT `id` FROM `wk_provider` WHERE  `manager_id` = 1)  AND `status` IN (0,1)  AND `get_time` <  1676425910  AND `joinable_wc` IN (0,1)  AND `expire_date` >= NOW() ORDER BY `status`,`joinable_wc` ASC LIMIT 1 [ RunTime:0.121191s ]
[2023-02-15T15:55:33+08:00][sql] CONNECT:[ UseTime:3.181801s ] mysql:host=88.218.194.8;port=3306;dbname=webqrcode;charset=utf8mb4
[2023-02-15T15:55:33+08:00][sql] SHOW FULL COLUMNS FROM `wk_setting` [ RunTime:0.087152s ]
[2023-02-15T15:55:33+08:00][sql] SELECT `key` FROM `wk_setting` WHERE  `key` = 'api_key'  AND `str_val` = 'MTIzcXdlIUAj' LIMIT 1 [ RunTime:0.087318s ]
[2023-02-15T15:55:33+08:00][sql] SHOW FULL COLUMNS FROM `wk_manager` [ RunTime:0.086457s ]
[2023-02-15T15:55:33+08:00][sql] SELECT * FROM `wk_manager` WHERE  `id` = 1 LIMIT 1 [ RunTime:0.086161s ]
[2023-02-15T15:55:33+08:00][sql] SHOW FULL COLUMNS FROM `wk_entrance` [ RunTime:0.093540s ]
[2023-02-15T15:55:33+08:00][sql] SHOW FULL COLUMNS FROM `wk_provider` [ RunTime:0.092809s ]
[2023-02-15T15:55:33+08:00][sql] SELECT `id`,`qr`,`name`,`members`,`room_id`,`joinable_wc`,`status` FROM `wk_entrance` WHERE  `provider_id` IN (SELECT `id` FROM `wk_provider` WHERE  `manager_id` = 1)  AND `status` IN (0,1)  AND `get_time` <  1676426133  AND `joinable_wc` IN (0,1)  AND `expire_date` >= NOW() ORDER BY `status`,`joinable_wc` ASC LIMIT 1 [ RunTime:0.111187s ]
[2023-02-15T22:12:12+08:00][sql] CONNECT:[ UseTime:0.141053s ] mysql:host=88.218.194.8;port=3306;dbname=webqrcode;charset=utf8mb4
[2023-02-15T22:12:12+08:00][sql] SHOW FULL COLUMNS FROM `wk_setting` [ RunTime:0.098190s ]
[2023-02-15T22:12:12+08:00][sql] SELECT `key` FROM `wk_setting` WHERE  `key` = 'api_key'  AND `str_val` = 'MTIzcXdlIUAj' LIMIT 1 [ RunTime:0.094254s ]
[2023-02-15T22:12:12+08:00][sql] SHOW FULL COLUMNS FROM `wk_manager` [ RunTime:0.096319s ]
[2023-02-15T22:12:12+08:00][sql] SELECT * FROM `wk_manager` WHERE  `id` = 1 LIMIT 1 [ RunTime:0.092667s ]
[2023-02-15T22:12:12+08:00][sql] SHOW FULL COLUMNS FROM `wk_entrance` [ RunTime:0.096917s ]
[2023-02-15T22:12:12+08:00][sql] SHOW FULL COLUMNS FROM `wk_provider` [ RunTime:0.103533s ]
[2023-02-15T22:12:12+08:00][sql] SELECT `id`,`qr`,`name`,`members`,`room_id`,`joinable_wc`,`status` FROM `wk_entrance` WHERE  `provider_id` IN (SELECT `id` FROM `wk_provider` WHERE  `manager_id` = 1)  AND `get_time` <  1676448732  AND `joinable_wc` IN (0,1)  AND `expire_date` >= NOW() ORDER BY `joinable_wc` ASC LIMIT 1 [ RunTime:0.162769s ]
[2023-02-15T22:12:12+08:00][sql] UPDATE `wk_entrance`  SET `get_time` = 1676470332  WHERE  `id` = 292935 [ RunTime:0.093615s ]
[2023-02-15T22:12:12+08:00][sql] SHOW FULL COLUMNS FROM `wk_record` [ RunTime:0.096456s ]
[2023-02-15T22:12:12+08:00][sql] INSERT INTO `wk_record` SET `uin` = '1688850353288496' , `entrance_id` = 292935 [ RunTime:0.092681s ]
[2023-02-15T22:22:01+08:00][sql] CONNECT:[ UseTime:0.131742s ] mysql:host=88.218.194.8;port=3306;dbname=webqrcode;charset=utf8mb4
[2023-02-15T22:22:01+08:00][sql] SHOW FULL COLUMNS FROM `wk_setting` [ RunTime:0.092816s ]
[2023-02-15T22:22:01+08:00][sql] SELECT `key` FROM `wk_setting` WHERE  `key` = 'api_key'  AND `str_val` = 'MTIzcXdlIUAj' LIMIT 1 [ RunTime:0.090148s ]
[2023-02-15T22:22:01+08:00][sql] SHOW FULL COLUMNS FROM `wk_manager` [ RunTime:0.090892s ]
[2023-02-15T22:22:01+08:00][sql] SELECT `id`,`username`,`enable` FROM `wk_manager` WHERE  `username` = 'zhizun'  AND `password` = '18654b2cd47d004109ca5ee404e002a3' LIMIT 1 [ RunTime:0.089297s ]
[2023-02-15T22:22:01+08:00][sql] UPDATE `wk_manager`  SET `relogin` = 0  WHERE  `id` = 1 [ RunTime:0.087968s ]
[2023-02-15T22:22:02+08:00][sql] CONNECT:[ UseTime:0.143424s ] mysql:host=88.218.194.8;port=3306;dbname=webqrcode;charset=utf8mb4
[2023-02-15T22:22:02+08:00][sql] SHOW FULL COLUMNS FROM `wk_setting` [ RunTime:0.096811s ]
[2023-02-15T22:22:02+08:00][sql] SELECT `key` FROM `wk_setting` WHERE  `key` = 'api_key'  AND `str_val` = 'MTIzcXdlIUAj' LIMIT 1 [ RunTime:0.093772s ]
[2023-02-15T22:22:02+08:00][sql] SHOW FULL COLUMNS FROM `wk_record` [ RunTime:0.096430s ]
[2023-02-15T22:22:02+08:00][sql] SELECT COUNT(*) AS think_count FROM `wk_record` WHERE  `uin` = '1688850353288494'  AND `add_time` BETWEEN '2023-02-15 00:00:00' AND '2023-02-15 23:59:59' LIMIT 1 [ RunTime:0.123782s ]
[2023-02-15T22:22:03+08:00][sql] CONNECT:[ UseTime:0.158281s ] mysql:host=88.218.194.8;port=3306;dbname=webqrcode;charset=utf8mb4
[2023-02-15T22:22:03+08:00][sql] SHOW FULL COLUMNS FROM `wk_setting` [ RunTime:0.111039s ]
[2023-02-15T22:22:03+08:00][sql] SELECT `key` FROM `wk_setting` WHERE  `key` = 'api_key'  AND `str_val` = 'MTIzcXdlIUAj' LIMIT 1 [ RunTime:0.105441s ]
[2023-02-15T22:22:03+08:00][sql] SHOW FULL COLUMNS FROM `wk_record` [ RunTime:0.117803s ]
[2023-02-15T22:22:03+08:00][sql] SELECT COUNT(*) AS think_count FROM `wk_record` WHERE  `status` = 1  AND `uin` = '1688850353288494'  AND `add_time` BETWEEN '2023-02-15 00:00:00' AND '2023-02-15 23:59:59' LIMIT 1 [ RunTime:0.131751s ]
[2023-02-15T22:31:24+08:00][sql] CONNECT:[ UseTime:0.141488s ] mysql:host=88.218.194.8;port=3306;dbname=webqrcode;charset=utf8mb4
[2023-02-15T22:31:24+08:00][sql] SHOW FULL COLUMNS FROM `wk_setting` [ RunTime:0.098058s ]
[2023-02-15T22:31:24+08:00][sql] SELECT `key` FROM `wk_setting` WHERE  `key` = 'api_key'  AND `str_val` = 'MTIzcXdlIUAj' LIMIT 1 [ RunTime:0.095742s ]
[2023-02-15T22:31:24+08:00][sql] SHOW FULL COLUMNS FROM `wk_manager` [ RunTime:0.100072s ]
[2023-02-15T22:31:24+08:00][sql] SELECT * FROM `wk_manager` WHERE  `id` = 1 LIMIT 1 [ RunTime:0.096390s ]
[2023-02-15T22:31:24+08:00][sql] SHOW FULL COLUMNS FROM `wk_entrance` [ RunTime:0.100825s ]
[2023-02-15T22:31:24+08:00][sql] SHOW FULL COLUMNS FROM `wk_provider` [ RunTime:0.098953s ]
[2023-02-15T22:31:24+08:00][sql] SELECT `id`,`qr`,`name`,`members`,`room_id`,`joinable_wc`,`status` FROM `wk_entrance` WHERE  `provider_id` IN (SELECT `id` FROM `wk_provider` WHERE  `manager_id` = 1)  AND `get_time` <  1676449883  AND `joinable_wc` IN (0,1)  AND `expire_date` >= NOW() ORDER BY `joinable_wc` ASC LIMIT 1 [ RunTime:0.169937s ]
[2023-02-15T22:31:24+08:00][sql] UPDATE `wk_entrance`  SET `get_time` = 1676471483  WHERE  `id` = 318310 [ RunTime:0.095324s ]
[2023-02-15T22:31:24+08:00][sql] SHOW FULL COLUMNS FROM `wk_record` [ RunTime:0.096822s ]
[2023-02-15T22:31:24+08:00][sql] INSERT INTO `wk_record` SET `uin` = '1688850353288494' , `entrance_id` = 318310 [ RunTime:0.094249s ]
[2023-02-15T22:31:26+08:00][sql] CONNECT:[ UseTime:0.151301s ] mysql:host=88.218.194.8;port=3306;dbname=webqrcode;charset=utf8mb4
[2023-02-15T22:31:26+08:00][sql] SHOW FULL COLUMNS FROM `wk_setting` [ RunTime:0.105217s ]
[2023-02-15T22:31:26+08:00][sql] SELECT `key` FROM `wk_setting` WHERE  `key` = 'api_key'  AND `str_val` = 'MTIzcXdlIUAj' LIMIT 1 [ RunTime:0.102476s ]
[2023-02-15T22:31:26+08:00][sql] SHOW FULL COLUMNS FROM `wk_manager` [ RunTime:0.103974s ]
[2023-02-15T22:31:26+08:00][sql] SELECT * FROM `wk_manager` WHERE  `id` = 1 LIMIT 1 [ RunTime:0.106784s ]
[2023-02-15T22:31:26+08:00][sql] SHOW FULL COLUMNS FROM `wk_entrance` [ RunTime:0.107551s ]
[2023-02-15T22:31:26+08:00][sql] SELECT `user_id`,`provider_id` FROM `wk_entrance` WHERE  `id` = 318310 LIMIT 1 [ RunTime:0.101107s ]
[2023-02-15T22:31:26+08:00][sql] UPDATE `wk_entrance`  SET `members` = NULL , `name` = '' , `joinable_wc` = 3 , `joinable_wx` = 3 , `status` = 2 , `room_id` = '' , `update_time` = '2023-02-15 22:31:25' , `error_msg` = '操作异常，暂无法使用'  WHERE  `id` = 318310 [ RunTime:0.101847s ]
[2023-02-15T22:31:26+08:00][sql] SHOW FULL COLUMNS FROM `wk_record` [ RunTime:0.104967s ]
[2023-02-15T22:31:26+08:00][sql] UPDATE `wk_record`  SET `status` = 0  WHERE  `id` = 1947254 [ RunTime:0.100765s ]
[2023-02-15T22:31:27+08:00][sql] CONNECT:[ UseTime:0.140661s ] mysql:host=88.218.194.8;port=3306;dbname=webqrcode;charset=utf8mb4
[2023-02-15T22:31:27+08:00][sql] SHOW FULL COLUMNS FROM `wk_setting` [ RunTime:0.097576s ]
[2023-02-15T22:31:27+08:00][sql] SELECT `key` FROM `wk_setting` WHERE  `key` = 'api_key'  AND `str_val` = 'MTIzcXdlIUAj' LIMIT 1 [ RunTime:0.094389s ]
[2023-02-15T22:31:27+08:00][sql] SHOW FULL COLUMNS FROM `wk_manager` [ RunTime:0.098302s ]
[2023-02-15T22:31:27+08:00][sql] SELECT * FROM `wk_manager` WHERE  `id` = 1 LIMIT 1 [ RunTime:0.094717s ]
[2023-02-15T22:31:27+08:00][sql] SHOW FULL COLUMNS FROM `wk_entrance` [ RunTime:0.097012s ]
[2023-02-15T22:31:27+08:00][sql] SHOW FULL COLUMNS FROM `wk_provider` [ RunTime:0.097725s ]
[2023-02-15T22:31:27+08:00][sql] SELECT `id`,`qr`,`name`,`members`,`room_id`,`joinable_wc`,`status` FROM `wk_entrance` WHERE  `provider_id` IN (SELECT `id` FROM `wk_provider` WHERE  `manager_id` = 1)  AND `get_time` <  1676449886  AND `joinable_wc` IN (0,1)  AND `expire_date` >= NOW() ORDER BY `joinable_wc` ASC LIMIT 1 [ RunTime:0.159613s ]
[2023-02-15T22:31:27+08:00][sql] UPDATE `wk_entrance`  SET `get_time` = 1676471487  WHERE  `id` = 137937 [ RunTime:0.093570s ]
[2023-02-15T22:31:27+08:00][sql] SHOW FULL COLUMNS FROM `wk_record` [ RunTime:0.095818s ]
[2023-02-15T22:31:27+08:00][sql] INSERT INTO `wk_record` SET `uin` = '1688850353288494' , `entrance_id` = 137937 [ RunTime:0.093784s ]
[2023-02-15T22:31:29+08:00][sql] CONNECT:[ UseTime:0.138220s ] mysql:host=88.218.194.8;port=3306;dbname=webqrcode;charset=utf8mb4
[2023-02-15T22:31:29+08:00][sql] SHOW FULL COLUMNS FROM `wk_setting` [ RunTime:0.098022s ]
[2023-02-15T22:31:29+08:00][sql] SELECT `key` FROM `wk_setting` WHERE  `key` = 'api_key'  AND `str_val` = 'MTIzcXdlIUAj' LIMIT 1 [ RunTime:0.093199s ]
[2023-02-15T22:31:29+08:00][sql] SHOW FULL COLUMNS FROM `wk_manager` [ RunTime:0.096386s ]
[2023-02-15T22:31:29+08:00][sql] SELECT * FROM `wk_manager` WHERE  `id` = 1 LIMIT 1 [ RunTime:0.094787s ]
[2023-02-15T22:31:29+08:00][sql] SHOW FULL COLUMNS FROM `wk_entrance` [ RunTime:0.097084s ]
[2023-02-15T22:31:29+08:00][sql] SELECT `user_id`,`provider_id` FROM `wk_entrance` WHERE  `id` = 137937 LIMIT 1 [ RunTime:0.091267s ]
[2023-02-15T22:31:29+08:00][sql] UPDATE `wk_entrance`  SET `members` = 6 , `name` = '恒大雅苑' , `joinable_wc` = 1 , `joinable_wx` = 1 , `status` = 1 , `room_id` = '10735161437465443' , `update_time` = '2023-02-15 22:31:29' , `error_msg` = ''  WHERE  `id` = 137937 [ RunTime:0.093706s ]
[2023-02-15T22:31:29+08:00][sql] SHOW FULL COLUMNS FROM `wk_record` [ RunTime:0.094893s ]
[2023-02-15T22:31:29+08:00][sql] UPDATE `wk_record`  SET `status` = 0  WHERE  `id` = 1947257 [ RunTime:0.092698s ]
[2023-02-15T22:31:30+08:00][sql] CONNECT:[ UseTime:0.139354s ] mysql:host=88.218.194.8;port=3306;dbname=webqrcode;charset=utf8mb4
[2023-02-15T22:31:30+08:00][sql] SHOW FULL COLUMNS FROM `wk_setting` [ RunTime:0.103750s ]
[2023-02-15T22:31:30+08:00][sql] SELECT `key` FROM `wk_setting` WHERE  `key` = 'api_key'  AND `str_val` = 'MTIzcXdlIUAj' LIMIT 1 [ RunTime:0.094099s ]
[2023-02-15T22:31:30+08:00][sql] SHOW FULL COLUMNS FROM `wk_manager` [ RunTime:0.095407s ]
[2023-02-15T22:31:30+08:00][sql] SELECT * FROM `wk_manager` WHERE  `id` = 1 LIMIT 1 [ RunTime:0.097704s ]
[2023-02-15T22:31:30+08:00][sql] SHOW FULL COLUMNS FROM `wk_entrance` [ RunTime:0.094545s ]
[2023-02-15T22:31:30+08:00][sql] SHOW FULL COLUMNS FROM `wk_provider` [ RunTime:0.095039s ]
[2023-02-15T22:31:30+08:00][sql] SELECT `id`,`qr`,`name`,`members`,`room_id`,`joinable_wc`,`status` FROM `wk_entrance` WHERE  `provider_id` IN (SELECT `id` FROM `wk_provider` WHERE  `manager_id` = 1)  AND `get_time` <  1676449890  AND `joinable_wc` IN (0,1)  AND `expire_date` >= NOW() ORDER BY `joinable_wc` ASC LIMIT 1 [ RunTime:0.185617s ]
[2023-02-15T22:31:30+08:00][sql] UPDATE `wk_entrance`  SET `get_time` = 1676471490  WHERE  `id` = 298185 [ RunTime:0.092742s ]
[2023-02-15T22:31:30+08:00][sql] SHOW FULL COLUMNS FROM `wk_record` [ RunTime:0.095962s ]
[2023-02-15T22:31:30+08:00][sql] INSERT INTO `wk_record` SET `uin` = '1688850353288494' , `entrance_id` = 298185 [ RunTime:0.092372s ]
[2023-02-15T22:31:32+08:00][sql] CONNECT:[ UseTime:0.123007s ] mysql:host=88.218.194.8;port=3306;dbname=webqrcode;charset=utf8mb4
[2023-02-15T22:31:32+08:00][sql] SHOW FULL COLUMNS FROM `wk_setting` [ RunTime:0.087666s ]
[2023-02-15T22:31:32+08:00][sql] SELECT `key` FROM `wk_setting` WHERE  `key` = 'api_key'  AND `str_val` = 'MTIzcXdlIUAj' LIMIT 1 [ RunTime:0.082579s ]
[2023-02-15T22:31:32+08:00][sql] SHOW FULL COLUMNS FROM `wk_manager` [ RunTime:0.086458s ]
[2023-02-15T22:31:32+08:00][sql] SELECT * FROM `wk_manager` WHERE  `id` = 1 LIMIT 1 [ RunTime:0.082217s ]
[2023-02-15T22:31:32+08:00][sql] SHOW FULL COLUMNS FROM `wk_entrance` [ RunTime:0.086401s ]
[2023-02-15T22:31:32+08:00][sql] SELECT `user_id`,`provider_id` FROM `wk_entrance` WHERE  `id` = 298185 LIMIT 1 [ RunTime:0.082534s ]
[2023-02-15T22:31:32+08:00][sql] UPDATE `wk_entrance`  SET `members` = 2 , `name` = '来伊份河西金鹰店姜玉霞2' , `joinable_wc` = 1 , `joinable_wx` = 1 , `status` = 1 , `room_id` = '10696049293034498' , `update_time` = '2023-02-15 22:31:32' , `error_msg` = ''  WHERE  `id` = 298185 [ RunTime:0.082683s ]
[2023-02-15T22:31:32+08:00][sql] SHOW FULL COLUMNS FROM `wk_record` [ RunTime:0.085161s ]
[2023-02-15T22:31:32+08:00][sql] UPDATE `wk_record`  SET `status` = 0  WHERE  `id` = 1947259 [ RunTime:0.080996s ]
[2023-02-15T22:31:54+08:00][sql] CONNECT:[ UseTime:0.129317s ] mysql:host=88.218.194.8;port=3306;dbname=webqrcode;charset=utf8mb4
[2023-02-15T22:31:54+08:00][sql] SHOW FULL COLUMNS FROM `wk_setting` [ RunTime:0.089367s ]
[2023-02-15T22:31:54+08:00][sql] SELECT `key` FROM `wk_setting` WHERE  `key` = 'api_key'  AND `str_val` = 'MTIzcXdlIUAj' LIMIT 1 [ RunTime:0.087413s ]
[2023-02-15T22:31:54+08:00][sql] SHOW FULL COLUMNS FROM `wk_manager` [ RunTime:0.088453s ]
[2023-02-15T22:31:54+08:00][sql] SELECT * FROM `wk_manager` WHERE  `id` = 1 LIMIT 1 [ RunTime:0.085958s ]
[2023-02-15T22:31:54+08:00][sql] SHOW FULL COLUMNS FROM `wk_entrance` [ RunTime:0.089514s ]
[2023-02-15T22:31:54+08:00][sql] SHOW FULL COLUMNS FROM `wk_provider` [ RunTime:0.089077s ]
[2023-02-15T22:31:54+08:00][sql] SELECT `id`,`qr`,`name`,`members`,`room_id`,`joinable_wc`,`status` FROM `wk_entrance` WHERE  `provider_id` IN (SELECT `id` FROM `wk_provider` WHERE  `manager_id` = 1)  AND `get_time` <  1676449913  AND `joinable_wc` IN (0,1)  AND `expire_date` >= NOW() ORDER BY `joinable_wc` ASC LIMIT 1 [ RunTime:0.192544s ]
[2023-02-15T22:31:54+08:00][sql] UPDATE `wk_entrance`  SET `get_time` = 1676471513  WHERE  `id` = 88415 [ RunTime:0.086831s ]
[2023-02-15T22:31:54+08:00][sql] SHOW FULL COLUMNS FROM `wk_record` [ RunTime:0.088438s ]
[2023-02-15T22:31:54+08:00][sql] INSERT INTO `wk_record` SET `uin` = '1688850353288494' , `entrance_id` = 88415 [ RunTime:0.085659s ]
[2023-02-15T22:31:56+08:00][sql] CONNECT:[ UseTime:0.136844s ] mysql:host=88.218.194.8;port=3306;dbname=webqrcode;charset=utf8mb4
[2023-02-15T22:31:56+08:00][sql] SHOW FULL COLUMNS FROM `wk_setting` [ RunTime:0.103046s ]
[2023-02-15T22:31:56+08:00][sql] SELECT `key` FROM `wk_setting` WHERE  `key` = 'api_key'  AND `str_val` = 'MTIzcXdlIUAj' LIMIT 1 [ RunTime:0.092022s ]
[2023-02-15T22:31:56+08:00][sql] SHOW FULL COLUMNS FROM `wk_manager` [ RunTime:0.095929s ]
[2023-02-15T22:31:56+08:00][sql] SELECT * FROM `wk_manager` WHERE  `id` = 1 LIMIT 1 [ RunTime:0.091881s ]
[2023-02-15T22:31:56+08:00][sql] SHOW FULL COLUMNS FROM `wk_entrance` [ RunTime:0.095312s ]
[2023-02-15T22:31:56+08:00][sql] SELECT `user_id`,`provider_id` FROM `wk_entrance` WHERE  `id` = 88415 LIMIT 1 [ RunTime:0.091121s ]
[2023-02-15T22:31:56+08:00][sql] UPDATE `wk_entrance`  SET `members` = 3 , `name` = '金色家园' , `joinable_wc` = 1 , `joinable_wx` = 1 , `status` = 1 , `room_id` = '10940117986788325' , `update_time` = '2023-02-15 22:31:55' , `error_msg` = ''  WHERE  `id` = 88415 [ RunTime:0.094110s ]
[2023-02-15T22:31:56+08:00][sql] SHOW FULL COLUMNS FROM `wk_record` [ RunTime:0.097924s ]
[2023-02-15T22:31:56+08:00][sql] UPDATE `wk_record`  SET `status` = 0  WHERE  `id` = 1947273 [ RunTime:0.092335s ]
[2023-02-15T22:31:57+08:00][sql] CONNECT:[ UseTime:0.129205s ] mysql:host=88.218.194.8;port=3306;dbname=webqrcode;charset=utf8mb4
[2023-02-15T22:31:57+08:00][sql] SHOW FULL COLUMNS FROM `wk_setting` [ RunTime:0.089902s ]
[2023-02-15T22:31:57+08:00][sql] SELECT `key` FROM `wk_setting` WHERE  `key` = 'api_key'  AND `str_val` = 'MTIzcXdlIUAj' LIMIT 1 [ RunTime:0.088930s ]
[2023-02-15T22:31:57+08:00][sql] SHOW FULL COLUMNS FROM `wk_manager` [ RunTime:0.089826s ]
[2023-02-15T22:31:57+08:00][sql] SELECT * FROM `wk_manager` WHERE  `id` = 1 LIMIT 1 [ RunTime:0.087766s ]
[2023-02-15T22:31:57+08:00][sql] SHOW FULL COLUMNS FROM `wk_entrance` [ RunTime:0.091985s ]
[2023-02-15T22:31:57+08:00][sql] SHOW FULL COLUMNS FROM `wk_provider` [ RunTime:0.096311s ]
[2023-02-15T22:31:57+08:00][sql] SELECT `id`,`qr`,`name`,`members`,`room_id`,`joinable_wc`,`status` FROM `wk_entrance` WHERE  `provider_id` IN (SELECT `id` FROM `wk_provider` WHERE  `manager_id` = 1)  AND `get_time` <  1676449916  AND `joinable_wc` IN (0,1)  AND `expire_date` >= NOW() ORDER BY `joinable_wc` ASC LIMIT 1 [ RunTime:0.170866s ]
[2023-02-15T22:31:57+08:00][sql] UPDATE `wk_entrance`  SET `get_time` = 1676471517  WHERE  `id` = 291000 [ RunTime:0.087796s ]
[2023-02-15T22:31:57+08:00][sql] SHOW FULL COLUMNS FROM `wk_record` [ RunTime:0.089161s ]
[2023-02-15T22:31:57+08:00][sql] INSERT INTO `wk_record` SET `uin` = '1688850353288494' , `entrance_id` = 291000 [ RunTime:0.089171s ]
[2023-02-15T22:31:59+08:00][sql] CONNECT:[ UseTime:0.142904s ] mysql:host=88.218.194.8;port=3306;dbname=webqrcode;charset=utf8mb4
[2023-02-15T22:31:59+08:00][sql] SHOW FULL COLUMNS FROM `wk_setting` [ RunTime:0.098036s ]
[2023-02-15T22:31:59+08:00][sql] SELECT `key` FROM `wk_setting` WHERE  `key` = 'api_key'  AND `str_val` = 'MTIzcXdlIUAj' LIMIT 1 [ RunTime:0.096389s ]
[2023-02-15T22:31:59+08:00][sql] SHOW FULL COLUMNS FROM `wk_manager` [ RunTime:0.099190s ]
[2023-02-15T22:31:59+08:00][sql] SELECT * FROM `wk_manager` WHERE  `id` = 1 LIMIT 1 [ RunTime:0.096269s ]
[2023-02-15T22:31:59+08:00][sql] SHOW FULL COLUMNS FROM `wk_entrance` [ RunTime:0.099530s ]
[2023-02-15T22:31:59+08:00][sql] SELECT `user_id`,`provider_id` FROM `wk_entrance` WHERE  `id` = 291000 LIMIT 1 [ RunTime:0.096159s ]
[2023-02-15T22:31:59+08:00][sql] UPDATE `wk_entrance`  SET `members` = 162 , `name` = '古茗东乡大润发店福利群1' , `joinable_wc` = 1 , `joinable_wx` = 1 , `status` = 1 , `room_id` = '10854671412056444' , `update_time` = '2023-02-15 22:31:59' , `error_msg` = ''  WHERE  `id` = 291000 [ RunTime:0.094757s ]
[2023-02-15T22:31:59+08:00][sql] SHOW FULL COLUMNS FROM `wk_record` [ RunTime:0.098704s ]
[2023-02-15T22:31:59+08:00][sql] UPDATE `wk_record`  SET `status` = 0  WHERE  `id` = 1947276 [ RunTime:0.095918s ]
[2023-02-15T22:31:59+08:00][sql] SELECT `qrcode_id` FROM `wk_entrance` WHERE  `id` = 291000 LIMIT 1 [ RunTime:0.095444s ]
[2023-02-15T22:31:59+08:00][sql] SHOW FULL COLUMNS FROM `wk_qrcode` [ RunTime:0.099627s ]
[2023-02-15T22:31:59+08:00][sql] UPDATE `wk_qrcode`  SET `valid` = 1 , `valid_time` = '2023-02-15 22:31:59'  WHERE  `id` = 5968 [ RunTime:0.095798s ]
[2023-02-15T22:32:01+08:00][sql] CONNECT:[ UseTime:0.157103s ] mysql:host=88.218.194.8;port=3306;dbname=webqrcode;charset=utf8mb4
[2023-02-15T22:32:01+08:00][sql] SHOW FULL COLUMNS FROM `wk_setting` [ RunTime:0.102349s ]
[2023-02-15T22:32:01+08:00][sql] SELECT `key` FROM `wk_setting` WHERE  `key` = 'api_key'  AND `str_val` = 'MTIzcXdlIUAj' LIMIT 1 [ RunTime:0.097329s ]
[2023-02-15T22:32:01+08:00][sql] SHOW FULL COLUMNS FROM `wk_manager` [ RunTime:0.100054s ]
[2023-02-15T22:32:01+08:00][sql] SELECT * FROM `wk_manager` WHERE  `id` = 1 LIMIT 1 [ RunTime:0.096891s ]
[2023-02-15T22:32:01+08:00][sql] SHOW FULL COLUMNS FROM `wk_entrance` [ RunTime:0.100109s ]
[2023-02-15T22:32:01+08:00][sql] SHOW FULL COLUMNS FROM `wk_provider` [ RunTime:0.099666s ]
[2023-02-15T22:32:01+08:00][sql] SELECT `id`,`qr`,`name`,`members`,`room_id`,`joinable_wc`,`status` FROM `wk_entrance` WHERE  `provider_id` IN (SELECT `id` FROM `wk_provider` WHERE  `manager_id` = 1)  AND `get_time` <  1676449920  AND `joinable_wc` IN (0,1)  AND `expire_date` >= NOW() ORDER BY `joinable_wc` ASC LIMIT 1 [ RunTime:0.161953s ]
[2023-02-15T22:32:01+08:00][sql] UPDATE `wk_entrance`  SET `get_time` = 1676471520  WHERE  `id` = 88410 [ RunTime:0.095350s ]
[2023-02-15T22:32:01+08:00][sql] SHOW FULL COLUMNS FROM `wk_record` [ RunTime:0.098594s ]
[2023-02-15T22:32:01+08:00][sql] INSERT INTO `wk_record` SET `uin` = '1688850353288494' , `entrance_id` = 88410 [ RunTime:0.096026s ]
[2023-02-15T22:32:03+08:00][sql] CONNECT:[ UseTime:0.125056s ] mysql:host=88.218.194.8;port=3306;dbname=webqrcode;charset=utf8mb4
[2023-02-15T22:32:03+08:00][sql] SHOW FULL COLUMNS FROM `wk_setting` [ RunTime:0.087752s ]
[2023-02-15T22:32:03+08:00][sql] SELECT `key` FROM `wk_setting` WHERE  `key` = 'api_key'  AND `str_val` = 'MTIzcXdlIUAj' LIMIT 1 [ RunTime:0.086321s ]
[2023-02-15T22:32:03+08:00][sql] SHOW FULL COLUMNS FROM `wk_manager` [ RunTime:0.086244s ]
[2023-02-15T22:32:03+08:00][sql] SELECT * FROM `wk_manager` WHERE  `id` = 1 LIMIT 1 [ RunTime:0.083667s ]
[2023-02-15T22:32:03+08:00][sql] SHOW FULL COLUMNS FROM `wk_entrance` [ RunTime:0.086896s ]
[2023-02-15T22:32:03+08:00][sql] SELECT `user_id`,`provider_id` FROM `wk_entrance` WHERE  `id` = 88410 LIMIT 1 [ RunTime:0.083578s ]
[2023-02-15T22:32:03+08:00][sql] UPDATE `wk_entrance`  SET `members` = 3 , `name` = '日出东辉' , `joinable_wc` = 1 , `joinable_wx` = 1 , `status` = 1 , `room_id` = '10848762647599186' , `update_time` = '2023-02-15 22:32:02' , `error_msg` = ''  WHERE  `id` = 88410 [ RunTime:0.084090s ]
[2023-02-15T22:32:03+08:00][sql] SHOW FULL COLUMNS FROM `wk_record` [ RunTime:0.088400s ]
[2023-02-15T22:32:03+08:00][sql] UPDATE `wk_record`  SET `status` = 0  WHERE  `id` = 1947279 [ RunTime:0.083422s ]
[2023-02-15T22:32:04+08:00][sql] CONNECT:[ UseTime:0.145187s ] mysql:host=88.218.194.8;port=3306;dbname=webqrcode;charset=utf8mb4
[2023-02-15T22:32:04+08:00][sql] SHOW FULL COLUMNS FROM `wk_setting` [ RunTime:0.099944s ]
[2023-02-15T22:32:04+08:00][sql] SELECT `key` FROM `wk_setting` WHERE  `key` = 'api_key'  AND `str_val` = 'MTIzcXdlIUAj' LIMIT 1 [ RunTime:0.095267s ]
[2023-02-15T22:32:04+08:00][sql] SHOW FULL COLUMNS FROM `wk_manager` [ RunTime:0.098485s ]
[2023-02-15T22:32:04+08:00][sql] SELECT * FROM `wk_manager` WHERE  `id` = 1 LIMIT 1 [ RunTime:0.096405s ]
[2023-02-15T22:32:04+08:00][sql] SHOW FULL COLUMNS FROM `wk_entrance` [ RunTime:0.099228s ]
[2023-02-15T22:32:04+08:00][sql] SHOW FULL COLUMNS FROM `wk_provider` [ RunTime:0.097485s ]
[2023-02-15T22:32:04+08:00][sql] SELECT `id`,`qr`,`name`,`members`,`room_id`,`joinable_wc`,`status` FROM `wk_entrance` WHERE  `provider_id` IN (SELECT `id` FROM `wk_provider` WHERE  `manager_id` = 1)  AND `get_time` <  1676449923  AND `joinable_wc` IN (0,1)  AND `expire_date` >= NOW() ORDER BY `joinable_wc` ASC LIMIT 1 [ RunTime:0.157514s ]
[2023-02-15T22:32:04+08:00][sql] UPDATE `wk_entrance`  SET `get_time` = 1676471524  WHERE  `id` = 109173 [ RunTime:0.095465s ]
[2023-02-15T22:32:04+08:00][sql] SHOW FULL COLUMNS FROM `wk_record` [ RunTime:0.098924s ]
[2023-02-15T22:32:04+08:00][sql] INSERT INTO `wk_record` SET `uin` = '1688850353288494' , `entrance_id` = 109173 [ RunTime:0.094705s ]
[2023-02-15T22:32:06+08:00][sql] CONNECT:[ UseTime:0.149379s ] mysql:host=88.218.194.8;port=3306;dbname=webqrcode;charset=utf8mb4
[2023-02-15T22:32:06+08:00][sql] SHOW FULL COLUMNS FROM `wk_setting` [ RunTime:0.105598s ]
[2023-02-15T22:32:06+08:00][sql] SELECT `key` FROM `wk_setting` WHERE  `key` = 'api_key'  AND `str_val` = 'MTIzcXdlIUAj' LIMIT 1 [ RunTime:0.100156s ]
[2023-02-15T22:32:06+08:00][sql] SHOW FULL COLUMNS FROM `wk_manager` [ RunTime:0.103221s ]
[2023-02-15T22:32:06+08:00][sql] SELECT * FROM `wk_manager` WHERE  `id` = 1 LIMIT 1 [ RunTime:0.099837s ]
[2023-02-15T22:32:06+08:00][sql] SHOW FULL COLUMNS FROM `wk_entrance` [ RunTime:0.102850s ]
[2023-02-15T22:32:06+08:00][sql] SELECT `user_id`,`provider_id` FROM `wk_entrance` WHERE  `id` = 109173 LIMIT 1 [ RunTime:0.103707s ]
[2023-02-15T22:32:06+08:00][sql] UPDATE `wk_entrance`  SET `members` = 51 , `name` = '2023军队文职备考交流' , `joinable_wc` = 1 , `joinable_wx` = 1 , `status` = 1 , `room_id` = '10837739611910787' , `update_time` = '2023-02-15 22:32:06' , `error_msg` = ''  WHERE  `id` = 109173 [ RunTime:0.099715s ]
[2023-02-15T22:32:06+08:00][sql] SHOW FULL COLUMNS FROM `wk_record` [ RunTime:0.105132s ]
[2023-02-15T22:32:06+08:00][sql] UPDATE `wk_record`  SET `status` = 0  WHERE  `id` = 1947281 [ RunTime:0.107907s ]
[2023-02-15T22:32:07+08:00][sql] CONNECT:[ UseTime:0.136929s ] mysql:host=88.218.194.8;port=3306;dbname=webqrcode;charset=utf8mb4
[2023-02-15T22:32:07+08:00][sql] SHOW FULL COLUMNS FROM `wk_setting` [ RunTime:0.096035s ]
[2023-02-15T22:32:07+08:00][sql] SELECT `key` FROM `wk_setting` WHERE  `key` = 'api_key'  AND `str_val` = 'MTIzcXdlIUAj' LIMIT 1 [ RunTime:0.093173s ]
[2023-02-15T22:32:07+08:00][sql] SHOW FULL COLUMNS FROM `wk_manager` [ RunTime:0.096421s ]
[2023-02-15T22:32:07+08:00][sql] SELECT * FROM `wk_manager` WHERE  `id` = 1 LIMIT 1 [ RunTime:0.092429s ]
[2023-02-15T22:32:07+08:00][sql] SHOW FULL COLUMNS FROM `wk_entrance` [ RunTime:0.097322s ]
[2023-02-15T22:32:07+08:00][sql] SHOW FULL COLUMNS FROM `wk_provider` [ RunTime:0.096089s ]
[2023-02-15T22:32:07+08:00][sql] SELECT `id`,`qr`,`name`,`members`,`room_id`,`joinable_wc`,`status` FROM `wk_entrance` WHERE  `provider_id` IN (SELECT `id` FROM `wk_provider` WHERE  `manager_id` = 1)  AND `get_time` <  1676449927  AND `joinable_wc` IN (0,1)  AND `expire_date` >= NOW() ORDER BY `joinable_wc` ASC LIMIT 1 [ RunTime:0.165192s ]
[2023-02-15T22:32:07+08:00][sql] UPDATE `wk_entrance`  SET `get_time` = 1676471527  WHERE  `id` = 289500 [ RunTime:0.094040s ]
[2023-02-15T22:32:07+08:00][sql] SHOW FULL COLUMNS FROM `wk_record` [ RunTime:0.094474s ]
[2023-02-15T22:32:07+08:00][sql] INSERT INTO `wk_record` SET `uin` = '1688850353288494' , `entrance_id` = 289500 [ RunTime:0.092298s ]
[2023-02-15T22:32:10+08:00][sql] CONNECT:[ UseTime:0.150814s ] mysql:host=88.218.194.8;port=3306;dbname=webqrcode;charset=utf8mb4
[2023-02-15T22:32:10+08:00][sql] SHOW FULL COLUMNS FROM `wk_setting` [ RunTime:0.106241s ]
[2023-02-15T22:32:10+08:00][sql] SELECT `key` FROM `wk_setting` WHERE  `key` = 'api_key'  AND `str_val` = 'MTIzcXdlIUAj' LIMIT 1 [ RunTime:0.093661s ]
[2023-02-15T22:32:10+08:00][sql] SHOW FULL COLUMNS FROM `wk_manager` [ RunTime:0.106597s ]
[2023-02-15T22:32:10+08:00][sql] SELECT * FROM `wk_manager` WHERE  `id` = 1 LIMIT 1 [ RunTime:0.092255s ]
[2023-02-15T22:32:10+08:00][sql] SHOW FULL COLUMNS FROM `wk_entrance` [ RunTime:0.098558s ]
[2023-02-15T22:32:10+08:00][sql] SELECT `user_id`,`provider_id` FROM `wk_entrance` WHERE  `id` = 289500 LIMIT 1 [ RunTime:0.091200s ]
[2023-02-15T22:32:10+08:00][sql] UPDATE `wk_entrance`  SET `members` = 200 , `name` = '邻水信息港房产交流群' , `joinable_wc` = 1 , `joinable_wx` = 1 , `status` = 1 , `room_id` = '10741182646488511' , `update_time` = '2023-02-15 22:32:09' , `error_msg` = '群聊人数超过200人，只可通过群成员邀请进入群聊'  WHERE  `id` = 289500 [ RunTime:0.092841s ]
[2023-02-15T22:32:10+08:00][sql] SHOW FULL COLUMNS FROM `wk_record` [ RunTime:0.101969s ]
[2023-02-15T22:32:10+08:00][sql] UPDATE `wk_record`  SET `status` = 0  WHERE  `id` = 1947285 [ RunTime:0.091884s ]
[2023-02-15T22:32:10+08:00][sql] SELECT `qrcode_id` FROM `wk_entrance` WHERE  `id` = 289500 LIMIT 1 [ RunTime:0.096935s ]
[2023-02-15T22:32:10+08:00][sql] SHOW FULL COLUMNS FROM `wk_qrcode` [ RunTime:0.094393s ]
[2023-02-15T22:32:10+08:00][sql] UPDATE `wk_qrcode`  SET `valid` = 1 , `valid_time` = '2023-02-15 22:32:10'  WHERE  `id` = 40995 [ RunTime:0.090722s ]
[2023-02-15T22:32:11+08:00][sql] CONNECT:[ UseTime:0.143088s ] mysql:host=88.218.194.8;port=3306;dbname=webqrcode;charset=utf8mb4
[2023-02-15T22:32:11+08:00][sql] SHOW FULL COLUMNS FROM `wk_setting` [ RunTime:0.099546s ]
[2023-02-15T22:32:11+08:00][sql] SELECT `key` FROM `wk_setting` WHERE  `key` = 'api_key'  AND `str_val` = 'MTIzcXdlIUAj' LIMIT 1 [ RunTime:0.096321s ]
[2023-02-15T22:32:11+08:00][sql] SHOW FULL COLUMNS FROM `wk_manager` [ RunTime:0.099352s ]
[2023-02-15T22:32:11+08:00][sql] SELECT * FROM `wk_manager` WHERE  `id` = 1 LIMIT 1 [ RunTime:0.098358s ]
[2023-02-15T22:32:11+08:00][sql] SHOW FULL COLUMNS FROM `wk_entrance` [ RunTime:0.098246s ]
[2023-02-15T22:32:11+08:00][sql] SHOW FULL COLUMNS FROM `wk_provider` [ RunTime:0.100473s ]
[2023-02-15T22:32:11+08:00][sql] SELECT `id`,`qr`,`name`,`members`,`room_id`,`joinable_wc`,`status` FROM `wk_entrance` WHERE  `provider_id` IN (SELECT `id` FROM `wk_provider` WHERE  `manager_id` = 1)  AND `get_time` <  1676449930  AND `joinable_wc` IN (0,1)  AND `expire_date` >= NOW() ORDER BY `joinable_wc` ASC LIMIT 1 [ RunTime:0.207602s ]
[2023-02-15T22:32:11+08:00][sql] UPDATE `wk_entrance`  SET `get_time` = 1676471531  WHERE  `id` = 297241 [ RunTime:0.095104s ]
[2023-02-15T22:32:11+08:00][sql] SHOW FULL COLUMNS FROM `wk_record` [ RunTime:0.098253s ]
[2023-02-15T22:32:11+08:00][sql] INSERT INTO `wk_record` SET `uin` = '1688850353288494' , `entrance_id` = 297241 [ RunTime:0.095223s ]
[2023-02-15T22:32:13+08:00][sql] CONNECT:[ UseTime:0.130729s ] mysql:host=88.218.194.8;port=3306;dbname=webqrcode;charset=utf8mb4
[2023-02-15T22:32:13+08:00][sql] SHOW FULL COLUMNS FROM `wk_setting` [ RunTime:0.091836s ]
[2023-02-15T22:32:13+08:00][sql] SELECT `key` FROM `wk_setting` WHERE  `key` = 'api_key'  AND `str_val` = 'MTIzcXdlIUAj' LIMIT 1 [ RunTime:0.088379s ]
[2023-02-15T22:32:13+08:00][sql] SHOW FULL COLUMNS FROM `wk_manager` [ RunTime:0.092230s ]
[2023-02-15T22:32:13+08:00][sql] SELECT * FROM `wk_manager` WHERE  `id` = 1 LIMIT 1 [ RunTime:0.087765s ]
[2023-02-15T22:32:13+08:00][sql] SHOW FULL COLUMNS FROM `wk_entrance` [ RunTime:0.091278s ]
[2023-02-15T22:32:13+08:00][sql] SELECT `user_id`,`provider_id` FROM `wk_entrance` WHERE  `id` = 297241 LIMIT 1 [ RunTime:0.087990s ]
[2023-02-15T22:32:13+08:00][sql] UPDATE `wk_entrance`  SET `members` = 140 , `name` = '必胜客象山万达餐厅福利群' , `joinable_wc` = 1 , `joinable_wx` = 1 , `status` = 1 , `room_id` = '10696051753538371' , `update_time` = '2023-02-15 22:32:13' , `error_msg` = ''  WHERE  `id` = 297241 [ RunTime:0.088011s ]
[2023-02-15T22:32:13+08:00][sql] SHOW FULL COLUMNS FROM `wk_record` [ RunTime:0.090038s ]
[2023-02-15T22:32:13+08:00][sql] UPDATE `wk_record`  SET `status` = 0  WHERE  `id` = 1947288 [ RunTime:0.087574s ]
[2023-02-15T22:32:13+08:00][sql] SELECT `qrcode_id` FROM `wk_entrance` WHERE  `id` = 297241 LIMIT 1 [ RunTime:0.088883s ]
[2023-02-15T22:32:13+08:00][sql] SHOW FULL COLUMNS FROM `wk_qrcode` [ RunTime:0.091247s ]
[2023-02-15T22:32:13+08:00][sql] UPDATE `wk_qrcode`  SET `valid` = 1 , `valid_time` = '2023-02-15 22:32:13'  WHERE  `id` = 170 [ RunTime:0.087037s ]
[2023-02-15T22:32:15+08:00][sql] CONNECT:[ UseTime:0.126994s ] mysql:host=88.218.194.8;port=3306;dbname=webqrcode;charset=utf8mb4
[2023-02-15T22:32:15+08:00][sql] SHOW FULL COLUMNS FROM `wk_setting` [ RunTime:0.086347s ]
[2023-02-15T22:32:15+08:00][sql] SELECT `key` FROM `wk_setting` WHERE  `key` = 'api_key'  AND `str_val` = 'MTIzcXdlIUAj' LIMIT 1 [ RunTime:0.084998s ]
[2023-02-15T22:32:15+08:00][sql] SHOW FULL COLUMNS FROM `wk_manager` [ RunTime:0.087708s ]
[2023-02-15T22:32:15+08:00][sql] SELECT * FROM `wk_manager` WHERE  `id` = 1 LIMIT 1 [ RunTime:0.084545s ]
[2023-02-15T22:32:15+08:00][sql] SHOW FULL COLUMNS FROM `wk_entrance` [ RunTime:0.088737s ]
[2023-02-15T22:32:15+08:00][sql] SHOW FULL COLUMNS FROM `wk_provider` [ RunTime:0.087413s ]
[2023-02-15T22:32:15+08:00][sql] SELECT `id`,`qr`,`name`,`members`,`room_id`,`joinable_wc`,`status` FROM `wk_entrance` WHERE  `provider_id` IN (SELECT `id` FROM `wk_provider` WHERE  `manager_id` = 1)  AND `get_time` <  1676449934  AND `joinable_wc` IN (0,1)  AND `expire_date` >= NOW() ORDER BY `joinable_wc` ASC LIMIT 1 [ RunTime:0.150878s ]
[2023-02-15T22:32:15+08:00][sql] UPDATE `wk_entrance`  SET `get_time` = 1676471534  WHERE  `id` = 291003 [ RunTime:0.083166s ]
[2023-02-15T22:32:15+08:00][sql] SHOW FULL COLUMNS FROM `wk_record` [ RunTime:0.088075s ]
[2023-02-15T22:32:15+08:00][sql] INSERT INTO `wk_record` SET `uin` = '1688850353288494' , `entrance_id` = 291003 [ RunTime:0.086858s ]
[2023-02-15T22:32:17+08:00][sql] CONNECT:[ UseTime:0.141849s ] mysql:host=88.218.194.8;port=3306;dbname=webqrcode;charset=utf8mb4
[2023-02-15T22:32:17+08:00][sql] SHOW FULL COLUMNS FROM `wk_setting` [ RunTime:0.097243s ]
[2023-02-15T22:32:17+08:00][sql] SELECT `key` FROM `wk_setting` WHERE  `key` = 'api_key'  AND `str_val` = 'MTIzcXdlIUAj' LIMIT 1 [ RunTime:0.093915s ]
[2023-02-15T22:32:17+08:00][sql] SHOW FULL COLUMNS FROM `wk_manager` [ RunTime:0.098018s ]
[2023-02-15T22:32:17+08:00][sql] SELECT * FROM `wk_manager` WHERE  `id` = 1 LIMIT 1 [ RunTime:0.093126s ]
[2023-02-15T22:32:17+08:00][sql] SHOW FULL COLUMNS FROM `wk_entrance` [ RunTime:0.095184s ]
[2023-02-15T22:32:17+08:00][sql] SELECT `user_id`,`provider_id` FROM `wk_entrance` WHERE  `id` = 291003 LIMIT 1 [ RunTime:0.094472s ]
[2023-02-15T22:32:17+08:00][sql] UPDATE `wk_entrance`  SET `members` = 188 , `name` = '古茗渌口中央时代广场福利群1' , `joinable_wc` = 1 , `joinable_wx` = 1 , `status` = 1 , `room_id` = '10711789243363014' , `update_time` = '2023-02-15 22:32:16' , `error_msg` = ''  WHERE  `id` = 291003 [ RunTime:0.093455s ]
[2023-02-15T22:32:17+08:00][sql] SHOW FULL COLUMNS FROM `wk_record` [ RunTime:0.095549s ]
[2023-02-15T22:32:17+08:00][sql] UPDATE `wk_record`  SET `status` = 0  WHERE  `id` = 1947290 [ RunTime:0.101281s ]
[2023-02-15T22:32:17+08:00][sql] SELECT `qrcode_id` FROM `wk_entrance` WHERE  `id` = 291003 LIMIT 1 [ RunTime:0.093281s ]
[2023-02-15T22:32:17+08:00][sql] SHOW FULL COLUMNS FROM `wk_qrcode` [ RunTime:0.095220s ]
[2023-02-15T22:32:17+08:00][sql] UPDATE `wk_qrcode`  SET `valid` = 1 , `valid_time` = '2023-02-15 22:32:17'  WHERE  `id` = 5983 [ RunTime:0.091986s ]
[2023-02-15T22:32:18+08:00][sql] CONNECT:[ UseTime:0.123733s ] mysql:host=88.218.194.8;port=3306;dbname=webqrcode;charset=utf8mb4
[2023-02-15T22:32:18+08:00][sql] SHOW FULL COLUMNS FROM `wk_setting` [ RunTime:0.086144s ]
[2023-02-15T22:32:18+08:00][sql] SELECT `key` FROM `wk_setting` WHERE  `key` = 'api_key'  AND `str_val` = 'MTIzcXdlIUAj' LIMIT 1 [ RunTime:0.081188s ]
[2023-02-15T22:32:18+08:00][sql] SHOW FULL COLUMNS FROM `wk_manager` [ RunTime:0.085013s ]
[2023-02-15T22:32:18+08:00][sql] SELECT * FROM `wk_manager` WHERE  `id` = 1 LIMIT 1 [ RunTime:0.080533s ]
[2023-02-15T22:32:18+08:00][sql] SHOW FULL COLUMNS FROM `wk_entrance` [ RunTime:0.086042s ]
[2023-02-15T22:32:18+08:00][sql] SHOW FULL COLUMNS FROM `wk_provider` [ RunTime:0.084293s ]
[2023-02-15T22:32:18+08:00][sql] SELECT `id`,`qr`,`name`,`members`,`room_id`,`joinable_wc`,`status` FROM `wk_entrance` WHERE  `provider_id` IN (SELECT `id` FROM `wk_provider` WHERE  `manager_id` = 1)  AND `get_time` <  1676449937  AND `joinable_wc` IN (0,1)  AND `expire_date` >= NOW() ORDER BY `joinable_wc` ASC LIMIT 1 [ RunTime:0.146288s ]
[2023-02-15T22:32:18+08:00][sql] UPDATE `wk_entrance`  SET `get_time` = 1676471538  WHERE  `id` = 297246 [ RunTime:0.080321s ]
[2023-02-15T22:32:18+08:00][sql] SHOW FULL COLUMNS FROM `wk_record` [ RunTime:0.082570s ]
[2023-02-15T22:32:18+08:00][sql] INSERT INTO `wk_record` SET `uin` = '1688850353288494' , `entrance_id` = 297246 [ RunTime:0.083365s ]
[2023-02-15T22:32:20+08:00][sql] CONNECT:[ UseTime:0.130474s ] mysql:host=88.218.194.8;port=3306;dbname=webqrcode;charset=utf8mb4
[2023-02-15T22:32:20+08:00][sql] SHOW FULL COLUMNS FROM `wk_setting` [ RunTime:0.090555s ]
[2023-02-15T22:32:20+08:00][sql] SELECT `key` FROM `wk_setting` WHERE  `key` = 'api_key'  AND `str_val` = 'MTIzcXdlIUAj' LIMIT 1 [ RunTime:0.086748s ]
[2023-02-15T22:32:20+08:00][sql] SHOW FULL COLUMNS FROM `wk_manager` [ RunTime:0.088950s ]
[2023-02-15T22:32:20+08:00][sql] SELECT * FROM `wk_manager` WHERE  `id` = 1 LIMIT 1 [ RunTime:0.086824s ]
[2023-02-15T22:32:20+08:00][sql] SHOW FULL COLUMNS FROM `wk_entrance` [ RunTime:0.091158s ]
[2023-02-15T22:32:20+08:00][sql] SELECT `user_id`,`provider_id` FROM `wk_entrance` WHERE  `id` = 297246 LIMIT 1 [ RunTime:0.086160s ]
[2023-02-15T22:32:20+08:00][sql] UPDATE `wk_entrance`  SET `members` = 185 , `name` = '必胜客平湖解放店福利群1' , `joinable_wc` = 1 , `joinable_wx` = 1 , `status` = 1 , `room_id` = '10696049947024140' , `update_time` = '2023-02-15 22:32:20' , `error_msg` = ''  WHERE  `id` = 297246 [ RunTime:0.088368s ]
[2023-02-15T22:32:20+08:00][sql] SHOW FULL COLUMNS FROM `wk_record` [ RunTime:0.091452s ]
[2023-02-15T22:32:20+08:00][sql] UPDATE `wk_record`  SET `status` = 0  WHERE  `id` = 1947293 [ RunTime:0.085189s ]
[2023-02-15T22:32:20+08:00][sql] SELECT `qrcode_id` FROM `wk_entrance` WHERE  `id` = 297246 LIMIT 1 [ RunTime:0.087712s ]
[2023-02-15T22:32:20+08:00][sql] SHOW FULL COLUMNS FROM `wk_qrcode` [ RunTime:0.087395s ]
[2023-02-15T22:32:20+08:00][sql] UPDATE `wk_qrcode`  SET `valid` = 1 , `valid_time` = '2023-02-15 22:32:20'  WHERE  `id` = 195 [ RunTime:0.086807s ]
[2023-02-15T22:32:21+08:00][sql] CONNECT:[ UseTime:0.127448s ] mysql:host=88.218.194.8;port=3306;dbname=webqrcode;charset=utf8mb4
[2023-02-15T22:32:21+08:00][sql] SHOW FULL COLUMNS FROM `wk_setting` [ RunTime:0.086473s ]
[2023-02-15T22:32:21+08:00][sql] SELECT `key` FROM `wk_setting` WHERE  `key` = 'api_key'  AND `str_val` = 'MTIzcXdlIUAj' LIMIT 1 [ RunTime:0.086149s ]
[2023-02-15T22:32:21+08:00][sql] SHOW FULL COLUMNS FROM `wk_manager` [ RunTime:0.086850s ]
[2023-02-15T22:32:21+08:00][sql] SELECT * FROM `wk_manager` WHERE  `id` = 1 LIMIT 1 [ RunTime:0.087491s ]
[2023-02-15T22:32:21+08:00][sql] SHOW FULL COLUMNS FROM `wk_entrance` [ RunTime:0.086576s ]
[2023-02-15T22:32:21+08:00][sql] SHOW FULL COLUMNS FROM `wk_provider` [ RunTime:0.086713s ]
[2023-02-15T22:32:21+08:00][sql] SELECT `id`,`qr`,`name`,`members`,`room_id`,`joinable_wc`,`status` FROM `wk_entrance` WHERE  `provider_id` IN (SELECT `id` FROM `wk_provider` WHERE  `manager_id` = 1)  AND `get_time` <  1676449941  AND `joinable_wc` IN (0,1)  AND `expire_date` >= NOW() ORDER BY `joinable_wc` ASC LIMIT 1 [ RunTime:0.168514s ]
[2023-02-15T22:32:21+08:00][sql] UPDATE `wk_entrance`  SET `get_time` = 1676471541  WHERE  `id` = 296736 [ RunTime:0.083735s ]
[2023-02-15T22:32:21+08:00][sql] SHOW FULL COLUMNS FROM `wk_record` [ RunTime:0.086470s ]
[2023-02-15T22:32:21+08:00][sql] INSERT INTO `wk_record` SET `uin` = '1688850353288494' , `entrance_id` = 296736 [ RunTime:0.082254s ]
[2023-02-15T22:32:24+08:00][sql] CONNECT:[ UseTime:0.162466s ] mysql:host=88.218.194.8;port=3306;dbname=webqrcode;charset=utf8mb4
[2023-02-15T22:32:24+08:00][sql] SHOW FULL COLUMNS FROM `wk_setting` [ RunTime:0.112888s ]
[2023-02-15T22:32:24+08:00][sql] SELECT `key` FROM `wk_setting` WHERE  `key` = 'api_key'  AND `str_val` = 'MTIzcXdlIUAj' LIMIT 1 [ RunTime:0.110780s ]
[2023-02-15T22:32:24+08:00][sql] SHOW FULL COLUMNS FROM `wk_manager` [ RunTime:0.110595s ]
[2023-02-15T22:32:24+08:00][sql] SELECT * FROM `wk_manager` WHERE  `id` = 1 LIMIT 1 [ RunTime:0.107418s ]
[2023-02-15T22:32:24+08:00][sql] SHOW FULL COLUMNS FROM `wk_entrance` [ RunTime:0.111338s ]
[2023-02-15T22:32:24+08:00][sql] SELECT `user_id`,`provider_id` FROM `wk_entrance` WHERE  `id` = 296736 LIMIT 1 [ RunTime:0.109720s ]
[2023-02-15T22:32:24+08:00][sql] UPDATE `wk_entrance`  SET `members` = 200 , `name` = '广州兼职群13' , `joinable_wc` = 1 , `joinable_wx` = 1 , `status` = 1 , `room_id` = '10911058397817869' , `update_time` = '2023-02-15 22:32:23' , `error_msg` = '群聊人数超过200人，只可通过群成员邀请进入群聊'  WHERE  `id` = 296736 [ RunTime:0.107452s ]
[2023-02-15T22:32:24+08:00][sql] SHOW FULL COLUMNS FROM `wk_record` [ RunTime:0.111152s ]
[2023-02-15T22:32:24+08:00][sql] UPDATE `wk_record`  SET `status` = 0  WHERE  `id` = 1947296 [ RunTime:0.108380s ]
[2023-02-15T22:32:24+08:00][sql] SELECT `qrcode_id` FROM `wk_entrance` WHERE  `id` = 296736 LIMIT 1 [ RunTime:0.107004s ]
[2023-02-15T22:32:24+08:00][sql] SHOW FULL COLUMNS FROM `wk_qrcode` [ RunTime:0.111506s ]
[2023-02-15T22:32:24+08:00][sql] UPDATE `wk_qrcode`  SET `valid` = 1 , `valid_time` = '2023-02-15 22:32:24'  WHERE  `id` = 39680 [ RunTime:0.107367s ]
[2023-02-15T22:34:41+08:00][sql] CONNECT:[ UseTime:0.157282s ] mysql:host=88.218.194.8;port=3306;dbname=webqrcode;charset=utf8mb4
[2023-02-15T22:34:41+08:00][sql] SHOW FULL COLUMNS FROM `wk_setting` [ RunTime:0.108945s ]
[2023-02-15T22:34:41+08:00][sql] SELECT `key` FROM `wk_setting` WHERE  `key` = 'api_key'  AND `str_val` = 'MTIzcXdlIUAj' LIMIT 1 [ RunTime:0.114044s ]
[2023-02-15T22:34:41+08:00][sql] SHOW FULL COLUMNS FROM `wk_manager` [ RunTime:0.122190s ]
[2023-02-15T22:34:41+08:00][sql] SELECT `id`,`username`,`enable` FROM `wk_manager` WHERE  `username` = 'zhizun'  AND `password` = '18654b2cd47d004109ca5ee404e002a3' LIMIT 1 [ RunTime:0.104514s ]
[2023-02-15T22:34:41+08:00][sql] UPDATE `wk_manager`  SET `relogin` = 0  WHERE  `id` = 1 [ RunTime:0.106558s ]
[2023-02-15T22:34:41+08:00][sql] CONNECT:[ UseTime:0.147318s ] mysql:host=88.218.194.8;port=3306;dbname=webqrcode;charset=utf8mb4
[2023-02-15T22:34:41+08:00][sql] SHOW FULL COLUMNS FROM `wk_setting` [ RunTime:0.099230s ]
[2023-02-15T22:34:41+08:00][sql] SELECT `key` FROM `wk_setting` WHERE  `key` = 'api_key'  AND `str_val` = 'MTIzcXdlIUAj' LIMIT 1 [ RunTime:0.094155s ]
[2023-02-15T22:34:41+08:00][sql] SHOW FULL COLUMNS FROM `wk_record` [ RunTime:0.097250s ]
[2023-02-15T22:34:41+08:00][sql] SELECT COUNT(*) AS think_count FROM `wk_record` WHERE  `uin` = '1688850353288494'  AND `add_time` BETWEEN '2023-02-15 00:00:00' AND '2023-02-15 23:59:59' LIMIT 1 [ RunTime:0.123437s ]
[2023-02-15T22:34:42+08:00][sql] CONNECT:[ UseTime:0.130226s ] mysql:host=88.218.194.8;port=3306;dbname=webqrcode;charset=utf8mb4
[2023-02-15T22:34:42+08:00][sql] SHOW FULL COLUMNS FROM `wk_setting` [ RunTime:0.090133s ]
[2023-02-15T22:34:42+08:00][sql] SELECT `key` FROM `wk_setting` WHERE  `key` = 'api_key'  AND `str_val` = 'MTIzcXdlIUAj' LIMIT 1 [ RunTime:0.088185s ]
[2023-02-15T22:34:42+08:00][sql] SHOW FULL COLUMNS FROM `wk_record` [ RunTime:0.099793s ]
[2023-02-15T22:34:42+08:00][sql] SELECT COUNT(*) AS think_count FROM `wk_record` WHERE  `status` = 1  AND `uin` = '1688850353288494'  AND `add_time` BETWEEN '2023-02-15 00:00:00' AND '2023-02-15 23:59:59' LIMIT 1 [ RunTime:0.110891s ]
[2023-02-15T23:06:18+08:00][sql] CONNECT:[ UseTime:0.141079s ] mysql:host=88.218.194.8;port=3306;dbname=webqrcode;charset=utf8mb4
[2023-02-15T23:06:18+08:00][sql] SHOW FULL COLUMNS FROM `wk_setting` [ RunTime:0.100512s ]
[2023-02-15T23:06:18+08:00][sql] SELECT `key` FROM `wk_setting` WHERE  `key` = 'api_key'  AND `str_val` = 'MTIzcXdlIUAj' LIMIT 1 [ RunTime:0.095928s ]
[2023-02-15T23:06:18+08:00][sql] SHOW FULL COLUMNS FROM `wk_manager` [ RunTime:0.098261s ]
[2023-02-15T23:06:18+08:00][sql] SELECT * FROM `wk_manager` WHERE  `id` = 1 LIMIT 1 [ RunTime:0.096473s ]
[2023-02-15T23:06:18+08:00][sql] SHOW FULL COLUMNS FROM `wk_entrance` [ RunTime:0.100892s ]
[2023-02-15T23:06:18+08:00][sql] SHOW FULL COLUMNS FROM `wk_provider` [ RunTime:0.098587s ]
[2023-02-15T23:06:18+08:00][sql] SELECT `id`,`qr`,`name`,`members`,`room_id`,`joinable_wc`,`status` FROM `wk_entrance` WHERE  `provider_id` IN (SELECT `id` FROM `wk_provider` WHERE  `manager_id` = 1)  AND `get_time` <  1676387178  AND `joinable_wc` IN (0,1)  AND `expire_date` >= NOW() ORDER BY `joinable_wc` ASC LIMIT 1 [ RunTime:0.161686s ]
[2023-02-15T23:06:18+08:00][sql] UPDATE `wk_entrance`  SET `get_time` = 1676473578  WHERE  `id` = 318365 [ RunTime:0.094689s ]
[2023-02-15T23:06:18+08:00][sql] SHOW FULL COLUMNS FROM `wk_record` [ RunTime:0.096415s ]
[2023-02-15T23:06:18+08:00][sql] INSERT INTO `wk_record` SET `uin` = '1688850353288494' , `entrance_id` = 318365 [ RunTime:0.094145s ]
[2023-02-15T23:06:20+08:00][sql] CONNECT:[ UseTime:0.143719s ] mysql:host=88.218.194.8;port=3306;dbname=webqrcode;charset=utf8mb4
[2023-02-15T23:06:20+08:00][sql] SHOW FULL COLUMNS FROM `wk_setting` [ RunTime:0.104238s ]
[2023-02-15T23:06:20+08:00][sql] SELECT `key` FROM `wk_setting` WHERE  `key` = 'api_key'  AND `str_val` = 'MTIzcXdlIUAj' LIMIT 1 [ RunTime:0.095773s ]
[2023-02-15T23:06:20+08:00][sql] SHOW FULL COLUMNS FROM `wk_manager` [ RunTime:0.099728s ]
[2023-02-15T23:06:20+08:00][sql] SELECT * FROM `wk_manager` WHERE  `id` = 1 LIMIT 1 [ RunTime:0.094656s ]
[2023-02-15T23:06:20+08:00][sql] SHOW FULL COLUMNS FROM `wk_entrance` [ RunTime:0.098547s ]
[2023-02-15T23:06:20+08:00][sql] SELECT `user_id`,`provider_id` FROM `wk_entrance` WHERE  `id` = 318365 LIMIT 1 [ RunTime:0.095766s ]
[2023-02-15T23:06:20+08:00][sql] UPDATE `wk_entrance`  SET `members` = NULL , `name` = '' , `joinable_wc` = 3 , `joinable_wx` = 3 , `status` = 2 , `room_id` = '' , `update_time` = '2023-02-15 23:06:20' , `error_msg` = '群主已开启进群验证，只可通过邀请进群'  WHERE  `id` = 318365 [ RunTime:0.095811s ]
[2023-02-15T23:06:20+08:00][sql] SHOW FULL COLUMNS FROM `wk_record` [ RunTime:0.098772s ]
[2023-02-15T23:06:20+08:00][sql] UPDATE `wk_record`  SET `status` = 0  WHERE  `id` = 1949413 [ RunTime:0.095933s ]
[2023-02-15T23:06:21+08:00][sql] CONNECT:[ UseTime:0.127210s ] mysql:host=88.218.194.8;port=3306;dbname=webqrcode;charset=utf8mb4
[2023-02-15T23:06:21+08:00][sql] SHOW FULL COLUMNS FROM `wk_setting` [ RunTime:0.090393s ]
[2023-02-15T23:06:21+08:00][sql] SELECT `key` FROM `wk_setting` WHERE  `key` = 'api_key'  AND `str_val` = 'MTIzcXdlIUAj' LIMIT 1 [ RunTime:0.087282s ]
[2023-02-15T23:06:21+08:00][sql] SHOW FULL COLUMNS FROM `wk_manager` [ RunTime:0.090353s ]
[2023-02-15T23:06:21+08:00][sql] SELECT * FROM `wk_manager` WHERE  `id` = 1 LIMIT 1 [ RunTime:0.085719s ]
[2023-02-15T23:06:21+08:00][sql] SHOW FULL COLUMNS FROM `wk_entrance` [ RunTime:0.089015s ]
[2023-02-15T23:06:21+08:00][sql] SHOW FULL COLUMNS FROM `wk_provider` [ RunTime:0.087985s ]
[2023-02-15T23:06:21+08:00][sql] SELECT `id`,`qr`,`name`,`members`,`room_id`,`joinable_wc`,`status` FROM `wk_entrance` WHERE  `provider_id` IN (SELECT `id` FROM `wk_provider` WHERE  `manager_id` = 1)  AND `get_time` <  1676387181  AND `joinable_wc` IN (0,1)  AND `expire_date` >= NOW() ORDER BY `joinable_wc` ASC LIMIT 1 [ RunTime:0.148582s ]
[2023-02-15T23:06:21+08:00][sql] UPDATE `wk_entrance`  SET `get_time` = 1676473581  WHERE  `id` = 318366 [ RunTime:0.084786s ]
[2023-02-15T23:06:21+08:00][sql] SHOW FULL COLUMNS FROM `wk_record` [ RunTime:0.088067s ]
[2023-02-15T23:06:21+08:00][sql] INSERT INTO `wk_record` SET `uin` = '1688850353288494' , `entrance_id` = 318366 [ RunTime:0.084880s ]
[2023-02-15T23:06:23+08:00][sql] CONNECT:[ UseTime:0.146799s ] mysql:host=88.218.194.8;port=3306;dbname=webqrcode;charset=utf8mb4
[2023-02-15T23:06:23+08:00][sql] SHOW FULL COLUMNS FROM `wk_setting` [ RunTime:0.103804s ]
[2023-02-15T23:06:23+08:00][sql] SELECT `key` FROM `wk_setting` WHERE  `key` = 'api_key'  AND `str_val` = 'MTIzcXdlIUAj' LIMIT 1 [ RunTime:0.109296s ]
[2023-02-15T23:06:23+08:00][sql] SHOW FULL COLUMNS FROM `wk_manager` [ RunTime:0.101388s ]
[2023-02-15T23:06:23+08:00][sql] SELECT * FROM `wk_manager` WHERE  `id` = 1 LIMIT 1 [ RunTime:0.098340s ]
[2023-02-15T23:06:23+08:00][sql] SHOW FULL COLUMNS FROM `wk_entrance` [ RunTime:0.103821s ]
[2023-02-15T23:06:23+08:00][sql] SELECT `user_id`,`provider_id` FROM `wk_entrance` WHERE  `id` = 318366 LIMIT 1 [ RunTime:0.098989s ]
[2023-02-15T23:06:23+08:00][sql] UPDATE `wk_entrance`  SET `members` = 68 , `name` = '生物医药大会' , `joinable_wc` = 1 , `joinable_wx` = 1 , `status` = 1 , `room_id` = '10818474515209455' , `update_time` = '2023-02-15 23:06:23' , `error_msg` = ''  WHERE  `id` = 318366 [ RunTime:0.099173s ]
[2023-02-15T23:06:23+08:00][sql] SHOW FULL COLUMNS FROM `wk_record` [ RunTime:0.101841s ]
[2023-02-15T23:06:23+08:00][sql] UPDATE `wk_record`  SET `status` = 0  WHERE  `id` = 1949418 [ RunTime:0.099090s ]
[2023-02-15T23:06:23+08:00][sql] SELECT `qrcode_id` FROM `wk_entrance` WHERE  `id` = 318366 LIMIT 1 [ RunTime:0.098144s ]
[2023-02-15T23:06:25+08:00][sql] CONNECT:[ UseTime:0.132560s ] mysql:host=88.218.194.8;port=3306;dbname=webqrcode;charset=utf8mb4
[2023-02-15T23:06:25+08:00][sql] SHOW FULL COLUMNS FROM `wk_setting` [ RunTime:0.093266s ]
[2023-02-15T23:06:25+08:00][sql] SELECT `key` FROM `wk_setting` WHERE  `key` = 'api_key'  AND `str_val` = 'MTIzcXdlIUAj' LIMIT 1 [ RunTime:0.089166s ]
[2023-02-15T23:06:25+08:00][sql] SHOW FULL COLUMNS FROM `wk_manager` [ RunTime:0.091651s ]
[2023-02-15T23:06:25+08:00][sql] SELECT * FROM `wk_manager` WHERE  `id` = 1 LIMIT 1 [ RunTime:0.088739s ]
[2023-02-15T23:06:25+08:00][sql] SHOW FULL COLUMNS FROM `wk_entrance` [ RunTime:0.091066s ]
[2023-02-15T23:06:25+08:00][sql] SHOW FULL COLUMNS FROM `wk_provider` [ RunTime:0.092251s ]
[2023-02-15T23:06:25+08:00][sql] SELECT `id`,`qr`,`name`,`members`,`room_id`,`joinable_wc`,`status` FROM `wk_entrance` WHERE  `provider_id` IN (SELECT `id` FROM `wk_provider` WHERE  `manager_id` = 1)  AND `get_time` <  1676387184  AND `joinable_wc` IN (0,1)  AND `expire_date` >= NOW() ORDER BY `joinable_wc` ASC LIMIT 1 [ RunTime:0.148810s ]
[2023-02-15T23:06:25+08:00][sql] UPDATE `wk_entrance`  SET `get_time` = 1676473584  WHERE  `id` = 318320 [ RunTime:0.088838s ]
[2023-02-15T23:06:25+08:00][sql] SHOW FULL COLUMNS FROM `wk_record` [ RunTime:0.092659s ]
[2023-02-15T23:06:25+08:00][sql] INSERT INTO `wk_record` SET `uin` = '1688850353288494' , `entrance_id` = 318320 [ RunTime:0.100928s ]
[2023-02-15T23:06:27+08:00][sql] CONNECT:[ UseTime:0.138329s ] mysql:host=88.218.194.8;port=3306;dbname=webqrcode;charset=utf8mb4
[2023-02-15T23:06:27+08:00][sql] SHOW FULL COLUMNS FROM `wk_setting` [ RunTime:0.096737s ]
[2023-02-15T23:06:27+08:00][sql] SELECT `key` FROM `wk_setting` WHERE  `key` = 'api_key'  AND `str_val` = 'MTIzcXdlIUAj' LIMIT 1 [ RunTime:0.093875s ]
[2023-02-15T23:06:27+08:00][sql] SHOW FULL COLUMNS FROM `wk_manager` [ RunTime:0.096220s ]
[2023-02-15T23:06:27+08:00][sql] SELECT * FROM `wk_manager` WHERE  `id` = 1 LIMIT 1 [ RunTime:0.092397s ]
[2023-02-15T23:06:27+08:00][sql] SHOW FULL COLUMNS FROM `wk_entrance` [ RunTime:0.095574s ]
[2023-02-15T23:06:27+08:00][sql] SELECT `user_id`,`provider_id` FROM `wk_entrance` WHERE  `id` = 318320 LIMIT 1 [ RunTime:0.093750s ]
[2023-02-15T23:06:27+08:00][sql] UPDATE `wk_entrance`  SET `members` = NULL , `name` = '' , `joinable_wc` = 2 , `joinable_wx` = 1 , `status` = 1 , `room_id` = '' , `update_time` = '2023-02-15 23:06:26' , `error_msg` = '企业已拒绝你进入该群聊'  WHERE  `id` = 318320 [ RunTime:0.093267s ]
[2023-02-15T23:06:27+08:00][sql] SHOW FULL COLUMNS FROM `wk_record` [ RunTime:0.098996s ]
[2023-02-15T23:06:27+08:00][sql] UPDATE `wk_record`  SET `status` = 0  WHERE  `id` = 1949422 [ RunTime:0.094578s ]
