[2023-02-16T18:27:47+08:00][sql] CONNECT:[ UseTime:0.147147s ] mysql:host=88.218.194.8;port=3306;dbname=webqrcode;charset=utf8mb4
[2023-02-16T18:27:47+08:00][sql] SHOW FULL COLUMNS FROM `wk_setting` [ RunTime:0.104788s ]
[2023-02-16T18:27:47+08:00][sql] SELECT `key` FROM `wk_setting` WHERE  `key` = 'api_key'  AND `str_val` = 'MTIzcXdlIUAj' LIMIT 1 [ RunTime:0.099255s ]
[2023-02-16T18:27:47+08:00][sql] SHOW FULL COLUMNS FROM `wk_manager` [ RunTime:0.101248s ]
[2023-02-16T18:27:47+08:00][sql] SELECT `id`,`username`,`enable` FROM `wk_manager` WHERE  `username` = 'zhizun'  AND `password` = '18654b2cd47d004109ca5ee404e002a3' LIMIT 1 [ RunTime:0.098493s ]
[2023-02-16T18:27:47+08:00][sql] UPDATE `wk_manager`  SET `relogin` = 0  WHERE  `id` = 1 [ RunTime:0.101274s ]
[2023-02-16T18:27:55+08:00][sql] CONNECT:[ UseTime:0.133741s ] mysql:host=88.218.194.8;port=3306;dbname=webqrcode;charset=utf8mb4
[2023-02-16T18:27:55+08:00][sql] SHOW FULL COLUMNS FROM `wk_setting` [ RunTime:0.087199s ]
[2023-02-16T18:27:55+08:00][sql] SELECT `key` FROM `wk_setting` WHERE  `key` = 'api_key'  AND `str_val` = 'MTIzcXdlIUAj' LIMIT 1 [ RunTime:0.088395s ]
[2023-02-16T18:27:55+08:00][sql] SHOW FULL COLUMNS FROM `wk_record` [ RunTime:0.089352s ]
[2023-02-16T18:27:55+08:00][sql] SELECT COUNT(*) AS think_count FROM `wk_record` WHERE  `uin` = '1688850353288494'  AND `add_time` BETWEEN '2023-02-16 00:00:00' AND '2023-02-16 23:59:59' LIMIT 1 [ RunTime:0.135141s ]
[2023-02-16T18:27:56+08:00][sql] CONNECT:[ UseTime:0.126310s ] mysql:host=88.218.194.8;port=3306;dbname=webqrcode;charset=utf8mb4
[2023-02-16T18:27:56+08:00][sql] SHOW FULL COLUMNS FROM `wk_setting` [ RunTime:0.091620s ]
[2023-02-16T18:27:56+08:00][sql] SELECT `key` FROM `wk_setting` WHERE  `key` = 'api_key'  AND `str_val` = 'MTIzcXdlIUAj' LIMIT 1 [ RunTime:0.083507s ]
[2023-02-16T18:27:56+08:00][sql] SHOW FULL COLUMNS FROM `wk_record` [ RunTime:0.090039s ]
[2023-02-16T18:27:56+08:00][sql] SELECT COUNT(*) AS think_count FROM `wk_record` WHERE  `status` = 1  AND `uin` = '1688850353288494'  AND `add_time` BETWEEN '2023-02-16 00:00:00' AND '2023-02-16 23:59:59' LIMIT 1 [ RunTime:0.125440s ]
[2023-02-16T18:40:53+08:00][sql] CONNECT:[ UseTime:0.138287s ] mysql:host=88.218.194.8;port=3306;dbname=webqrcode;charset=utf8mb4
[2023-02-16T18:40:53+08:00][sql] SHOW FULL COLUMNS FROM `wk_setting` [ RunTime:0.093805s ]
[2023-02-16T18:40:53+08:00][sql] SELECT `key` FROM `wk_setting` WHERE  `key` = 'api_key'  AND `str_val` = 'MTIzcXdlIUAj' LIMIT 1 [ RunTime:0.106056s ]
[2023-02-16T18:40:53+08:00][sql] SHOW FULL COLUMNS FROM `wk_manager` [ RunTime:0.100301s ]
[2023-02-16T18:40:53+08:00][sql] SELECT `id`,`username`,`enable` FROM `wk_manager` WHERE  `username` = 'zhizun'  AND `password` = '18654b2cd47d004109ca5ee404e002a3' LIMIT 1 [ RunTime:0.095158s ]
[2023-02-16T18:40:53+08:00][sql] UPDATE `wk_manager`  SET `relogin` = 0  WHERE  `id` = 1 [ RunTime:0.091640s ]
[2023-02-16T18:40:57+08:00][sql] CONNECT:[ UseTime:0.138612s ] mysql:host=88.218.194.8;port=3306;dbname=webqrcode;charset=utf8mb4
[2023-02-16T18:40:57+08:00][sql] SHOW FULL COLUMNS FROM `wk_setting` [ RunTime:0.095918s ]
[2023-02-16T18:40:57+08:00][sql] SELECT `key` FROM `wk_setting` WHERE  `key` = 'api_key'  AND `str_val` = 'MTIzcXdlIUAj' LIMIT 1 [ RunTime:0.094840s ]
[2023-02-16T18:40:57+08:00][sql] SHOW FULL COLUMNS FROM `wk_record` [ RunTime:0.093978s ]
[2023-02-16T18:40:57+08:00][sql] SELECT COUNT(*) AS think_count FROM `wk_record` WHERE  `uin` = '1688850353288494'  AND `add_time` BETWEEN '2023-02-16 00:00:00' AND '2023-02-16 23:59:59' LIMIT 1 [ RunTime:0.140642s ]
[2023-02-16T18:40:58+08:00][sql] CONNECT:[ UseTime:0.141208s ] mysql:host=88.218.194.8;port=3306;dbname=webqrcode;charset=utf8mb4
[2023-02-16T18:40:58+08:00][sql] SHOW FULL COLUMNS FROM `wk_setting` [ RunTime:0.095609s ]
[2023-02-16T18:40:58+08:00][sql] SELECT `key` FROM `wk_setting` WHERE  `key` = 'api_key'  AND `str_val` = 'MTIzcXdlIUAj' LIMIT 1 [ RunTime:0.081821s ]
[2023-02-16T18:40:58+08:00][sql] SHOW FULL COLUMNS FROM `wk_record` [ RunTime:0.085083s ]
[2023-02-16T18:40:58+08:00][sql] SELECT COUNT(*) AS think_count FROM `wk_record` WHERE  `status` = 1  AND `uin` = '1688850353288494'  AND `add_time` BETWEEN '2023-02-16 00:00:00' AND '2023-02-16 23:59:59' LIMIT 1 [ RunTime:0.132674s ]
[2023-02-16T18:41:32+08:00][sql] CONNECT:[ UseTime:0.134355s ] mysql:host=88.218.194.8;port=3306;dbname=webqrcode;charset=utf8mb4
[2023-02-16T18:41:32+08:00][sql] SHOW FULL COLUMNS FROM `wk_setting` [ RunTime:0.082023s ]
[2023-02-16T18:41:32+08:00][sql] SELECT `key` FROM `wk_setting` WHERE  `key` = 'api_key'  AND `str_val` = 'MTIzcXdlIUAj' LIMIT 1 [ RunTime:0.084221s ]
[2023-02-16T18:41:32+08:00][sql] SHOW FULL COLUMNS FROM `wk_manager` [ RunTime:0.081424s ]
[2023-02-16T18:41:32+08:00][sql] SELECT `id`,`username`,`enable` FROM `wk_manager` WHERE  `username` = 'zhizun'  AND `password` = '18654b2cd47d004109ca5ee404e002a3' LIMIT 1 [ RunTime:0.078008s ]
[2023-02-16T18:41:32+08:00][sql] UPDATE `wk_manager`  SET `relogin` = 0  WHERE  `id` = 1 [ RunTime:0.085631s ]
[2023-02-16T18:41:34+08:00][sql] CONNECT:[ UseTime:0.124706s ] mysql:host=88.218.194.8;port=3306;dbname=webqrcode;charset=utf8mb4
[2023-02-16T18:41:34+08:00][sql] SHOW FULL COLUMNS FROM `wk_setting` [ RunTime:0.091237s ]
[2023-02-16T18:41:34+08:00][sql] SELECT `key` FROM `wk_setting` WHERE  `key` = 'api_key'  AND `str_val` = 'MTIzcXdlIUAj' LIMIT 1 [ RunTime:0.083390s ]
[2023-02-16T18:41:34+08:00][sql] SHOW FULL COLUMNS FROM `wk_record` [ RunTime:0.085173s ]
[2023-02-16T18:41:34+08:00][sql] SELECT COUNT(*) AS think_count FROM `wk_record` WHERE  `uin` = '1688850353288494'  AND `add_time` BETWEEN '2023-02-16 00:00:00' AND '2023-02-16 23:59:59' LIMIT 1 [ RunTime:0.137736s ]
[2023-02-16T18:41:35+08:00][sql] CONNECT:[ UseTime:0.139836s ] mysql:host=88.218.194.8;port=3306;dbname=webqrcode;charset=utf8mb4
[2023-02-16T18:41:35+08:00][sql] SHOW FULL COLUMNS FROM `wk_setting` [ RunTime:0.087848s ]
[2023-02-16T18:41:35+08:00][sql] SELECT `key` FROM `wk_setting` WHERE  `key` = 'api_key'  AND `str_val` = 'MTIzcXdlIUAj' LIMIT 1 [ RunTime:0.081752s ]
[2023-02-16T18:41:35+08:00][sql] SHOW FULL COLUMNS FROM `wk_record` [ RunTime:0.083902s ]
[2023-02-16T18:41:35+08:00][sql] SELECT COUNT(*) AS think_count FROM `wk_record` WHERE  `status` = 1  AND `uin` = '1688850353288494'  AND `add_time` BETWEEN '2023-02-16 00:00:00' AND '2023-02-16 23:59:59' LIMIT 1 [ RunTime:0.144434s ]
[2023-02-16T18:42:13+08:00][sql] CONNECT:[ UseTime:0.111116s ] mysql:host=88.218.194.8;port=3306;dbname=webqrcode;charset=utf8mb4
[2023-02-16T18:42:13+08:00][sql] SHOW FULL COLUMNS FROM `wk_setting` [ RunTime:0.077260s ]
[2023-02-16T18:42:13+08:00][sql] SELECT `key` FROM `wk_setting` WHERE  `key` = 'api_key'  AND `str_val` = 'MTIzcXdlIUAj' LIMIT 1 [ RunTime:0.075463s ]
[2023-02-16T18:42:13+08:00][sql] SHOW FULL COLUMNS FROM `wk_manager` [ RunTime:0.078038s ]
[2023-02-16T18:42:13+08:00][sql] SELECT `id`,`username`,`enable` FROM `wk_manager` WHERE  `username` = 'zhizun'  AND `password` = '18654b2cd47d004109ca5ee404e002a3' LIMIT 1 [ RunTime:0.073723s ]
[2023-02-16T18:42:13+08:00][sql] UPDATE `wk_manager`  SET `relogin` = 0  WHERE  `id` = 1 [ RunTime:0.074531s ]
[2023-02-16T18:42:16+08:00][sql] CONNECT:[ UseTime:0.138066s ] mysql:host=88.218.194.8;port=3306;dbname=webqrcode;charset=utf8mb4
[2023-02-16T18:42:16+08:00][sql] SHOW FULL COLUMNS FROM `wk_setting` [ RunTime:0.099621s ]
[2023-02-16T18:42:16+08:00][sql] SELECT `key` FROM `wk_setting` WHERE  `key` = 'api_key'  AND `str_val` = 'MTIzcXdlIUAj' LIMIT 1 [ RunTime:0.091381s ]
[2023-02-16T18:42:16+08:00][sql] SHOW FULL COLUMNS FROM `wk_record` [ RunTime:0.089747s ]
[2023-02-16T18:42:16+08:00][sql] SELECT COUNT(*) AS think_count FROM `wk_record` WHERE  `uin` = '1688850353288494'  AND `add_time` BETWEEN '2023-02-16 00:00:00' AND '2023-02-16 23:59:59' LIMIT 1 [ RunTime:0.161454s ]
[2023-02-16T18:42:17+08:00][sql] CONNECT:[ UseTime:0.138324s ] mysql:host=88.218.194.8;port=3306;dbname=webqrcode;charset=utf8mb4
[2023-02-16T18:42:17+08:00][sql] SHOW FULL COLUMNS FROM `wk_setting` [ RunTime:0.089626s ]
[2023-02-16T18:42:17+08:00][sql] SELECT `key` FROM `wk_setting` WHERE  `key` = 'api_key'  AND `str_val` = 'MTIzcXdlIUAj' LIMIT 1 [ RunTime:0.091212s ]
[2023-02-16T18:42:17+08:00][sql] SHOW FULL COLUMNS FROM `wk_record` [ RunTime:0.088626s ]
[2023-02-16T18:42:17+08:00][sql] SELECT COUNT(*) AS think_count FROM `wk_record` WHERE  `status` = 1  AND `uin` = '1688850353288494'  AND `add_time` BETWEEN '2023-02-16 00:00:00' AND '2023-02-16 23:59:59' LIMIT 1 [ RunTime:0.152710s ]
[2023-02-16T19:22:41+08:00][sql] CONNECT:[ UseTime:0.142624s ] mysql:host=88.218.194.8;port=3306;dbname=webqrcode;charset=utf8mb4
[2023-02-16T19:22:41+08:00][sql] SHOW FULL COLUMNS FROM `wk_setting` [ RunTime:0.106038s ]
[2023-02-16T19:22:41+08:00][sql] SELECT `key` FROM `wk_setting` WHERE  `key` = 'api_key'  AND `str_val` = 'MTIzcXdlIUAj' LIMIT 1 [ RunTime:0.094061s ]
[2023-02-16T19:22:41+08:00][sql] SHOW FULL COLUMNS FROM `wk_manager` [ RunTime:0.099592s ]
[2023-02-16T19:22:41+08:00][sql] SELECT `id`,`username`,`enable` FROM `wk_manager` WHERE  `username` = 'zhizun'  AND `password` = '18654b2cd47d004109ca5ee404e002a3' LIMIT 1 [ RunTime:0.099674s ]
[2023-02-16T19:22:41+08:00][sql] UPDATE `wk_manager`  SET `relogin` = 0  WHERE  `id` = 1 [ RunTime:0.092474s ]
[2023-02-16T19:23:09+08:00][sql] CONNECT:[ UseTime:0.159162s ] mysql:host=88.218.194.8;port=3306;dbname=webqrcode;charset=utf8mb4
[2023-02-16T19:23:09+08:00][sql] SHOW FULL COLUMNS FROM `wk_setting` [ RunTime:0.086764s ]
[2023-02-16T19:23:09+08:00][sql] SELECT `key` FROM `wk_setting` WHERE  `key` = 'api_key'  AND `str_val` = 'MTIzcXdlIUAj' LIMIT 1 [ RunTime:0.077940s ]
[2023-02-16T19:23:09+08:00][sql] SHOW FULL COLUMNS FROM `wk_manager` [ RunTime:0.079893s ]
[2023-02-16T19:23:09+08:00][sql] SELECT `id`,`username`,`enable` FROM `wk_manager` WHERE  `username` = 'zhizun'  AND `password` = '18654b2cd47d004109ca5ee404e002a3' LIMIT 1 [ RunTime:0.077694s ]
[2023-02-16T19:23:09+08:00][sql] UPDATE `wk_manager`  SET `relogin` = 0  WHERE  `id` = 1 [ RunTime:0.081286s ]
[2023-02-16T19:38:04+08:00][sql] CONNECT:[ UseTime:0.133530s ] mysql:host=88.218.194.8;port=3306;dbname=webqrcode;charset=utf8mb4
[2023-02-16T19:38:04+08:00][sql] SHOW FULL COLUMNS FROM `wk_setting` [ RunTime:0.107810s ]
[2023-02-16T19:38:04+08:00][sql] SELECT `key` FROM `wk_setting` WHERE  `key` = 'api_key'  AND `str_val` = 'MTIzcXdlIUAj' LIMIT 1 [ RunTime:0.103280s ]
[2023-02-16T19:38:04+08:00][sql] SHOW FULL COLUMNS FROM `wk_record` [ RunTime:0.093624s ]
[2023-02-16T19:38:04+08:00][sql] SELECT COUNT(*) AS think_count FROM `wk_record` WHERE  `uin` = '1688850353288494'  AND `add_time` BETWEEN '2023-02-16 00:00:00' AND '2023-02-16 23:59:59' LIMIT 1 [ RunTime:0.170103s ]
[2023-02-16T19:38:05+08:00][sql] CONNECT:[ UseTime:0.129366s ] mysql:host=88.218.194.8;port=3306;dbname=webqrcode;charset=utf8mb4
[2023-02-16T19:38:05+08:00][sql] SHOW FULL COLUMNS FROM `wk_setting` [ RunTime:0.091033s ]
[2023-02-16T19:38:05+08:00][sql] SELECT `key` FROM `wk_setting` WHERE  `key` = 'api_key'  AND `str_val` = 'MTIzcXdlIUAj' LIMIT 1 [ RunTime:0.094971s ]
[2023-02-16T19:38:05+08:00][sql] SHOW FULL COLUMNS FROM `wk_record` [ RunTime:0.097396s ]
[2023-02-16T19:38:05+08:00][sql] SELECT COUNT(*) AS think_count FROM `wk_record` WHERE  `status` = 1  AND `uin` = '1688850353288494'  AND `add_time` BETWEEN '2023-02-16 00:00:00' AND '2023-02-16 23:59:59' LIMIT 1 [ RunTime:0.176585s ]
[2023-02-16T19:51:10+08:00][sql] CONNECT:[ UseTime:0.128672s ] mysql:host=88.218.194.8;port=3306;dbname=webqrcode;charset=utf8mb4
[2023-02-16T19:51:10+08:00][sql] SHOW FULL COLUMNS FROM `wk_setting` [ RunTime:0.092903s ]
[2023-02-16T19:51:10+08:00][sql] SELECT `key` FROM `wk_setting` WHERE  `key` = 'api_key'  AND `str_val` = 'MTIzcXdlIUAj' LIMIT 1 [ RunTime:0.087392s ]
[2023-02-16T19:51:10+08:00][sql] SHOW FULL COLUMNS FROM `wk_manager` [ RunTime:0.098313s ]
[2023-02-16T19:51:10+08:00][sql] SELECT `id`,`username`,`enable` FROM `wk_manager` WHERE  `username` = 'zhizun'  AND `password` = '18654b2cd47d004109ca5ee404e002a3' LIMIT 1 [ RunTime:0.096715s ]
[2023-02-16T19:51:10+08:00][sql] UPDATE `wk_manager`  SET `relogin` = 0  WHERE  `id` = 1 [ RunTime:0.094917s ]
[2023-02-16T19:51:18+08:00][sql] CONNECT:[ UseTime:0.143929s ] mysql:host=88.218.194.8;port=3306;dbname=webqrcode;charset=utf8mb4
[2023-02-16T19:51:18+08:00][sql] SHOW FULL COLUMNS FROM `wk_setting` [ RunTime:0.099638s ]
[2023-02-16T19:51:18+08:00][sql] SELECT `key` FROM `wk_setting` WHERE  `key` = 'api_key'  AND `str_val` = 'MTIzcXdlIUAj' LIMIT 1 [ RunTime:0.094620s ]
[2023-02-16T19:51:18+08:00][sql] SHOW FULL COLUMNS FROM `wk_record` [ RunTime:0.098859s ]
[2023-02-16T19:51:18+08:00][sql] SELECT COUNT(*) AS think_count FROM `wk_record` WHERE  `uin` = '1688850353288494'  AND `add_time` BETWEEN '2023-02-16 00:00:00' AND '2023-02-16 23:59:59' LIMIT 1 [ RunTime:0.162459s ]
[2023-02-16T19:51:18+08:00][sql] CONNECT:[ UseTime:0.142302s ] mysql:host=88.218.194.8;port=3306;dbname=webqrcode;charset=utf8mb4
[2023-02-16T19:51:18+08:00][sql] SHOW FULL COLUMNS FROM `wk_setting` [ RunTime:0.090151s ]
[2023-02-16T19:51:18+08:00][sql] SELECT `key` FROM `wk_setting` WHERE  `key` = 'api_key'  AND `str_val` = 'MTIzcXdlIUAj' LIMIT 1 [ RunTime:0.087776s ]
[2023-02-16T19:51:18+08:00][sql] SHOW FULL COLUMNS FROM `wk_record` [ RunTime:0.089965s ]
[2023-02-16T19:51:18+08:00][sql] SELECT COUNT(*) AS think_count FROM `wk_record` WHERE  `status` = 1  AND `uin` = '1688850353288494'  AND `add_time` BETWEEN '2023-02-16 00:00:00' AND '2023-02-16 23:59:59' LIMIT 1 [ RunTime:0.137759s ]
[2023-02-16T20:03:26+08:00][sql] CONNECT:[ UseTime:0.147701s ] mysql:host=88.218.194.8;port=3306;dbname=webqrcode;charset=utf8mb4
[2023-02-16T20:03:26+08:00][sql] SHOW FULL COLUMNS FROM `wk_setting` [ RunTime:0.098267s ]
[2023-02-16T20:03:26+08:00][sql] SELECT `key` FROM `wk_setting` WHERE  `key` = 'api_key'  AND `str_val` = 'MTIzcXdlIUAj' LIMIT 1 [ RunTime:0.094524s ]
[2023-02-16T20:03:26+08:00][sql] SHOW FULL COLUMNS FROM `wk_manager` [ RunTime:0.096886s ]
[2023-02-16T20:03:26+08:00][sql] SELECT `id`,`username`,`enable` FROM `wk_manager` WHERE  `username` = 'zhizun'  AND `password` = '18654b2cd47d004109ca5ee404e002a3' LIMIT 1 [ RunTime:0.100262s ]
[2023-02-16T20:03:26+08:00][sql] UPDATE `wk_manager`  SET `relogin` = 0  WHERE  `id` = 1 [ RunTime:0.095927s ]
[2023-02-16T20:03:35+08:00][sql] CONNECT:[ UseTime:0.111676s ] mysql:host=88.218.194.8;port=3306;dbname=webqrcode;charset=utf8mb4
[2023-02-16T20:03:35+08:00][sql] SHOW FULL COLUMNS FROM `wk_setting` [ RunTime:0.094390s ]
[2023-02-16T20:03:35+08:00][sql] SELECT `key` FROM `wk_setting` WHERE  `key` = 'api_key'  AND `str_val` = 'MTIzcXdlIUAj' LIMIT 1 [ RunTime:0.075517s ]
[2023-02-16T20:03:35+08:00][sql] SHOW FULL COLUMNS FROM `wk_record` [ RunTime:0.086351s ]
[2023-02-16T20:03:35+08:00][sql] SELECT COUNT(*) AS think_count FROM `wk_record` WHERE  `uin` = '1688850353288494'  AND `add_time` BETWEEN '2023-02-16 00:00:00' AND '2023-02-16 23:59:59' LIMIT 1 [ RunTime:0.131227s ]
[2023-02-16T20:03:35+08:00][sql] CONNECT:[ UseTime:0.137494s ] mysql:host=88.218.194.8;port=3306;dbname=webqrcode;charset=utf8mb4
[2023-02-16T20:03:35+08:00][sql] SHOW FULL COLUMNS FROM `wk_setting` [ RunTime:0.094924s ]
[2023-02-16T20:03:35+08:00][sql] SELECT `key` FROM `wk_setting` WHERE  `key` = 'api_key'  AND `str_val` = 'MTIzcXdlIUAj' LIMIT 1 [ RunTime:0.093050s ]
[2023-02-16T20:03:35+08:00][sql] SHOW FULL COLUMNS FROM `wk_record` [ RunTime:0.089459s ]
[2023-02-16T20:03:35+08:00][sql] SELECT COUNT(*) AS think_count FROM `wk_record` WHERE  `status` = 1  AND `uin` = '1688850353288494'  AND `add_time` BETWEEN '2023-02-16 00:00:00' AND '2023-02-16 23:59:59' LIMIT 1 [ RunTime:0.155855s ]
[2023-02-16T20:09:44+08:00][sql] CONNECT:[ UseTime:0.125674s ] mysql:host=88.218.194.8;port=3306;dbname=webqrcode;charset=utf8mb4
[2023-02-16T20:09:44+08:00][sql] SHOW FULL COLUMNS FROM `wk_setting` [ RunTime:0.085838s ]
[2023-02-16T20:09:44+08:00][sql] SELECT `key` FROM `wk_setting` WHERE  `key` = 'api_key'  AND `str_val` = 'MTIzcXdlIUAj' LIMIT 1 [ RunTime:0.080635s ]
[2023-02-16T20:09:44+08:00][sql] SHOW FULL COLUMNS FROM `wk_record` [ RunTime:0.082357s ]
[2023-02-16T20:09:44+08:00][sql] SELECT COUNT(*) AS think_count FROM `wk_record` WHERE  `uin` = '1688850353288494'  AND `add_time` BETWEEN '2023-02-16 00:00:00' AND '2023-02-16 23:59:59' LIMIT 1 [ RunTime:0.170953s ]
[2023-02-16T20:09:44+08:00][sql] CONNECT:[ UseTime:0.135699s ] mysql:host=88.218.194.8;port=3306;dbname=webqrcode;charset=utf8mb4
[2023-02-16T20:09:44+08:00][sql] SHOW FULL COLUMNS FROM `wk_setting` [ RunTime:0.089940s ]
[2023-02-16T20:09:44+08:00][sql] SELECT `key` FROM `wk_setting` WHERE  `key` = 'api_key'  AND `str_val` = 'MTIzcXdlIUAj' LIMIT 1 [ RunTime:0.079674s ]
[2023-02-16T20:09:44+08:00][sql] SHOW FULL COLUMNS FROM `wk_record` [ RunTime:0.084593s ]
[2023-02-16T20:09:44+08:00][sql] SELECT COUNT(*) AS think_count FROM `wk_record` WHERE  `status` = 1  AND `uin` = '1688850353288494'  AND `add_time` BETWEEN '2023-02-16 00:00:00' AND '2023-02-16 23:59:59' LIMIT 1 [ RunTime:0.134405s ]
[2023-02-16T20:15:32+08:00][sql] CONNECT:[ UseTime:0.129786s ] mysql:host=88.218.194.8;port=3306;dbname=webqrcode;charset=utf8mb4
[2023-02-16T20:15:32+08:00][sql] SHOW FULL COLUMNS FROM `wk_setting` [ RunTime:0.102638s ]
[2023-02-16T20:15:32+08:00][sql] SELECT `key` FROM `wk_setting` WHERE  `key` = 'api_key'  AND `str_val` = 'MTIzcXdlIUAj' LIMIT 1 [ RunTime:0.090220s ]
[2023-02-16T20:15:32+08:00][sql] SHOW FULL COLUMNS FROM `wk_manager` [ RunTime:0.086411s ]
[2023-02-16T20:15:32+08:00][sql] SELECT `id`,`username`,`enable` FROM `wk_manager` WHERE  `username` = 'zhizun'  AND `password` = '18654b2cd47d004109ca5ee404e002a3' LIMIT 1 [ RunTime:0.082223s ]
[2023-02-16T20:15:32+08:00][sql] UPDATE `wk_manager`  SET `relogin` = 0  WHERE  `id` = 1 [ RunTime:0.085203s ]
[2023-02-16T20:16:10+08:00][sql] CONNECT:[ UseTime:0.125124s ] mysql:host=88.218.194.8;port=3306;dbname=webqrcode;charset=utf8mb4
[2023-02-16T20:16:10+08:00][sql] SHOW FULL COLUMNS FROM `wk_setting` [ RunTime:0.086430s ]
[2023-02-16T20:16:10+08:00][sql] SELECT `key` FROM `wk_setting` WHERE  `key` = 'api_key'  AND `str_val` = 'MTIzcXdlIUAj' LIMIT 1 [ RunTime:0.084023s ]
[2023-02-16T20:16:10+08:00][sql] SHOW FULL COLUMNS FROM `wk_record` [ RunTime:0.085816s ]
[2023-02-16T20:16:10+08:00][sql] SELECT COUNT(*) AS think_count FROM `wk_record` WHERE  `uin` = '1688850353288494'  AND `add_time` BETWEEN '2023-02-16 00:00:00' AND '2023-02-16 23:59:59' LIMIT 1 [ RunTime:0.140072s ]
[2023-02-16T20:16:11+08:00][sql] CONNECT:[ UseTime:0.138643s ] mysql:host=88.218.194.8;port=3306;dbname=webqrcode;charset=utf8mb4
[2023-02-16T20:16:11+08:00][sql] SHOW FULL COLUMNS FROM `wk_setting` [ RunTime:0.113955s ]
[2023-02-16T20:16:11+08:00][sql] SELECT `key` FROM `wk_setting` WHERE  `key` = 'api_key'  AND `str_val` = 'MTIzcXdlIUAj' LIMIT 1 [ RunTime:0.092377s ]
[2023-02-16T20:16:11+08:00][sql] SHOW FULL COLUMNS FROM `wk_record` [ RunTime:0.108370s ]
[2023-02-16T20:16:11+08:00][sql] SELECT COUNT(*) AS think_count FROM `wk_record` WHERE  `status` = 1  AND `uin` = '1688850353288494'  AND `add_time` BETWEEN '2023-02-16 00:00:00' AND '2023-02-16 23:59:59' LIMIT 1 [ RunTime:0.163383s ]
[2023-02-16T20:20:36+08:00][sql] CONNECT:[ UseTime:0.125374s ] mysql:host=88.218.194.8;port=3306;dbname=webqrcode;charset=utf8mb4
[2023-02-16T20:20:36+08:00][sql] SHOW FULL COLUMNS FROM `wk_setting` [ RunTime:0.086013s ]
[2023-02-16T20:20:36+08:00][sql] SELECT `key` FROM `wk_setting` WHERE  `key` = 'api_key'  AND `str_val` = 'MTIzcXdlIUAj' LIMIT 1 [ RunTime:0.081864s ]
[2023-02-16T20:20:36+08:00][sql] SHOW FULL COLUMNS FROM `wk_manager` [ RunTime:0.084276s ]
[2023-02-16T20:20:36+08:00][sql] SELECT `id`,`username`,`enable` FROM `wk_manager` WHERE  `username` = 'zhizun'  AND `password` = '18654b2cd47d004109ca5ee404e002a3' LIMIT 1 [ RunTime:0.086568s ]
[2023-02-16T20:20:36+08:00][sql] UPDATE `wk_manager`  SET `relogin` = 0  WHERE  `id` = 1 [ RunTime:0.081245s ]
[2023-02-16T20:20:49+08:00][sql] CONNECT:[ UseTime:0.133225s ] mysql:host=88.218.194.8;port=3306;dbname=webqrcode;charset=utf8mb4
[2023-02-16T20:20:49+08:00][sql] SHOW FULL COLUMNS FROM `wk_setting` [ RunTime:0.081394s ]
[2023-02-16T20:20:49+08:00][sql] SELECT `key` FROM `wk_setting` WHERE  `key` = 'api_key'  AND `str_val` = 'MTIzcXdlIUAj' LIMIT 1 [ RunTime:0.079484s ]
[2023-02-16T20:20:49+08:00][sql] SHOW FULL COLUMNS FROM `wk_record` [ RunTime:0.083347s ]
[2023-02-16T20:20:49+08:00][sql] SELECT COUNT(*) AS think_count FROM `wk_record` WHERE  `uin` = '1688850353288494'  AND `add_time` BETWEEN '2023-02-16 00:00:00' AND '2023-02-16 23:59:59' LIMIT 1 [ RunTime:0.181269s ]
[2023-02-16T20:20:50+08:00][sql] CONNECT:[ UseTime:0.151416s ] mysql:host=88.218.194.8;port=3306;dbname=webqrcode;charset=utf8mb4
[2023-02-16T20:20:50+08:00][sql] SHOW FULL COLUMNS FROM `wk_setting` [ RunTime:0.101912s ]
[2023-02-16T20:20:50+08:00][sql] SELECT `key` FROM `wk_setting` WHERE  `key` = 'api_key'  AND `str_val` = 'MTIzcXdlIUAj' LIMIT 1 [ RunTime:0.098599s ]
[2023-02-16T20:20:50+08:00][sql] SHOW FULL COLUMNS FROM `wk_record` [ RunTime:0.100442s ]
[2023-02-16T20:20:50+08:00][sql] SELECT COUNT(*) AS think_count FROM `wk_record` WHERE  `status` = 1  AND `uin` = '1688850353288494'  AND `add_time` BETWEEN '2023-02-16 00:00:00' AND '2023-02-16 23:59:59' LIMIT 1 [ RunTime:0.156243s ]
[2023-02-16T20:26:24+08:00][sql] CONNECT:[ UseTime:0.139869s ] mysql:host=88.218.194.8;port=3306;dbname=webqrcode;charset=utf8mb4
[2023-02-16T20:26:24+08:00][sql] SHOW FULL COLUMNS FROM `wk_setting` [ RunTime:0.100607s ]
[2023-02-16T20:26:24+08:00][sql] SELECT `key` FROM `wk_setting` WHERE  `key` = 'api_key'  AND `str_val` = 'MTIzcXdlIUAj' LIMIT 1 [ RunTime:0.087412s ]
[2023-02-16T20:26:24+08:00][sql] SHOW FULL COLUMNS FROM `wk_record` [ RunTime:0.089745s ]
[2023-02-16T20:26:24+08:00][sql] SELECT COUNT(*) AS think_count FROM `wk_record` WHERE  `uin` = '1688850353288494'  AND `add_time` BETWEEN '2023-02-16 00:00:00' AND '2023-02-16 23:59:59' LIMIT 1 [ RunTime:0.172757s ]
[2023-02-16T20:26:24+08:00][sql] CONNECT:[ UseTime:0.148218s ] mysql:host=88.218.194.8;port=3306;dbname=webqrcode;charset=utf8mb4
[2023-02-16T20:26:24+08:00][sql] SHOW FULL COLUMNS FROM `wk_setting` [ RunTime:0.092446s ]
[2023-02-16T20:26:24+08:00][sql] SELECT `key` FROM `wk_setting` WHERE  `key` = 'api_key'  AND `str_val` = 'MTIzcXdlIUAj' LIMIT 1 [ RunTime:0.093391s ]
[2023-02-16T20:26:24+08:00][sql] SHOW FULL COLUMNS FROM `wk_record` [ RunTime:0.094737s ]
[2023-02-16T20:26:24+08:00][sql] SELECT COUNT(*) AS think_count FROM `wk_record` WHERE  `status` = 1  AND `uin` = '1688850353288494'  AND `add_time` BETWEEN '2023-02-16 00:00:00' AND '2023-02-16 23:59:59' LIMIT 1 [ RunTime:0.146127s ]
[2023-02-16T20:31:05+08:00][sql] CONNECT:[ UseTime:0.112271s ] mysql:host=88.218.194.8;port=3306;dbname=webqrcode;charset=utf8mb4
[2023-02-16T20:31:05+08:00][sql] SHOW FULL COLUMNS FROM `wk_setting` [ RunTime:0.079543s ]
[2023-02-16T20:31:05+08:00][sql] SELECT `key` FROM `wk_setting` WHERE  `key` = 'api_key'  AND `str_val` = 'MTIzcXdlIUAj' LIMIT 1 [ RunTime:0.076540s ]
[2023-02-16T20:31:05+08:00][sql] SHOW FULL COLUMNS FROM `wk_manager` [ RunTime:0.087736s ]
[2023-02-16T20:31:05+08:00][sql] SELECT `id`,`username`,`enable` FROM `wk_manager` WHERE  `username` = 'zhizun'  AND `password` = '18654b2cd47d004109ca5ee404e002a3' LIMIT 1 [ RunTime:0.077986s ]
[2023-02-16T20:31:05+08:00][sql] UPDATE `wk_manager`  SET `relogin` = 0  WHERE  `id` = 1 [ RunTime:0.076899s ]
[2023-02-16T20:31:18+08:00][sql] CONNECT:[ UseTime:0.154822s ] mysql:host=88.218.194.8;port=3306;dbname=webqrcode;charset=utf8mb4
[2023-02-16T20:31:18+08:00][sql] SHOW FULL COLUMNS FROM `wk_setting` [ RunTime:0.097929s ]
[2023-02-16T20:31:18+08:00][sql] SELECT `key` FROM `wk_setting` WHERE  `key` = 'api_key'  AND `str_val` = 'MTIzcXdlIUAj' LIMIT 1 [ RunTime:0.097373s ]
[2023-02-16T20:31:18+08:00][sql] SHOW FULL COLUMNS FROM `wk_record` [ RunTime:0.101620s ]
[2023-02-16T20:31:18+08:00][sql] SELECT COUNT(*) AS think_count FROM `wk_record` WHERE  `uin` = '1688850353288494'  AND `add_time` BETWEEN '2023-02-16 00:00:00' AND '2023-02-16 23:59:59' LIMIT 1 [ RunTime:0.164329s ]
[2023-02-16T20:31:18+08:00][sql] CONNECT:[ UseTime:0.129472s ] mysql:host=88.218.194.8;port=3306;dbname=webqrcode;charset=utf8mb4
[2023-02-16T20:31:18+08:00][sql] SHOW FULL COLUMNS FROM `wk_setting` [ RunTime:0.090403s ]
[2023-02-16T20:31:18+08:00][sql] SELECT `key` FROM `wk_setting` WHERE  `key` = 'api_key'  AND `str_val` = 'MTIzcXdlIUAj' LIMIT 1 [ RunTime:0.085593s ]
[2023-02-16T20:31:18+08:00][sql] SHOW FULL COLUMNS FROM `wk_record` [ RunTime:0.086747s ]
[2023-02-16T20:31:18+08:00][sql] SELECT COUNT(*) AS think_count FROM `wk_record` WHERE  `status` = 1  AND `uin` = '1688850353288494'  AND `add_time` BETWEEN '2023-02-16 00:00:00' AND '2023-02-16 23:59:59' LIMIT 1 [ RunTime:0.152830s ]
[2023-02-16T20:33:51+08:00][sql] CONNECT:[ UseTime:0.111788s ] mysql:host=88.218.194.8;port=3306;dbname=webqrcode;charset=utf8mb4
[2023-02-16T20:33:51+08:00][sql] SHOW FULL COLUMNS FROM `wk_setting` [ RunTime:0.082092s ]
[2023-02-16T20:33:51+08:00][sql] SELECT `key` FROM `wk_setting` WHERE  `key` = 'api_key'  AND `str_val` = 'MTIzcXdlIUAj' LIMIT 1 [ RunTime:0.082866s ]
[2023-02-16T20:33:51+08:00][sql] SHOW FULL COLUMNS FROM `wk_manager` [ RunTime:0.078290s ]
[2023-02-16T20:33:51+08:00][sql] SELECT `id`,`username`,`enable` FROM `wk_manager` WHERE  `username` = 'zhizun'  AND `password` = '18654b2cd47d004109ca5ee404e002a3' LIMIT 1 [ RunTime:0.077963s ]
[2023-02-16T20:33:51+08:00][sql] UPDATE `wk_manager`  SET `relogin` = 0  WHERE  `id` = 1 [ RunTime:0.077664s ]
[2023-02-16T20:34:10+08:00][sql] CONNECT:[ UseTime:0.147024s ] mysql:host=88.218.194.8;port=3306;dbname=webqrcode;charset=utf8mb4
[2023-02-16T20:34:10+08:00][sql] SHOW FULL COLUMNS FROM `wk_setting` [ RunTime:0.111195s ]
[2023-02-16T20:34:10+08:00][sql] SELECT `key` FROM `wk_setting` WHERE  `key` = 'api_key'  AND `str_val` = 'MTIzcXdlIUAj' LIMIT 1 [ RunTime:0.094979s ]
[2023-02-16T20:34:10+08:00][sql] SHOW FULL COLUMNS FROM `wk_record` [ RunTime:0.098634s ]
[2023-02-16T20:34:10+08:00][sql] SELECT COUNT(*) AS think_count FROM `wk_record` WHERE  `uin` = '1688850353288494'  AND `add_time` BETWEEN '2023-02-16 00:00:00' AND '2023-02-16 23:59:59' LIMIT 1 [ RunTime:0.189007s ]
[2023-02-16T20:34:10+08:00][sql] CONNECT:[ UseTime:0.121723s ] mysql:host=88.218.194.8;port=3306;dbname=webqrcode;charset=utf8mb4
[2023-02-16T20:34:10+08:00][sql] SHOW FULL COLUMNS FROM `wk_setting` [ RunTime:0.083689s ]
[2023-02-16T20:34:10+08:00][sql] SELECT `key` FROM `wk_setting` WHERE  `key` = 'api_key'  AND `str_val` = 'MTIzcXdlIUAj' LIMIT 1 [ RunTime:0.080445s ]
[2023-02-16T20:34:10+08:00][sql] SHOW FULL COLUMNS FROM `wk_record` [ RunTime:0.086027s ]
[2023-02-16T20:34:10+08:00][sql] SELECT COUNT(*) AS think_count FROM `wk_record` WHERE  `status` = 1  AND `uin` = '1688850353288494'  AND `add_time` BETWEEN '2023-02-16 00:00:00' AND '2023-02-16 23:59:59' LIMIT 1 [ RunTime:0.177283s ]
[2023-02-16T20:35:26+08:00][sql] CONNECT:[ UseTime:0.128799s ] mysql:host=88.218.194.8;port=3306;dbname=webqrcode;charset=utf8mb4
[2023-02-16T20:35:26+08:00][sql] SHOW FULL COLUMNS FROM `wk_setting` [ RunTime:0.085605s ]
[2023-02-16T20:35:26+08:00][sql] SELECT `key` FROM `wk_setting` WHERE  `key` = 'api_key'  AND `str_val` = 'MTIzcXdlIUAj' LIMIT 1 [ RunTime:0.084262s ]
[2023-02-16T20:35:26+08:00][sql] SHOW FULL COLUMNS FROM `wk_manager` [ RunTime:0.087841s ]
[2023-02-16T20:35:26+08:00][sql] SELECT `id`,`username`,`enable` FROM `wk_manager` WHERE  `username` = 'zhizun'  AND `password` = '18654b2cd47d004109ca5ee404e002a3' LIMIT 1 [ RunTime:0.084237s ]
[2023-02-16T20:35:26+08:00][sql] UPDATE `wk_manager`  SET `relogin` = 0  WHERE  `id` = 1 [ RunTime:0.085520s ]
[2023-02-16T20:35:35+08:00][sql] CONNECT:[ UseTime:0.123779s ] mysql:host=88.218.194.8;port=3306;dbname=webqrcode;charset=utf8mb4
[2023-02-16T20:35:35+08:00][sql] SHOW FULL COLUMNS FROM `wk_setting` [ RunTime:0.085842s ]
[2023-02-16T20:35:35+08:00][sql] SELECT `key` FROM `wk_setting` WHERE  `key` = 'api_key'  AND `str_val` = 'MTIzcXdlIUAj' LIMIT 1 [ RunTime:0.082220s ]
[2023-02-16T20:35:35+08:00][sql] SHOW FULL COLUMNS FROM `wk_record` [ RunTime:0.085005s ]
[2023-02-16T20:35:35+08:00][sql] SELECT COUNT(*) AS think_count FROM `wk_record` WHERE  `uin` = '1688850353288494'  AND `add_time` BETWEEN '2023-02-16 00:00:00' AND '2023-02-16 23:59:59' LIMIT 1 [ RunTime:0.148886s ]
[2023-02-16T20:35:35+08:00][sql] CONNECT:[ UseTime:0.122793s ] mysql:host=88.218.194.8;port=3306;dbname=webqrcode;charset=utf8mb4
[2023-02-16T20:35:35+08:00][sql] SHOW FULL COLUMNS FROM `wk_setting` [ RunTime:0.078850s ]
[2023-02-16T20:35:35+08:00][sql] SELECT `key` FROM `wk_setting` WHERE  `key` = 'api_key'  AND `str_val` = 'MTIzcXdlIUAj' LIMIT 1 [ RunTime:0.075498s ]
[2023-02-16T20:35:35+08:00][sql] SHOW FULL COLUMNS FROM `wk_record` [ RunTime:0.078471s ]
[2023-02-16T20:35:35+08:00][sql] SELECT COUNT(*) AS think_count FROM `wk_record` WHERE  `status` = 1  AND `uin` = '1688850353288494'  AND `add_time` BETWEEN '2023-02-16 00:00:00' AND '2023-02-16 23:59:59' LIMIT 1 [ RunTime:0.157246s ]
[2023-02-16T20:37:35+08:00][sql] CONNECT:[ UseTime:0.128803s ] mysql:host=88.218.194.8;port=3306;dbname=webqrcode;charset=utf8mb4
[2023-02-16T20:37:35+08:00][sql] SHOW FULL COLUMNS FROM `wk_setting` [ RunTime:0.089103s ]
[2023-02-16T20:37:35+08:00][sql] SELECT `key` FROM `wk_setting` WHERE  `key` = 'api_key'  AND `str_val` = 'MTIzcXdlIUAj' LIMIT 1 [ RunTime:0.094243s ]
[2023-02-16T20:37:35+08:00][sql] SHOW FULL COLUMNS FROM `wk_manager` [ RunTime:0.089777s ]
[2023-02-16T20:37:35+08:00][sql] SELECT `id`,`username`,`enable` FROM `wk_manager` WHERE  `username` = 'zhizun'  AND `password` = '18654b2cd47d004109ca5ee404e002a3' LIMIT 1 [ RunTime:0.085586s ]
[2023-02-16T20:37:35+08:00][sql] UPDATE `wk_manager`  SET `relogin` = 0  WHERE  `id` = 1 [ RunTime:0.087817s ]
[2023-02-16T20:37:41+08:00][sql] CONNECT:[ UseTime:0.139419s ] mysql:host=88.218.194.8;port=3306;dbname=webqrcode;charset=utf8mb4
[2023-02-16T20:37:41+08:00][sql] SHOW FULL COLUMNS FROM `wk_setting` [ RunTime:0.095943s ]
[2023-02-16T20:37:41+08:00][sql] SELECT `key` FROM `wk_setting` WHERE  `key` = 'api_key'  AND `str_val` = 'MTIzcXdlIUAj' LIMIT 1 [ RunTime:0.091704s ]
[2023-02-16T20:37:41+08:00][sql] SHOW FULL COLUMNS FROM `wk_record` [ RunTime:0.097116s ]
[2023-02-16T20:37:41+08:00][sql] SELECT COUNT(*) AS think_count FROM `wk_record` WHERE  `uin` = '1688850353288494'  AND `add_time` BETWEEN '2023-02-16 00:00:00' AND '2023-02-16 23:59:59' LIMIT 1 [ RunTime:0.188901s ]
[2023-02-16T20:37:42+08:00][sql] CONNECT:[ UseTime:0.116286s ] mysql:host=88.218.194.8;port=3306;dbname=webqrcode;charset=utf8mb4
[2023-02-16T20:37:42+08:00][sql] SHOW FULL COLUMNS FROM `wk_setting` [ RunTime:0.081167s ]
[2023-02-16T20:37:42+08:00][sql] SELECT `key` FROM `wk_setting` WHERE  `key` = 'api_key'  AND `str_val` = 'MTIzcXdlIUAj' LIMIT 1 [ RunTime:0.073649s ]
[2023-02-16T20:37:42+08:00][sql] SHOW FULL COLUMNS FROM `wk_record` [ RunTime:0.077227s ]
[2023-02-16T20:37:42+08:00][sql] SELECT COUNT(*) AS think_count FROM `wk_record` WHERE  `status` = 1  AND `uin` = '1688850353288494'  AND `add_time` BETWEEN '2023-02-16 00:00:00' AND '2023-02-16 23:59:59' LIMIT 1 [ RunTime:0.134093s ]
[2023-02-16T20:47:36+08:00][sql] CONNECT:[ UseTime:0.136112s ] mysql:host=88.218.194.8;port=3306;dbname=webqrcode;charset=utf8mb4
[2023-02-16T20:47:36+08:00][sql] SHOW FULL COLUMNS FROM `wk_setting` [ RunTime:0.092651s ]
[2023-02-16T20:47:36+08:00][sql] SELECT `key` FROM `wk_setting` WHERE  `key` = 'api_key'  AND `str_val` = 'MTIzcXdlIUAj' LIMIT 1 [ RunTime:0.088352s ]
[2023-02-16T20:47:36+08:00][sql] SHOW FULL COLUMNS FROM `wk_record` [ RunTime:0.096632s ]
[2023-02-16T20:47:36+08:00][sql] SELECT COUNT(*) AS think_count FROM `wk_record` WHERE  `uin` = '1688850353288494'  AND `add_time` BETWEEN '2023-02-16 00:00:00' AND '2023-02-16 23:59:59' LIMIT 1 [ RunTime:0.176138s ]
[2023-02-16T20:47:36+08:00][sql] CONNECT:[ UseTime:0.138771s ] mysql:host=88.218.194.8;port=3306;dbname=webqrcode;charset=utf8mb4
[2023-02-16T20:47:36+08:00][sql] SHOW FULL COLUMNS FROM `wk_setting` [ RunTime:0.092356s ]
[2023-02-16T20:47:36+08:00][sql] SELECT `key` FROM `wk_setting` WHERE  `key` = 'api_key'  AND `str_val` = 'MTIzcXdlIUAj' LIMIT 1 [ RunTime:0.089136s ]
[2023-02-16T20:47:36+08:00][sql] SHOW FULL COLUMNS FROM `wk_record` [ RunTime:0.092221s ]
[2023-02-16T20:47:36+08:00][sql] SELECT COUNT(*) AS think_count FROM `wk_record` WHERE  `status` = 1  AND `uin` = '1688850353288494'  AND `add_time` BETWEEN '2023-02-16 00:00:00' AND '2023-02-16 23:59:59' LIMIT 1 [ RunTime:0.152757s ]
[2023-02-16T20:49:37+08:00][sql] CONNECT:[ UseTime:0.139097s ] mysql:host=88.218.194.8;port=3306;dbname=webqrcode;charset=utf8mb4
[2023-02-16T20:49:37+08:00][sql] SHOW FULL COLUMNS FROM `wk_setting` [ RunTime:0.098118s ]
[2023-02-16T20:49:37+08:00][sql] SELECT `key` FROM `wk_setting` WHERE  `key` = 'api_key'  AND `str_val` = 'MTIzcXdlIUAj' LIMIT 1 [ RunTime:0.092979s ]
[2023-02-16T20:49:37+08:00][sql] SHOW FULL COLUMNS FROM `wk_manager` [ RunTime:0.097996s ]
[2023-02-16T20:49:37+08:00][sql] SELECT `id`,`username`,`enable` FROM `wk_manager` WHERE  `username` = 'zhizun'  AND `password` = '18654b2cd47d004109ca5ee404e002a3' LIMIT 1 [ RunTime:0.094038s ]
[2023-02-16T20:49:37+08:00][sql] UPDATE `wk_manager`  SET `relogin` = 0  WHERE  `id` = 1 [ RunTime:0.097066s ]
[2023-02-16T20:49:48+08:00][sql] CONNECT:[ UseTime:0.118135s ] mysql:host=88.218.194.8;port=3306;dbname=webqrcode;charset=utf8mb4
[2023-02-16T20:49:48+08:00][sql] SHOW FULL COLUMNS FROM `wk_setting` [ RunTime:0.084051s ]
[2023-02-16T20:49:48+08:00][sql] SELECT `key` FROM `wk_setting` WHERE  `key` = 'api_key'  AND `str_val` = 'MTIzcXdlIUAj' LIMIT 1 [ RunTime:0.079514s ]
[2023-02-16T20:49:48+08:00][sql] SHOW FULL COLUMNS FROM `wk_record` [ RunTime:0.083411s ]
[2023-02-16T20:49:48+08:00][sql] SELECT COUNT(*) AS think_count FROM `wk_record` WHERE  `uin` = '1688850353288494'  AND `add_time` BETWEEN '2023-02-16 00:00:00' AND '2023-02-16 23:59:59' LIMIT 1 [ RunTime:0.189783s ]
[2023-02-16T20:49:49+08:00][sql] CONNECT:[ UseTime:0.128606s ] mysql:host=88.218.194.8;port=3306;dbname=webqrcode;charset=utf8mb4
[2023-02-16T20:49:49+08:00][sql] SHOW FULL COLUMNS FROM `wk_setting` [ RunTime:0.095640s ]
[2023-02-16T20:49:49+08:00][sql] SELECT `key` FROM `wk_setting` WHERE  `key` = 'api_key'  AND `str_val` = 'MTIzcXdlIUAj' LIMIT 1 [ RunTime:0.082423s ]
[2023-02-16T20:49:49+08:00][sql] SHOW FULL COLUMNS FROM `wk_record` [ RunTime:0.089994s ]
[2023-02-16T20:49:49+08:00][sql] SELECT COUNT(*) AS think_count FROM `wk_record` WHERE  `status` = 1  AND `uin` = '1688850353288494'  AND `add_time` BETWEEN '2023-02-16 00:00:00' AND '2023-02-16 23:59:59' LIMIT 1 [ RunTime:0.163303s ]
[2023-02-16T20:51:36+08:00][sql] CONNECT:[ UseTime:0.123485s ] mysql:host=88.218.194.8;port=3306;dbname=webqrcode;charset=utf8mb4
[2023-02-16T20:51:36+08:00][sql] SHOW FULL COLUMNS FROM `wk_setting` [ RunTime:0.088089s ]
[2023-02-16T20:51:36+08:00][sql] SELECT `key` FROM `wk_setting` WHERE  `key` = 'api_key'  AND `str_val` = 'MTIzcXdlIUAj' LIMIT 1 [ RunTime:0.084766s ]
[2023-02-16T20:51:36+08:00][sql] SHOW FULL COLUMNS FROM `wk_manager` [ RunTime:0.094848s ]
[2023-02-16T20:51:36+08:00][sql] SELECT `id`,`username`,`enable` FROM `wk_manager` WHERE  `username` = 'zhizun'  AND `password` = '18654b2cd47d004109ca5ee404e002a3' LIMIT 1 [ RunTime:0.083606s ]
[2023-02-16T20:51:36+08:00][sql] UPDATE `wk_manager`  SET `relogin` = 0  WHERE  `id` = 1 [ RunTime:0.085683s ]
[2023-02-16T20:52:45+08:00][sql] CONNECT:[ UseTime:0.142431s ] mysql:host=88.218.194.8;port=3306;dbname=webqrcode;charset=utf8mb4
[2023-02-16T20:52:45+08:00][sql] SHOW FULL COLUMNS FROM `wk_setting` [ RunTime:0.097257s ]
[2023-02-16T20:52:45+08:00][sql] SELECT `key` FROM `wk_setting` WHERE  `key` = 'api_key'  AND `str_val` = 'MTIzcXdlIUAj' LIMIT 1 [ RunTime:0.096873s ]
[2023-02-16T20:52:45+08:00][sql] SHOW FULL COLUMNS FROM `wk_manager` [ RunTime:0.097040s ]
[2023-02-16T20:52:45+08:00][sql] SELECT `id`,`username`,`enable` FROM `wk_manager` WHERE  `username` = 'zhizun'  AND `password` = '18654b2cd47d004109ca5ee404e002a3' LIMIT 1 [ RunTime:0.094864s ]
[2023-02-16T20:52:45+08:00][sql] UPDATE `wk_manager`  SET `relogin` = 0  WHERE  `id` = 1 [ RunTime:0.097200s ]
[2023-02-16T20:52:53+08:00][sql] CONNECT:[ UseTime:0.135300s ] mysql:host=88.218.194.8;port=3306;dbname=webqrcode;charset=utf8mb4
[2023-02-16T20:52:53+08:00][sql] SHOW FULL COLUMNS FROM `wk_setting` [ RunTime:0.086010s ]
[2023-02-16T20:52:53+08:00][sql] SELECT `key` FROM `wk_setting` WHERE  `key` = 'api_key'  AND `str_val` = 'MTIzcXdlIUAj' LIMIT 1 [ RunTime:0.082390s ]
[2023-02-16T20:52:53+08:00][sql] SHOW FULL COLUMNS FROM `wk_record` [ RunTime:0.090185s ]
[2023-02-16T20:52:53+08:00][sql] SELECT COUNT(*) AS think_count FROM `wk_record` WHERE  `uin` = '1688850353288494'  AND `add_time` BETWEEN '2023-02-16 00:00:00' AND '2023-02-16 23:59:59' LIMIT 1 [ RunTime:0.164648s ]
[2023-02-16T20:52:54+08:00][sql] CONNECT:[ UseTime:0.117675s ] mysql:host=88.218.194.8;port=3306;dbname=webqrcode;charset=utf8mb4
[2023-02-16T20:52:54+08:00][sql] SHOW FULL COLUMNS FROM `wk_setting` [ RunTime:0.078717s ]
[2023-02-16T20:52:54+08:00][sql] SELECT `key` FROM `wk_setting` WHERE  `key` = 'api_key'  AND `str_val` = 'MTIzcXdlIUAj' LIMIT 1 [ RunTime:0.076977s ]
[2023-02-16T20:52:54+08:00][sql] SHOW FULL COLUMNS FROM `wk_record` [ RunTime:0.077969s ]
[2023-02-16T20:52:54+08:00][sql] SELECT COUNT(*) AS think_count FROM `wk_record` WHERE  `status` = 1  AND `uin` = '1688850353288494'  AND `add_time` BETWEEN '2023-02-16 00:00:00' AND '2023-02-16 23:59:59' LIMIT 1 [ RunTime:0.162228s ]
[2023-02-16T20:54:01+08:00][sql] CONNECT:[ UseTime:0.115181s ] mysql:host=88.218.194.8;port=3306;dbname=webqrcode;charset=utf8mb4
[2023-02-16T20:54:01+08:00][sql] SHOW FULL COLUMNS FROM `wk_setting` [ RunTime:0.080378s ]
[2023-02-16T20:54:01+08:00][sql] SELECT `key` FROM `wk_setting` WHERE  `key` = 'api_key'  AND `str_val` = 'MTIzcXdlIUAj' LIMIT 1 [ RunTime:0.076149s ]
[2023-02-16T20:54:01+08:00][sql] SHOW FULL COLUMNS FROM `wk_manager` [ RunTime:0.090942s ]
[2023-02-16T20:54:01+08:00][sql] SELECT * FROM `wk_manager` WHERE  `id` = 1 LIMIT 1 [ RunTime:0.077131s ]
[2023-02-16T20:54:01+08:00][sql] SHOW FULL COLUMNS FROM `wk_entrance` [ RunTime:0.080649s ]
[2023-02-16T20:54:01+08:00][sql] SHOW FULL COLUMNS FROM `wk_provider` [ RunTime:0.080452s ]
[2023-02-16T20:54:01+08:00][sql] SELECT `id`,`qr`,`name`,`members`,`room_id`,`joinable_wc`,`status` FROM `wk_entrance` WHERE  `provider_id` IN (SELECT `id` FROM `wk_provider` WHERE  `manager_id` = 1)  AND `get_time` <  1676465641  AND `joinable_wc` IN (0,1)  AND `expire_date` >= NOW() ORDER BY `joinable_wc` ASC LIMIT 1 [ RunTime:0.199178s ]
[2023-02-16T20:54:02+08:00][sql] CONNECT:[ UseTime:0.131704s ] mysql:host=88.218.194.8;port=3306;dbname=webqrcode;charset=utf8mb4
[2023-02-16T20:54:02+08:00][sql] SHOW FULL COLUMNS FROM `wk_setting` [ RunTime:0.088544s ]
[2023-02-16T20:54:02+08:00][sql] SELECT `key` FROM `wk_setting` WHERE  `key` = 'api_key'  AND `str_val` = 'MTIzcXdlIUAj' LIMIT 1 [ RunTime:0.103515s ]
[2023-02-16T20:54:02+08:00][sql] SHOW FULL COLUMNS FROM `wk_manager` [ RunTime:0.088561s ]
[2023-02-16T20:54:02+08:00][sql] SELECT * FROM `wk_manager` WHERE  `id` = 1 LIMIT 1 [ RunTime:0.086534s ]
[2023-02-16T20:54:02+08:00][sql] SHOW FULL COLUMNS FROM `wk_entrance` [ RunTime:0.089492s ]
[2023-02-16T20:54:02+08:00][sql] SHOW FULL COLUMNS FROM `wk_provider` [ RunTime:0.088488s ]
[2023-02-16T20:54:02+08:00][sql] SELECT `id`,`qr`,`name`,`members`,`room_id`,`joinable_wc`,`status` FROM `wk_entrance` WHERE  `provider_id` IN (SELECT `id` FROM `wk_provider` WHERE  `manager_id` = 1)  AND `get_time` <  1676465642  AND `joinable_wc` IN (0,1)  AND `expire_date` >= NOW() ORDER BY `joinable_wc` ASC LIMIT 1 [ RunTime:0.192941s ]
[2023-02-16T20:54:03+08:00][sql] CONNECT:[ UseTime:0.125886s ] mysql:host=88.218.194.8;port=3306;dbname=webqrcode;charset=utf8mb4
[2023-02-16T20:54:03+08:00][sql] SHOW FULL COLUMNS FROM `wk_setting` [ RunTime:0.086806s ]
[2023-02-16T20:54:03+08:00][sql] SELECT `key` FROM `wk_setting` WHERE  `key` = 'api_key'  AND `str_val` = 'MTIzcXdlIUAj' LIMIT 1 [ RunTime:0.089949s ]
[2023-02-16T20:54:03+08:00][sql] SHOW FULL COLUMNS FROM `wk_manager` [ RunTime:0.087419s ]
[2023-02-16T20:54:03+08:00][sql] SELECT * FROM `wk_manager` WHERE  `id` = 1 LIMIT 1 [ RunTime:0.085125s ]
[2023-02-16T20:54:03+08:00][sql] SHOW FULL COLUMNS FROM `wk_entrance` [ RunTime:0.094634s ]
[2023-02-16T20:54:03+08:00][sql] SHOW FULL COLUMNS FROM `wk_provider` [ RunTime:0.093770s ]
[2023-02-16T20:54:03+08:00][sql] SELECT `id`,`qr`,`name`,`members`,`room_id`,`joinable_wc`,`status` FROM `wk_entrance` WHERE  `provider_id` IN (SELECT `id` FROM `wk_provider` WHERE  `manager_id` = 1)  AND `get_time` <  1676465643  AND `joinable_wc` IN (0,1)  AND `expire_date` >= NOW() ORDER BY `joinable_wc` ASC LIMIT 1 [ RunTime:0.185191s ]
[2023-02-16T20:54:04+08:00][sql] CONNECT:[ UseTime:0.125871s ] mysql:host=88.218.194.8;port=3306;dbname=webqrcode;charset=utf8mb4
[2023-02-16T20:54:04+08:00][sql] SHOW FULL COLUMNS FROM `wk_setting` [ RunTime:0.086934s ]
[2023-02-16T20:54:04+08:00][sql] SELECT `key` FROM `wk_setting` WHERE  `key` = 'api_key'  AND `str_val` = 'MTIzcXdlIUAj' LIMIT 1 [ RunTime:0.085822s ]
[2023-02-16T20:54:04+08:00][sql] SHOW FULL COLUMNS FROM `wk_manager` [ RunTime:0.085920s ]
[2023-02-16T20:54:04+08:00][sql] SELECT * FROM `wk_manager` WHERE  `id` = 1 LIMIT 1 [ RunTime:0.097422s ]
[2023-02-16T20:54:04+08:00][sql] SHOW FULL COLUMNS FROM `wk_entrance` [ RunTime:0.086667s ]
[2023-02-16T20:54:04+08:00][sql] SHOW FULL COLUMNS FROM `wk_provider` [ RunTime:0.086145s ]
[2023-02-16T20:54:04+08:00][sql] SELECT `id`,`qr`,`name`,`members`,`room_id`,`joinable_wc`,`status` FROM `wk_entrance` WHERE  `provider_id` IN (SELECT `id` FROM `wk_provider` WHERE  `manager_id` = 1)  AND `get_time` <  1676465644  AND `joinable_wc` IN (0,1)  AND `expire_date` >= NOW() ORDER BY `joinable_wc` ASC LIMIT 1 [ RunTime:0.194159s ]
[2023-02-16T20:56:04+08:00][sql] CONNECT:[ UseTime:0.135451s ] mysql:host=88.218.194.8;port=3306;dbname=webqrcode;charset=utf8mb4
[2023-02-16T20:56:04+08:00][sql] SHOW FULL COLUMNS FROM `wk_setting` [ RunTime:0.094093s ]
[2023-02-16T20:56:04+08:00][sql] SELECT `key` FROM `wk_setting` WHERE  `key` = 'api_key'  AND `str_val` = 'MTIzcXdlIUAj' LIMIT 1 [ RunTime:0.086484s ]
[2023-02-16T20:56:04+08:00][sql] SHOW FULL COLUMNS FROM `wk_manager` [ RunTime:0.089422s ]
[2023-02-16T20:56:04+08:00][sql] SELECT * FROM `wk_manager` WHERE  `id` = 1 LIMIT 1 [ RunTime:0.086185s ]
[2023-02-16T20:56:04+08:00][sql] SHOW FULL COLUMNS FROM `wk_entrance` [ RunTime:0.093056s ]
[2023-02-16T20:56:04+08:00][sql] SHOW FULL COLUMNS FROM `wk_provider` [ RunTime:0.089732s ]
[2023-02-16T20:56:04+08:00][sql] SELECT `id`,`qr`,`name`,`members`,`room_id`,`joinable_wc`,`status` FROM `wk_entrance` WHERE  `provider_id` IN (SELECT `id` FROM `wk_provider` WHERE  `manager_id` = 1)  AND `get_time` <  1676465764  AND `joinable_wc` IN (0,1)  AND `expire_date` >= NOW() ORDER BY `joinable_wc` ASC LIMIT 1 [ RunTime:0.172527s ]
[2023-02-16T20:56:05+08:00][sql] CONNECT:[ UseTime:0.132295s ] mysql:host=88.218.194.8;port=3306;dbname=webqrcode;charset=utf8mb4
[2023-02-16T20:56:05+08:00][sql] SHOW FULL COLUMNS FROM `wk_setting` [ RunTime:0.091548s ]
[2023-02-16T20:56:05+08:00][sql] SELECT `key` FROM `wk_setting` WHERE  `key` = 'api_key'  AND `str_val` = 'MTIzcXdlIUAj' LIMIT 1 [ RunTime:0.089325s ]
[2023-02-16T20:56:05+08:00][sql] SHOW FULL COLUMNS FROM `wk_manager` [ RunTime:0.092027s ]
[2023-02-16T20:56:05+08:00][sql] SELECT * FROM `wk_manager` WHERE  `id` = 1 LIMIT 1 [ RunTime:0.088626s ]
[2023-02-16T20:56:05+08:00][sql] SHOW FULL COLUMNS FROM `wk_entrance` [ RunTime:0.091140s ]
[2023-02-16T20:56:05+08:00][sql] SHOW FULL COLUMNS FROM `wk_provider` [ RunTime:0.095243s ]
[2023-02-16T20:56:05+08:00][sql] SELECT `id`,`qr`,`name`,`members`,`room_id`,`joinable_wc`,`status` FROM `wk_entrance` WHERE  `provider_id` IN (SELECT `id` FROM `wk_provider` WHERE  `manager_id` = 1)  AND `get_time` <  1676465765  AND `joinable_wc` IN (0,1)  AND `expire_date` >= NOW() ORDER BY `joinable_wc` ASC LIMIT 1 [ RunTime:0.194344s ]
[2023-02-16T20:56:06+08:00][sql] CONNECT:[ UseTime:0.141230s ] mysql:host=88.218.194.8;port=3306;dbname=webqrcode;charset=utf8mb4
[2023-02-16T20:56:06+08:00][sql] SHOW FULL COLUMNS FROM `wk_setting` [ RunTime:0.105698s ]
[2023-02-16T20:56:06+08:00][sql] SELECT `key` FROM `wk_setting` WHERE  `key` = 'api_key'  AND `str_val` = 'MTIzcXdlIUAj' LIMIT 1 [ RunTime:0.093007s ]
[2023-02-16T20:56:06+08:00][sql] SHOW FULL COLUMNS FROM `wk_manager` [ RunTime:0.098115s ]
[2023-02-16T20:56:06+08:00][sql] SELECT * FROM `wk_manager` WHERE  `id` = 1 LIMIT 1 [ RunTime:0.090917s ]
[2023-02-16T20:56:06+08:00][sql] SHOW FULL COLUMNS FROM `wk_entrance` [ RunTime:0.094476s ]
[2023-02-16T20:56:06+08:00][sql] SHOW FULL COLUMNS FROM `wk_provider` [ RunTime:0.094614s ]
[2023-02-16T20:56:06+08:00][sql] SELECT `id`,`qr`,`name`,`members`,`room_id`,`joinable_wc`,`status` FROM `wk_entrance` WHERE  `provider_id` IN (SELECT `id` FROM `wk_provider` WHERE  `manager_id` = 1)  AND `get_time` <  1676465766  AND `joinable_wc` IN (0,1)  AND `expire_date` >= NOW() ORDER BY `joinable_wc` ASC LIMIT 1 [ RunTime:0.188532s ]
[2023-02-16T20:56:07+08:00][sql] CONNECT:[ UseTime:0.126657s ] mysql:host=88.218.194.8;port=3306;dbname=webqrcode;charset=utf8mb4
[2023-02-16T20:56:07+08:00][sql] SHOW FULL COLUMNS FROM `wk_setting` [ RunTime:0.095547s ]
[2023-02-16T20:56:07+08:00][sql] SELECT `key` FROM `wk_setting` WHERE  `key` = 'api_key'  AND `str_val` = 'MTIzcXdlIUAj' LIMIT 1 [ RunTime:0.084991s ]
[2023-02-16T20:56:07+08:00][sql] SHOW FULL COLUMNS FROM `wk_manager` [ RunTime:0.087480s ]
[2023-02-16T20:56:07+08:00][sql] SELECT * FROM `wk_manager` WHERE  `id` = 1 LIMIT 1 [ RunTime:0.084606s ]
[2023-02-16T20:56:07+08:00][sql] SHOW FULL COLUMNS FROM `wk_entrance` [ RunTime:0.088498s ]
[2023-02-16T20:56:07+08:00][sql] SHOW FULL COLUMNS FROM `wk_provider` [ RunTime:0.087932s ]
[2023-02-16T20:56:07+08:00][sql] SELECT `id`,`qr`,`name`,`members`,`room_id`,`joinable_wc`,`status` FROM `wk_entrance` WHERE  `provider_id` IN (SELECT `id` FROM `wk_provider` WHERE  `manager_id` = 1)  AND `get_time` <  1676465767  AND `joinable_wc` IN (0,1)  AND `expire_date` >= NOW() ORDER BY `joinable_wc` ASC LIMIT 1 [ RunTime:0.157411s ]
