[2022-12-11T20:25:44+08:00][sql] CONNECT:[ UseTime:0.137770s ] mysql:host=88.218.194.8;port=3306;dbname=webQrcode;charset=utf8mb4
[2022-12-11T20:25:44+08:00][sql] SHOW FULL COLUMNS FROM `wk_admin` [ RunTime:0.097054s ]
[2022-12-11T20:25:44+08:00][sql] SELECT `id`,`username` FROM `wk_admin` WHERE  `username` = 'zhizun'  AND `password` = '18654b2cd47d004109ca5ee404e002a3' LIMIT 1 [ RunTime:0.093523s ]
[2022-12-11T20:25:51+08:00][sql] CONNECT:[ UseTime:0.127603s ] mysql:host=88.218.194.8;port=3306;dbname=webQrcode;charset=utf8mb4
[2022-12-11T20:25:51+08:00][sql] SHOW FULL COLUMNS FROM `wk_admin` [ RunTime:0.090664s ]
[2022-12-11T20:25:51+08:00][sql] SELECT `id`,`username` FROM `wk_admin` WHERE  `username` = 'admin'  AND `password` = 'f3abb86bd34cf4d52698f14c0da1dc60' LIMIT 1 [ RunTime:0.085324s ]
[2022-12-11T20:25:54+08:00][sql] CONNECT:[ UseTime:0.136784s ] mysql:host=88.218.194.8;port=3306;dbname=webQrcode;charset=utf8mb4
[2022-12-11T20:25:54+08:00][sql] SHOW FULL COLUMNS FROM `wk_admin` [ RunTime:0.095143s ]
[2022-12-11T20:25:54+08:00][sql] SELECT `id`,`username` FROM `wk_admin` WHERE  `id` = 1 LIMIT 1 [ RunTime:0.092017s ]
[2022-12-11T20:25:54+08:00][sql] CONNECT:[ UseTime:0.125543s ] mysql:host=88.218.194.8;port=3306;dbname=webQrcode;charset=utf8mb4
[2022-12-11T20:25:54+08:00][sql] SHOW FULL COLUMNS FROM `wk_qrcode` [ RunTime:0.088500s ]
[2022-12-11T20:25:54+08:00][sql] SELECT DATE(add_time) `date`,COUNT(id) quantity FROM `wk_qrcode` WHERE  ( DATE(add_time) >= DATE_SUB(CURDATE(),INTERVAL 7 DAY) ) GROUP BY `date` [ RunTime:0.096963s ]
[2022-12-11T20:25:54+08:00][sql] SHOW FULL COLUMNS FROM `wk_entrance` [ RunTime:0.089319s ]
[2022-12-11T20:25:54+08:00][sql] SELECT DATE(add_time) `date`,COUNT(id) quantity FROM `wk_entrance` WHERE  ( DATE(add_time) >= DATE_SUB(CURDATE(),INTERVAL 7 DAY) ) GROUP BY `date` [ RunTime:0.123578s ]
[2022-12-11T20:25:54+08:00][sql] SHOW FULL COLUMNS FROM `wk_buy` [ RunTime:0.086978s ]
[2022-12-11T20:25:54+08:00][sql] SELECT DATE(add_time) `date`,COUNT(id) quantity FROM `wk_buy` WHERE  ( DATE(add_time) >= DATE_SUB(CURDATE(),INTERVAL 7 DAY) ) GROUP BY `date` [ RunTime:0.092834s ]
[2022-12-11T20:26:01+08:00][sql] CONNECT:[ UseTime:0.141105s ] mysql:host=88.218.194.8;port=3306;dbname=webQrcode;charset=utf8mb4
[2022-12-11T20:26:01+08:00][sql] SHOW FULL COLUMNS FROM `wk_tag` [ RunTime:0.099289s ]
[2022-12-11T20:26:01+08:00][sql] SELECT `id`,`name` FROM `wk_tag` ORDER BY `id` [ RunTime:0.094505s ]
[2022-12-11T20:26:04+08:00][sql] CONNECT:[ UseTime:0.153003s ] mysql:host=88.218.194.8;port=3306;dbname=webQrcode;charset=utf8mb4
[2022-12-11T20:26:04+08:00][sql] SHOW FULL COLUMNS FROM `wk_buy` [ RunTime:0.107041s ]
[2022-12-11T20:26:04+08:00][sql] SHOW FULL COLUMNS FROM `wk_entrance` [ RunTime:0.120920s ]
[2022-12-11T20:26:04+08:00][sql] SELECT COUNT(*) AS think_count FROM ( SELECT count(*) AS think_count FROM `wk_entrance` `e` LEFT JOIN `wk_buy` `b` ON `b`.`entrance_id`=`e`.`id` LEFT JOIN ( SELECT `id`,`entrance_id`,`user_id` FROM `wk_buy` ) `b2` ON `b2`.`entrance_id`=`e`.`id` LEFT JOIN `wk_tag` `t` ON FIND_IN_SET(t.id,e.tags) WHERE  `e`.`expire_date` >= NOW() GROUP BY `e`.`id` ) `_group_count_` LIMIT 1 [ RunTime:0.316754s ]
[2022-12-11T20:26:04+08:00][sql] SELECT `e`.`id`,`e`.`qrcode_id`,`e`.`name`,`e`.`avatar`,`e`.`expire_date`,`e`.`members`,`e`.`qr`,IFNULL(e.im,e.im2) im,`e`.`hide`,`e`.`update_time`,`e`.`add_time`,`e`.`company`,`e`.`province`,`e`.`city`,`e`.`district`,`e`.`status`,`e`.`joinable`,GROUP_CONCAT(DISTINCT t.name) tags,`e`.`type`,COUNT(DISTINCT b.id) buy_cnt,COUNT(DISTINCT b2.id) buy_cnt_month FROM `wk_entrance` `e` LEFT JOIN `wk_buy` `b` ON `b`.`entrance_id`=`e`.`id` LEFT JOIN ( SELECT `id`,`entrance_id`,`user_id` FROM `wk_buy` ) `b2` ON `b2`.`entrance_id`=`e`.`id` LEFT JOIN `wk_tag` `t` ON FIND_IN_SET(t.id,e.tags) WHERE  `e`.`expire_date` >= NOW() GROUP BY `e`.`id` ORDER BY `e`.`id` DESC LIMIT 0,20 [ RunTime:0.636577s ]
[2022-12-11T20:26:28+08:00][sql] CONNECT:[ UseTime:0.140144s ] mysql:host=88.218.194.8;port=3306;dbname=webQrcode;charset=utf8mb4
[2022-12-11T20:26:28+08:00][sql] SHOW FULL COLUMNS FROM `wk_user` [ RunTime:0.099886s ]
[2022-12-11T20:26:28+08:00][sql] SELECT COUNT(*) AS think_count FROM `wk_user` WHERE  `enable` = 1 LIMIT 1 [ RunTime:0.096129s ]
[2022-12-11T20:26:28+08:00][sql] SELECT `id`,`username`,`name`,`enable`,`invite_user_id`,`balance`,`score`,`add_time` FROM `wk_user` WHERE  `enable` = 1 ORDER BY `id` DESC LIMIT 0,20 [ RunTime:0.095025s ]
[2022-12-11T20:26:28+08:00][sql] SELECT `username` FROM `wk_user` WHERE  `id` = 1 LIMIT 1 [ RunTime:0.093782s ]
[2022-12-11T20:26:28+08:00][sql] SELECT `username` FROM `wk_user` WHERE  `id` = 1 LIMIT 1 [ RunTime:0.092945s ]
[2022-12-11T20:26:28+08:00][sql] SELECT `username` FROM `wk_user` WHERE  `id` = 1 LIMIT 1 [ RunTime:0.095703s ]
[2022-12-11T20:26:28+08:00][sql] SELECT `username` FROM `wk_user` WHERE  `id` = 1 LIMIT 1 [ RunTime:0.096599s ]
[2022-12-11T20:26:28+08:00][sql] SELECT `username` FROM `wk_user` WHERE  `id` = 1 LIMIT 1 [ RunTime:0.093465s ]
[2022-12-11T20:26:28+08:00][sql] SELECT `username` FROM `wk_user` WHERE  `id` = 1 LIMIT 1 [ RunTime:0.094209s ]
[2022-12-11T20:26:28+08:00][sql] SELECT `username` FROM `wk_user` WHERE  `id` = 1 LIMIT 1 [ RunTime:0.095897s ]
[2022-12-11T20:26:28+08:00][sql] SELECT `username` FROM `wk_user` WHERE  `id` = 1 LIMIT 1 [ RunTime:0.093390s ]
[2022-12-11T20:26:28+08:00][sql] SELECT `username` FROM `wk_user` WHERE  `id` = 1 LIMIT 1 [ RunTime:0.093181s ]
[2022-12-11T20:26:28+08:00][sql] SELECT `username` FROM `wk_user` WHERE  `id` = 1 LIMIT 1 [ RunTime:0.093985s ]
[2022-12-11T20:26:28+08:00][sql] SELECT `username` FROM `wk_user` WHERE  `id` = 1 LIMIT 1 [ RunTime:0.093779s ]
[2022-12-11T20:26:28+08:00][sql] SELECT `username` FROM `wk_user` WHERE  `id` = 1 LIMIT 1 [ RunTime:0.100428s ]
[2022-12-11T20:26:28+08:00][sql] SELECT `username` FROM `wk_user` WHERE  `id` = 1 LIMIT 1 [ RunTime:0.094496s ]
[2022-12-11T20:26:28+08:00][sql] SELECT `username` FROM `wk_user` WHERE  `id` = 1 LIMIT 1 [ RunTime:0.095482s ]
[2022-12-11T20:26:28+08:00][sql] SELECT `username` FROM `wk_user` WHERE  `id` = 1 LIMIT 1 [ RunTime:0.093596s ]
[2022-12-11T20:26:28+08:00][sql] SELECT `username` FROM `wk_user` WHERE  `id` = 1 LIMIT 1 [ RunTime:0.093458s ]
[2022-12-11T20:26:28+08:00][sql] SELECT `username` FROM `wk_user` WHERE  `id` = 1 LIMIT 1 [ RunTime:0.093700s ]
[2022-12-11T20:26:28+08:00][sql] SELECT `username` FROM `wk_user` WHERE  `id` = 1 LIMIT 1 [ RunTime:0.093458s ]
[2022-12-11T20:26:28+08:00][sql] SELECT `username` FROM `wk_user` WHERE  `id` = 1 LIMIT 1 [ RunTime:0.098285s ]
[2022-12-11T20:26:28+08:00][sql] SELECT `username` FROM `wk_user` WHERE  `id` = 1 LIMIT 1 [ RunTime:0.093877s ]
[2022-12-11T20:26:37+08:00][sql] CONNECT:[ UseTime:0.134189s ] mysql:host=88.218.194.8;port=3306;dbname=webQrcode;charset=utf8mb4
[2022-12-11T20:26:37+08:00][sql] SHOW FULL COLUMNS FROM `wk_user` [ RunTime:0.094241s ]
[2022-12-11T20:26:37+08:00][sql] SELECT COUNT(*) AS think_count FROM `wk_user` WHERE  `enable` = 1 LIMIT 1 [ RunTime:0.091271s ]
[2022-12-11T20:26:37+08:00][sql] SELECT `id`,`username`,`name`,`enable`,`invite_user_id`,`balance`,`score`,`add_time` FROM `wk_user` WHERE  `enable` = 1  AND `username` = 'yisen' ORDER BY `id` DESC LIMIT 0,20 [ RunTime:0.091130s ]
[2022-12-11T20:26:37+08:00][sql] SELECT `username` FROM `wk_user` WHERE  `id` = 1 LIMIT 1 [ RunTime:0.090280s ]
[2022-12-11T20:26:50+08:00][sql] CONNECT:[ UseTime:0.133299s ] mysql:host=88.218.194.8;port=3306;dbname=webQrcode;charset=utf8mb4
[2022-12-11T20:26:50+08:00][sql] SHOW FULL COLUMNS FROM `wk_user` [ RunTime:0.091395s ]
[2022-12-11T20:26:50+08:00][sql] UPDATE `wk_user`  SET `balance` = `balance` + 300  WHERE  `id` = 169 [ RunTime:0.088213s ]
[2022-12-11T20:26:50+08:00][sql] SHOW FULL COLUMNS FROM `wk_deposit` [ RunTime:0.091176s ]
[2022-12-11T20:26:50+08:00][sql] INSERT INTO `wk_deposit` SET `user_id` = 169 , `value` = '300' [ RunTime:0.087136s ]
[2022-12-11T21:01:35+08:00][sql] CONNECT:[ UseTime:0.146378s ] mysql:host=88.218.194.8;port=3306;dbname=webQrcode;charset=utf8mb4
[2022-12-11T21:01:35+08:00][sql] SHOW FULL COLUMNS FROM `wk_user` [ RunTime:0.102560s ]
[2022-12-11T21:01:35+08:00][sql] SELECT COUNT(*) AS think_count FROM `wk_user` WHERE  `enable` = 1 LIMIT 1 [ RunTime:0.098376s ]
[2022-12-11T21:01:35+08:00][sql] SELECT `id`,`username`,`name`,`enable`,`invite_user_id`,`balance`,`score`,`add_time` FROM `wk_user` WHERE  `enable` = 1  AND `username` = 'yisen' ORDER BY `id` DESC LIMIT 0,20 [ RunTime:0.099174s ]
[2022-12-11T21:01:35+08:00][sql] SELECT `username` FROM `wk_user` WHERE  `id` = 1 LIMIT 1 [ RunTime:0.098530s ]
[2022-12-11T23:06:33+08:00][sql] CONNECT:[ UseTime:0.129593s ] mysql:host=88.218.194.8;port=3306;dbname=webQrcode;charset=utf8mb4
[2022-12-11T23:06:33+08:00][sql] SHOW FULL COLUMNS FROM `wk_deposit` [ RunTime:0.091032s ]
[2022-12-11T23:06:33+08:00][sql] SELECT COUNT(*) AS think_count FROM `wk_deposit` `d` LEFT JOIN `wk_user` `u` ON `u`.`id`=`d`.`user_id` LIMIT 1 [ RunTime:0.087752s ]
[2022-12-11T23:06:33+08:00][sql] SELECT `d`.`id`,`d`.`value`,`d`.`way`,`u`.`username`,`d`.`add_time` FROM `wk_deposit` `d` LEFT JOIN `wk_user` `u` ON `u`.`id`=`d`.`user_id` ORDER BY `d`.`id` DESC [ RunTime:0.087102s ]
[2022-12-11T23:06:36+08:00][sql] CONNECT:[ UseTime:0.151699s ] mysql:host=88.218.194.8;port=3306;dbname=webQrcode;charset=utf8mb4
[2022-12-11T23:06:36+08:00][sql] SHOW FULL COLUMNS FROM `wk_setting` [ RunTime:0.104909s ]
[2022-12-11T23:06:36+08:00][sql] SELECT `str_val`,`int_val`,`desc`,`key` FROM `wk_setting` [ RunTime:0.100311s ]
