[2023-02-03T16:50:01+08:00][sql] CONNECT:[ UseTime:0.000882s ] mysql:host=localhost;port=3306;dbname=c2;charset=utf8mb4
[2023-02-03T16:50:01+08:00][sql] SHOW FULL COLUMNS FROM `wk_provider` [ RunTime:0.000709s ]
[2023-02-03T16:50:01+08:00][sql] SELECT `id`,`username`,`name`,`score`,`enable`,`add_time` FROM `wk_provider` WHERE  `enable` = 1 ORDER BY `id` DESC LIMIT 0,20 [ RunTime:0.000392s ]
[2023-02-03T16:50:01+08:00][sql] SELECT COUNT(*) AS think_count FROM `wk_provider` WHERE  `enable` = 1 ORDER BY `id` DESC LIMIT 1 [ RunTime:0.000189s ]
[2023-02-03T16:50:03+08:00][sql] CONNECT:[ UseTime:0.001425s ] mysql:host=localhost;port=3306;dbname=c2;charset=utf8mb4
[2023-02-03T16:50:03+08:00][sql] SHOW FULL COLUMNS FROM `wk_tag` [ RunTime:0.004967s ]
[2023-02-03T16:50:03+08:00][sql] SELECT `id`,`name` FROM `wk_tag` ORDER BY `id` [ RunTime:0.000246s ]
[2023-02-03T16:50:04+08:00][sql] CONNECT:[ UseTime:0.001031s ] mysql:host=localhost;port=3306;dbname=c2;charset=utf8mb4
[2023-02-03T16:50:04+08:00][sql] SHOW FULL COLUMNS FROM `wk_qrcode` [ RunTime:0.001763s ]
[2023-02-03T16:50:04+08:00][sql] SELECT COUNT(*) AS think_count FROM ( SELECT q.id,q.user_id,q.code,q.company,q.province,q.city,q.district,q.remark,q.status,q.sub_status,q.err_msg,GROUP_CONCAT(t.name) tags,q.add_time,count(*) AS think_count FROM `wk_qrcode` `q` LEFT JOIN `wk_tag` `t` ON FIND_IN_SET(t.id,q.tags) GROUP BY `q`.`id` ) `_group_count_` LIMIT 1 [ RunTime:0.284022s ]
[2023-02-03T16:50:04+08:00][sql] SELECT q.id,q.user_id,q.code,q.company,q.province,q.city,q.district,q.remark,q.status,q.sub_status,q.err_msg,GROUP_CONCAT(t.name) tags,q.add_time,count(*) AS think_count FROM `wk_qrcode` `q` LEFT JOIN `wk_tag` `t` ON FIND_IN_SET(t.id,q.tags) GROUP BY `q`.`id` LIMIT 0,20 [ RunTime:0.103251s ]
[2023-02-03T16:50:04+08:00][sql] SHOW FULL COLUMNS FROM `wk_user` [ RunTime:0.004001s ]
[2023-02-03T16:50:04+08:00][sql] SELECT `username` FROM `wk_user` WHERE  `id` = 1 LIMIT 1 [ RunTime:0.000995s ]
[2023-02-03T16:50:04+08:00][sql] SHOW FULL COLUMNS FROM `wk_entrance` [ RunTime:0.001520s ]
[2023-02-03T16:50:04+08:00][sql] SELECT `e`.`id`,`e`.`avatar`,`e`.`name`,`e`.`members`,`e`.`qr`,`e`.`expire_date`,`e`.`joinable`,`e`.`reported`,`e`.`add_time`,CONVERT(IF(b.id,'1','0'),UNSIGNED) 'bought' FROM `wk_entrance` `e` LEFT JOIN `wk_buy` `b` ON `b`.`entrance_id`=`e`.`id` WHERE  `e`.`expire_date` >= NOW()  AND `e`.`qrcode_id` = '2' [ RunTime:0.030275s ]
[2023-02-03T16:50:04+08:00][sql] SELECT `username` FROM `wk_user` WHERE  `id` = 1 LIMIT 1 [ RunTime:0.000566s ]
[2023-02-03T16:50:04+08:00][sql] SELECT `e`.`id`,`e`.`avatar`,`e`.`name`,`e`.`members`,`e`.`qr`,`e`.`expire_date`,`e`.`joinable`,`e`.`reported`,`e`.`add_time`,CONVERT(IF(b.id,'1','0'),UNSIGNED) 'bought' FROM `wk_entrance` `e` LEFT JOIN `wk_buy` `b` ON `b`.`entrance_id`=`e`.`id` WHERE  `e`.`expire_date` >= NOW()  AND `e`.`qrcode_id` = '3' [ RunTime:0.002907s ]
[2023-02-03T16:50:04+08:00][sql] SELECT `username` FROM `wk_user` WHERE  `id` = 29 LIMIT 1 [ RunTime:0.000348s ]
[2023-02-03T16:50:04+08:00][sql] SELECT `e`.`id`,`e`.`avatar`,`e`.`name`,`e`.`members`,`e`.`qr`,`e`.`expire_date`,`e`.`joinable`,`e`.`reported`,`e`.`add_time`,CONVERT(IF(b.id,'1','0'),UNSIGNED) 'bought' FROM `wk_entrance` `e` LEFT JOIN `wk_buy` `b` ON `b`.`entrance_id`=`e`.`id` WHERE  `e`.`expire_date` >= NOW()  AND `e`.`qrcode_id` = '4' [ RunTime:0.002370s ]
[2023-02-03T16:50:04+08:00][sql] SELECT `username` FROM `wk_user` WHERE  `id` = 29 LIMIT 1 [ RunTime:0.000232s ]
[2023-02-03T16:50:04+08:00][sql] SELECT `e`.`id`,`e`.`avatar`,`e`.`name`,`e`.`members`,`e`.`qr`,`e`.`expire_date`,`e`.`joinable`,`e`.`reported`,`e`.`add_time`,CONVERT(IF(b.id,'1','0'),UNSIGNED) 'bought' FROM `wk_entrance` `e` LEFT JOIN `wk_buy` `b` ON `b`.`entrance_id`=`e`.`id` WHERE  `e`.`expire_date` >= NOW()  AND `e`.`qrcode_id` = '5' [ RunTime:0.001186s ]
[2023-02-03T16:50:04+08:00][sql] SELECT `username` FROM `wk_user` WHERE  `id` = 29 LIMIT 1 [ RunTime:0.000178s ]
[2023-02-03T16:50:04+08:00][sql] SELECT `e`.`id`,`e`.`avatar`,`e`.`name`,`e`.`members`,`e`.`qr`,`e`.`expire_date`,`e`.`joinable`,`e`.`reported`,`e`.`add_time`,CONVERT(IF(b.id,'1','0'),UNSIGNED) 'bought' FROM `wk_entrance` `e` LEFT JOIN `wk_buy` `b` ON `b`.`entrance_id`=`e`.`id` WHERE  `e`.`expire_date` >= NOW()  AND `e`.`qrcode_id` = '6' [ RunTime:0.000580s ]
[2023-02-03T16:50:04+08:00][sql] SELECT `username` FROM `wk_user` WHERE  `id` = 29 LIMIT 1 [ RunTime:0.000172s ]
[2023-02-03T16:50:04+08:00][sql] SELECT `e`.`id`,`e`.`avatar`,`e`.`name`,`e`.`members`,`e`.`qr`,`e`.`expire_date`,`e`.`joinable`,`e`.`reported`,`e`.`add_time`,CONVERT(IF(b.id,'1','0'),UNSIGNED) 'bought' FROM `wk_entrance` `e` LEFT JOIN `wk_buy` `b` ON `b`.`entrance_id`=`e`.`id` WHERE  `e`.`expire_date` >= NOW()  AND `e`.`qrcode_id` = '7' [ RunTime:0.001045s ]
[2023-02-03T16:50:04+08:00][sql] SELECT `username` FROM `wk_user` WHERE  `id` = 29 LIMIT 1 [ RunTime:0.000180s ]
[2023-02-03T16:50:04+08:00][sql] SELECT `e`.`id`,`e`.`avatar`,`e`.`name`,`e`.`members`,`e`.`qr`,`e`.`expire_date`,`e`.`joinable`,`e`.`reported`,`e`.`add_time`,CONVERT(IF(b.id,'1','0'),UNSIGNED) 'bought' FROM `wk_entrance` `e` LEFT JOIN `wk_buy` `b` ON `b`.`entrance_id`=`e`.`id` WHERE  `e`.`expire_date` >= NOW()  AND `e`.`qrcode_id` = '8' [ RunTime:0.000839s ]
[2023-02-03T16:50:04+08:00][sql] SELECT `username` FROM `wk_user` WHERE  `id` = 29 LIMIT 1 [ RunTime:0.000179s ]
[2023-02-03T16:50:04+08:00][sql] SELECT `e`.`id`,`e`.`avatar`,`e`.`name`,`e`.`members`,`e`.`qr`,`e`.`expire_date`,`e`.`joinable`,`e`.`reported`,`e`.`add_time`,CONVERT(IF(b.id,'1','0'),UNSIGNED) 'bought' FROM `wk_entrance` `e` LEFT JOIN `wk_buy` `b` ON `b`.`entrance_id`=`e`.`id` WHERE  `e`.`expire_date` >= NOW()  AND `e`.`qrcode_id` = '9' [ RunTime:0.000467s ]
[2023-02-03T16:50:04+08:00][sql] SELECT `username` FROM `wk_user` WHERE  `id` = 29 LIMIT 1 [ RunTime:0.000129s ]
[2023-02-03T16:50:04+08:00][sql] SELECT `e`.`id`,`e`.`avatar`,`e`.`name`,`e`.`members`,`e`.`qr`,`e`.`expire_date`,`e`.`joinable`,`e`.`reported`,`e`.`add_time`,CONVERT(IF(b.id,'1','0'),UNSIGNED) 'bought' FROM `wk_entrance` `e` LEFT JOIN `wk_buy` `b` ON `b`.`entrance_id`=`e`.`id` WHERE  `e`.`expire_date` >= NOW()  AND `e`.`qrcode_id` = '10' [ RunTime:0.000865s ]
[2023-02-03T16:50:04+08:00][sql] SELECT `username` FROM `wk_user` WHERE  `id` = 29 LIMIT 1 [ RunTime:0.000220s ]
[2023-02-03T16:50:04+08:00][sql] SELECT `e`.`id`,`e`.`avatar`,`e`.`name`,`e`.`members`,`e`.`qr`,`e`.`expire_date`,`e`.`joinable`,`e`.`reported`,`e`.`add_time`,CONVERT(IF(b.id,'1','0'),UNSIGNED) 'bought' FROM `wk_entrance` `e` LEFT JOIN `wk_buy` `b` ON `b`.`entrance_id`=`e`.`id` WHERE  `e`.`expire_date` >= NOW()  AND `e`.`qrcode_id` = '11' [ RunTime:0.000265s ]
[2023-02-03T16:50:04+08:00][sql] SELECT `username` FROM `wk_user` WHERE  `id` = 29 LIMIT 1 [ RunTime:0.000139s ]
[2023-02-03T16:50:04+08:00][sql] SELECT `e`.`id`,`e`.`avatar`,`e`.`name`,`e`.`members`,`e`.`qr`,`e`.`expire_date`,`e`.`joinable`,`e`.`reported`,`e`.`add_time`,CONVERT(IF(b.id,'1','0'),UNSIGNED) 'bought' FROM `wk_entrance` `e` LEFT JOIN `wk_buy` `b` ON `b`.`entrance_id`=`e`.`id` WHERE  `e`.`expire_date` >= NOW()  AND `e`.`qrcode_id` = '12' [ RunTime:0.000856s ]
[2023-02-03T16:50:04+08:00][sql] SELECT `username` FROM `wk_user` WHERE  `id` = 29 LIMIT 1 [ RunTime:0.000484s ]
[2023-02-03T16:50:04+08:00][sql] SELECT `e`.`id`,`e`.`avatar`,`e`.`name`,`e`.`members`,`e`.`qr`,`e`.`expire_date`,`e`.`joinable`,`e`.`reported`,`e`.`add_time`,CONVERT(IF(b.id,'1','0'),UNSIGNED) 'bought' FROM `wk_entrance` `e` LEFT JOIN `wk_buy` `b` ON `b`.`entrance_id`=`e`.`id` WHERE  `e`.`expire_date` >= NOW()  AND `e`.`qrcode_id` = '13' [ RunTime:0.000603s ]
[2023-02-03T16:50:04+08:00][sql] SELECT `username` FROM `wk_user` WHERE  `id` = 29 LIMIT 1 [ RunTime:0.000238s ]
[2023-02-03T16:50:04+08:00][sql] SELECT `e`.`id`,`e`.`avatar`,`e`.`name`,`e`.`members`,`e`.`qr`,`e`.`expire_date`,`e`.`joinable`,`e`.`reported`,`e`.`add_time`,CONVERT(IF(b.id,'1','0'),UNSIGNED) 'bought' FROM `wk_entrance` `e` LEFT JOIN `wk_buy` `b` ON `b`.`entrance_id`=`e`.`id` WHERE  `e`.`expire_date` >= NOW()  AND `e`.`qrcode_id` = '14' [ RunTime:0.001080s ]
[2023-02-03T16:50:04+08:00][sql] SELECT `username` FROM `wk_user` WHERE  `id` = 29 LIMIT 1 [ RunTime:0.000324s ]
[2023-02-03T16:50:04+08:00][sql] SELECT `e`.`id`,`e`.`avatar`,`e`.`name`,`e`.`members`,`e`.`qr`,`e`.`expire_date`,`e`.`joinable`,`e`.`reported`,`e`.`add_time`,CONVERT(IF(b.id,'1','0'),UNSIGNED) 'bought' FROM `wk_entrance` `e` LEFT JOIN `wk_buy` `b` ON `b`.`entrance_id`=`e`.`id` WHERE  `e`.`expire_date` >= NOW()  AND `e`.`qrcode_id` = '15' [ RunTime:0.000267s ]
[2023-02-03T16:50:04+08:00][sql] SELECT `username` FROM `wk_user` WHERE  `id` = 29 LIMIT 1 [ RunTime:0.000124s ]
[2023-02-03T16:50:04+08:00][sql] SELECT `e`.`id`,`e`.`avatar`,`e`.`name`,`e`.`members`,`e`.`qr`,`e`.`expire_date`,`e`.`joinable`,`e`.`reported`,`e`.`add_time`,CONVERT(IF(b.id,'1','0'),UNSIGNED) 'bought' FROM `wk_entrance` `e` LEFT JOIN `wk_buy` `b` ON `b`.`entrance_id`=`e`.`id` WHERE  `e`.`expire_date` >= NOW()  AND `e`.`qrcode_id` = '16' [ RunTime:0.000306s ]
[2023-02-03T16:50:04+08:00][sql] SELECT `username` FROM `wk_user` WHERE  `id` = 29 LIMIT 1 [ RunTime:0.000127s ]
[2023-02-03T16:50:04+08:00][sql] SELECT `e`.`id`,`e`.`avatar`,`e`.`name`,`e`.`members`,`e`.`qr`,`e`.`expire_date`,`e`.`joinable`,`e`.`reported`,`e`.`add_time`,CONVERT(IF(b.id,'1','0'),UNSIGNED) 'bought' FROM `wk_entrance` `e` LEFT JOIN `wk_buy` `b` ON `b`.`entrance_id`=`e`.`id` WHERE  `e`.`expire_date` >= NOW()  AND `e`.`qrcode_id` = '17' [ RunTime:0.000248s ]
[2023-02-03T16:50:04+08:00][sql] SELECT `username` FROM `wk_user` WHERE  `id` = 29 LIMIT 1 [ RunTime:0.000124s ]
[2023-02-03T16:50:04+08:00][sql] SELECT `e`.`id`,`e`.`avatar`,`e`.`name`,`e`.`members`,`e`.`qr`,`e`.`expire_date`,`e`.`joinable`,`e`.`reported`,`e`.`add_time`,CONVERT(IF(b.id,'1','0'),UNSIGNED) 'bought' FROM `wk_entrance` `e` LEFT JOIN `wk_buy` `b` ON `b`.`entrance_id`=`e`.`id` WHERE  `e`.`expire_date` >= NOW()  AND `e`.`qrcode_id` = '18' [ RunTime:0.000569s ]
[2023-02-03T16:50:04+08:00][sql] SELECT `username` FROM `wk_user` WHERE  `id` = 29 LIMIT 1 [ RunTime:0.000141s ]
[2023-02-03T16:50:04+08:00][sql] SELECT `e`.`id`,`e`.`avatar`,`e`.`name`,`e`.`members`,`e`.`qr`,`e`.`expire_date`,`e`.`joinable`,`e`.`reported`,`e`.`add_time`,CONVERT(IF(b.id,'1','0'),UNSIGNED) 'bought' FROM `wk_entrance` `e` LEFT JOIN `wk_buy` `b` ON `b`.`entrance_id`=`e`.`id` WHERE  `e`.`expire_date` >= NOW()  AND `e`.`qrcode_id` = '19' [ RunTime:0.000221s ]
[2023-02-03T16:50:04+08:00][sql] SELECT `username` FROM `wk_user` WHERE  `id` = 29 LIMIT 1 [ RunTime:0.000121s ]
[2023-02-03T16:50:04+08:00][sql] SELECT `e`.`id`,`e`.`avatar`,`e`.`name`,`e`.`members`,`e`.`qr`,`e`.`expire_date`,`e`.`joinable`,`e`.`reported`,`e`.`add_time`,CONVERT(IF(b.id,'1','0'),UNSIGNED) 'bought' FROM `wk_entrance` `e` LEFT JOIN `wk_buy` `b` ON `b`.`entrance_id`=`e`.`id` WHERE  `e`.`expire_date` >= NOW()  AND `e`.`qrcode_id` = '20' [ RunTime:0.000756s ]
[2023-02-03T16:50:04+08:00][sql] SELECT `username` FROM `wk_user` WHERE  `id` = 29 LIMIT 1 [ RunTime:0.000127s ]
[2023-02-03T16:50:04+08:00][sql] SELECT `e`.`id`,`e`.`avatar`,`e`.`name`,`e`.`members`,`e`.`qr`,`e`.`expire_date`,`e`.`joinable`,`e`.`reported`,`e`.`add_time`,CONVERT(IF(b.id,'1','0'),UNSIGNED) 'bought' FROM `wk_entrance` `e` LEFT JOIN `wk_buy` `b` ON `b`.`entrance_id`=`e`.`id` WHERE  `e`.`expire_date` >= NOW()  AND `e`.`qrcode_id` = '21' [ RunTime:0.000361s ]
[2023-02-03T16:50:16+08:00][sql] CONNECT:[ UseTime:0.001874s ] mysql:host=localhost;port=3306;dbname=c2;charset=utf8mb4
[2023-02-03T16:50:16+08:00][sql] SHOW FULL COLUMNS FROM `wk_tag` [ RunTime:0.001558s ]
[2023-02-03T16:50:16+08:00][sql] SELECT `id`,`name` FROM `wk_tag` ORDER BY `id` [ RunTime:0.000406s ]
[2023-02-03T16:50:18+08:00][sql] CONNECT:[ UseTime:0.001251s ] mysql:host=localhost;port=3306;dbname=c2;charset=utf8mb4
[2023-02-03T16:50:18+08:00][sql] SHOW FULL COLUMNS FROM `wk_buy` [ RunTime:0.001799s ]
[2023-02-03T16:50:18+08:00][sql] SHOW FULL COLUMNS FROM `wk_entrance` [ RunTime:0.000879s ]
[2023-02-03T16:50:18+08:00][sql] SELECT COUNT(*) AS think_count FROM ( SELECT count(*) AS think_count FROM `wk_entrance` `e` LEFT JOIN `wk_buy` `b` ON `b`.`entrance_id`=`e`.`id` LEFT JOIN ( SELECT `id`,`entrance_id`,`user_id` FROM `wk_buy` ) `b2` ON `b2`.`entrance_id`=`e`.`id` LEFT JOIN `wk_tag` `t` ON FIND_IN_SET(t.id,e.tags) WHERE  `e`.`expire_date` >= NOW() GROUP BY `e`.`id` ) `_group_count_` LIMIT 1 [ RunTime:1.242150s ]
[2023-02-03T16:50:18+08:00][sql] SELECT `e`.`id`,`e`.`qrcode_id`,`e`.`name`,`e`.`avatar`,`e`.`expire_date`,`e`.`members`,`e`.`qr`,IFNULL(e.im,e.im2) im,`e`.`hide`,`e`.`update_time`,`e`.`add_time`,`e`.`company`,`e`.`province`,`e`.`city`,`e`.`district`,`e`.`status`,`e`.`joinable`,`e`.`error_msg`,GROUP_CONCAT(DISTINCT t.name) tags,`e`.`type`,COUNT(DISTINCT b.id) buy_cnt,COUNT(DISTINCT b2.id) buy_cnt_month FROM `wk_entrance` `e` LEFT JOIN `wk_buy` `b` ON `b`.`entrance_id`=`e`.`id` LEFT JOIN ( SELECT `id`,`entrance_id`,`user_id` FROM `wk_buy` ) `b2` ON `b2`.`entrance_id`=`e`.`id` LEFT JOIN `wk_tag` `t` ON FIND_IN_SET(t.id,e.tags) WHERE  `e`.`expire_date` >= NOW() GROUP BY `e`.`id` ORDER BY `e`.`id` DESC LIMIT 0,20 [ RunTime:0.574772s ]
[2023-02-03T16:50:22+08:00][sql] CONNECT:[ UseTime:0.001704s ] mysql:host=localhost;port=3306;dbname=c2;charset=utf8mb4
[2023-02-03T16:50:22+08:00][sql] SHOW FULL COLUMNS FROM `wk_tag` [ RunTime:0.001351s ]
[2023-02-03T16:50:22+08:00][sql] SELECT `id`,`name` FROM `wk_tag` ORDER BY `id` [ RunTime:0.000844s ]
[2023-02-03T16:50:22+08:00][sql] CONNECT:[ UseTime:0.001847s ] mysql:host=localhost;port=3306;dbname=c2;charset=utf8mb4
[2023-02-03T16:50:22+08:00][sql] SHOW FULL COLUMNS FROM `wk_qrcode` [ RunTime:0.000860s ]
[2023-02-03T16:50:22+08:00][sql] SELECT COUNT(*) AS think_count FROM ( SELECT q.id,q.user_id,q.code,q.company,q.province,q.city,q.district,q.remark,q.status,q.sub_status,q.err_msg,GROUP_CONCAT(t.name) tags,q.add_time,count(*) AS think_count FROM `wk_qrcode` `q` LEFT JOIN `wk_tag` `t` ON FIND_IN_SET(t.id,q.tags) GROUP BY `q`.`id` ) `_group_count_` LIMIT 1 [ RunTime:0.185618s ]
[2023-02-03T16:50:22+08:00][sql] SELECT q.id,q.user_id,q.code,q.company,q.province,q.city,q.district,q.remark,q.status,q.sub_status,q.err_msg,GROUP_CONCAT(t.name) tags,q.add_time,count(*) AS think_count FROM `wk_qrcode` `q` LEFT JOIN `wk_tag` `t` ON FIND_IN_SET(t.id,q.tags) GROUP BY `q`.`id` LIMIT 0,20 [ RunTime:0.103041s ]
[2023-02-03T16:50:22+08:00][sql] SHOW FULL COLUMNS FROM `wk_user` [ RunTime:0.001207s ]
[2023-02-03T16:50:22+08:00][sql] SELECT `username` FROM `wk_user` WHERE  `id` = 1 LIMIT 1 [ RunTime:0.001241s ]
[2023-02-03T16:50:22+08:00][sql] SHOW FULL COLUMNS FROM `wk_entrance` [ RunTime:0.000615s ]
[2023-02-03T16:50:22+08:00][sql] SELECT `e`.`id`,`e`.`avatar`,`e`.`name`,`e`.`members`,`e`.`qr`,`e`.`expire_date`,`e`.`joinable`,`e`.`reported`,`e`.`add_time`,CONVERT(IF(b.id,'1','0'),UNSIGNED) 'bought' FROM `wk_entrance` `e` LEFT JOIN `wk_buy` `b` ON `b`.`entrance_id`=`e`.`id` WHERE  `e`.`expire_date` >= NOW()  AND `e`.`qrcode_id` = '2' [ RunTime:0.003830s ]
[2023-02-03T16:50:22+08:00][sql] SELECT `username` FROM `wk_user` WHERE  `id` = 1 LIMIT 1 [ RunTime:0.000188s ]
[2023-02-03T16:50:22+08:00][sql] SELECT `e`.`id`,`e`.`avatar`,`e`.`name`,`e`.`members`,`e`.`qr`,`e`.`expire_date`,`e`.`joinable`,`e`.`reported`,`e`.`add_time`,CONVERT(IF(b.id,'1','0'),UNSIGNED) 'bought' FROM `wk_entrance` `e` LEFT JOIN `wk_buy` `b` ON `b`.`entrance_id`=`e`.`id` WHERE  `e`.`expire_date` >= NOW()  AND `e`.`qrcode_id` = '3' [ RunTime:0.002429s ]
[2023-02-03T16:50:22+08:00][sql] SELECT `username` FROM `wk_user` WHERE  `id` = 29 LIMIT 1 [ RunTime:0.000356s ]
[2023-02-03T16:50:22+08:00][sql] SELECT `e`.`id`,`e`.`avatar`,`e`.`name`,`e`.`members`,`e`.`qr`,`e`.`expire_date`,`e`.`joinable`,`e`.`reported`,`e`.`add_time`,CONVERT(IF(b.id,'1','0'),UNSIGNED) 'bought' FROM `wk_entrance` `e` LEFT JOIN `wk_buy` `b` ON `b`.`entrance_id`=`e`.`id` WHERE  `e`.`expire_date` >= NOW()  AND `e`.`qrcode_id` = '4' [ RunTime:0.002998s ]
[2023-02-03T16:50:22+08:00][sql] SELECT `username` FROM `wk_user` WHERE  `id` = 29 LIMIT 1 [ RunTime:0.000258s ]
[2023-02-03T16:50:22+08:00][sql] SELECT `e`.`id`,`e`.`avatar`,`e`.`name`,`e`.`members`,`e`.`qr`,`e`.`expire_date`,`e`.`joinable`,`e`.`reported`,`e`.`add_time`,CONVERT(IF(b.id,'1','0'),UNSIGNED) 'bought' FROM `wk_entrance` `e` LEFT JOIN `wk_buy` `b` ON `b`.`entrance_id`=`e`.`id` WHERE  `e`.`expire_date` >= NOW()  AND `e`.`qrcode_id` = '5' [ RunTime:0.001317s ]
[2023-02-03T16:50:22+08:00][sql] SELECT `username` FROM `wk_user` WHERE  `id` = 29 LIMIT 1 [ RunTime:0.000215s ]
[2023-02-03T16:50:22+08:00][sql] SELECT `e`.`id`,`e`.`avatar`,`e`.`name`,`e`.`members`,`e`.`qr`,`e`.`expire_date`,`e`.`joinable`,`e`.`reported`,`e`.`add_time`,CONVERT(IF(b.id,'1','0'),UNSIGNED) 'bought' FROM `wk_entrance` `e` LEFT JOIN `wk_buy` `b` ON `b`.`entrance_id`=`e`.`id` WHERE  `e`.`expire_date` >= NOW()  AND `e`.`qrcode_id` = '6' [ RunTime:0.000582s ]
[2023-02-03T16:50:22+08:00][sql] SELECT `username` FROM `wk_user` WHERE  `id` = 29 LIMIT 1 [ RunTime:0.000159s ]
[2023-02-03T16:50:22+08:00][sql] SELECT `e`.`id`,`e`.`avatar`,`e`.`name`,`e`.`members`,`e`.`qr`,`e`.`expire_date`,`e`.`joinable`,`e`.`reported`,`e`.`add_time`,CONVERT(IF(b.id,'1','0'),UNSIGNED) 'bought' FROM `wk_entrance` `e` LEFT JOIN `wk_buy` `b` ON `b`.`entrance_id`=`e`.`id` WHERE  `e`.`expire_date` >= NOW()  AND `e`.`qrcode_id` = '7' [ RunTime:0.001045s ]
[2023-02-03T16:50:22+08:00][sql] SELECT `username` FROM `wk_user` WHERE  `id` = 29 LIMIT 1 [ RunTime:0.000143s ]
[2023-02-03T16:50:22+08:00][sql] SELECT `e`.`id`,`e`.`avatar`,`e`.`name`,`e`.`members`,`e`.`qr`,`e`.`expire_date`,`e`.`joinable`,`e`.`reported`,`e`.`add_time`,CONVERT(IF(b.id,'1','0'),UNSIGNED) 'bought' FROM `wk_entrance` `e` LEFT JOIN `wk_buy` `b` ON `b`.`entrance_id`=`e`.`id` WHERE  `e`.`expire_date` >= NOW()  AND `e`.`qrcode_id` = '8' [ RunTime:0.000519s ]
[2023-02-03T16:50:22+08:00][sql] SELECT `username` FROM `wk_user` WHERE  `id` = 29 LIMIT 1 [ RunTime:0.000132s ]
[2023-02-03T16:50:22+08:00][sql] SELECT `e`.`id`,`e`.`avatar`,`e`.`name`,`e`.`members`,`e`.`qr`,`e`.`expire_date`,`e`.`joinable`,`e`.`reported`,`e`.`add_time`,CONVERT(IF(b.id,'1','0'),UNSIGNED) 'bought' FROM `wk_entrance` `e` LEFT JOIN `wk_buy` `b` ON `b`.`entrance_id`=`e`.`id` WHERE  `e`.`expire_date` >= NOW()  AND `e`.`qrcode_id` = '9' [ RunTime:0.000479s ]
[2023-02-03T16:50:22+08:00][sql] SELECT `username` FROM `wk_user` WHERE  `id` = 29 LIMIT 1 [ RunTime:0.000128s ]
[2023-02-03T16:50:22+08:00][sql] SELECT `e`.`id`,`e`.`avatar`,`e`.`name`,`e`.`members`,`e`.`qr`,`e`.`expire_date`,`e`.`joinable`,`e`.`reported`,`e`.`add_time`,CONVERT(IF(b.id,'1','0'),UNSIGNED) 'bought' FROM `wk_entrance` `e` LEFT JOIN `wk_buy` `b` ON `b`.`entrance_id`=`e`.`id` WHERE  `e`.`expire_date` >= NOW()  AND `e`.`qrcode_id` = '10' [ RunTime:0.000807s ]
[2023-02-03T16:50:22+08:00][sql] SELECT `username` FROM `wk_user` WHERE  `id` = 29 LIMIT 1 [ RunTime:0.000141s ]
[2023-02-03T16:50:22+08:00][sql] SELECT `e`.`id`,`e`.`avatar`,`e`.`name`,`e`.`members`,`e`.`qr`,`e`.`expire_date`,`e`.`joinable`,`e`.`reported`,`e`.`add_time`,CONVERT(IF(b.id,'1','0'),UNSIGNED) 'bought' FROM `wk_entrance` `e` LEFT JOIN `wk_buy` `b` ON `b`.`entrance_id`=`e`.`id` WHERE  `e`.`expire_date` >= NOW()  AND `e`.`qrcode_id` = '11' [ RunTime:0.000357s ]
[2023-02-03T16:50:22+08:00][sql] SELECT `username` FROM `wk_user` WHERE  `id` = 29 LIMIT 1 [ RunTime:0.000133s ]
[2023-02-03T16:50:22+08:00][sql] SELECT `e`.`id`,`e`.`avatar`,`e`.`name`,`e`.`members`,`e`.`qr`,`e`.`expire_date`,`e`.`joinable`,`e`.`reported`,`e`.`add_time`,CONVERT(IF(b.id,'1','0'),UNSIGNED) 'bought' FROM `wk_entrance` `e` LEFT JOIN `wk_buy` `b` ON `b`.`entrance_id`=`e`.`id` WHERE  `e`.`expire_date` >= NOW()  AND `e`.`qrcode_id` = '12' [ RunTime:0.000579s ]
[2023-02-03T16:50:22+08:00][sql] SELECT `username` FROM `wk_user` WHERE  `id` = 29 LIMIT 1 [ RunTime:0.000170s ]
[2023-02-03T16:50:22+08:00][sql] SELECT `e`.`id`,`e`.`avatar`,`e`.`name`,`e`.`members`,`e`.`qr`,`e`.`expire_date`,`e`.`joinable`,`e`.`reported`,`e`.`add_time`,CONVERT(IF(b.id,'1','0'),UNSIGNED) 'bought' FROM `wk_entrance` `e` LEFT JOIN `wk_buy` `b` ON `b`.`entrance_id`=`e`.`id` WHERE  `e`.`expire_date` >= NOW()  AND `e`.`qrcode_id` = '13' [ RunTime:0.000258s ]
[2023-02-03T16:50:22+08:00][sql] SELECT `username` FROM `wk_user` WHERE  `id` = 29 LIMIT 1 [ RunTime:0.000123s ]
[2023-02-03T16:50:22+08:00][sql] SELECT `e`.`id`,`e`.`avatar`,`e`.`name`,`e`.`members`,`e`.`qr`,`e`.`expire_date`,`e`.`joinable`,`e`.`reported`,`e`.`add_time`,CONVERT(IF(b.id,'1','0'),UNSIGNED) 'bought' FROM `wk_entrance` `e` LEFT JOIN `wk_buy` `b` ON `b`.`entrance_id`=`e`.`id` WHERE  `e`.`expire_date` >= NOW()  AND `e`.`qrcode_id` = '14' [ RunTime:0.000810s ]
[2023-02-03T16:50:22+08:00][sql] SELECT `username` FROM `wk_user` WHERE  `id` = 29 LIMIT 1 [ RunTime:0.000143s ]
[2023-02-03T16:50:22+08:00][sql] SELECT `e`.`id`,`e`.`avatar`,`e`.`name`,`e`.`members`,`e`.`qr`,`e`.`expire_date`,`e`.`joinable`,`e`.`reported`,`e`.`add_time`,CONVERT(IF(b.id,'1','0'),UNSIGNED) 'bought' FROM `wk_entrance` `e` LEFT JOIN `wk_buy` `b` ON `b`.`entrance_id`=`e`.`id` WHERE  `e`.`expire_date` >= NOW()  AND `e`.`qrcode_id` = '15' [ RunTime:0.000248s ]
[2023-02-03T16:50:22+08:00][sql] SELECT `username` FROM `wk_user` WHERE  `id` = 29 LIMIT 1 [ RunTime:0.000130s ]
[2023-02-03T16:50:22+08:00][sql] SELECT `e`.`id`,`e`.`avatar`,`e`.`name`,`e`.`members`,`e`.`qr`,`e`.`expire_date`,`e`.`joinable`,`e`.`reported`,`e`.`add_time`,CONVERT(IF(b.id,'1','0'),UNSIGNED) 'bought' FROM `wk_entrance` `e` LEFT JOIN `wk_buy` `b` ON `b`.`entrance_id`=`e`.`id` WHERE  `e`.`expire_date` >= NOW()  AND `e`.`qrcode_id` = '16' [ RunTime:0.000213s ]
[2023-02-03T16:50:22+08:00][sql] SELECT `username` FROM `wk_user` WHERE  `id` = 29 LIMIT 1 [ RunTime:0.000123s ]
[2023-02-03T16:50:22+08:00][sql] SELECT `e`.`id`,`e`.`avatar`,`e`.`name`,`e`.`members`,`e`.`qr`,`e`.`expire_date`,`e`.`joinable`,`e`.`reported`,`e`.`add_time`,CONVERT(IF(b.id,'1','0'),UNSIGNED) 'bought' FROM `wk_entrance` `e` LEFT JOIN `wk_buy` `b` ON `b`.`entrance_id`=`e`.`id` WHERE  `e`.`expire_date` >= NOW()  AND `e`.`qrcode_id` = '17' [ RunTime:0.000200s ]
[2023-02-03T16:50:22+08:00][sql] SELECT `username` FROM `wk_user` WHERE  `id` = 29 LIMIT 1 [ RunTime:0.000165s ]
[2023-02-03T16:50:22+08:00][sql] SELECT `e`.`id`,`e`.`avatar`,`e`.`name`,`e`.`members`,`e`.`qr`,`e`.`expire_date`,`e`.`joinable`,`e`.`reported`,`e`.`add_time`,CONVERT(IF(b.id,'1','0'),UNSIGNED) 'bought' FROM `wk_entrance` `e` LEFT JOIN `wk_buy` `b` ON `b`.`entrance_id`=`e`.`id` WHERE  `e`.`expire_date` >= NOW()  AND `e`.`qrcode_id` = '18' [ RunTime:0.000822s ]
[2023-02-03T16:50:22+08:00][sql] SELECT `username` FROM `wk_user` WHERE  `id` = 29 LIMIT 1 [ RunTime:0.000160s ]
[2023-02-03T16:50:22+08:00][sql] SELECT `e`.`id`,`e`.`avatar`,`e`.`name`,`e`.`members`,`e`.`qr`,`e`.`expire_date`,`e`.`joinable`,`e`.`reported`,`e`.`add_time`,CONVERT(IF(b.id,'1','0'),UNSIGNED) 'bought' FROM `wk_entrance` `e` LEFT JOIN `wk_buy` `b` ON `b`.`entrance_id`=`e`.`id` WHERE  `e`.`expire_date` >= NOW()  AND `e`.`qrcode_id` = '19' [ RunTime:0.000461s ]
[2023-02-03T16:50:22+08:00][sql] SELECT `username` FROM `wk_user` WHERE  `id` = 29 LIMIT 1 [ RunTime:0.000415s ]
[2023-02-03T16:50:22+08:00][sql] SELECT `e`.`id`,`e`.`avatar`,`e`.`name`,`e`.`members`,`e`.`qr`,`e`.`expire_date`,`e`.`joinable`,`e`.`reported`,`e`.`add_time`,CONVERT(IF(b.id,'1','0'),UNSIGNED) 'bought' FROM `wk_entrance` `e` LEFT JOIN `wk_buy` `b` ON `b`.`entrance_id`=`e`.`id` WHERE  `e`.`expire_date` >= NOW()  AND `e`.`qrcode_id` = '20' [ RunTime:0.001597s ]
[2023-02-03T16:50:22+08:00][sql] SELECT `username` FROM `wk_user` WHERE  `id` = 29 LIMIT 1 [ RunTime:0.000367s ]
[2023-02-03T16:50:22+08:00][sql] SELECT `e`.`id`,`e`.`avatar`,`e`.`name`,`e`.`members`,`e`.`qr`,`e`.`expire_date`,`e`.`joinable`,`e`.`reported`,`e`.`add_time`,CONVERT(IF(b.id,'1','0'),UNSIGNED) 'bought' FROM `wk_entrance` `e` LEFT JOIN `wk_buy` `b` ON `b`.`entrance_id`=`e`.`id` WHERE  `e`.`expire_date` >= NOW()  AND `e`.`qrcode_id` = '21' [ RunTime:0.000325s ]
[2023-02-03T16:50:23+08:00][sql] CONNECT:[ UseTime:0.025307s ] mysql:host=localhost;port=3306;dbname=c2;charset=utf8mb4
[2023-02-03T16:50:23+08:00][sql] SHOW FULL COLUMNS FROM `wk_tag` [ RunTime:0.001617s ]
[2023-02-03T16:50:23+08:00][sql] SELECT `id`,`name` FROM `wk_tag` ORDER BY `id` [ RunTime:0.000262s ]
[2023-02-03T16:50:24+08:00][sql] CONNECT:[ UseTime:0.001430s ] mysql:host=localhost;port=3306;dbname=c2;charset=utf8mb4
[2023-02-03T16:50:24+08:00][sql] SHOW FULL COLUMNS FROM `wk_buy` [ RunTime:0.002070s ]
[2023-02-03T16:50:24+08:00][sql] SHOW FULL COLUMNS FROM `wk_entrance` [ RunTime:0.000872s ]
[2023-02-03T16:50:24+08:00][sql] SELECT COUNT(*) AS think_count FROM ( SELECT count(*) AS think_count FROM `wk_entrance` `e` LEFT JOIN `wk_buy` `b` ON `b`.`entrance_id`=`e`.`id` LEFT JOIN ( SELECT `id`,`entrance_id`,`user_id` FROM `wk_buy` ) `b2` ON `b2`.`entrance_id`=`e`.`id` LEFT JOIN `wk_tag` `t` ON FIND_IN_SET(t.id,e.tags) WHERE  `e`.`expire_date` >= NOW() GROUP BY `e`.`id` ) `_group_count_` LIMIT 1 [ RunTime:0.457131s ]
[2023-02-03T16:50:24+08:00][sql] SELECT `e`.`id`,`e`.`qrcode_id`,`e`.`name`,`e`.`avatar`,`e`.`expire_date`,`e`.`members`,`e`.`qr`,IFNULL(e.im,e.im2) im,`e`.`hide`,`e`.`update_time`,`e`.`add_time`,`e`.`company`,`e`.`province`,`e`.`city`,`e`.`district`,`e`.`status`,`e`.`joinable`,`e`.`error_msg`,GROUP_CONCAT(DISTINCT t.name) tags,`e`.`type`,COUNT(DISTINCT b.id) buy_cnt,COUNT(DISTINCT b2.id) buy_cnt_month FROM `wk_entrance` `e` LEFT JOIN `wk_buy` `b` ON `b`.`entrance_id`=`e`.`id` LEFT JOIN ( SELECT `id`,`entrance_id`,`user_id` FROM `wk_buy` ) `b2` ON `b2`.`entrance_id`=`e`.`id` LEFT JOIN `wk_tag` `t` ON FIND_IN_SET(t.id,e.tags) WHERE  `e`.`expire_date` >= NOW() GROUP BY `e`.`id` ORDER BY `e`.`id` DESC LIMIT 0,20 [ RunTime:0.372790s ]
[2023-02-03T16:50:25+08:00][sql] CONNECT:[ UseTime:0.001246s ] mysql:host=localhost;port=3306;dbname=c2;charset=utf8mb4
[2023-02-03T16:50:25+08:00][sql] SHOW FULL COLUMNS FROM `wk_tag` [ RunTime:0.001791s ]
[2023-02-03T16:50:25+08:00][sql] SELECT `id`,`name` FROM `wk_tag` ORDER BY `id` [ RunTime:0.000263s ]
[2023-02-03T16:50:25+08:00][sql] CONNECT:[ UseTime:0.001297s ] mysql:host=localhost;port=3306;dbname=c2;charset=utf8mb4
[2023-02-03T16:50:25+08:00][sql] SHOW FULL COLUMNS FROM `wk_qrcode` [ RunTime:0.000887s ]
[2023-02-03T16:50:25+08:00][sql] SELECT COUNT(*) AS think_count FROM ( SELECT q.id,q.user_id,q.code,q.company,q.province,q.city,q.district,q.remark,q.status,q.sub_status,q.err_msg,GROUP_CONCAT(t.name) tags,q.add_time,count(*) AS think_count FROM `wk_qrcode` `q` LEFT JOIN `wk_tag` `t` ON FIND_IN_SET(t.id,q.tags) GROUP BY `q`.`id` ) `_group_count_` LIMIT 1 [ RunTime:0.193280s ]
[2023-02-03T16:50:25+08:00][sql] SELECT q.id,q.user_id,q.code,q.company,q.province,q.city,q.district,q.remark,q.status,q.sub_status,q.err_msg,GROUP_CONCAT(t.name) tags,q.add_time,count(*) AS think_count FROM `wk_qrcode` `q` LEFT JOIN `wk_tag` `t` ON FIND_IN_SET(t.id,q.tags) GROUP BY `q`.`id` LIMIT 0,20 [ RunTime:0.101453s ]
[2023-02-03T16:50:25+08:00][sql] SHOW FULL COLUMNS FROM `wk_user` [ RunTime:0.001899s ]
[2023-02-03T16:50:25+08:00][sql] SELECT `username` FROM `wk_user` WHERE  `id` = 1 LIMIT 1 [ RunTime:0.001208s ]
[2023-02-03T16:50:25+08:00][sql] SHOW FULL COLUMNS FROM `wk_entrance` [ RunTime:0.000578s ]
[2023-02-03T16:50:25+08:00][sql] SELECT `e`.`id`,`e`.`avatar`,`e`.`name`,`e`.`members`,`e`.`qr`,`e`.`expire_date`,`e`.`joinable`,`e`.`reported`,`e`.`add_time`,CONVERT(IF(b.id,'1','0'),UNSIGNED) 'bought' FROM `wk_entrance` `e` LEFT JOIN `wk_buy` `b` ON `b`.`entrance_id`=`e`.`id` WHERE  `e`.`expire_date` >= NOW()  AND `e`.`qrcode_id` = '2' [ RunTime:0.001810s ]
[2023-02-03T16:50:25+08:00][sql] SELECT `username` FROM `wk_user` WHERE  `id` = 1 LIMIT 1 [ RunTime:0.000199s ]
[2023-02-03T16:50:25+08:00][sql] SELECT `e`.`id`,`e`.`avatar`,`e`.`name`,`e`.`members`,`e`.`qr`,`e`.`expire_date`,`e`.`joinable`,`e`.`reported`,`e`.`add_time`,CONVERT(IF(b.id,'1','0'),UNSIGNED) 'bought' FROM `wk_entrance` `e` LEFT JOIN `wk_buy` `b` ON `b`.`entrance_id`=`e`.`id` WHERE  `e`.`expire_date` >= NOW()  AND `e`.`qrcode_id` = '3' [ RunTime:0.000290s ]
[2023-02-03T16:50:25+08:00][sql] SELECT `username` FROM `wk_user` WHERE  `id` = 29 LIMIT 1 [ RunTime:0.000237s ]
[2023-02-03T16:50:25+08:00][sql] SELECT `e`.`id`,`e`.`avatar`,`e`.`name`,`e`.`members`,`e`.`qr`,`e`.`expire_date`,`e`.`joinable`,`e`.`reported`,`e`.`add_time`,CONVERT(IF(b.id,'1','0'),UNSIGNED) 'bought' FROM `wk_entrance` `e` LEFT JOIN `wk_buy` `b` ON `b`.`entrance_id`=`e`.`id` WHERE  `e`.`expire_date` >= NOW()  AND `e`.`qrcode_id` = '4' [ RunTime:0.000365s ]
[2023-02-03T16:50:25+08:00][sql] SELECT `username` FROM `wk_user` WHERE  `id` = 29 LIMIT 1 [ RunTime:0.000175s ]
[2023-02-03T16:50:25+08:00][sql] SELECT `e`.`id`,`e`.`avatar`,`e`.`name`,`e`.`members`,`e`.`qr`,`e`.`expire_date`,`e`.`joinable`,`e`.`reported`,`e`.`add_time`,CONVERT(IF(b.id,'1','0'),UNSIGNED) 'bought' FROM `wk_entrance` `e` LEFT JOIN `wk_buy` `b` ON `b`.`entrance_id`=`e`.`id` WHERE  `e`.`expire_date` >= NOW()  AND `e`.`qrcode_id` = '5' [ RunTime:0.000279s ]
[2023-02-03T16:50:25+08:00][sql] SELECT `username` FROM `wk_user` WHERE  `id` = 29 LIMIT 1 [ RunTime:0.000164s ]
[2023-02-03T16:50:25+08:00][sql] SELECT `e`.`id`,`e`.`avatar`,`e`.`name`,`e`.`members`,`e`.`qr`,`e`.`expire_date`,`e`.`joinable`,`e`.`reported`,`e`.`add_time`,CONVERT(IF(b.id,'1','0'),UNSIGNED) 'bought' FROM `wk_entrance` `e` LEFT JOIN `wk_buy` `b` ON `b`.`entrance_id`=`e`.`id` WHERE  `e`.`expire_date` >= NOW()  AND `e`.`qrcode_id` = '6' [ RunTime:0.000239s ]
[2023-02-03T16:50:25+08:00][sql] SELECT `username` FROM `wk_user` WHERE  `id` = 29 LIMIT 1 [ RunTime:0.000180s ]
[2023-02-03T16:50:25+08:00][sql] SELECT `e`.`id`,`e`.`avatar`,`e`.`name`,`e`.`members`,`e`.`qr`,`e`.`expire_date`,`e`.`joinable`,`e`.`reported`,`e`.`add_time`,CONVERT(IF(b.id,'1','0'),UNSIGNED) 'bought' FROM `wk_entrance` `e` LEFT JOIN `wk_buy` `b` ON `b`.`entrance_id`=`e`.`id` WHERE  `e`.`expire_date` >= NOW()  AND `e`.`qrcode_id` = '7' [ RunTime:0.000261s ]
[2023-02-03T16:50:25+08:00][sql] SELECT `username` FROM `wk_user` WHERE  `id` = 29 LIMIT 1 [ RunTime:0.000154s ]
[2023-02-03T16:50:25+08:00][sql] SELECT `e`.`id`,`e`.`avatar`,`e`.`name`,`e`.`members`,`e`.`qr`,`e`.`expire_date`,`e`.`joinable`,`e`.`reported`,`e`.`add_time`,CONVERT(IF(b.id,'1','0'),UNSIGNED) 'bought' FROM `wk_entrance` `e` LEFT JOIN `wk_buy` `b` ON `b`.`entrance_id`=`e`.`id` WHERE  `e`.`expire_date` >= NOW()  AND `e`.`qrcode_id` = '8' [ RunTime:0.000224s ]
[2023-02-03T16:50:25+08:00][sql] SELECT `username` FROM `wk_user` WHERE  `id` = 29 LIMIT 1 [ RunTime:0.000127s ]
[2023-02-03T16:50:25+08:00][sql] SELECT `e`.`id`,`e`.`avatar`,`e`.`name`,`e`.`members`,`e`.`qr`,`e`.`expire_date`,`e`.`joinable`,`e`.`reported`,`e`.`add_time`,CONVERT(IF(b.id,'1','0'),UNSIGNED) 'bought' FROM `wk_entrance` `e` LEFT JOIN `wk_buy` `b` ON `b`.`entrance_id`=`e`.`id` WHERE  `e`.`expire_date` >= NOW()  AND `e`.`qrcode_id` = '9' [ RunTime:0.000202s ]
[2023-02-03T16:50:25+08:00][sql] SELECT `username` FROM `wk_user` WHERE  `id` = 29 LIMIT 1 [ RunTime:0.000123s ]
[2023-02-03T16:50:25+08:00][sql] SELECT `e`.`id`,`e`.`avatar`,`e`.`name`,`e`.`members`,`e`.`qr`,`e`.`expire_date`,`e`.`joinable`,`e`.`reported`,`e`.`add_time`,CONVERT(IF(b.id,'1','0'),UNSIGNED) 'bought' FROM `wk_entrance` `e` LEFT JOIN `wk_buy` `b` ON `b`.`entrance_id`=`e`.`id` WHERE  `e`.`expire_date` >= NOW()  AND `e`.`qrcode_id` = '10' [ RunTime:0.000298s ]
[2023-02-03T16:50:25+08:00][sql] SELECT `username` FROM `wk_user` WHERE  `id` = 29 LIMIT 1 [ RunTime:0.000136s ]
[2023-02-03T16:50:25+08:00][sql] SELECT `e`.`id`,`e`.`avatar`,`e`.`name`,`e`.`members`,`e`.`qr`,`e`.`expire_date`,`e`.`joinable`,`e`.`reported`,`e`.`add_time`,CONVERT(IF(b.id,'1','0'),UNSIGNED) 'bought' FROM `wk_entrance` `e` LEFT JOIN `wk_buy` `b` ON `b`.`entrance_id`=`e`.`id` WHERE  `e`.`expire_date` >= NOW()  AND `e`.`qrcode_id` = '11' [ RunTime:0.000237s ]
[2023-02-03T16:50:25+08:00][sql] SELECT `username` FROM `wk_user` WHERE  `id` = 29 LIMIT 1 [ RunTime:0.000231s ]
[2023-02-03T16:50:25+08:00][sql] SELECT `e`.`id`,`e`.`avatar`,`e`.`name`,`e`.`members`,`e`.`qr`,`e`.`expire_date`,`e`.`joinable`,`e`.`reported`,`e`.`add_time`,CONVERT(IF(b.id,'1','0'),UNSIGNED) 'bought' FROM `wk_entrance` `e` LEFT JOIN `wk_buy` `b` ON `b`.`entrance_id`=`e`.`id` WHERE  `e`.`expire_date` >= NOW()  AND `e`.`qrcode_id` = '12' [ RunTime:0.000329s ]
[2023-02-03T16:50:25+08:00][sql] SELECT `username` FROM `wk_user` WHERE  `id` = 29 LIMIT 1 [ RunTime:0.000137s ]
[2023-02-03T16:50:25+08:00][sql] SELECT `e`.`id`,`e`.`avatar`,`e`.`name`,`e`.`members`,`e`.`qr`,`e`.`expire_date`,`e`.`joinable`,`e`.`reported`,`e`.`add_time`,CONVERT(IF(b.id,'1','0'),UNSIGNED) 'bought' FROM `wk_entrance` `e` LEFT JOIN `wk_buy` `b` ON `b`.`entrance_id`=`e`.`id` WHERE  `e`.`expire_date` >= NOW()  AND `e`.`qrcode_id` = '13' [ RunTime:0.000201s ]
[2023-02-03T16:50:25+08:00][sql] SELECT `username` FROM `wk_user` WHERE  `id` = 29 LIMIT 1 [ RunTime:0.000126s ]
[2023-02-03T16:50:25+08:00][sql] SELECT `e`.`id`,`e`.`avatar`,`e`.`name`,`e`.`members`,`e`.`qr`,`e`.`expire_date`,`e`.`joinable`,`e`.`reported`,`e`.`add_time`,CONVERT(IF(b.id,'1','0'),UNSIGNED) 'bought' FROM `wk_entrance` `e` LEFT JOIN `wk_buy` `b` ON `b`.`entrance_id`=`e`.`id` WHERE  `e`.`expire_date` >= NOW()  AND `e`.`qrcode_id` = '14' [ RunTime:0.000215s ]
[2023-02-03T16:50:25+08:00][sql] SELECT `username` FROM `wk_user` WHERE  `id` = 29 LIMIT 1 [ RunTime:0.000255s ]
[2023-02-03T16:50:25+08:00][sql] SELECT `e`.`id`,`e`.`avatar`,`e`.`name`,`e`.`members`,`e`.`qr`,`e`.`expire_date`,`e`.`joinable`,`e`.`reported`,`e`.`add_time`,CONVERT(IF(b.id,'1','0'),UNSIGNED) 'bought' FROM `wk_entrance` `e` LEFT JOIN `wk_buy` `b` ON `b`.`entrance_id`=`e`.`id` WHERE  `e`.`expire_date` >= NOW()  AND `e`.`qrcode_id` = '15' [ RunTime:0.000313s ]
[2023-02-03T16:50:25+08:00][sql] SELECT `username` FROM `wk_user` WHERE  `id` = 29 LIMIT 1 [ RunTime:0.000192s ]
[2023-02-03T16:50:25+08:00][sql] SELECT `e`.`id`,`e`.`avatar`,`e`.`name`,`e`.`members`,`e`.`qr`,`e`.`expire_date`,`e`.`joinable`,`e`.`reported`,`e`.`add_time`,CONVERT(IF(b.id,'1','0'),UNSIGNED) 'bought' FROM `wk_entrance` `e` LEFT JOIN `wk_buy` `b` ON `b`.`entrance_id`=`e`.`id` WHERE  `e`.`expire_date` >= NOW()  AND `e`.`qrcode_id` = '16' [ RunTime:0.000345s ]
[2023-02-03T16:50:25+08:00][sql] SELECT `username` FROM `wk_user` WHERE  `id` = 29 LIMIT 1 [ RunTime:0.000349s ]
[2023-02-03T16:50:25+08:00][sql] SELECT `e`.`id`,`e`.`avatar`,`e`.`name`,`e`.`members`,`e`.`qr`,`e`.`expire_date`,`e`.`joinable`,`e`.`reported`,`e`.`add_time`,CONVERT(IF(b.id,'1','0'),UNSIGNED) 'bought' FROM `wk_entrance` `e` LEFT JOIN `wk_buy` `b` ON `b`.`entrance_id`=`e`.`id` WHERE  `e`.`expire_date` >= NOW()  AND `e`.`qrcode_id` = '17' [ RunTime:0.000532s ]
[2023-02-03T16:50:25+08:00][sql] SELECT `username` FROM `wk_user` WHERE  `id` = 29 LIMIT 1 [ RunTime:0.000428s ]
[2023-02-03T16:50:25+08:00][sql] SELECT `e`.`id`,`e`.`avatar`,`e`.`name`,`e`.`members`,`e`.`qr`,`e`.`expire_date`,`e`.`joinable`,`e`.`reported`,`e`.`add_time`,CONVERT(IF(b.id,'1','0'),UNSIGNED) 'bought' FROM `wk_entrance` `e` LEFT JOIN `wk_buy` `b` ON `b`.`entrance_id`=`e`.`id` WHERE  `e`.`expire_date` >= NOW()  AND `e`.`qrcode_id` = '18' [ RunTime:0.000599s ]
[2023-02-03T16:50:25+08:00][sql] SELECT `username` FROM `wk_user` WHERE  `id` = 29 LIMIT 1 [ RunTime:0.000240s ]
[2023-02-03T16:50:25+08:00][sql] SELECT `e`.`id`,`e`.`avatar`,`e`.`name`,`e`.`members`,`e`.`qr`,`e`.`expire_date`,`e`.`joinable`,`e`.`reported`,`e`.`add_time`,CONVERT(IF(b.id,'1','0'),UNSIGNED) 'bought' FROM `wk_entrance` `e` LEFT JOIN `wk_buy` `b` ON `b`.`entrance_id`=`e`.`id` WHERE  `e`.`expire_date` >= NOW()  AND `e`.`qrcode_id` = '19' [ RunTime:0.000285s ]
[2023-02-03T16:50:25+08:00][sql] SELECT `username` FROM `wk_user` WHERE  `id` = 29 LIMIT 1 [ RunTime:0.000126s ]
[2023-02-03T16:50:25+08:00][sql] SELECT `e`.`id`,`e`.`avatar`,`e`.`name`,`e`.`members`,`e`.`qr`,`e`.`expire_date`,`e`.`joinable`,`e`.`reported`,`e`.`add_time`,CONVERT(IF(b.id,'1','0'),UNSIGNED) 'bought' FROM `wk_entrance` `e` LEFT JOIN `wk_buy` `b` ON `b`.`entrance_id`=`e`.`id` WHERE  `e`.`expire_date` >= NOW()  AND `e`.`qrcode_id` = '20' [ RunTime:0.000234s ]
[2023-02-03T16:50:25+08:00][sql] SELECT `username` FROM `wk_user` WHERE  `id` = 29 LIMIT 1 [ RunTime:0.000125s ]
[2023-02-03T16:50:25+08:00][sql] SELECT `e`.`id`,`e`.`avatar`,`e`.`name`,`e`.`members`,`e`.`qr`,`e`.`expire_date`,`e`.`joinable`,`e`.`reported`,`e`.`add_time`,CONVERT(IF(b.id,'1','0'),UNSIGNED) 'bought' FROM `wk_entrance` `e` LEFT JOIN `wk_buy` `b` ON `b`.`entrance_id`=`e`.`id` WHERE  `e`.`expire_date` >= NOW()  AND `e`.`qrcode_id` = '21' [ RunTime:0.000233s ]
[2023-02-03T16:55:06+08:00][sql] CONNECT:[ UseTime:0.021452s ] mysql:host=localhost;port=3306;dbname=c2;charset=utf8mb4
[2023-02-03T16:55:06+08:00][sql] SHOW FULL COLUMNS FROM `wk_tag` [ RunTime:0.001328s ]
[2023-02-03T16:55:06+08:00][sql] SELECT `id`,`name` FROM `wk_tag` ORDER BY `id` [ RunTime:0.000266s ]
[2023-02-03T16:55:07+08:00][sql] CONNECT:[ UseTime:0.015798s ] mysql:host=localhost;port=3306;dbname=c2;charset=utf8mb4
[2023-02-03T16:55:07+08:00][sql] SHOW FULL COLUMNS FROM `wk_buy` [ RunTime:0.001481s ]
[2023-02-03T16:55:07+08:00][sql] SHOW FULL COLUMNS FROM `wk_entrance` [ RunTime:0.000560s ]
[2023-02-03T16:55:07+08:00][sql] SELECT COUNT(*) AS think_count FROM ( SELECT count(*) AS think_count FROM `wk_entrance` `e` LEFT JOIN `wk_buy` `b` ON `b`.`entrance_id`=`e`.`id` LEFT JOIN ( SELECT `id`,`entrance_id`,`user_id` FROM `wk_buy` ) `b2` ON `b2`.`entrance_id`=`e`.`id` LEFT JOIN `wk_tag` `t` ON FIND_IN_SET(t.id,e.tags) WHERE  `e`.`expire_date` >= NOW() GROUP BY `e`.`id` ) `_group_count_` LIMIT 1 [ RunTime:0.456690s ]
[2023-02-03T16:55:07+08:00][sql] SELECT `e`.`id`,`e`.`qrcode_id`,`e`.`name`,`e`.`avatar`,`e`.`expire_date`,`e`.`members`,`e`.`qr`,IFNULL(e.im,e.im2) im,`e`.`hide`,`e`.`update_time`,`e`.`add_time`,`e`.`company`,`e`.`province`,`e`.`city`,`e`.`district`,`e`.`status`,`e`.`joinable`,`e`.`error_msg`,GROUP_CONCAT(DISTINCT t.name) tags,`e`.`type`,COUNT(DISTINCT b.id) buy_cnt,COUNT(DISTINCT b2.id) buy_cnt_month FROM `wk_entrance` `e` LEFT JOIN `wk_buy` `b` ON `b`.`entrance_id`=`e`.`id` LEFT JOIN ( SELECT `id`,`entrance_id`,`user_id` FROM `wk_buy` ) `b2` ON `b2`.`entrance_id`=`e`.`id` LEFT JOIN `wk_tag` `t` ON FIND_IN_SET(t.id,e.tags) WHERE  `e`.`expire_date` >= NOW() GROUP BY `e`.`id` ORDER BY `e`.`id` DESC LIMIT 0,20 [ RunTime:0.368323s ]
[2023-02-03T19:06:01+08:00][sql] CONNECT:[ UseTime:0.001735s ] mysql:host=localhost;port=3306;dbname=c2;charset=utf8mb4
[2023-02-03T19:06:01+08:00][sql] SHOW FULL COLUMNS FROM `wk_admin` [ RunTime:0.001316s ]
[2023-02-03T19:06:01+08:00][sql] SELECT `id`,`username` FROM `wk_admin` WHERE  `id` = 1 LIMIT 1 [ RunTime:0.000882s ]
[2023-02-03T19:06:02+08:00][sql] CONNECT:[ UseTime:0.000843s ] mysql:host=localhost;port=3306;dbname=c2;charset=utf8mb4
[2023-02-03T19:06:02+08:00][sql] SHOW FULL COLUMNS FROM `wk_qrcode` [ RunTime:0.001368s ]
[2023-02-03T19:06:02+08:00][sql] SELECT DATE(add_time) `date`,COUNT(id) quantity FROM `wk_qrcode` WHERE  ( DATE(add_time) >= DATE_SUB(CURDATE(),INTERVAL 7 DAY) ) GROUP BY `date` [ RunTime:0.008546s ]
[2023-02-03T19:06:02+08:00][sql] SHOW FULL COLUMNS FROM `wk_entrance` [ RunTime:0.000682s ]
[2023-02-03T19:06:02+08:00][sql] SELECT DATE(add_time) `date`,COUNT(id) quantity FROM `wk_entrance` WHERE  ( DATE(add_time) >= DATE_SUB(CURDATE(),INTERVAL 7 DAY) ) GROUP BY `date` [ RunTime:0.709971s ]
[2023-02-03T19:06:02+08:00][sql] SHOW FULL COLUMNS FROM `wk_buy` [ RunTime:0.000595s ]
[2023-02-03T19:06:02+08:00][sql] SELECT DATE(add_time) `date`,COUNT(id) quantity FROM `wk_buy` WHERE  ( DATE(add_time) >= DATE_SUB(CURDATE(),INTERVAL 7 DAY) ) GROUP BY `date` [ RunTime:0.044636s ]
[2023-02-03T19:06:03+08:00][sql] CONNECT:[ UseTime:0.000848s ] mysql:host=localhost;port=3306;dbname=c2;charset=utf8mb4
[2023-02-03T19:06:03+08:00][sql] SHOW FULL COLUMNS FROM `wk_provider` [ RunTime:0.000540s ]
[2023-02-03T19:06:03+08:00][sql] SELECT `id`,`username`,`name`,`score`,`enable`,`add_time` FROM `wk_provider` WHERE  `enable` = 1 ORDER BY `id` DESC LIMIT 0,20 [ RunTime:0.000192s ]
[2023-02-03T19:06:03+08:00][sql] SELECT COUNT(*) AS think_count FROM `wk_provider` WHERE  `enable` = 1 ORDER BY `id` DESC LIMIT 1 [ RunTime:0.000195s ]
[2023-02-03T19:06:04+08:00][sql] CONNECT:[ UseTime:0.000877s ] mysql:host=localhost;port=3306;dbname=c2;charset=utf8mb4
[2023-02-03T19:06:04+08:00][sql] SHOW FULL COLUMNS FROM `wk_user` [ RunTime:0.001285s ]
[2023-02-03T19:06:04+08:00][sql] SELECT COUNT(*) AS think_count FROM `wk_user` WHERE  `enable` = 1 LIMIT 1 [ RunTime:0.001458s ]
[2023-02-03T19:06:04+08:00][sql] SELECT `id`,`username`,`name`,`enable`,`invite_user_id`,`balance`,`score`,`add_time` FROM `wk_user` WHERE  `enable` = 1 ORDER BY `id` DESC LIMIT 0,20 [ RunTime:0.000243s ]
[2023-02-03T19:06:04+08:00][sql] SELECT `username` FROM `wk_user` WHERE  `id` = 1 LIMIT 1 [ RunTime:0.000163s ]
[2023-02-03T19:06:04+08:00][sql] SELECT `username` FROM `wk_user` WHERE  `id` = 1 LIMIT 1 [ RunTime:0.000145s ]
[2023-02-03T19:06:04+08:00][sql] SELECT `username` FROM `wk_user` WHERE  `id` = 1 LIMIT 1 [ RunTime:0.000142s ]
[2023-02-03T19:06:04+08:00][sql] SELECT `username` FROM `wk_user` WHERE  `id` = 1 LIMIT 1 [ RunTime:0.000149s ]
[2023-02-03T19:06:04+08:00][sql] SELECT `username` FROM `wk_user` WHERE  `id` = 1 LIMIT 1 [ RunTime:0.000146s ]
[2023-02-03T19:06:04+08:00][sql] SELECT `username` FROM `wk_user` WHERE  `id` = 1 LIMIT 1 [ RunTime:0.000240s ]
[2023-02-03T19:06:04+08:00][sql] SELECT `username` FROM `wk_user` WHERE  `id` = 1 LIMIT 1 [ RunTime:0.000356s ]
[2023-02-03T19:06:04+08:00][sql] SELECT `username` FROM `wk_user` WHERE  `id` = 1 LIMIT 1 [ RunTime:0.000569s ]
[2023-02-03T19:06:04+08:00][sql] SELECT `username` FROM `wk_user` WHERE  `id` = 1 LIMIT 1 [ RunTime:0.000497s ]
[2023-02-03T19:06:04+08:00][sql] SELECT `username` FROM `wk_user` WHERE  `id` = 1 LIMIT 1 [ RunTime:0.000399s ]
[2023-02-03T19:06:04+08:00][sql] SELECT `username` FROM `wk_user` WHERE  `id` = 1 LIMIT 1 [ RunTime:0.000351s ]
[2023-02-03T19:06:04+08:00][sql] SELECT `username` FROM `wk_user` WHERE  `id` = 1 LIMIT 1 [ RunTime:0.000269s ]
[2023-02-03T19:06:04+08:00][sql] SELECT `username` FROM `wk_user` WHERE  `id` = 1 LIMIT 1 [ RunTime:0.000140s ]
[2023-02-03T19:06:04+08:00][sql] SELECT `username` FROM `wk_user` WHERE  `id` = 1 LIMIT 1 [ RunTime:0.000159s ]
[2023-02-03T19:06:04+08:00][sql] SELECT `username` FROM `wk_user` WHERE  `id` = 1 LIMIT 1 [ RunTime:0.000183s ]
[2023-02-03T19:06:04+08:00][sql] SELECT `username` FROM `wk_user` WHERE  `id` = 1 LIMIT 1 [ RunTime:0.000126s ]
[2023-02-03T19:06:04+08:00][sql] SELECT `username` FROM `wk_user` WHERE  `id` = 1 LIMIT 1 [ RunTime:0.000121s ]
[2023-02-03T19:06:04+08:00][sql] SELECT `username` FROM `wk_user` WHERE  `id` = 1 LIMIT 1 [ RunTime:0.000118s ]
[2023-02-03T19:06:04+08:00][sql] SELECT `username` FROM `wk_user` WHERE  `id` = 1 LIMIT 1 [ RunTime:0.000123s ]
[2023-02-03T19:06:04+08:00][sql] SELECT `username` FROM `wk_user` WHERE  `id` = 1 LIMIT 1 [ RunTime:0.000118s ]
[2023-02-03T19:06:08+08:00][sql] CONNECT:[ UseTime:0.001043s ] mysql:host=localhost;port=3306;dbname=c2;charset=utf8mb4
[2023-02-03T19:06:08+08:00][sql] SHOW FULL COLUMNS FROM `wk_tag` [ RunTime:0.000735s ]
[2023-02-03T19:06:08+08:00][sql] SELECT `id`,`name` FROM `wk_tag` ORDER BY `id` [ RunTime:0.000247s ]
[2023-02-03T19:06:08+08:00][sql] CONNECT:[ UseTime:0.001004s ] mysql:host=localhost;port=3306;dbname=c2;charset=utf8mb4
[2023-02-03T19:06:08+08:00][sql] SHOW FULL COLUMNS FROM `wk_qrcode` [ RunTime:0.000692s ]
[2023-02-03T19:06:08+08:00][sql] SELECT COUNT(*) AS think_count FROM ( SELECT q.id,q.user_id,q.code,q.company,q.province,q.city,q.district,q.remark,q.status,q.sub_status,q.err_msg,GROUP_CONCAT(t.name) tags,q.add_time,count(*) AS think_count FROM `wk_qrcode` `q` LEFT JOIN `wk_tag` `t` ON FIND_IN_SET(t.id,q.tags) GROUP BY `q`.`id` ) `_group_count_` LIMIT 1 [ RunTime:0.159690s ]
[2023-02-03T19:06:08+08:00][sql] SELECT q.id,q.user_id,q.code,q.company,q.province,q.city,q.district,q.remark,q.status,q.sub_status,q.err_msg,GROUP_CONCAT(t.name) tags,q.add_time,count(*) AS think_count FROM `wk_qrcode` `q` LEFT JOIN `wk_tag` `t` ON FIND_IN_SET(t.id,q.tags) GROUP BY `q`.`id` LIMIT 0,20 [ RunTime:0.103173s ]
[2023-02-03T19:06:08+08:00][sql] SHOW FULL COLUMNS FROM `wk_user` [ RunTime:0.000694s ]
[2023-02-03T19:06:08+08:00][sql] SELECT `username` FROM `wk_user` WHERE  `id` = 1 LIMIT 1 [ RunTime:0.000356s ]
[2023-02-03T19:06:08+08:00][sql] SHOW FULL COLUMNS FROM `wk_entrance` [ RunTime:0.000634s ]
[2023-02-03T19:06:08+08:00][sql] SELECT `e`.`id`,`e`.`avatar`,`e`.`name`,`e`.`members`,`e`.`qr`,`e`.`expire_date`,`e`.`joinable`,`e`.`reported`,`e`.`add_time`,CONVERT(IF(b.id,'1','0'),UNSIGNED) 'bought' FROM `wk_entrance` `e` LEFT JOIN `wk_buy` `b` ON `b`.`entrance_id`=`e`.`id` WHERE  `e`.`expire_date` >= NOW()  AND `e`.`qrcode_id` = '2' [ RunTime:0.000754s ]
[2023-02-03T19:06:08+08:00][sql] SELECT `username` FROM `wk_user` WHERE  `id` = 1 LIMIT 1 [ RunTime:0.000202s ]
[2023-02-03T19:06:08+08:00][sql] SELECT `e`.`id`,`e`.`avatar`,`e`.`name`,`e`.`members`,`e`.`qr`,`e`.`expire_date`,`e`.`joinable`,`e`.`reported`,`e`.`add_time`,CONVERT(IF(b.id,'1','0'),UNSIGNED) 'bought' FROM `wk_entrance` `e` LEFT JOIN `wk_buy` `b` ON `b`.`entrance_id`=`e`.`id` WHERE  `e`.`expire_date` >= NOW()  AND `e`.`qrcode_id` = '3' [ RunTime:0.000329s ]
[2023-02-03T19:06:08+08:00][sql] SELECT `username` FROM `wk_user` WHERE  `id` = 29 LIMIT 1 [ RunTime:0.000194s ]
[2023-02-03T19:06:08+08:00][sql] SELECT `e`.`id`,`e`.`avatar`,`e`.`name`,`e`.`members`,`e`.`qr`,`e`.`expire_date`,`e`.`joinable`,`e`.`reported`,`e`.`add_time`,CONVERT(IF(b.id,'1','0'),UNSIGNED) 'bought' FROM `wk_entrance` `e` LEFT JOIN `wk_buy` `b` ON `b`.`entrance_id`=`e`.`id` WHERE  `e`.`expire_date` >= NOW()  AND `e`.`qrcode_id` = '4' [ RunTime:0.000606s ]
[2023-02-03T19:06:08+08:00][sql] SELECT `username` FROM `wk_user` WHERE  `id` = 29 LIMIT 1 [ RunTime:0.000364s ]
[2023-02-03T19:06:08+08:00][sql] SELECT `e`.`id`,`e`.`avatar`,`e`.`name`,`e`.`members`,`e`.`qr`,`e`.`expire_date`,`e`.`joinable`,`e`.`reported`,`e`.`add_time`,CONVERT(IF(b.id,'1','0'),UNSIGNED) 'bought' FROM `wk_entrance` `e` LEFT JOIN `wk_buy` `b` ON `b`.`entrance_id`=`e`.`id` WHERE  `e`.`expire_date` >= NOW()  AND `e`.`qrcode_id` = '5' [ RunTime:0.000934s ]
[2023-02-03T19:06:08+08:00][sql] SELECT `username` FROM `wk_user` WHERE  `id` = 29 LIMIT 1 [ RunTime:0.000539s ]
[2023-02-03T19:06:08+08:00][sql] SELECT `e`.`id`,`e`.`avatar`,`e`.`name`,`e`.`members`,`e`.`qr`,`e`.`expire_date`,`e`.`joinable`,`e`.`reported`,`e`.`add_time`,CONVERT(IF(b.id,'1','0'),UNSIGNED) 'bought' FROM `wk_entrance` `e` LEFT JOIN `wk_buy` `b` ON `b`.`entrance_id`=`e`.`id` WHERE  `e`.`expire_date` >= NOW()  AND `e`.`qrcode_id` = '6' [ RunTime:0.000863s ]
[2023-02-03T19:06:08+08:00][sql] SELECT `username` FROM `wk_user` WHERE  `id` = 29 LIMIT 1 [ RunTime:0.000226s ]
[2023-02-03T19:06:08+08:00][sql] SELECT `e`.`id`,`e`.`avatar`,`e`.`name`,`e`.`members`,`e`.`qr`,`e`.`expire_date`,`e`.`joinable`,`e`.`reported`,`e`.`add_time`,CONVERT(IF(b.id,'1','0'),UNSIGNED) 'bought' FROM `wk_entrance` `e` LEFT JOIN `wk_buy` `b` ON `b`.`entrance_id`=`e`.`id` WHERE  `e`.`expire_date` >= NOW()  AND `e`.`qrcode_id` = '7' [ RunTime:0.000382s ]
[2023-02-03T19:06:08+08:00][sql] SELECT `username` FROM `wk_user` WHERE  `id` = 29 LIMIT 1 [ RunTime:0.000208s ]
[2023-02-03T19:06:08+08:00][sql] SELECT `e`.`id`,`e`.`avatar`,`e`.`name`,`e`.`members`,`e`.`qr`,`e`.`expire_date`,`e`.`joinable`,`e`.`reported`,`e`.`add_time`,CONVERT(IF(b.id,'1','0'),UNSIGNED) 'bought' FROM `wk_entrance` `e` LEFT JOIN `wk_buy` `b` ON `b`.`entrance_id`=`e`.`id` WHERE  `e`.`expire_date` >= NOW()  AND `e`.`qrcode_id` = '8' [ RunTime:0.000309s ]
[2023-02-03T19:06:08+08:00][sql] SELECT `username` FROM `wk_user` WHERE  `id` = 29 LIMIT 1 [ RunTime:0.000188s ]
[2023-02-03T19:06:08+08:00][sql] SELECT `e`.`id`,`e`.`avatar`,`e`.`name`,`e`.`members`,`e`.`qr`,`e`.`expire_date`,`e`.`joinable`,`e`.`reported`,`e`.`add_time`,CONVERT(IF(b.id,'1','0'),UNSIGNED) 'bought' FROM `wk_entrance` `e` LEFT JOIN `wk_buy` `b` ON `b`.`entrance_id`=`e`.`id` WHERE  `e`.`expire_date` >= NOW()  AND `e`.`qrcode_id` = '9' [ RunTime:0.000297s ]
[2023-02-03T19:06:08+08:00][sql] SELECT `username` FROM `wk_user` WHERE  `id` = 29 LIMIT 1 [ RunTime:0.000239s ]
[2023-02-03T19:06:08+08:00][sql] SELECT `e`.`id`,`e`.`avatar`,`e`.`name`,`e`.`members`,`e`.`qr`,`e`.`expire_date`,`e`.`joinable`,`e`.`reported`,`e`.`add_time`,CONVERT(IF(b.id,'1','0'),UNSIGNED) 'bought' FROM `wk_entrance` `e` LEFT JOIN `wk_buy` `b` ON `b`.`entrance_id`=`e`.`id` WHERE  `e`.`expire_date` >= NOW()  AND `e`.`qrcode_id` = '10' [ RunTime:0.000347s ]
[2023-02-03T19:06:08+08:00][sql] SELECT `username` FROM `wk_user` WHERE  `id` = 29 LIMIT 1 [ RunTime:0.000132s ]
[2023-02-03T19:06:08+08:00][sql] SELECT `e`.`id`,`e`.`avatar`,`e`.`name`,`e`.`members`,`e`.`qr`,`e`.`expire_date`,`e`.`joinable`,`e`.`reported`,`e`.`add_time`,CONVERT(IF(b.id,'1','0'),UNSIGNED) 'bought' FROM `wk_entrance` `e` LEFT JOIN `wk_buy` `b` ON `b`.`entrance_id`=`e`.`id` WHERE  `e`.`expire_date` >= NOW()  AND `e`.`qrcode_id` = '11' [ RunTime:0.000248s ]
[2023-02-03T19:06:08+08:00][sql] SELECT `username` FROM `wk_user` WHERE  `id` = 29 LIMIT 1 [ RunTime:0.000202s ]
[2023-02-03T19:06:08+08:00][sql] SELECT `e`.`id`,`e`.`avatar`,`e`.`name`,`e`.`members`,`e`.`qr`,`e`.`expire_date`,`e`.`joinable`,`e`.`reported`,`e`.`add_time`,CONVERT(IF(b.id,'1','0'),UNSIGNED) 'bought' FROM `wk_entrance` `e` LEFT JOIN `wk_buy` `b` ON `b`.`entrance_id`=`e`.`id` WHERE  `e`.`expire_date` >= NOW()  AND `e`.`qrcode_id` = '12' [ RunTime:0.000250s ]
[2023-02-03T19:06:08+08:00][sql] SELECT `username` FROM `wk_user` WHERE  `id` = 29 LIMIT 1 [ RunTime:0.000134s ]
[2023-02-03T19:06:08+08:00][sql] SELECT `e`.`id`,`e`.`avatar`,`e`.`name`,`e`.`members`,`e`.`qr`,`e`.`expire_date`,`e`.`joinable`,`e`.`reported`,`e`.`add_time`,CONVERT(IF(b.id,'1','0'),UNSIGNED) 'bought' FROM `wk_entrance` `e` LEFT JOIN `wk_buy` `b` ON `b`.`entrance_id`=`e`.`id` WHERE  `e`.`expire_date` >= NOW()  AND `e`.`qrcode_id` = '13' [ RunTime:0.000748s ]
[2023-02-03T19:06:08+08:00][sql] SELECT `username` FROM `wk_user` WHERE  `id` = 29 LIMIT 1 [ RunTime:0.000309s ]
[2023-02-03T19:06:08+08:00][sql] SELECT `e`.`id`,`e`.`avatar`,`e`.`name`,`e`.`members`,`e`.`qr`,`e`.`expire_date`,`e`.`joinable`,`e`.`reported`,`e`.`add_time`,CONVERT(IF(b.id,'1','0'),UNSIGNED) 'bought' FROM `wk_entrance` `e` LEFT JOIN `wk_buy` `b` ON `b`.`entrance_id`=`e`.`id` WHERE  `e`.`expire_date` >= NOW()  AND `e`.`qrcode_id` = '14' [ RunTime:0.000343s ]
[2023-02-03T19:06:08+08:00][sql] SELECT `username` FROM `wk_user` WHERE  `id` = 29 LIMIT 1 [ RunTime:0.000130s ]
[2023-02-03T19:06:08+08:00][sql] SELECT `e`.`id`,`e`.`avatar`,`e`.`name`,`e`.`members`,`e`.`qr`,`e`.`expire_date`,`e`.`joinable`,`e`.`reported`,`e`.`add_time`,CONVERT(IF(b.id,'1','0'),UNSIGNED) 'bought' FROM `wk_entrance` `e` LEFT JOIN `wk_buy` `b` ON `b`.`entrance_id`=`e`.`id` WHERE  `e`.`expire_date` >= NOW()  AND `e`.`qrcode_id` = '15' [ RunTime:0.000287s ]
[2023-02-03T19:06:08+08:00][sql] SELECT `username` FROM `wk_user` WHERE  `id` = 29 LIMIT 1 [ RunTime:0.000157s ]
[2023-02-03T19:06:08+08:00][sql] SELECT `e`.`id`,`e`.`avatar`,`e`.`name`,`e`.`members`,`e`.`qr`,`e`.`expire_date`,`e`.`joinable`,`e`.`reported`,`e`.`add_time`,CONVERT(IF(b.id,'1','0'),UNSIGNED) 'bought' FROM `wk_entrance` `e` LEFT JOIN `wk_buy` `b` ON `b`.`entrance_id`=`e`.`id` WHERE  `e`.`expire_date` >= NOW()  AND `e`.`qrcode_id` = '16' [ RunTime:0.000231s ]
[2023-02-03T19:06:08+08:00][sql] SELECT `username` FROM `wk_user` WHERE  `id` = 29 LIMIT 1 [ RunTime:0.000127s ]
[2023-02-03T19:06:08+08:00][sql] SELECT `e`.`id`,`e`.`avatar`,`e`.`name`,`e`.`members`,`e`.`qr`,`e`.`expire_date`,`e`.`joinable`,`e`.`reported`,`e`.`add_time`,CONVERT(IF(b.id,'1','0'),UNSIGNED) 'bought' FROM `wk_entrance` `e` LEFT JOIN `wk_buy` `b` ON `b`.`entrance_id`=`e`.`id` WHERE  `e`.`expire_date` >= NOW()  AND `e`.`qrcode_id` = '17' [ RunTime:0.000217s ]
[2023-02-03T19:06:08+08:00][sql] SELECT `username` FROM `wk_user` WHERE  `id` = 29 LIMIT 1 [ RunTime:0.000123s ]
[2023-02-03T19:06:08+08:00][sql] SELECT `e`.`id`,`e`.`avatar`,`e`.`name`,`e`.`members`,`e`.`qr`,`e`.`expire_date`,`e`.`joinable`,`e`.`reported`,`e`.`add_time`,CONVERT(IF(b.id,'1','0'),UNSIGNED) 'bought' FROM `wk_entrance` `e` LEFT JOIN `wk_buy` `b` ON `b`.`entrance_id`=`e`.`id` WHERE  `e`.`expire_date` >= NOW()  AND `e`.`qrcode_id` = '18' [ RunTime:0.000317s ]
[2023-02-03T19:06:08+08:00][sql] SELECT `username` FROM `wk_user` WHERE  `id` = 29 LIMIT 1 [ RunTime:0.000135s ]
[2023-02-03T19:06:08+08:00][sql] SELECT `e`.`id`,`e`.`avatar`,`e`.`name`,`e`.`members`,`e`.`qr`,`e`.`expire_date`,`e`.`joinable`,`e`.`reported`,`e`.`add_time`,CONVERT(IF(b.id,'1','0'),UNSIGNED) 'bought' FROM `wk_entrance` `e` LEFT JOIN `wk_buy` `b` ON `b`.`entrance_id`=`e`.`id` WHERE  `e`.`expire_date` >= NOW()  AND `e`.`qrcode_id` = '19' [ RunTime:0.000230s ]
[2023-02-03T19:06:08+08:00][sql] SELECT `username` FROM `wk_user` WHERE  `id` = 29 LIMIT 1 [ RunTime:0.000157s ]
[2023-02-03T19:06:08+08:00][sql] SELECT `e`.`id`,`e`.`avatar`,`e`.`name`,`e`.`members`,`e`.`qr`,`e`.`expire_date`,`e`.`joinable`,`e`.`reported`,`e`.`add_time`,CONVERT(IF(b.id,'1','0'),UNSIGNED) 'bought' FROM `wk_entrance` `e` LEFT JOIN `wk_buy` `b` ON `b`.`entrance_id`=`e`.`id` WHERE  `e`.`expire_date` >= NOW()  AND `e`.`qrcode_id` = '20' [ RunTime:0.000647s ]
[2023-02-03T19:06:08+08:00][sql] SELECT `username` FROM `wk_user` WHERE  `id` = 29 LIMIT 1 [ RunTime:0.000154s ]
[2023-02-03T19:06:08+08:00][sql] SELECT `e`.`id`,`e`.`avatar`,`e`.`name`,`e`.`members`,`e`.`qr`,`e`.`expire_date`,`e`.`joinable`,`e`.`reported`,`e`.`add_time`,CONVERT(IF(b.id,'1','0'),UNSIGNED) 'bought' FROM `wk_entrance` `e` LEFT JOIN `wk_buy` `b` ON `b`.`entrance_id`=`e`.`id` WHERE  `e`.`expire_date` >= NOW()  AND `e`.`qrcode_id` = '21' [ RunTime:0.000310s ]
[2023-02-03T19:38:34+08:00][sql] CONNECT:[ UseTime:0.001662s ] mysql:host=localhost;port=3306;dbname=c2;charset=utf8mb4
[2023-02-03T19:38:34+08:00][sql] SHOW FULL COLUMNS FROM `wk_admin` [ RunTime:0.002245s ]
[2023-02-03T19:38:34+08:00][sql] SELECT `id`,`username` FROM `wk_admin` WHERE  `id` = 1 LIMIT 1 [ RunTime:0.001500s ]
[2023-02-03T19:38:34+08:00][sql] CONNECT:[ UseTime:0.003195s ] mysql:host=localhost;port=3306;dbname=c2;charset=utf8mb4
[2023-02-03T19:38:34+08:00][sql] SHOW FULL COLUMNS FROM `wk_tag` [ RunTime:0.001668s ]
[2023-02-03T19:38:34+08:00][sql] SELECT `id`,`name` FROM `wk_tag` ORDER BY `id` [ RunTime:0.000679s ]
[2023-02-03T19:38:35+08:00][sql] CONNECT:[ UseTime:0.002365s ] mysql:host=localhost;port=3306;dbname=c2;charset=utf8mb4
[2023-02-03T19:38:35+08:00][sql] SHOW FULL COLUMNS FROM `wk_qrcode` [ RunTime:0.002233s ]
[2023-02-03T19:38:35+08:00][sql] SELECT COUNT(*) AS think_count FROM ( SELECT q.id,q.user_id,q.code,q.company,q.province,q.city,q.district,q.remark,q.status,q.sub_status,q.err_msg,GROUP_CONCAT(t.name) tags,q.add_time,count(*) AS think_count FROM `wk_qrcode` `q` LEFT JOIN `wk_tag` `t` ON FIND_IN_SET(t.id,q.tags) GROUP BY `q`.`id` ) `_group_count_` LIMIT 1 [ RunTime:0.201795s ]
[2023-02-03T19:38:35+08:00][sql] SELECT q.id,q.user_id,q.code,q.company,q.province,q.city,q.district,q.remark,q.status,q.sub_status,q.err_msg,GROUP_CONCAT(t.name) tags,q.add_time,count(*) AS think_count FROM `wk_qrcode` `q` LEFT JOIN `wk_tag` `t` ON FIND_IN_SET(t.id,q.tags) GROUP BY `q`.`id` LIMIT 0,20 [ RunTime:0.113668s ]
[2023-02-03T19:38:35+08:00][sql] SHOW FULL COLUMNS FROM `wk_user` [ RunTime:0.001407s ]
[2023-02-03T19:38:35+08:00][sql] SELECT `username` FROM `wk_user` WHERE  `id` = 1 LIMIT 1 [ RunTime:0.001322s ]
[2023-02-03T19:38:35+08:00][sql] SHOW FULL COLUMNS FROM `wk_entrance` [ RunTime:0.000917s ]
[2023-02-03T19:38:35+08:00][sql] SELECT `e`.`id`,`e`.`avatar`,`e`.`name`,`e`.`members`,`e`.`qr`,`e`.`expire_date`,`e`.`joinable`,`e`.`reported`,`e`.`add_time`,CONVERT(IF(b.id,'1','0'),UNSIGNED) 'bought' FROM `wk_entrance` `e` LEFT JOIN `wk_buy` `b` ON `b`.`entrance_id`=`e`.`id` WHERE  `e`.`expire_date` >= NOW()  AND `e`.`qrcode_id` = '2' [ RunTime:0.001096s ]
[2023-02-03T19:38:35+08:00][sql] SELECT `username` FROM `wk_user` WHERE  `id` = 1 LIMIT 1 [ RunTime:0.000216s ]
[2023-02-03T19:38:35+08:00][sql] SELECT `e`.`id`,`e`.`avatar`,`e`.`name`,`e`.`members`,`e`.`qr`,`e`.`expire_date`,`e`.`joinable`,`e`.`reported`,`e`.`add_time`,CONVERT(IF(b.id,'1','0'),UNSIGNED) 'bought' FROM `wk_entrance` `e` LEFT JOIN `wk_buy` `b` ON `b`.`entrance_id`=`e`.`id` WHERE  `e`.`expire_date` >= NOW()  AND `e`.`qrcode_id` = '3' [ RunTime:0.001220s ]
[2023-02-03T19:38:35+08:00][sql] SELECT `username` FROM `wk_user` WHERE  `id` = 29 LIMIT 1 [ RunTime:0.000222s ]
[2023-02-03T19:38:35+08:00][sql] SELECT `e`.`id`,`e`.`avatar`,`e`.`name`,`e`.`members`,`e`.`qr`,`e`.`expire_date`,`e`.`joinable`,`e`.`reported`,`e`.`add_time`,CONVERT(IF(b.id,'1','0'),UNSIGNED) 'bought' FROM `wk_entrance` `e` LEFT JOIN `wk_buy` `b` ON `b`.`entrance_id`=`e`.`id` WHERE  `e`.`expire_date` >= NOW()  AND `e`.`qrcode_id` = '4' [ RunTime:0.000928s ]
[2023-02-03T19:38:35+08:00][sql] SELECT `username` FROM `wk_user` WHERE  `id` = 29 LIMIT 1 [ RunTime:0.000306s ]
[2023-02-03T19:38:35+08:00][sql] SELECT `e`.`id`,`e`.`avatar`,`e`.`name`,`e`.`members`,`e`.`qr`,`e`.`expire_date`,`e`.`joinable`,`e`.`reported`,`e`.`add_time`,CONVERT(IF(b.id,'1','0'),UNSIGNED) 'bought' FROM `wk_entrance` `e` LEFT JOIN `wk_buy` `b` ON `b`.`entrance_id`=`e`.`id` WHERE  `e`.`expire_date` >= NOW()  AND `e`.`qrcode_id` = '5' [ RunTime:0.000258s ]
[2023-02-03T19:38:35+08:00][sql] SELECT `username` FROM `wk_user` WHERE  `id` = 29 LIMIT 1 [ RunTime:0.000169s ]
[2023-02-03T19:38:35+08:00][sql] SELECT `e`.`id`,`e`.`avatar`,`e`.`name`,`e`.`members`,`e`.`qr`,`e`.`expire_date`,`e`.`joinable`,`e`.`reported`,`e`.`add_time`,CONVERT(IF(b.id,'1','0'),UNSIGNED) 'bought' FROM `wk_entrance` `e` LEFT JOIN `wk_buy` `b` ON `b`.`entrance_id`=`e`.`id` WHERE  `e`.`expire_date` >= NOW()  AND `e`.`qrcode_id` = '6' [ RunTime:0.000409s ]
[2023-02-03T19:38:35+08:00][sql] SELECT `username` FROM `wk_user` WHERE  `id` = 29 LIMIT 1 [ RunTime:0.000736s ]
[2023-02-03T19:38:35+08:00][sql] SELECT `e`.`id`,`e`.`avatar`,`e`.`name`,`e`.`members`,`e`.`qr`,`e`.`expire_date`,`e`.`joinable`,`e`.`reported`,`e`.`add_time`,CONVERT(IF(b.id,'1','0'),UNSIGNED) 'bought' FROM `wk_entrance` `e` LEFT JOIN `wk_buy` `b` ON `b`.`entrance_id`=`e`.`id` WHERE  `e`.`expire_date` >= NOW()  AND `e`.`qrcode_id` = '7' [ RunTime:0.001619s ]
[2023-02-03T19:38:35+08:00][sql] SELECT `username` FROM `wk_user` WHERE  `id` = 29 LIMIT 1 [ RunTime:0.000822s ]
[2023-02-03T19:38:35+08:00][sql] SELECT `e`.`id`,`e`.`avatar`,`e`.`name`,`e`.`members`,`e`.`qr`,`e`.`expire_date`,`e`.`joinable`,`e`.`reported`,`e`.`add_time`,CONVERT(IF(b.id,'1','0'),UNSIGNED) 'bought' FROM `wk_entrance` `e` LEFT JOIN `wk_buy` `b` ON `b`.`entrance_id`=`e`.`id` WHERE  `e`.`expire_date` >= NOW()  AND `e`.`qrcode_id` = '8' [ RunTime:0.002439s ]
[2023-02-03T19:38:35+08:00][sql] SELECT `username` FROM `wk_user` WHERE  `id` = 29 LIMIT 1 [ RunTime:0.000690s ]
[2023-02-03T19:38:35+08:00][sql] SELECT `e`.`id`,`e`.`avatar`,`e`.`name`,`e`.`members`,`e`.`qr`,`e`.`expire_date`,`e`.`joinable`,`e`.`reported`,`e`.`add_time`,CONVERT(IF(b.id,'1','0'),UNSIGNED) 'bought' FROM `wk_entrance` `e` LEFT JOIN `wk_buy` `b` ON `b`.`entrance_id`=`e`.`id` WHERE  `e`.`expire_date` >= NOW()  AND `e`.`qrcode_id` = '9' [ RunTime:0.001396s ]
[2023-02-03T19:38:35+08:00][sql] SELECT `username` FROM `wk_user` WHERE  `id` = 29 LIMIT 1 [ RunTime:0.000492s ]
[2023-02-03T19:38:35+08:00][sql] SELECT `e`.`id`,`e`.`avatar`,`e`.`name`,`e`.`members`,`e`.`qr`,`e`.`expire_date`,`e`.`joinable`,`e`.`reported`,`e`.`add_time`,CONVERT(IF(b.id,'1','0'),UNSIGNED) 'bought' FROM `wk_entrance` `e` LEFT JOIN `wk_buy` `b` ON `b`.`entrance_id`=`e`.`id` WHERE  `e`.`expire_date` >= NOW()  AND `e`.`qrcode_id` = '10' [ RunTime:0.001092s ]
[2023-02-03T19:38:35+08:00][sql] SELECT `username` FROM `wk_user` WHERE  `id` = 29 LIMIT 1 [ RunTime:0.000240s ]
[2023-02-03T19:38:35+08:00][sql] SELECT `e`.`id`,`e`.`avatar`,`e`.`name`,`e`.`members`,`e`.`qr`,`e`.`expire_date`,`e`.`joinable`,`e`.`reported`,`e`.`add_time`,CONVERT(IF(b.id,'1','0'),UNSIGNED) 'bought' FROM `wk_entrance` `e` LEFT JOIN `wk_buy` `b` ON `b`.`entrance_id`=`e`.`id` WHERE  `e`.`expire_date` >= NOW()  AND `e`.`qrcode_id` = '11' [ RunTime:0.000386s ]
[2023-02-03T19:38:35+08:00][sql] SELECT `username` FROM `wk_user` WHERE  `id` = 29 LIMIT 1 [ RunTime:0.000313s ]
[2023-02-03T19:38:35+08:00][sql] SELECT `e`.`id`,`e`.`avatar`,`e`.`name`,`e`.`members`,`e`.`qr`,`e`.`expire_date`,`e`.`joinable`,`e`.`reported`,`e`.`add_time`,CONVERT(IF(b.id,'1','0'),UNSIGNED) 'bought' FROM `wk_entrance` `e` LEFT JOIN `wk_buy` `b` ON `b`.`entrance_id`=`e`.`id` WHERE  `e`.`expire_date` >= NOW()  AND `e`.`qrcode_id` = '12' [ RunTime:0.001079s ]
[2023-02-03T19:38:35+08:00][sql] SELECT `username` FROM `wk_user` WHERE  `id` = 29 LIMIT 1 [ RunTime:0.000468s ]
[2023-02-03T19:38:35+08:00][sql] SELECT `e`.`id`,`e`.`avatar`,`e`.`name`,`e`.`members`,`e`.`qr`,`e`.`expire_date`,`e`.`joinable`,`e`.`reported`,`e`.`add_time`,CONVERT(IF(b.id,'1','0'),UNSIGNED) 'bought' FROM `wk_entrance` `e` LEFT JOIN `wk_buy` `b` ON `b`.`entrance_id`=`e`.`id` WHERE  `e`.`expire_date` >= NOW()  AND `e`.`qrcode_id` = '13' [ RunTime:0.000745s ]
[2023-02-03T19:38:35+08:00][sql] SELECT `username` FROM `wk_user` WHERE  `id` = 29 LIMIT 1 [ RunTime:0.000272s ]
[2023-02-03T19:38:35+08:00][sql] SELECT `e`.`id`,`e`.`avatar`,`e`.`name`,`e`.`members`,`e`.`qr`,`e`.`expire_date`,`e`.`joinable`,`e`.`reported`,`e`.`add_time`,CONVERT(IF(b.id,'1','0'),UNSIGNED) 'bought' FROM `wk_entrance` `e` LEFT JOIN `wk_buy` `b` ON `b`.`entrance_id`=`e`.`id` WHERE  `e`.`expire_date` >= NOW()  AND `e`.`qrcode_id` = '14' [ RunTime:0.000795s ]
[2023-02-03T19:38:35+08:00][sql] SELECT `username` FROM `wk_user` WHERE  `id` = 29 LIMIT 1 [ RunTime:0.000281s ]
[2023-02-03T19:38:35+08:00][sql] SELECT `e`.`id`,`e`.`avatar`,`e`.`name`,`e`.`members`,`e`.`qr`,`e`.`expire_date`,`e`.`joinable`,`e`.`reported`,`e`.`add_time`,CONVERT(IF(b.id,'1','0'),UNSIGNED) 'bought' FROM `wk_entrance` `e` LEFT JOIN `wk_buy` `b` ON `b`.`entrance_id`=`e`.`id` WHERE  `e`.`expire_date` >= NOW()  AND `e`.`qrcode_id` = '15' [ RunTime:0.000491s ]
[2023-02-03T19:38:35+08:00][sql] SELECT `username` FROM `wk_user` WHERE  `id` = 29 LIMIT 1 [ RunTime:0.000226s ]
[2023-02-03T19:38:35+08:00][sql] SELECT `e`.`id`,`e`.`avatar`,`e`.`name`,`e`.`members`,`e`.`qr`,`e`.`expire_date`,`e`.`joinable`,`e`.`reported`,`e`.`add_time`,CONVERT(IF(b.id,'1','0'),UNSIGNED) 'bought' FROM `wk_entrance` `e` LEFT JOIN `wk_buy` `b` ON `b`.`entrance_id`=`e`.`id` WHERE  `e`.`expire_date` >= NOW()  AND `e`.`qrcode_id` = '16' [ RunTime:0.000454s ]
[2023-02-03T19:38:35+08:00][sql] SELECT `username` FROM `wk_user` WHERE  `id` = 29 LIMIT 1 [ RunTime:0.000180s ]
[2023-02-03T19:38:35+08:00][sql] SELECT `e`.`id`,`e`.`avatar`,`e`.`name`,`e`.`members`,`e`.`qr`,`e`.`expire_date`,`e`.`joinable`,`e`.`reported`,`e`.`add_time`,CONVERT(IF(b.id,'1','0'),UNSIGNED) 'bought' FROM `wk_entrance` `e` LEFT JOIN `wk_buy` `b` ON `b`.`entrance_id`=`e`.`id` WHERE  `e`.`expire_date` >= NOW()  AND `e`.`qrcode_id` = '17' [ RunTime:0.000263s ]
[2023-02-03T19:38:35+08:00][sql] SELECT `username` FROM `wk_user` WHERE  `id` = 29 LIMIT 1 [ RunTime:0.000150s ]
[2023-02-03T19:38:35+08:00][sql] SELECT `e`.`id`,`e`.`avatar`,`e`.`name`,`e`.`members`,`e`.`qr`,`e`.`expire_date`,`e`.`joinable`,`e`.`reported`,`e`.`add_time`,CONVERT(IF(b.id,'1','0'),UNSIGNED) 'bought' FROM `wk_entrance` `e` LEFT JOIN `wk_buy` `b` ON `b`.`entrance_id`=`e`.`id` WHERE  `e`.`expire_date` >= NOW()  AND `e`.`qrcode_id` = '18' [ RunTime:0.000235s ]
[2023-02-03T19:38:35+08:00][sql] SELECT `username` FROM `wk_user` WHERE  `id` = 29 LIMIT 1 [ RunTime:0.000122s ]
[2023-02-03T19:38:35+08:00][sql] SELECT `e`.`id`,`e`.`avatar`,`e`.`name`,`e`.`members`,`e`.`qr`,`e`.`expire_date`,`e`.`joinable`,`e`.`reported`,`e`.`add_time`,CONVERT(IF(b.id,'1','0'),UNSIGNED) 'bought' FROM `wk_entrance` `e` LEFT JOIN `wk_buy` `b` ON `b`.`entrance_id`=`e`.`id` WHERE  `e`.`expire_date` >= NOW()  AND `e`.`qrcode_id` = '19' [ RunTime:0.000230s ]
[2023-02-03T19:38:35+08:00][sql] SELECT `username` FROM `wk_user` WHERE  `id` = 29 LIMIT 1 [ RunTime:0.000123s ]
[2023-02-03T19:38:35+08:00][sql] SELECT `e`.`id`,`e`.`avatar`,`e`.`name`,`e`.`members`,`e`.`qr`,`e`.`expire_date`,`e`.`joinable`,`e`.`reported`,`e`.`add_time`,CONVERT(IF(b.id,'1','0'),UNSIGNED) 'bought' FROM `wk_entrance` `e` LEFT JOIN `wk_buy` `b` ON `b`.`entrance_id`=`e`.`id` WHERE  `e`.`expire_date` >= NOW()  AND `e`.`qrcode_id` = '20' [ RunTime:0.000237s ]
[2023-02-03T19:38:35+08:00][sql] SELECT `username` FROM `wk_user` WHERE  `id` = 29 LIMIT 1 [ RunTime:0.000120s ]
[2023-02-03T19:38:35+08:00][sql] SELECT `e`.`id`,`e`.`avatar`,`e`.`name`,`e`.`members`,`e`.`qr`,`e`.`expire_date`,`e`.`joinable`,`e`.`reported`,`e`.`add_time`,CONVERT(IF(b.id,'1','0'),UNSIGNED) 'bought' FROM `wk_entrance` `e` LEFT JOIN `wk_buy` `b` ON `b`.`entrance_id`=`e`.`id` WHERE  `e`.`expire_date` >= NOW()  AND `e`.`qrcode_id` = '21' [ RunTime:0.000255s ]
