[2023-02-08T15:05:44+08:00][sql] CONNECT:[ UseTime:0.000729s ] mysql:host=127.0.0.1;port=3306;dbname=c2;charset=utf8mb4
[2023-02-08T15:05:44+08:00][sql] SHOW FULL COLUMNS FROM `wk_tag` [ RunTime:0.000829s ]
[2023-02-08T15:05:44+08:00][sql] SELECT `id`,`name` FROM `wk_tag` ORDER BY `id` [ RunTime:0.000280s ]
[2023-02-08T15:05:47+08:00][sql] CONNECT:[ UseTime:0.000615s ] mysql:host=127.0.0.1;port=3306;dbname=c2;charset=utf8mb4
[2023-02-08T15:05:47+08:00][sql] SHOW FULL COLUMNS FROM `wk_admin` [ RunTime:0.002016s ]
[2023-02-08T15:05:47+08:00][sql] SELECT `id`,`username` FROM `wk_admin` WHERE  `username` = 'zhizun'  AND `password` = '18654b2cd47d004109ca5ee404e002a3' LIMIT 1 [ RunTime:0.000764s ]
[2023-02-08T15:05:51+08:00][sql] CONNECT:[ UseTime:0.011457s ] mysql:host=127.0.0.1;port=3306;dbname=c2;charset=utf8mb4
[2023-02-08T15:05:51+08:00][sql] SHOW FULL COLUMNS FROM `wk_admin` [ RunTime:0.000867s ]
[2023-02-08T15:05:51+08:00][sql] SELECT `id`,`username` FROM `wk_admin` WHERE  `username` = 'admin'  AND `password` = '18654b2cd47d004109ca5ee404e002a3' LIMIT 1 [ RunTime:0.000140s ]
[2023-02-08T15:05:51+08:00][sql] CONNECT:[ UseTime:0.017144s ] mysql:host=127.0.0.1;port=3306;dbname=c2;charset=utf8mb4
[2023-02-08T15:05:51+08:00][sql] SHOW FULL COLUMNS FROM `wk_admin` [ RunTime:0.001606s ]
[2023-02-08T15:05:51+08:00][sql] SELECT `id`,`username` FROM `wk_admin` WHERE  `id` = 1 LIMIT 1 [ RunTime:0.000158s ]
[2023-02-08T15:05:52+08:00][sql] CONNECT:[ UseTime:0.000696s ] mysql:host=127.0.0.1;port=3306;dbname=c2;charset=utf8mb4
[2023-02-08T15:05:52+08:00][sql] SHOW FULL COLUMNS FROM `wk_qrcode` [ RunTime:0.001268s ]
[2023-02-08T15:05:52+08:00][sql] SELECT DATE(add_time) `date`,COUNT(id) quantity FROM `wk_qrcode` WHERE  ( DATE(add_time) >= DATE_SUB(CURDATE(),INTERVAL 7 DAY) ) GROUP BY `date` [ RunTime:0.013914s ]
[2023-02-08T15:05:52+08:00][sql] SHOW FULL COLUMNS FROM `wk_entrance` [ RunTime:0.000619s ]
[2023-02-08T15:05:52+08:00][sql] SELECT DATE(add_time) `date`,COUNT(id) quantity FROM `wk_entrance` WHERE  ( DATE(add_time) >= DATE_SUB(CURDATE(),INTERVAL 7 DAY) ) GROUP BY `date` [ RunTime:0.060149s ]
[2023-02-08T15:05:52+08:00][sql] SHOW FULL COLUMNS FROM `wk_buy` [ RunTime:0.001196s ]
[2023-02-08T15:05:52+08:00][sql] SELECT DATE(add_time) `date`,COUNT(id) quantity FROM `wk_buy` WHERE  ( DATE(add_time) >= DATE_SUB(CURDATE(),INTERVAL 7 DAY) ) GROUP BY `date` [ RunTime:0.003774s ]
[2023-02-08T15:05:55+08:00][sql] CONNECT:[ UseTime:0.000515s ] mysql:host=127.0.0.1;port=3306;dbname=c2;charset=utf8mb4
[2023-02-08T15:05:55+08:00][sql] SHOW FULL COLUMNS FROM `wk_tag` [ RunTime:0.000541s ]
[2023-02-08T15:05:55+08:00][sql] SELECT `id`,`name` FROM `wk_tag` ORDER BY `id` [ RunTime:0.000146s ]
[2023-02-08T15:05:55+08:00][sql] CONNECT:[ UseTime:0.000492s ] mysql:host=127.0.0.1;port=3306;dbname=c2;charset=utf8mb4
[2023-02-08T15:05:55+08:00][sql] SHOW FULL COLUMNS FROM `wk_buy` [ RunTime:0.000548s ]
[2023-02-08T15:05:55+08:00][sql] SHOW FULL COLUMNS FROM `wk_entrance` [ RunTime:0.000441s ]
[2023-02-08T15:05:55+08:00][sql] SELECT COUNT(*) AS think_count FROM ( SELECT count(*) AS think_count FROM `wk_entrance` `e` LEFT JOIN `wk_buy` `b` ON `b`.`entrance_id`=`e`.`id` LEFT JOIN ( SELECT `id`,`entrance_id`,`user_id` FROM `wk_buy` ) `b2` ON `b2`.`entrance_id`=`e`.`id` WHERE  `e`.`expire_date` >= NOW() GROUP BY `e`.`id` ) `_group_count_` LIMIT 1 [ RunTime:0.055965s ]
[2023-02-08T15:05:55+08:00][sql] SELECT `e`.`id`,`e`.`qrcode_id`,`e`.`name`,`e`.`avatar`,`e`.`expire_date`,`e`.`members`,`e`.`qr`,`e`.`im`,`e`.`hide`,`e`.`update_time`,`e`.`add_time`,`e`.`company`,`e`.`status`,`e`.`joinable_wc`,`e`.`error_msg`,`e`.`type`,COUNT(DISTINCT b.id) buy_cnt,COUNT(DISTINCT b2.id) buy_cnt_month FROM `wk_entrance` `e` LEFT JOIN `wk_buy` `b` ON `b`.`entrance_id`=`e`.`id` LEFT JOIN ( SELECT `id`,`entrance_id`,`user_id` FROM `wk_buy` ) `b2` ON `b2`.`entrance_id`=`e`.`id` WHERE  `e`.`expire_date` >= NOW() GROUP BY `e`.`id` ORDER BY `e`.`id` DESC LIMIT 0,20 [ RunTime:0.131647s ]
[2023-02-08T15:06:03+08:00][sql] CONNECT:[ UseTime:0.015966s ] mysql:host=127.0.0.1;port=3306;dbname=c2;charset=utf8mb4
[2023-02-08T15:06:03+08:00][sql] SHOW FULL COLUMNS FROM `wk_buy` [ RunTime:0.000618s ]
[2023-02-08T15:06:03+08:00][sql] SHOW FULL COLUMNS FROM `wk_entrance` [ RunTime:0.000530s ]
[2023-02-08T15:06:03+08:00][sql] SELECT COUNT(*) AS think_count FROM ( SELECT count(*) AS think_count FROM `wk_entrance` `e` LEFT JOIN `wk_buy` `b` ON `b`.`entrance_id`=`e`.`id` LEFT JOIN ( SELECT `id`,`entrance_id`,`user_id` FROM `wk_buy` ) `b2` ON `b2`.`entrance_id`=`e`.`id` WHERE  `e`.`expire_date` >= NOW() GROUP BY `e`.`id` ) `_group_count_` LIMIT 1 [ RunTime:0.051227s ]
[2023-02-08T15:06:03+08:00][sql] SELECT `e`.`id`,`e`.`qrcode_id`,`e`.`name`,`e`.`avatar`,`e`.`expire_date`,`e`.`members`,`e`.`qr`,`e`.`im`,`e`.`hide`,`e`.`update_time`,`e`.`add_time`,`e`.`company`,`e`.`status`,`e`.`joinable_wc`,`e`.`error_msg`,`e`.`type`,COUNT(DISTINCT b.id) buy_cnt,COUNT(DISTINCT b2.id) buy_cnt_month FROM `wk_entrance` `e` LEFT JOIN `wk_buy` `b` ON `b`.`entrance_id`=`e`.`id` LEFT JOIN ( SELECT `id`,`entrance_id`,`user_id` FROM `wk_buy` ) `b2` ON `b2`.`entrance_id`=`e`.`id` WHERE  `e`.`expire_date` >= NOW() GROUP BY `e`.`id` ORDER BY `e`.`id` DESC LIMIT 0,20 [ RunTime:0.132643s ]
[2023-02-08T16:07:05+08:00][sql] CONNECT:[ UseTime:0.003497s ] mysql:host=127.0.0.1;port=3306;dbname=c2;charset=utf8mb4
[2023-02-08T16:07:05+08:00][sql] SHOW FULL COLUMNS FROM `wk_provider` [ RunTime:0.002542s ]
[2023-02-08T16:07:05+08:00][sql] SELECT `id`,`username`,`name`,`score`,`enable`,`add_time` FROM `wk_provider` WHERE  `enable` = 1 ORDER BY `id` DESC LIMIT 0,20 [ RunTime:0.000532s ]
[2023-02-08T16:07:05+08:00][sql] SELECT COUNT(*) AS think_count FROM `wk_provider` WHERE  `enable` = 1 ORDER BY `id` DESC LIMIT 1 [ RunTime:0.000194s ]
[2023-02-08T16:07:05+08:00][sql] CONNECT:[ UseTime:0.001208s ] mysql:host=127.0.0.1;port=3306;dbname=c2;charset=utf8mb4
[2023-02-08T16:07:05+08:00][sql] SHOW FULL COLUMNS FROM `wk_tag` [ RunTime:0.001924s ]
[2023-02-08T16:07:05+08:00][sql] SELECT `id`,`name` FROM `wk_tag` ORDER BY `id` [ RunTime:0.000312s ]
[2023-02-08T16:07:06+08:00][sql] CONNECT:[ UseTime:0.001307s ] mysql:host=127.0.0.1;port=3306;dbname=c2;charset=utf8mb4
[2023-02-08T16:07:06+08:00][sql] SHOW FULL COLUMNS FROM `wk_qrcode` [ RunTime:0.001895s ]
[2023-02-08T16:07:06+08:00][sql] SELECT COUNT(*) AS think_count FROM ( SELECT q.id,q.user_id,q.provider_id,q.code,q.company,q.status,q.err_msg,q.add_time,count(*) AS think_count FROM `wk_qrcode` `q` LEFT JOIN `wk_entrance` `e` ON `e`.`qrcode_id`=q.id AND e.expire_date>=NOW() GROUP BY `q`.`id` ) `_group_count_` LIMIT 1 [ RunTime:0.546614s ]
[2023-02-08T16:07:06+08:00][sql] SELECT q.id,q.user_id,q.provider_id,q.code,q.company,q.status,q.err_msg,q.add_time,count(*) AS think_count FROM `wk_qrcode` `q` LEFT JOIN `wk_entrance` `e` ON `e`.`qrcode_id`=q.id AND e.expire_date>=NOW() GROUP BY `q`.`id` LIMIT 0,20 [ RunTime:0.000845s ]
[2023-02-08T16:07:06+08:00][sql] SHOW FULL COLUMNS FROM `wk_user` [ RunTime:0.000917s ]
[2023-02-08T16:07:06+08:00][sql] SELECT `username` FROM `wk_user` WHERE  `id` = 1 LIMIT 1 [ RunTime:0.000323s ]
[2023-02-08T16:07:06+08:00][sql] SHOW FULL COLUMNS FROM `wk_entrance` [ RunTime:0.000702s ]
[2023-02-08T16:07:06+08:00][sql] SELECT `e`.`id`,`e`.`avatar`,`e`.`name`,`e`.`members`,`e`.`qr`,`e`.`expire_date`,`e`.`joinable_wc`,`e`.`reported`,`e`.`add_time`,CONVERT(IF(b.id,'1','0'),UNSIGNED) 'bought' FROM `wk_entrance` `e` LEFT JOIN `wk_buy` `b` ON `b`.`entrance_id`=`e`.`id` WHERE  `e`.`expire_date` >= NOW()  AND `e`.`qrcode_id` = '2' [ RunTime:0.000683s ]
[2023-02-08T16:07:06+08:00][sql] SELECT `username` FROM `wk_user` WHERE  `id` = 1 LIMIT 1 [ RunTime:0.000282s ]
[2023-02-08T16:07:06+08:00][sql] SELECT `e`.`id`,`e`.`avatar`,`e`.`name`,`e`.`members`,`e`.`qr`,`e`.`expire_date`,`e`.`joinable_wc`,`e`.`reported`,`e`.`add_time`,CONVERT(IF(b.id,'1','0'),UNSIGNED) 'bought' FROM `wk_entrance` `e` LEFT JOIN `wk_buy` `b` ON `b`.`entrance_id`=`e`.`id` WHERE  `e`.`expire_date` >= NOW()  AND `e`.`qrcode_id` = '3' [ RunTime:0.000472s ]
[2023-02-08T16:07:06+08:00][sql] SELECT `username` FROM `wk_user` WHERE  `id` = 29 LIMIT 1 [ RunTime:0.000299s ]
[2023-02-08T16:07:06+08:00][sql] SELECT `e`.`id`,`e`.`avatar`,`e`.`name`,`e`.`members`,`e`.`qr`,`e`.`expire_date`,`e`.`joinable_wc`,`e`.`reported`,`e`.`add_time`,CONVERT(IF(b.id,'1','0'),UNSIGNED) 'bought' FROM `wk_entrance` `e` LEFT JOIN `wk_buy` `b` ON `b`.`entrance_id`=`e`.`id` WHERE  `e`.`expire_date` >= NOW()  AND `e`.`qrcode_id` = '4' [ RunTime:0.000416s ]
[2023-02-08T16:07:06+08:00][sql] SELECT `username` FROM `wk_user` WHERE  `id` = 29 LIMIT 1 [ RunTime:0.000260s ]
[2023-02-08T16:07:06+08:00][sql] SELECT `e`.`id`,`e`.`avatar`,`e`.`name`,`e`.`members`,`e`.`qr`,`e`.`expire_date`,`e`.`joinable_wc`,`e`.`reported`,`e`.`add_time`,CONVERT(IF(b.id,'1','0'),UNSIGNED) 'bought' FROM `wk_entrance` `e` LEFT JOIN `wk_buy` `b` ON `b`.`entrance_id`=`e`.`id` WHERE  `e`.`expire_date` >= NOW()  AND `e`.`qrcode_id` = '5' [ RunTime:0.000332s ]
[2023-02-08T16:07:06+08:00][sql] SELECT `username` FROM `wk_user` WHERE  `id` = 29 LIMIT 1 [ RunTime:0.000140s ]
[2023-02-08T16:07:06+08:00][sql] SELECT `e`.`id`,`e`.`avatar`,`e`.`name`,`e`.`members`,`e`.`qr`,`e`.`expire_date`,`e`.`joinable_wc`,`e`.`reported`,`e`.`add_time`,CONVERT(IF(b.id,'1','0'),UNSIGNED) 'bought' FROM `wk_entrance` `e` LEFT JOIN `wk_buy` `b` ON `b`.`entrance_id`=`e`.`id` WHERE  `e`.`expire_date` >= NOW()  AND `e`.`qrcode_id` = '6' [ RunTime:0.000367s ]
[2023-02-08T16:07:06+08:00][sql] SELECT `username` FROM `wk_user` WHERE  `id` = 29 LIMIT 1 [ RunTime:0.000263s ]
[2023-02-08T16:07:06+08:00][sql] SELECT `e`.`id`,`e`.`avatar`,`e`.`name`,`e`.`members`,`e`.`qr`,`e`.`expire_date`,`e`.`joinable_wc`,`e`.`reported`,`e`.`add_time`,CONVERT(IF(b.id,'1','0'),UNSIGNED) 'bought' FROM `wk_entrance` `e` LEFT JOIN `wk_buy` `b` ON `b`.`entrance_id`=`e`.`id` WHERE  `e`.`expire_date` >= NOW()  AND `e`.`qrcode_id` = '7' [ RunTime:0.000502s ]
[2023-02-08T16:07:06+08:00][sql] SELECT `username` FROM `wk_user` WHERE  `id` = 29 LIMIT 1 [ RunTime:0.000284s ]
[2023-02-08T16:07:06+08:00][sql] SELECT `e`.`id`,`e`.`avatar`,`e`.`name`,`e`.`members`,`e`.`qr`,`e`.`expire_date`,`e`.`joinable_wc`,`e`.`reported`,`e`.`add_time`,CONVERT(IF(b.id,'1','0'),UNSIGNED) 'bought' FROM `wk_entrance` `e` LEFT JOIN `wk_buy` `b` ON `b`.`entrance_id`=`e`.`id` WHERE  `e`.`expire_date` >= NOW()  AND `e`.`qrcode_id` = '8' [ RunTime:0.000464s ]
[2023-02-08T16:07:06+08:00][sql] SELECT `username` FROM `wk_user` WHERE  `id` = 29 LIMIT 1 [ RunTime:0.000200s ]
[2023-02-08T16:07:06+08:00][sql] SELECT `e`.`id`,`e`.`avatar`,`e`.`name`,`e`.`members`,`e`.`qr`,`e`.`expire_date`,`e`.`joinable_wc`,`e`.`reported`,`e`.`add_time`,CONVERT(IF(b.id,'1','0'),UNSIGNED) 'bought' FROM `wk_entrance` `e` LEFT JOIN `wk_buy` `b` ON `b`.`entrance_id`=`e`.`id` WHERE  `e`.`expire_date` >= NOW()  AND `e`.`qrcode_id` = '9' [ RunTime:0.000335s ]
[2023-02-08T16:07:06+08:00][sql] SELECT `username` FROM `wk_user` WHERE  `id` = 29 LIMIT 1 [ RunTime:0.000172s ]
[2023-02-08T16:07:06+08:00][sql] SELECT `e`.`id`,`e`.`avatar`,`e`.`name`,`e`.`members`,`e`.`qr`,`e`.`expire_date`,`e`.`joinable_wc`,`e`.`reported`,`e`.`add_time`,CONVERT(IF(b.id,'1','0'),UNSIGNED) 'bought' FROM `wk_entrance` `e` LEFT JOIN `wk_buy` `b` ON `b`.`entrance_id`=`e`.`id` WHERE  `e`.`expire_date` >= NOW()  AND `e`.`qrcode_id` = '10' [ RunTime:0.000331s ]
[2023-02-08T16:07:06+08:00][sql] SELECT `username` FROM `wk_user` WHERE  `id` = 29 LIMIT 1 [ RunTime:0.000171s ]
[2023-02-08T16:07:06+08:00][sql] SELECT `e`.`id`,`e`.`avatar`,`e`.`name`,`e`.`members`,`e`.`qr`,`e`.`expire_date`,`e`.`joinable_wc`,`e`.`reported`,`e`.`add_time`,CONVERT(IF(b.id,'1','0'),UNSIGNED) 'bought' FROM `wk_entrance` `e` LEFT JOIN `wk_buy` `b` ON `b`.`entrance_id`=`e`.`id` WHERE  `e`.`expire_date` >= NOW()  AND `e`.`qrcode_id` = '11' [ RunTime:0.000307s ]
[2023-02-08T16:07:06+08:00][sql] SELECT `username` FROM `wk_user` WHERE  `id` = 29 LIMIT 1 [ RunTime:0.000142s ]
[2023-02-08T16:07:06+08:00][sql] SELECT `e`.`id`,`e`.`avatar`,`e`.`name`,`e`.`members`,`e`.`qr`,`e`.`expire_date`,`e`.`joinable_wc`,`e`.`reported`,`e`.`add_time`,CONVERT(IF(b.id,'1','0'),UNSIGNED) 'bought' FROM `wk_entrance` `e` LEFT JOIN `wk_buy` `b` ON `b`.`entrance_id`=`e`.`id` WHERE  `e`.`expire_date` >= NOW()  AND `e`.`qrcode_id` = '12' [ RunTime:0.000283s ]
[2023-02-08T16:07:06+08:00][sql] SELECT `username` FROM `wk_user` WHERE  `id` = 29 LIMIT 1 [ RunTime:0.000130s ]
[2023-02-08T16:07:06+08:00][sql] SELECT `e`.`id`,`e`.`avatar`,`e`.`name`,`e`.`members`,`e`.`qr`,`e`.`expire_date`,`e`.`joinable_wc`,`e`.`reported`,`e`.`add_time`,CONVERT(IF(b.id,'1','0'),UNSIGNED) 'bought' FROM `wk_entrance` `e` LEFT JOIN `wk_buy` `b` ON `b`.`entrance_id`=`e`.`id` WHERE  `e`.`expire_date` >= NOW()  AND `e`.`qrcode_id` = '13' [ RunTime:0.000253s ]
[2023-02-08T16:07:06+08:00][sql] SELECT `username` FROM `wk_user` WHERE  `id` = 29 LIMIT 1 [ RunTime:0.000140s ]
[2023-02-08T16:07:06+08:00][sql] SELECT `e`.`id`,`e`.`avatar`,`e`.`name`,`e`.`members`,`e`.`qr`,`e`.`expire_date`,`e`.`joinable_wc`,`e`.`reported`,`e`.`add_time`,CONVERT(IF(b.id,'1','0'),UNSIGNED) 'bought' FROM `wk_entrance` `e` LEFT JOIN `wk_buy` `b` ON `b`.`entrance_id`=`e`.`id` WHERE  `e`.`expire_date` >= NOW()  AND `e`.`qrcode_id` = '14' [ RunTime:0.000261s ]
[2023-02-08T16:07:06+08:00][sql] SELECT `username` FROM `wk_user` WHERE  `id` = 29 LIMIT 1 [ RunTime:0.000124s ]
[2023-02-08T16:07:06+08:00][sql] SELECT `e`.`id`,`e`.`avatar`,`e`.`name`,`e`.`members`,`e`.`qr`,`e`.`expire_date`,`e`.`joinable_wc`,`e`.`reported`,`e`.`add_time`,CONVERT(IF(b.id,'1','0'),UNSIGNED) 'bought' FROM `wk_entrance` `e` LEFT JOIN `wk_buy` `b` ON `b`.`entrance_id`=`e`.`id` WHERE  `e`.`expire_date` >= NOW()  AND `e`.`qrcode_id` = '15' [ RunTime:0.000249s ]
[2023-02-08T16:07:06+08:00][sql] SELECT `username` FROM `wk_user` WHERE  `id` = 29 LIMIT 1 [ RunTime:0.000122s ]
[2023-02-08T16:07:06+08:00][sql] SELECT `e`.`id`,`e`.`avatar`,`e`.`name`,`e`.`members`,`e`.`qr`,`e`.`expire_date`,`e`.`joinable_wc`,`e`.`reported`,`e`.`add_time`,CONVERT(IF(b.id,'1','0'),UNSIGNED) 'bought' FROM `wk_entrance` `e` LEFT JOIN `wk_buy` `b` ON `b`.`entrance_id`=`e`.`id` WHERE  `e`.`expire_date` >= NOW()  AND `e`.`qrcode_id` = '16' [ RunTime:0.000328s ]
[2023-02-08T16:07:06+08:00][sql] SELECT `username` FROM `wk_user` WHERE  `id` = 29 LIMIT 1 [ RunTime:0.000173s ]
[2023-02-08T16:07:06+08:00][sql] SELECT `e`.`id`,`e`.`avatar`,`e`.`name`,`e`.`members`,`e`.`qr`,`e`.`expire_date`,`e`.`joinable_wc`,`e`.`reported`,`e`.`add_time`,CONVERT(IF(b.id,'1','0'),UNSIGNED) 'bought' FROM `wk_entrance` `e` LEFT JOIN `wk_buy` `b` ON `b`.`entrance_id`=`e`.`id` WHERE  `e`.`expire_date` >= NOW()  AND `e`.`qrcode_id` = '17' [ RunTime:0.000266s ]
[2023-02-08T16:07:06+08:00][sql] SELECT `username` FROM `wk_user` WHERE  `id` = 29 LIMIT 1 [ RunTime:0.000121s ]
[2023-02-08T16:07:06+08:00][sql] SELECT `e`.`id`,`e`.`avatar`,`e`.`name`,`e`.`members`,`e`.`qr`,`e`.`expire_date`,`e`.`joinable_wc`,`e`.`reported`,`e`.`add_time`,CONVERT(IF(b.id,'1','0'),UNSIGNED) 'bought' FROM `wk_entrance` `e` LEFT JOIN `wk_buy` `b` ON `b`.`entrance_id`=`e`.`id` WHERE  `e`.`expire_date` >= NOW()  AND `e`.`qrcode_id` = '18' [ RunTime:0.000247s ]
[2023-02-08T16:07:06+08:00][sql] SELECT `username` FROM `wk_user` WHERE  `id` = 29 LIMIT 1 [ RunTime:0.000137s ]
[2023-02-08T16:07:06+08:00][sql] SELECT `e`.`id`,`e`.`avatar`,`e`.`name`,`e`.`members`,`e`.`qr`,`e`.`expire_date`,`e`.`joinable_wc`,`e`.`reported`,`e`.`add_time`,CONVERT(IF(b.id,'1','0'),UNSIGNED) 'bought' FROM `wk_entrance` `e` LEFT JOIN `wk_buy` `b` ON `b`.`entrance_id`=`e`.`id` WHERE  `e`.`expire_date` >= NOW()  AND `e`.`qrcode_id` = '19' [ RunTime:0.000249s ]
[2023-02-08T16:07:06+08:00][sql] SELECT `username` FROM `wk_user` WHERE  `id` = 29 LIMIT 1 [ RunTime:0.000120s ]
[2023-02-08T16:07:06+08:00][sql] SELECT `e`.`id`,`e`.`avatar`,`e`.`name`,`e`.`members`,`e`.`qr`,`e`.`expire_date`,`e`.`joinable_wc`,`e`.`reported`,`e`.`add_time`,CONVERT(IF(b.id,'1','0'),UNSIGNED) 'bought' FROM `wk_entrance` `e` LEFT JOIN `wk_buy` `b` ON `b`.`entrance_id`=`e`.`id` WHERE  `e`.`expire_date` >= NOW()  AND `e`.`qrcode_id` = '20' [ RunTime:0.000237s ]
[2023-02-08T16:07:06+08:00][sql] SELECT `username` FROM `wk_user` WHERE  `id` = 29 LIMIT 1 [ RunTime:0.000119s ]
[2023-02-08T16:07:06+08:00][sql] SELECT `e`.`id`,`e`.`avatar`,`e`.`name`,`e`.`members`,`e`.`qr`,`e`.`expire_date`,`e`.`joinable_wc`,`e`.`reported`,`e`.`add_time`,CONVERT(IF(b.id,'1','0'),UNSIGNED) 'bought' FROM `wk_entrance` `e` LEFT JOIN `wk_buy` `b` ON `b`.`entrance_id`=`e`.`id` WHERE  `e`.`expire_date` >= NOW()  AND `e`.`qrcode_id` = '21' [ RunTime:0.000276s ]
[2023-02-08T16:07:17+08:00][sql] CONNECT:[ UseTime:0.001102s ] mysql:host=127.0.0.1;port=3306;dbname=c2;charset=utf8mb4
[2023-02-08T16:07:17+08:00][sql] SHOW FULL COLUMNS FROM `wk_provider` [ RunTime:0.002639s ]
[2023-02-08T16:07:17+08:00][sql] SELECT `id`,`username`,`name`,`score`,`enable`,`add_time` FROM `wk_provider` WHERE  `enable` = 1 ORDER BY `id` DESC LIMIT 0,20 [ RunTime:0.000406s ]
[2023-02-08T16:07:17+08:00][sql] SELECT COUNT(*) AS think_count FROM `wk_provider` WHERE  `enable` = 1 ORDER BY `id` DESC LIMIT 1 [ RunTime:0.000296s ]
[2023-02-08T16:07:18+08:00][sql] CONNECT:[ UseTime:0.001108s ] mysql:host=127.0.0.1;port=3306;dbname=c2;charset=utf8mb4
[2023-02-08T16:07:18+08:00][sql] SHOW FULL COLUMNS FROM `wk_tag` [ RunTime:0.001745s ]
[2023-02-08T16:07:18+08:00][sql] SELECT `id`,`name` FROM `wk_tag` ORDER BY `id` [ RunTime:0.000379s ]
[2023-02-08T16:07:19+08:00][sql] CONNECT:[ UseTime:0.000961s ] mysql:host=127.0.0.1;port=3306;dbname=c2;charset=utf8mb4
[2023-02-08T16:07:19+08:00][sql] SHOW FULL COLUMNS FROM `wk_buy` [ RunTime:0.001480s ]
[2023-02-08T16:07:19+08:00][sql] SHOW FULL COLUMNS FROM `wk_entrance` [ RunTime:0.001078s ]
[2023-02-08T16:07:19+08:00][sql] SELECT COUNT(*) AS think_count FROM ( SELECT count(*) AS think_count FROM `wk_entrance` `e` LEFT JOIN `wk_buy` `b` ON `b`.`entrance_id`=`e`.`id` LEFT JOIN ( SELECT `id`,`entrance_id`,`user_id` FROM `wk_buy` ) `b2` ON `b2`.`entrance_id`=`e`.`id` WHERE  `e`.`expire_date` >= NOW() GROUP BY `e`.`id` ) `_group_count_` LIMIT 1 [ RunTime:0.191960s ]
[2023-02-08T16:07:19+08:00][sql] SELECT `e`.`id`,`e`.`qrcode_id`,`e`.`name`,`e`.`avatar`,`e`.`expire_date`,`e`.`members`,`e`.`qr`,`e`.`im`,`e`.`hide`,`e`.`update_time`,`e`.`add_time`,`e`.`company`,`e`.`status`,`e`.`joinable_wc`,`e`.`error_msg`,`e`.`type`,COUNT(DISTINCT b.id) buy_cnt,COUNT(DISTINCT b2.id) buy_cnt_month FROM `wk_entrance` `e` LEFT JOIN `wk_buy` `b` ON `b`.`entrance_id`=`e`.`id` LEFT JOIN ( SELECT `id`,`entrance_id`,`user_id` FROM `wk_buy` ) `b2` ON `b2`.`entrance_id`=`e`.`id` WHERE  `e`.`expire_date` >= NOW() GROUP BY `e`.`id` ORDER BY `e`.`id` DESC LIMIT 0,20 [ RunTime:0.300300s ]
[2023-02-08T16:07:20+08:00][sql] CONNECT:[ UseTime:0.017485s ] mysql:host=127.0.0.1;port=3306;dbname=c2;charset=utf8mb4
[2023-02-08T16:07:20+08:00][sql] SHOW FULL COLUMNS FROM `wk_tag` [ RunTime:0.000976s ]
[2023-02-08T16:07:20+08:00][sql] SELECT `id`,`name`,`price` FROM `wk_tag` ORDER BY `id` DESC LIMIT 0,20 [ RunTime:0.000296s ]
[2023-02-08T16:07:20+08:00][sql] SELECT COUNT(*) AS think_count FROM `wk_tag` LIMIT 1 [ RunTime:0.000240s ]
[2023-02-08T16:07:22+08:00][sql] CONNECT:[ UseTime:0.023921s ] mysql:host=127.0.0.1;port=3306;dbname=c2;charset=utf8mb4
[2023-02-08T16:07:22+08:00][sql] SHOW FULL COLUMNS FROM `wk_withdraw` [ RunTime:0.000772s ]
[2023-02-08T16:07:22+08:00][sql] SELECT COUNT(*) AS think_count FROM `wk_withdraw` `w` LEFT JOIN `wk_user` `u` ON `u`.`id`=`w`.`user_id` LEFT JOIN `wk_provider` `p` ON `p`.`id`=`w`.`provider_id` WHERE  `status` = 0 LIMIT 1 [ RunTime:0.000385s ]
[2023-02-08T16:07:22+08:00][sql] SELECT `w`.`id`,IF(u.id,'user','provider') role,IF(u.id,`u`.`username`,p.username) username,`w`.`score`,`w`.`alipay`,`w`.`status`,FROM_UNIXTIME(w.op_time) op_time,`w`.`add_time` FROM `wk_withdraw` `w` LEFT JOIN `wk_user` `u` ON `u`.`id`=`w`.`user_id` LEFT JOIN `wk_provider` `p` ON `p`.`id`=`w`.`provider_id` WHERE  `status` = 0 ORDER BY `w`.`id` DESC [ RunTime:0.000260s ]
[2023-02-08T16:07:24+08:00][sql] CONNECT:[ UseTime:0.000779s ] mysql:host=127.0.0.1;port=3306;dbname=c2;charset=utf8mb4
[2023-02-08T16:07:24+08:00][sql] SHOW FULL COLUMNS FROM `wk_buy` [ RunTime:0.001295s ]
[2023-02-08T16:07:24+08:00][sql] SELECT COUNT(*) AS think_count FROM `wk_buy` `b` LEFT JOIN `wk_user` `u` ON `u`.`id`=`b`.`user_id` LEFT JOIN `wk_entrance` `e` ON `e`.`id`=`b`.`entrance_id` LIMIT 1 [ RunTime:0.018799s ]
[2023-02-08T16:07:24+08:00][error] [10501]SQLSTATE[42S22]: Column not found: 1054 Unknown column 'e.remark' in 'field list'[E:\github\c2\group_qrcode_tp\vendor\topthink\think-orm\src\db\PDOConnection.php:797]
[2023-02-08T16:07:26+08:00][sql] CONNECT:[ UseTime:0.001092s ] mysql:host=127.0.0.1;port=3306;dbname=c2;charset=utf8mb4
[2023-02-08T16:07:26+08:00][sql] SHOW FULL COLUMNS FROM `wk_withdraw` [ RunTime:0.002402s ]
[2023-02-08T16:07:26+08:00][sql] SELECT COUNT(*) AS think_count FROM `wk_withdraw` `w` LEFT JOIN `wk_user` `u` ON `u`.`id`=`w`.`user_id` LEFT JOIN `wk_provider` `p` ON `p`.`id`=`w`.`provider_id` WHERE  `status` = 0 LIMIT 1 [ RunTime:0.000715s ]
[2023-02-08T16:07:26+08:00][sql] SELECT `w`.`id`,IF(u.id,'user','provider') role,IF(u.id,`u`.`username`,p.username) username,`w`.`score`,`w`.`alipay`,`w`.`status`,FROM_UNIXTIME(w.op_time) op_time,`w`.`add_time` FROM `wk_withdraw` `w` LEFT JOIN `wk_user` `u` ON `u`.`id`=`w`.`user_id` LEFT JOIN `wk_provider` `p` ON `p`.`id`=`w`.`provider_id` WHERE  `status` = 0 ORDER BY `w`.`id` DESC [ RunTime:0.000258s ]
[2023-02-08T16:07:27+08:00][sql] CONNECT:[ UseTime:0.000672s ] mysql:host=127.0.0.1;port=3306;dbname=c2;charset=utf8mb4
[2023-02-08T16:07:27+08:00][sql] SHOW FULL COLUMNS FROM `wk_buy` [ RunTime:0.000982s ]
[2023-02-08T16:07:27+08:00][sql] SELECT COUNT(*) AS think_count FROM `wk_buy` `b` LEFT JOIN `wk_user` `u` ON `u`.`id`=`b`.`user_id` LEFT JOIN `wk_entrance` `e` ON `e`.`id`=`b`.`entrance_id` LIMIT 1 [ RunTime:0.000299s ]
[2023-02-08T16:07:27+08:00][error] [10501]SQLSTATE[42S22]: Column not found: 1054 Unknown column 'e.remark' in 'field list'[E:\github\c2\group_qrcode_tp\vendor\topthink\think-orm\src\db\PDOConnection.php:797]
[2023-02-08T16:07:28+08:00][sql] CONNECT:[ UseTime:0.000642s ] mysql:host=127.0.0.1;port=3306;dbname=c2;charset=utf8mb4
[2023-02-08T16:07:28+08:00][sql] SHOW FULL COLUMNS FROM `wk_deposit` [ RunTime:0.002431s ]
[2023-02-08T16:07:28+08:00][sql] SELECT COUNT(*) AS think_count FROM `wk_deposit` `d` LEFT JOIN `wk_user` `u` ON `u`.`id`=`d`.`user_id` LIMIT 1 [ RunTime:0.000259s ]
[2023-02-08T16:07:28+08:00][sql] SELECT `d`.`id`,`d`.`value`,`d`.`way`,`u`.`username`,`d`.`add_time` FROM `wk_deposit` `d` LEFT JOIN `wk_user` `u` ON `u`.`id`=`d`.`user_id` ORDER BY `d`.`id` DESC [ RunTime:0.000220s ]
[2023-02-08T16:07:30+08:00][sql] CONNECT:[ UseTime:0.000581s ] mysql:host=127.0.0.1;port=3306;dbname=c2;charset=utf8mb4
[2023-02-08T16:07:30+08:00][sql] SHOW FULL COLUMNS FROM `wk_setting` [ RunTime:0.000727s ]
[2023-02-08T16:07:30+08:00][sql] SELECT `str_val`,`int_val`,`desc`,`key` FROM `wk_setting` [ RunTime:0.000251s ]
[2023-02-08T16:07:30+08:00][sql] CONNECT:[ UseTime:0.000652s ] mysql:host=127.0.0.1;port=3306;dbname=c2;charset=utf8mb4
[2023-02-08T16:07:30+08:00][sql] SHOW FULL COLUMNS FROM `wk_deposit` [ RunTime:0.002044s ]
[2023-02-08T16:07:30+08:00][sql] SELECT COUNT(*) AS think_count FROM `wk_deposit` `d` LEFT JOIN `wk_user` `u` ON `u`.`id`=`d`.`user_id` LIMIT 1 [ RunTime:0.000304s ]
[2023-02-08T16:07:30+08:00][sql] SELECT `d`.`id`,`d`.`value`,`d`.`way`,`u`.`username`,`d`.`add_time` FROM `wk_deposit` `d` LEFT JOIN `wk_user` `u` ON `u`.`id`=`d`.`user_id` ORDER BY `d`.`id` DESC [ RunTime:0.000182s ]
[2023-02-08T16:07:32+08:00][sql] CONNECT:[ UseTime:0.000468s ] mysql:host=127.0.0.1;port=3306;dbname=c2;charset=utf8mb4
[2023-02-08T16:07:32+08:00][sql] SHOW FULL COLUMNS FROM `wk_manager` [ RunTime:0.000564s ]
[2023-02-08T16:07:32+08:00][sql] SELECT `id`,`username`,`enable`,`add_time` FROM `wk_manager` WHERE  `enable` = 1 ORDER BY `id` DESC LIMIT 0,20 [ RunTime:0.000183s ]
[2023-02-08T16:07:32+08:00][sql] SELECT COUNT(*) AS think_count FROM `wk_manager` WHERE  `enable` = 1 ORDER BY `id` DESC LIMIT 1 [ RunTime:0.000103s ]
[2023-02-08T16:07:33+08:00][sql] CONNECT:[ UseTime:0.000802s ] mysql:host=127.0.0.1;port=3306;dbname=c2;charset=utf8mb4
[2023-02-08T16:07:33+08:00][sql] SHOW FULL COLUMNS FROM `wk_user` [ RunTime:0.000890s ]
[2023-02-08T16:07:33+08:00][sql] SELECT COUNT(*) AS think_count FROM `wk_user` WHERE  `enable` = 1 LIMIT 1 [ RunTime:0.000314s ]
[2023-02-08T16:07:33+08:00][sql] SELECT `id`,`username`,`name`,`enable`,`invite_user_id`,`balance`,`score`,`add_time` FROM `wk_user` WHERE  `enable` = 1 ORDER BY `id` DESC LIMIT 0,20 [ RunTime:0.000240s ]
[2023-02-08T16:07:33+08:00][sql] SELECT `username` FROM `wk_user` WHERE  `id` = 1 LIMIT 1 [ RunTime:0.000251s ]
[2023-02-08T16:07:33+08:00][sql] SELECT `username` FROM `wk_user` WHERE  `id` = 1 LIMIT 1 [ RunTime:0.000218s ]
[2023-02-08T16:07:33+08:00][sql] SELECT `username` FROM `wk_user` WHERE  `id` = 1 LIMIT 1 [ RunTime:0.000274s ]
[2023-02-08T16:07:33+08:00][sql] SELECT `username` FROM `wk_user` WHERE  `id` = 1 LIMIT 1 [ RunTime:0.000250s ]
[2023-02-08T16:07:33+08:00][sql] SELECT `username` FROM `wk_user` WHERE  `id` = 1 LIMIT 1 [ RunTime:0.000210s ]
[2023-02-08T16:07:33+08:00][sql] SELECT `username` FROM `wk_user` WHERE  `id` = 1 LIMIT 1 [ RunTime:0.000275s ]
[2023-02-08T16:07:33+08:00][sql] SELECT `username` FROM `wk_user` WHERE  `id` = 1 LIMIT 1 [ RunTime:0.000211s ]
[2023-02-08T16:07:33+08:00][sql] SELECT `username` FROM `wk_user` WHERE  `id` = 1 LIMIT 1 [ RunTime:0.000205s ]
[2023-02-08T16:07:33+08:00][sql] SELECT `username` FROM `wk_user` WHERE  `id` = 1 LIMIT 1 [ RunTime:0.000183s ]
[2023-02-08T16:07:33+08:00][sql] SELECT `username` FROM `wk_user` WHERE  `id` = 1 LIMIT 1 [ RunTime:0.000170s ]
[2023-02-08T16:07:33+08:00][sql] SELECT `username` FROM `wk_user` WHERE  `id` = 1 LIMIT 1 [ RunTime:0.000177s ]
[2023-02-08T16:07:33+08:00][sql] SELECT `username` FROM `wk_user` WHERE  `id` = 1 LIMIT 1 [ RunTime:0.000216s ]
[2023-02-08T16:07:33+08:00][sql] SELECT `username` FROM `wk_user` WHERE  `id` = 1 LIMIT 1 [ RunTime:0.000214s ]
[2023-02-08T16:07:33+08:00][sql] SELECT `username` FROM `wk_user` WHERE  `id` = 1 LIMIT 1 [ RunTime:0.000190s ]
[2023-02-08T16:07:33+08:00][sql] SELECT `username` FROM `wk_user` WHERE  `id` = 1 LIMIT 1 [ RunTime:0.000234s ]
[2023-02-08T16:07:33+08:00][sql] SELECT `username` FROM `wk_user` WHERE  `id` = 1 LIMIT 1 [ RunTime:0.000243s ]
[2023-02-08T16:07:33+08:00][sql] SELECT `username` FROM `wk_user` WHERE  `id` = 1 LIMIT 1 [ RunTime:0.000182s ]
[2023-02-08T16:07:33+08:00][sql] SELECT `username` FROM `wk_user` WHERE  `id` = 1 LIMIT 1 [ RunTime:0.000304s ]
[2023-02-08T16:07:33+08:00][sql] SELECT `username` FROM `wk_user` WHERE  `id` = 1 LIMIT 1 [ RunTime:0.000288s ]
[2023-02-08T16:07:33+08:00][sql] SELECT `username` FROM `wk_user` WHERE  `id` = 1 LIMIT 1 [ RunTime:0.000252s ]
[2023-02-08T17:49:34+08:00][sql] CONNECT:[ UseTime:0.014112s ] mysql:host=127.0.0.1;port=3306;dbname=c2;charset=utf8mb4
[2023-02-08T17:49:34+08:00][sql] SHOW FULL COLUMNS FROM `wk_user` [ RunTime:0.001088s ]
[2023-02-08T17:49:34+08:00][sql] SELECT COUNT(*) AS think_count FROM `wk_user` WHERE  `enable` = 1 LIMIT 1 [ RunTime:0.000335s ]
[2023-02-08T17:49:34+08:00][sql] SELECT `id`,`username`,`name`,`enable`,`invite_user_id`,`balance`,`score`,`add_time` FROM `wk_user` WHERE  `enable` = 1 ORDER BY `id` DESC LIMIT 0,20 [ RunTime:0.000255s ]
[2023-02-08T17:49:34+08:00][sql] SELECT `username` FROM `wk_user` WHERE  `id` = 1 LIMIT 1 [ RunTime:0.000231s ]
[2023-02-08T17:49:34+08:00][sql] SELECT `username` FROM `wk_user` WHERE  `id` = 1 LIMIT 1 [ RunTime:0.000214s ]
[2023-02-08T17:49:34+08:00][sql] SELECT `username` FROM `wk_user` WHERE  `id` = 1 LIMIT 1 [ RunTime:0.000182s ]
[2023-02-08T17:49:34+08:00][sql] SELECT `username` FROM `wk_user` WHERE  `id` = 1 LIMIT 1 [ RunTime:0.000178s ]
[2023-02-08T17:49:34+08:00][sql] SELECT `username` FROM `wk_user` WHERE  `id` = 1 LIMIT 1 [ RunTime:0.000171s ]
[2023-02-08T17:49:34+08:00][sql] SELECT `username` FROM `wk_user` WHERE  `id` = 1 LIMIT 1 [ RunTime:0.000170s ]
[2023-02-08T17:49:34+08:00][sql] SELECT `username` FROM `wk_user` WHERE  `id` = 1 LIMIT 1 [ RunTime:0.000115s ]
[2023-02-08T17:49:34+08:00][sql] SELECT `username` FROM `wk_user` WHERE  `id` = 1 LIMIT 1 [ RunTime:0.000118s ]
[2023-02-08T17:49:34+08:00][sql] SELECT `username` FROM `wk_user` WHERE  `id` = 1 LIMIT 1 [ RunTime:0.000116s ]
[2023-02-08T17:49:34+08:00][sql] SELECT `username` FROM `wk_user` WHERE  `id` = 1 LIMIT 1 [ RunTime:0.000112s ]
[2023-02-08T17:49:34+08:00][sql] SELECT `username` FROM `wk_user` WHERE  `id` = 1 LIMIT 1 [ RunTime:0.000116s ]
[2023-02-08T17:49:34+08:00][sql] SELECT `username` FROM `wk_user` WHERE  `id` = 1 LIMIT 1 [ RunTime:0.000175s ]
[2023-02-08T17:49:34+08:00][sql] SELECT `username` FROM `wk_user` WHERE  `id` = 1 LIMIT 1 [ RunTime:0.000149s ]
[2023-02-08T17:49:34+08:00][sql] SELECT `username` FROM `wk_user` WHERE  `id` = 1 LIMIT 1 [ RunTime:0.000121s ]
[2023-02-08T17:49:34+08:00][sql] SELECT `username` FROM `wk_user` WHERE  `id` = 1 LIMIT 1 [ RunTime:0.000116s ]
[2023-02-08T17:49:34+08:00][sql] SELECT `username` FROM `wk_user` WHERE  `id` = 1 LIMIT 1 [ RunTime:0.000116s ]
[2023-02-08T17:49:34+08:00][sql] SELECT `username` FROM `wk_user` WHERE  `id` = 1 LIMIT 1 [ RunTime:0.000130s ]
[2023-02-08T17:49:34+08:00][sql] SELECT `username` FROM `wk_user` WHERE  `id` = 1 LIMIT 1 [ RunTime:0.000134s ]
[2023-02-08T17:49:34+08:00][sql] SELECT `username` FROM `wk_user` WHERE  `id` = 1 LIMIT 1 [ RunTime:0.000121s ]
[2023-02-08T17:49:34+08:00][sql] SELECT `username` FROM `wk_user` WHERE  `id` = 1 LIMIT 1 [ RunTime:0.000194s ]
[2023-02-08T17:49:35+08:00][sql] CONNECT:[ UseTime:0.000535s ] mysql:host=127.0.0.1;port=3306;dbname=c2;charset=utf8mb4
[2023-02-08T17:49:35+08:00][sql] SHOW FULL COLUMNS FROM `wk_user` [ RunTime:0.000720s ]
[2023-02-08T17:49:35+08:00][sql] SELECT COUNT(*) AS think_count FROM `wk_user` WHERE  `enable` = 1 LIMIT 1 [ RunTime:0.000152s ]
[2023-02-08T17:49:35+08:00][sql] SELECT `id`,`username`,`name`,`enable`,`invite_user_id`,`balance`,`score`,`add_time` FROM `wk_user` WHERE  `enable` = 1 ORDER BY `id` DESC LIMIT 0,20 [ RunTime:0.000149s ]
[2023-02-08T17:49:35+08:00][sql] SELECT `username` FROM `wk_user` WHERE  `id` = 1 LIMIT 1 [ RunTime:0.000135s ]
[2023-02-08T17:49:35+08:00][sql] SELECT `username` FROM `wk_user` WHERE  `id` = 1 LIMIT 1 [ RunTime:0.000221s ]
[2023-02-08T17:49:35+08:00][sql] SELECT `username` FROM `wk_user` WHERE  `id` = 1 LIMIT 1 [ RunTime:0.000137s ]
[2023-02-08T17:49:35+08:00][sql] SELECT `username` FROM `wk_user` WHERE  `id` = 1 LIMIT 1 [ RunTime:0.000105s ]
[2023-02-08T17:49:35+08:00][sql] SELECT `username` FROM `wk_user` WHERE  `id` = 1 LIMIT 1 [ RunTime:0.000190s ]
[2023-02-08T17:49:35+08:00][sql] SELECT `username` FROM `wk_user` WHERE  `id` = 1 LIMIT 1 [ RunTime:0.000206s ]
[2023-02-08T17:49:35+08:00][sql] SELECT `username` FROM `wk_user` WHERE  `id` = 1 LIMIT 1 [ RunTime:0.000163s ]
[2023-02-08T17:49:35+08:00][sql] SELECT `username` FROM `wk_user` WHERE  `id` = 1 LIMIT 1 [ RunTime:0.000192s ]
[2023-02-08T17:49:35+08:00][sql] SELECT `username` FROM `wk_user` WHERE  `id` = 1 LIMIT 1 [ RunTime:0.000188s ]
[2023-02-08T17:49:35+08:00][sql] SELECT `username` FROM `wk_user` WHERE  `id` = 1 LIMIT 1 [ RunTime:0.000195s ]
[2023-02-08T17:49:35+08:00][sql] SELECT `username` FROM `wk_user` WHERE  `id` = 1 LIMIT 1 [ RunTime:0.000160s ]
[2023-02-08T17:49:35+08:00][sql] SELECT `username` FROM `wk_user` WHERE  `id` = 1 LIMIT 1 [ RunTime:0.000197s ]
[2023-02-08T17:49:35+08:00][sql] SELECT `username` FROM `wk_user` WHERE  `id` = 1 LIMIT 1 [ RunTime:0.000165s ]
[2023-02-08T17:49:35+08:00][sql] SELECT `username` FROM `wk_user` WHERE  `id` = 1 LIMIT 1 [ RunTime:0.000138s ]
[2023-02-08T17:49:35+08:00][sql] SELECT `username` FROM `wk_user` WHERE  `id` = 1 LIMIT 1 [ RunTime:0.000156s ]
[2023-02-08T17:49:35+08:00][sql] SELECT `username` FROM `wk_user` WHERE  `id` = 1 LIMIT 1 [ RunTime:0.000122s ]
[2023-02-08T17:49:35+08:00][sql] SELECT `username` FROM `wk_user` WHERE  `id` = 1 LIMIT 1 [ RunTime:0.000180s ]
[2023-02-08T17:49:35+08:00][sql] SELECT `username` FROM `wk_user` WHERE  `id` = 1 LIMIT 1 [ RunTime:0.000127s ]
[2023-02-08T17:49:35+08:00][sql] SELECT `username` FROM `wk_user` WHERE  `id` = 1 LIMIT 1 [ RunTime:0.000206s ]
[2023-02-08T17:49:35+08:00][sql] SELECT `username` FROM `wk_user` WHERE  `id` = 1 LIMIT 1 [ RunTime:0.000188s ]
[2023-02-08T17:49:37+08:00][sql] CONNECT:[ UseTime:0.000738s ] mysql:host=127.0.0.1;port=3306;dbname=c2;charset=utf8mb4
[2023-02-08T17:49:37+08:00][sql] SHOW FULL COLUMNS FROM `wk_tag` [ RunTime:0.000927s ]
[2023-02-08T17:49:37+08:00][sql] SELECT `id`,`name` FROM `wk_tag` ORDER BY `id` [ RunTime:0.000318s ]
[2023-02-08T17:49:37+08:00][sql] CONNECT:[ UseTime:0.014140s ] mysql:host=127.0.0.1;port=3306;dbname=c2;charset=utf8mb4
[2023-02-08T17:49:37+08:00][sql] SHOW FULL COLUMNS FROM `wk_buy` [ RunTime:0.000812s ]
[2023-02-08T17:49:37+08:00][sql] SHOW FULL COLUMNS FROM `wk_entrance` [ RunTime:0.000731s ]
[2023-02-08T17:49:37+08:00][sql] SELECT COUNT(*) AS think_count FROM ( SELECT count(*) AS think_count FROM `wk_entrance` `e` LEFT JOIN `wk_buy` `b` ON `b`.`entrance_id`=`e`.`id` LEFT JOIN ( SELECT `id`,`entrance_id`,`user_id` FROM `wk_buy` ) `b2` ON `b2`.`entrance_id`=`e`.`id` WHERE  `e`.`expire_date` >= NOW() GROUP BY `e`.`id` ) `_group_count_` LIMIT 1 [ RunTime:0.161591s ]
[2023-02-08T17:49:37+08:00][sql] SELECT `e`.`id`,`e`.`qrcode_id`,`e`.`name`,`e`.`avatar`,`e`.`expire_date`,`e`.`members`,`e`.`qr`,`e`.`im`,`e`.`hide`,`e`.`update_time`,`e`.`add_time`,`e`.`company`,`e`.`status`,`e`.`joinable_wc`,`e`.`error_msg`,`e`.`type`,COUNT(DISTINCT b.id) buy_cnt,COUNT(DISTINCT b2.id) buy_cnt_month FROM `wk_entrance` `e` LEFT JOIN `wk_buy` `b` ON `b`.`entrance_id`=`e`.`id` LEFT JOIN ( SELECT `id`,`entrance_id`,`user_id` FROM `wk_buy` ) `b2` ON `b2`.`entrance_id`=`e`.`id` WHERE  `e`.`expire_date` >= NOW() GROUP BY `e`.`id` ORDER BY `e`.`id` DESC LIMIT 0,20 [ RunTime:0.183523s ]
[2023-02-08T17:49:38+08:00][sql] CONNECT:[ UseTime:0.001002s ] mysql:host=127.0.0.1;port=3306;dbname=c2;charset=utf8mb4
[2023-02-08T17:49:38+08:00][sql] SHOW FULL COLUMNS FROM `wk_user` [ RunTime:0.001679s ]
[2023-02-08T17:49:38+08:00][sql] SELECT COUNT(*) AS think_count FROM `wk_user` WHERE  `enable` = 1 LIMIT 1 [ RunTime:0.000330s ]
[2023-02-08T17:49:38+08:00][sql] SELECT `id`,`username`,`name`,`enable`,`invite_user_id`,`balance`,`score`,`add_time` FROM `wk_user` WHERE  `enable` = 1 ORDER BY `id` DESC LIMIT 0,20 [ RunTime:0.000292s ]
[2023-02-08T17:49:38+08:00][sql] SELECT `username` FROM `wk_user` WHERE  `id` = 1 LIMIT 1 [ RunTime:0.000248s ]
[2023-02-08T17:49:38+08:00][sql] SELECT `username` FROM `wk_user` WHERE  `id` = 1 LIMIT 1 [ RunTime:0.000230s ]
[2023-02-08T17:49:38+08:00][sql] SELECT `username` FROM `wk_user` WHERE  `id` = 1 LIMIT 1 [ RunTime:0.000235s ]
[2023-02-08T17:49:38+08:00][sql] SELECT `username` FROM `wk_user` WHERE  `id` = 1 LIMIT 1 [ RunTime:0.000230s ]
[2023-02-08T17:49:38+08:00][sql] SELECT `username` FROM `wk_user` WHERE  `id` = 1 LIMIT 1 [ RunTime:0.000208s ]
[2023-02-08T17:49:38+08:00][sql] SELECT `username` FROM `wk_user` WHERE  `id` = 1 LIMIT 1 [ RunTime:0.000215s ]
[2023-02-08T17:49:38+08:00][sql] SELECT `username` FROM `wk_user` WHERE  `id` = 1 LIMIT 1 [ RunTime:0.000265s ]
[2023-02-08T17:49:38+08:00][sql] SELECT `username` FROM `wk_user` WHERE  `id` = 1 LIMIT 1 [ RunTime:0.000214s ]
[2023-02-08T17:49:38+08:00][sql] SELECT `username` FROM `wk_user` WHERE  `id` = 1 LIMIT 1 [ RunTime:0.000210s ]
[2023-02-08T17:49:38+08:00][sql] SELECT `username` FROM `wk_user` WHERE  `id` = 1 LIMIT 1 [ RunTime:0.000277s ]
[2023-02-08T17:49:38+08:00][sql] SELECT `username` FROM `wk_user` WHERE  `id` = 1 LIMIT 1 [ RunTime:0.000223s ]
[2023-02-08T17:49:38+08:00][sql] SELECT `username` FROM `wk_user` WHERE  `id` = 1 LIMIT 1 [ RunTime:0.000191s ]
[2023-02-08T17:49:38+08:00][sql] SELECT `username` FROM `wk_user` WHERE  `id` = 1 LIMIT 1 [ RunTime:0.000192s ]
[2023-02-08T17:49:38+08:00][sql] SELECT `username` FROM `wk_user` WHERE  `id` = 1 LIMIT 1 [ RunTime:0.000166s ]
[2023-02-08T17:49:38+08:00][sql] SELECT `username` FROM `wk_user` WHERE  `id` = 1 LIMIT 1 [ RunTime:0.000187s ]
[2023-02-08T17:49:38+08:00][sql] SELECT `username` FROM `wk_user` WHERE  `id` = 1 LIMIT 1 [ RunTime:0.000307s ]
[2023-02-08T17:49:38+08:00][sql] SELECT `username` FROM `wk_user` WHERE  `id` = 1 LIMIT 1 [ RunTime:0.000206s ]
[2023-02-08T17:49:38+08:00][sql] SELECT `username` FROM `wk_user` WHERE  `id` = 1 LIMIT 1 [ RunTime:0.000202s ]
[2023-02-08T17:49:38+08:00][sql] SELECT `username` FROM `wk_user` WHERE  `id` = 1 LIMIT 1 [ RunTime:0.000200s ]
[2023-02-08T17:49:38+08:00][sql] SELECT `username` FROM `wk_user` WHERE  `id` = 1 LIMIT 1 [ RunTime:0.000186s ]
[2023-02-08T17:49:41+08:00][sql] CONNECT:[ UseTime:0.000729s ] mysql:host=127.0.0.1;port=3306;dbname=c2;charset=utf8mb4
[2023-02-08T17:49:41+08:00][sql] SHOW FULL COLUMNS FROM `wk_provider` [ RunTime:0.001590s ]
[2023-02-08T17:49:41+08:00][sql] SELECT `id`,`username`,`name`,`score`,`enable`,`add_time` FROM `wk_provider` WHERE  `enable` = 1 ORDER BY `id` DESC LIMIT 0,20 [ RunTime:0.000309s ]
[2023-02-08T17:49:41+08:00][sql] SELECT COUNT(*) AS think_count FROM `wk_provider` WHERE  `enable` = 1 ORDER BY `id` DESC LIMIT 1 [ RunTime:0.000132s ]
[2023-02-08T17:49:43+08:00][sql] CONNECT:[ UseTime:0.000583s ] mysql:host=127.0.0.1;port=3306;dbname=c2;charset=utf8mb4
[2023-02-08T17:49:43+08:00][sql] SHOW FULL COLUMNS FROM `wk_provider` [ RunTime:0.000809s ]
[2023-02-08T17:49:43+08:00][sql] SELECT `id`,`username`,`name`,`score`,`enable`,`add_time` FROM `wk_provider` WHERE  `enable` = 0 ORDER BY `id` DESC LIMIT 0,20 [ RunTime:0.000178s ]
[2023-02-08T17:49:43+08:00][sql] SELECT COUNT(*) AS think_count FROM `wk_provider` WHERE  `enable` = 0 ORDER BY `id` DESC LIMIT 1 [ RunTime:0.000136s ]
[2023-02-08T17:49:43+08:00][sql] CONNECT:[ UseTime:0.006314s ] mysql:host=127.0.0.1;port=3306;dbname=c2;charset=utf8mb4
[2023-02-08T17:49:43+08:00][sql] SHOW FULL COLUMNS FROM `wk_provider` [ RunTime:0.001048s ]
[2023-02-08T17:49:43+08:00][sql] SELECT `id`,`username`,`name`,`score`,`enable`,`add_time` FROM `wk_provider` WHERE  `enable` = 1 ORDER BY `id` DESC LIMIT 0,20 [ RunTime:0.000259s ]
[2023-02-08T17:49:43+08:00][sql] SELECT COUNT(*) AS think_count FROM `wk_provider` WHERE  `enable` = 1 ORDER BY `id` DESC LIMIT 1 [ RunTime:0.000199s ]
[2023-02-08T17:49:45+08:00][sql] CONNECT:[ UseTime:0.000653s ] mysql:host=127.0.0.1;port=3306;dbname=c2;charset=utf8mb4
[2023-02-08T17:49:45+08:00][sql] SHOW FULL COLUMNS FROM `wk_manager` [ RunTime:0.000866s ]
[2023-02-08T17:49:45+08:00][sql] SELECT `id`,`username`,`enable`,`add_time` FROM `wk_manager` WHERE  `enable` = 1 ORDER BY `id` DESC LIMIT 0,20 [ RunTime:0.000296s ]
[2023-02-08T17:49:45+08:00][sql] SELECT COUNT(*) AS think_count FROM `wk_manager` WHERE  `enable` = 1 ORDER BY `id` DESC LIMIT 1 [ RunTime:0.000241s ]
