[2023-02-12T15:25:20+08:00][sql] CONNECT:[ UseTime:0.000666s ] mysql:host=127.0.0.1;port=3306;dbname=c2;charset=utf8mb4
[2023-02-12T15:25:20+08:00][sql] SHOW FULL COLUMNS FROM `wk_admin` [ RunTime:0.001332s ]
[2023-02-12T15:25:20+08:00][sql] SELECT `id`,`username` FROM `wk_admin` WHERE  `username` = 'zhizun'  AND `password` = '18654b2cd47d004109ca5ee404e002a3' LIMIT 1 [ RunTime:0.000666s ]
[2023-02-12T15:25:24+08:00][sql] CONNECT:[ UseTime:0.000474s ] mysql:host=127.0.0.1;port=3306;dbname=c2;charset=utf8mb4
[2023-02-12T15:25:24+08:00][sql] SHOW FULL COLUMNS FROM `wk_admin` [ RunTime:0.000888s ]
[2023-02-12T15:25:24+08:00][sql] SELECT `id`,`username` FROM `wk_admin` WHERE  `username` = 'admin'  AND `password` = '18654b2cd47d004109ca5ee404e002a3' LIMIT 1 [ RunTime:0.000268s ]
[2023-02-12T15:25:24+08:00][sql] CONNECT:[ UseTime:0.000783s ] mysql:host=127.0.0.1;port=3306;dbname=c2;charset=utf8mb4
[2023-02-12T15:25:24+08:00][sql] SHOW FULL COLUMNS FROM `wk_admin` [ RunTime:0.001718s ]
[2023-02-12T15:25:24+08:00][sql] SELECT `id`,`username` FROM `wk_admin` WHERE  `id` = 1 LIMIT 1 [ RunTime:0.000232s ]
[2023-02-12T15:25:24+08:00][sql] CONNECT:[ UseTime:0.000583s ] mysql:host=127.0.0.1;port=3306;dbname=c2;charset=utf8mb4
[2023-02-12T15:25:24+08:00][sql] SHOW FULL COLUMNS FROM `wk_qrcode` [ RunTime:0.002494s ]
[2023-02-12T15:25:24+08:00][sql] SELECT DATE(add_time) `date`,COUNT(id) quantity FROM `wk_qrcode` WHERE  ( DATE(add_time) >= DATE_SUB(CURDATE(),INTERVAL 7 DAY) ) GROUP BY `date` [ RunTime:0.014909s ]
[2023-02-12T15:25:24+08:00][sql] SHOW FULL COLUMNS FROM `wk_entrance` [ RunTime:0.001835s ]
[2023-02-12T15:25:24+08:00][sql] SELECT DATE(add_time) `date`,COUNT(id) quantity FROM `wk_entrance` WHERE  ( DATE(add_time) >= DATE_SUB(CURDATE(),INTERVAL 7 DAY) ) GROUP BY `date` [ RunTime:0.071369s ]
[2023-02-12T15:25:24+08:00][sql] SHOW FULL COLUMNS FROM `wk_buy` [ RunTime:0.000823s ]
[2023-02-12T15:25:24+08:00][sql] SELECT DATE(add_time) `date`,COUNT(id) quantity FROM `wk_buy` WHERE  ( DATE(add_time) >= DATE_SUB(CURDATE(),INTERVAL 7 DAY) ) GROUP BY `date` [ RunTime:0.002624s ]
[2023-02-12T15:25:27+08:00][sql] CONNECT:[ UseTime:0.000642s ] mysql:host=127.0.0.1;port=3306;dbname=c2;charset=utf8mb4
[2023-02-12T15:25:27+08:00][sql] SHOW FULL COLUMNS FROM `wk_manager` [ RunTime:0.000522s ]
[2023-02-12T15:25:27+08:00][sql] SELECT `id`,`username`,`enable`,`add_time` FROM `wk_manager` WHERE  `enable` = 1 ORDER BY `id` DESC LIMIT 0,20 [ RunTime:0.000290s ]
[2023-02-12T15:25:27+08:00][sql] SELECT COUNT(*) AS think_count FROM `wk_manager` WHERE  `enable` = 1 ORDER BY `id` DESC LIMIT 1 [ RunTime:0.000213s ]
[2023-02-12T15:25:29+08:00][sql] CONNECT:[ UseTime:0.015549s ] mysql:host=127.0.0.1;port=3306;dbname=c2;charset=utf8mb4
[2023-02-12T15:25:29+08:00][sql] SHOW FULL COLUMNS FROM `wk_manager` [ RunTime:0.000547s ]
[2023-02-12T15:25:29+08:00][sql] SELECT `id`,`username`,`enable`,`add_time` FROM `wk_manager` WHERE  `enable` = 0 ORDER BY `id` DESC LIMIT 0,20 [ RunTime:0.000195s ]
[2023-02-12T15:25:29+08:00][sql] SELECT COUNT(*) AS think_count FROM `wk_manager` WHERE  `enable` = 0 ORDER BY `id` DESC LIMIT 1 [ RunTime:0.000143s ]
[2023-02-12T15:25:30+08:00][sql] CONNECT:[ UseTime:0.000478s ] mysql:host=127.0.0.1;port=3306;dbname=c2;charset=utf8mb4
[2023-02-12T15:25:30+08:00][sql] SHOW FULL COLUMNS FROM `wk_provider` [ RunTime:0.000946s ]
[2023-02-12T15:25:30+08:00][sql] SELECT `id`,`username`,`name`,`score`,`enable`,`add_time` FROM `wk_provider` WHERE  `enable` = 1 ORDER BY `id` DESC LIMIT 0,20 [ RunTime:0.000289s ]
[2023-02-12T15:25:30+08:00][sql] SELECT COUNT(*) AS think_count FROM `wk_provider` WHERE  `enable` = 1 ORDER BY `id` DESC LIMIT 1 [ RunTime:0.000225s ]
[2023-02-12T15:25:36+08:00][sql] CONNECT:[ UseTime:0.000674s ] mysql:host=127.0.0.1;port=3306;dbname=c2;charset=utf8mb4
[2023-02-12T15:25:36+08:00][sql] SHOW FULL COLUMNS FROM `wk_tag` [ RunTime:0.000977s ]
[2023-02-12T15:25:36+08:00][sql] SELECT `id`,`name` FROM `wk_tag` ORDER BY `id` [ RunTime:0.000148s ]
[2023-02-12T15:25:36+08:00][sql] CONNECT:[ UseTime:0.013560s ] mysql:host=127.0.0.1;port=3306;dbname=c2;charset=utf8mb4
[2023-02-12T15:25:36+08:00][sql] SHOW FULL COLUMNS FROM `wk_qrcode` [ RunTime:0.001000s ]
[2023-02-12T15:25:36+08:00][sql] SELECT COUNT(*) AS think_count FROM ( SELECT q.id,q.user_id,q.provider_id,q.code,q.company,q.status,q.err_msg,q.add_time,count(*) AS think_count FROM `wk_qrcode` `q` LEFT JOIN `wk_entrance` `e` ON `e`.`qrcode_id`=q.id AND e.expire_date>=NOW() GROUP BY `q`.`id` ) `_group_count_` LIMIT 1 [ RunTime:0.346757s ]
[2023-02-12T15:25:36+08:00][sql] SELECT q.id,q.user_id,q.provider_id,q.code,q.company,q.status,q.err_msg,q.add_time,count(*) AS think_count FROM `wk_qrcode` `q` LEFT JOIN `wk_entrance` `e` ON `e`.`qrcode_id`=q.id AND e.expire_date>=NOW() GROUP BY `q`.`id` LIMIT 0,20 [ RunTime:0.000659s ]
[2023-02-12T15:25:36+08:00][sql] SHOW FULL COLUMNS FROM `wk_user` [ RunTime:0.000998s ]
[2023-02-12T15:25:36+08:00][sql] SELECT `username` FROM `wk_user` WHERE  `id` = 1 LIMIT 1 [ RunTime:0.000220s ]
[2023-02-12T15:25:36+08:00][sql] SHOW FULL COLUMNS FROM `wk_entrance` [ RunTime:0.000460s ]
[2023-02-12T15:25:36+08:00][sql] SELECT `e`.`id`,`e`.`avatar`,`e`.`name`,`e`.`members`,`e`.`qr`,`e`.`expire_date`,`e`.`joinable_wc`,`e`.`reported`,`e`.`add_time`,CONVERT(IF(b.id,'1','0'),UNSIGNED) 'bought' FROM `wk_entrance` `e` LEFT JOIN `wk_buy` `b` ON `b`.`entrance_id`=`e`.`id` WHERE  `e`.`expire_date` >= NOW()  AND `e`.`qrcode_id` = '2' [ RunTime:0.000783s ]
[2023-02-12T15:25:36+08:00][sql] SELECT `username` FROM `wk_user` WHERE  `id` = 1 LIMIT 1 [ RunTime:0.000204s ]
[2023-02-12T15:25:36+08:00][sql] SELECT `e`.`id`,`e`.`avatar`,`e`.`name`,`e`.`members`,`e`.`qr`,`e`.`expire_date`,`e`.`joinable_wc`,`e`.`reported`,`e`.`add_time`,CONVERT(IF(b.id,'1','0'),UNSIGNED) 'bought' FROM `wk_entrance` `e` LEFT JOIN `wk_buy` `b` ON `b`.`entrance_id`=`e`.`id` WHERE  `e`.`expire_date` >= NOW()  AND `e`.`qrcode_id` = '3' [ RunTime:0.000257s ]
[2023-02-12T15:25:36+08:00][sql] SELECT `username` FROM `wk_user` WHERE  `id` = 29 LIMIT 1 [ RunTime:0.000217s ]
[2023-02-12T15:25:36+08:00][sql] SELECT `e`.`id`,`e`.`avatar`,`e`.`name`,`e`.`members`,`e`.`qr`,`e`.`expire_date`,`e`.`joinable_wc`,`e`.`reported`,`e`.`add_time`,CONVERT(IF(b.id,'1','0'),UNSIGNED) 'bought' FROM `wk_entrance` `e` LEFT JOIN `wk_buy` `b` ON `b`.`entrance_id`=`e`.`id` WHERE  `e`.`expire_date` >= NOW()  AND `e`.`qrcode_id` = '4' [ RunTime:0.000339s ]
[2023-02-12T15:25:36+08:00][sql] SELECT `username` FROM `wk_user` WHERE  `id` = 29 LIMIT 1 [ RunTime:0.000201s ]
[2023-02-12T15:25:36+08:00][sql] SELECT `e`.`id`,`e`.`avatar`,`e`.`name`,`e`.`members`,`e`.`qr`,`e`.`expire_date`,`e`.`joinable_wc`,`e`.`reported`,`e`.`add_time`,CONVERT(IF(b.id,'1','0'),UNSIGNED) 'bought' FROM `wk_entrance` `e` LEFT JOIN `wk_buy` `b` ON `b`.`entrance_id`=`e`.`id` WHERE  `e`.`expire_date` >= NOW()  AND `e`.`qrcode_id` = '5' [ RunTime:0.000412s ]
[2023-02-12T15:25:36+08:00][sql] SELECT `username` FROM `wk_user` WHERE  `id` = 29 LIMIT 1 [ RunTime:0.000189s ]
[2023-02-12T15:25:36+08:00][sql] SELECT `e`.`id`,`e`.`avatar`,`e`.`name`,`e`.`members`,`e`.`qr`,`e`.`expire_date`,`e`.`joinable_wc`,`e`.`reported`,`e`.`add_time`,CONVERT(IF(b.id,'1','0'),UNSIGNED) 'bought' FROM `wk_entrance` `e` LEFT JOIN `wk_buy` `b` ON `b`.`entrance_id`=`e`.`id` WHERE  `e`.`expire_date` >= NOW()  AND `e`.`qrcode_id` = '6' [ RunTime:0.000227s ]
[2023-02-12T15:25:36+08:00][sql] SELECT `username` FROM `wk_user` WHERE  `id` = 29 LIMIT 1 [ RunTime:0.000090s ]
[2023-02-12T15:25:36+08:00][sql] SELECT `e`.`id`,`e`.`avatar`,`e`.`name`,`e`.`members`,`e`.`qr`,`e`.`expire_date`,`e`.`joinable_wc`,`e`.`reported`,`e`.`add_time`,CONVERT(IF(b.id,'1','0'),UNSIGNED) 'bought' FROM `wk_entrance` `e` LEFT JOIN `wk_buy` `b` ON `b`.`entrance_id`=`e`.`id` WHERE  `e`.`expire_date` >= NOW()  AND `e`.`qrcode_id` = '7' [ RunTime:0.000185s ]
[2023-02-12T15:25:36+08:00][sql] SELECT `username` FROM `wk_user` WHERE  `id` = 29 LIMIT 1 [ RunTime:0.000087s ]
[2023-02-12T15:25:36+08:00][sql] SELECT `e`.`id`,`e`.`avatar`,`e`.`name`,`e`.`members`,`e`.`qr`,`e`.`expire_date`,`e`.`joinable_wc`,`e`.`reported`,`e`.`add_time`,CONVERT(IF(b.id,'1','0'),UNSIGNED) 'bought' FROM `wk_entrance` `e` LEFT JOIN `wk_buy` `b` ON `b`.`entrance_id`=`e`.`id` WHERE  `e`.`expire_date` >= NOW()  AND `e`.`qrcode_id` = '8' [ RunTime:0.000182s ]
[2023-02-12T15:25:36+08:00][sql] SELECT `username` FROM `wk_user` WHERE  `id` = 29 LIMIT 1 [ RunTime:0.000086s ]
[2023-02-12T15:25:36+08:00][sql] SELECT `e`.`id`,`e`.`avatar`,`e`.`name`,`e`.`members`,`e`.`qr`,`e`.`expire_date`,`e`.`joinable_wc`,`e`.`reported`,`e`.`add_time`,CONVERT(IF(b.id,'1','0'),UNSIGNED) 'bought' FROM `wk_entrance` `e` LEFT JOIN `wk_buy` `b` ON `b`.`entrance_id`=`e`.`id` WHERE  `e`.`expire_date` >= NOW()  AND `e`.`qrcode_id` = '9' [ RunTime:0.000210s ]
[2023-02-12T15:25:36+08:00][sql] SELECT `username` FROM `wk_user` WHERE  `id` = 29 LIMIT 1 [ RunTime:0.000181s ]
[2023-02-12T15:25:36+08:00][sql] SELECT `e`.`id`,`e`.`avatar`,`e`.`name`,`e`.`members`,`e`.`qr`,`e`.`expire_date`,`e`.`joinable_wc`,`e`.`reported`,`e`.`add_time`,CONVERT(IF(b.id,'1','0'),UNSIGNED) 'bought' FROM `wk_entrance` `e` LEFT JOIN `wk_buy` `b` ON `b`.`entrance_id`=`e`.`id` WHERE  `e`.`expire_date` >= NOW()  AND `e`.`qrcode_id` = '10' [ RunTime:0.000329s ]
[2023-02-12T15:25:36+08:00][sql] SELECT `username` FROM `wk_user` WHERE  `id` = 29 LIMIT 1 [ RunTime:0.000204s ]
[2023-02-12T15:25:36+08:00][sql] SELECT `e`.`id`,`e`.`avatar`,`e`.`name`,`e`.`members`,`e`.`qr`,`e`.`expire_date`,`e`.`joinable_wc`,`e`.`reported`,`e`.`add_time`,CONVERT(IF(b.id,'1','0'),UNSIGNED) 'bought' FROM `wk_entrance` `e` LEFT JOIN `wk_buy` `b` ON `b`.`entrance_id`=`e`.`id` WHERE  `e`.`expire_date` >= NOW()  AND `e`.`qrcode_id` = '11' [ RunTime:0.000262s ]
[2023-02-12T15:25:36+08:00][sql] SELECT `username` FROM `wk_user` WHERE  `id` = 29 LIMIT 1 [ RunTime:0.000087s ]
[2023-02-12T15:25:36+08:00][sql] SELECT `e`.`id`,`e`.`avatar`,`e`.`name`,`e`.`members`,`e`.`qr`,`e`.`expire_date`,`e`.`joinable_wc`,`e`.`reported`,`e`.`add_time`,CONVERT(IF(b.id,'1','0'),UNSIGNED) 'bought' FROM `wk_entrance` `e` LEFT JOIN `wk_buy` `b` ON `b`.`entrance_id`=`e`.`id` WHERE  `e`.`expire_date` >= NOW()  AND `e`.`qrcode_id` = '12' [ RunTime:0.000163s ]
[2023-02-12T15:25:36+08:00][sql] SELECT `username` FROM `wk_user` WHERE  `id` = 29 LIMIT 1 [ RunTime:0.000083s ]
[2023-02-12T15:25:36+08:00][sql] SELECT `e`.`id`,`e`.`avatar`,`e`.`name`,`e`.`members`,`e`.`qr`,`e`.`expire_date`,`e`.`joinable_wc`,`e`.`reported`,`e`.`add_time`,CONVERT(IF(b.id,'1','0'),UNSIGNED) 'bought' FROM `wk_entrance` `e` LEFT JOIN `wk_buy` `b` ON `b`.`entrance_id`=`e`.`id` WHERE  `e`.`expire_date` >= NOW()  AND `e`.`qrcode_id` = '13' [ RunTime:0.000160s ]
[2023-02-12T15:25:36+08:00][sql] SELECT `username` FROM `wk_user` WHERE  `id` = 29 LIMIT 1 [ RunTime:0.000084s ]
[2023-02-12T15:25:36+08:00][sql] SELECT `e`.`id`,`e`.`avatar`,`e`.`name`,`e`.`members`,`e`.`qr`,`e`.`expire_date`,`e`.`joinable_wc`,`e`.`reported`,`e`.`add_time`,CONVERT(IF(b.id,'1','0'),UNSIGNED) 'bought' FROM `wk_entrance` `e` LEFT JOIN `wk_buy` `b` ON `b`.`entrance_id`=`e`.`id` WHERE  `e`.`expire_date` >= NOW()  AND `e`.`qrcode_id` = '14' [ RunTime:0.000174s ]
[2023-02-12T15:25:36+08:00][sql] SELECT `username` FROM `wk_user` WHERE  `id` = 29 LIMIT 1 [ RunTime:0.000107s ]
[2023-02-12T15:25:36+08:00][sql] SELECT `e`.`id`,`e`.`avatar`,`e`.`name`,`e`.`members`,`e`.`qr`,`e`.`expire_date`,`e`.`joinable_wc`,`e`.`reported`,`e`.`add_time`,CONVERT(IF(b.id,'1','0'),UNSIGNED) 'bought' FROM `wk_entrance` `e` LEFT JOIN `wk_buy` `b` ON `b`.`entrance_id`=`e`.`id` WHERE  `e`.`expire_date` >= NOW()  AND `e`.`qrcode_id` = '15' [ RunTime:0.000162s ]
[2023-02-12T15:25:36+08:00][sql] SELECT `username` FROM `wk_user` WHERE  `id` = 29 LIMIT 1 [ RunTime:0.000082s ]
[2023-02-12T15:25:36+08:00][sql] SELECT `e`.`id`,`e`.`avatar`,`e`.`name`,`e`.`members`,`e`.`qr`,`e`.`expire_date`,`e`.`joinable_wc`,`e`.`reported`,`e`.`add_time`,CONVERT(IF(b.id,'1','0'),UNSIGNED) 'bought' FROM `wk_entrance` `e` LEFT JOIN `wk_buy` `b` ON `b`.`entrance_id`=`e`.`id` WHERE  `e`.`expire_date` >= NOW()  AND `e`.`qrcode_id` = '16' [ RunTime:0.000159s ]
[2023-02-12T15:25:36+08:00][sql] SELECT `username` FROM `wk_user` WHERE  `id` = 29 LIMIT 1 [ RunTime:0.000082s ]
[2023-02-12T15:25:36+08:00][sql] SELECT `e`.`id`,`e`.`avatar`,`e`.`name`,`e`.`members`,`e`.`qr`,`e`.`expire_date`,`e`.`joinable_wc`,`e`.`reported`,`e`.`add_time`,CONVERT(IF(b.id,'1','0'),UNSIGNED) 'bought' FROM `wk_entrance` `e` LEFT JOIN `wk_buy` `b` ON `b`.`entrance_id`=`e`.`id` WHERE  `e`.`expire_date` >= NOW()  AND `e`.`qrcode_id` = '17' [ RunTime:0.000162s ]
[2023-02-12T15:25:36+08:00][sql] SELECT `username` FROM `wk_user` WHERE  `id` = 29 LIMIT 1 [ RunTime:0.000083s ]
[2023-02-12T15:25:36+08:00][sql] SELECT `e`.`id`,`e`.`avatar`,`e`.`name`,`e`.`members`,`e`.`qr`,`e`.`expire_date`,`e`.`joinable_wc`,`e`.`reported`,`e`.`add_time`,CONVERT(IF(b.id,'1','0'),UNSIGNED) 'bought' FROM `wk_entrance` `e` LEFT JOIN `wk_buy` `b` ON `b`.`entrance_id`=`e`.`id` WHERE  `e`.`expire_date` >= NOW()  AND `e`.`qrcode_id` = '18' [ RunTime:0.000161s ]
[2023-02-12T15:25:36+08:00][sql] SELECT `username` FROM `wk_user` WHERE  `id` = 29 LIMIT 1 [ RunTime:0.000135s ]
[2023-02-12T15:25:36+08:00][sql] SELECT `e`.`id`,`e`.`avatar`,`e`.`name`,`e`.`members`,`e`.`qr`,`e`.`expire_date`,`e`.`joinable_wc`,`e`.`reported`,`e`.`add_time`,CONVERT(IF(b.id,'1','0'),UNSIGNED) 'bought' FROM `wk_entrance` `e` LEFT JOIN `wk_buy` `b` ON `b`.`entrance_id`=`e`.`id` WHERE  `e`.`expire_date` >= NOW()  AND `e`.`qrcode_id` = '19' [ RunTime:0.000164s ]
[2023-02-12T15:25:36+08:00][sql] SELECT `username` FROM `wk_user` WHERE  `id` = 29 LIMIT 1 [ RunTime:0.000143s ]
[2023-02-12T15:25:36+08:00][sql] SELECT `e`.`id`,`e`.`avatar`,`e`.`name`,`e`.`members`,`e`.`qr`,`e`.`expire_date`,`e`.`joinable_wc`,`e`.`reported`,`e`.`add_time`,CONVERT(IF(b.id,'1','0'),UNSIGNED) 'bought' FROM `wk_entrance` `e` LEFT JOIN `wk_buy` `b` ON `b`.`entrance_id`=`e`.`id` WHERE  `e`.`expire_date` >= NOW()  AND `e`.`qrcode_id` = '20' [ RunTime:0.000278s ]
[2023-02-12T15:25:36+08:00][sql] SELECT `username` FROM `wk_user` WHERE  `id` = 29 LIMIT 1 [ RunTime:0.000100s ]
[2023-02-12T15:25:36+08:00][sql] SELECT `e`.`id`,`e`.`avatar`,`e`.`name`,`e`.`members`,`e`.`qr`,`e`.`expire_date`,`e`.`joinable_wc`,`e`.`reported`,`e`.`add_time`,CONVERT(IF(b.id,'1','0'),UNSIGNED) 'bought' FROM `wk_entrance` `e` LEFT JOIN `wk_buy` `b` ON `b`.`entrance_id`=`e`.`id` WHERE  `e`.`expire_date` >= NOW()  AND `e`.`qrcode_id` = '21' [ RunTime:0.000270s ]
[2023-02-12T15:36:08+08:00][sql] CONNECT:[ UseTime:0.000652s ] mysql:host=127.0.0.1;port=3306;dbname=c2;charset=utf8mb4
[2023-02-12T15:36:08+08:00][sql] SHOW FULL COLUMNS FROM `wk_qrcode` [ RunTime:0.000686s ]
[2023-02-12T15:36:08+08:00][sql] SELECT COUNT(*) AS think_count FROM ( SELECT q.id,q.user_id,q.provider_id,q.code,q.company,q.status,q.err_msg,q.add_time,count(*) AS think_count FROM `wk_qrcode` `q` LEFT JOIN `wk_entrance` `e` ON `e`.`qrcode_id`=q.id AND e.expire_date>=NOW() GROUP BY `q`.`id` ) `_group_count_` LIMIT 1 [ RunTime:0.298014s ]
[2023-02-12T15:36:08+08:00][sql] SELECT q.id,q.user_id,q.provider_id,q.code,q.company,q.status,q.err_msg,q.add_time,count(*) AS think_count FROM `wk_qrcode` `q` LEFT JOIN `wk_entrance` `e` ON `e`.`qrcode_id`=q.id AND e.expire_date>=NOW() GROUP BY `q`.`id` LIMIT 0,20 [ RunTime:0.000778s ]
[2023-02-12T15:36:08+08:00][sql] SHOW FULL COLUMNS FROM `wk_user` [ RunTime:0.000583s ]
[2023-02-12T15:36:08+08:00][sql] SELECT `username` FROM `wk_user` WHERE  `id` = 1 LIMIT 1 [ RunTime:0.000273s ]
[2023-02-12T15:36:08+08:00][sql] SHOW FULL COLUMNS FROM `wk_entrance` [ RunTime:0.000552s ]
[2023-02-12T15:36:08+08:00][sql] SELECT `e`.`id`,`e`.`avatar`,`e`.`name`,`e`.`members`,`e`.`qr`,`e`.`expire_date`,`e`.`joinable_wc`,`e`.`reported`,`e`.`add_time`,CONVERT(IF(b.id,'1','0'),UNSIGNED) 'bought' FROM `wk_entrance` `e` LEFT JOIN `wk_buy` `b` ON `b`.`entrance_id`=`e`.`id` WHERE  `e`.`expire_date` >= NOW()  AND `e`.`qrcode_id` = '2' [ RunTime:0.000829s ]
[2023-02-12T15:36:08+08:00][sql] SELECT `username` FROM `wk_user` WHERE  `id` = 1 LIMIT 1 [ RunTime:0.000228s ]
[2023-02-12T15:36:08+08:00][sql] SELECT `e`.`id`,`e`.`avatar`,`e`.`name`,`e`.`members`,`e`.`qr`,`e`.`expire_date`,`e`.`joinable_wc`,`e`.`reported`,`e`.`add_time`,CONVERT(IF(b.id,'1','0'),UNSIGNED) 'bought' FROM `wk_entrance` `e` LEFT JOIN `wk_buy` `b` ON `b`.`entrance_id`=`e`.`id` WHERE  `e`.`expire_date` >= NOW()  AND `e`.`qrcode_id` = '3' [ RunTime:0.000366s ]
[2023-02-12T15:36:08+08:00][sql] SELECT `username` FROM `wk_user` WHERE  `id` = 29 LIMIT 1 [ RunTime:0.000262s ]
[2023-02-12T15:36:08+08:00][sql] SELECT `e`.`id`,`e`.`avatar`,`e`.`name`,`e`.`members`,`e`.`qr`,`e`.`expire_date`,`e`.`joinable_wc`,`e`.`reported`,`e`.`add_time`,CONVERT(IF(b.id,'1','0'),UNSIGNED) 'bought' FROM `wk_entrance` `e` LEFT JOIN `wk_buy` `b` ON `b`.`entrance_id`=`e`.`id` WHERE  `e`.`expire_date` >= NOW()  AND `e`.`qrcode_id` = '4' [ RunTime:0.000292s ]
[2023-02-12T15:36:08+08:00][sql] SELECT `username` FROM `wk_user` WHERE  `id` = 29 LIMIT 1 [ RunTime:0.000241s ]
[2023-02-12T15:36:08+08:00][sql] SELECT `e`.`id`,`e`.`avatar`,`e`.`name`,`e`.`members`,`e`.`qr`,`e`.`expire_date`,`e`.`joinable_wc`,`e`.`reported`,`e`.`add_time`,CONVERT(IF(b.id,'1','0'),UNSIGNED) 'bought' FROM `wk_entrance` `e` LEFT JOIN `wk_buy` `b` ON `b`.`entrance_id`=`e`.`id` WHERE  `e`.`expire_date` >= NOW()  AND `e`.`qrcode_id` = '5' [ RunTime:0.000337s ]
[2023-02-12T15:36:08+08:00][sql] SELECT `username` FROM `wk_user` WHERE  `id` = 29 LIMIT 1 [ RunTime:0.000156s ]
[2023-02-12T15:36:08+08:00][sql] SELECT `e`.`id`,`e`.`avatar`,`e`.`name`,`e`.`members`,`e`.`qr`,`e`.`expire_date`,`e`.`joinable_wc`,`e`.`reported`,`e`.`add_time`,CONVERT(IF(b.id,'1','0'),UNSIGNED) 'bought' FROM `wk_entrance` `e` LEFT JOIN `wk_buy` `b` ON `b`.`entrance_id`=`e`.`id` WHERE  `e`.`expire_date` >= NOW()  AND `e`.`qrcode_id` = '6' [ RunTime:0.000240s ]
[2023-02-12T15:36:08+08:00][sql] SELECT `username` FROM `wk_user` WHERE  `id` = 29 LIMIT 1 [ RunTime:0.000151s ]
[2023-02-12T15:36:08+08:00][sql] SELECT `e`.`id`,`e`.`avatar`,`e`.`name`,`e`.`members`,`e`.`qr`,`e`.`expire_date`,`e`.`joinable_wc`,`e`.`reported`,`e`.`add_time`,CONVERT(IF(b.id,'1','0'),UNSIGNED) 'bought' FROM `wk_entrance` `e` LEFT JOIN `wk_buy` `b` ON `b`.`entrance_id`=`e`.`id` WHERE  `e`.`expire_date` >= NOW()  AND `e`.`qrcode_id` = '7' [ RunTime:0.000209s ]
[2023-02-12T15:36:08+08:00][sql] SELECT `username` FROM `wk_user` WHERE  `id` = 29 LIMIT 1 [ RunTime:0.000085s ]
[2023-02-12T15:36:08+08:00][sql] SELECT `e`.`id`,`e`.`avatar`,`e`.`name`,`e`.`members`,`e`.`qr`,`e`.`expire_date`,`e`.`joinable_wc`,`e`.`reported`,`e`.`add_time`,CONVERT(IF(b.id,'1','0'),UNSIGNED) 'bought' FROM `wk_entrance` `e` LEFT JOIN `wk_buy` `b` ON `b`.`entrance_id`=`e`.`id` WHERE  `e`.`expire_date` >= NOW()  AND `e`.`qrcode_id` = '8' [ RunTime:0.000173s ]
[2023-02-12T15:36:08+08:00][sql] SELECT `username` FROM `wk_user` WHERE  `id` = 29 LIMIT 1 [ RunTime:0.000085s ]
[2023-02-12T15:36:08+08:00][sql] SELECT `e`.`id`,`e`.`avatar`,`e`.`name`,`e`.`members`,`e`.`qr`,`e`.`expire_date`,`e`.`joinable_wc`,`e`.`reported`,`e`.`add_time`,CONVERT(IF(b.id,'1','0'),UNSIGNED) 'bought' FROM `wk_entrance` `e` LEFT JOIN `wk_buy` `b` ON `b`.`entrance_id`=`e`.`id` WHERE  `e`.`expire_date` >= NOW()  AND `e`.`qrcode_id` = '9' [ RunTime:0.000163s ]
[2023-02-12T15:36:08+08:00][sql] SELECT `username` FROM `wk_user` WHERE  `id` = 29 LIMIT 1 [ RunTime:0.000084s ]
[2023-02-12T15:36:08+08:00][sql] SELECT `e`.`id`,`e`.`avatar`,`e`.`name`,`e`.`members`,`e`.`qr`,`e`.`expire_date`,`e`.`joinable_wc`,`e`.`reported`,`e`.`add_time`,CONVERT(IF(b.id,'1','0'),UNSIGNED) 'bought' FROM `wk_entrance` `e` LEFT JOIN `wk_buy` `b` ON `b`.`entrance_id`=`e`.`id` WHERE  `e`.`expire_date` >= NOW()  AND `e`.`qrcode_id` = '10' [ RunTime:0.000177s ]
[2023-02-12T15:36:08+08:00][sql] SELECT `username` FROM `wk_user` WHERE  `id` = 29 LIMIT 1 [ RunTime:0.000085s ]
[2023-02-12T15:36:08+08:00][sql] SELECT `e`.`id`,`e`.`avatar`,`e`.`name`,`e`.`members`,`e`.`qr`,`e`.`expire_date`,`e`.`joinable_wc`,`e`.`reported`,`e`.`add_time`,CONVERT(IF(b.id,'1','0'),UNSIGNED) 'bought' FROM `wk_entrance` `e` LEFT JOIN `wk_buy` `b` ON `b`.`entrance_id`=`e`.`id` WHERE  `e`.`expire_date` >= NOW()  AND `e`.`qrcode_id` = '11' [ RunTime:0.000165s ]
[2023-02-12T15:36:08+08:00][sql] SELECT `username` FROM `wk_user` WHERE  `id` = 29 LIMIT 1 [ RunTime:0.000085s ]
[2023-02-12T15:36:08+08:00][sql] SELECT `e`.`id`,`e`.`avatar`,`e`.`name`,`e`.`members`,`e`.`qr`,`e`.`expire_date`,`e`.`joinable_wc`,`e`.`reported`,`e`.`add_time`,CONVERT(IF(b.id,'1','0'),UNSIGNED) 'bought' FROM `wk_entrance` `e` LEFT JOIN `wk_buy` `b` ON `b`.`entrance_id`=`e`.`id` WHERE  `e`.`expire_date` >= NOW()  AND `e`.`qrcode_id` = '12' [ RunTime:0.000171s ]
[2023-02-12T15:36:08+08:00][sql] SELECT `username` FROM `wk_user` WHERE  `id` = 29 LIMIT 1 [ RunTime:0.000174s ]
[2023-02-12T15:36:08+08:00][sql] SELECT `e`.`id`,`e`.`avatar`,`e`.`name`,`e`.`members`,`e`.`qr`,`e`.`expire_date`,`e`.`joinable_wc`,`e`.`reported`,`e`.`add_time`,CONVERT(IF(b.id,'1','0'),UNSIGNED) 'bought' FROM `wk_entrance` `e` LEFT JOIN `wk_buy` `b` ON `b`.`entrance_id`=`e`.`id` WHERE  `e`.`expire_date` >= NOW()  AND `e`.`qrcode_id` = '13' [ RunTime:0.000390s ]
[2023-02-12T15:36:08+08:00][sql] SELECT `username` FROM `wk_user` WHERE  `id` = 29 LIMIT 1 [ RunTime:0.000197s ]
[2023-02-12T15:36:08+08:00][sql] SELECT `e`.`id`,`e`.`avatar`,`e`.`name`,`e`.`members`,`e`.`qr`,`e`.`expire_date`,`e`.`joinable_wc`,`e`.`reported`,`e`.`add_time`,CONVERT(IF(b.id,'1','0'),UNSIGNED) 'bought' FROM `wk_entrance` `e` LEFT JOIN `wk_buy` `b` ON `b`.`entrance_id`=`e`.`id` WHERE  `e`.`expire_date` >= NOW()  AND `e`.`qrcode_id` = '14' [ RunTime:0.000436s ]
[2023-02-12T15:36:08+08:00][sql] SELECT `username` FROM `wk_user` WHERE  `id` = 29 LIMIT 1 [ RunTime:0.000226s ]
[2023-02-12T15:36:08+08:00][sql] SELECT `e`.`id`,`e`.`avatar`,`e`.`name`,`e`.`members`,`e`.`qr`,`e`.`expire_date`,`e`.`joinable_wc`,`e`.`reported`,`e`.`add_time`,CONVERT(IF(b.id,'1','0'),UNSIGNED) 'bought' FROM `wk_entrance` `e` LEFT JOIN `wk_buy` `b` ON `b`.`entrance_id`=`e`.`id` WHERE  `e`.`expire_date` >= NOW()  AND `e`.`qrcode_id` = '15' [ RunTime:0.000452s ]
[2023-02-12T15:36:08+08:00][sql] SELECT `username` FROM `wk_user` WHERE  `id` = 29 LIMIT 1 [ RunTime:0.001232s ]
[2023-02-12T15:36:08+08:00][sql] SELECT `e`.`id`,`e`.`avatar`,`e`.`name`,`e`.`members`,`e`.`qr`,`e`.`expire_date`,`e`.`joinable_wc`,`e`.`reported`,`e`.`add_time`,CONVERT(IF(b.id,'1','0'),UNSIGNED) 'bought' FROM `wk_entrance` `e` LEFT JOIN `wk_buy` `b` ON `b`.`entrance_id`=`e`.`id` WHERE  `e`.`expire_date` >= NOW()  AND `e`.`qrcode_id` = '16' [ RunTime:0.000485s ]
[2023-02-12T15:36:08+08:00][sql] SELECT `username` FROM `wk_user` WHERE  `id` = 29 LIMIT 1 [ RunTime:0.000224s ]
[2023-02-12T15:36:08+08:00][sql] SELECT `e`.`id`,`e`.`avatar`,`e`.`name`,`e`.`members`,`e`.`qr`,`e`.`expire_date`,`e`.`joinable_wc`,`e`.`reported`,`e`.`add_time`,CONVERT(IF(b.id,'1','0'),UNSIGNED) 'bought' FROM `wk_entrance` `e` LEFT JOIN `wk_buy` `b` ON `b`.`entrance_id`=`e`.`id` WHERE  `e`.`expire_date` >= NOW()  AND `e`.`qrcode_id` = '17' [ RunTime:0.000446s ]
[2023-02-12T15:36:08+08:00][sql] SELECT `username` FROM `wk_user` WHERE  `id` = 29 LIMIT 1 [ RunTime:0.000231s ]
[2023-02-12T15:36:08+08:00][sql] SELECT `e`.`id`,`e`.`avatar`,`e`.`name`,`e`.`members`,`e`.`qr`,`e`.`expire_date`,`e`.`joinable_wc`,`e`.`reported`,`e`.`add_time`,CONVERT(IF(b.id,'1','0'),UNSIGNED) 'bought' FROM `wk_entrance` `e` LEFT JOIN `wk_buy` `b` ON `b`.`entrance_id`=`e`.`id` WHERE  `e`.`expire_date` >= NOW()  AND `e`.`qrcode_id` = '18' [ RunTime:0.000318s ]
[2023-02-12T15:36:08+08:00][sql] SELECT `username` FROM `wk_user` WHERE  `id` = 29 LIMIT 1 [ RunTime:0.000302s ]
[2023-02-12T15:36:08+08:00][sql] SELECT `e`.`id`,`e`.`avatar`,`e`.`name`,`e`.`members`,`e`.`qr`,`e`.`expire_date`,`e`.`joinable_wc`,`e`.`reported`,`e`.`add_time`,CONVERT(IF(b.id,'1','0'),UNSIGNED) 'bought' FROM `wk_entrance` `e` LEFT JOIN `wk_buy` `b` ON `b`.`entrance_id`=`e`.`id` WHERE  `e`.`expire_date` >= NOW()  AND `e`.`qrcode_id` = '19' [ RunTime:0.000280s ]
[2023-02-12T15:36:08+08:00][sql] SELECT `username` FROM `wk_user` WHERE  `id` = 29 LIMIT 1 [ RunTime:0.000120s ]
[2023-02-12T15:36:08+08:00][sql] SELECT `e`.`id`,`e`.`avatar`,`e`.`name`,`e`.`members`,`e`.`qr`,`e`.`expire_date`,`e`.`joinable_wc`,`e`.`reported`,`e`.`add_time`,CONVERT(IF(b.id,'1','0'),UNSIGNED) 'bought' FROM `wk_entrance` `e` LEFT JOIN `wk_buy` `b` ON `b`.`entrance_id`=`e`.`id` WHERE  `e`.`expire_date` >= NOW()  AND `e`.`qrcode_id` = '20' [ RunTime:0.000224s ]
[2023-02-12T15:36:08+08:00][sql] SELECT `username` FROM `wk_user` WHERE  `id` = 29 LIMIT 1 [ RunTime:0.000088s ]
[2023-02-12T15:36:08+08:00][sql] SELECT `e`.`id`,`e`.`avatar`,`e`.`name`,`e`.`members`,`e`.`qr`,`e`.`expire_date`,`e`.`joinable_wc`,`e`.`reported`,`e`.`add_time`,CONVERT(IF(b.id,'1','0'),UNSIGNED) 'bought' FROM `wk_entrance` `e` LEFT JOIN `wk_buy` `b` ON `b`.`entrance_id`=`e`.`id` WHERE  `e`.`expire_date` >= NOW()  AND `e`.`qrcode_id` = '21' [ RunTime:0.000189s ]
[2023-02-12T15:53:59+08:00][sql] CONNECT:[ UseTime:0.000664s ] mysql:host=127.0.0.1;port=3306;dbname=c2;charset=utf8mb4
[2023-02-12T15:53:59+08:00][sql] SHOW FULL COLUMNS FROM `wk_qrcode` [ RunTime:0.001258s ]
[2023-02-12T15:53:59+08:00][sql] SELECT COUNT(*) AS think_count FROM ( SELECT q.id,q.user_id,q.provider_id,q.code,q.company,q.status,q.err_msg,q.add_time,count(*) AS think_count FROM `wk_qrcode` `q` LEFT JOIN `wk_entrance` `e` ON `e`.`qrcode_id`=q.id AND e.expire_date>=NOW() GROUP BY `q`.`id` ) `_group_count_` LIMIT 1 [ RunTime:0.311458s ]
[2023-02-12T15:53:59+08:00][sql] SELECT q.id,q.user_id,q.provider_id,q.code,q.company,q.status,q.err_msg,q.add_time,count(*) AS think_count FROM `wk_qrcode` `q` LEFT JOIN `wk_entrance` `e` ON `e`.`qrcode_id`=q.id AND e.expire_date>=NOW() GROUP BY `q`.`id` LIMIT 0,20 [ RunTime:0.000691s ]
[2023-02-12T15:53:59+08:00][sql] SHOW FULL COLUMNS FROM `wk_user` [ RunTime:0.000954s ]
[2023-02-12T15:53:59+08:00][sql] SELECT `username` FROM `wk_user` WHERE  `id` = 1 LIMIT 1 [ RunTime:0.000266s ]
[2023-02-12T15:53:59+08:00][sql] SHOW FULL COLUMNS FROM `wk_entrance` [ RunTime:0.000888s ]
[2023-02-12T15:53:59+08:00][sql] SELECT `e`.`id`,`e`.`avatar`,`e`.`name`,`e`.`members`,`e`.`qr`,`e`.`expire_date`,`e`.`joinable_wc`,`e`.`reported`,`e`.`add_time`,CONVERT(IF(b.id,'1','0'),UNSIGNED) 'bought' FROM `wk_entrance` `e` LEFT JOIN `wk_buy` `b` ON `b`.`entrance_id`=`e`.`id` WHERE  `e`.`expire_date` >= NOW()  AND `e`.`qrcode_id` = '2' [ RunTime:0.001077s ]
[2023-02-12T15:53:59+08:00][sql] SELECT `username` FROM `wk_user` WHERE  `id` = 1 LIMIT 1 [ RunTime:0.000176s ]
[2023-02-12T15:53:59+08:00][sql] SELECT `e`.`id`,`e`.`avatar`,`e`.`name`,`e`.`members`,`e`.`qr`,`e`.`expire_date`,`e`.`joinable_wc`,`e`.`reported`,`e`.`add_time`,CONVERT(IF(b.id,'1','0'),UNSIGNED) 'bought' FROM `wk_entrance` `e` LEFT JOIN `wk_buy` `b` ON `b`.`entrance_id`=`e`.`id` WHERE  `e`.`expire_date` >= NOW()  AND `e`.`qrcode_id` = '3' [ RunTime:0.000298s ]
[2023-02-12T15:53:59+08:00][sql] SELECT `username` FROM `wk_user` WHERE  `id` = 29 LIMIT 1 [ RunTime:0.000150s ]
[2023-02-12T15:53:59+08:00][sql] SELECT `e`.`id`,`e`.`avatar`,`e`.`name`,`e`.`members`,`e`.`qr`,`e`.`expire_date`,`e`.`joinable_wc`,`e`.`reported`,`e`.`add_time`,CONVERT(IF(b.id,'1','0'),UNSIGNED) 'bought' FROM `wk_entrance` `e` LEFT JOIN `wk_buy` `b` ON `b`.`entrance_id`=`e`.`id` WHERE  `e`.`expire_date` >= NOW()  AND `e`.`qrcode_id` = '4' [ RunTime:0.000253s ]
[2023-02-12T15:53:59+08:00][sql] SELECT `username` FROM `wk_user` WHERE  `id` = 29 LIMIT 1 [ RunTime:0.000097s ]
[2023-02-12T15:53:59+08:00][sql] SELECT `e`.`id`,`e`.`avatar`,`e`.`name`,`e`.`members`,`e`.`qr`,`e`.`expire_date`,`e`.`joinable_wc`,`e`.`reported`,`e`.`add_time`,CONVERT(IF(b.id,'1','0'),UNSIGNED) 'bought' FROM `wk_entrance` `e` LEFT JOIN `wk_buy` `b` ON `b`.`entrance_id`=`e`.`id` WHERE  `e`.`expire_date` >= NOW()  AND `e`.`qrcode_id` = '5' [ RunTime:0.000509s ]
[2023-02-12T15:53:59+08:00][sql] SELECT `username` FROM `wk_user` WHERE  `id` = 29 LIMIT 1 [ RunTime:0.000136s ]
[2023-02-12T15:53:59+08:00][sql] SELECT `e`.`id`,`e`.`avatar`,`e`.`name`,`e`.`members`,`e`.`qr`,`e`.`expire_date`,`e`.`joinable_wc`,`e`.`reported`,`e`.`add_time`,CONVERT(IF(b.id,'1','0'),UNSIGNED) 'bought' FROM `wk_entrance` `e` LEFT JOIN `wk_buy` `b` ON `b`.`entrance_id`=`e`.`id` WHERE  `e`.`expire_date` >= NOW()  AND `e`.`qrcode_id` = '6' [ RunTime:0.000253s ]
[2023-02-12T15:53:59+08:00][sql] SELECT `username` FROM `wk_user` WHERE  `id` = 29 LIMIT 1 [ RunTime:0.000095s ]
[2023-02-12T15:53:59+08:00][sql] SELECT `e`.`id`,`e`.`avatar`,`e`.`name`,`e`.`members`,`e`.`qr`,`e`.`expire_date`,`e`.`joinable_wc`,`e`.`reported`,`e`.`add_time`,CONVERT(IF(b.id,'1','0'),UNSIGNED) 'bought' FROM `wk_entrance` `e` LEFT JOIN `wk_buy` `b` ON `b`.`entrance_id`=`e`.`id` WHERE  `e`.`expire_date` >= NOW()  AND `e`.`qrcode_id` = '7' [ RunTime:0.000259s ]
[2023-02-12T15:53:59+08:00][sql] SELECT `username` FROM `wk_user` WHERE  `id` = 29 LIMIT 1 [ RunTime:0.000103s ]
[2023-02-12T15:53:59+08:00][sql] SELECT `e`.`id`,`e`.`avatar`,`e`.`name`,`e`.`members`,`e`.`qr`,`e`.`expire_date`,`e`.`joinable_wc`,`e`.`reported`,`e`.`add_time`,CONVERT(IF(b.id,'1','0'),UNSIGNED) 'bought' FROM `wk_entrance` `e` LEFT JOIN `wk_buy` `b` ON `b`.`entrance_id`=`e`.`id` WHERE  `e`.`expire_date` >= NOW()  AND `e`.`qrcode_id` = '8' [ RunTime:0.000198s ]
[2023-02-12T15:53:59+08:00][sql] SELECT `username` FROM `wk_user` WHERE  `id` = 29 LIMIT 1 [ RunTime:0.000098s ]
[2023-02-12T15:53:59+08:00][sql] SELECT `e`.`id`,`e`.`avatar`,`e`.`name`,`e`.`members`,`e`.`qr`,`e`.`expire_date`,`e`.`joinable_wc`,`e`.`reported`,`e`.`add_time`,CONVERT(IF(b.id,'1','0'),UNSIGNED) 'bought' FROM `wk_entrance` `e` LEFT JOIN `wk_buy` `b` ON `b`.`entrance_id`=`e`.`id` WHERE  `e`.`expire_date` >= NOW()  AND `e`.`qrcode_id` = '9' [ RunTime:0.000185s ]
[2023-02-12T15:53:59+08:00][sql] SELECT `username` FROM `wk_user` WHERE  `id` = 29 LIMIT 1 [ RunTime:0.000108s ]
[2023-02-12T15:53:59+08:00][sql] SELECT `e`.`id`,`e`.`avatar`,`e`.`name`,`e`.`members`,`e`.`qr`,`e`.`expire_date`,`e`.`joinable_wc`,`e`.`reported`,`e`.`add_time`,CONVERT(IF(b.id,'1','0'),UNSIGNED) 'bought' FROM `wk_entrance` `e` LEFT JOIN `wk_buy` `b` ON `b`.`entrance_id`=`e`.`id` WHERE  `e`.`expire_date` >= NOW()  AND `e`.`qrcode_id` = '10' [ RunTime:0.000184s ]
[2023-02-12T15:53:59+08:00][sql] SELECT `username` FROM `wk_user` WHERE  `id` = 29 LIMIT 1 [ RunTime:0.000090s ]
[2023-02-12T15:53:59+08:00][sql] SELECT `e`.`id`,`e`.`avatar`,`e`.`name`,`e`.`members`,`e`.`qr`,`e`.`expire_date`,`e`.`joinable_wc`,`e`.`reported`,`e`.`add_time`,CONVERT(IF(b.id,'1','0'),UNSIGNED) 'bought' FROM `wk_entrance` `e` LEFT JOIN `wk_buy` `b` ON `b`.`entrance_id`=`e`.`id` WHERE  `e`.`expire_date` >= NOW()  AND `e`.`qrcode_id` = '11' [ RunTime:0.000168s ]
[2023-02-12T15:53:59+08:00][sql] SELECT `username` FROM `wk_user` WHERE  `id` = 29 LIMIT 1 [ RunTime:0.000086s ]
[2023-02-12T15:53:59+08:00][sql] SELECT `e`.`id`,`e`.`avatar`,`e`.`name`,`e`.`members`,`e`.`qr`,`e`.`expire_date`,`e`.`joinable_wc`,`e`.`reported`,`e`.`add_time`,CONVERT(IF(b.id,'1','0'),UNSIGNED) 'bought' FROM `wk_entrance` `e` LEFT JOIN `wk_buy` `b` ON `b`.`entrance_id`=`e`.`id` WHERE  `e`.`expire_date` >= NOW()  AND `e`.`qrcode_id` = '12' [ RunTime:0.000173s ]
[2023-02-12T15:53:59+08:00][sql] SELECT `username` FROM `wk_user` WHERE  `id` = 29 LIMIT 1 [ RunTime:0.000095s ]
[2023-02-12T15:53:59+08:00][sql] SELECT `e`.`id`,`e`.`avatar`,`e`.`name`,`e`.`members`,`e`.`qr`,`e`.`expire_date`,`e`.`joinable_wc`,`e`.`reported`,`e`.`add_time`,CONVERT(IF(b.id,'1','0'),UNSIGNED) 'bought' FROM `wk_entrance` `e` LEFT JOIN `wk_buy` `b` ON `b`.`entrance_id`=`e`.`id` WHERE  `e`.`expire_date` >= NOW()  AND `e`.`qrcode_id` = '13' [ RunTime:0.000222s ]
[2023-02-12T15:53:59+08:00][sql] SELECT `username` FROM `wk_user` WHERE  `id` = 29 LIMIT 1 [ RunTime:0.000098s ]
[2023-02-12T15:53:59+08:00][sql] SELECT `e`.`id`,`e`.`avatar`,`e`.`name`,`e`.`members`,`e`.`qr`,`e`.`expire_date`,`e`.`joinable_wc`,`e`.`reported`,`e`.`add_time`,CONVERT(IF(b.id,'1','0'),UNSIGNED) 'bought' FROM `wk_entrance` `e` LEFT JOIN `wk_buy` `b` ON `b`.`entrance_id`=`e`.`id` WHERE  `e`.`expire_date` >= NOW()  AND `e`.`qrcode_id` = '14' [ RunTime:0.000189s ]
[2023-02-12T15:53:59+08:00][sql] SELECT `username` FROM `wk_user` WHERE  `id` = 29 LIMIT 1 [ RunTime:0.000088s ]
[2023-02-12T15:53:59+08:00][sql] SELECT `e`.`id`,`e`.`avatar`,`e`.`name`,`e`.`members`,`e`.`qr`,`e`.`expire_date`,`e`.`joinable_wc`,`e`.`reported`,`e`.`add_time`,CONVERT(IF(b.id,'1','0'),UNSIGNED) 'bought' FROM `wk_entrance` `e` LEFT JOIN `wk_buy` `b` ON `b`.`entrance_id`=`e`.`id` WHERE  `e`.`expire_date` >= NOW()  AND `e`.`qrcode_id` = '15' [ RunTime:0.000186s ]
[2023-02-12T15:53:59+08:00][sql] SELECT `username` FROM `wk_user` WHERE  `id` = 29 LIMIT 1 [ RunTime:0.000094s ]
[2023-02-12T15:53:59+08:00][sql] SELECT `e`.`id`,`e`.`avatar`,`e`.`name`,`e`.`members`,`e`.`qr`,`e`.`expire_date`,`e`.`joinable_wc`,`e`.`reported`,`e`.`add_time`,CONVERT(IF(b.id,'1','0'),UNSIGNED) 'bought' FROM `wk_entrance` `e` LEFT JOIN `wk_buy` `b` ON `b`.`entrance_id`=`e`.`id` WHERE  `e`.`expire_date` >= NOW()  AND `e`.`qrcode_id` = '16' [ RunTime:0.000181s ]
[2023-02-12T15:53:59+08:00][sql] SELECT `username` FROM `wk_user` WHERE  `id` = 29 LIMIT 1 [ RunTime:0.000099s ]
[2023-02-12T15:53:59+08:00][sql] SELECT `e`.`id`,`e`.`avatar`,`e`.`name`,`e`.`members`,`e`.`qr`,`e`.`expire_date`,`e`.`joinable_wc`,`e`.`reported`,`e`.`add_time`,CONVERT(IF(b.id,'1','0'),UNSIGNED) 'bought' FROM `wk_entrance` `e` LEFT JOIN `wk_buy` `b` ON `b`.`entrance_id`=`e`.`id` WHERE  `e`.`expire_date` >= NOW()  AND `e`.`qrcode_id` = '17' [ RunTime:0.000175s ]
[2023-02-12T15:53:59+08:00][sql] SELECT `username` FROM `wk_user` WHERE  `id` = 29 LIMIT 1 [ RunTime:0.000086s ]
[2023-02-12T15:53:59+08:00][sql] SELECT `e`.`id`,`e`.`avatar`,`e`.`name`,`e`.`members`,`e`.`qr`,`e`.`expire_date`,`e`.`joinable_wc`,`e`.`reported`,`e`.`add_time`,CONVERT(IF(b.id,'1','0'),UNSIGNED) 'bought' FROM `wk_entrance` `e` LEFT JOIN `wk_buy` `b` ON `b`.`entrance_id`=`e`.`id` WHERE  `e`.`expire_date` >= NOW()  AND `e`.`qrcode_id` = '18' [ RunTime:0.000188s ]
[2023-02-12T15:53:59+08:00][sql] SELECT `username` FROM `wk_user` WHERE  `id` = 29 LIMIT 1 [ RunTime:0.000113s ]
[2023-02-12T15:53:59+08:00][sql] SELECT `e`.`id`,`e`.`avatar`,`e`.`name`,`e`.`members`,`e`.`qr`,`e`.`expire_date`,`e`.`joinable_wc`,`e`.`reported`,`e`.`add_time`,CONVERT(IF(b.id,'1','0'),UNSIGNED) 'bought' FROM `wk_entrance` `e` LEFT JOIN `wk_buy` `b` ON `b`.`entrance_id`=`e`.`id` WHERE  `e`.`expire_date` >= NOW()  AND `e`.`qrcode_id` = '19' [ RunTime:0.000197s ]
[2023-02-12T15:53:59+08:00][sql] SELECT `username` FROM `wk_user` WHERE  `id` = 29 LIMIT 1 [ RunTime:0.000107s ]
[2023-02-12T15:53:59+08:00][sql] SELECT `e`.`id`,`e`.`avatar`,`e`.`name`,`e`.`members`,`e`.`qr`,`e`.`expire_date`,`e`.`joinable_wc`,`e`.`reported`,`e`.`add_time`,CONVERT(IF(b.id,'1','0'),UNSIGNED) 'bought' FROM `wk_entrance` `e` LEFT JOIN `wk_buy` `b` ON `b`.`entrance_id`=`e`.`id` WHERE  `e`.`expire_date` >= NOW()  AND `e`.`qrcode_id` = '20' [ RunTime:0.000200s ]
[2023-02-12T15:53:59+08:00][sql] SELECT `username` FROM `wk_user` WHERE  `id` = 29 LIMIT 1 [ RunTime:0.000118s ]
[2023-02-12T15:53:59+08:00][sql] SELECT `e`.`id`,`e`.`avatar`,`e`.`name`,`e`.`members`,`e`.`qr`,`e`.`expire_date`,`e`.`joinable_wc`,`e`.`reported`,`e`.`add_time`,CONVERT(IF(b.id,'1','0'),UNSIGNED) 'bought' FROM `wk_entrance` `e` LEFT JOIN `wk_buy` `b` ON `b`.`entrance_id`=`e`.`id` WHERE  `e`.`expire_date` >= NOW()  AND `e`.`qrcode_id` = '21' [ RunTime:0.000275s ]
[2023-02-12T16:01:55+08:00][sql] CONNECT:[ UseTime:0.000838s ] mysql:host=127.0.0.1;port=3306;dbname=c2;charset=utf8mb4
[2023-02-12T16:01:55+08:00][sql] SHOW FULL COLUMNS FROM `wk_qrcode` [ RunTime:0.001161s ]
[2023-02-12T16:01:55+08:00][sql] SELECT DATE(add_time) `date`,COUNT(id) quantity FROM `wk_qrcode` WHERE  ( DATE(add_time) >= DATE_SUB(CURDATE(),INTERVAL 7 DAY) ) GROUP BY `date` [ RunTime:0.007278s ]
[2023-02-12T16:01:55+08:00][sql] SHOW FULL COLUMNS FROM `wk_entrance` [ RunTime:0.000691s ]
[2023-02-12T16:01:55+08:00][sql] SELECT DATE(add_time) `date`,COUNT(id) quantity FROM `wk_entrance` WHERE  ( DATE(add_time) >= DATE_SUB(CURDATE(),INTERVAL 7 DAY) ) GROUP BY `date` [ RunTime:0.076677s ]
[2023-02-12T16:01:55+08:00][sql] SHOW FULL COLUMNS FROM `wk_buy` [ RunTime:0.001305s ]
[2023-02-12T16:01:55+08:00][sql] SELECT DATE(add_time) `date`,COUNT(id) quantity FROM `wk_buy` WHERE  ( DATE(add_time) >= DATE_SUB(CURDATE(),INTERVAL 7 DAY) ) GROUP BY `date` [ RunTime:0.002045s ]
