[2022-12-10T22:12:11+08:00][sql] CONNECT:[ UseTime:0.151262s ] mysql:host=88.218.194.8;port=3306;dbname=webQrcode;charset=utf8mb4
[2022-12-10T22:12:11+08:00][sql] SHOW FULL COLUMNS FROM `wk_user` [ RunTime:0.105788s ]
[2022-12-10T22:12:11+08:00][sql] SELECT `id`,`username`,`name`,`enable` FROM `wk_user` WHERE  `username` = 'zhizun'  AND `password` = '18654b2cd47d004109ca5ee404e002a3' LIMIT 1 [ RunTime:0.103454s ]
[2022-12-10T22:12:11+08:00][sql] UPDATE `wk_user`  SET `relogin` = 0  WHERE  `id` = 1 [ RunTime:0.102802s ]
[2022-12-10T22:12:14+08:00][sql] CONNECT:[ UseTime:0.154868s ] mysql:host=88.218.194.8;port=3306;dbname=webQrcode;charset=utf8mb4
[2022-12-10T22:12:14+08:00][sql] SHOW FULL COLUMNS FROM `wk_user` [ RunTime:0.108062s ]
[2022-12-10T22:12:14+08:00][sql] SELECT `id` FROM `wk_user` WHERE  `id` = 1  AND `relogin` = 0 LIMIT 1 [ RunTime:0.103121s ]
[2022-12-10T22:12:14+08:00][sql] SELECT `id`,`username`,`balance`,`score` FROM `wk_user` WHERE  `id` = 1 LIMIT 1 [ RunTime:0.102124s ]
[2022-12-10T22:12:14+08:00][sql] CONNECT:[ UseTime:0.127771s ] mysql:host=88.218.194.8;port=3306;dbname=webQrcode;charset=utf8mb4
[2022-12-10T22:12:14+08:00][sql] SHOW FULL COLUMNS FROM `wk_user` [ RunTime:0.091649s ]
[2022-12-10T22:12:14+08:00][sql] SELECT `id` FROM `wk_user` WHERE  `id` = 1  AND `relogin` = 0 LIMIT 1 [ RunTime:0.086817s ]
[2022-12-10T22:12:14+08:00][sql] SHOW FULL COLUMNS FROM `wk_tag` [ RunTime:0.090694s ]
[2022-12-10T22:12:14+08:00][sql] SELECT `id`,`name` FROM `wk_tag` ORDER BY `id` [ RunTime:0.085682s ]
[2022-12-10T22:12:17+08:00][sql] CONNECT:[ UseTime:0.121819s ] mysql:host=88.218.194.8;port=3306;dbname=webQrcode;charset=utf8mb4
[2022-12-10T22:12:17+08:00][sql] SHOW FULL COLUMNS FROM `wk_user` [ RunTime:0.085491s ]
[2022-12-10T22:12:17+08:00][sql] SELECT `id` FROM `wk_user` WHERE  `id` = 1  AND `relogin` = 0 LIMIT 1 [ RunTime:0.086333s ]
[2022-12-10T22:12:17+08:00][sql] SHOW FULL COLUMNS FROM `wk_qrcode_ref` [ RunTime:0.086127s ]
[2022-12-10T22:12:17+08:00][sql] SELECT COUNT(*) AS think_count FROM ( SELECT ref.id,q.id qrcode_id,q.code,q.company,q.province,q.city,q.district,q.remark,q.status,q.sub_status,GROUP_CONCAT(t.name) tags,q.add_time,count(*) AS think_count FROM `wk_qrcode_ref` `ref` LEFT JOIN `wk_qrcode` `q` ON `q`.`id`=`ref`.`qrcode_id` LEFT JOIN `wk_tag` `t` ON FIND_IN_SET(t.id,q.tags) WHERE  `ref`.`user_id` = '1' GROUP BY `ref`.`id` ORDER BY `ref`.`id` DESC ) `_group_count_` LIMIT 1 [ RunTime:0.168256s ]
[2022-12-10T22:12:17+08:00][sql] SHOW FULL COLUMNS FROM `wk_setting` [ RunTime:0.085613s ]
[2022-12-10T22:12:17+08:00][sql] SELECT `int_val` FROM `wk_setting` WHERE  `key` = 'qrcode_decode_price' LIMIT 1 [ RunTime:0.081818s ]
[2022-12-10T22:12:17+08:00][sql] SELECT ref.id,q.id qrcode_id,q.code,q.company,q.province,q.city,q.district,q.remark,q.status,q.sub_status,GROUP_CONCAT(t.name) tags,q.add_time,count(*) AS think_count FROM `wk_qrcode_ref` `ref` LEFT JOIN `wk_qrcode` `q` ON `q`.`id`=`ref`.`qrcode_id` LEFT JOIN `wk_tag` `t` ON FIND_IN_SET(t.id,q.tags) WHERE  `ref`.`user_id` = '1' GROUP BY `ref`.`id` ORDER BY `ref`.`id` DESC LIMIT 0,20 [ RunTime:0.187161s ]
[2022-12-10T22:12:17+08:00][sql] SHOW FULL COLUMNS FROM `wk_entrance` [ RunTime:0.087191s ]
[2022-12-10T22:12:17+08:00][sql] SELECT `e`.`id`,`e`.`avatar`,`e`.`name`,`e`.`members`,`e`.`qr`,0 price,`e`.`expire_date`,`e`.`joinable`,`e`.`status`,`e`.`reported`,`e`.`add_time`,CONVERT(IF(b.user_id = 1,'1','0'),UNSIGNED) 'bought' FROM `wk_entrance` `e` LEFT JOIN `wk_buy` `b` ON `b`.`entrance_id`=`e`.`id` WHERE  `e`.`qrcode_id` = '7222' [ RunTime:0.081254s ]
[2022-12-10T22:12:17+08:00][sql] SELECT `e`.`id`,`e`.`avatar`,`e`.`name`,`e`.`members`,`e`.`qr`,0 price,`e`.`expire_date`,`e`.`joinable`,`e`.`status`,`e`.`reported`,`e`.`add_time`,CONVERT(IF(b.user_id = 1,'1','0'),UNSIGNED) 'bought' FROM `wk_entrance` `e` LEFT JOIN `wk_buy` `b` ON `b`.`entrance_id`=`e`.`id` WHERE  `e`.`qrcode_id` = '7221' [ RunTime:0.081449s ]
[2022-12-10T22:12:17+08:00][sql] SELECT `e`.`id`,`e`.`avatar`,`e`.`name`,`e`.`members`,`e`.`qr`,0 price,`e`.`expire_date`,`e`.`joinable`,`e`.`status`,`e`.`reported`,`e`.`add_time`,CONVERT(IF(b.user_id = 1,'1','0'),UNSIGNED) 'bought' FROM `wk_entrance` `e` LEFT JOIN `wk_buy` `b` ON `b`.`entrance_id`=`e`.`id` WHERE  `e`.`qrcode_id` = '7220' [ RunTime:0.082921s ]
[2022-12-10T22:12:17+08:00][sql] SELECT `e`.`id`,`e`.`avatar`,`e`.`name`,`e`.`members`,`e`.`qr`,0 price,`e`.`expire_date`,`e`.`joinable`,`e`.`status`,`e`.`reported`,`e`.`add_time`,CONVERT(IF(b.user_id = 1,'1','0'),UNSIGNED) 'bought' FROM `wk_entrance` `e` LEFT JOIN `wk_buy` `b` ON `b`.`entrance_id`=`e`.`id` WHERE  `e`.`qrcode_id` = '7219' [ RunTime:0.088264s ]
[2022-12-10T22:12:17+08:00][sql] SELECT `e`.`id`,`e`.`avatar`,`e`.`name`,`e`.`members`,`e`.`qr`,0 price,`e`.`expire_date`,`e`.`joinable`,`e`.`status`,`e`.`reported`,`e`.`add_time`,CONVERT(IF(b.user_id = 1,'1','0'),UNSIGNED) 'bought' FROM `wk_entrance` `e` LEFT JOIN `wk_buy` `b` ON `b`.`entrance_id`=`e`.`id` WHERE  `e`.`qrcode_id` = '7218' [ RunTime:0.081465s ]
[2022-12-10T22:12:17+08:00][sql] SELECT `e`.`id`,`e`.`avatar`,`e`.`name`,`e`.`members`,`e`.`qr`,0 price,`e`.`expire_date`,`e`.`joinable`,`e`.`status`,`e`.`reported`,`e`.`add_time`,CONVERT(IF(b.user_id = 1,'1','0'),UNSIGNED) 'bought' FROM `wk_entrance` `e` LEFT JOIN `wk_buy` `b` ON `b`.`entrance_id`=`e`.`id` WHERE  `e`.`qrcode_id` = '7217' [ RunTime:0.081379s ]
[2022-12-10T22:12:17+08:00][sql] SELECT `e`.`id`,`e`.`avatar`,`e`.`name`,`e`.`members`,`e`.`qr`,0 price,`e`.`expire_date`,`e`.`joinable`,`e`.`status`,`e`.`reported`,`e`.`add_time`,CONVERT(IF(b.user_id = 1,'1','0'),UNSIGNED) 'bought' FROM `wk_entrance` `e` LEFT JOIN `wk_buy` `b` ON `b`.`entrance_id`=`e`.`id` WHERE  `e`.`qrcode_id` = '7216' [ RunTime:0.080835s ]
[2022-12-10T22:12:17+08:00][sql] SELECT `e`.`id`,`e`.`avatar`,`e`.`name`,`e`.`members`,`e`.`qr`,0 price,`e`.`expire_date`,`e`.`joinable`,`e`.`status`,`e`.`reported`,`e`.`add_time`,CONVERT(IF(b.user_id = 1,'1','0'),UNSIGNED) 'bought' FROM `wk_entrance` `e` LEFT JOIN `wk_buy` `b` ON `b`.`entrance_id`=`e`.`id` WHERE  `e`.`qrcode_id` = '7215' [ RunTime:0.081269s ]
[2022-12-10T22:12:17+08:00][sql] SELECT `e`.`id`,`e`.`avatar`,`e`.`name`,`e`.`members`,`e`.`qr`,0 price,`e`.`expire_date`,`e`.`joinable`,`e`.`status`,`e`.`reported`,`e`.`add_time`,CONVERT(IF(b.user_id = 1,'1','0'),UNSIGNED) 'bought' FROM `wk_entrance` `e` LEFT JOIN `wk_buy` `b` ON `b`.`entrance_id`=`e`.`id` WHERE  `e`.`qrcode_id` = '7214' [ RunTime:0.081245s ]
[2022-12-10T22:12:17+08:00][sql] SELECT `e`.`id`,`e`.`avatar`,`e`.`name`,`e`.`members`,`e`.`qr`,0 price,`e`.`expire_date`,`e`.`joinable`,`e`.`status`,`e`.`reported`,`e`.`add_time`,CONVERT(IF(b.user_id = 1,'1','0'),UNSIGNED) 'bought' FROM `wk_entrance` `e` LEFT JOIN `wk_buy` `b` ON `b`.`entrance_id`=`e`.`id` WHERE  `e`.`qrcode_id` = '7213' [ RunTime:0.081717s ]
[2022-12-10T22:12:17+08:00][sql] SELECT `e`.`id`,`e`.`avatar`,`e`.`name`,`e`.`members`,`e`.`qr`,0 price,`e`.`expire_date`,`e`.`joinable`,`e`.`status`,`e`.`reported`,`e`.`add_time`,CONVERT(IF(b.user_id = 1,'1','0'),UNSIGNED) 'bought' FROM `wk_entrance` `e` LEFT JOIN `wk_buy` `b` ON `b`.`entrance_id`=`e`.`id` WHERE  `e`.`qrcode_id` = '7212' [ RunTime:0.081269s ]
[2022-12-10T22:12:17+08:00][sql] SELECT `e`.`id`,`e`.`avatar`,`e`.`name`,`e`.`members`,`e`.`qr`,0 price,`e`.`expire_date`,`e`.`joinable`,`e`.`status`,`e`.`reported`,`e`.`add_time`,CONVERT(IF(b.user_id = 1,'1','0'),UNSIGNED) 'bought' FROM `wk_entrance` `e` LEFT JOIN `wk_buy` `b` ON `b`.`entrance_id`=`e`.`id` WHERE  `e`.`qrcode_id` = '7211' [ RunTime:0.081164s ]
[2022-12-10T22:12:17+08:00][sql] SELECT `e`.`id`,`e`.`avatar`,`e`.`name`,`e`.`members`,`e`.`qr`,0 price,`e`.`expire_date`,`e`.`joinable`,`e`.`status`,`e`.`reported`,`e`.`add_time`,CONVERT(IF(b.user_id = 1,'1','0'),UNSIGNED) 'bought' FROM `wk_entrance` `e` LEFT JOIN `wk_buy` `b` ON `b`.`entrance_id`=`e`.`id` WHERE  `e`.`qrcode_id` = '7210' [ RunTime:0.081661s ]
[2022-12-10T22:12:17+08:00][sql] SELECT `e`.`id`,`e`.`avatar`,`e`.`name`,`e`.`members`,`e`.`qr`,0 price,`e`.`expire_date`,`e`.`joinable`,`e`.`status`,`e`.`reported`,`e`.`add_time`,CONVERT(IF(b.user_id = 1,'1','0'),UNSIGNED) 'bought' FROM `wk_entrance` `e` LEFT JOIN `wk_buy` `b` ON `b`.`entrance_id`=`e`.`id` WHERE  `e`.`qrcode_id` = '7209' [ RunTime:0.081551s ]
[2022-12-10T22:12:17+08:00][sql] SELECT `e`.`id`,`e`.`avatar`,`e`.`name`,`e`.`members`,`e`.`qr`,0 price,`e`.`expire_date`,`e`.`joinable`,`e`.`status`,`e`.`reported`,`e`.`add_time`,CONVERT(IF(b.user_id = 1,'1','0'),UNSIGNED) 'bought' FROM `wk_entrance` `e` LEFT JOIN `wk_buy` `b` ON `b`.`entrance_id`=`e`.`id` WHERE  `e`.`qrcode_id` = '7208' [ RunTime:0.081779s ]
[2022-12-10T22:12:17+08:00][sql] SELECT `e`.`id`,`e`.`avatar`,`e`.`name`,`e`.`members`,`e`.`qr`,0 price,`e`.`expire_date`,`e`.`joinable`,`e`.`status`,`e`.`reported`,`e`.`add_time`,CONVERT(IF(b.user_id = 1,'1','0'),UNSIGNED) 'bought' FROM `wk_entrance` `e` LEFT JOIN `wk_buy` `b` ON `b`.`entrance_id`=`e`.`id` WHERE  `e`.`qrcode_id` = '7207' [ RunTime:0.081753s ]
[2022-12-10T22:12:17+08:00][sql] SELECT `e`.`id`,`e`.`avatar`,`e`.`name`,`e`.`members`,`e`.`qr`,0 price,`e`.`expire_date`,`e`.`joinable`,`e`.`status`,`e`.`reported`,`e`.`add_time`,CONVERT(IF(b.user_id = 1,'1','0'),UNSIGNED) 'bought' FROM `wk_entrance` `e` LEFT JOIN `wk_buy` `b` ON `b`.`entrance_id`=`e`.`id` WHERE  `e`.`qrcode_id` = '7206' [ RunTime:0.081655s ]
[2022-12-10T22:12:17+08:00][sql] SELECT `e`.`id`,`e`.`avatar`,`e`.`name`,`e`.`members`,`e`.`qr`,0 price,`e`.`expire_date`,`e`.`joinable`,`e`.`status`,`e`.`reported`,`e`.`add_time`,CONVERT(IF(b.user_id = 1,'1','0'),UNSIGNED) 'bought' FROM `wk_entrance` `e` LEFT JOIN `wk_buy` `b` ON `b`.`entrance_id`=`e`.`id` WHERE  `e`.`qrcode_id` = '7205' [ RunTime:0.081329s ]
[2022-12-10T22:12:17+08:00][sql] SELECT `e`.`id`,`e`.`avatar`,`e`.`name`,`e`.`members`,`e`.`qr`,0 price,`e`.`expire_date`,`e`.`joinable`,`e`.`status`,`e`.`reported`,`e`.`add_time`,CONVERT(IF(b.user_id = 1,'1','0'),UNSIGNED) 'bought' FROM `wk_entrance` `e` LEFT JOIN `wk_buy` `b` ON `b`.`entrance_id`=`e`.`id` WHERE  `e`.`qrcode_id` = '7204' [ RunTime:0.082716s ]
[2022-12-10T22:12:17+08:00][sql] SELECT `e`.`id`,`e`.`avatar`,`e`.`name`,`e`.`members`,`e`.`qr`,0 price,`e`.`expire_date`,`e`.`joinable`,`e`.`status`,`e`.`reported`,`e`.`add_time`,CONVERT(IF(b.user_id = 1,'1','0'),UNSIGNED) 'bought' FROM `wk_entrance` `e` LEFT JOIN `wk_buy` `b` ON `b`.`entrance_id`=`e`.`id` WHERE  `e`.`qrcode_id` = '7203' [ RunTime:0.081227s ]
[2022-12-10T22:12:56+08:00][sql] CONNECT:[ UseTime:0.141065s ] mysql:host=88.218.194.8;port=3306;dbname=webQrcode;charset=utf8mb4
[2022-12-10T22:12:56+08:00][sql] SHOW FULL COLUMNS FROM `wk_user` [ RunTime:0.099331s ]
[2022-12-10T22:12:56+08:00][sql] SELECT `id` FROM `wk_user` WHERE  `id` = 1  AND `relogin` = 0 LIMIT 1 [ RunTime:0.097086s ]
[2022-12-10T22:12:56+08:00][sql] SHOW FULL COLUMNS FROM `wk_qrcode_ref` [ RunTime:0.098633s ]
[2022-12-10T22:12:56+08:00][sql] SELECT COUNT(*) AS think_count FROM ( SELECT ref.id,q.id qrcode_id,q.code,q.company,q.province,q.city,q.district,q.remark,q.status,q.sub_status,GROUP_CONCAT(t.name) tags,q.add_time,count(*) AS think_count FROM `wk_qrcode_ref` `ref` LEFT JOIN `wk_qrcode` `q` ON `q`.`id`=`ref`.`qrcode_id` LEFT JOIN `wk_tag` `t` ON FIND_IN_SET(t.id,q.tags) WHERE  `ref`.`user_id` = '1'  AND `q`.`status` = '1' GROUP BY `ref`.`id` ORDER BY `ref`.`id` DESC ) `_group_count_` LIMIT 1 [ RunTime:0.118146s ]
[2022-12-10T22:12:56+08:00][sql] SHOW FULL COLUMNS FROM `wk_setting` [ RunTime:0.099714s ]
[2022-12-10T22:12:56+08:00][sql] SELECT `int_val` FROM `wk_setting` WHERE  `key` = 'qrcode_decode_price' LIMIT 1 [ RunTime:0.093988s ]
[2022-12-10T22:12:56+08:00][sql] SELECT ref.id,q.id qrcode_id,q.code,q.company,q.province,q.city,q.district,q.remark,q.status,q.sub_status,GROUP_CONCAT(t.name) tags,q.add_time,count(*) AS think_count FROM `wk_qrcode_ref` `ref` LEFT JOIN `wk_qrcode` `q` ON `q`.`id`=`ref`.`qrcode_id` LEFT JOIN `wk_tag` `t` ON FIND_IN_SET(t.id,q.tags) WHERE  `ref`.`user_id` = '1'  AND `q`.`status` = '1' GROUP BY `ref`.`id` ORDER BY `ref`.`id` DESC LIMIT 0,20 [ RunTime:0.119983s ]
[2022-12-10T22:12:56+08:00][sql] SHOW FULL COLUMNS FROM `wk_entrance` [ RunTime:0.097447s ]
[2022-12-10T22:12:56+08:00][sql] SELECT `e`.`id`,`e`.`avatar`,`e`.`name`,`e`.`members`,`e`.`qr`,0 price,`e`.`expire_date`,`e`.`joinable`,`e`.`status`,`e`.`reported`,`e`.`add_time`,CONVERT(IF(b.user_id = 1,'1','0'),UNSIGNED) 'bought' FROM `wk_entrance` `e` LEFT JOIN `wk_buy` `b` ON `b`.`entrance_id`=`e`.`id` WHERE  `e`.`qrcode_id` = '1' [ RunTime:0.093253s ]
[2022-12-10T22:17:11+08:00][sql] CONNECT:[ UseTime:0.138984s ] mysql:host=88.218.194.8;port=3306;dbname=webQrcode;charset=utf8mb4
[2022-12-10T22:17:11+08:00][sql] SHOW FULL COLUMNS FROM `wk_user` [ RunTime:0.098133s ]
[2022-12-10T22:17:11+08:00][sql] SELECT `id` FROM `wk_user` WHERE  `id` = 1  AND `relogin` = 0 LIMIT 1 [ RunTime:0.094173s ]
[2022-12-10T22:17:11+08:00][sql] SHOW FULL COLUMNS FROM `wk_qrcode_ref` [ RunTime:0.095591s ]
[2022-12-10T22:17:11+08:00][sql] SELECT COUNT(*) AS think_count FROM ( SELECT ref.id,q.id qrcode_id,q.code,q.company,q.province,q.city,q.district,q.remark,q.status,q.sub_status,GROUP_CONCAT(t.name) tags,q.add_time,count(*) AS think_count FROM `wk_qrcode_ref` `ref` LEFT JOIN `wk_qrcode` `q` ON `q`.`id`=`ref`.`qrcode_id` LEFT JOIN `wk_tag` `t` ON FIND_IN_SET(t.id,q.tags) WHERE  `ref`.`user_id` = '1' GROUP BY `ref`.`id` ORDER BY `ref`.`id` DESC ) `_group_count_` LIMIT 1 [ RunTime:0.185657s ]
[2022-12-10T22:17:11+08:00][sql] SHOW FULL COLUMNS FROM `wk_setting` [ RunTime:0.095246s ]
[2022-12-10T22:17:11+08:00][sql] SELECT `int_val` FROM `wk_setting` WHERE  `key` = 'qrcode_decode_price' LIMIT 1 [ RunTime:0.096324s ]
[2022-12-10T22:17:11+08:00][sql] SELECT ref.id,q.id qrcode_id,q.code,q.company,q.province,q.city,q.district,q.remark,q.status,q.sub_status,GROUP_CONCAT(t.name) tags,q.add_time,count(*) AS think_count FROM `wk_qrcode_ref` `ref` LEFT JOIN `wk_qrcode` `q` ON `q`.`id`=`ref`.`qrcode_id` LEFT JOIN `wk_tag` `t` ON FIND_IN_SET(t.id,q.tags) WHERE  `ref`.`user_id` = '1' GROUP BY `ref`.`id` ORDER BY `ref`.`id` DESC LIMIT 0,20 [ RunTime:0.155903s ]
[2022-12-10T22:17:11+08:00][sql] SHOW FULL COLUMNS FROM `wk_entrance` [ RunTime:0.096865s ]
[2022-12-10T22:17:11+08:00][sql] SELECT `e`.`id`,`e`.`avatar`,`e`.`name`,`e`.`members`,`e`.`qr`,0 price,`e`.`expire_date`,`e`.`joinable`,`e`.`status`,`e`.`reported`,`e`.`add_time`,CONVERT(IF(b.user_id = 1,'1','0'),UNSIGNED) 'bought' FROM `wk_entrance` `e` LEFT JOIN `wk_buy` `b` ON `b`.`entrance_id`=`e`.`id` WHERE  `e`.`qrcode_id` = '7222' [ RunTime:0.092328s ]
[2022-12-10T22:17:11+08:00][sql] SELECT `e`.`id`,`e`.`avatar`,`e`.`name`,`e`.`members`,`e`.`qr`,0 price,`e`.`expire_date`,`e`.`joinable`,`e`.`status`,`e`.`reported`,`e`.`add_time`,CONVERT(IF(b.user_id = 1,'1','0'),UNSIGNED) 'bought' FROM `wk_entrance` `e` LEFT JOIN `wk_buy` `b` ON `b`.`entrance_id`=`e`.`id` WHERE  `e`.`qrcode_id` = '7221' [ RunTime:0.093297s ]
[2022-12-10T22:17:11+08:00][sql] SELECT `e`.`id`,`e`.`avatar`,`e`.`name`,`e`.`members`,`e`.`qr`,0 price,`e`.`expire_date`,`e`.`joinable`,`e`.`status`,`e`.`reported`,`e`.`add_time`,CONVERT(IF(b.user_id = 1,'1','0'),UNSIGNED) 'bought' FROM `wk_entrance` `e` LEFT JOIN `wk_buy` `b` ON `b`.`entrance_id`=`e`.`id` WHERE  `e`.`qrcode_id` = '7220' [ RunTime:0.092343s ]
[2022-12-10T22:17:11+08:00][sql] SELECT `e`.`id`,`e`.`avatar`,`e`.`name`,`e`.`members`,`e`.`qr`,0 price,`e`.`expire_date`,`e`.`joinable`,`e`.`status`,`e`.`reported`,`e`.`add_time`,CONVERT(IF(b.user_id = 1,'1','0'),UNSIGNED) 'bought' FROM `wk_entrance` `e` LEFT JOIN `wk_buy` `b` ON `b`.`entrance_id`=`e`.`id` WHERE  `e`.`qrcode_id` = '7219' [ RunTime:0.092807s ]
[2022-12-10T22:17:11+08:00][sql] SELECT `e`.`id`,`e`.`avatar`,`e`.`name`,`e`.`members`,`e`.`qr`,0 price,`e`.`expire_date`,`e`.`joinable`,`e`.`status`,`e`.`reported`,`e`.`add_time`,CONVERT(IF(b.user_id = 1,'1','0'),UNSIGNED) 'bought' FROM `wk_entrance` `e` LEFT JOIN `wk_buy` `b` ON `b`.`entrance_id`=`e`.`id` WHERE  `e`.`qrcode_id` = '7218' [ RunTime:0.092744s ]
[2022-12-10T22:17:11+08:00][sql] SELECT `e`.`id`,`e`.`avatar`,`e`.`name`,`e`.`members`,`e`.`qr`,0 price,`e`.`expire_date`,`e`.`joinable`,`e`.`status`,`e`.`reported`,`e`.`add_time`,CONVERT(IF(b.user_id = 1,'1','0'),UNSIGNED) 'bought' FROM `wk_entrance` `e` LEFT JOIN `wk_buy` `b` ON `b`.`entrance_id`=`e`.`id` WHERE  `e`.`qrcode_id` = '7217' [ RunTime:0.092438s ]
[2022-12-10T22:17:11+08:00][sql] SELECT `e`.`id`,`e`.`avatar`,`e`.`name`,`e`.`members`,`e`.`qr`,0 price,`e`.`expire_date`,`e`.`joinable`,`e`.`status`,`e`.`reported`,`e`.`add_time`,CONVERT(IF(b.user_id = 1,'1','0'),UNSIGNED) 'bought' FROM `wk_entrance` `e` LEFT JOIN `wk_buy` `b` ON `b`.`entrance_id`=`e`.`id` WHERE  `e`.`qrcode_id` = '7216' [ RunTime:0.092141s ]
[2022-12-10T22:17:11+08:00][sql] SELECT `e`.`id`,`e`.`avatar`,`e`.`name`,`e`.`members`,`e`.`qr`,0 price,`e`.`expire_date`,`e`.`joinable`,`e`.`status`,`e`.`reported`,`e`.`add_time`,CONVERT(IF(b.user_id = 1,'1','0'),UNSIGNED) 'bought' FROM `wk_entrance` `e` LEFT JOIN `wk_buy` `b` ON `b`.`entrance_id`=`e`.`id` WHERE  `e`.`qrcode_id` = '7215' [ RunTime:0.092481s ]
[2022-12-10T22:17:11+08:00][sql] SELECT `e`.`id`,`e`.`avatar`,`e`.`name`,`e`.`members`,`e`.`qr`,0 price,`e`.`expire_date`,`e`.`joinable`,`e`.`status`,`e`.`reported`,`e`.`add_time`,CONVERT(IF(b.user_id = 1,'1','0'),UNSIGNED) 'bought' FROM `wk_entrance` `e` LEFT JOIN `wk_buy` `b` ON `b`.`entrance_id`=`e`.`id` WHERE  `e`.`qrcode_id` = '7214' [ RunTime:0.098039s ]
[2022-12-10T22:17:11+08:00][sql] SELECT `e`.`id`,`e`.`avatar`,`e`.`name`,`e`.`members`,`e`.`qr`,0 price,`e`.`expire_date`,`e`.`joinable`,`e`.`status`,`e`.`reported`,`e`.`add_time`,CONVERT(IF(b.user_id = 1,'1','0'),UNSIGNED) 'bought' FROM `wk_entrance` `e` LEFT JOIN `wk_buy` `b` ON `b`.`entrance_id`=`e`.`id` WHERE  `e`.`qrcode_id` = '7213' [ RunTime:0.092960s ]
[2022-12-10T22:17:11+08:00][sql] SELECT `e`.`id`,`e`.`avatar`,`e`.`name`,`e`.`members`,`e`.`qr`,0 price,`e`.`expire_date`,`e`.`joinable`,`e`.`status`,`e`.`reported`,`e`.`add_time`,CONVERT(IF(b.user_id = 1,'1','0'),UNSIGNED) 'bought' FROM `wk_entrance` `e` LEFT JOIN `wk_buy` `b` ON `b`.`entrance_id`=`e`.`id` WHERE  `e`.`qrcode_id` = '7212' [ RunTime:0.092522s ]
[2022-12-10T22:17:11+08:00][sql] SELECT `e`.`id`,`e`.`avatar`,`e`.`name`,`e`.`members`,`e`.`qr`,0 price,`e`.`expire_date`,`e`.`joinable`,`e`.`status`,`e`.`reported`,`e`.`add_time`,CONVERT(IF(b.user_id = 1,'1','0'),UNSIGNED) 'bought' FROM `wk_entrance` `e` LEFT JOIN `wk_buy` `b` ON `b`.`entrance_id`=`e`.`id` WHERE  `e`.`qrcode_id` = '7211' [ RunTime:0.092559s ]
[2022-12-10T22:17:11+08:00][sql] SELECT `e`.`id`,`e`.`avatar`,`e`.`name`,`e`.`members`,`e`.`qr`,0 price,`e`.`expire_date`,`e`.`joinable`,`e`.`status`,`e`.`reported`,`e`.`add_time`,CONVERT(IF(b.user_id = 1,'1','0'),UNSIGNED) 'bought' FROM `wk_entrance` `e` LEFT JOIN `wk_buy` `b` ON `b`.`entrance_id`=`e`.`id` WHERE  `e`.`qrcode_id` = '7210' [ RunTime:0.092288s ]
[2022-12-10T22:17:11+08:00][sql] SELECT `e`.`id`,`e`.`avatar`,`e`.`name`,`e`.`members`,`e`.`qr`,0 price,`e`.`expire_date`,`e`.`joinable`,`e`.`status`,`e`.`reported`,`e`.`add_time`,CONVERT(IF(b.user_id = 1,'1','0'),UNSIGNED) 'bought' FROM `wk_entrance` `e` LEFT JOIN `wk_buy` `b` ON `b`.`entrance_id`=`e`.`id` WHERE  `e`.`qrcode_id` = '7209' [ RunTime:0.092371s ]
[2022-12-10T22:17:11+08:00][sql] SELECT `e`.`id`,`e`.`avatar`,`e`.`name`,`e`.`members`,`e`.`qr`,0 price,`e`.`expire_date`,`e`.`joinable`,`e`.`status`,`e`.`reported`,`e`.`add_time`,CONVERT(IF(b.user_id = 1,'1','0'),UNSIGNED) 'bought' FROM `wk_entrance` `e` LEFT JOIN `wk_buy` `b` ON `b`.`entrance_id`=`e`.`id` WHERE  `e`.`qrcode_id` = '7208' [ RunTime:0.091931s ]
[2022-12-10T22:17:11+08:00][sql] SELECT `e`.`id`,`e`.`avatar`,`e`.`name`,`e`.`members`,`e`.`qr`,0 price,`e`.`expire_date`,`e`.`joinable`,`e`.`status`,`e`.`reported`,`e`.`add_time`,CONVERT(IF(b.user_id = 1,'1','0'),UNSIGNED) 'bought' FROM `wk_entrance` `e` LEFT JOIN `wk_buy` `b` ON `b`.`entrance_id`=`e`.`id` WHERE  `e`.`qrcode_id` = '7207' [ RunTime:0.093755s ]
[2022-12-10T22:17:11+08:00][sql] SELECT `e`.`id`,`e`.`avatar`,`e`.`name`,`e`.`members`,`e`.`qr`,0 price,`e`.`expire_date`,`e`.`joinable`,`e`.`status`,`e`.`reported`,`e`.`add_time`,CONVERT(IF(b.user_id = 1,'1','0'),UNSIGNED) 'bought' FROM `wk_entrance` `e` LEFT JOIN `wk_buy` `b` ON `b`.`entrance_id`=`e`.`id` WHERE  `e`.`qrcode_id` = '7206' [ RunTime:0.092622s ]
[2022-12-10T22:17:11+08:00][sql] SELECT `e`.`id`,`e`.`avatar`,`e`.`name`,`e`.`members`,`e`.`qr`,0 price,`e`.`expire_date`,`e`.`joinable`,`e`.`status`,`e`.`reported`,`e`.`add_time`,CONVERT(IF(b.user_id = 1,'1','0'),UNSIGNED) 'bought' FROM `wk_entrance` `e` LEFT JOIN `wk_buy` `b` ON `b`.`entrance_id`=`e`.`id` WHERE  `e`.`qrcode_id` = '7205' [ RunTime:0.092472s ]
[2022-12-10T22:17:11+08:00][sql] SELECT `e`.`id`,`e`.`avatar`,`e`.`name`,`e`.`members`,`e`.`qr`,0 price,`e`.`expire_date`,`e`.`joinable`,`e`.`status`,`e`.`reported`,`e`.`add_time`,CONVERT(IF(b.user_id = 1,'1','0'),UNSIGNED) 'bought' FROM `wk_entrance` `e` LEFT JOIN `wk_buy` `b` ON `b`.`entrance_id`=`e`.`id` WHERE  `e`.`qrcode_id` = '7204' [ RunTime:0.092341s ]
[2022-12-10T22:17:11+08:00][sql] SELECT `e`.`id`,`e`.`avatar`,`e`.`name`,`e`.`members`,`e`.`qr`,0 price,`e`.`expire_date`,`e`.`joinable`,`e`.`status`,`e`.`reported`,`e`.`add_time`,CONVERT(IF(b.user_id = 1,'1','0'),UNSIGNED) 'bought' FROM `wk_entrance` `e` LEFT JOIN `wk_buy` `b` ON `b`.`entrance_id`=`e`.`id` WHERE  `e`.`qrcode_id` = '7203' [ RunTime:0.093751s ]
[2022-12-10T22:22:05+08:00][sql] CONNECT:[ UseTime:0.151480s ] mysql:host=88.218.194.8;port=3306;dbname=webQrcode;charset=utf8mb4
[2022-12-10T22:22:05+08:00][sql] SHOW FULL COLUMNS FROM `wk_user` [ RunTime:0.102980s ]
[2022-12-10T22:22:05+08:00][sql] SELECT `id` FROM `wk_user` WHERE  `id` = 1  AND `relogin` = 0 LIMIT 1 [ RunTime:0.100509s ]
[2022-12-10T22:22:05+08:00][sql] SELECT `id`,`username`,`balance`,`score` FROM `wk_user` WHERE  `id` = 1 LIMIT 1 [ RunTime:0.116354s ]
[2022-12-10T22:22:05+08:00][sql] CONNECT:[ UseTime:0.130018s ] mysql:host=88.218.194.8;port=3306;dbname=webQrcode;charset=utf8mb4
[2022-12-10T22:22:05+08:00][sql] SHOW FULL COLUMNS FROM `wk_user` [ RunTime:0.092515s ]
[2022-12-10T22:22:05+08:00][sql] SELECT `id` FROM `wk_user` WHERE  `id` = 1  AND `relogin` = 0 LIMIT 1 [ RunTime:0.088363s ]
[2022-12-10T22:22:05+08:00][sql] SHOW FULL COLUMNS FROM `wk_tag` [ RunTime:0.094124s ]
[2022-12-10T22:22:05+08:00][sql] SELECT `id`,`name` FROM `wk_tag` ORDER BY `id` [ RunTime:0.104076s ]
[2022-12-10T22:22:09+08:00][sql] CONNECT:[ UseTime:0.139478s ] mysql:host=88.218.194.8;port=3306;dbname=webQrcode;charset=utf8mb4
[2022-12-10T22:22:09+08:00][sql] SHOW FULL COLUMNS FROM `wk_user` [ RunTime:0.094036s ]
[2022-12-10T22:22:09+08:00][sql] SELECT `id` FROM `wk_user` WHERE  `id` = 1  AND `relogin` = 0 LIMIT 1 [ RunTime:0.094041s ]
[2022-12-10T22:22:09+08:00][sql] SHOW FULL COLUMNS FROM `wk_qrcode_ref` [ RunTime:0.098697s ]
[2022-12-10T22:22:09+08:00][sql] SELECT COUNT(*) AS think_count FROM ( SELECT ref.id,q.id qrcode_id,q.code,q.company,q.province,q.city,q.district,q.remark,q.status,q.sub_status,q.err_msg,GROUP_CONCAT(t.name) tags,q.add_time,count(*) AS think_count FROM `wk_qrcode_ref` `ref` LEFT JOIN `wk_qrcode` `q` ON `q`.`id`=`ref`.`qrcode_id` LEFT JOIN `wk_tag` `t` ON FIND_IN_SET(t.id,q.tags) WHERE  `ref`.`user_id` = '1' GROUP BY `ref`.`id` ORDER BY `ref`.`id` DESC ) `_group_count_` LIMIT 1 [ RunTime:0.200228s ]
[2022-12-10T22:22:09+08:00][sql] SHOW FULL COLUMNS FROM `wk_setting` [ RunTime:0.102577s ]
[2022-12-10T22:22:09+08:00][sql] SELECT `int_val` FROM `wk_setting` WHERE  `key` = 'qrcode_decode_price' LIMIT 1 [ RunTime:0.097345s ]
[2022-12-10T22:22:09+08:00][sql] SELECT ref.id,q.id qrcode_id,q.code,q.company,q.province,q.city,q.district,q.remark,q.status,q.sub_status,q.err_msg,GROUP_CONCAT(t.name) tags,q.add_time,count(*) AS think_count FROM `wk_qrcode_ref` `ref` LEFT JOIN `wk_qrcode` `q` ON `q`.`id`=`ref`.`qrcode_id` LEFT JOIN `wk_tag` `t` ON FIND_IN_SET(t.id,q.tags) WHERE  `ref`.`user_id` = '1' GROUP BY `ref`.`id` ORDER BY `ref`.`id` DESC LIMIT 0,20 [ RunTime:0.177586s ]
[2022-12-10T22:22:09+08:00][sql] SHOW FULL COLUMNS FROM `wk_entrance` [ RunTime:0.096208s ]
[2022-12-10T22:22:09+08:00][sql] SELECT `e`.`id`,`e`.`avatar`,`e`.`name`,`e`.`members`,`e`.`qr`,0 price,`e`.`expire_date`,`e`.`joinable`,`e`.`status`,`e`.`reported`,`e`.`add_time`,CONVERT(IF(b.user_id = 1,'1','0'),UNSIGNED) 'bought' FROM `wk_entrance` `e` LEFT JOIN `wk_buy` `b` ON `b`.`entrance_id`=`e`.`id` WHERE  `e`.`qrcode_id` = '7222' [ RunTime:0.091694s ]
[2022-12-10T22:22:09+08:00][sql] SELECT `e`.`id`,`e`.`avatar`,`e`.`name`,`e`.`members`,`e`.`qr`,0 price,`e`.`expire_date`,`e`.`joinable`,`e`.`status`,`e`.`reported`,`e`.`add_time`,CONVERT(IF(b.user_id = 1,'1','0'),UNSIGNED) 'bought' FROM `wk_entrance` `e` LEFT JOIN `wk_buy` `b` ON `b`.`entrance_id`=`e`.`id` WHERE  `e`.`qrcode_id` = '7221' [ RunTime:0.094950s ]
[2022-12-10T22:22:09+08:00][sql] SELECT `e`.`id`,`e`.`avatar`,`e`.`name`,`e`.`members`,`e`.`qr`,0 price,`e`.`expire_date`,`e`.`joinable`,`e`.`status`,`e`.`reported`,`e`.`add_time`,CONVERT(IF(b.user_id = 1,'1','0'),UNSIGNED) 'bought' FROM `wk_entrance` `e` LEFT JOIN `wk_buy` `b` ON `b`.`entrance_id`=`e`.`id` WHERE  `e`.`qrcode_id` = '7220' [ RunTime:0.091790s ]
[2022-12-10T22:22:09+08:00][sql] SELECT `e`.`id`,`e`.`avatar`,`e`.`name`,`e`.`members`,`e`.`qr`,0 price,`e`.`expire_date`,`e`.`joinable`,`e`.`status`,`e`.`reported`,`e`.`add_time`,CONVERT(IF(b.user_id = 1,'1','0'),UNSIGNED) 'bought' FROM `wk_entrance` `e` LEFT JOIN `wk_buy` `b` ON `b`.`entrance_id`=`e`.`id` WHERE  `e`.`qrcode_id` = '7219' [ RunTime:0.093326s ]
[2022-12-10T22:22:09+08:00][sql] SELECT `e`.`id`,`e`.`avatar`,`e`.`name`,`e`.`members`,`e`.`qr`,0 price,`e`.`expire_date`,`e`.`joinable`,`e`.`status`,`e`.`reported`,`e`.`add_time`,CONVERT(IF(b.user_id = 1,'1','0'),UNSIGNED) 'bought' FROM `wk_entrance` `e` LEFT JOIN `wk_buy` `b` ON `b`.`entrance_id`=`e`.`id` WHERE  `e`.`qrcode_id` = '7218' [ RunTime:0.091744s ]
[2022-12-10T22:22:09+08:00][sql] SELECT `e`.`id`,`e`.`avatar`,`e`.`name`,`e`.`members`,`e`.`qr`,0 price,`e`.`expire_date`,`e`.`joinable`,`e`.`status`,`e`.`reported`,`e`.`add_time`,CONVERT(IF(b.user_id = 1,'1','0'),UNSIGNED) 'bought' FROM `wk_entrance` `e` LEFT JOIN `wk_buy` `b` ON `b`.`entrance_id`=`e`.`id` WHERE  `e`.`qrcode_id` = '7217' [ RunTime:0.096448s ]
[2022-12-10T22:22:09+08:00][sql] SELECT `e`.`id`,`e`.`avatar`,`e`.`name`,`e`.`members`,`e`.`qr`,0 price,`e`.`expire_date`,`e`.`joinable`,`e`.`status`,`e`.`reported`,`e`.`add_time`,CONVERT(IF(b.user_id = 1,'1','0'),UNSIGNED) 'bought' FROM `wk_entrance` `e` LEFT JOIN `wk_buy` `b` ON `b`.`entrance_id`=`e`.`id` WHERE  `e`.`qrcode_id` = '7216' [ RunTime:0.091745s ]
[2022-12-10T22:22:09+08:00][sql] SELECT `e`.`id`,`e`.`avatar`,`e`.`name`,`e`.`members`,`e`.`qr`,0 price,`e`.`expire_date`,`e`.`joinable`,`e`.`status`,`e`.`reported`,`e`.`add_time`,CONVERT(IF(b.user_id = 1,'1','0'),UNSIGNED) 'bought' FROM `wk_entrance` `e` LEFT JOIN `wk_buy` `b` ON `b`.`entrance_id`=`e`.`id` WHERE  `e`.`qrcode_id` = '7215' [ RunTime:0.091658s ]
[2022-12-10T22:22:09+08:00][sql] SELECT `e`.`id`,`e`.`avatar`,`e`.`name`,`e`.`members`,`e`.`qr`,0 price,`e`.`expire_date`,`e`.`joinable`,`e`.`status`,`e`.`reported`,`e`.`add_time`,CONVERT(IF(b.user_id = 1,'1','0'),UNSIGNED) 'bought' FROM `wk_entrance` `e` LEFT JOIN `wk_buy` `b` ON `b`.`entrance_id`=`e`.`id` WHERE  `e`.`qrcode_id` = '7214' [ RunTime:0.096303s ]
[2022-12-10T22:22:09+08:00][sql] SELECT `e`.`id`,`e`.`avatar`,`e`.`name`,`e`.`members`,`e`.`qr`,0 price,`e`.`expire_date`,`e`.`joinable`,`e`.`status`,`e`.`reported`,`e`.`add_time`,CONVERT(IF(b.user_id = 1,'1','0'),UNSIGNED) 'bought' FROM `wk_entrance` `e` LEFT JOIN `wk_buy` `b` ON `b`.`entrance_id`=`e`.`id` WHERE  `e`.`qrcode_id` = '7213' [ RunTime:0.091800s ]
[2022-12-10T22:22:09+08:00][sql] SELECT `e`.`id`,`e`.`avatar`,`e`.`name`,`e`.`members`,`e`.`qr`,0 price,`e`.`expire_date`,`e`.`joinable`,`e`.`status`,`e`.`reported`,`e`.`add_time`,CONVERT(IF(b.user_id = 1,'1','0'),UNSIGNED) 'bought' FROM `wk_entrance` `e` LEFT JOIN `wk_buy` `b` ON `b`.`entrance_id`=`e`.`id` WHERE  `e`.`qrcode_id` = '7212' [ RunTime:0.092519s ]
[2022-12-10T22:22:09+08:00][sql] SELECT `e`.`id`,`e`.`avatar`,`e`.`name`,`e`.`members`,`e`.`qr`,0 price,`e`.`expire_date`,`e`.`joinable`,`e`.`status`,`e`.`reported`,`e`.`add_time`,CONVERT(IF(b.user_id = 1,'1','0'),UNSIGNED) 'bought' FROM `wk_entrance` `e` LEFT JOIN `wk_buy` `b` ON `b`.`entrance_id`=`e`.`id` WHERE  `e`.`qrcode_id` = '7211' [ RunTime:0.091803s ]
[2022-12-10T22:22:09+08:00][sql] SELECT `e`.`id`,`e`.`avatar`,`e`.`name`,`e`.`members`,`e`.`qr`,0 price,`e`.`expire_date`,`e`.`joinable`,`e`.`status`,`e`.`reported`,`e`.`add_time`,CONVERT(IF(b.user_id = 1,'1','0'),UNSIGNED) 'bought' FROM `wk_entrance` `e` LEFT JOIN `wk_buy` `b` ON `b`.`entrance_id`=`e`.`id` WHERE  `e`.`qrcode_id` = '7210' [ RunTime:0.091860s ]
[2022-12-10T22:22:09+08:00][sql] SELECT `e`.`id`,`e`.`avatar`,`e`.`name`,`e`.`members`,`e`.`qr`,0 price,`e`.`expire_date`,`e`.`joinable`,`e`.`status`,`e`.`reported`,`e`.`add_time`,CONVERT(IF(b.user_id = 1,'1','0'),UNSIGNED) 'bought' FROM `wk_entrance` `e` LEFT JOIN `wk_buy` `b` ON `b`.`entrance_id`=`e`.`id` WHERE  `e`.`qrcode_id` = '7209' [ RunTime:0.093304s ]
[2022-12-10T22:22:09+08:00][sql] SELECT `e`.`id`,`e`.`avatar`,`e`.`name`,`e`.`members`,`e`.`qr`,0 price,`e`.`expire_date`,`e`.`joinable`,`e`.`status`,`e`.`reported`,`e`.`add_time`,CONVERT(IF(b.user_id = 1,'1','0'),UNSIGNED) 'bought' FROM `wk_entrance` `e` LEFT JOIN `wk_buy` `b` ON `b`.`entrance_id`=`e`.`id` WHERE  `e`.`qrcode_id` = '7208' [ RunTime:0.094908s ]
[2022-12-10T22:22:09+08:00][sql] SELECT `e`.`id`,`e`.`avatar`,`e`.`name`,`e`.`members`,`e`.`qr`,0 price,`e`.`expire_date`,`e`.`joinable`,`e`.`status`,`e`.`reported`,`e`.`add_time`,CONVERT(IF(b.user_id = 1,'1','0'),UNSIGNED) 'bought' FROM `wk_entrance` `e` LEFT JOIN `wk_buy` `b` ON `b`.`entrance_id`=`e`.`id` WHERE  `e`.`qrcode_id` = '7207' [ RunTime:0.091399s ]
[2022-12-10T22:22:09+08:00][sql] SELECT `e`.`id`,`e`.`avatar`,`e`.`name`,`e`.`members`,`e`.`qr`,0 price,`e`.`expire_date`,`e`.`joinable`,`e`.`status`,`e`.`reported`,`e`.`add_time`,CONVERT(IF(b.user_id = 1,'1','0'),UNSIGNED) 'bought' FROM `wk_entrance` `e` LEFT JOIN `wk_buy` `b` ON `b`.`entrance_id`=`e`.`id` WHERE  `e`.`qrcode_id` = '7206' [ RunTime:0.093091s ]
[2022-12-10T22:22:09+08:00][sql] SELECT `e`.`id`,`e`.`avatar`,`e`.`name`,`e`.`members`,`e`.`qr`,0 price,`e`.`expire_date`,`e`.`joinable`,`e`.`status`,`e`.`reported`,`e`.`add_time`,CONVERT(IF(b.user_id = 1,'1','0'),UNSIGNED) 'bought' FROM `wk_entrance` `e` LEFT JOIN `wk_buy` `b` ON `b`.`entrance_id`=`e`.`id` WHERE  `e`.`qrcode_id` = '7205' [ RunTime:0.091031s ]
[2022-12-10T22:22:09+08:00][sql] SELECT `e`.`id`,`e`.`avatar`,`e`.`name`,`e`.`members`,`e`.`qr`,0 price,`e`.`expire_date`,`e`.`joinable`,`e`.`status`,`e`.`reported`,`e`.`add_time`,CONVERT(IF(b.user_id = 1,'1','0'),UNSIGNED) 'bought' FROM `wk_entrance` `e` LEFT JOIN `wk_buy` `b` ON `b`.`entrance_id`=`e`.`id` WHERE  `e`.`qrcode_id` = '7204' [ RunTime:0.091525s ]
[2022-12-10T22:22:09+08:00][sql] SELECT `e`.`id`,`e`.`avatar`,`e`.`name`,`e`.`members`,`e`.`qr`,0 price,`e`.`expire_date`,`e`.`joinable`,`e`.`status`,`e`.`reported`,`e`.`add_time`,CONVERT(IF(b.user_id = 1,'1','0'),UNSIGNED) 'bought' FROM `wk_entrance` `e` LEFT JOIN `wk_buy` `b` ON `b`.`entrance_id`=`e`.`id` WHERE  `e`.`qrcode_id` = '7203' [ RunTime:0.092121s ]
[2022-12-10T22:22:15+08:00][sql] CONNECT:[ UseTime:0.139617s ] mysql:host=88.218.194.8;port=3306;dbname=webQrcode;charset=utf8mb4
[2022-12-10T22:22:15+08:00][sql] SHOW FULL COLUMNS FROM `wk_user` [ RunTime:0.093507s ]
[2022-12-10T22:22:15+08:00][sql] SELECT `id` FROM `wk_user` WHERE  `id` = 1  AND `relogin` = 0 LIMIT 1 [ RunTime:0.087811s ]
[2022-12-10T22:22:15+08:00][sql] SELECT `id`,`username`,`balance`,`score` FROM `wk_user` WHERE  `id` = 1 LIMIT 1 [ RunTime:0.087850s ]
[2022-12-10T22:22:18+08:00][sql] CONNECT:[ UseTime:0.123579s ] mysql:host=88.218.194.8;port=3306;dbname=webQrcode;charset=utf8mb4
[2022-12-10T22:22:18+08:00][sql] SHOW FULL COLUMNS FROM `wk_user` [ RunTime:0.084576s ]
[2022-12-10T22:22:18+08:00][sql] SELECT `id` FROM `wk_user` WHERE  `id` = 1  AND `relogin` = 0 LIMIT 1 [ RunTime:0.081097s ]
[2022-12-10T22:22:18+08:00][sql] SHOW FULL COLUMNS FROM `wk_tag` [ RunTime:0.084162s ]
[2022-12-10T22:22:18+08:00][sql] SELECT `id`,`name` FROM `wk_tag` ORDER BY `id` [ RunTime:0.080121s ]
[2022-12-10T22:22:18+08:00][sql] CONNECT:[ UseTime:0.142187s ] mysql:host=88.218.194.8;port=3306;dbname=webQrcode;charset=utf8mb4
[2022-12-10T22:22:18+08:00][sql] SHOW FULL COLUMNS FROM `wk_user` [ RunTime:0.101410s ]
[2022-12-10T22:22:18+08:00][sql] SELECT `id` FROM `wk_user` WHERE  `id` = 1  AND `relogin` = 0 LIMIT 1 [ RunTime:0.094956s ]
[2022-12-10T22:22:18+08:00][sql] SHOW FULL COLUMNS FROM `wk_qrcode_ref` [ RunTime:0.099471s ]
[2022-12-10T22:22:18+08:00][sql] SELECT COUNT(*) AS think_count FROM ( SELECT ref.id,q.id qrcode_id,q.code,q.company,q.province,q.city,q.district,q.remark,q.status,q.sub_status,q.err_msg,GROUP_CONCAT(t.name) tags,q.add_time,count(*) AS think_count FROM `wk_qrcode_ref` `ref` LEFT JOIN `wk_qrcode` `q` ON `q`.`id`=`ref`.`qrcode_id` LEFT JOIN `wk_tag` `t` ON FIND_IN_SET(t.id,q.tags) WHERE  `ref`.`user_id` = '1' GROUP BY `ref`.`id` ORDER BY `ref`.`id` DESC ) `_group_count_` LIMIT 1 [ RunTime:0.094275s ]
[2022-12-10T22:22:18+08:00][sql] SHOW FULL COLUMNS FROM `wk_setting` [ RunTime:0.098360s ]
[2022-12-10T22:22:18+08:00][sql] SELECT `int_val` FROM `wk_setting` WHERE  `key` = 'qrcode_decode_price' LIMIT 1 [ RunTime:0.094456s ]
[2022-12-10T22:22:18+08:00][sql] SELECT ref.id,q.id qrcode_id,q.code,q.company,q.province,q.city,q.district,q.remark,q.status,q.sub_status,q.err_msg,GROUP_CONCAT(t.name) tags,q.add_time,count(*) AS think_count FROM `wk_qrcode_ref` `ref` LEFT JOIN `wk_qrcode` `q` ON `q`.`id`=`ref`.`qrcode_id` LEFT JOIN `wk_tag` `t` ON FIND_IN_SET(t.id,q.tags) WHERE  `ref`.`user_id` = '1' GROUP BY `ref`.`id` ORDER BY `ref`.`id` DESC LIMIT 0,20 [ RunTime:0.094944s ]
[2022-12-10T22:22:18+08:00][sql] SHOW FULL COLUMNS FROM `wk_entrance` [ RunTime:0.099323s ]
[2022-12-10T22:22:18+08:00][sql] SELECT `e`.`id`,`e`.`avatar`,`e`.`name`,`e`.`members`,`e`.`qr`,0 price,`e`.`expire_date`,`e`.`joinable`,`e`.`status`,`e`.`reported`,`e`.`add_time`,CONVERT(IF(b.user_id = 1,'1','0'),UNSIGNED) 'bought' FROM `wk_entrance` `e` LEFT JOIN `wk_buy` `b` ON `b`.`entrance_id`=`e`.`id` WHERE  `e`.`qrcode_id` = '7222' [ RunTime:0.094957s ]
[2022-12-10T22:22:18+08:00][sql] SELECT `e`.`id`,`e`.`avatar`,`e`.`name`,`e`.`members`,`e`.`qr`,0 price,`e`.`expire_date`,`e`.`joinable`,`e`.`status`,`e`.`reported`,`e`.`add_time`,CONVERT(IF(b.user_id = 1,'1','0'),UNSIGNED) 'bought' FROM `wk_entrance` `e` LEFT JOIN `wk_buy` `b` ON `b`.`entrance_id`=`e`.`id` WHERE  `e`.`qrcode_id` = '7221' [ RunTime:0.105007s ]
[2022-12-10T22:22:18+08:00][sql] SELECT `e`.`id`,`e`.`avatar`,`e`.`name`,`e`.`members`,`e`.`qr`,0 price,`e`.`expire_date`,`e`.`joinable`,`e`.`status`,`e`.`reported`,`e`.`add_time`,CONVERT(IF(b.user_id = 1,'1','0'),UNSIGNED) 'bought' FROM `wk_entrance` `e` LEFT JOIN `wk_buy` `b` ON `b`.`entrance_id`=`e`.`id` WHERE  `e`.`qrcode_id` = '7220' [ RunTime:0.096297s ]
[2022-12-10T22:22:18+08:00][sql] SELECT `e`.`id`,`e`.`avatar`,`e`.`name`,`e`.`members`,`e`.`qr`,0 price,`e`.`expire_date`,`e`.`joinable`,`e`.`status`,`e`.`reported`,`e`.`add_time`,CONVERT(IF(b.user_id = 1,'1','0'),UNSIGNED) 'bought' FROM `wk_entrance` `e` LEFT JOIN `wk_buy` `b` ON `b`.`entrance_id`=`e`.`id` WHERE  `e`.`qrcode_id` = '7219' [ RunTime:0.102931s ]
[2022-12-10T22:22:18+08:00][sql] SELECT `e`.`id`,`e`.`avatar`,`e`.`name`,`e`.`members`,`e`.`qr`,0 price,`e`.`expire_date`,`e`.`joinable`,`e`.`status`,`e`.`reported`,`e`.`add_time`,CONVERT(IF(b.user_id = 1,'1','0'),UNSIGNED) 'bought' FROM `wk_entrance` `e` LEFT JOIN `wk_buy` `b` ON `b`.`entrance_id`=`e`.`id` WHERE  `e`.`qrcode_id` = '7218' [ RunTime:0.106309s ]
[2022-12-10T22:22:18+08:00][sql] SELECT `e`.`id`,`e`.`avatar`,`e`.`name`,`e`.`members`,`e`.`qr`,0 price,`e`.`expire_date`,`e`.`joinable`,`e`.`status`,`e`.`reported`,`e`.`add_time`,CONVERT(IF(b.user_id = 1,'1','0'),UNSIGNED) 'bought' FROM `wk_entrance` `e` LEFT JOIN `wk_buy` `b` ON `b`.`entrance_id`=`e`.`id` WHERE  `e`.`qrcode_id` = '7217' [ RunTime:0.095171s ]
[2022-12-10T22:22:18+08:00][sql] SELECT `e`.`id`,`e`.`avatar`,`e`.`name`,`e`.`members`,`e`.`qr`,0 price,`e`.`expire_date`,`e`.`joinable`,`e`.`status`,`e`.`reported`,`e`.`add_time`,CONVERT(IF(b.user_id = 1,'1','0'),UNSIGNED) 'bought' FROM `wk_entrance` `e` LEFT JOIN `wk_buy` `b` ON `b`.`entrance_id`=`e`.`id` WHERE  `e`.`qrcode_id` = '7216' [ RunTime:0.094438s ]
[2022-12-10T22:22:18+08:00][sql] SELECT `e`.`id`,`e`.`avatar`,`e`.`name`,`e`.`members`,`e`.`qr`,0 price,`e`.`expire_date`,`e`.`joinable`,`e`.`status`,`e`.`reported`,`e`.`add_time`,CONVERT(IF(b.user_id = 1,'1','0'),UNSIGNED) 'bought' FROM `wk_entrance` `e` LEFT JOIN `wk_buy` `b` ON `b`.`entrance_id`=`e`.`id` WHERE  `e`.`qrcode_id` = '7215' [ RunTime:0.097396s ]
[2022-12-10T22:22:18+08:00][sql] SELECT `e`.`id`,`e`.`avatar`,`e`.`name`,`e`.`members`,`e`.`qr`,0 price,`e`.`expire_date`,`e`.`joinable`,`e`.`status`,`e`.`reported`,`e`.`add_time`,CONVERT(IF(b.user_id = 1,'1','0'),UNSIGNED) 'bought' FROM `wk_entrance` `e` LEFT JOIN `wk_buy` `b` ON `b`.`entrance_id`=`e`.`id` WHERE  `e`.`qrcode_id` = '7214' [ RunTime:0.096133s ]
[2022-12-10T22:22:18+08:00][sql] SELECT `e`.`id`,`e`.`avatar`,`e`.`name`,`e`.`members`,`e`.`qr`,0 price,`e`.`expire_date`,`e`.`joinable`,`e`.`status`,`e`.`reported`,`e`.`add_time`,CONVERT(IF(b.user_id = 1,'1','0'),UNSIGNED) 'bought' FROM `wk_entrance` `e` LEFT JOIN `wk_buy` `b` ON `b`.`entrance_id`=`e`.`id` WHERE  `e`.`qrcode_id` = '7213' [ RunTime:0.094030s ]
[2022-12-10T22:22:18+08:00][sql] SELECT `e`.`id`,`e`.`avatar`,`e`.`name`,`e`.`members`,`e`.`qr`,0 price,`e`.`expire_date`,`e`.`joinable`,`e`.`status`,`e`.`reported`,`e`.`add_time`,CONVERT(IF(b.user_id = 1,'1','0'),UNSIGNED) 'bought' FROM `wk_entrance` `e` LEFT JOIN `wk_buy` `b` ON `b`.`entrance_id`=`e`.`id` WHERE  `e`.`qrcode_id` = '7212' [ RunTime:0.094902s ]
[2022-12-10T22:22:18+08:00][sql] SELECT `e`.`id`,`e`.`avatar`,`e`.`name`,`e`.`members`,`e`.`qr`,0 price,`e`.`expire_date`,`e`.`joinable`,`e`.`status`,`e`.`reported`,`e`.`add_time`,CONVERT(IF(b.user_id = 1,'1','0'),UNSIGNED) 'bought' FROM `wk_entrance` `e` LEFT JOIN `wk_buy` `b` ON `b`.`entrance_id`=`e`.`id` WHERE  `e`.`qrcode_id` = '7211' [ RunTime:0.094121s ]
[2022-12-10T22:22:18+08:00][sql] SELECT `e`.`id`,`e`.`avatar`,`e`.`name`,`e`.`members`,`e`.`qr`,0 price,`e`.`expire_date`,`e`.`joinable`,`e`.`status`,`e`.`reported`,`e`.`add_time`,CONVERT(IF(b.user_id = 1,'1','0'),UNSIGNED) 'bought' FROM `wk_entrance` `e` LEFT JOIN `wk_buy` `b` ON `b`.`entrance_id`=`e`.`id` WHERE  `e`.`qrcode_id` = '7210' [ RunTime:0.094346s ]
[2022-12-10T22:22:18+08:00][sql] SELECT `e`.`id`,`e`.`avatar`,`e`.`name`,`e`.`members`,`e`.`qr`,0 price,`e`.`expire_date`,`e`.`joinable`,`e`.`status`,`e`.`reported`,`e`.`add_time`,CONVERT(IF(b.user_id = 1,'1','0'),UNSIGNED) 'bought' FROM `wk_entrance` `e` LEFT JOIN `wk_buy` `b` ON `b`.`entrance_id`=`e`.`id` WHERE  `e`.`qrcode_id` = '7209' [ RunTime:0.094545s ]
[2022-12-10T22:22:18+08:00][sql] SELECT `e`.`id`,`e`.`avatar`,`e`.`name`,`e`.`members`,`e`.`qr`,0 price,`e`.`expire_date`,`e`.`joinable`,`e`.`status`,`e`.`reported`,`e`.`add_time`,CONVERT(IF(b.user_id = 1,'1','0'),UNSIGNED) 'bought' FROM `wk_entrance` `e` LEFT JOIN `wk_buy` `b` ON `b`.`entrance_id`=`e`.`id` WHERE  `e`.`qrcode_id` = '7208' [ RunTime:0.094439s ]
[2022-12-10T22:22:18+08:00][sql] SELECT `e`.`id`,`e`.`avatar`,`e`.`name`,`e`.`members`,`e`.`qr`,0 price,`e`.`expire_date`,`e`.`joinable`,`e`.`status`,`e`.`reported`,`e`.`add_time`,CONVERT(IF(b.user_id = 1,'1','0'),UNSIGNED) 'bought' FROM `wk_entrance` `e` LEFT JOIN `wk_buy` `b` ON `b`.`entrance_id`=`e`.`id` WHERE  `e`.`qrcode_id` = '7207' [ RunTime:0.099163s ]
[2022-12-10T22:22:18+08:00][sql] SELECT `e`.`id`,`e`.`avatar`,`e`.`name`,`e`.`members`,`e`.`qr`,0 price,`e`.`expire_date`,`e`.`joinable`,`e`.`status`,`e`.`reported`,`e`.`add_time`,CONVERT(IF(b.user_id = 1,'1','0'),UNSIGNED) 'bought' FROM `wk_entrance` `e` LEFT JOIN `wk_buy` `b` ON `b`.`entrance_id`=`e`.`id` WHERE  `e`.`qrcode_id` = '7206' [ RunTime:0.098511s ]
[2022-12-10T22:22:18+08:00][sql] SELECT `e`.`id`,`e`.`avatar`,`e`.`name`,`e`.`members`,`e`.`qr`,0 price,`e`.`expire_date`,`e`.`joinable`,`e`.`status`,`e`.`reported`,`e`.`add_time`,CONVERT(IF(b.user_id = 1,'1','0'),UNSIGNED) 'bought' FROM `wk_entrance` `e` LEFT JOIN `wk_buy` `b` ON `b`.`entrance_id`=`e`.`id` WHERE  `e`.`qrcode_id` = '7205' [ RunTime:0.098152s ]
[2022-12-10T22:22:18+08:00][sql] SELECT `e`.`id`,`e`.`avatar`,`e`.`name`,`e`.`members`,`e`.`qr`,0 price,`e`.`expire_date`,`e`.`joinable`,`e`.`status`,`e`.`reported`,`e`.`add_time`,CONVERT(IF(b.user_id = 1,'1','0'),UNSIGNED) 'bought' FROM `wk_entrance` `e` LEFT JOIN `wk_buy` `b` ON `b`.`entrance_id`=`e`.`id` WHERE  `e`.`qrcode_id` = '7204' [ RunTime:0.094509s ]
[2022-12-10T22:22:18+08:00][sql] SELECT `e`.`id`,`e`.`avatar`,`e`.`name`,`e`.`members`,`e`.`qr`,0 price,`e`.`expire_date`,`e`.`joinable`,`e`.`status`,`e`.`reported`,`e`.`add_time`,CONVERT(IF(b.user_id = 1,'1','0'),UNSIGNED) 'bought' FROM `wk_entrance` `e` LEFT JOIN `wk_buy` `b` ON `b`.`entrance_id`=`e`.`id` WHERE  `e`.`qrcode_id` = '7203' [ RunTime:0.095233s ]
[2022-12-10T22:26:59+08:00][sql] CONNECT:[ UseTime:1.333690s ] mysql:host=88.218.194.8;port=3306;dbname=webQrcode;charset=utf8mb4
[2022-12-10T22:26:59+08:00][sql] SHOW FULL COLUMNS FROM `wk_user` [ RunTime:0.809379s ]
[2022-12-10T22:26:59+08:00][sql] SELECT `id` FROM `wk_user` WHERE  `id` = 1  AND `relogin` = 0 LIMIT 1 [ RunTime:0.911844s ]
[2022-12-10T22:26:59+08:00][sql] SHOW FULL COLUMNS FROM `wk_tag` [ RunTime:6.269372s ]
[2022-12-10T22:26:59+08:00][sql] SELECT `id`,`name` FROM `wk_tag` ORDER BY `id` [ RunTime:0.809025s ]
[2022-12-10T22:27:05+08:00][sql] CONNECT:[ UseTime:0.238289s ] mysql:host=88.218.194.8;port=3306;dbname=webQrcode;charset=utf8mb4
[2022-12-10T22:27:05+08:00][sql] SHOW FULL COLUMNS FROM `wk_user` [ RunTime:0.460046s ]
[2022-12-10T22:27:05+08:00][sql] SELECT `id` FROM `wk_user` WHERE  `id` = 1  AND `relogin` = 0 LIMIT 1 [ RunTime:0.797716s ]
[2022-12-10T22:27:05+08:00][sql] SHOW FULL COLUMNS FROM `wk_tag` [ RunTime:0.510852s ]
[2022-12-10T22:27:05+08:00][sql] SELECT `id`,`name` FROM `wk_tag` ORDER BY `id` [ RunTime:0.803181s ]
[2022-12-10T22:27:05+08:00][sql] CONNECT:[ UseTime:10.335022s ] mysql:host=88.218.194.8;port=3306;dbname=webQrcode;charset=utf8mb4
[2022-12-10T22:27:05+08:00][sql] SHOW FULL COLUMNS FROM `wk_user` [ RunTime:0.196753s ]
[2022-12-10T22:27:05+08:00][sql] SELECT `id` FROM `wk_user` WHERE  `id` = 1  AND `relogin` = 0 LIMIT 1 [ RunTime:1.392135s ]
[2022-12-10T22:27:05+08:00][sql] SELECT `id`,`username`,`balance`,`score` FROM `wk_user` WHERE  `id` = 1 LIMIT 1 [ RunTime:3.825371s ]
[2022-12-10T22:27:21+08:00][error] [10501]SQLSTATE[HY000] [2006] MySQL server has gone away[F:\Lucy_v1.6.8\data\code\WEB\webQrcode\webQrcode1.3\thinkphp\vendor\topthink\think-orm\src\db\PDOConnection.php:797]
[2022-12-10T22:28:17+08:00][sql] CONNECT:[ UseTime:6.284716s ] mysql:host=88.218.194.8;port=3306;dbname=webQrcode;charset=utf8mb4
[2022-12-10T22:28:17+08:00][sql] SHOW FULL COLUMNS FROM `wk_user` [ RunTime:0.194103s ]
[2022-12-10T22:28:17+08:00][sql] SELECT `id` FROM `wk_user` WHERE  `id` = 1  AND `relogin` = 0 LIMIT 1 [ RunTime:0.153295s ]
[2022-12-10T22:28:17+08:00][sql] SHOW FULL COLUMNS FROM `wk_qrcode_ref` [ RunTime:0.204765s ]
[2022-12-10T22:28:17+08:00][sql] SELECT COUNT(*) AS think_count FROM ( SELECT ref.id,q.id qrcode_id,q.code,q.company,q.province,q.city,q.district,q.remark,q.status,q.sub_status,q.err_msg,GROUP_CONCAT(t.name) tags,q.add_time,count(*) AS think_count FROM `wk_qrcode_ref` `ref` LEFT JOIN `wk_qrcode` `q` ON `q`.`id`=`ref`.`qrcode_id` LEFT JOIN `wk_tag` `t` ON FIND_IN_SET(t.id,q.tags) WHERE  `ref`.`user_id` = '1' GROUP BY `ref`.`id` ORDER BY `ref`.`id` DESC ) `_group_count_` LIMIT 1 [ RunTime:0.869105s ]
[2022-12-10T22:28:17+08:00][sql] SHOW FULL COLUMNS FROM `wk_setting` [ RunTime:0.510711s ]
[2022-12-10T22:28:17+08:00][sql] SELECT `int_val` FROM `wk_setting` WHERE  `key` = 'qrcode_decode_price' LIMIT 1 [ RunTime:0.146951s ]
[2022-12-10T22:28:17+08:00][sql] SELECT ref.id,q.id qrcode_id,q.code,q.company,q.province,q.city,q.district,q.remark,q.status,q.sub_status,q.err_msg,GROUP_CONCAT(t.name) tags,q.add_time,count(*) AS think_count FROM `wk_qrcode_ref` `ref` LEFT JOIN `wk_qrcode` `q` ON `q`.`id`=`ref`.`qrcode_id` LEFT JOIN `wk_tag` `t` ON FIND_IN_SET(t.id,q.tags) WHERE  `ref`.`user_id` = '1' GROUP BY `ref`.`id` ORDER BY `ref`.`id` DESC LIMIT 0,20 [ RunTime:0.971393s ]
[2022-12-10T22:28:17+08:00][sql] SHOW FULL COLUMNS FROM `wk_entrance` [ RunTime:0.192402s ]
[2022-12-10T22:28:17+08:00][sql] SELECT `e`.`id`,`e`.`avatar`,`e`.`name`,`e`.`members`,`e`.`qr`,0 price,`e`.`expire_date`,`e`.`joinable`,`e`.`status`,`e`.`reported`,`e`.`add_time`,CONVERT(IF(b.user_id = 1,'1','0'),UNSIGNED) 'bought' FROM `wk_entrance` `e` LEFT JOIN `wk_buy` `b` ON `b`.`entrance_id`=`e`.`id` WHERE  `e`.`qrcode_id` = '7222' [ RunTime:2.900566s ]
[2022-12-10T22:28:17+08:00][sql] SELECT `e`.`id`,`e`.`avatar`,`e`.`name`,`e`.`members`,`e`.`qr`,0 price,`e`.`expire_date`,`e`.`joinable`,`e`.`status`,`e`.`reported`,`e`.`add_time`,CONVERT(IF(b.user_id = 1,'1','0'),UNSIGNED) 'bought' FROM `wk_entrance` `e` LEFT JOIN `wk_buy` `b` ON `b`.`entrance_id`=`e`.`id` WHERE  `e`.`qrcode_id` = '7221' [ RunTime:0.179049s ]
[2022-12-10T22:28:17+08:00][error] [10501]SQLSTATE[HY000]: General error: 2006 MySQL server has gone away[F:\Lucy_v1.6.8\data\code\WEB\webQrcode\webQrcode1.3\thinkphp\vendor\topthink\think-orm\src\db\PDOConnection.php:797]
