[2022-12-11T17:43:22+08:00][sql] CONNECT:[ UseTime:0.137059s ] mysql:host=88.218.194.8;port=3306;dbname=webQrcode;charset=utf8mb4
[2022-12-11T17:43:22+08:00][sql] SHOW FULL COLUMNS FROM `wk_user` [ RunTime:0.094461s ]
[2022-12-11T17:43:22+08:00][sql] SELECT `id`,`username`,`name`,`enable` FROM `wk_user` WHERE  `username` = 'zhizun'  AND `password` = '18654b2cd47d004109ca5ee404e002a3' LIMIT 1 [ RunTime:0.091268s ]
[2022-12-11T17:43:22+08:00][sql] UPDATE `wk_user`  SET `relogin` = 0  WHERE  `id` = 1 [ RunTime:0.092137s ]
[2022-12-11T17:43:25+08:00][sql] CONNECT:[ UseTime:0.138872s ] mysql:host=88.218.194.8;port=3306;dbname=webQrcode;charset=utf8mb4
[2022-12-11T17:43:25+08:00][sql] SHOW FULL COLUMNS FROM `wk_user` [ RunTime:0.098900s ]
[2022-12-11T17:43:25+08:00][sql] SELECT `id` FROM `wk_user` WHERE  `id` = 1  AND `relogin` = 0 LIMIT 1 [ RunTime:0.093944s ]
[2022-12-11T17:43:25+08:00][sql] SELECT `id`,`username`,`balance`,`score` FROM `wk_user` WHERE  `id` = 1 LIMIT 1 [ RunTime:0.094467s ]
[2022-12-11T17:43:25+08:00][sql] CONNECT:[ UseTime:0.134108s ] mysql:host=88.218.194.8;port=3306;dbname=webQrcode;charset=utf8mb4
[2022-12-11T17:43:25+08:00][sql] SHOW FULL COLUMNS FROM `wk_user` [ RunTime:0.097398s ]
[2022-12-11T17:43:25+08:00][sql] SELECT `id` FROM `wk_user` WHERE  `id` = 1  AND `relogin` = 0 LIMIT 1 [ RunTime:0.090914s ]
[2022-12-11T17:43:25+08:00][sql] SHOW FULL COLUMNS FROM `wk_tag` [ RunTime:0.095169s ]
[2022-12-11T17:43:25+08:00][sql] SELECT `id`,`name` FROM `wk_tag` ORDER BY `id` [ RunTime:0.089589s ]
[2022-12-11T17:43:28+08:00][sql] CONNECT:[ UseTime:0.128740s ] mysql:host=88.218.194.8;port=3306;dbname=webQrcode;charset=utf8mb4
[2022-12-11T17:43:28+08:00][sql] SHOW FULL COLUMNS FROM `wk_user` [ RunTime:0.092926s ]
[2022-12-11T17:43:28+08:00][sql] SELECT `id` FROM `wk_user` WHERE  `id` = 1  AND `relogin` = 0 LIMIT 1 [ RunTime:0.086163s ]
[2022-12-11T17:43:28+08:00][sql] SHOW FULL COLUMNS FROM `wk_tag` [ RunTime:0.090976s ]
[2022-12-11T17:43:28+08:00][sql] SELECT `id`,`name` FROM `wk_tag` ORDER BY `id` [ RunTime:0.085715s ]
[2022-12-11T17:43:28+08:00][sql] CONNECT:[ UseTime:0.142622s ] mysql:host=88.218.194.8;port=3306;dbname=webQrcode;charset=utf8mb4
[2022-12-11T17:43:28+08:00][sql] SHOW FULL COLUMNS FROM `wk_user` [ RunTime:0.099563s ]
[2022-12-11T17:43:28+08:00][sql] SELECT `id` FROM `wk_user` WHERE  `id` = 1  AND `relogin` = 0 LIMIT 1 [ RunTime:0.093711s ]
[2022-12-11T17:43:28+08:00][sql] SHOW FULL COLUMNS FROM `wk_qrcode_ref` [ RunTime:0.100137s ]
[2022-12-11T17:43:28+08:00][sql] SELECT COUNT(*) AS think_count FROM ( SELECT ref.id,q.id qrcode_id,q.code,q.company,q.province,q.city,q.district,q.remark,q.status,q.sub_status,q.err_msg,GROUP_CONCAT(t.name) tags,q.add_time,count(*) AS think_count FROM `wk_qrcode_ref` `ref` LEFT JOIN `wk_qrcode` `q` ON `q`.`id`=`ref`.`qrcode_id` LEFT JOIN `wk_tag` `t` ON FIND_IN_SET(t.id,q.tags) WHERE  `ref`.`user_id` = '1' GROUP BY `ref`.`id` ORDER BY `ref`.`id` DESC ) `_group_count_` LIMIT 1 [ RunTime:0.267297s ]
[2022-12-11T17:43:28+08:00][sql] SHOW FULL COLUMNS FROM `wk_setting` [ RunTime:0.098373s ]
[2022-12-11T17:43:28+08:00][sql] SELECT `int_val` FROM `wk_setting` WHERE  `key` = 'qrcode_decode_price' LIMIT 1 [ RunTime:0.092766s ]
[2022-12-11T17:43:28+08:00][sql] SELECT ref.id,q.id qrcode_id,q.code,q.company,q.province,q.city,q.district,q.remark,q.status,q.sub_status,q.err_msg,GROUP_CONCAT(t.name) tags,q.add_time,count(*) AS think_count FROM `wk_qrcode_ref` `ref` LEFT JOIN `wk_qrcode` `q` ON `q`.`id`=`ref`.`qrcode_id` LEFT JOIN `wk_tag` `t` ON FIND_IN_SET(t.id,q.tags) WHERE  `ref`.`user_id` = '1' GROUP BY `ref`.`id` ORDER BY `ref`.`id` DESC LIMIT 0,20 [ RunTime:0.228382s ]
[2022-12-11T17:43:28+08:00][sql] SHOW FULL COLUMNS FROM `wk_entrance` [ RunTime:0.099219s ]
[2022-12-11T17:43:28+08:00][sql] SELECT `e`.`id`,`e`.`avatar`,`e`.`name`,`e`.`members`,`e`.`qr`,0 price,`e`.`expire_date`,`e`.`joinable`,`e`.`status`,`e`.`reported`,`e`.`add_time`,CONVERT(IF(b.user_id = 1,'1','0'),UNSIGNED) 'bought' FROM `wk_entrance` `e` LEFT JOIN `wk_buy` `b` ON `b`.`entrance_id`=`e`.`id` WHERE  `e`.`qrcode_id` = '7222' [ RunTime:0.093506s ]
[2022-12-11T17:43:28+08:00][sql] SELECT `e`.`id`,`e`.`avatar`,`e`.`name`,`e`.`members`,`e`.`qr`,0 price,`e`.`expire_date`,`e`.`joinable`,`e`.`status`,`e`.`reported`,`e`.`add_time`,CONVERT(IF(b.user_id = 1,'1','0'),UNSIGNED) 'bought' FROM `wk_entrance` `e` LEFT JOIN `wk_buy` `b` ON `b`.`entrance_id`=`e`.`id` WHERE  `e`.`qrcode_id` = '7221' [ RunTime:0.093380s ]
[2022-12-11T17:43:28+08:00][sql] SELECT `e`.`id`,`e`.`avatar`,`e`.`name`,`e`.`members`,`e`.`qr`,0 price,`e`.`expire_date`,`e`.`joinable`,`e`.`status`,`e`.`reported`,`e`.`add_time`,CONVERT(IF(b.user_id = 1,'1','0'),UNSIGNED) 'bought' FROM `wk_entrance` `e` LEFT JOIN `wk_buy` `b` ON `b`.`entrance_id`=`e`.`id` WHERE  `e`.`qrcode_id` = '7220' [ RunTime:0.093462s ]
[2022-12-11T17:43:28+08:00][sql] SELECT `e`.`id`,`e`.`avatar`,`e`.`name`,`e`.`members`,`e`.`qr`,0 price,`e`.`expire_date`,`e`.`joinable`,`e`.`status`,`e`.`reported`,`e`.`add_time`,CONVERT(IF(b.user_id = 1,'1','0'),UNSIGNED) 'bought' FROM `wk_entrance` `e` LEFT JOIN `wk_buy` `b` ON `b`.`entrance_id`=`e`.`id` WHERE  `e`.`qrcode_id` = '7219' [ RunTime:0.093286s ]
[2022-12-11T17:43:28+08:00][sql] SELECT `e`.`id`,`e`.`avatar`,`e`.`name`,`e`.`members`,`e`.`qr`,0 price,`e`.`expire_date`,`e`.`joinable`,`e`.`status`,`e`.`reported`,`e`.`add_time`,CONVERT(IF(b.user_id = 1,'1','0'),UNSIGNED) 'bought' FROM `wk_entrance` `e` LEFT JOIN `wk_buy` `b` ON `b`.`entrance_id`=`e`.`id` WHERE  `e`.`qrcode_id` = '7218' [ RunTime:0.093406s ]
[2022-12-11T17:43:28+08:00][sql] SELECT `e`.`id`,`e`.`avatar`,`e`.`name`,`e`.`members`,`e`.`qr`,0 price,`e`.`expire_date`,`e`.`joinable`,`e`.`status`,`e`.`reported`,`e`.`add_time`,CONVERT(IF(b.user_id = 1,'1','0'),UNSIGNED) 'bought' FROM `wk_entrance` `e` LEFT JOIN `wk_buy` `b` ON `b`.`entrance_id`=`e`.`id` WHERE  `e`.`qrcode_id` = '7217' [ RunTime:0.094947s ]
[2022-12-11T17:43:28+08:00][sql] SELECT `e`.`id`,`e`.`avatar`,`e`.`name`,`e`.`members`,`e`.`qr`,0 price,`e`.`expire_date`,`e`.`joinable`,`e`.`status`,`e`.`reported`,`e`.`add_time`,CONVERT(IF(b.user_id = 1,'1','0'),UNSIGNED) 'bought' FROM `wk_entrance` `e` LEFT JOIN `wk_buy` `b` ON `b`.`entrance_id`=`e`.`id` WHERE  `e`.`qrcode_id` = '7216' [ RunTime:0.092788s ]
[2022-12-11T17:43:28+08:00][sql] SELECT `e`.`id`,`e`.`avatar`,`e`.`name`,`e`.`members`,`e`.`qr`,0 price,`e`.`expire_date`,`e`.`joinable`,`e`.`status`,`e`.`reported`,`e`.`add_time`,CONVERT(IF(b.user_id = 1,'1','0'),UNSIGNED) 'bought' FROM `wk_entrance` `e` LEFT JOIN `wk_buy` `b` ON `b`.`entrance_id`=`e`.`id` WHERE  `e`.`qrcode_id` = '7215' [ RunTime:0.092300s ]
[2022-12-11T17:43:28+08:00][sql] SELECT `e`.`id`,`e`.`avatar`,`e`.`name`,`e`.`members`,`e`.`qr`,0 price,`e`.`expire_date`,`e`.`joinable`,`e`.`status`,`e`.`reported`,`e`.`add_time`,CONVERT(IF(b.user_id = 1,'1','0'),UNSIGNED) 'bought' FROM `wk_entrance` `e` LEFT JOIN `wk_buy` `b` ON `b`.`entrance_id`=`e`.`id` WHERE  `e`.`qrcode_id` = '7214' [ RunTime:0.092745s ]
[2022-12-11T17:43:28+08:00][sql] SELECT `e`.`id`,`e`.`avatar`,`e`.`name`,`e`.`members`,`e`.`qr`,0 price,`e`.`expire_date`,`e`.`joinable`,`e`.`status`,`e`.`reported`,`e`.`add_time`,CONVERT(IF(b.user_id = 1,'1','0'),UNSIGNED) 'bought' FROM `wk_entrance` `e` LEFT JOIN `wk_buy` `b` ON `b`.`entrance_id`=`e`.`id` WHERE  `e`.`qrcode_id` = '7213' [ RunTime:0.092437s ]
[2022-12-11T17:43:28+08:00][sql] SELECT `e`.`id`,`e`.`avatar`,`e`.`name`,`e`.`members`,`e`.`qr`,0 price,`e`.`expire_date`,`e`.`joinable`,`e`.`status`,`e`.`reported`,`e`.`add_time`,CONVERT(IF(b.user_id = 1,'1','0'),UNSIGNED) 'bought' FROM `wk_entrance` `e` LEFT JOIN `wk_buy` `b` ON `b`.`entrance_id`=`e`.`id` WHERE  `e`.`qrcode_id` = '7212' [ RunTime:0.092351s ]
[2022-12-11T17:43:28+08:00][sql] SELECT `e`.`id`,`e`.`avatar`,`e`.`name`,`e`.`members`,`e`.`qr`,0 price,`e`.`expire_date`,`e`.`joinable`,`e`.`status`,`e`.`reported`,`e`.`add_time`,CONVERT(IF(b.user_id = 1,'1','0'),UNSIGNED) 'bought' FROM `wk_entrance` `e` LEFT JOIN `wk_buy` `b` ON `b`.`entrance_id`=`e`.`id` WHERE  `e`.`qrcode_id` = '7211' [ RunTime:0.093256s ]
[2022-12-11T17:43:28+08:00][sql] SELECT `e`.`id`,`e`.`avatar`,`e`.`name`,`e`.`members`,`e`.`qr`,0 price,`e`.`expire_date`,`e`.`joinable`,`e`.`status`,`e`.`reported`,`e`.`add_time`,CONVERT(IF(b.user_id = 1,'1','0'),UNSIGNED) 'bought' FROM `wk_entrance` `e` LEFT JOIN `wk_buy` `b` ON `b`.`entrance_id`=`e`.`id` WHERE  `e`.`qrcode_id` = '7210' [ RunTime:0.092580s ]
[2022-12-11T17:43:28+08:00][sql] SELECT `e`.`id`,`e`.`avatar`,`e`.`name`,`e`.`members`,`e`.`qr`,0 price,`e`.`expire_date`,`e`.`joinable`,`e`.`status`,`e`.`reported`,`e`.`add_time`,CONVERT(IF(b.user_id = 1,'1','0'),UNSIGNED) 'bought' FROM `wk_entrance` `e` LEFT JOIN `wk_buy` `b` ON `b`.`entrance_id`=`e`.`id` WHERE  `e`.`qrcode_id` = '7209' [ RunTime:0.092738s ]
[2022-12-11T17:43:28+08:00][sql] SELECT `e`.`id`,`e`.`avatar`,`e`.`name`,`e`.`members`,`e`.`qr`,0 price,`e`.`expire_date`,`e`.`joinable`,`e`.`status`,`e`.`reported`,`e`.`add_time`,CONVERT(IF(b.user_id = 1,'1','0'),UNSIGNED) 'bought' FROM `wk_entrance` `e` LEFT JOIN `wk_buy` `b` ON `b`.`entrance_id`=`e`.`id` WHERE  `e`.`qrcode_id` = '7208' [ RunTime:0.092412s ]
[2022-12-11T17:43:28+08:00][sql] SELECT `e`.`id`,`e`.`avatar`,`e`.`name`,`e`.`members`,`e`.`qr`,0 price,`e`.`expire_date`,`e`.`joinable`,`e`.`status`,`e`.`reported`,`e`.`add_time`,CONVERT(IF(b.user_id = 1,'1','0'),UNSIGNED) 'bought' FROM `wk_entrance` `e` LEFT JOIN `wk_buy` `b` ON `b`.`entrance_id`=`e`.`id` WHERE  `e`.`qrcode_id` = '7207' [ RunTime:0.093996s ]
[2022-12-11T17:43:28+08:00][sql] SELECT `e`.`id`,`e`.`avatar`,`e`.`name`,`e`.`members`,`e`.`qr`,0 price,`e`.`expire_date`,`e`.`joinable`,`e`.`status`,`e`.`reported`,`e`.`add_time`,CONVERT(IF(b.user_id = 1,'1','0'),UNSIGNED) 'bought' FROM `wk_entrance` `e` LEFT JOIN `wk_buy` `b` ON `b`.`entrance_id`=`e`.`id` WHERE  `e`.`qrcode_id` = '7206' [ RunTime:0.092561s ]
[2022-12-11T17:43:28+08:00][sql] SELECT `e`.`id`,`e`.`avatar`,`e`.`name`,`e`.`members`,`e`.`qr`,0 price,`e`.`expire_date`,`e`.`joinable`,`e`.`status`,`e`.`reported`,`e`.`add_time`,CONVERT(IF(b.user_id = 1,'1','0'),UNSIGNED) 'bought' FROM `wk_entrance` `e` LEFT JOIN `wk_buy` `b` ON `b`.`entrance_id`=`e`.`id` WHERE  `e`.`qrcode_id` = '7205' [ RunTime:0.093343s ]
[2022-12-11T17:43:28+08:00][sql] SELECT `e`.`id`,`e`.`avatar`,`e`.`name`,`e`.`members`,`e`.`qr`,0 price,`e`.`expire_date`,`e`.`joinable`,`e`.`status`,`e`.`reported`,`e`.`add_time`,CONVERT(IF(b.user_id = 1,'1','0'),UNSIGNED) 'bought' FROM `wk_entrance` `e` LEFT JOIN `wk_buy` `b` ON `b`.`entrance_id`=`e`.`id` WHERE  `e`.`qrcode_id` = '7204' [ RunTime:0.092206s ]
[2022-12-11T17:43:28+08:00][sql] SELECT `e`.`id`,`e`.`avatar`,`e`.`name`,`e`.`members`,`e`.`qr`,0 price,`e`.`expire_date`,`e`.`joinable`,`e`.`status`,`e`.`reported`,`e`.`add_time`,CONVERT(IF(b.user_id = 1,'1','0'),UNSIGNED) 'bought' FROM `wk_entrance` `e` LEFT JOIN `wk_buy` `b` ON `b`.`entrance_id`=`e`.`id` WHERE  `e`.`qrcode_id` = '7203' [ RunTime:0.092231s ]
[2022-12-11T17:43:31+08:00][sql] CONNECT:[ UseTime:0.143424s ] mysql:host=88.218.194.8;port=3306;dbname=webQrcode;charset=utf8mb4
[2022-12-11T17:43:31+08:00][sql] SHOW FULL COLUMNS FROM `wk_user` [ RunTime:0.101232s ]
[2022-12-11T17:43:31+08:00][sql] SELECT `id` FROM `wk_user` WHERE  `id` = 1  AND `relogin` = 0 LIMIT 1 [ RunTime:0.096409s ]
[2022-12-11T17:43:31+08:00][sql] SHOW FULL COLUMNS FROM `wk_buy` [ RunTime:0.100861s ]
[2022-12-11T17:43:31+08:00][sql] SHOW FULL COLUMNS FROM `wk_entrance` [ RunTime:0.101039s ]
[2022-12-11T17:43:31+08:00][sql] SELECT COUNT(*) AS think_count FROM ( SELECT count(*) AS think_count FROM `wk_entrance` `e` LEFT JOIN ( SELECT `id`,`entrance_id`,`user_id`,`price` FROM `wk_buy` ) `b2` ON `b2`.`entrance_id`=`e`.`id` LEFT JOIN ( SELECT * FROM `wk_buy` ) `b1` ON `b1`.`entrance_id`=`e`.`id` LEFT JOIN `wk_tag` `t` ON FIND_IN_SET(t.id,e.tags) WHERE  `e`.`hide` = '0'  AND `e`.`expire_date` >= NOW()  AND NOT EXISTS ( SELECT `id` FROM `wk_buy` `b3` WHERE  ( `b3`.`entrance_id` = `e`.`id` )  AND `b3`.`user_id` = '1' )  AND `e`.`user_id` IN ('1','30','29') GROUP BY `e`.`id` ) `_group_count_` LIMIT 1 [ RunTime:0.660390s ]
[2022-12-11T17:43:31+08:00][sql] SHOW FULL COLUMNS FROM `wk_setting` [ RunTime:0.101064s ]
[2022-12-11T17:43:31+08:00][sql] SELECT `int_val` FROM `wk_setting` WHERE  `key` = 'entrance_status_0' LIMIT 1 [ RunTime:0.095604s ]
[2022-12-11T17:43:31+08:00][sql] SELECT `int_val` FROM `wk_setting` WHERE  `key` = 'entrance_work_joinable' LIMIT 1 [ RunTime:0.095871s ]
[2022-12-11T17:43:31+08:00][sql] SELECT `e`.`id`,`e`.`company`,`e`.`province`,`e`.`city`,`e`.`district`,`e`.`remark`,`e`.`avatar`,`e`.`name`,`e`.`members`,`e`.`status`,`e`.`expire_date`,`e`.`joinable`,`e`.`update_time`,`e`.`add_time`,GROUP_CONCAT(DISTINCT t.name) tags,GROUP_CONCAT(DISTINCT t.id) tags_id,`e`.`qr`,`e`.`im`,`e`.`im2`,`e`.`type` FROM `wk_entrance` `e` LEFT JOIN ( SELECT `id`,`entrance_id`,`user_id`,`price` FROM `wk_buy` ) `b2` ON `b2`.`entrance_id`=`e`.`id` LEFT JOIN ( SELECT * FROM `wk_buy` ) `b1` ON `b1`.`entrance_id`=`e`.`id` LEFT JOIN `wk_tag` `t` ON FIND_IN_SET(t.id,e.tags) WHERE  `e`.`hide` = '0'  AND `e`.`expire_date` >= NOW()  AND NOT EXISTS ( SELECT `id` FROM `wk_buy` `b3` WHERE  ( `b3`.`entrance_id` = `e`.`id` )  AND `b3`.`user_id` = '1' )  AND `e`.`user_id` IN ('1','30','29') GROUP BY `e`.`id` ORDER BY `e`.`update_time` DESC LIMIT 0,20 [ RunTime:1.193459s ]
[2022-12-11T17:43:31+08:00][sql] SHOW FULL COLUMNS FROM `wk_tag` [ RunTime:0.097971s ]
[2022-12-11T17:43:31+08:00][sql] SELECT MAX(`price`) AS think_max FROM `wk_tag` WHERE  `id` = 6 LIMIT 1 [ RunTime:0.095587s ]
[2022-12-11T17:43:31+08:00][sql] SELECT MAX(`price`) AS think_max FROM `wk_tag` WHERE  `id` = 6 LIMIT 1 [ RunTime:0.095922s ]
[2022-12-11T17:43:31+08:00][sql] SELECT MAX(`price`) AS think_max FROM `wk_tag` WHERE  `id` = 1 LIMIT 1 [ RunTime:0.096114s ]
[2022-12-11T17:43:31+08:00][sql] SELECT MAX(`price`) AS think_max FROM `wk_tag` WHERE  `id` = 6 LIMIT 1 [ RunTime:0.095464s ]
[2022-12-11T17:43:31+08:00][sql] SELECT MAX(`price`) AS think_max FROM `wk_tag` WHERE  `id` = 1 LIMIT 1 [ RunTime:0.095478s ]
[2022-12-11T17:43:31+08:00][sql] SELECT MAX(`price`) AS think_max FROM `wk_tag` WHERE  `id` = 6 LIMIT 1 [ RunTime:0.095997s ]
[2022-12-11T17:43:31+08:00][sql] SELECT MAX(`price`) AS think_max FROM `wk_tag` WHERE  `id` = 6 LIMIT 1 [ RunTime:0.095693s ]
[2022-12-11T17:43:31+08:00][sql] SELECT MAX(`price`) AS think_max FROM `wk_tag` WHERE  `id` = 6 LIMIT 1 [ RunTime:0.095876s ]
[2022-12-11T17:43:31+08:00][sql] SELECT MAX(`price`) AS think_max FROM `wk_tag` WHERE  `id` = 6 LIMIT 1 [ RunTime:0.095709s ]
[2022-12-11T17:43:31+08:00][sql] SELECT MAX(`price`) AS think_max FROM `wk_tag` WHERE  `id` = 1 LIMIT 1 [ RunTime:0.095385s ]
[2022-12-11T17:43:31+08:00][sql] SELECT MAX(`price`) AS think_max FROM `wk_tag` WHERE  `id` = 1 LIMIT 1 [ RunTime:0.096196s ]
[2022-12-11T17:43:31+08:00][sql] SELECT MAX(`price`) AS think_max FROM `wk_tag` WHERE  `id` = 6 LIMIT 1 [ RunTime:0.094394s ]
[2022-12-11T17:43:31+08:00][sql] SELECT MAX(`price`) AS think_max FROM `wk_tag` WHERE  `id` = 6 LIMIT 1 [ RunTime:0.094925s ]
[2022-12-11T17:43:31+08:00][sql] SELECT MAX(`price`) AS think_max FROM `wk_tag` WHERE  `id` = 1 LIMIT 1 [ RunTime:0.095169s ]
[2022-12-11T17:43:31+08:00][sql] SELECT MAX(`price`) AS think_max FROM `wk_tag` WHERE  `id` = 1 LIMIT 1 [ RunTime:0.094896s ]
[2022-12-11T17:43:31+08:00][sql] SELECT MAX(`price`) AS think_max FROM `wk_tag` WHERE  `id` = 6 LIMIT 1 [ RunTime:0.095478s ]
[2022-12-11T17:43:31+08:00][sql] SELECT MAX(`price`) AS think_max FROM `wk_tag` WHERE  `id` = 6 LIMIT 1 [ RunTime:0.095244s ]
[2022-12-11T17:43:31+08:00][sql] SELECT MAX(`price`) AS think_max FROM `wk_tag` WHERE  `id` = 6 LIMIT 1 [ RunTime:0.095166s ]
[2022-12-11T17:43:31+08:00][sql] SELECT MAX(`price`) AS think_max FROM `wk_tag` WHERE  `id` = 1 LIMIT 1 [ RunTime:0.096178s ]
[2022-12-11T17:43:31+08:00][sql] SELECT MAX(`price`) AS think_max FROM `wk_tag` WHERE  `id` = 6 LIMIT 1 [ RunTime:0.098248s ]
[2022-12-11T18:06:10+08:00][sql] CONNECT:[ UseTime:0.149939s ] mysql:host=88.218.194.8;port=3306;dbname=webQrcode;charset=utf8mb4
[2022-12-11T18:06:10+08:00][sql] SHOW FULL COLUMNS FROM `wk_user` [ RunTime:0.107637s ]
[2022-12-11T18:06:10+08:00][sql] SELECT `id` FROM `wk_user` WHERE  `id` = 1  AND `relogin` = 0 LIMIT 1 [ RunTime:0.099278s ]
[2022-12-11T18:06:10+08:00][sql] SHOW FULL COLUMNS FROM `wk_buy` [ RunTime:0.103618s ]
[2022-12-11T18:06:10+08:00][sql] SHOW FULL COLUMNS FROM `wk_entrance` [ RunTime:0.105778s ]
[2022-12-11T18:06:10+08:00][sql] SELECT COUNT(*) AS think_count FROM ( SELECT count(*) AS think_count FROM `wk_entrance` `e` LEFT JOIN ( SELECT `id`,`entrance_id`,`user_id`,`price` FROM `wk_buy` ) `b2` ON `b2`.`entrance_id`=`e`.`id` LEFT JOIN ( SELECT * FROM `wk_buy` ) `b1` ON `b1`.`entrance_id`=`e`.`id` LEFT JOIN `wk_tag` `t` ON FIND_IN_SET(t.id,e.tags) WHERE  `e`.`hide` = '0'  AND `e`.`expire_date` >= NOW()  AND NOT EXISTS ( SELECT `id` FROM `wk_buy` `b3` WHERE  ( `b3`.`entrance_id` = `e`.`id` )  AND `b3`.`user_id` = '1' )  AND `e`.`user_id` IN ('1','30','29') GROUP BY `e`.`id` ) `_group_count_` LIMIT 1 [ RunTime:0.647398s ]
[2022-12-11T18:06:10+08:00][sql] SHOW FULL COLUMNS FROM `wk_setting` [ RunTime:0.103758s ]
[2022-12-11T18:06:10+08:00][sql] SELECT `int_val` FROM `wk_setting` WHERE  `key` = 'entrance_status_0' LIMIT 1 [ RunTime:0.099644s ]
[2022-12-11T18:06:10+08:00][sql] SELECT `int_val` FROM `wk_setting` WHERE  `key` = 'entrance_work_joinable' LIMIT 1 [ RunTime:0.100054s ]
[2022-12-11T18:06:10+08:00][sql] SELECT `e`.`id`,`e`.`company`,`e`.`province`,`e`.`city`,`e`.`district`,`e`.`remark`,`e`.`avatar`,`e`.`name`,`e`.`members`,`e`.`status`,`e`.`expire_date`,`e`.`joinable`,`e`.`update_time`,`e`.`add_time`,GROUP_CONCAT(DISTINCT t.name) tags,GROUP_CONCAT(DISTINCT t.id) tags_id,`e`.`qr`,`e`.`im`,`e`.`im2`,`e`.`type` FROM `wk_entrance` `e` LEFT JOIN ( SELECT `id`,`entrance_id`,`user_id`,`price` FROM `wk_buy` ) `b2` ON `b2`.`entrance_id`=`e`.`id` LEFT JOIN ( SELECT * FROM `wk_buy` ) `b1` ON `b1`.`entrance_id`=`e`.`id` LEFT JOIN `wk_tag` `t` ON FIND_IN_SET(t.id,e.tags) WHERE  `e`.`hide` = '0'  AND `e`.`expire_date` >= NOW()  AND NOT EXISTS ( SELECT `id` FROM `wk_buy` `b3` WHERE  ( `b3`.`entrance_id` = `e`.`id` )  AND `b3`.`user_id` = '1' )  AND `e`.`user_id` IN ('1','30','29') GROUP BY `e`.`id` ORDER BY `e`.`update_time` DESC LIMIT 0,20 [ RunTime:1.204542s ]
[2022-12-11T18:06:10+08:00][sql] SHOW FULL COLUMNS FROM `wk_tag` [ RunTime:0.104859s ]
[2022-12-11T18:06:10+08:00][sql] SELECT MAX(`price`) AS think_max FROM `wk_tag` WHERE  `id` = 1 LIMIT 1 [ RunTime:0.099102s ]
[2022-12-11T18:06:10+08:00][sql] SELECT MAX(`price`) AS think_max FROM `wk_tag` WHERE  `id` = 1 LIMIT 1 [ RunTime:0.099274s ]
[2022-12-11T18:06:10+08:00][sql] SELECT MAX(`price`) AS think_max FROM `wk_tag` WHERE  `id` = 1 LIMIT 1 [ RunTime:0.099471s ]
[2022-12-11T18:06:10+08:00][sql] SELECT MAX(`price`) AS think_max FROM `wk_tag` WHERE  `id` = 1 LIMIT 1 [ RunTime:0.099614s ]
[2022-12-11T18:06:10+08:00][sql] SELECT MAX(`price`) AS think_max FROM `wk_tag` WHERE  `id` = 1 LIMIT 1 [ RunTime:0.099223s ]
[2022-12-11T18:06:10+08:00][sql] SELECT MAX(`price`) AS think_max FROM `wk_tag` WHERE  `id` = 1 LIMIT 1 [ RunTime:0.100111s ]
[2022-12-11T18:06:10+08:00][sql] SELECT MAX(`price`) AS think_max FROM `wk_tag` WHERE  `id` = 1 LIMIT 1 [ RunTime:0.099686s ]
[2022-12-11T18:06:10+08:00][sql] SELECT MAX(`price`) AS think_max FROM `wk_tag` WHERE  `id` = 1 LIMIT 1 [ RunTime:0.099711s ]
[2022-12-11T18:06:10+08:00][sql] SELECT MAX(`price`) AS think_max FROM `wk_tag` WHERE  `id` = 1 LIMIT 1 [ RunTime:0.099829s ]
[2022-12-11T18:06:10+08:00][sql] SELECT MAX(`price`) AS think_max FROM `wk_tag` WHERE  `id` = 1 LIMIT 1 [ RunTime:0.099591s ]
[2022-12-11T18:06:10+08:00][sql] SELECT MAX(`price`) AS think_max FROM `wk_tag` WHERE  `id` = 1 LIMIT 1 [ RunTime:0.099644s ]
[2022-12-11T18:06:10+08:00][sql] SELECT MAX(`price`) AS think_max FROM `wk_tag` WHERE  `id` = 1 LIMIT 1 [ RunTime:0.099520s ]
[2022-12-11T18:06:10+08:00][sql] SELECT MAX(`price`) AS think_max FROM `wk_tag` WHERE  `id` = 1 LIMIT 1 [ RunTime:0.099449s ]
[2022-12-11T18:06:10+08:00][sql] SELECT MAX(`price`) AS think_max FROM `wk_tag` WHERE  `id` = 1 LIMIT 1 [ RunTime:0.099477s ]
[2022-12-11T18:06:10+08:00][sql] SELECT MAX(`price`) AS think_max FROM `wk_tag` WHERE  `id` = 1 LIMIT 1 [ RunTime:0.098303s ]
[2022-12-11T18:06:10+08:00][sql] SELECT MAX(`price`) AS think_max FROM `wk_tag` WHERE  `id` = 1 LIMIT 1 [ RunTime:0.098846s ]
[2022-12-11T18:06:10+08:00][sql] SELECT MAX(`price`) AS think_max FROM `wk_tag` WHERE  `id` = 1 LIMIT 1 [ RunTime:0.098685s ]
[2022-12-11T18:06:10+08:00][sql] SELECT MAX(`price`) AS think_max FROM `wk_tag` WHERE  `id` = 1 LIMIT 1 [ RunTime:0.098652s ]
[2022-12-11T18:06:10+08:00][sql] SELECT MAX(`price`) AS think_max FROM `wk_tag` WHERE  `id` = 1 LIMIT 1 [ RunTime:0.099244s ]
[2022-12-11T18:06:10+08:00][sql] SELECT MAX(`price`) AS think_max FROM `wk_tag` WHERE  `id` = 1 LIMIT 1 [ RunTime:0.098963s ]
[2022-12-11T19:57:58+08:00][sql] CONNECT:[ UseTime:0.123390s ] mysql:host=88.218.194.8;port=3306;dbname=webQrcode;charset=utf8mb4
[2022-12-11T19:57:58+08:00][sql] SHOW FULL COLUMNS FROM `wk_user` [ RunTime:0.088487s ]
[2022-12-11T19:57:58+08:00][sql] SELECT `id` FROM `wk_user` WHERE  `id` = 1  AND `relogin` = 0 LIMIT 1 [ RunTime:0.082380s ]
[2022-12-11T19:57:58+08:00][sql] SHOW FULL COLUMNS FROM `wk_buy` [ RunTime:0.087631s ]
[2022-12-11T19:57:58+08:00][sql] SHOW FULL COLUMNS FROM `wk_entrance` [ RunTime:0.086749s ]
[2022-12-11T19:57:58+08:00][sql] SELECT COUNT(*) AS think_count FROM ( SELECT count(*) AS think_count FROM `wk_entrance` `e` LEFT JOIN ( SELECT `id`,`entrance_id`,`user_id`,`price` FROM `wk_buy` ) `b2` ON `b2`.`entrance_id`=`e`.`id` LEFT JOIN ( SELECT * FROM `wk_buy` ) `b1` ON `b1`.`entrance_id`=`e`.`id` LEFT JOIN `wk_tag` `t` ON FIND_IN_SET(t.id,e.tags) WHERE  `e`.`hide` = '0'  AND `e`.`expire_date` >= NOW()  AND NOT EXISTS ( SELECT `id` FROM `wk_buy` `b3` WHERE  ( `b3`.`entrance_id` = `e`.`id` )  AND `b3`.`user_id` = '1' )  AND `e`.`user_id` IN ('1','30','29') GROUP BY `e`.`id` ) `_group_count_` LIMIT 1 [ RunTime:0.607427s ]
[2022-12-11T19:57:58+08:00][sql] SHOW FULL COLUMNS FROM `wk_setting` [ RunTime:0.087342s ]
[2022-12-11T19:57:58+08:00][sql] SELECT `int_val` FROM `wk_setting` WHERE  `key` = 'entrance_status_0' LIMIT 1 [ RunTime:0.081524s ]
[2022-12-11T19:57:58+08:00][sql] SELECT `int_val` FROM `wk_setting` WHERE  `key` = 'entrance_work_joinable' LIMIT 1 [ RunTime:0.081859s ]
[2022-12-11T19:57:58+08:00][sql] SELECT `e`.`id`,`e`.`company`,`e`.`province`,`e`.`city`,`e`.`district`,`e`.`remark`,`e`.`avatar`,`e`.`name`,`e`.`members`,`e`.`status`,`e`.`expire_date`,`e`.`joinable`,`e`.`update_time`,`e`.`add_time`,GROUP_CONCAT(DISTINCT t.name) tags,GROUP_CONCAT(DISTINCT t.id) tags_id,`e`.`qr`,`e`.`im`,`e`.`im2`,`e`.`type` FROM `wk_entrance` `e` LEFT JOIN ( SELECT `id`,`entrance_id`,`user_id`,`price` FROM `wk_buy` ) `b2` ON `b2`.`entrance_id`=`e`.`id` LEFT JOIN ( SELECT * FROM `wk_buy` ) `b1` ON `b1`.`entrance_id`=`e`.`id` LEFT JOIN `wk_tag` `t` ON FIND_IN_SET(t.id,e.tags) WHERE  `e`.`hide` = '0'  AND `e`.`expire_date` >= NOW()  AND NOT EXISTS ( SELECT `id` FROM `wk_buy` `b3` WHERE  ( `b3`.`entrance_id` = `e`.`id` )  AND `b3`.`user_id` = '1' )  AND `e`.`user_id` IN ('1','30','29') GROUP BY `e`.`id` ORDER BY `e`.`update_time` DESC LIMIT 0,20 [ RunTime:1.070806s ]
[2022-12-11T19:57:58+08:00][sql] SHOW FULL COLUMNS FROM `wk_tag` [ RunTime:0.085682s ]
[2022-12-11T19:57:58+08:00][sql] SELECT MAX(`price`) AS think_max FROM `wk_tag` WHERE  `id` = 7 LIMIT 1 [ RunTime:0.082072s ]
[2022-12-11T19:57:58+08:00][sql] SELECT MAX(`price`) AS think_max FROM `wk_tag` WHERE  `id` = 7 LIMIT 1 [ RunTime:0.081861s ]
[2022-12-11T19:57:58+08:00][sql] SELECT MAX(`price`) AS think_max FROM `wk_tag` WHERE  `id` = 1 LIMIT 1 [ RunTime:0.081672s ]
[2022-12-11T19:57:58+08:00][sql] SELECT MAX(`price`) AS think_max FROM `wk_tag` WHERE  `id` = 1 LIMIT 1 [ RunTime:0.082090s ]
[2022-12-11T19:57:58+08:00][sql] SELECT MAX(`price`) AS think_max FROM `wk_tag` WHERE  `id` = 1 LIMIT 1 [ RunTime:0.081572s ]
[2022-12-11T19:57:58+08:00][sql] SELECT MAX(`price`) AS think_max FROM `wk_tag` WHERE  `id` = 1 LIMIT 1 [ RunTime:0.081351s ]
[2022-12-11T19:57:58+08:00][sql] SELECT MAX(`price`) AS think_max FROM `wk_tag` WHERE  `id` = 1 LIMIT 1 [ RunTime:0.082081s ]
[2022-12-11T19:57:58+08:00][sql] SELECT MAX(`price`) AS think_max FROM `wk_tag` WHERE  `id` = 1 LIMIT 1 [ RunTime:0.081693s ]
[2022-12-11T19:57:58+08:00][sql] SELECT MAX(`price`) AS think_max FROM `wk_tag` WHERE  `id` = 1 LIMIT 1 [ RunTime:0.081697s ]
[2022-12-11T19:57:58+08:00][sql] SELECT MAX(`price`) AS think_max FROM `wk_tag` WHERE  `id` = 1 LIMIT 1 [ RunTime:0.082134s ]
[2022-12-11T19:57:58+08:00][sql] SELECT MAX(`price`) AS think_max FROM `wk_tag` WHERE  `id` = 1 LIMIT 1 [ RunTime:0.081808s ]
[2022-12-11T19:57:58+08:00][sql] SELECT MAX(`price`) AS think_max FROM `wk_tag` WHERE  `id` = 1 LIMIT 1 [ RunTime:0.081740s ]
[2022-12-11T19:57:58+08:00][sql] SELECT MAX(`price`) AS think_max FROM `wk_tag` WHERE  `id` = 1 LIMIT 1 [ RunTime:0.081352s ]
[2022-12-11T19:57:58+08:00][sql] SELECT MAX(`price`) AS think_max FROM `wk_tag` WHERE  `id` = 1 LIMIT 1 [ RunTime:0.081498s ]
[2022-12-11T19:57:58+08:00][sql] SELECT MAX(`price`) AS think_max FROM `wk_tag` WHERE  `id` = 1 LIMIT 1 [ RunTime:0.081379s ]
[2022-12-11T19:57:58+08:00][sql] SELECT MAX(`price`) AS think_max FROM `wk_tag` WHERE  `id` = 1 LIMIT 1 [ RunTime:0.081723s ]
[2022-12-11T19:57:58+08:00][sql] SELECT MAX(`price`) AS think_max FROM `wk_tag` WHERE  `id` = 1 LIMIT 1 [ RunTime:0.080926s ]
[2022-12-11T19:57:58+08:00][sql] SELECT MAX(`price`) AS think_max FROM `wk_tag` WHERE  `id` = 1 LIMIT 1 [ RunTime:0.081692s ]
[2022-12-11T19:57:58+08:00][sql] SELECT MAX(`price`) AS think_max FROM `wk_tag` WHERE  `id` = 1 LIMIT 1 [ RunTime:0.081839s ]
[2022-12-11T19:57:58+08:00][sql] SELECT MAX(`price`) AS think_max FROM `wk_tag` WHERE  `id` = 1 LIMIT 1 [ RunTime:0.081825s ]
[2022-12-11T19:58:01+08:00][sql] CONNECT:[ UseTime:0.135657s ] mysql:host=88.218.194.8;port=3306;dbname=webQrcode;charset=utf8mb4
[2022-12-11T19:58:01+08:00][sql] SHOW FULL COLUMNS FROM `wk_user` [ RunTime:0.096506s ]
[2022-12-11T19:58:01+08:00][sql] SELECT `id` FROM `wk_user` WHERE  `id` = 1  AND `relogin` = 0 LIMIT 1 [ RunTime:0.090610s ]
[2022-12-11T19:58:01+08:00][sql] SHOW FULL COLUMNS FROM `wk_buy` [ RunTime:0.096294s ]
[2022-12-11T19:58:01+08:00][sql] SHOW FULL COLUMNS FROM `wk_entrance` [ RunTime:0.094848s ]
[2022-12-11T19:58:01+08:00][sql] SELECT COUNT(*) AS think_count FROM ( SELECT count(*) AS think_count FROM `wk_entrance` `e` LEFT JOIN ( SELECT `id`,`entrance_id`,`user_id`,`price` FROM `wk_buy` ) `b2` ON `b2`.`entrance_id`=`e`.`id` LEFT JOIN ( SELECT * FROM `wk_buy` ) `b1` ON `b1`.`entrance_id`=`e`.`id` LEFT JOIN `wk_tag` `t` ON FIND_IN_SET(t.id,e.tags) WHERE  `e`.`hide` = '0'  AND `e`.`expire_date` >= NOW()  AND NOT EXISTS ( SELECT `id` FROM `wk_buy` `b3` WHERE  ( `b3`.`entrance_id` = `e`.`id` )  AND `b3`.`user_id` = '1' )  AND `e`.`user_id` IN ('1','30','29') GROUP BY `e`.`id` ) `_group_count_` LIMIT 1 [ RunTime:0.611991s ]
[2022-12-11T19:58:01+08:00][sql] SHOW FULL COLUMNS FROM `wk_setting` [ RunTime:0.094165s ]
[2022-12-11T19:58:01+08:00][sql] SELECT `int_val` FROM `wk_setting` WHERE  `key` = 'entrance_status_0' LIMIT 1 [ RunTime:0.090650s ]
[2022-12-11T19:58:01+08:00][sql] SELECT `int_val` FROM `wk_setting` WHERE  `key` = 'entrance_work_joinable' LIMIT 1 [ RunTime:0.090364s ]
[2022-12-11T19:58:01+08:00][sql] SELECT `e`.`id`,`e`.`company`,`e`.`province`,`e`.`city`,`e`.`district`,`e`.`remark`,`e`.`avatar`,`e`.`name`,`e`.`members`,`e`.`status`,`e`.`expire_date`,`e`.`joinable`,`e`.`update_time`,`e`.`add_time`,GROUP_CONCAT(DISTINCT t.name) tags,GROUP_CONCAT(DISTINCT t.id) tags_id,`e`.`qr`,`e`.`im`,`e`.`im2`,`e`.`type` FROM `wk_entrance` `e` LEFT JOIN ( SELECT `id`,`entrance_id`,`user_id`,`price` FROM `wk_buy` ) `b2` ON `b2`.`entrance_id`=`e`.`id` LEFT JOIN ( SELECT * FROM `wk_buy` ) `b1` ON `b1`.`entrance_id`=`e`.`id` LEFT JOIN `wk_tag` `t` ON FIND_IN_SET(t.id,e.tags) WHERE  `e`.`hide` = '0'  AND `e`.`expire_date` >= NOW()  AND NOT EXISTS ( SELECT `id` FROM `wk_buy` `b3` WHERE  ( `b3`.`entrance_id` = `e`.`id` )  AND `b3`.`user_id` = '1' )  AND `e`.`user_id` IN ('1','30','29') GROUP BY `e`.`id` ORDER BY `e`.`update_time` DESC LIMIT 0,20 [ RunTime:1.077724s ]
[2022-12-11T19:58:01+08:00][sql] SHOW FULL COLUMNS FROM `wk_tag` [ RunTime:0.094778s ]
[2022-12-11T19:58:01+08:00][sql] SELECT MAX(`price`) AS think_max FROM `wk_tag` WHERE  `id` = 7 LIMIT 1 [ RunTime:0.089961s ]
[2022-12-11T19:58:01+08:00][sql] SELECT MAX(`price`) AS think_max FROM `wk_tag` WHERE  `id` = 7 LIMIT 1 [ RunTime:0.090219s ]
[2022-12-11T19:58:01+08:00][sql] SELECT MAX(`price`) AS think_max FROM `wk_tag` WHERE  `id` = 1 LIMIT 1 [ RunTime:0.090758s ]
[2022-12-11T19:58:01+08:00][sql] SELECT MAX(`price`) AS think_max FROM `wk_tag` WHERE  `id` = 1 LIMIT 1 [ RunTime:0.089179s ]
[2022-12-11T19:58:01+08:00][sql] SELECT MAX(`price`) AS think_max FROM `wk_tag` WHERE  `id` = 1 LIMIT 1 [ RunTime:0.090264s ]
[2022-12-11T19:58:01+08:00][sql] SELECT MAX(`price`) AS think_max FROM `wk_tag` WHERE  `id` = 1 LIMIT 1 [ RunTime:0.090533s ]
[2022-12-11T19:58:01+08:00][sql] SELECT MAX(`price`) AS think_max FROM `wk_tag` WHERE  `id` = 1 LIMIT 1 [ RunTime:0.089984s ]
[2022-12-11T19:58:01+08:00][sql] SELECT MAX(`price`) AS think_max FROM `wk_tag` WHERE  `id` = 1 LIMIT 1 [ RunTime:0.090399s ]
[2022-12-11T19:58:01+08:00][sql] SELECT MAX(`price`) AS think_max FROM `wk_tag` WHERE  `id` = 1 LIMIT 1 [ RunTime:0.089796s ]
[2022-12-11T19:58:01+08:00][sql] SELECT MAX(`price`) AS think_max FROM `wk_tag` WHERE  `id` = 1 LIMIT 1 [ RunTime:0.094024s ]
[2022-12-11T19:58:01+08:00][sql] SELECT MAX(`price`) AS think_max FROM `wk_tag` WHERE  `id` = 1 LIMIT 1 [ RunTime:0.090553s ]
[2022-12-11T19:58:01+08:00][sql] SELECT MAX(`price`) AS think_max FROM `wk_tag` WHERE  `id` = 1 LIMIT 1 [ RunTime:0.091039s ]
[2022-12-11T19:58:01+08:00][sql] SELECT MAX(`price`) AS think_max FROM `wk_tag` WHERE  `id` = 1 LIMIT 1 [ RunTime:0.089264s ]
[2022-12-11T19:58:01+08:00][sql] SELECT MAX(`price`) AS think_max FROM `wk_tag` WHERE  `id` = 1 LIMIT 1 [ RunTime:0.090037s ]
[2022-12-11T19:58:01+08:00][sql] SELECT MAX(`price`) AS think_max FROM `wk_tag` WHERE  `id` = 1 LIMIT 1 [ RunTime:0.089814s ]
[2022-12-11T19:58:01+08:00][sql] SELECT MAX(`price`) AS think_max FROM `wk_tag` WHERE  `id` = 1 LIMIT 1 [ RunTime:0.089698s ]
[2022-12-11T19:58:01+08:00][sql] SELECT MAX(`price`) AS think_max FROM `wk_tag` WHERE  `id` = 1 LIMIT 1 [ RunTime:0.089888s ]
[2022-12-11T19:58:01+08:00][sql] SELECT MAX(`price`) AS think_max FROM `wk_tag` WHERE  `id` = 1 LIMIT 1 [ RunTime:0.090823s ]
[2022-12-11T19:58:01+08:00][sql] SELECT MAX(`price`) AS think_max FROM `wk_tag` WHERE  `id` = 1 LIMIT 1 [ RunTime:0.089802s ]
[2022-12-11T19:58:01+08:00][sql] SELECT MAX(`price`) AS think_max FROM `wk_tag` WHERE  `id` = 1 LIMIT 1 [ RunTime:0.090653s ]
[2022-12-11T20:03:28+08:00][sql] CONNECT:[ UseTime:0.131303s ] mysql:host=88.218.194.8;port=3306;dbname=webQrcode;charset=utf8mb4
[2022-12-11T20:03:28+08:00][sql] SHOW FULL COLUMNS FROM `wk_user` [ RunTime:0.095173s ]
[2022-12-11T20:03:28+08:00][sql] SELECT `id` FROM `wk_user` WHERE  `id` = 1  AND `relogin` = 0 LIMIT 1 [ RunTime:0.088486s ]
[2022-12-11T20:03:28+08:00][sql] SHOW FULL COLUMNS FROM `wk_buy` [ RunTime:0.092287s ]
[2022-12-11T20:03:28+08:00][sql] SHOW FULL COLUMNS FROM `wk_entrance` [ RunTime:0.091424s ]
[2022-12-11T20:03:28+08:00][sql] SELECT COUNT(*) AS think_count FROM ( SELECT count(*) AS think_count FROM `wk_entrance` `e` LEFT JOIN ( SELECT `id`,`entrance_id`,`user_id`,`price` FROM `wk_buy` ) `b2` ON `b2`.`entrance_id`=`e`.`id` LEFT JOIN ( SELECT * FROM `wk_buy` ) `b1` ON `b1`.`entrance_id`=`e`.`id` LEFT JOIN `wk_tag` `t` ON FIND_IN_SET(t.id,e.tags) WHERE  `e`.`hide` = '0'  AND `e`.`expire_date` >= NOW()  AND NOT EXISTS ( SELECT `id` FROM `wk_buy` `b3` WHERE  ( `b3`.`entrance_id` = `e`.`id` )  AND `b3`.`user_id` = '1' )  AND `e`.`user_id` IN ('1','30','29') GROUP BY `e`.`id` ) `_group_count_` LIMIT 1 [ RunTime:0.630845s ]
[2022-12-11T20:03:28+08:00][sql] SHOW FULL COLUMNS FROM `wk_setting` [ RunTime:0.092354s ]
[2022-12-11T20:03:28+08:00][sql] SELECT `int_val` FROM `wk_setting` WHERE  `key` = 'entrance_status_0' LIMIT 1 [ RunTime:0.087605s ]
[2022-12-11T20:03:28+08:00][sql] SELECT `int_val` FROM `wk_setting` WHERE  `key` = 'entrance_work_joinable' LIMIT 1 [ RunTime:0.089865s ]
[2022-12-11T20:03:28+08:00][sql] SELECT `e`.`id`,`e`.`company`,`e`.`province`,`e`.`city`,`e`.`district`,`e`.`remark`,`e`.`avatar`,`e`.`name`,`e`.`members`,`e`.`status`,`e`.`expire_date`,`e`.`joinable`,`e`.`update_time`,`e`.`add_time`,GROUP_CONCAT(DISTINCT t.name) tags,GROUP_CONCAT(DISTINCT t.id) tags_id,`e`.`qr`,`e`.`im`,`e`.`im2`,`e`.`type` FROM `wk_entrance` `e` LEFT JOIN ( SELECT `id`,`entrance_id`,`user_id`,`price` FROM `wk_buy` ) `b2` ON `b2`.`entrance_id`=`e`.`id` LEFT JOIN ( SELECT * FROM `wk_buy` ) `b1` ON `b1`.`entrance_id`=`e`.`id` LEFT JOIN `wk_tag` `t` ON FIND_IN_SET(t.id,e.tags) WHERE  `e`.`hide` = '0'  AND `e`.`expire_date` >= NOW()  AND NOT EXISTS ( SELECT `id` FROM `wk_buy` `b3` WHERE  ( `b3`.`entrance_id` = `e`.`id` )  AND `b3`.`user_id` = '1' )  AND `e`.`user_id` IN ('1','30','29') GROUP BY `e`.`id` ORDER BY `e`.`update_time` DESC LIMIT 0,20 [ RunTime:1.157298s ]
[2022-12-11T20:03:28+08:00][sql] SHOW FULL COLUMNS FROM `wk_tag` [ RunTime:0.092720s ]
[2022-12-11T20:03:28+08:00][sql] SELECT MAX(`price`) AS think_max FROM `wk_tag` WHERE  `id` = 7 LIMIT 1 [ RunTime:0.088200s ]
[2022-12-11T20:03:28+08:00][sql] SELECT MAX(`price`) AS think_max FROM `wk_tag` WHERE  `id` = 7 LIMIT 1 [ RunTime:0.088109s ]
[2022-12-11T20:03:28+08:00][sql] SELECT MAX(`price`) AS think_max FROM `wk_tag` WHERE  `id` = 1 LIMIT 1 [ RunTime:0.088605s ]
[2022-12-11T20:03:28+08:00][sql] SELECT MAX(`price`) AS think_max FROM `wk_tag` WHERE  `id` = 1 LIMIT 1 [ RunTime:0.088051s ]
[2022-12-11T20:03:28+08:00][sql] SELECT MAX(`price`) AS think_max FROM `wk_tag` WHERE  `id` = 1 LIMIT 1 [ RunTime:0.087844s ]
[2022-12-11T20:03:28+08:00][sql] SELECT MAX(`price`) AS think_max FROM `wk_tag` WHERE  `id` = 1 LIMIT 1 [ RunTime:0.087908s ]
[2022-12-11T20:03:28+08:00][sql] SELECT MAX(`price`) AS think_max FROM `wk_tag` WHERE  `id` = 1 LIMIT 1 [ RunTime:0.087839s ]
[2022-12-11T20:03:28+08:00][sql] SELECT MAX(`price`) AS think_max FROM `wk_tag` WHERE  `id` = 1 LIMIT 1 [ RunTime:0.087350s ]
[2022-12-11T20:03:28+08:00][sql] SELECT MAX(`price`) AS think_max FROM `wk_tag` WHERE  `id` = 1 LIMIT 1 [ RunTime:0.087842s ]
[2022-12-11T20:03:28+08:00][sql] SELECT MAX(`price`) AS think_max FROM `wk_tag` WHERE  `id` = 1 LIMIT 1 [ RunTime:0.088220s ]
[2022-12-11T20:03:28+08:00][sql] SELECT MAX(`price`) AS think_max FROM `wk_tag` WHERE  `id` = 1 LIMIT 1 [ RunTime:0.086446s ]
[2022-12-11T20:03:28+08:00][sql] SELECT MAX(`price`) AS think_max FROM `wk_tag` WHERE  `id` = 1 LIMIT 1 [ RunTime:0.087531s ]
[2022-12-11T20:03:28+08:00][sql] SELECT MAX(`price`) AS think_max FROM `wk_tag` WHERE  `id` = 1 LIMIT 1 [ RunTime:0.086970s ]
[2022-12-11T20:03:28+08:00][sql] SELECT MAX(`price`) AS think_max FROM `wk_tag` WHERE  `id` = 1 LIMIT 1 [ RunTime:0.086813s ]
[2022-12-11T20:03:28+08:00][sql] SELECT MAX(`price`) AS think_max FROM `wk_tag` WHERE  `id` = 1 LIMIT 1 [ RunTime:0.087876s ]
[2022-12-11T20:03:28+08:00][sql] SELECT MAX(`price`) AS think_max FROM `wk_tag` WHERE  `id` = 1 LIMIT 1 [ RunTime:0.087573s ]
[2022-12-11T20:03:28+08:00][sql] SELECT MAX(`price`) AS think_max FROM `wk_tag` WHERE  `id` = 1 LIMIT 1 [ RunTime:0.087545s ]
[2022-12-11T20:03:28+08:00][sql] SELECT MAX(`price`) AS think_max FROM `wk_tag` WHERE  `id` = 1 LIMIT 1 [ RunTime:0.087909s ]
[2022-12-11T20:03:28+08:00][sql] SELECT MAX(`price`) AS think_max FROM `wk_tag` WHERE  `id` = 1 LIMIT 1 [ RunTime:0.087836s ]
[2022-12-11T20:03:28+08:00][sql] SELECT MAX(`price`) AS think_max FROM `wk_tag` WHERE  `id` = 1 LIMIT 1 [ RunTime:0.086501s ]
