[2022-12-12T00:52:01+08:00][sql] CONNECT:[ UseTime:0.125979s ] mysql:host=88.218.194.8;port=3306;dbname=webQrcode;charset=utf8mb4
[2022-12-12T00:52:01+08:00][sql] SHOW FULL COLUMNS FROM `wk_user` [ RunTime:0.088126s ]
[2022-12-12T00:52:01+08:00][sql] SELECT `id` FROM `wk_user` WHERE  `id` = 1  AND `relogin` = 0 LIMIT 1 [ RunTime:0.084446s ]
[2022-12-12T00:52:01+08:00][sql] SHOW FULL COLUMNS FROM `wk_buy` [ RunTime:0.088853s ]
[2022-12-12T00:52:01+08:00][sql] SHOW FULL COLUMNS FROM `wk_entrance` [ RunTime:0.089990s ]
[2022-12-12T00:52:01+08:00][sql] SELECT COUNT(*) AS think_count FROM ( SELECT count(*) AS think_count FROM `wk_entrance` `e` LEFT JOIN ( SELECT `id`,`entrance_id`,`user_id`,`price` FROM `wk_buy` ) `b2` ON `b2`.`entrance_id`=`e`.`id` LEFT JOIN ( SELECT * FROM `wk_buy` ) `b1` ON `b1`.`entrance_id`=`e`.`id` LEFT JOIN `wk_tag` `t` ON FIND_IN_SET(t.id,e.tags) WHERE  `e`.`hide` = '0'  AND `e`.`expire_date` >= NOW()  AND NOT EXISTS ( SELECT `id` FROM `wk_buy` `b3` WHERE  ( `b3`.`entrance_id` = `e`.`id` )  AND `b3`.`user_id` = '1' )  AND `e`.`user_id` IN ('1','30','29') GROUP BY `e`.`id` ) `_group_count_` LIMIT 1 [ RunTime:0.380552s ]
[2022-12-12T00:52:01+08:00][sql] SHOW FULL COLUMNS FROM `wk_setting` [ RunTime:0.087945s ]
[2022-12-12T00:52:01+08:00][sql] SELECT `int_val` FROM `wk_setting` WHERE  `key` = 'entrance_status_0' LIMIT 1 [ RunTime:0.083643s ]
[2022-12-12T00:52:01+08:00][sql] SELECT `int_val` FROM `wk_setting` WHERE  `key` = 'entrance_work_joinable' LIMIT 1 [ RunTime:0.083393s ]
[2022-12-12T00:52:01+08:00][sql] SELECT `e`.`id`,`e`.`company`,`e`.`province`,`e`.`city`,`e`.`district`,`e`.`remark`,`e`.`avatar`,`e`.`name`,`e`.`members`,`e`.`status`,`e`.`expire_date`,`e`.`joinable`,`e`.`update_time`,`e`.`add_time`,GROUP_CONCAT(DISTINCT t.name) tags,GROUP_CONCAT(DISTINCT t.id) tags_id,`e`.`qr`,`e`.`im`,`e`.`im2`,`e`.`type` FROM `wk_entrance` `e` LEFT JOIN ( SELECT `id`,`entrance_id`,`user_id`,`price` FROM `wk_buy` ) `b2` ON `b2`.`entrance_id`=`e`.`id` LEFT JOIN ( SELECT * FROM `wk_buy` ) `b1` ON `b1`.`entrance_id`=`e`.`id` LEFT JOIN `wk_tag` `t` ON FIND_IN_SET(t.id,e.tags) WHERE  `e`.`hide` = '0'  AND `e`.`expire_date` >= NOW()  AND NOT EXISTS ( SELECT `id` FROM `wk_buy` `b3` WHERE  ( `b3`.`entrance_id` = `e`.`id` )  AND `b3`.`user_id` = '1' )  AND `e`.`user_id` IN ('1','30','29') GROUP BY `e`.`id` ORDER BY `e`.`update_time` DESC LIMIT 0,20 [ RunTime:0.793538s ]
[2022-12-12T00:52:01+08:00][sql] SHOW FULL COLUMNS FROM `wk_tag` [ RunTime:0.085283s ]
[2022-12-12T00:52:01+08:00][sql] SELECT MAX(`price`) AS think_max FROM `wk_tag` WHERE  `id` = 1 LIMIT 1 [ RunTime:0.085128s ]
[2022-12-12T00:52:01+08:00][sql] SELECT MAX(`price`) AS think_max FROM `wk_tag` WHERE  `id` = 1 LIMIT 1 [ RunTime:0.085454s ]
[2022-12-12T00:52:01+08:00][sql] SELECT MAX(`price`) AS think_max FROM `wk_tag` WHERE  `id` = 1 LIMIT 1 [ RunTime:0.082065s ]
[2022-12-12T00:52:01+08:00][sql] SELECT MAX(`price`) AS think_max FROM `wk_tag` WHERE  `id` = 6 LIMIT 1 [ RunTime:0.083174s ]
[2022-12-12T00:52:01+08:00][sql] SELECT MAX(`price`) AS think_max FROM `wk_tag` WHERE  `id` = 6 LIMIT 1 [ RunTime:0.083896s ]
[2022-12-12T00:52:01+08:00][sql] SELECT MAX(`price`) AS think_max FROM `wk_tag` WHERE  `id` = 6 LIMIT 1 [ RunTime:0.085253s ]
[2022-12-12T00:52:01+08:00][sql] SELECT MAX(`price`) AS think_max FROM `wk_tag` WHERE  `id` = 6 LIMIT 1 [ RunTime:0.083409s ]
[2022-12-12T00:52:01+08:00][sql] SELECT MAX(`price`) AS think_max FROM `wk_tag` WHERE  `id` = 6 LIMIT 1 [ RunTime:0.083567s ]
[2022-12-12T00:52:01+08:00][sql] SELECT MAX(`price`) AS think_max FROM `wk_tag` WHERE  `id` = 6 LIMIT 1 [ RunTime:0.084509s ]
[2022-12-12T00:52:01+08:00][sql] SELECT MAX(`price`) AS think_max FROM `wk_tag` WHERE  `id` = 6 LIMIT 1 [ RunTime:0.090124s ]
[2022-12-12T00:52:01+08:00][sql] SELECT MAX(`price`) AS think_max FROM `wk_tag` WHERE  `id` = 6 LIMIT 1 [ RunTime:0.083624s ]
[2022-12-12T00:52:01+08:00][sql] SELECT MAX(`price`) AS think_max FROM `wk_tag` WHERE  `id` = 6 LIMIT 1 [ RunTime:0.083042s ]
[2022-12-12T00:52:01+08:00][sql] SELECT MAX(`price`) AS think_max FROM `wk_tag` WHERE  `id` = 6 LIMIT 1 [ RunTime:0.083560s ]
[2022-12-12T00:52:01+08:00][sql] SELECT MAX(`price`) AS think_max FROM `wk_tag` WHERE  `id` = 7 LIMIT 1 [ RunTime:0.082339s ]
[2022-12-12T00:52:01+08:00][sql] SELECT MAX(`price`) AS think_max FROM `wk_tag` WHERE  `id` = 1 LIMIT 1 [ RunTime:0.082841s ]
[2022-12-12T00:52:01+08:00][sql] SELECT MAX(`price`) AS think_max FROM `wk_tag` WHERE  `id` = 1 LIMIT 1 [ RunTime:0.082366s ]
[2022-12-12T00:52:01+08:00][sql] SELECT MAX(`price`) AS think_max FROM `wk_tag` WHERE  `id` = 1 LIMIT 1 [ RunTime:0.083224s ]
[2022-12-12T00:52:01+08:00][sql] SELECT MAX(`price`) AS think_max FROM `wk_tag` WHERE  `id` = 6 LIMIT 1 [ RunTime:0.085954s ]
[2022-12-12T00:52:01+08:00][sql] SELECT MAX(`price`) AS think_max FROM `wk_tag` WHERE  `id` = 6 LIMIT 1 [ RunTime:0.084380s ]
[2022-12-12T00:52:01+08:00][sql] SELECT MAX(`price`) AS think_max FROM `wk_tag` WHERE  `id` = 1 LIMIT 1 [ RunTime:0.083002s ]
[2022-12-12T14:31:59+08:00][sql] CONNECT:[ UseTime:3.635499s ] mysql:host=88.218.194.8;port=3306;dbname=webQrcode;charset=utf8mb4
[2022-12-12T14:31:59+08:00][sql] SHOW FULL COLUMNS FROM `wk_user` [ RunTime:0.519139s ]
[2022-12-12T14:31:59+08:00][sql] SELECT `id` FROM `wk_user` WHERE  `id` = 1  AND `relogin` = 0 LIMIT 1 [ RunTime:0.783277s ]
[2022-12-12T14:31:59+08:00][sql] SHOW FULL COLUMNS FROM `wk_buy` [ RunTime:0.109563s ]
[2022-12-12T14:31:59+08:00][sql] SHOW FULL COLUMNS FROM `wk_entrance` [ RunTime:0.107264s ]
[2022-12-12T14:31:59+08:00][sql] SELECT COUNT(*) AS think_count FROM ( SELECT count(*) AS think_count FROM `wk_entrance` `e` LEFT JOIN ( SELECT `id`,`entrance_id`,`user_id`,`price` FROM `wk_buy` ) `b2` ON `b2`.`entrance_id`=`e`.`id` LEFT JOIN ( SELECT * FROM `wk_buy` ) `b1` ON `b1`.`entrance_id`=`e`.`id` LEFT JOIN `wk_tag` `t` ON FIND_IN_SET(t.id,e.tags) WHERE  `e`.`hide` = '0'  AND `e`.`expire_date` >= NOW()  AND NOT EXISTS ( SELECT `id` FROM `wk_buy` `b3` WHERE  ( `b3`.`entrance_id` = `e`.`id` )  AND `b3`.`user_id` = '1' )  AND `e`.`user_id` IN ('1','30','29') GROUP BY `e`.`id` ) `_group_count_` LIMIT 1 [ RunTime:0.458978s ]
[2022-12-12T14:31:59+08:00][sql] SHOW FULL COLUMNS FROM `wk_setting` [ RunTime:0.106587s ]
[2022-12-12T14:31:59+08:00][sql] SELECT `int_val` FROM `wk_setting` WHERE  `key` = 'entrance_status_0' LIMIT 1 [ RunTime:0.104200s ]
[2022-12-12T14:31:59+08:00][sql] SELECT `int_val` FROM `wk_setting` WHERE  `key` = 'entrance_work_joinable' LIMIT 1 [ RunTime:0.104423s ]
[2022-12-12T14:31:59+08:00][sql] SELECT `e`.`id`,`e`.`company`,`e`.`province`,`e`.`city`,`e`.`district`,`e`.`remark`,`e`.`avatar`,`e`.`name`,`e`.`members`,`e`.`status`,`e`.`expire_date`,`e`.`joinable`,`e`.`update_time`,`e`.`add_time`,GROUP_CONCAT(DISTINCT t.name) tags,GROUP_CONCAT(DISTINCT t.id) tags_id,`e`.`qr`,`e`.`im`,`e`.`im2`,`e`.`type` FROM `wk_entrance` `e` LEFT JOIN ( SELECT `id`,`entrance_id`,`user_id`,`price` FROM `wk_buy` ) `b2` ON `b2`.`entrance_id`=`e`.`id` LEFT JOIN ( SELECT * FROM `wk_buy` ) `b1` ON `b1`.`entrance_id`=`e`.`id` LEFT JOIN `wk_tag` `t` ON FIND_IN_SET(t.id,e.tags) WHERE  `e`.`hide` = '0'  AND `e`.`expire_date` >= NOW()  AND NOT EXISTS ( SELECT `id` FROM `wk_buy` `b3` WHERE  ( `b3`.`entrance_id` = `e`.`id` )  AND `b3`.`user_id` = '1' )  AND `e`.`user_id` IN ('1','30','29') GROUP BY `e`.`id` ORDER BY `e`.`update_time` DESC LIMIT 0,20 [ RunTime:0.892649s ]
[2022-12-12T14:31:59+08:00][sql] SHOW FULL COLUMNS FROM `wk_tag` [ RunTime:0.110986s ]
[2022-12-12T14:31:59+08:00][sql] SELECT MAX(`price`) AS think_max FROM `wk_tag` WHERE  `id` = 1 LIMIT 1 [ RunTime:0.107040s ]
[2022-12-12T14:31:59+08:00][sql] SELECT MAX(`price`) AS think_max FROM `wk_tag` WHERE  `id` = 1 LIMIT 1 [ RunTime:0.104909s ]
[2022-12-12T14:31:59+08:00][sql] SELECT MAX(`price`) AS think_max FROM `wk_tag` WHERE  `id` = 1 LIMIT 1 [ RunTime:0.112220s ]
[2022-12-12T14:31:59+08:00][sql] SELECT MAX(`price`) AS think_max FROM `wk_tag` WHERE  `id` = 1 LIMIT 1 [ RunTime:0.105412s ]
[2022-12-12T14:31:59+08:00][sql] SELECT MAX(`price`) AS think_max FROM `wk_tag` WHERE  `id` = 1 LIMIT 1 [ RunTime:0.103627s ]
[2022-12-12T14:31:59+08:00][sql] SELECT MAX(`price`) AS think_max FROM `wk_tag` WHERE  `id` = 1 LIMIT 1 [ RunTime:0.103271s ]
[2022-12-12T14:31:59+08:00][sql] SELECT MAX(`price`) AS think_max FROM `wk_tag` WHERE  `id` = 1 LIMIT 1 [ RunTime:0.106402s ]
[2022-12-12T14:31:59+08:00][sql] SELECT MAX(`price`) AS think_max FROM `wk_tag` WHERE  `id` = 8 LIMIT 1 [ RunTime:0.408242s ]
[2022-12-12T14:31:59+08:00][sql] SELECT MAX(`price`) AS think_max FROM `wk_tag` WHERE  `id` = 8 LIMIT 1 [ RunTime:0.103400s ]
[2022-12-12T14:31:59+08:00][sql] SELECT MAX(`price`) AS think_max FROM `wk_tag` WHERE  `id` = 6 LIMIT 1 [ RunTime:0.104019s ]
[2022-12-12T14:31:59+08:00][sql] SELECT MAX(`price`) AS think_max FROM `wk_tag` WHERE  `id` = 6 LIMIT 1 [ RunTime:0.102658s ]
[2022-12-12T14:31:59+08:00][sql] SELECT MAX(`price`) AS think_max FROM `wk_tag` WHERE  `id` = 6 LIMIT 1 [ RunTime:0.104532s ]
[2022-12-12T14:31:59+08:00][sql] SELECT MAX(`price`) AS think_max FROM `wk_tag` WHERE  `id` = 1 LIMIT 1 [ RunTime:0.104872s ]
[2022-12-12T14:31:59+08:00][sql] SELECT MAX(`price`) AS think_max FROM `wk_tag` WHERE  `id` = 1 LIMIT 1 [ RunTime:0.106431s ]
[2022-12-12T14:31:59+08:00][sql] SELECT MAX(`price`) AS think_max FROM `wk_tag` WHERE  `id` = 1 LIMIT 1 [ RunTime:0.116663s ]
[2022-12-12T14:31:59+08:00][sql] SELECT MAX(`price`) AS think_max FROM `wk_tag` WHERE  `id` = 1 LIMIT 1 [ RunTime:0.115218s ]
[2022-12-12T14:31:59+08:00][sql] SELECT MAX(`price`) AS think_max FROM `wk_tag` WHERE  `id` = 6 LIMIT 1 [ RunTime:0.118855s ]
[2022-12-12T14:31:59+08:00][sql] SELECT MAX(`price`) AS think_max FROM `wk_tag` WHERE  `id` = 6 LIMIT 1 [ RunTime:0.109519s ]
[2022-12-12T14:31:59+08:00][sql] SELECT MAX(`price`) AS think_max FROM `wk_tag` WHERE  `id` = 6 LIMIT 1 [ RunTime:0.114330s ]
[2022-12-12T14:31:59+08:00][sql] SELECT MAX(`price`) AS think_max FROM `wk_tag` WHERE  `id` = 6 LIMIT 1 [ RunTime:0.123676s ]
[2022-12-12T20:19:13+08:00][sql] CONNECT:[ UseTime:0.137746s ] mysql:host=88.218.194.8;port=3306;dbname=webQrcode;charset=utf8mb4
[2022-12-12T20:19:13+08:00][sql] SHOW FULL COLUMNS FROM `wk_user` [ RunTime:0.102684s ]
[2022-12-12T20:19:13+08:00][sql] SELECT `id` FROM `wk_user` WHERE  `id` = 1  AND `relogin` = 0 LIMIT 1 [ RunTime:0.093307s ]
[2022-12-12T20:19:13+08:00][sql] SHOW FULL COLUMNS FROM `wk_buy` [ RunTime:0.095008s ]
[2022-12-12T20:19:13+08:00][sql] SHOW FULL COLUMNS FROM `wk_entrance` [ RunTime:0.094896s ]
[2022-12-12T20:19:13+08:00][sql] SELECT COUNT(*) AS think_count FROM ( SELECT count(*) AS think_count FROM `wk_entrance` `e` LEFT JOIN ( SELECT `id`,`entrance_id`,`user_id`,`price` FROM `wk_buy` ) `b2` ON `b2`.`entrance_id`=`e`.`id` LEFT JOIN ( SELECT * FROM `wk_buy` ) `b1` ON `b1`.`entrance_id`=`e`.`id` LEFT JOIN `wk_tag` `t` ON FIND_IN_SET(t.id,e.tags) WHERE  `e`.`hide` = '0'  AND `e`.`expire_date` >= NOW()  AND NOT EXISTS ( SELECT `id` FROM `wk_buy` `b3` WHERE  ( `b3`.`entrance_id` = `e`.`id` )  AND `b3`.`user_id` = '1' )  AND `e`.`user_id` IN ('1','30','29') GROUP BY `e`.`id` ) `_group_count_` LIMIT 1 [ RunTime:0.459507s ]
[2022-12-12T20:19:13+08:00][sql] SHOW FULL COLUMNS FROM `wk_setting` [ RunTime:0.094985s ]
[2022-12-12T20:19:13+08:00][sql] SELECT `int_val` FROM `wk_setting` WHERE  `key` = 'entrance_status_0' LIMIT 1 [ RunTime:0.092513s ]
[2022-12-12T20:19:13+08:00][sql] SELECT `int_val` FROM `wk_setting` WHERE  `key` = 'entrance_work_joinable' LIMIT 1 [ RunTime:0.092364s ]
[2022-12-12T20:19:13+08:00][sql] SELECT `e`.`id`,`e`.`company`,`e`.`province`,`e`.`city`,`e`.`district`,`e`.`remark`,`e`.`avatar`,`e`.`name`,`e`.`members`,`e`.`status`,`e`.`expire_date`,`e`.`joinable`,`e`.`update_time`,`e`.`add_time`,GROUP_CONCAT(DISTINCT t.name) tags,GROUP_CONCAT(DISTINCT t.id) tags_id,`e`.`qr`,`e`.`im`,`e`.`im2`,`e`.`type` FROM `wk_entrance` `e` LEFT JOIN ( SELECT `id`,`entrance_id`,`user_id`,`price` FROM `wk_buy` ) `b2` ON `b2`.`entrance_id`=`e`.`id` LEFT JOIN ( SELECT * FROM `wk_buy` ) `b1` ON `b1`.`entrance_id`=`e`.`id` LEFT JOIN `wk_tag` `t` ON FIND_IN_SET(t.id,e.tags) WHERE  `e`.`hide` = '0'  AND `e`.`expire_date` >= NOW()  AND NOT EXISTS ( SELECT `id` FROM `wk_buy` `b3` WHERE  ( `b3`.`entrance_id` = `e`.`id` )  AND `b3`.`user_id` = '1' )  AND `e`.`user_id` IN ('1','30','29') GROUP BY `e`.`id` ORDER BY `e`.`update_time` DESC LIMIT 0,20 [ RunTime:0.913131s ]
[2022-12-12T20:19:13+08:00][sql] SHOW FULL COLUMNS FROM `wk_tag` [ RunTime:0.094106s ]
[2022-12-12T20:19:13+08:00][sql] SELECT MAX(`price`) AS think_max FROM `wk_tag` WHERE  `id` = 1 LIMIT 1 [ RunTime:0.091677s ]
[2022-12-12T20:19:13+08:00][sql] SELECT MAX(`price`) AS think_max FROM `wk_tag` WHERE  `id` = 1 LIMIT 1 [ RunTime:0.092804s ]
[2022-12-12T20:19:13+08:00][sql] SELECT MAX(`price`) AS think_max FROM `wk_tag` WHERE  `id` = 1 LIMIT 1 [ RunTime:0.091967s ]
[2022-12-12T20:19:13+08:00][sql] SELECT MAX(`price`) AS think_max FROM `wk_tag` WHERE  `id` = 1 LIMIT 1 [ RunTime:0.091883s ]
[2022-12-12T20:19:13+08:00][sql] SELECT MAX(`price`) AS think_max FROM `wk_tag` WHERE  `id` = 1 LIMIT 1 [ RunTime:0.092448s ]
[2022-12-12T20:19:13+08:00][sql] SELECT MAX(`price`) AS think_max FROM `wk_tag` WHERE  `id` = 1 LIMIT 1 [ RunTime:0.092468s ]
[2022-12-12T20:19:13+08:00][sql] SELECT MAX(`price`) AS think_max FROM `wk_tag` WHERE  `id` = 1 LIMIT 1 [ RunTime:0.091770s ]
[2022-12-12T20:19:13+08:00][sql] SELECT MAX(`price`) AS think_max FROM `wk_tag` WHERE  `id` = 1 LIMIT 1 [ RunTime:0.092437s ]
[2022-12-12T20:19:13+08:00][sql] SELECT MAX(`price`) AS think_max FROM `wk_tag` WHERE  `id` = 1 LIMIT 1 [ RunTime:0.092379s ]
[2022-12-12T20:19:13+08:00][sql] SELECT MAX(`price`) AS think_max FROM `wk_tag` WHERE  `id` = 1 LIMIT 1 [ RunTime:0.092593s ]
[2022-12-12T20:19:13+08:00][sql] SELECT MAX(`price`) AS think_max FROM `wk_tag` WHERE  `id` = 1 LIMIT 1 [ RunTime:0.091494s ]
[2022-12-12T20:19:13+08:00][sql] SELECT MAX(`price`) AS think_max FROM `wk_tag` WHERE  `id` = 1 LIMIT 1 [ RunTime:0.092031s ]
[2022-12-12T20:19:13+08:00][sql] SELECT MAX(`price`) AS think_max FROM `wk_tag` WHERE  `id` = 1 LIMIT 1 [ RunTime:0.091855s ]
[2022-12-12T20:19:13+08:00][sql] SELECT MAX(`price`) AS think_max FROM `wk_tag` WHERE  `id` = 1 LIMIT 1 [ RunTime:0.092052s ]
[2022-12-12T20:19:13+08:00][sql] SELECT MAX(`price`) AS think_max FROM `wk_tag` WHERE  `id` = 1 LIMIT 1 [ RunTime:0.091700s ]
[2022-12-12T20:19:13+08:00][sql] SELECT MAX(`price`) AS think_max FROM `wk_tag` WHERE  `id` = 1 LIMIT 1 [ RunTime:0.091638s ]
[2022-12-12T20:19:13+08:00][sql] SELECT MAX(`price`) AS think_max FROM `wk_tag` WHERE  `id` = 1 LIMIT 1 [ RunTime:0.092350s ]
[2022-12-12T20:19:13+08:00][sql] SELECT MAX(`price`) AS think_max FROM `wk_tag` WHERE  `id` = 1 LIMIT 1 [ RunTime:0.091587s ]
[2022-12-12T20:19:13+08:00][sql] SELECT MAX(`price`) AS think_max FROM `wk_tag` WHERE  `id` = 1 LIMIT 1 [ RunTime:0.092610s ]
[2022-12-12T20:19:13+08:00][sql] SELECT MAX(`price`) AS think_max FROM `wk_tag` WHERE  `id` = 1 LIMIT 1 [ RunTime:0.091428s ]
