[2023-02-06T20:00:21+08:00][sql] CONNECT:[ UseTime:0.004142s ] mysql:host=127.0.0.1;port=3306;dbname=c2;charset=utf8mb4
[2023-02-06T20:00:21+08:00][sql] SHOW FULL COLUMNS FROM `wk_tag` [ RunTime:0.002555s ]
[2023-02-06T20:00:21+08:00][sql] SELECT `id`,`name` FROM `wk_tag` ORDER BY `id` [ RunTime:0.000871s ]
[2023-02-06T20:00:21+08:00][sql] CONNECT:[ UseTime:0.000710s ] mysql:host=127.0.0.1;port=3306;dbname=c2;charset=utf8mb4
[2023-02-06T20:00:21+08:00][sql] SHOW FULL COLUMNS FROM `wk_tag` [ RunTime:0.000850s ]
[2023-02-06T20:00:21+08:00][sql] SELECT `id`,`name` FROM `wk_tag` ORDER BY `id` [ RunTime:0.000143s ]
[2023-02-06T20:00:22+08:00][sql] CONNECT:[ UseTime:0.000520s ] mysql:host=127.0.0.1;port=3306;dbname=c2;charset=utf8mb4
[2023-02-06T20:00:22+08:00][sql] SHOW FULL COLUMNS FROM `wk_tag` [ RunTime:0.000636s ]
[2023-02-06T20:00:22+08:00][sql] SELECT `id`,`name` FROM `wk_tag` ORDER BY `id` [ RunTime:0.000147s ]
[2023-02-06T20:01:05+08:00][sql] CONNECT:[ UseTime:0.000947s ] mysql:host=127.0.0.1;port=3306;dbname=c2;charset=utf8mb4
[2023-02-06T20:01:05+08:00][sql] SHOW FULL COLUMNS FROM `wk_tag` [ RunTime:0.001209s ]
[2023-02-06T20:01:05+08:00][sql] SELECT `id`,`name` FROM `wk_tag` ORDER BY `id` [ RunTime:0.000353s ]
[2023-02-06T20:01:08+08:00][sql] CONNECT:[ UseTime:0.001077s ] mysql:host=127.0.0.1;port=3306;dbname=c2;charset=utf8mb4
[2023-02-06T20:01:08+08:00][sql] SHOW FULL COLUMNS FROM `wk_provider` [ RunTime:0.001419s ]
[2023-02-06T20:01:08+08:00][sql] SELECT `id` FROM `wk_provider` WHERE  `id` = 1  AND `relogin` = 0 LIMIT 1 [ RunTime:0.000520s ]
[2023-02-06T20:01:08+08:00][sql] SELECT `id`,`username`,`score` FROM `wk_provider` WHERE  `id` = 1 LIMIT 1 [ RunTime:0.000342s ]
[2023-02-06T20:01:08+08:00][sql] SHOW FULL COLUMNS FROM `wk_setting` [ RunTime:0.001276s ]
[2023-02-06T20:01:08+08:00][sql] SELECT `int_val` FROM `wk_setting` WHERE  `key` = 'entrance_price' LIMIT 1 [ RunTime:0.000405s ]
[2023-02-06T20:01:08+08:00][sql] SELECT `int_val` FROM `wk_setting` WHERE  `key` = 'max_buy_times' LIMIT 1 [ RunTime:0.000445s ]
[2023-02-06T20:01:08+08:00][sql] SHOW FULL COLUMNS FROM `wk_qrcode` [ RunTime:0.001261s ]
[2023-02-06T20:01:08+08:00][sql] SELECT COUNT(*) AS think_count FROM `wk_qrcode` WHERE  `provider_id` = 1  AND `valid` = 1 LIMIT 1 [ RunTime:0.006267s ]
[2023-02-06T20:01:08+08:00][sql] CONNECT:[ UseTime:0.000943s ] mysql:host=127.0.0.1;port=3306;dbname=c2;charset=utf8mb4
[2023-02-06T20:01:08+08:00][sql] SHOW FULL COLUMNS FROM `wk_tag` [ RunTime:0.001929s ]
[2023-02-06T20:01:08+08:00][sql] SELECT `id`,`name` FROM `wk_tag` ORDER BY `id` [ RunTime:0.000390s ]
[2023-02-06T20:01:08+08:00][sql] CONNECT:[ UseTime:0.001045s ] mysql:host=127.0.0.1;port=3306;dbname=c2;charset=utf8mb4
[2023-02-06T20:01:08+08:00][sql] SHOW FULL COLUMNS FROM `wk_provider` [ RunTime:0.001514s ]
[2023-02-06T20:01:08+08:00][sql] SELECT `id` FROM `wk_provider` WHERE  `id` = 1  AND `relogin` = 0 LIMIT 1 [ RunTime:0.000367s ]
[2023-02-06T20:01:08+08:00][sql] SHOW FULL COLUMNS FROM `wk_qrcode` [ RunTime:0.001248s ]
[2023-02-06T20:01:08+08:00][sql] SELECT q.id,q.code,q.company,q.status,q.valid,q.valid_time,q.err_msg,q.add_time FROM `wk_qrcode` `q` WHERE  `q`.`provider_id` = '1' GROUP BY `q`.`id` LIMIT 0,20 [ RunTime:0.000984s ]
[2023-02-06T20:01:08+08:00][sql] SHOW FULL COLUMNS FROM `wk_entrance` [ RunTime:0.001642s ]
[2023-02-06T20:01:08+08:00][sql] SELECT `e`.`id`,`e`.`avatar`,`e`.`name`,`e`.`members`,`e`.`qr`,`e`.`expire_date`,`e`.`joinable_wc`,`e`.`reported`,`e`.`add_time` FROM `wk_entrance` `e` WHERE  `e`.`qrcode_id` = '9212'  AND `e`.`expire_date` >= NOW() [ RunTime:0.001068s ]
[2023-02-06T20:01:08+08:00][sql] SELECT `e`.`id`,`e`.`avatar`,`e`.`name`,`e`.`members`,`e`.`qr`,`e`.`expire_date`,`e`.`joinable_wc`,`e`.`reported`,`e`.`add_time` FROM `wk_entrance` `e` WHERE  `e`.`qrcode_id` = '9213'  AND `e`.`expire_date` >= NOW() [ RunTime:0.000859s ]
[2023-02-06T20:01:08+08:00][sql] SELECT `e`.`id`,`e`.`avatar`,`e`.`name`,`e`.`members`,`e`.`qr`,`e`.`expire_date`,`e`.`joinable_wc`,`e`.`reported`,`e`.`add_time` FROM `wk_entrance` `e` WHERE  `e`.`qrcode_id` = '9214'  AND `e`.`expire_date` >= NOW() [ RunTime:0.000640s ]
[2023-02-06T20:01:08+08:00][sql] SELECT `e`.`id`,`e`.`avatar`,`e`.`name`,`e`.`members`,`e`.`qr`,`e`.`expire_date`,`e`.`joinable_wc`,`e`.`reported`,`e`.`add_time` FROM `wk_entrance` `e` WHERE  `e`.`qrcode_id` = '9215'  AND `e`.`expire_date` >= NOW() [ RunTime:0.000780s ]
[2023-02-06T20:01:08+08:00][sql] SELECT `e`.`id`,`e`.`avatar`,`e`.`name`,`e`.`members`,`e`.`qr`,`e`.`expire_date`,`e`.`joinable_wc`,`e`.`reported`,`e`.`add_time` FROM `wk_entrance` `e` WHERE  `e`.`qrcode_id` = '10256'  AND `e`.`expire_date` >= NOW() [ RunTime:0.000700s ]
[2023-02-06T20:01:08+08:00][sql] SELECT `e`.`id`,`e`.`avatar`,`e`.`name`,`e`.`members`,`e`.`qr`,`e`.`expire_date`,`e`.`joinable_wc`,`e`.`reported`,`e`.`add_time` FROM `wk_entrance` `e` WHERE  `e`.`qrcode_id` = '10257'  AND `e`.`expire_date` >= NOW() [ RunTime:0.000657s ]
[2023-02-06T20:01:08+08:00][sql] SELECT `e`.`id`,`e`.`avatar`,`e`.`name`,`e`.`members`,`e`.`qr`,`e`.`expire_date`,`e`.`joinable_wc`,`e`.`reported`,`e`.`add_time` FROM `wk_entrance` `e` WHERE  `e`.`qrcode_id` = '10258'  AND `e`.`expire_date` >= NOW() [ RunTime:0.000517s ]
[2023-02-06T20:01:08+08:00][sql] SELECT `e`.`id`,`e`.`avatar`,`e`.`name`,`e`.`members`,`e`.`qr`,`e`.`expire_date`,`e`.`joinable_wc`,`e`.`reported`,`e`.`add_time` FROM `wk_entrance` `e` WHERE  `e`.`qrcode_id` = '10259'  AND `e`.`expire_date` >= NOW() [ RunTime:0.000569s ]
[2023-02-06T20:01:08+08:00][sql] SELECT `e`.`id`,`e`.`avatar`,`e`.`name`,`e`.`members`,`e`.`qr`,`e`.`expire_date`,`e`.`joinable_wc`,`e`.`reported`,`e`.`add_time` FROM `wk_entrance` `e` WHERE  `e`.`qrcode_id` = '10260'  AND `e`.`expire_date` >= NOW() [ RunTime:0.000543s ]
[2023-02-06T20:01:08+08:00][sql] SELECT `e`.`id`,`e`.`avatar`,`e`.`name`,`e`.`members`,`e`.`qr`,`e`.`expire_date`,`e`.`joinable_wc`,`e`.`reported`,`e`.`add_time` FROM `wk_entrance` `e` WHERE  `e`.`qrcode_id` = '10261'  AND `e`.`expire_date` >= NOW() [ RunTime:0.000495s ]
[2023-02-06T20:01:08+08:00][sql] SELECT `e`.`id`,`e`.`avatar`,`e`.`name`,`e`.`members`,`e`.`qr`,`e`.`expire_date`,`e`.`joinable_wc`,`e`.`reported`,`e`.`add_time` FROM `wk_entrance` `e` WHERE  `e`.`qrcode_id` = '10262'  AND `e`.`expire_date` >= NOW() [ RunTime:0.000573s ]
[2023-02-06T20:01:08+08:00][sql] SELECT `e`.`id`,`e`.`avatar`,`e`.`name`,`e`.`members`,`e`.`qr`,`e`.`expire_date`,`e`.`joinable_wc`,`e`.`reported`,`e`.`add_time` FROM `wk_entrance` `e` WHERE  `e`.`qrcode_id` = '10263'  AND `e`.`expire_date` >= NOW() [ RunTime:0.000773s ]
[2023-02-06T20:01:08+08:00][sql] SELECT `e`.`id`,`e`.`avatar`,`e`.`name`,`e`.`members`,`e`.`qr`,`e`.`expire_date`,`e`.`joinable_wc`,`e`.`reported`,`e`.`add_time` FROM `wk_entrance` `e` WHERE  `e`.`qrcode_id` = '10264'  AND `e`.`expire_date` >= NOW() [ RunTime:0.000856s ]
[2023-02-06T20:01:08+08:00][sql] SELECT `e`.`id`,`e`.`avatar`,`e`.`name`,`e`.`members`,`e`.`qr`,`e`.`expire_date`,`e`.`joinable_wc`,`e`.`reported`,`e`.`add_time` FROM `wk_entrance` `e` WHERE  `e`.`qrcode_id` = '10265'  AND `e`.`expire_date` >= NOW() [ RunTime:0.000717s ]
[2023-02-06T20:01:08+08:00][sql] SELECT `e`.`id`,`e`.`avatar`,`e`.`name`,`e`.`members`,`e`.`qr`,`e`.`expire_date`,`e`.`joinable_wc`,`e`.`reported`,`e`.`add_time` FROM `wk_entrance` `e` WHERE  `e`.`qrcode_id` = '10266'  AND `e`.`expire_date` >= NOW() [ RunTime:0.000599s ]
[2023-02-06T20:01:08+08:00][sql] SELECT `e`.`id`,`e`.`avatar`,`e`.`name`,`e`.`members`,`e`.`qr`,`e`.`expire_date`,`e`.`joinable_wc`,`e`.`reported`,`e`.`add_time` FROM `wk_entrance` `e` WHERE  `e`.`qrcode_id` = '10267'  AND `e`.`expire_date` >= NOW() [ RunTime:0.000596s ]
[2023-02-06T20:01:08+08:00][sql] SELECT `e`.`id`,`e`.`avatar`,`e`.`name`,`e`.`members`,`e`.`qr`,`e`.`expire_date`,`e`.`joinable_wc`,`e`.`reported`,`e`.`add_time` FROM `wk_entrance` `e` WHERE  `e`.`qrcode_id` = '10268'  AND `e`.`expire_date` >= NOW() [ RunTime:0.000632s ]
[2023-02-06T20:01:08+08:00][sql] SELECT `e`.`id`,`e`.`avatar`,`e`.`name`,`e`.`members`,`e`.`qr`,`e`.`expire_date`,`e`.`joinable_wc`,`e`.`reported`,`e`.`add_time` FROM `wk_entrance` `e` WHERE  `e`.`qrcode_id` = '10269'  AND `e`.`expire_date` >= NOW() [ RunTime:0.000775s ]
[2023-02-06T20:01:08+08:00][sql] SELECT `e`.`id`,`e`.`avatar`,`e`.`name`,`e`.`members`,`e`.`qr`,`e`.`expire_date`,`e`.`joinable_wc`,`e`.`reported`,`e`.`add_time` FROM `wk_entrance` `e` WHERE  `e`.`qrcode_id` = '10270'  AND `e`.`expire_date` >= NOW() [ RunTime:0.000904s ]
[2023-02-06T20:01:08+08:00][sql] SELECT `e`.`id`,`e`.`avatar`,`e`.`name`,`e`.`members`,`e`.`qr`,`e`.`expire_date`,`e`.`joinable_wc`,`e`.`reported`,`e`.`add_time` FROM `wk_entrance` `e` WHERE  `e`.`qrcode_id` = '10271'  AND `e`.`expire_date` >= NOW() [ RunTime:0.000826s ]
[2023-02-06T20:01:08+08:00][sql] SELECT COUNT(*) AS think_count FROM `wk_qrcode` WHERE  `provider_id` = 1 LIMIT 1 [ RunTime:0.002204s ]
[2023-02-06T20:01:27+08:00][sql] CONNECT:[ UseTime:0.000549s ] mysql:host=127.0.0.1;port=3306;dbname=c2;charset=utf8mb4
[2023-02-06T20:01:27+08:00][sql] SHOW FULL COLUMNS FROM `wk_tag` [ RunTime:0.000689s ]
[2023-02-06T20:01:27+08:00][sql] SELECT `id`,`name` FROM `wk_tag` ORDER BY `id` [ RunTime:0.000274s ]
[2023-02-06T20:01:31+08:00][sql] CONNECT:[ UseTime:0.000527s ] mysql:host=127.0.0.1;port=3306;dbname=c2;charset=utf8mb4
[2023-02-06T20:01:31+08:00][sql] SHOW FULL COLUMNS FROM `wk_tag` [ RunTime:0.000550s ]
[2023-02-06T20:01:31+08:00][sql] SELECT `id`,`name` FROM `wk_tag` ORDER BY `id` [ RunTime:0.000249s ]
[2023-02-06T20:01:32+08:00][sql] CONNECT:[ UseTime:0.000751s ] mysql:host=127.0.0.1;port=3306;dbname=c2;charset=utf8mb4
[2023-02-06T20:01:32+08:00][sql] SHOW FULL COLUMNS FROM `wk_tag` [ RunTime:0.001097s ]
[2023-02-06T20:01:32+08:00][sql] SELECT `id`,`name` FROM `wk_tag` ORDER BY `id` [ RunTime:0.000367s ]
[2023-02-06T20:01:42+08:00][sql] CONNECT:[ UseTime:0.000659s ] mysql:host=127.0.0.1;port=3306;dbname=c2;charset=utf8mb4
[2023-02-06T20:01:42+08:00][sql] SHOW FULL COLUMNS FROM `wk_tag` [ RunTime:0.000691s ]
[2023-02-06T20:01:42+08:00][sql] SELECT `id`,`name` FROM `wk_tag` ORDER BY `id` [ RunTime:0.000187s ]
[2023-02-06T20:01:43+08:00][sql] CONNECT:[ UseTime:0.000534s ] mysql:host=127.0.0.1;port=3306;dbname=c2;charset=utf8mb4
[2023-02-06T20:01:43+08:00][sql] SHOW FULL COLUMNS FROM `wk_tag` [ RunTime:0.000737s ]
[2023-02-06T20:01:43+08:00][sql] SELECT `id`,`name` FROM `wk_tag` ORDER BY `id` [ RunTime:0.000141s ]
[2023-02-06T20:01:45+08:00][sql] CONNECT:[ UseTime:0.000680s ] mysql:host=127.0.0.1;port=3306;dbname=c2;charset=utf8mb4
[2023-02-06T20:01:45+08:00][sql] SHOW FULL COLUMNS FROM `wk_tag` [ RunTime:0.000762s ]
[2023-02-06T20:01:45+08:00][sql] SELECT `id`,`name` FROM `wk_tag` ORDER BY `id` [ RunTime:0.000202s ]
[2023-02-06T20:01:46+08:00][sql] CONNECT:[ UseTime:0.000506s ] mysql:host=127.0.0.1;port=3306;dbname=c2;charset=utf8mb4
[2023-02-06T20:01:46+08:00][sql] SHOW FULL COLUMNS FROM `wk_tag` [ RunTime:0.000869s ]
[2023-02-06T20:01:46+08:00][sql] SELECT `id`,`name` FROM `wk_tag` ORDER BY `id` [ RunTime:0.000188s ]
[2023-02-06T20:01:59+08:00][sql] CONNECT:[ UseTime:0.002020s ] mysql:host=127.0.0.1;port=3306;dbname=c2;charset=utf8mb4
[2023-02-06T20:01:59+08:00][sql] SHOW FULL COLUMNS FROM `wk_tag` [ RunTime:0.001178s ]
[2023-02-06T20:01:59+08:00][sql] SELECT `id`,`name` FROM `wk_tag` ORDER BY `id` [ RunTime:0.000367s ]
[2023-02-06T20:02:52+08:00][sql] CONNECT:[ UseTime:0.000721s ] mysql:host=127.0.0.1;port=3306;dbname=c2;charset=utf8mb4
[2023-02-06T20:02:52+08:00][sql] SHOW FULL COLUMNS FROM `wk_tag` [ RunTime:0.001306s ]
[2023-02-06T20:02:52+08:00][sql] SELECT `id`,`name` FROM `wk_tag` ORDER BY `id` [ RunTime:0.000342s ]
[2023-02-06T20:02:54+08:00][sql] CONNECT:[ UseTime:0.000609s ] mysql:host=127.0.0.1;port=3306;dbname=c2;charset=utf8mb4
[2023-02-06T20:02:54+08:00][sql] SHOW FULL COLUMNS FROM `wk_tag` [ RunTime:0.000699s ]
[2023-02-06T20:02:54+08:00][sql] SELECT `id`,`name` FROM `wk_tag` ORDER BY `id` [ RunTime:0.000203s ]
[2023-02-06T20:02:55+08:00][sql] CONNECT:[ UseTime:0.000661s ] mysql:host=127.0.0.1;port=3306;dbname=c2;charset=utf8mb4
[2023-02-06T20:02:55+08:00][sql] SHOW FULL COLUMNS FROM `wk_tag` [ RunTime:0.000747s ]
[2023-02-06T20:02:55+08:00][sql] SELECT `id`,`name` FROM `wk_tag` ORDER BY `id` [ RunTime:0.000207s ]
[2023-02-06T20:02:56+08:00][sql] CONNECT:[ UseTime:0.001408s ] mysql:host=127.0.0.1;port=3306;dbname=c2;charset=utf8mb4
[2023-02-06T20:02:56+08:00][sql] SHOW FULL COLUMNS FROM `wk_tag` [ RunTime:0.000888s ]
[2023-02-06T20:02:56+08:00][sql] SELECT `id`,`name` FROM `wk_tag` ORDER BY `id` [ RunTime:0.000196s ]
[2023-02-06T20:03:28+08:00][sql] CONNECT:[ UseTime:0.000854s ] mysql:host=127.0.0.1;port=3306;dbname=c2;charset=utf8mb4
[2023-02-06T20:03:28+08:00][sql] SHOW FULL COLUMNS FROM `wk_provider` [ RunTime:0.001712s ]
[2023-02-06T20:03:28+08:00][sql] SELECT `id` FROM `wk_provider` WHERE  `id` = 1  AND `relogin` = 0 LIMIT 1 [ RunTime:0.000451s ]
[2023-02-06T20:03:28+08:00][sql] SELECT `id`,`username`,`score` FROM `wk_provider` WHERE  `id` = 1 LIMIT 1 [ RunTime:0.000365s ]
[2023-02-06T20:03:28+08:00][sql] SHOW FULL COLUMNS FROM `wk_setting` [ RunTime:0.001037s ]
[2023-02-06T20:03:28+08:00][sql] SELECT `int_val` FROM `wk_setting` WHERE  `key` = 'entrance_price' LIMIT 1 [ RunTime:0.000339s ]
[2023-02-06T20:03:28+08:00][sql] SELECT `int_val` FROM `wk_setting` WHERE  `key` = 'max_buy_times' LIMIT 1 [ RunTime:0.000292s ]
[2023-02-06T20:03:28+08:00][sql] SHOW FULL COLUMNS FROM `wk_qrcode` [ RunTime:0.001050s ]
[2023-02-06T20:03:28+08:00][sql] SELECT COUNT(*) AS think_count FROM `wk_qrcode` WHERE  `provider_id` = 1  AND `valid` = 1 LIMIT 1 [ RunTime:0.000368s ]
[2023-02-06T20:03:28+08:00][sql] CONNECT:[ UseTime:0.000900s ] mysql:host=127.0.0.1;port=3306;dbname=c2;charset=utf8mb4
[2023-02-06T20:03:28+08:00][sql] SHOW FULL COLUMNS FROM `wk_tag` [ RunTime:0.001874s ]
[2023-02-06T20:03:28+08:00][sql] SELECT `id`,`name` FROM `wk_tag` ORDER BY `id` [ RunTime:0.000463s ]
[2023-02-06T20:03:28+08:00][sql] CONNECT:[ UseTime:0.000885s ] mysql:host=127.0.0.1;port=3306;dbname=c2;charset=utf8mb4
[2023-02-06T20:03:28+08:00][sql] SHOW FULL COLUMNS FROM `wk_provider` [ RunTime:0.001613s ]
[2023-02-06T20:03:28+08:00][sql] SELECT `id` FROM `wk_provider` WHERE  `id` = 1  AND `relogin` = 0 LIMIT 1 [ RunTime:0.000450s ]
[2023-02-06T20:03:28+08:00][sql] SHOW FULL COLUMNS FROM `wk_qrcode` [ RunTime:0.001360s ]
[2023-02-06T20:03:28+08:00][sql] SELECT q.id,q.code,q.company,q.status,q.valid,q.valid_time,q.err_msg,q.add_time FROM `wk_qrcode` `q` WHERE  `q`.`provider_id` = '1' GROUP BY `q`.`id` LIMIT 0,20 [ RunTime:0.000450s ]
[2023-02-06T20:03:28+08:00][sql] SHOW FULL COLUMNS FROM `wk_entrance` [ RunTime:0.001162s ]
[2023-02-06T20:03:28+08:00][sql] SELECT `e`.`id`,`e`.`avatar`,`e`.`name`,`e`.`members`,`e`.`qr`,`e`.`expire_date`,`e`.`joinable_wc`,`e`.`reported`,`e`.`add_time` FROM `wk_entrance` `e` WHERE  `e`.`qrcode_id` = '9212'  AND `e`.`expire_date` >= NOW() [ RunTime:0.000703s ]
[2023-02-06T20:03:28+08:00][sql] SELECT `e`.`id`,`e`.`avatar`,`e`.`name`,`e`.`members`,`e`.`qr`,`e`.`expire_date`,`e`.`joinable_wc`,`e`.`reported`,`e`.`add_time` FROM `wk_entrance` `e` WHERE  `e`.`qrcode_id` = '9213'  AND `e`.`expire_date` >= NOW() [ RunTime:0.000573s ]
[2023-02-06T20:03:28+08:00][sql] SELECT `e`.`id`,`e`.`avatar`,`e`.`name`,`e`.`members`,`e`.`qr`,`e`.`expire_date`,`e`.`joinable_wc`,`e`.`reported`,`e`.`add_time` FROM `wk_entrance` `e` WHERE  `e`.`qrcode_id` = '9214'  AND `e`.`expire_date` >= NOW() [ RunTime:0.000553s ]
[2023-02-06T20:03:28+08:00][sql] SELECT `e`.`id`,`e`.`avatar`,`e`.`name`,`e`.`members`,`e`.`qr`,`e`.`expire_date`,`e`.`joinable_wc`,`e`.`reported`,`e`.`add_time` FROM `wk_entrance` `e` WHERE  `e`.`qrcode_id` = '9215'  AND `e`.`expire_date` >= NOW() [ RunTime:0.000502s ]
[2023-02-06T20:03:28+08:00][sql] SELECT `e`.`id`,`e`.`avatar`,`e`.`name`,`e`.`members`,`e`.`qr`,`e`.`expire_date`,`e`.`joinable_wc`,`e`.`reported`,`e`.`add_time` FROM `wk_entrance` `e` WHERE  `e`.`qrcode_id` = '10256'  AND `e`.`expire_date` >= NOW() [ RunTime:0.000463s ]
[2023-02-06T20:03:28+08:00][sql] SELECT `e`.`id`,`e`.`avatar`,`e`.`name`,`e`.`members`,`e`.`qr`,`e`.`expire_date`,`e`.`joinable_wc`,`e`.`reported`,`e`.`add_time` FROM `wk_entrance` `e` WHERE  `e`.`qrcode_id` = '10257'  AND `e`.`expire_date` >= NOW() [ RunTime:0.000574s ]
[2023-02-06T20:03:28+08:00][sql] SELECT `e`.`id`,`e`.`avatar`,`e`.`name`,`e`.`members`,`e`.`qr`,`e`.`expire_date`,`e`.`joinable_wc`,`e`.`reported`,`e`.`add_time` FROM `wk_entrance` `e` WHERE  `e`.`qrcode_id` = '10258'  AND `e`.`expire_date` >= NOW() [ RunTime:0.000567s ]
[2023-02-06T20:03:28+08:00][sql] SELECT `e`.`id`,`e`.`avatar`,`e`.`name`,`e`.`members`,`e`.`qr`,`e`.`expire_date`,`e`.`joinable_wc`,`e`.`reported`,`e`.`add_time` FROM `wk_entrance` `e` WHERE  `e`.`qrcode_id` = '10259'  AND `e`.`expire_date` >= NOW() [ RunTime:0.000796s ]
[2023-02-06T20:03:28+08:00][sql] SELECT `e`.`id`,`e`.`avatar`,`e`.`name`,`e`.`members`,`e`.`qr`,`e`.`expire_date`,`e`.`joinable_wc`,`e`.`reported`,`e`.`add_time` FROM `wk_entrance` `e` WHERE  `e`.`qrcode_id` = '10260'  AND `e`.`expire_date` >= NOW() [ RunTime:0.000639s ]
[2023-02-06T20:03:28+08:00][sql] SELECT `e`.`id`,`e`.`avatar`,`e`.`name`,`e`.`members`,`e`.`qr`,`e`.`expire_date`,`e`.`joinable_wc`,`e`.`reported`,`e`.`add_time` FROM `wk_entrance` `e` WHERE  `e`.`qrcode_id` = '10261'  AND `e`.`expire_date` >= NOW() [ RunTime:0.000492s ]
[2023-02-06T20:03:28+08:00][sql] SELECT `e`.`id`,`e`.`avatar`,`e`.`name`,`e`.`members`,`e`.`qr`,`e`.`expire_date`,`e`.`joinable_wc`,`e`.`reported`,`e`.`add_time` FROM `wk_entrance` `e` WHERE  `e`.`qrcode_id` = '10262'  AND `e`.`expire_date` >= NOW() [ RunTime:0.000473s ]
[2023-02-06T20:03:28+08:00][sql] SELECT `e`.`id`,`e`.`avatar`,`e`.`name`,`e`.`members`,`e`.`qr`,`e`.`expire_date`,`e`.`joinable_wc`,`e`.`reported`,`e`.`add_time` FROM `wk_entrance` `e` WHERE  `e`.`qrcode_id` = '10263'  AND `e`.`expire_date` >= NOW() [ RunTime:0.000554s ]
[2023-02-06T20:03:28+08:00][sql] SELECT `e`.`id`,`e`.`avatar`,`e`.`name`,`e`.`members`,`e`.`qr`,`e`.`expire_date`,`e`.`joinable_wc`,`e`.`reported`,`e`.`add_time` FROM `wk_entrance` `e` WHERE  `e`.`qrcode_id` = '10264'  AND `e`.`expire_date` >= NOW() [ RunTime:0.000595s ]
[2023-02-06T20:03:28+08:00][sql] SELECT `e`.`id`,`e`.`avatar`,`e`.`name`,`e`.`members`,`e`.`qr`,`e`.`expire_date`,`e`.`joinable_wc`,`e`.`reported`,`e`.`add_time` FROM `wk_entrance` `e` WHERE  `e`.`qrcode_id` = '10265'  AND `e`.`expire_date` >= NOW() [ RunTime:0.000606s ]
[2023-02-06T20:03:28+08:00][sql] SELECT `e`.`id`,`e`.`avatar`,`e`.`name`,`e`.`members`,`e`.`qr`,`e`.`expire_date`,`e`.`joinable_wc`,`e`.`reported`,`e`.`add_time` FROM `wk_entrance` `e` WHERE  `e`.`qrcode_id` = '10266'  AND `e`.`expire_date` >= NOW() [ RunTime:0.000628s ]
[2023-02-06T20:03:28+08:00][sql] SELECT `e`.`id`,`e`.`avatar`,`e`.`name`,`e`.`members`,`e`.`qr`,`e`.`expire_date`,`e`.`joinable_wc`,`e`.`reported`,`e`.`add_time` FROM `wk_entrance` `e` WHERE  `e`.`qrcode_id` = '10267'  AND `e`.`expire_date` >= NOW() [ RunTime:0.000549s ]
[2023-02-06T20:03:28+08:00][sql] SELECT `e`.`id`,`e`.`avatar`,`e`.`name`,`e`.`members`,`e`.`qr`,`e`.`expire_date`,`e`.`joinable_wc`,`e`.`reported`,`e`.`add_time` FROM `wk_entrance` `e` WHERE  `e`.`qrcode_id` = '10268'  AND `e`.`expire_date` >= NOW() [ RunTime:0.000724s ]
[2023-02-06T20:03:28+08:00][sql] SELECT `e`.`id`,`e`.`avatar`,`e`.`name`,`e`.`members`,`e`.`qr`,`e`.`expire_date`,`e`.`joinable_wc`,`e`.`reported`,`e`.`add_time` FROM `wk_entrance` `e` WHERE  `e`.`qrcode_id` = '10269'  AND `e`.`expire_date` >= NOW() [ RunTime:0.000671s ]
[2023-02-06T20:03:28+08:00][sql] SELECT `e`.`id`,`e`.`avatar`,`e`.`name`,`e`.`members`,`e`.`qr`,`e`.`expire_date`,`e`.`joinable_wc`,`e`.`reported`,`e`.`add_time` FROM `wk_entrance` `e` WHERE  `e`.`qrcode_id` = '10270'  AND `e`.`expire_date` >= NOW() [ RunTime:0.000569s ]
[2023-02-06T20:03:28+08:00][sql] SELECT `e`.`id`,`e`.`avatar`,`e`.`name`,`e`.`members`,`e`.`qr`,`e`.`expire_date`,`e`.`joinable_wc`,`e`.`reported`,`e`.`add_time` FROM `wk_entrance` `e` WHERE  `e`.`qrcode_id` = '10271'  AND `e`.`expire_date` >= NOW() [ RunTime:0.000626s ]
[2023-02-06T20:03:28+08:00][sql] SELECT COUNT(*) AS think_count FROM `wk_qrcode` WHERE  `provider_id` = 1 LIMIT 1 [ RunTime:0.000982s ]
[2023-02-06T20:03:57+08:00][sql] CONNECT:[ UseTime:0.001149s ] mysql:host=127.0.0.1;port=3306;dbname=c2;charset=utf8mb4
[2023-02-06T20:03:57+08:00][sql] SHOW FULL COLUMNS FROM `wk_provider` [ RunTime:0.001281s ]
[2023-02-06T20:03:57+08:00][sql] SELECT `id` FROM `wk_provider` WHERE  `id` = 1  AND `relogin` = 0 LIMIT 1 [ RunTime:0.001378s ]
[2023-02-06T20:03:57+08:00][sql] SELECT `id`,`username`,`score` FROM `wk_provider` WHERE  `id` = 1 LIMIT 1 [ RunTime:0.000454s ]
[2023-02-06T20:03:57+08:00][sql] SHOW FULL COLUMNS FROM `wk_setting` [ RunTime:0.001620s ]
[2023-02-06T20:03:57+08:00][sql] SELECT `int_val` FROM `wk_setting` WHERE  `key` = 'entrance_price' LIMIT 1 [ RunTime:0.000507s ]
[2023-02-06T20:03:57+08:00][sql] SELECT `int_val` FROM `wk_setting` WHERE  `key` = 'max_buy_times' LIMIT 1 [ RunTime:0.000323s ]
[2023-02-06T20:03:57+08:00][sql] SHOW FULL COLUMNS FROM `wk_qrcode` [ RunTime:0.001244s ]
[2023-02-06T20:03:57+08:00][sql] SELECT COUNT(*) AS think_count FROM `wk_qrcode` WHERE  `provider_id` = 1  AND `valid` = 1 LIMIT 1 [ RunTime:0.000433s ]
[2023-02-06T20:03:57+08:00][sql] CONNECT:[ UseTime:0.001238s ] mysql:host=127.0.0.1;port=3306;dbname=c2;charset=utf8mb4
[2023-02-06T20:03:57+08:00][sql] SHOW FULL COLUMNS FROM `wk_tag` [ RunTime:0.002409s ]
[2023-02-06T20:03:57+08:00][sql] SELECT `id`,`name` FROM `wk_tag` ORDER BY `id` [ RunTime:0.000369s ]
[2023-02-06T20:03:57+08:00][sql] CONNECT:[ UseTime:0.000951s ] mysql:host=127.0.0.1;port=3306;dbname=c2;charset=utf8mb4
[2023-02-06T20:03:57+08:00][sql] SHOW FULL COLUMNS FROM `wk_provider` [ RunTime:0.001691s ]
[2023-02-06T20:03:57+08:00][sql] SELECT `id` FROM `wk_provider` WHERE  `id` = 1  AND `relogin` = 0 LIMIT 1 [ RunTime:0.000674s ]
[2023-02-06T20:03:57+08:00][sql] SHOW FULL COLUMNS FROM `wk_qrcode` [ RunTime:0.002053s ]
[2023-02-06T20:03:57+08:00][sql] SELECT q.id,q.code,q.company,q.status,q.valid,q.valid_time,q.err_msg,q.add_time FROM `wk_qrcode` `q` WHERE  `q`.`provider_id` = '1' GROUP BY `q`.`id` LIMIT 0,20 [ RunTime:0.000424s ]
[2023-02-06T20:03:57+08:00][sql] SHOW FULL COLUMNS FROM `wk_entrance` [ RunTime:0.001239s ]
[2023-02-06T20:03:57+08:00][sql] SELECT `e`.`id`,`e`.`avatar`,`e`.`name`,`e`.`members`,`e`.`qr`,`e`.`expire_date`,`e`.`joinable_wc`,`e`.`reported`,`e`.`add_time` FROM `wk_entrance` `e` WHERE  `e`.`qrcode_id` = '9212'  AND `e`.`expire_date` >= NOW() [ RunTime:0.000734s ]
[2023-02-06T20:03:57+08:00][sql] SELECT `e`.`id`,`e`.`avatar`,`e`.`name`,`e`.`members`,`e`.`qr`,`e`.`expire_date`,`e`.`joinable_wc`,`e`.`reported`,`e`.`add_time` FROM `wk_entrance` `e` WHERE  `e`.`qrcode_id` = '9213'  AND `e`.`expire_date` >= NOW() [ RunTime:0.000475s ]
[2023-02-06T20:03:57+08:00][sql] SELECT `e`.`id`,`e`.`avatar`,`e`.`name`,`e`.`members`,`e`.`qr`,`e`.`expire_date`,`e`.`joinable_wc`,`e`.`reported`,`e`.`add_time` FROM `wk_entrance` `e` WHERE  `e`.`qrcode_id` = '9214'  AND `e`.`expire_date` >= NOW() [ RunTime:0.000478s ]
[2023-02-06T20:03:57+08:00][sql] SELECT `e`.`id`,`e`.`avatar`,`e`.`name`,`e`.`members`,`e`.`qr`,`e`.`expire_date`,`e`.`joinable_wc`,`e`.`reported`,`e`.`add_time` FROM `wk_entrance` `e` WHERE  `e`.`qrcode_id` = '9215'  AND `e`.`expire_date` >= NOW() [ RunTime:0.000487s ]
[2023-02-06T20:03:57+08:00][sql] SELECT `e`.`id`,`e`.`avatar`,`e`.`name`,`e`.`members`,`e`.`qr`,`e`.`expire_date`,`e`.`joinable_wc`,`e`.`reported`,`e`.`add_time` FROM `wk_entrance` `e` WHERE  `e`.`qrcode_id` = '10256'  AND `e`.`expire_date` >= NOW() [ RunTime:0.000493s ]
[2023-02-06T20:03:57+08:00][sql] SELECT `e`.`id`,`e`.`avatar`,`e`.`name`,`e`.`members`,`e`.`qr`,`e`.`expire_date`,`e`.`joinable_wc`,`e`.`reported`,`e`.`add_time` FROM `wk_entrance` `e` WHERE  `e`.`qrcode_id` = '10257'  AND `e`.`expire_date` >= NOW() [ RunTime:0.000456s ]
[2023-02-06T20:03:57+08:00][sql] SELECT `e`.`id`,`e`.`avatar`,`e`.`name`,`e`.`members`,`e`.`qr`,`e`.`expire_date`,`e`.`joinable_wc`,`e`.`reported`,`e`.`add_time` FROM `wk_entrance` `e` WHERE  `e`.`qrcode_id` = '10258'  AND `e`.`expire_date` >= NOW() [ RunTime:0.000421s ]
[2023-02-06T20:03:57+08:00][sql] SELECT `e`.`id`,`e`.`avatar`,`e`.`name`,`e`.`members`,`e`.`qr`,`e`.`expire_date`,`e`.`joinable_wc`,`e`.`reported`,`e`.`add_time` FROM `wk_entrance` `e` WHERE  `e`.`qrcode_id` = '10259'  AND `e`.`expire_date` >= NOW() [ RunTime:0.000499s ]
[2023-02-06T20:03:57+08:00][sql] SELECT `e`.`id`,`e`.`avatar`,`e`.`name`,`e`.`members`,`e`.`qr`,`e`.`expire_date`,`e`.`joinable_wc`,`e`.`reported`,`e`.`add_time` FROM `wk_entrance` `e` WHERE  `e`.`qrcode_id` = '10260'  AND `e`.`expire_date` >= NOW() [ RunTime:0.000451s ]
[2023-02-06T20:03:57+08:00][sql] SELECT `e`.`id`,`e`.`avatar`,`e`.`name`,`e`.`members`,`e`.`qr`,`e`.`expire_date`,`e`.`joinable_wc`,`e`.`reported`,`e`.`add_time` FROM `wk_entrance` `e` WHERE  `e`.`qrcode_id` = '10261'  AND `e`.`expire_date` >= NOW() [ RunTime:0.000430s ]
[2023-02-06T20:03:57+08:00][sql] SELECT `e`.`id`,`e`.`avatar`,`e`.`name`,`e`.`members`,`e`.`qr`,`e`.`expire_date`,`e`.`joinable_wc`,`e`.`reported`,`e`.`add_time` FROM `wk_entrance` `e` WHERE  `e`.`qrcode_id` = '10262'  AND `e`.`expire_date` >= NOW() [ RunTime:0.000528s ]
[2023-02-06T20:03:57+08:00][sql] SELECT `e`.`id`,`e`.`avatar`,`e`.`name`,`e`.`members`,`e`.`qr`,`e`.`expire_date`,`e`.`joinable_wc`,`e`.`reported`,`e`.`add_time` FROM `wk_entrance` `e` WHERE  `e`.`qrcode_id` = '10263'  AND `e`.`expire_date` >= NOW() [ RunTime:0.000633s ]
[2023-02-06T20:03:57+08:00][sql] SELECT `e`.`id`,`e`.`avatar`,`e`.`name`,`e`.`members`,`e`.`qr`,`e`.`expire_date`,`e`.`joinable_wc`,`e`.`reported`,`e`.`add_time` FROM `wk_entrance` `e` WHERE  `e`.`qrcode_id` = '10264'  AND `e`.`expire_date` >= NOW() [ RunTime:0.000792s ]
[2023-02-06T20:03:57+08:00][sql] SELECT `e`.`id`,`e`.`avatar`,`e`.`name`,`e`.`members`,`e`.`qr`,`e`.`expire_date`,`e`.`joinable_wc`,`e`.`reported`,`e`.`add_time` FROM `wk_entrance` `e` WHERE  `e`.`qrcode_id` = '10265'  AND `e`.`expire_date` >= NOW() [ RunTime:0.000900s ]
[2023-02-06T20:03:57+08:00][sql] SELECT `e`.`id`,`e`.`avatar`,`e`.`name`,`e`.`members`,`e`.`qr`,`e`.`expire_date`,`e`.`joinable_wc`,`e`.`reported`,`e`.`add_time` FROM `wk_entrance` `e` WHERE  `e`.`qrcode_id` = '10266'  AND `e`.`expire_date` >= NOW() [ RunTime:0.000723s ]
[2023-02-06T20:03:57+08:00][sql] SELECT `e`.`id`,`e`.`avatar`,`e`.`name`,`e`.`members`,`e`.`qr`,`e`.`expire_date`,`e`.`joinable_wc`,`e`.`reported`,`e`.`add_time` FROM `wk_entrance` `e` WHERE  `e`.`qrcode_id` = '10267'  AND `e`.`expire_date` >= NOW() [ RunTime:0.000571s ]
[2023-02-06T20:03:57+08:00][sql] SELECT `e`.`id`,`e`.`avatar`,`e`.`name`,`e`.`members`,`e`.`qr`,`e`.`expire_date`,`e`.`joinable_wc`,`e`.`reported`,`e`.`add_time` FROM `wk_entrance` `e` WHERE  `e`.`qrcode_id` = '10268'  AND `e`.`expire_date` >= NOW() [ RunTime:0.000799s ]
[2023-02-06T20:03:57+08:00][sql] SELECT `e`.`id`,`e`.`avatar`,`e`.`name`,`e`.`members`,`e`.`qr`,`e`.`expire_date`,`e`.`joinable_wc`,`e`.`reported`,`e`.`add_time` FROM `wk_entrance` `e` WHERE  `e`.`qrcode_id` = '10269'  AND `e`.`expire_date` >= NOW() [ RunTime:0.001028s ]
[2023-02-06T20:03:57+08:00][sql] SELECT `e`.`id`,`e`.`avatar`,`e`.`name`,`e`.`members`,`e`.`qr`,`e`.`expire_date`,`e`.`joinable_wc`,`e`.`reported`,`e`.`add_time` FROM `wk_entrance` `e` WHERE  `e`.`qrcode_id` = '10270'  AND `e`.`expire_date` >= NOW() [ RunTime:0.000601s ]
[2023-02-06T20:03:57+08:00][sql] SELECT `e`.`id`,`e`.`avatar`,`e`.`name`,`e`.`members`,`e`.`qr`,`e`.`expire_date`,`e`.`joinable_wc`,`e`.`reported`,`e`.`add_time` FROM `wk_entrance` `e` WHERE  `e`.`qrcode_id` = '10271'  AND `e`.`expire_date` >= NOW() [ RunTime:0.000580s ]
[2023-02-06T20:03:57+08:00][sql] SELECT COUNT(*) AS think_count FROM `wk_qrcode` WHERE  `provider_id` = 1 LIMIT 1 [ RunTime:0.000323s ]
[2023-02-06T20:04:02+08:00][sql] CONNECT:[ UseTime:0.000831s ] mysql:host=127.0.0.1;port=3306;dbname=c2;charset=utf8mb4
[2023-02-06T20:04:02+08:00][sql] SHOW FULL COLUMNS FROM `wk_tag` [ RunTime:0.001980s ]
[2023-02-06T20:04:02+08:00][sql] SELECT `id`,`name` FROM `wk_tag` ORDER BY `id` [ RunTime:0.000411s ]
[2023-02-06T20:04:04+08:00][sql] CONNECT:[ UseTime:0.002703s ] mysql:host=127.0.0.1;port=3306;dbname=c2;charset=utf8mb4
[2023-02-06T20:04:04+08:00][sql] SHOW FULL COLUMNS FROM `wk_provider` [ RunTime:0.001621s ]
[2023-02-06T20:04:04+08:00][sql] SELECT `id` FROM `wk_provider` WHERE  `id` = 1  AND `relogin` = 0 LIMIT 1 [ RunTime:0.000383s ]
[2023-02-06T20:04:04+08:00][sql] SELECT `id`,`username`,`score` FROM `wk_provider` WHERE  `id` = 1 LIMIT 1 [ RunTime:0.000336s ]
[2023-02-06T20:04:04+08:00][sql] SHOW FULL COLUMNS FROM `wk_setting` [ RunTime:0.001025s ]
[2023-02-06T20:04:04+08:00][sql] SELECT `int_val` FROM `wk_setting` WHERE  `key` = 'entrance_price' LIMIT 1 [ RunTime:0.000421s ]
[2023-02-06T20:04:04+08:00][sql] SELECT `int_val` FROM `wk_setting` WHERE  `key` = 'max_buy_times' LIMIT 1 [ RunTime:0.000368s ]
[2023-02-06T20:04:04+08:00][sql] SHOW FULL COLUMNS FROM `wk_qrcode` [ RunTime:0.001260s ]
[2023-02-06T20:04:04+08:00][sql] SELECT COUNT(*) AS think_count FROM `wk_qrcode` WHERE  `provider_id` = 1  AND `valid` = 1 LIMIT 1 [ RunTime:0.000524s ]
[2023-02-06T20:04:04+08:00][sql] CONNECT:[ UseTime:0.002321s ] mysql:host=127.0.0.1;port=3306;dbname=c2;charset=utf8mb4
[2023-02-06T20:04:04+08:00][sql] SHOW FULL COLUMNS FROM `wk_tag` [ RunTime:0.001988s ]
[2023-02-06T20:04:04+08:00][sql] SELECT `id`,`name` FROM `wk_tag` ORDER BY `id` [ RunTime:0.000863s ]
[2023-02-06T20:04:04+08:00][sql] CONNECT:[ UseTime:0.001213s ] mysql:host=127.0.0.1;port=3306;dbname=c2;charset=utf8mb4
[2023-02-06T20:04:04+08:00][sql] SHOW FULL COLUMNS FROM `wk_provider` [ RunTime:0.002038s ]
[2023-02-06T20:04:04+08:00][sql] SELECT `id` FROM `wk_provider` WHERE  `id` = 1  AND `relogin` = 0 LIMIT 1 [ RunTime:0.000563s ]
[2023-02-06T20:04:04+08:00][sql] SHOW FULL COLUMNS FROM `wk_qrcode` [ RunTime:0.002131s ]
[2023-02-06T20:04:04+08:00][sql] SELECT q.id,q.code,q.company,q.status,q.valid,q.valid_time,q.err_msg,q.add_time FROM `wk_qrcode` `q` WHERE  `q`.`provider_id` = '1' GROUP BY `q`.`id` LIMIT 0,20 [ RunTime:0.000607s ]
[2023-02-06T20:04:04+08:00][sql] SHOW FULL COLUMNS FROM `wk_entrance` [ RunTime:0.001509s ]
[2023-02-06T20:04:04+08:00][sql] SELECT `e`.`id`,`e`.`avatar`,`e`.`name`,`e`.`members`,`e`.`qr`,`e`.`expire_date`,`e`.`joinable_wc`,`e`.`reported`,`e`.`add_time` FROM `wk_entrance` `e` WHERE  `e`.`qrcode_id` = '9212'  AND `e`.`expire_date` >= NOW() [ RunTime:0.002526s ]
[2023-02-06T20:04:04+08:00][sql] SELECT `e`.`id`,`e`.`avatar`,`e`.`name`,`e`.`members`,`e`.`qr`,`e`.`expire_date`,`e`.`joinable_wc`,`e`.`reported`,`e`.`add_time` FROM `wk_entrance` `e` WHERE  `e`.`qrcode_id` = '9213'  AND `e`.`expire_date` >= NOW() [ RunTime:0.001427s ]
[2023-02-06T20:04:04+08:00][sql] SELECT `e`.`id`,`e`.`avatar`,`e`.`name`,`e`.`members`,`e`.`qr`,`e`.`expire_date`,`e`.`joinable_wc`,`e`.`reported`,`e`.`add_time` FROM `wk_entrance` `e` WHERE  `e`.`qrcode_id` = '9214'  AND `e`.`expire_date` >= NOW() [ RunTime:0.001175s ]
[2023-02-06T20:04:04+08:00][sql] SELECT `e`.`id`,`e`.`avatar`,`e`.`name`,`e`.`members`,`e`.`qr`,`e`.`expire_date`,`e`.`joinable_wc`,`e`.`reported`,`e`.`add_time` FROM `wk_entrance` `e` WHERE  `e`.`qrcode_id` = '9215'  AND `e`.`expire_date` >= NOW() [ RunTime:0.002321s ]
[2023-02-06T20:04:04+08:00][sql] SELECT `e`.`id`,`e`.`avatar`,`e`.`name`,`e`.`members`,`e`.`qr`,`e`.`expire_date`,`e`.`joinable_wc`,`e`.`reported`,`e`.`add_time` FROM `wk_entrance` `e` WHERE  `e`.`qrcode_id` = '10256'  AND `e`.`expire_date` >= NOW() [ RunTime:0.000730s ]
[2023-02-06T20:04:04+08:00][sql] SELECT `e`.`id`,`e`.`avatar`,`e`.`name`,`e`.`members`,`e`.`qr`,`e`.`expire_date`,`e`.`joinable_wc`,`e`.`reported`,`e`.`add_time` FROM `wk_entrance` `e` WHERE  `e`.`qrcode_id` = '10257'  AND `e`.`expire_date` >= NOW() [ RunTime:0.000662s ]
[2023-02-06T20:04:04+08:00][sql] SELECT `e`.`id`,`e`.`avatar`,`e`.`name`,`e`.`members`,`e`.`qr`,`e`.`expire_date`,`e`.`joinable_wc`,`e`.`reported`,`e`.`add_time` FROM `wk_entrance` `e` WHERE  `e`.`qrcode_id` = '10258'  AND `e`.`expire_date` >= NOW() [ RunTime:0.000568s ]
[2023-02-06T20:04:04+08:00][sql] SELECT `e`.`id`,`e`.`avatar`,`e`.`name`,`e`.`members`,`e`.`qr`,`e`.`expire_date`,`e`.`joinable_wc`,`e`.`reported`,`e`.`add_time` FROM `wk_entrance` `e` WHERE  `e`.`qrcode_id` = '10259'  AND `e`.`expire_date` >= NOW() [ RunTime:0.000529s ]
[2023-02-06T20:04:04+08:00][sql] SELECT `e`.`id`,`e`.`avatar`,`e`.`name`,`e`.`members`,`e`.`qr`,`e`.`expire_date`,`e`.`joinable_wc`,`e`.`reported`,`e`.`add_time` FROM `wk_entrance` `e` WHERE  `e`.`qrcode_id` = '10260'  AND `e`.`expire_date` >= NOW() [ RunTime:0.000559s ]
[2023-02-06T20:04:04+08:00][sql] SELECT `e`.`id`,`e`.`avatar`,`e`.`name`,`e`.`members`,`e`.`qr`,`e`.`expire_date`,`e`.`joinable_wc`,`e`.`reported`,`e`.`add_time` FROM `wk_entrance` `e` WHERE  `e`.`qrcode_id` = '10261'  AND `e`.`expire_date` >= NOW() [ RunTime:0.000534s ]
[2023-02-06T20:04:04+08:00][sql] SELECT `e`.`id`,`e`.`avatar`,`e`.`name`,`e`.`members`,`e`.`qr`,`e`.`expire_date`,`e`.`joinable_wc`,`e`.`reported`,`e`.`add_time` FROM `wk_entrance` `e` WHERE  `e`.`qrcode_id` = '10262'  AND `e`.`expire_date` >= NOW() [ RunTime:0.000547s ]
[2023-02-06T20:04:04+08:00][sql] SELECT `e`.`id`,`e`.`avatar`,`e`.`name`,`e`.`members`,`e`.`qr`,`e`.`expire_date`,`e`.`joinable_wc`,`e`.`reported`,`e`.`add_time` FROM `wk_entrance` `e` WHERE  `e`.`qrcode_id` = '10263'  AND `e`.`expire_date` >= NOW() [ RunTime:0.000587s ]
[2023-02-06T20:04:04+08:00][sql] SELECT `e`.`id`,`e`.`avatar`,`e`.`name`,`e`.`members`,`e`.`qr`,`e`.`expire_date`,`e`.`joinable_wc`,`e`.`reported`,`e`.`add_time` FROM `wk_entrance` `e` WHERE  `e`.`qrcode_id` = '10264'  AND `e`.`expire_date` >= NOW() [ RunTime:0.000869s ]
[2023-02-06T20:04:04+08:00][sql] SELECT `e`.`id`,`e`.`avatar`,`e`.`name`,`e`.`members`,`e`.`qr`,`e`.`expire_date`,`e`.`joinable_wc`,`e`.`reported`,`e`.`add_time` FROM `wk_entrance` `e` WHERE  `e`.`qrcode_id` = '10265'  AND `e`.`expire_date` >= NOW() [ RunTime:0.001188s ]
[2023-02-06T20:04:04+08:00][sql] SELECT `e`.`id`,`e`.`avatar`,`e`.`name`,`e`.`members`,`e`.`qr`,`e`.`expire_date`,`e`.`joinable_wc`,`e`.`reported`,`e`.`add_time` FROM `wk_entrance` `e` WHERE  `e`.`qrcode_id` = '10266'  AND `e`.`expire_date` >= NOW() [ RunTime:0.001412s ]
[2023-02-06T20:04:04+08:00][sql] SELECT `e`.`id`,`e`.`avatar`,`e`.`name`,`e`.`members`,`e`.`qr`,`e`.`expire_date`,`e`.`joinable_wc`,`e`.`reported`,`e`.`add_time` FROM `wk_entrance` `e` WHERE  `e`.`qrcode_id` = '10267'  AND `e`.`expire_date` >= NOW() [ RunTime:0.000907s ]
[2023-02-06T20:04:04+08:00][sql] SELECT `e`.`id`,`e`.`avatar`,`e`.`name`,`e`.`members`,`e`.`qr`,`e`.`expire_date`,`e`.`joinable_wc`,`e`.`reported`,`e`.`add_time` FROM `wk_entrance` `e` WHERE  `e`.`qrcode_id` = '10268'  AND `e`.`expire_date` >= NOW() [ RunTime:0.001071s ]
[2023-02-06T20:04:04+08:00][sql] SELECT `e`.`id`,`e`.`avatar`,`e`.`name`,`e`.`members`,`e`.`qr`,`e`.`expire_date`,`e`.`joinable_wc`,`e`.`reported`,`e`.`add_time` FROM `wk_entrance` `e` WHERE  `e`.`qrcode_id` = '10269'  AND `e`.`expire_date` >= NOW() [ RunTime:0.000941s ]
[2023-02-06T20:04:04+08:00][sql] SELECT `e`.`id`,`e`.`avatar`,`e`.`name`,`e`.`members`,`e`.`qr`,`e`.`expire_date`,`e`.`joinable_wc`,`e`.`reported`,`e`.`add_time` FROM `wk_entrance` `e` WHERE  `e`.`qrcode_id` = '10270'  AND `e`.`expire_date` >= NOW() [ RunTime:0.000841s ]
[2023-02-06T20:04:04+08:00][sql] SELECT `e`.`id`,`e`.`avatar`,`e`.`name`,`e`.`members`,`e`.`qr`,`e`.`expire_date`,`e`.`joinable_wc`,`e`.`reported`,`e`.`add_time` FROM `wk_entrance` `e` WHERE  `e`.`qrcode_id` = '10271'  AND `e`.`expire_date` >= NOW() [ RunTime:0.000617s ]
[2023-02-06T20:04:04+08:00][sql] SELECT COUNT(*) AS think_count FROM `wk_qrcode` WHERE  `provider_id` = 1 LIMIT 1 [ RunTime:0.000306s ]
[2023-02-06T20:04:10+08:00][sql] CONNECT:[ UseTime:0.000548s ] mysql:host=127.0.0.1;port=3306;dbname=c2;charset=utf8mb4
[2023-02-06T20:04:10+08:00][sql] SHOW FULL COLUMNS FROM `wk_tag` [ RunTime:0.000578s ]
[2023-02-06T20:04:10+08:00][sql] SELECT `id`,`name` FROM `wk_tag` ORDER BY `id` [ RunTime:0.000164s ]
[2023-02-06T20:04:12+08:00][sql] CONNECT:[ UseTime:0.024891s ] mysql:host=127.0.0.1;port=3306;dbname=c2;charset=utf8mb4
[2023-02-06T20:04:12+08:00][sql] SHOW FULL COLUMNS FROM `wk_tag` [ RunTime:0.000726s ]
[2023-02-06T20:04:12+08:00][sql] SELECT `id`,`name` FROM `wk_tag` ORDER BY `id` [ RunTime:0.000154s ]
[2023-02-06T20:04:15+08:00][sql] CONNECT:[ UseTime:0.000586s ] mysql:host=127.0.0.1;port=3306;dbname=c2;charset=utf8mb4
[2023-02-06T20:04:15+08:00][sql] SHOW FULL COLUMNS FROM `wk_tag` [ RunTime:0.000682s ]
[2023-02-06T20:04:15+08:00][sql] SELECT `id`,`name` FROM `wk_tag` ORDER BY `id` [ RunTime:0.000203s ]
[2023-02-06T20:04:17+08:00][sql] CONNECT:[ UseTime:0.011091s ] mysql:host=127.0.0.1;port=3306;dbname=c2;charset=utf8mb4
[2023-02-06T20:04:17+08:00][sql] SHOW FULL COLUMNS FROM `wk_tag` [ RunTime:0.001503s ]
[2023-02-06T20:04:17+08:00][sql] SELECT `id`,`name` FROM `wk_tag` ORDER BY `id` [ RunTime:0.000190s ]
[2023-02-06T20:05:58+08:00][sql] CONNECT:[ UseTime:0.000556s ] mysql:host=127.0.0.1;port=3306;dbname=c2;charset=utf8mb4
[2023-02-06T20:05:58+08:00][sql] SHOW FULL COLUMNS FROM `wk_tag` [ RunTime:0.000820s ]
[2023-02-06T20:05:58+08:00][sql] SELECT `id`,`name` FROM `wk_tag` ORDER BY `id` [ RunTime:0.000209s ]
[2023-02-06T20:06:23+08:00][sql] CONNECT:[ UseTime:0.001571s ] mysql:host=127.0.0.1;port=3306;dbname=c2;charset=utf8mb4
[2023-02-06T20:06:23+08:00][sql] SHOW FULL COLUMNS FROM `wk_tag` [ RunTime:0.001940s ]
[2023-02-06T20:06:23+08:00][sql] SELECT `id`,`name` FROM `wk_tag` ORDER BY `id` [ RunTime:0.000277s ]
[2023-02-06T20:06:24+08:00][sql] CONNECT:[ UseTime:0.000712s ] mysql:host=127.0.0.1;port=3306;dbname=c2;charset=utf8mb4
[2023-02-06T20:06:24+08:00][sql] SHOW FULL COLUMNS FROM `wk_tag` [ RunTime:0.001370s ]
[2023-02-06T20:06:24+08:00][sql] SELECT `id`,`name` FROM `wk_tag` ORDER BY `id` [ RunTime:0.000332s ]
[2023-02-06T20:06:26+08:00][sql] CONNECT:[ UseTime:0.000661s ] mysql:host=127.0.0.1;port=3306;dbname=c2;charset=utf8mb4
[2023-02-06T20:06:26+08:00][sql] SHOW FULL COLUMNS FROM `wk_tag` [ RunTime:0.000712s ]
[2023-02-06T20:06:26+08:00][sql] SELECT `id`,`name` FROM `wk_tag` ORDER BY `id` [ RunTime:0.000288s ]
[2023-02-06T20:06:28+08:00][sql] CONNECT:[ UseTime:0.000752s ] mysql:host=127.0.0.1;port=3306;dbname=c2;charset=utf8mb4
[2023-02-06T20:06:28+08:00][sql] SHOW FULL COLUMNS FROM `wk_tag` [ RunTime:0.000929s ]
[2023-02-06T20:06:28+08:00][sql] SELECT `id`,`name` FROM `wk_tag` ORDER BY `id` [ RunTime:0.000274s ]
[2023-02-06T20:06:29+08:00][sql] CONNECT:[ UseTime:0.000578s ] mysql:host=127.0.0.1;port=3306;dbname=c2;charset=utf8mb4
[2023-02-06T20:06:29+08:00][sql] SHOW FULL COLUMNS FROM `wk_tag` [ RunTime:0.000836s ]
[2023-02-06T20:06:29+08:00][sql] SELECT `id`,`name` FROM `wk_tag` ORDER BY `id` [ RunTime:0.000199s ]
[2023-02-06T20:06:37+08:00][sql] CONNECT:[ UseTime:0.000434s ] mysql:host=127.0.0.1;port=3306;dbname=c2;charset=utf8mb4
[2023-02-06T20:06:37+08:00][sql] SHOW FULL COLUMNS FROM `wk_tag` [ RunTime:0.000495s ]
[2023-02-06T20:06:37+08:00][sql] SELECT `id`,`name` FROM `wk_tag` ORDER BY `id` [ RunTime:0.000153s ]
[2023-02-06T20:07:10+08:00][sql] CONNECT:[ UseTime:0.000642s ] mysql:host=127.0.0.1;port=3306;dbname=c2;charset=utf8mb4
[2023-02-06T20:07:10+08:00][sql] SHOW FULL COLUMNS FROM `wk_tag` [ RunTime:0.000776s ]
[2023-02-06T20:07:10+08:00][sql] SELECT `id`,`name` FROM `wk_tag` ORDER BY `id` [ RunTime:0.000226s ]
[2023-02-06T20:07:27+08:00][sql] CONNECT:[ UseTime:0.000863s ] mysql:host=127.0.0.1;port=3306;dbname=c2;charset=utf8mb4
[2023-02-06T20:07:27+08:00][sql] SHOW FULL COLUMNS FROM `wk_tag` [ RunTime:0.001880s ]
[2023-02-06T20:07:27+08:00][sql] SELECT `id`,`name` FROM `wk_tag` ORDER BY `id` [ RunTime:0.000323s ]
[2023-02-06T20:07:29+08:00][sql] CONNECT:[ UseTime:0.000867s ] mysql:host=127.0.0.1;port=3306;dbname=c2;charset=utf8mb4
[2023-02-06T20:07:29+08:00][sql] SHOW FULL COLUMNS FROM `wk_tag` [ RunTime:0.000952s ]
[2023-02-06T20:07:29+08:00][sql] SELECT `id`,`name` FROM `wk_tag` ORDER BY `id` [ RunTime:0.000258s ]
[2023-02-06T20:07:31+08:00][sql] CONNECT:[ UseTime:0.001029s ] mysql:host=127.0.0.1;port=3306;dbname=c2;charset=utf8mb4
[2023-02-06T20:07:31+08:00][sql] SHOW FULL COLUMNS FROM `wk_tag` [ RunTime:0.000886s ]
[2023-02-06T20:07:31+08:00][sql] SELECT `id`,`name` FROM `wk_tag` ORDER BY `id` [ RunTime:0.000269s ]
[2023-02-06T20:07:32+08:00][sql] CONNECT:[ UseTime:0.000707s ] mysql:host=127.0.0.1;port=3306;dbname=c2;charset=utf8mb4
[2023-02-06T20:07:32+08:00][sql] SHOW FULL COLUMNS FROM `wk_tag` [ RunTime:0.000857s ]
[2023-02-06T20:07:32+08:00][sql] SELECT `id`,`name` FROM `wk_tag` ORDER BY `id` [ RunTime:0.000494s ]
[2023-02-06T20:07:36+08:00][sql] CONNECT:[ UseTime:0.000538s ] mysql:host=127.0.0.1;port=3306;dbname=c2;charset=utf8mb4
[2023-02-06T20:07:36+08:00][sql] SHOW FULL COLUMNS FROM `wk_tag` [ RunTime:0.000595s ]
[2023-02-06T20:07:36+08:00][sql] SELECT `id`,`name` FROM `wk_tag` ORDER BY `id` [ RunTime:0.000170s ]
[2023-02-06T20:07:38+08:00][sql] CONNECT:[ UseTime:0.000659s ] mysql:host=127.0.0.1;port=3306;dbname=c2;charset=utf8mb4
[2023-02-06T20:07:38+08:00][sql] SHOW FULL COLUMNS FROM `wk_tag` [ RunTime:0.000841s ]
[2023-02-06T20:07:38+08:00][sql] SELECT `id`,`name` FROM `wk_tag` ORDER BY `id` [ RunTime:0.000280s ]
[2023-02-06T20:07:40+08:00][sql] CONNECT:[ UseTime:0.000667s ] mysql:host=127.0.0.1;port=3306;dbname=c2;charset=utf8mb4
[2023-02-06T20:07:40+08:00][sql] SHOW FULL COLUMNS FROM `wk_tag` [ RunTime:0.000791s ]
[2023-02-06T20:07:40+08:00][sql] SELECT `id`,`name` FROM `wk_tag` ORDER BY `id` [ RunTime:0.000319s ]
[2023-02-06T20:07:56+08:00][sql] CONNECT:[ UseTime:0.000578s ] mysql:host=127.0.0.1;port=3306;dbname=c2;charset=utf8mb4
[2023-02-06T20:07:56+08:00][sql] SHOW FULL COLUMNS FROM `wk_tag` [ RunTime:0.000547s ]
[2023-02-06T20:07:56+08:00][sql] SELECT `id`,`name` FROM `wk_tag` ORDER BY `id` [ RunTime:0.000132s ]
[2023-02-06T20:08:02+08:00][sql] CONNECT:[ UseTime:0.021841s ] mysql:host=127.0.0.1;port=3306;dbname=c2;charset=utf8mb4
[2023-02-06T20:08:02+08:00][sql] SHOW FULL COLUMNS FROM `wk_tag` [ RunTime:0.000876s ]
[2023-02-06T20:08:02+08:00][sql] SELECT `id`,`name` FROM `wk_tag` ORDER BY `id` [ RunTime:0.000187s ]
[2023-02-06T20:08:16+08:00][sql] CONNECT:[ UseTime:0.000628s ] mysql:host=127.0.0.1;port=3306;dbname=c2;charset=utf8mb4
[2023-02-06T20:08:16+08:00][sql] SHOW FULL COLUMNS FROM `wk_tag` [ RunTime:0.000887s ]
[2023-02-06T20:08:16+08:00][sql] SELECT `id`,`name` FROM `wk_tag` ORDER BY `id` [ RunTime:0.000322s ]
[2023-02-06T20:08:21+08:00][sql] CONNECT:[ UseTime:0.000580s ] mysql:host=127.0.0.1;port=3306;dbname=c2;charset=utf8mb4
[2023-02-06T20:08:21+08:00][sql] SHOW FULL COLUMNS FROM `wk_tag` [ RunTime:0.000660s ]
[2023-02-06T20:08:21+08:00][sql] SELECT `id`,`name` FROM `wk_tag` ORDER BY `id` [ RunTime:0.000194s ]
[2023-02-06T20:08:24+08:00][sql] CONNECT:[ UseTime:0.000574s ] mysql:host=127.0.0.1;port=3306;dbname=c2;charset=utf8mb4
[2023-02-06T20:08:24+08:00][sql] SHOW FULL COLUMNS FROM `wk_tag` [ RunTime:0.000837s ]
[2023-02-06T20:08:24+08:00][sql] SELECT `id`,`name` FROM `wk_tag` ORDER BY `id` [ RunTime:0.000201s ]
[2023-02-06T20:08:50+08:00][sql] CONNECT:[ UseTime:0.000726s ] mysql:host=127.0.0.1;port=3306;dbname=c2;charset=utf8mb4
[2023-02-06T20:08:50+08:00][sql] SHOW FULL COLUMNS FROM `wk_tag` [ RunTime:0.001264s ]
[2023-02-06T20:08:50+08:00][sql] SELECT `id`,`name` FROM `wk_tag` ORDER BY `id` [ RunTime:0.000414s ]
[2023-02-06T20:08:51+08:00][sql] CONNECT:[ UseTime:0.000891s ] mysql:host=127.0.0.1;port=3306;dbname=c2;charset=utf8mb4
[2023-02-06T20:08:51+08:00][sql] SHOW FULL COLUMNS FROM `wk_provider` [ RunTime:0.001271s ]
[2023-02-06T20:08:51+08:00][sql] SELECT `id` FROM `wk_provider` WHERE  `id` = 1  AND `relogin` = 0 LIMIT 1 [ RunTime:0.000298s ]
[2023-02-06T20:08:51+08:00][sql] SELECT `id`,`username`,`score` FROM `wk_provider` WHERE  `id` = 1 LIMIT 1 [ RunTime:0.000249s ]
[2023-02-06T20:08:51+08:00][sql] SHOW FULL COLUMNS FROM `wk_setting` [ RunTime:0.000731s ]
[2023-02-06T20:08:51+08:00][sql] SELECT `int_val` FROM `wk_setting` WHERE  `key` = 'entrance_price' LIMIT 1 [ RunTime:0.000290s ]
[2023-02-06T20:08:51+08:00][sql] SELECT `int_val` FROM `wk_setting` WHERE  `key` = 'max_buy_times' LIMIT 1 [ RunTime:0.000255s ]
[2023-02-06T20:08:51+08:00][sql] SHOW FULL COLUMNS FROM `wk_qrcode` [ RunTime:0.001043s ]
[2023-02-06T20:08:51+08:00][sql] SELECT COUNT(*) AS think_count FROM `wk_qrcode` WHERE  `provider_id` = 1  AND `valid` = 1 LIMIT 1 [ RunTime:0.000343s ]
[2023-02-06T20:08:51+08:00][sql] CONNECT:[ UseTime:0.001244s ] mysql:host=127.0.0.1;port=3306;dbname=c2;charset=utf8mb4
[2023-02-06T20:08:51+08:00][sql] SHOW FULL COLUMNS FROM `wk_tag` [ RunTime:0.001731s ]
[2023-02-06T20:08:51+08:00][sql] SELECT `id`,`name` FROM `wk_tag` ORDER BY `id` [ RunTime:0.000440s ]
[2023-02-06T20:08:51+08:00][sql] CONNECT:[ UseTime:0.000973s ] mysql:host=127.0.0.1;port=3306;dbname=c2;charset=utf8mb4
[2023-02-06T20:08:51+08:00][sql] SHOW FULL COLUMNS FROM `wk_provider` [ RunTime:0.001632s ]
[2023-02-06T20:08:51+08:00][sql] SELECT `id` FROM `wk_provider` WHERE  `id` = 1  AND `relogin` = 0 LIMIT 1 [ RunTime:0.000678s ]
[2023-02-06T20:08:51+08:00][sql] SHOW FULL COLUMNS FROM `wk_qrcode` [ RunTime:0.001502s ]
[2023-02-06T20:08:51+08:00][sql] SELECT q.id,q.code,q.company,q.status,q.valid,q.valid_time,q.err_msg,q.add_time FROM `wk_qrcode` `q` WHERE  `q`.`provider_id` = '1' GROUP BY `q`.`id` LIMIT 0,20 [ RunTime:0.000457s ]
[2023-02-06T20:08:51+08:00][sql] SHOW FULL COLUMNS FROM `wk_entrance` [ RunTime:0.002494s ]
[2023-02-06T20:08:51+08:00][sql] SELECT `e`.`id`,`e`.`avatar`,`e`.`name`,`e`.`members`,`e`.`qr`,`e`.`expire_date`,`e`.`joinable_wc`,`e`.`reported`,`e`.`add_time` FROM `wk_entrance` `e` WHERE  `e`.`qrcode_id` = '9212'  AND `e`.`expire_date` >= NOW() [ RunTime:0.001259s ]
[2023-02-06T20:08:51+08:00][sql] SELECT `e`.`id`,`e`.`avatar`,`e`.`name`,`e`.`members`,`e`.`qr`,`e`.`expire_date`,`e`.`joinable_wc`,`e`.`reported`,`e`.`add_time` FROM `wk_entrance` `e` WHERE  `e`.`qrcode_id` = '9213'  AND `e`.`expire_date` >= NOW() [ RunTime:0.001445s ]
[2023-02-06T20:08:51+08:00][sql] SELECT `e`.`id`,`e`.`avatar`,`e`.`name`,`e`.`members`,`e`.`qr`,`e`.`expire_date`,`e`.`joinable_wc`,`e`.`reported`,`e`.`add_time` FROM `wk_entrance` `e` WHERE  `e`.`qrcode_id` = '9214'  AND `e`.`expire_date` >= NOW() [ RunTime:0.001008s ]
[2023-02-06T20:08:51+08:00][sql] SELECT `e`.`id`,`e`.`avatar`,`e`.`name`,`e`.`members`,`e`.`qr`,`e`.`expire_date`,`e`.`joinable_wc`,`e`.`reported`,`e`.`add_time` FROM `wk_entrance` `e` WHERE  `e`.`qrcode_id` = '9215'  AND `e`.`expire_date` >= NOW() [ RunTime:0.000600s ]
[2023-02-06T20:08:51+08:00][sql] SELECT `e`.`id`,`e`.`avatar`,`e`.`name`,`e`.`members`,`e`.`qr`,`e`.`expire_date`,`e`.`joinable_wc`,`e`.`reported`,`e`.`add_time` FROM `wk_entrance` `e` WHERE  `e`.`qrcode_id` = '10256'  AND `e`.`expire_date` >= NOW() [ RunTime:0.000534s ]
[2023-02-06T20:08:51+08:00][sql] SELECT `e`.`id`,`e`.`avatar`,`e`.`name`,`e`.`members`,`e`.`qr`,`e`.`expire_date`,`e`.`joinable_wc`,`e`.`reported`,`e`.`add_time` FROM `wk_entrance` `e` WHERE  `e`.`qrcode_id` = '10257'  AND `e`.`expire_date` >= NOW() [ RunTime:0.001294s ]
[2023-02-06T20:08:51+08:00][sql] SELECT `e`.`id`,`e`.`avatar`,`e`.`name`,`e`.`members`,`e`.`qr`,`e`.`expire_date`,`e`.`joinable_wc`,`e`.`reported`,`e`.`add_time` FROM `wk_entrance` `e` WHERE  `e`.`qrcode_id` = '10258'  AND `e`.`expire_date` >= NOW() [ RunTime:0.000653s ]
[2023-02-06T20:08:51+08:00][sql] SELECT `e`.`id`,`e`.`avatar`,`e`.`name`,`e`.`members`,`e`.`qr`,`e`.`expire_date`,`e`.`joinable_wc`,`e`.`reported`,`e`.`add_time` FROM `wk_entrance` `e` WHERE  `e`.`qrcode_id` = '10259'  AND `e`.`expire_date` >= NOW() [ RunTime:0.000728s ]
[2023-02-06T20:08:51+08:00][sql] SELECT `e`.`id`,`e`.`avatar`,`e`.`name`,`e`.`members`,`e`.`qr`,`e`.`expire_date`,`e`.`joinable_wc`,`e`.`reported`,`e`.`add_time` FROM `wk_entrance` `e` WHERE  `e`.`qrcode_id` = '10260'  AND `e`.`expire_date` >= NOW() [ RunTime:0.000566s ]
[2023-02-06T20:08:51+08:00][sql] SELECT `e`.`id`,`e`.`avatar`,`e`.`name`,`e`.`members`,`e`.`qr`,`e`.`expire_date`,`e`.`joinable_wc`,`e`.`reported`,`e`.`add_time` FROM `wk_entrance` `e` WHERE  `e`.`qrcode_id` = '10261'  AND `e`.`expire_date` >= NOW() [ RunTime:0.000524s ]
[2023-02-06T20:08:51+08:00][sql] SELECT `e`.`id`,`e`.`avatar`,`e`.`name`,`e`.`members`,`e`.`qr`,`e`.`expire_date`,`e`.`joinable_wc`,`e`.`reported`,`e`.`add_time` FROM `wk_entrance` `e` WHERE  `e`.`qrcode_id` = '10262'  AND `e`.`expire_date` >= NOW() [ RunTime:0.000671s ]
[2023-02-06T20:08:51+08:00][sql] SELECT `e`.`id`,`e`.`avatar`,`e`.`name`,`e`.`members`,`e`.`qr`,`e`.`expire_date`,`e`.`joinable_wc`,`e`.`reported`,`e`.`add_time` FROM `wk_entrance` `e` WHERE  `e`.`qrcode_id` = '10263'  AND `e`.`expire_date` >= NOW() [ RunTime:0.000705s ]
[2023-02-06T20:08:51+08:00][sql] SELECT `e`.`id`,`e`.`avatar`,`e`.`name`,`e`.`members`,`e`.`qr`,`e`.`expire_date`,`e`.`joinable_wc`,`e`.`reported`,`e`.`add_time` FROM `wk_entrance` `e` WHERE  `e`.`qrcode_id` = '10264'  AND `e`.`expire_date` >= NOW() [ RunTime:0.000674s ]
[2023-02-06T20:08:51+08:00][sql] SELECT `e`.`id`,`e`.`avatar`,`e`.`name`,`e`.`members`,`e`.`qr`,`e`.`expire_date`,`e`.`joinable_wc`,`e`.`reported`,`e`.`add_time` FROM `wk_entrance` `e` WHERE  `e`.`qrcode_id` = '10265'  AND `e`.`expire_date` >= NOW() [ RunTime:0.000810s ]
[2023-02-06T20:08:51+08:00][sql] SELECT `e`.`id`,`e`.`avatar`,`e`.`name`,`e`.`members`,`e`.`qr`,`e`.`expire_date`,`e`.`joinable_wc`,`e`.`reported`,`e`.`add_time` FROM `wk_entrance` `e` WHERE  `e`.`qrcode_id` = '10266'  AND `e`.`expire_date` >= NOW() [ RunTime:0.000718s ]
[2023-02-06T20:08:51+08:00][sql] SELECT `e`.`id`,`e`.`avatar`,`e`.`name`,`e`.`members`,`e`.`qr`,`e`.`expire_date`,`e`.`joinable_wc`,`e`.`reported`,`e`.`add_time` FROM `wk_entrance` `e` WHERE  `e`.`qrcode_id` = '10267'  AND `e`.`expire_date` >= NOW() [ RunTime:0.000652s ]
[2023-02-06T20:08:51+08:00][sql] SELECT `e`.`id`,`e`.`avatar`,`e`.`name`,`e`.`members`,`e`.`qr`,`e`.`expire_date`,`e`.`joinable_wc`,`e`.`reported`,`e`.`add_time` FROM `wk_entrance` `e` WHERE  `e`.`qrcode_id` = '10268'  AND `e`.`expire_date` >= NOW() [ RunTime:0.000816s ]
[2023-02-06T20:08:51+08:00][sql] SELECT `e`.`id`,`e`.`avatar`,`e`.`name`,`e`.`members`,`e`.`qr`,`e`.`expire_date`,`e`.`joinable_wc`,`e`.`reported`,`e`.`add_time` FROM `wk_entrance` `e` WHERE  `e`.`qrcode_id` = '10269'  AND `e`.`expire_date` >= NOW() [ RunTime:0.000715s ]
[2023-02-06T20:08:51+08:00][sql] SELECT `e`.`id`,`e`.`avatar`,`e`.`name`,`e`.`members`,`e`.`qr`,`e`.`expire_date`,`e`.`joinable_wc`,`e`.`reported`,`e`.`add_time` FROM `wk_entrance` `e` WHERE  `e`.`qrcode_id` = '10270'  AND `e`.`expire_date` >= NOW() [ RunTime:0.000745s ]
[2023-02-06T20:08:51+08:00][sql] SELECT `e`.`id`,`e`.`avatar`,`e`.`name`,`e`.`members`,`e`.`qr`,`e`.`expire_date`,`e`.`joinable_wc`,`e`.`reported`,`e`.`add_time` FROM `wk_entrance` `e` WHERE  `e`.`qrcode_id` = '10271'  AND `e`.`expire_date` >= NOW() [ RunTime:0.000773s ]
[2023-02-06T20:08:51+08:00][sql] SELECT COUNT(*) AS think_count FROM `wk_qrcode` WHERE  `provider_id` = 1 LIMIT 1 [ RunTime:0.000517s ]
[2023-02-06T20:08:54+08:00][sql] CONNECT:[ UseTime:0.001245s ] mysql:host=127.0.0.1;port=3306;dbname=c2;charset=utf8mb4
[2023-02-06T20:08:54+08:00][sql] SHOW FULL COLUMNS FROM `wk_tag` [ RunTime:0.001489s ]
[2023-02-06T20:08:54+08:00][sql] SELECT `id`,`name` FROM `wk_tag` ORDER BY `id` [ RunTime:0.000405s ]
[2023-02-06T20:08:56+08:00][sql] CONNECT:[ UseTime:0.008944s ] mysql:host=127.0.0.1;port=3306;dbname=c2;charset=utf8mb4
[2023-02-06T20:08:56+08:00][sql] SHOW FULL COLUMNS FROM `wk_provider` [ RunTime:0.001350s ]
[2023-02-06T20:08:56+08:00][sql] SELECT `id` FROM `wk_provider` WHERE  `id` = 1  AND `relogin` = 0 LIMIT 1 [ RunTime:0.000366s ]
[2023-02-06T20:08:56+08:00][sql] SELECT `id`,`username`,`score` FROM `wk_provider` WHERE  `id` = 1 LIMIT 1 [ RunTime:0.000387s ]
[2023-02-06T20:08:56+08:00][sql] SHOW FULL COLUMNS FROM `wk_setting` [ RunTime:0.001291s ]
[2023-02-06T20:08:56+08:00][sql] SELECT `int_val` FROM `wk_setting` WHERE  `key` = 'entrance_price' LIMIT 1 [ RunTime:0.000364s ]
[2023-02-06T20:08:56+08:00][sql] SELECT `int_val` FROM `wk_setting` WHERE  `key` = 'max_buy_times' LIMIT 1 [ RunTime:0.000316s ]
[2023-02-06T20:08:56+08:00][sql] SHOW FULL COLUMNS FROM `wk_qrcode` [ RunTime:0.001170s ]
[2023-02-06T20:08:56+08:00][sql] SELECT COUNT(*) AS think_count FROM `wk_qrcode` WHERE  `provider_id` = 1  AND `valid` = 1 LIMIT 1 [ RunTime:0.001383s ]
[2023-02-06T20:08:56+08:00][sql] CONNECT:[ UseTime:0.001004s ] mysql:host=127.0.0.1;port=3306;dbname=c2;charset=utf8mb4
[2023-02-06T20:08:56+08:00][sql] SHOW FULL COLUMNS FROM `wk_tag` [ RunTime:0.001248s ]
[2023-02-06T20:08:56+08:00][sql] SELECT `id`,`name` FROM `wk_tag` ORDER BY `id` [ RunTime:0.000436s ]
[2023-02-06T20:08:56+08:00][sql] CONNECT:[ UseTime:0.000896s ] mysql:host=127.0.0.1;port=3306;dbname=c2;charset=utf8mb4
[2023-02-06T20:08:56+08:00][sql] SHOW FULL COLUMNS FROM `wk_provider` [ RunTime:0.001470s ]
[2023-02-06T20:08:56+08:00][sql] SELECT `id` FROM `wk_provider` WHERE  `id` = 1  AND `relogin` = 0 LIMIT 1 [ RunTime:0.000519s ]
[2023-02-06T20:08:56+08:00][sql] SHOW FULL COLUMNS FROM `wk_qrcode` [ RunTime:0.001525s ]
[2023-02-06T20:08:56+08:00][sql] SELECT q.id,q.code,q.company,q.status,q.valid,q.valid_time,q.err_msg,q.add_time FROM `wk_qrcode` `q` WHERE  `q`.`provider_id` = '1' GROUP BY `q`.`id` LIMIT 0,20 [ RunTime:0.000536s ]
[2023-02-06T20:08:56+08:00][sql] SHOW FULL COLUMNS FROM `wk_entrance` [ RunTime:0.001359s ]
[2023-02-06T20:08:56+08:00][sql] SELECT `e`.`id`,`e`.`avatar`,`e`.`name`,`e`.`members`,`e`.`qr`,`e`.`expire_date`,`e`.`joinable_wc`,`e`.`reported`,`e`.`add_time` FROM `wk_entrance` `e` WHERE  `e`.`qrcode_id` = '9212'  AND `e`.`expire_date` >= NOW() [ RunTime:0.000749s ]
[2023-02-06T20:08:56+08:00][sql] SELECT `e`.`id`,`e`.`avatar`,`e`.`name`,`e`.`members`,`e`.`qr`,`e`.`expire_date`,`e`.`joinable_wc`,`e`.`reported`,`e`.`add_time` FROM `wk_entrance` `e` WHERE  `e`.`qrcode_id` = '9213'  AND `e`.`expire_date` >= NOW() [ RunTime:0.000847s ]
[2023-02-06T20:08:56+08:00][sql] SELECT `e`.`id`,`e`.`avatar`,`e`.`name`,`e`.`members`,`e`.`qr`,`e`.`expire_date`,`e`.`joinable_wc`,`e`.`reported`,`e`.`add_time` FROM `wk_entrance` `e` WHERE  `e`.`qrcode_id` = '9214'  AND `e`.`expire_date` >= NOW() [ RunTime:0.001294s ]
[2023-02-06T20:08:56+08:00][sql] SELECT `e`.`id`,`e`.`avatar`,`e`.`name`,`e`.`members`,`e`.`qr`,`e`.`expire_date`,`e`.`joinable_wc`,`e`.`reported`,`e`.`add_time` FROM `wk_entrance` `e` WHERE  `e`.`qrcode_id` = '9215'  AND `e`.`expire_date` >= NOW() [ RunTime:0.000998s ]
[2023-02-06T20:08:56+08:00][sql] SELECT `e`.`id`,`e`.`avatar`,`e`.`name`,`e`.`members`,`e`.`qr`,`e`.`expire_date`,`e`.`joinable_wc`,`e`.`reported`,`e`.`add_time` FROM `wk_entrance` `e` WHERE  `e`.`qrcode_id` = '10256'  AND `e`.`expire_date` >= NOW() [ RunTime:0.000958s ]
[2023-02-06T20:08:56+08:00][sql] SELECT `e`.`id`,`e`.`avatar`,`e`.`name`,`e`.`members`,`e`.`qr`,`e`.`expire_date`,`e`.`joinable_wc`,`e`.`reported`,`e`.`add_time` FROM `wk_entrance` `e` WHERE  `e`.`qrcode_id` = '10257'  AND `e`.`expire_date` >= NOW() [ RunTime:0.000717s ]
[2023-02-06T20:08:56+08:00][sql] SELECT `e`.`id`,`e`.`avatar`,`e`.`name`,`e`.`members`,`e`.`qr`,`e`.`expire_date`,`e`.`joinable_wc`,`e`.`reported`,`e`.`add_time` FROM `wk_entrance` `e` WHERE  `e`.`qrcode_id` = '10258'  AND `e`.`expire_date` >= NOW() [ RunTime:0.000567s ]
[2023-02-06T20:08:56+08:00][sql] SELECT `e`.`id`,`e`.`avatar`,`e`.`name`,`e`.`members`,`e`.`qr`,`e`.`expire_date`,`e`.`joinable_wc`,`e`.`reported`,`e`.`add_time` FROM `wk_entrance` `e` WHERE  `e`.`qrcode_id` = '10259'  AND `e`.`expire_date` >= NOW() [ RunTime:0.000719s ]
[2023-02-06T20:08:56+08:00][sql] SELECT `e`.`id`,`e`.`avatar`,`e`.`name`,`e`.`members`,`e`.`qr`,`e`.`expire_date`,`e`.`joinable_wc`,`e`.`reported`,`e`.`add_time` FROM `wk_entrance` `e` WHERE  `e`.`qrcode_id` = '10260'  AND `e`.`expire_date` >= NOW() [ RunTime:0.000648s ]
[2023-02-06T20:08:56+08:00][sql] SELECT `e`.`id`,`e`.`avatar`,`e`.`name`,`e`.`members`,`e`.`qr`,`e`.`expire_date`,`e`.`joinable_wc`,`e`.`reported`,`e`.`add_time` FROM `wk_entrance` `e` WHERE  `e`.`qrcode_id` = '10261'  AND `e`.`expire_date` >= NOW() [ RunTime:0.000543s ]
[2023-02-06T20:08:56+08:00][sql] SELECT `e`.`id`,`e`.`avatar`,`e`.`name`,`e`.`members`,`e`.`qr`,`e`.`expire_date`,`e`.`joinable_wc`,`e`.`reported`,`e`.`add_time` FROM `wk_entrance` `e` WHERE  `e`.`qrcode_id` = '10262'  AND `e`.`expire_date` >= NOW() [ RunTime:0.000579s ]
[2023-02-06T20:08:56+08:00][sql] SELECT `e`.`id`,`e`.`avatar`,`e`.`name`,`e`.`members`,`e`.`qr`,`e`.`expire_date`,`e`.`joinable_wc`,`e`.`reported`,`e`.`add_time` FROM `wk_entrance` `e` WHERE  `e`.`qrcode_id` = '10263'  AND `e`.`expire_date` >= NOW() [ RunTime:0.000628s ]
[2023-02-06T20:08:56+08:00][sql] SELECT `e`.`id`,`e`.`avatar`,`e`.`name`,`e`.`members`,`e`.`qr`,`e`.`expire_date`,`e`.`joinable_wc`,`e`.`reported`,`e`.`add_time` FROM `wk_entrance` `e` WHERE  `e`.`qrcode_id` = '10264'  AND `e`.`expire_date` >= NOW() [ RunTime:0.000654s ]
[2023-02-06T20:08:56+08:00][sql] SELECT `e`.`id`,`e`.`avatar`,`e`.`name`,`e`.`members`,`e`.`qr`,`e`.`expire_date`,`e`.`joinable_wc`,`e`.`reported`,`e`.`add_time` FROM `wk_entrance` `e` WHERE  `e`.`qrcode_id` = '10265'  AND `e`.`expire_date` >= NOW() [ RunTime:0.000698s ]
[2023-02-06T20:08:56+08:00][sql] SELECT `e`.`id`,`e`.`avatar`,`e`.`name`,`e`.`members`,`e`.`qr`,`e`.`expire_date`,`e`.`joinable_wc`,`e`.`reported`,`e`.`add_time` FROM `wk_entrance` `e` WHERE  `e`.`qrcode_id` = '10266'  AND `e`.`expire_date` >= NOW() [ RunTime:0.000743s ]
[2023-02-06T20:08:56+08:00][sql] SELECT `e`.`id`,`e`.`avatar`,`e`.`name`,`e`.`members`,`e`.`qr`,`e`.`expire_date`,`e`.`joinable_wc`,`e`.`reported`,`e`.`add_time` FROM `wk_entrance` `e` WHERE  `e`.`qrcode_id` = '10267'  AND `e`.`expire_date` >= NOW() [ RunTime:0.000636s ]
[2023-02-06T20:08:56+08:00][sql] SELECT `e`.`id`,`e`.`avatar`,`e`.`name`,`e`.`members`,`e`.`qr`,`e`.`expire_date`,`e`.`joinable_wc`,`e`.`reported`,`e`.`add_time` FROM `wk_entrance` `e` WHERE  `e`.`qrcode_id` = '10268'  AND `e`.`expire_date` >= NOW() [ RunTime:0.000685s ]
[2023-02-06T20:08:56+08:00][sql] SELECT `e`.`id`,`e`.`avatar`,`e`.`name`,`e`.`members`,`e`.`qr`,`e`.`expire_date`,`e`.`joinable_wc`,`e`.`reported`,`e`.`add_time` FROM `wk_entrance` `e` WHERE  `e`.`qrcode_id` = '10269'  AND `e`.`expire_date` >= NOW() [ RunTime:0.000805s ]
[2023-02-06T20:08:56+08:00][sql] SELECT `e`.`id`,`e`.`avatar`,`e`.`name`,`e`.`members`,`e`.`qr`,`e`.`expire_date`,`e`.`joinable_wc`,`e`.`reported`,`e`.`add_time` FROM `wk_entrance` `e` WHERE  `e`.`qrcode_id` = '10270'  AND `e`.`expire_date` >= NOW() [ RunTime:0.000603s ]
[2023-02-06T20:08:56+08:00][sql] SELECT `e`.`id`,`e`.`avatar`,`e`.`name`,`e`.`members`,`e`.`qr`,`e`.`expire_date`,`e`.`joinable_wc`,`e`.`reported`,`e`.`add_time` FROM `wk_entrance` `e` WHERE  `e`.`qrcode_id` = '10271'  AND `e`.`expire_date` >= NOW() [ RunTime:0.000566s ]
[2023-02-06T20:08:56+08:00][sql] SELECT COUNT(*) AS think_count FROM `wk_qrcode` WHERE  `provider_id` = 1 LIMIT 1 [ RunTime:0.000380s ]
[2023-02-06T20:09:59+08:00][sql] CONNECT:[ UseTime:0.000983s ] mysql:host=127.0.0.1;port=3306;dbname=c2;charset=utf8mb4
[2023-02-06T20:09:59+08:00][sql] SHOW FULL COLUMNS FROM `wk_tag` [ RunTime:0.001511s ]
[2023-02-06T20:09:59+08:00][sql] SELECT `id`,`name` FROM `wk_tag` ORDER BY `id` [ RunTime:0.000661s ]
[2023-02-06T20:10:26+08:00][sql] CONNECT:[ UseTime:0.025607s ] mysql:host=127.0.0.1;port=3306;dbname=c2;charset=utf8mb4
[2023-02-06T20:10:26+08:00][sql] SHOW FULL COLUMNS FROM `wk_tag` [ RunTime:0.001332s ]
[2023-02-06T20:10:26+08:00][sql] SELECT `id`,`name` FROM `wk_tag` ORDER BY `id` [ RunTime:0.000367s ]
[2023-02-06T20:11:14+08:00][sql] CONNECT:[ UseTime:0.000658s ] mysql:host=127.0.0.1;port=3306;dbname=c2;charset=utf8mb4
[2023-02-06T20:11:14+08:00][sql] SHOW FULL COLUMNS FROM `wk_tag` [ RunTime:0.000909s ]
[2023-02-06T20:11:14+08:00][sql] SELECT `id`,`name` FROM `wk_tag` ORDER BY `id` [ RunTime:0.000242s ]
[2023-02-06T20:11:17+08:00][sql] CONNECT:[ UseTime:0.000935s ] mysql:host=127.0.0.1;port=3306;dbname=c2;charset=utf8mb4
[2023-02-06T20:11:17+08:00][sql] SHOW FULL COLUMNS FROM `wk_tag` [ RunTime:0.001038s ]
[2023-02-06T20:11:17+08:00][sql] SELECT `id`,`name` FROM `wk_tag` ORDER BY `id` [ RunTime:0.000248s ]
[2023-02-06T20:11:19+08:00][sql] CONNECT:[ UseTime:0.001730s ] mysql:host=127.0.0.1;port=3306;dbname=c2;charset=utf8mb4
[2023-02-06T20:11:19+08:00][sql] SHOW FULL COLUMNS FROM `wk_tag` [ RunTime:0.000522s ]
[2023-02-06T20:11:19+08:00][sql] SELECT `id`,`name` FROM `wk_tag` ORDER BY `id` [ RunTime:0.000162s ]
[2023-02-06T20:11:45+08:00][sql] CONNECT:[ UseTime:0.000654s ] mysql:host=127.0.0.1;port=3306;dbname=c2;charset=utf8mb4
[2023-02-06T20:11:45+08:00][sql] SHOW FULL COLUMNS FROM `wk_tag` [ RunTime:0.000761s ]
[2023-02-06T20:11:45+08:00][sql] SELECT `id`,`name` FROM `wk_tag` ORDER BY `id` [ RunTime:0.000241s ]
[2023-02-06T20:11:59+08:00][sql] CONNECT:[ UseTime:0.000772s ] mysql:host=127.0.0.1;port=3306;dbname=c2;charset=utf8mb4
[2023-02-06T20:11:59+08:00][sql] SHOW FULL COLUMNS FROM `wk_tag` [ RunTime:0.000758s ]
[2023-02-06T20:11:59+08:00][sql] SELECT `id`,`name` FROM `wk_tag` ORDER BY `id` [ RunTime:0.000201s ]
[2023-02-06T20:12:02+08:00][sql] CONNECT:[ UseTime:0.000725s ] mysql:host=127.0.0.1;port=3306;dbname=c2;charset=utf8mb4
[2023-02-06T20:12:02+08:00][sql] SHOW FULL COLUMNS FROM `wk_tag` [ RunTime:0.000806s ]
[2023-02-06T20:12:02+08:00][sql] SELECT `id`,`name` FROM `wk_tag` ORDER BY `id` [ RunTime:0.000224s ]
[2023-02-06T20:12:38+08:00][sql] CONNECT:[ UseTime:0.000983s ] mysql:host=127.0.0.1;port=3306;dbname=c2;charset=utf8mb4
[2023-02-06T20:12:38+08:00][sql] SHOW FULL COLUMNS FROM `wk_tag` [ RunTime:0.001106s ]
[2023-02-06T20:12:38+08:00][sql] SELECT `id`,`name` FROM `wk_tag` ORDER BY `id` [ RunTime:0.000261s ]
[2023-02-06T20:12:39+08:00][sql] CONNECT:[ UseTime:0.000544s ] mysql:host=127.0.0.1;port=3306;dbname=c2;charset=utf8mb4
[2023-02-06T20:12:39+08:00][sql] SHOW FULL COLUMNS FROM `wk_tag` [ RunTime:0.000557s ]
[2023-02-06T20:12:39+08:00][sql] SELECT `id`,`name` FROM `wk_tag` ORDER BY `id` [ RunTime:0.000130s ]
[2023-02-06T20:12:40+08:00][sql] CONNECT:[ UseTime:0.001060s ] mysql:host=127.0.0.1;port=3306;dbname=c2;charset=utf8mb4
[2023-02-06T20:12:40+08:00][sql] SHOW FULL COLUMNS FROM `wk_tag` [ RunTime:0.001436s ]
[2023-02-06T20:12:40+08:00][sql] SELECT `id`,`name` FROM `wk_tag` ORDER BY `id` [ RunTime:0.000263s ]
[2023-02-06T20:12:41+08:00][sql] CONNECT:[ UseTime:0.000810s ] mysql:host=127.0.0.1;port=3306;dbname=c2;charset=utf8mb4
[2023-02-06T20:12:41+08:00][sql] SHOW FULL COLUMNS FROM `wk_tag` [ RunTime:0.002338s ]
[2023-02-06T20:12:41+08:00][sql] SELECT `id`,`name` FROM `wk_tag` ORDER BY `id` [ RunTime:0.000364s ]
[2023-02-06T20:16:38+08:00][sql] CONNECT:[ UseTime:0.001501s ] mysql:host=127.0.0.1;port=3306;dbname=c2;charset=utf8mb4
[2023-02-06T20:16:38+08:00][sql] SHOW FULL COLUMNS FROM `wk_tag` [ RunTime:0.001575s ]
[2023-02-06T20:16:38+08:00][sql] SELECT `id`,`name` FROM `wk_tag` ORDER BY `id` [ RunTime:0.000322s ]
[2023-02-06T20:16:40+08:00][sql] CONNECT:[ UseTime:0.000867s ] mysql:host=127.0.0.1;port=3306;dbname=c2;charset=utf8mb4
[2023-02-06T20:16:40+08:00][sql] SHOW FULL COLUMNS FROM `wk_provider` [ RunTime:0.001329s ]
[2023-02-06T20:16:40+08:00][sql] SELECT `id` FROM `wk_provider` WHERE  `id` = 1  AND `relogin` = 0 LIMIT 1 [ RunTime:0.000394s ]
[2023-02-06T20:16:40+08:00][sql] SELECT `id`,`username`,`score` FROM `wk_provider` WHERE  `id` = 1 LIMIT 1 [ RunTime:0.000339s ]
[2023-02-06T20:16:40+08:00][sql] SHOW FULL COLUMNS FROM `wk_setting` [ RunTime:0.001129s ]
[2023-02-06T20:16:40+08:00][sql] SELECT `int_val` FROM `wk_setting` WHERE  `key` = 'entrance_price' LIMIT 1 [ RunTime:0.000398s ]
[2023-02-06T20:16:40+08:00][sql] SELECT `int_val` FROM `wk_setting` WHERE  `key` = 'max_buy_times' LIMIT 1 [ RunTime:0.000342s ]
[2023-02-06T20:16:40+08:00][sql] SHOW FULL COLUMNS FROM `wk_qrcode` [ RunTime:0.001047s ]
[2023-02-06T20:16:40+08:00][sql] SELECT COUNT(*) AS think_count FROM `wk_qrcode` WHERE  `provider_id` = 1  AND `valid` = 1 LIMIT 1 [ RunTime:0.000386s ]
[2023-02-06T20:16:40+08:00][sql] CONNECT:[ UseTime:0.001072s ] mysql:host=127.0.0.1;port=3306;dbname=c2;charset=utf8mb4
[2023-02-06T20:16:40+08:00][sql] SHOW FULL COLUMNS FROM `wk_tag` [ RunTime:0.001250s ]
[2023-02-06T20:16:40+08:00][sql] SELECT `id`,`name` FROM `wk_tag` ORDER BY `id` [ RunTime:0.000351s ]
[2023-02-06T20:16:40+08:00][sql] CONNECT:[ UseTime:0.000855s ] mysql:host=127.0.0.1;port=3306;dbname=c2;charset=utf8mb4
[2023-02-06T20:16:40+08:00][sql] SHOW FULL COLUMNS FROM `wk_provider` [ RunTime:0.001198s ]
[2023-02-06T20:16:40+08:00][sql] SELECT `id` FROM `wk_provider` WHERE  `id` = 1  AND `relogin` = 0 LIMIT 1 [ RunTime:0.000381s ]
[2023-02-06T20:16:40+08:00][sql] SHOW FULL COLUMNS FROM `wk_qrcode` [ RunTime:0.001592s ]
[2023-02-06T20:16:40+08:00][sql] SELECT q.id,q.code,q.company,q.status,q.valid,q.valid_time,q.err_msg,q.add_time FROM `wk_qrcode` `q` WHERE  `q`.`provider_id` = '1' GROUP BY `q`.`id` LIMIT 0,20 [ RunTime:0.000575s ]
[2023-02-06T20:16:40+08:00][sql] SHOW FULL COLUMNS FROM `wk_entrance` [ RunTime:0.001851s ]
[2023-02-06T20:16:40+08:00][sql] SELECT `e`.`id`,`e`.`avatar`,`e`.`name`,`e`.`members`,`e`.`qr`,`e`.`expire_date`,`e`.`joinable_wc`,`e`.`reported`,`e`.`add_time` FROM `wk_entrance` `e` WHERE  `e`.`qrcode_id` = '9212'  AND `e`.`expire_date` >= NOW() [ RunTime:0.000745s ]
[2023-02-06T20:16:40+08:00][sql] SELECT `e`.`id`,`e`.`avatar`,`e`.`name`,`e`.`members`,`e`.`qr`,`e`.`expire_date`,`e`.`joinable_wc`,`e`.`reported`,`e`.`add_time` FROM `wk_entrance` `e` WHERE  `e`.`qrcode_id` = '9213'  AND `e`.`expire_date` >= NOW() [ RunTime:0.000719s ]
[2023-02-06T20:16:40+08:00][sql] SELECT `e`.`id`,`e`.`avatar`,`e`.`name`,`e`.`members`,`e`.`qr`,`e`.`expire_date`,`e`.`joinable_wc`,`e`.`reported`,`e`.`add_time` FROM `wk_entrance` `e` WHERE  `e`.`qrcode_id` = '9214'  AND `e`.`expire_date` >= NOW() [ RunTime:0.000736s ]
[2023-02-06T20:16:40+08:00][sql] SELECT `e`.`id`,`e`.`avatar`,`e`.`name`,`e`.`members`,`e`.`qr`,`e`.`expire_date`,`e`.`joinable_wc`,`e`.`reported`,`e`.`add_time` FROM `wk_entrance` `e` WHERE  `e`.`qrcode_id` = '9215'  AND `e`.`expire_date` >= NOW() [ RunTime:0.000727s ]
[2023-02-06T20:16:40+08:00][sql] SELECT `e`.`id`,`e`.`avatar`,`e`.`name`,`e`.`members`,`e`.`qr`,`e`.`expire_date`,`e`.`joinable_wc`,`e`.`reported`,`e`.`add_time` FROM `wk_entrance` `e` WHERE  `e`.`qrcode_id` = '10256'  AND `e`.`expire_date` >= NOW() [ RunTime:0.000618s ]
[2023-02-06T20:16:40+08:00][sql] SELECT `e`.`id`,`e`.`avatar`,`e`.`name`,`e`.`members`,`e`.`qr`,`e`.`expire_date`,`e`.`joinable_wc`,`e`.`reported`,`e`.`add_time` FROM `wk_entrance` `e` WHERE  `e`.`qrcode_id` = '10257'  AND `e`.`expire_date` >= NOW() [ RunTime:0.000659s ]
[2023-02-06T20:16:40+08:00][sql] SELECT `e`.`id`,`e`.`avatar`,`e`.`name`,`e`.`members`,`e`.`qr`,`e`.`expire_date`,`e`.`joinable_wc`,`e`.`reported`,`e`.`add_time` FROM `wk_entrance` `e` WHERE  `e`.`qrcode_id` = '10258'  AND `e`.`expire_date` >= NOW() [ RunTime:0.000564s ]
[2023-02-06T20:16:40+08:00][sql] SELECT `e`.`id`,`e`.`avatar`,`e`.`name`,`e`.`members`,`e`.`qr`,`e`.`expire_date`,`e`.`joinable_wc`,`e`.`reported`,`e`.`add_time` FROM `wk_entrance` `e` WHERE  `e`.`qrcode_id` = '10259'  AND `e`.`expire_date` >= NOW() [ RunTime:0.000588s ]
[2023-02-06T20:16:40+08:00][sql] SELECT `e`.`id`,`e`.`avatar`,`e`.`name`,`e`.`members`,`e`.`qr`,`e`.`expire_date`,`e`.`joinable_wc`,`e`.`reported`,`e`.`add_time` FROM `wk_entrance` `e` WHERE  `e`.`qrcode_id` = '10260'  AND `e`.`expire_date` >= NOW() [ RunTime:0.000708s ]
[2023-02-06T20:16:40+08:00][sql] SELECT `e`.`id`,`e`.`avatar`,`e`.`name`,`e`.`members`,`e`.`qr`,`e`.`expire_date`,`e`.`joinable_wc`,`e`.`reported`,`e`.`add_time` FROM `wk_entrance` `e` WHERE  `e`.`qrcode_id` = '10261'  AND `e`.`expire_date` >= NOW() [ RunTime:0.000606s ]
[2023-02-06T20:16:40+08:00][sql] SELECT `e`.`id`,`e`.`avatar`,`e`.`name`,`e`.`members`,`e`.`qr`,`e`.`expire_date`,`e`.`joinable_wc`,`e`.`reported`,`e`.`add_time` FROM `wk_entrance` `e` WHERE  `e`.`qrcode_id` = '10262'  AND `e`.`expire_date` >= NOW() [ RunTime:0.000648s ]
[2023-02-06T20:16:40+08:00][sql] SELECT `e`.`id`,`e`.`avatar`,`e`.`name`,`e`.`members`,`e`.`qr`,`e`.`expire_date`,`e`.`joinable_wc`,`e`.`reported`,`e`.`add_time` FROM `wk_entrance` `e` WHERE  `e`.`qrcode_id` = '10263'  AND `e`.`expire_date` >= NOW() [ RunTime:0.000666s ]
[2023-02-06T20:16:40+08:00][sql] SELECT `e`.`id`,`e`.`avatar`,`e`.`name`,`e`.`members`,`e`.`qr`,`e`.`expire_date`,`e`.`joinable_wc`,`e`.`reported`,`e`.`add_time` FROM `wk_entrance` `e` WHERE  `e`.`qrcode_id` = '10264'  AND `e`.`expire_date` >= NOW() [ RunTime:0.000684s ]
[2023-02-06T20:16:40+08:00][sql] SELECT `e`.`id`,`e`.`avatar`,`e`.`name`,`e`.`members`,`e`.`qr`,`e`.`expire_date`,`e`.`joinable_wc`,`e`.`reported`,`e`.`add_time` FROM `wk_entrance` `e` WHERE  `e`.`qrcode_id` = '10265'  AND `e`.`expire_date` >= NOW() [ RunTime:0.000817s ]
[2023-02-06T20:16:40+08:00][sql] SELECT `e`.`id`,`e`.`avatar`,`e`.`name`,`e`.`members`,`e`.`qr`,`e`.`expire_date`,`e`.`joinable_wc`,`e`.`reported`,`e`.`add_time` FROM `wk_entrance` `e` WHERE  `e`.`qrcode_id` = '10266'  AND `e`.`expire_date` >= NOW() [ RunTime:0.000895s ]
[2023-02-06T20:16:40+08:00][sql] SELECT `e`.`id`,`e`.`avatar`,`e`.`name`,`e`.`members`,`e`.`qr`,`e`.`expire_date`,`e`.`joinable_wc`,`e`.`reported`,`e`.`add_time` FROM `wk_entrance` `e` WHERE  `e`.`qrcode_id` = '10267'  AND `e`.`expire_date` >= NOW() [ RunTime:0.000688s ]
[2023-02-06T20:16:40+08:00][sql] SELECT `e`.`id`,`e`.`avatar`,`e`.`name`,`e`.`members`,`e`.`qr`,`e`.`expire_date`,`e`.`joinable_wc`,`e`.`reported`,`e`.`add_time` FROM `wk_entrance` `e` WHERE  `e`.`qrcode_id` = '10268'  AND `e`.`expire_date` >= NOW() [ RunTime:0.000816s ]
[2023-02-06T20:16:40+08:00][sql] SELECT `e`.`id`,`e`.`avatar`,`e`.`name`,`e`.`members`,`e`.`qr`,`e`.`expire_date`,`e`.`joinable_wc`,`e`.`reported`,`e`.`add_time` FROM `wk_entrance` `e` WHERE  `e`.`qrcode_id` = '10269'  AND `e`.`expire_date` >= NOW() [ RunTime:0.000673s ]
[2023-02-06T20:16:40+08:00][sql] SELECT `e`.`id`,`e`.`avatar`,`e`.`name`,`e`.`members`,`e`.`qr`,`e`.`expire_date`,`e`.`joinable_wc`,`e`.`reported`,`e`.`add_time` FROM `wk_entrance` `e` WHERE  `e`.`qrcode_id` = '10270'  AND `e`.`expire_date` >= NOW() [ RunTime:0.000536s ]
[2023-02-06T20:16:40+08:00][sql] SELECT `e`.`id`,`e`.`avatar`,`e`.`name`,`e`.`members`,`e`.`qr`,`e`.`expire_date`,`e`.`joinable_wc`,`e`.`reported`,`e`.`add_time` FROM `wk_entrance` `e` WHERE  `e`.`qrcode_id` = '10271'  AND `e`.`expire_date` >= NOW() [ RunTime:0.000537s ]
[2023-02-06T20:16:40+08:00][sql] SELECT COUNT(*) AS think_count FROM `wk_qrcode` WHERE  `provider_id` = 1 LIMIT 1 [ RunTime:0.000318s ]
[2023-02-06T20:20:27+08:00][sql] CONNECT:[ UseTime:0.000544s ] mysql:host=127.0.0.1;port=3306;dbname=c2;charset=utf8mb4
[2023-02-06T20:20:27+08:00][sql] SHOW FULL COLUMNS FROM `wk_tag` [ RunTime:0.001011s ]
[2023-02-06T20:20:27+08:00][sql] SELECT `id`,`name` FROM `wk_tag` ORDER BY `id` [ RunTime:0.000349s ]
[2023-02-06T20:24:40+08:00][sql] CONNECT:[ UseTime:0.000660s ] mysql:host=127.0.0.1;port=3306;dbname=c2;charset=utf8mb4
[2023-02-06T20:24:40+08:00][sql] SHOW FULL COLUMNS FROM `wk_tag` [ RunTime:0.000850s ]
[2023-02-06T20:24:40+08:00][sql] SELECT `id`,`name` FROM `wk_tag` ORDER BY `id` [ RunTime:0.000309s ]
[2023-02-06T20:25:50+08:00][sql] CONNECT:[ UseTime:0.000475s ] mysql:host=127.0.0.1;port=3306;dbname=c2;charset=utf8mb4
[2023-02-06T20:25:50+08:00][sql] SHOW FULL COLUMNS FROM `wk_tag` [ RunTime:0.000703s ]
[2023-02-06T20:25:50+08:00][sql] SELECT `id`,`name` FROM `wk_tag` ORDER BY `id` [ RunTime:0.000171s ]
[2023-02-06T20:25:53+08:00][sql] CONNECT:[ UseTime:0.000669s ] mysql:host=127.0.0.1;port=3306;dbname=c2;charset=utf8mb4
[2023-02-06T20:25:53+08:00][sql] SHOW FULL COLUMNS FROM `wk_tag` [ RunTime:0.001042s ]
[2023-02-06T20:25:53+08:00][sql] SELECT `id`,`name` FROM `wk_tag` ORDER BY `id` [ RunTime:0.000667s ]
[2023-02-06T20:27:17+08:00][sql] CONNECT:[ UseTime:0.000967s ] mysql:host=127.0.0.1;port=3306;dbname=c2;charset=utf8mb4
[2023-02-06T20:27:17+08:00][sql] SHOW FULL COLUMNS FROM `wk_tag` [ RunTime:0.000924s ]
[2023-02-06T20:27:17+08:00][sql] SELECT `id`,`name` FROM `wk_tag` ORDER BY `id` [ RunTime:0.000259s ]
[2023-02-06T20:30:05+08:00][sql] CONNECT:[ UseTime:0.000814s ] mysql:host=127.0.0.1;port=3306;dbname=c2;charset=utf8mb4
[2023-02-06T20:30:05+08:00][sql] SHOW FULL COLUMNS FROM `wk_tag` [ RunTime:0.000616s ]
[2023-02-06T20:30:05+08:00][sql] SELECT `id`,`name` FROM `wk_tag` ORDER BY `id` [ RunTime:0.000133s ]
[2023-02-06T20:30:29+08:00][sql] CONNECT:[ UseTime:0.000711s ] mysql:host=127.0.0.1;port=3306;dbname=c2;charset=utf8mb4
[2023-02-06T20:30:29+08:00][sql] SHOW FULL COLUMNS FROM `wk_tag` [ RunTime:0.001488s ]
[2023-02-06T20:30:29+08:00][sql] SELECT `id`,`name` FROM `wk_tag` ORDER BY `id` [ RunTime:0.000970s ]
[2023-02-06T20:40:45+08:00][sql] CONNECT:[ UseTime:0.020329s ] mysql:host=127.0.0.1;port=3306;dbname=c2;charset=utf8mb4
[2023-02-06T20:40:45+08:00][sql] SHOW FULL COLUMNS FROM `wk_tag` [ RunTime:0.000765s ]
[2023-02-06T20:40:45+08:00][sql] SELECT `id`,`name` FROM `wk_tag` ORDER BY `id` [ RunTime:0.000219s ]
[2023-02-06T20:41:06+08:00][sql] CONNECT:[ UseTime:0.023985s ] mysql:host=127.0.0.1;port=3306;dbname=c2;charset=utf8mb4
[2023-02-06T20:41:06+08:00][sql] SHOW FULL COLUMNS FROM `wk_tag` [ RunTime:0.000838s ]
[2023-02-06T20:41:06+08:00][sql] SELECT `id`,`name` FROM `wk_tag` ORDER BY `id` [ RunTime:0.000170s ]
[2023-02-06T20:41:39+08:00][sql] CONNECT:[ UseTime:0.000608s ] mysql:host=127.0.0.1;port=3306;dbname=c2;charset=utf8mb4
[2023-02-06T20:41:39+08:00][sql] SHOW FULL COLUMNS FROM `wk_tag` [ RunTime:0.000670s ]
[2023-02-06T20:41:39+08:00][sql] SELECT `id`,`name` FROM `wk_tag` ORDER BY `id` [ RunTime:0.000280s ]
[2023-02-06T20:41:49+08:00][sql] CONNECT:[ UseTime:0.000713s ] mysql:host=127.0.0.1;port=3306;dbname=c2;charset=utf8mb4
[2023-02-06T20:41:49+08:00][sql] SHOW FULL COLUMNS FROM `wk_tag` [ RunTime:0.000966s ]
[2023-02-06T20:41:49+08:00][sql] SELECT `id`,`name` FROM `wk_tag` ORDER BY `id` [ RunTime:0.000289s ]
[2023-02-06T20:41:53+08:00][sql] CONNECT:[ UseTime:0.000752s ] mysql:host=127.0.0.1;port=3306;dbname=c2;charset=utf8mb4
[2023-02-06T20:41:53+08:00][sql] SHOW FULL COLUMNS FROM `wk_tag` [ RunTime:0.000907s ]
[2023-02-06T20:41:53+08:00][sql] SELECT `id`,`name` FROM `wk_tag` ORDER BY `id` [ RunTime:0.000260s ]
[2023-02-06T20:42:05+08:00][sql] CONNECT:[ UseTime:0.000667s ] mysql:host=127.0.0.1;port=3306;dbname=c2;charset=utf8mb4
[2023-02-06T20:42:05+08:00][sql] SHOW FULL COLUMNS FROM `wk_tag` [ RunTime:0.000807s ]
[2023-02-06T20:42:05+08:00][sql] SELECT `id`,`name` FROM `wk_tag` ORDER BY `id` [ RunTime:0.000365s ]
[2023-02-06T20:42:07+08:00][sql] CONNECT:[ UseTime:0.011684s ] mysql:host=127.0.0.1;port=3306;dbname=c2;charset=utf8mb4
[2023-02-06T20:42:07+08:00][sql] SHOW FULL COLUMNS FROM `wk_tag` [ RunTime:0.001903s ]
[2023-02-06T20:42:07+08:00][sql] SELECT `id`,`name` FROM `wk_tag` ORDER BY `id` [ RunTime:0.000459s ]
[2023-02-06T20:42:10+08:00][sql] CONNECT:[ UseTime:0.001201s ] mysql:host=127.0.0.1;port=3306;dbname=c2;charset=utf8mb4
[2023-02-06T20:42:10+08:00][sql] SHOW FULL COLUMNS FROM `wk_tag` [ RunTime:0.000563s ]
[2023-02-06T20:42:10+08:00][sql] SELECT `id`,`name` FROM `wk_tag` ORDER BY `id` [ RunTime:0.000272s ]
[2023-02-06T20:47:22+08:00][sql] CONNECT:[ UseTime:0.000674s ] mysql:host=127.0.0.1;port=3306;dbname=c2;charset=utf8mb4
[2023-02-06T20:47:22+08:00][sql] SHOW FULL COLUMNS FROM `wk_tag` [ RunTime:0.000563s ]
[2023-02-06T20:47:22+08:00][sql] SELECT `id`,`name` FROM `wk_tag` ORDER BY `id` [ RunTime:0.000265s ]
[2023-02-06T20:49:08+08:00][sql] CONNECT:[ UseTime:0.000663s ] mysql:host=127.0.0.1;port=3306;dbname=c2;charset=utf8mb4
[2023-02-06T20:49:08+08:00][sql] SHOW FULL COLUMNS FROM `wk_tag` [ RunTime:0.000965s ]
[2023-02-06T20:49:08+08:00][sql] SELECT `id`,`name` FROM `wk_tag` ORDER BY `id` [ RunTime:0.000271s ]
[2023-02-06T20:49:13+08:00][sql] CONNECT:[ UseTime:0.001086s ] mysql:host=127.0.0.1;port=3306;dbname=c2;charset=utf8mb4
[2023-02-06T20:49:13+08:00][sql] SHOW FULL COLUMNS FROM `wk_tag` [ RunTime:0.001103s ]
[2023-02-06T20:49:13+08:00][sql] SELECT `id`,`name` FROM `wk_tag` ORDER BY `id` [ RunTime:0.000586s ]
[2023-02-06T20:49:48+08:00][sql] CONNECT:[ UseTime:0.001142s ] mysql:host=127.0.0.1;port=3306;dbname=c2;charset=utf8mb4
[2023-02-06T20:49:48+08:00][sql] SHOW FULL COLUMNS FROM `wk_tag` [ RunTime:0.001144s ]
[2023-02-06T20:49:48+08:00][sql] SELECT `id`,`name` FROM `wk_tag` ORDER BY `id` [ RunTime:0.000226s ]
