[2023-02-07T16:21:35+08:00][sql] CONNECT:[ UseTime:0.001965s ] mysql:host=127.0.0.1;port=3306;dbname=c2;charset=utf8mb4
[2023-02-07T16:21:35+08:00][sql] SHOW FULL COLUMNS FROM `wk_tag` [ RunTime:0.001547s ]
[2023-02-07T16:21:35+08:00][sql] SELECT `id`,`name` FROM `wk_tag` ORDER BY `id` [ RunTime:0.000537s ]
[2023-02-07T16:29:14+08:00][sql] CONNECT:[ UseTime:0.001549s ] mysql:host=127.0.0.1;port=3306;dbname=c2;charset=utf8mb4
[2023-02-07T16:29:14+08:00][sql] SHOW FULL COLUMNS FROM `wk_tag` [ RunTime:0.001549s ]
[2023-02-07T16:29:14+08:00][sql] SELECT `id`,`name` FROM `wk_tag` ORDER BY `id` [ RunTime:0.000516s ]
[2023-02-07T16:29:15+08:00][sql] CONNECT:[ UseTime:0.001013s ] mysql:host=127.0.0.1;port=3306;dbname=c2;charset=utf8mb4
[2023-02-07T16:29:15+08:00][sql] SHOW FULL COLUMNS FROM `wk_provider` [ RunTime:0.001554s ]
[2023-02-07T16:29:15+08:00][sql] SELECT `id` FROM `wk_provider` WHERE  `id` = 1  AND `relogin` = 0 LIMIT 1 [ RunTime:0.000426s ]
[2023-02-07T16:29:15+08:00][sql] SELECT `id`,`username`,`score` FROM `wk_provider` WHERE  `id` = 1 LIMIT 1 [ RunTime:0.000293s ]
[2023-02-07T16:29:15+08:00][sql] SHOW FULL COLUMNS FROM `wk_setting` [ RunTime:0.002329s ]
[2023-02-07T16:29:15+08:00][sql] SELECT `int_val` FROM `wk_setting` WHERE  `key` = 'entrance_price' LIMIT 1 [ RunTime:0.000660s ]
[2023-02-07T16:29:15+08:00][sql] SELECT `int_val` FROM `wk_setting` WHERE  `key` = 'max_buy_times' LIMIT 1 [ RunTime:0.000368s ]
[2023-02-07T16:29:15+08:00][sql] SHOW FULL COLUMNS FROM `wk_qrcode` [ RunTime:0.001792s ]
[2023-02-07T16:29:15+08:00][sql] SELECT COUNT(*) AS think_count FROM `wk_qrcode` WHERE  `provider_id` = 1  AND `valid` = 1 LIMIT 1 [ RunTime:0.000540s ]
[2023-02-07T16:29:15+08:00][sql] CONNECT:[ UseTime:0.002212s ] mysql:host=127.0.0.1;port=3306;dbname=c2;charset=utf8mb4
[2023-02-07T16:29:15+08:00][sql] SHOW FULL COLUMNS FROM `wk_tag` [ RunTime:0.002886s ]
[2023-02-07T16:29:15+08:00][sql] SELECT `id`,`name` FROM `wk_tag` ORDER BY `id` [ RunTime:0.001327s ]
[2023-02-07T16:29:15+08:00][sql] CONNECT:[ UseTime:0.001549s ] mysql:host=127.0.0.1;port=3306;dbname=c2;charset=utf8mb4
[2023-02-07T16:29:15+08:00][sql] SHOW FULL COLUMNS FROM `wk_provider` [ RunTime:0.001893s ]
[2023-02-07T16:29:15+08:00][sql] SELECT `id` FROM `wk_provider` WHERE  `id` = 1  AND `relogin` = 0 LIMIT 1 [ RunTime:0.000476s ]
[2023-02-07T16:29:15+08:00][sql] SHOW FULL COLUMNS FROM `wk_qrcode` [ RunTime:0.003212s ]
[2023-02-07T16:29:15+08:00][sql] SELECT q.id,q.code,q.company,q.status,q.valid,q.valid_time,q.err_msg,q.add_time FROM `wk_qrcode` `q` WHERE  `q`.`provider_id` = '1' GROUP BY `q`.`id` LIMIT 0,20 [ RunTime:0.001306s ]
[2023-02-07T16:29:15+08:00][sql] SHOW FULL COLUMNS FROM `wk_entrance` [ RunTime:0.003547s ]
[2023-02-07T16:29:15+08:00][sql] SELECT `e`.`id`,`e`.`avatar`,`e`.`name`,`e`.`members`,`e`.`qr`,`e`.`expire_date`,`e`.`joinable_wc`,`e`.`reported`,`e`.`add_time` FROM `wk_entrance` `e` WHERE  `e`.`qrcode_id` = '9212'  AND `e`.`expire_date` >= NOW() [ RunTime:0.002350s ]
[2023-02-07T16:29:15+08:00][sql] SELECT `e`.`id`,`e`.`avatar`,`e`.`name`,`e`.`members`,`e`.`qr`,`e`.`expire_date`,`e`.`joinable_wc`,`e`.`reported`,`e`.`add_time` FROM `wk_entrance` `e` WHERE  `e`.`qrcode_id` = '9213'  AND `e`.`expire_date` >= NOW() [ RunTime:0.000973s ]
[2023-02-07T16:29:15+08:00][sql] SELECT `e`.`id`,`e`.`avatar`,`e`.`name`,`e`.`members`,`e`.`qr`,`e`.`expire_date`,`e`.`joinable_wc`,`e`.`reported`,`e`.`add_time` FROM `wk_entrance` `e` WHERE  `e`.`qrcode_id` = '9214'  AND `e`.`expire_date` >= NOW() [ RunTime:0.000687s ]
[2023-02-07T16:29:15+08:00][sql] SELECT `e`.`id`,`e`.`avatar`,`e`.`name`,`e`.`members`,`e`.`qr`,`e`.`expire_date`,`e`.`joinable_wc`,`e`.`reported`,`e`.`add_time` FROM `wk_entrance` `e` WHERE  `e`.`qrcode_id` = '9215'  AND `e`.`expire_date` >= NOW() [ RunTime:0.000572s ]
[2023-02-07T16:29:15+08:00][sql] SELECT `e`.`id`,`e`.`avatar`,`e`.`name`,`e`.`members`,`e`.`qr`,`e`.`expire_date`,`e`.`joinable_wc`,`e`.`reported`,`e`.`add_time` FROM `wk_entrance` `e` WHERE  `e`.`qrcode_id` = '10256'  AND `e`.`expire_date` >= NOW() [ RunTime:0.000535s ]
[2023-02-07T16:29:15+08:00][sql] SELECT `e`.`id`,`e`.`avatar`,`e`.`name`,`e`.`members`,`e`.`qr`,`e`.`expire_date`,`e`.`joinable_wc`,`e`.`reported`,`e`.`add_time` FROM `wk_entrance` `e` WHERE  `e`.`qrcode_id` = '10257'  AND `e`.`expire_date` >= NOW() [ RunTime:0.000609s ]
[2023-02-07T16:29:15+08:00][sql] SELECT `e`.`id`,`e`.`avatar`,`e`.`name`,`e`.`members`,`e`.`qr`,`e`.`expire_date`,`e`.`joinable_wc`,`e`.`reported`,`e`.`add_time` FROM `wk_entrance` `e` WHERE  `e`.`qrcode_id` = '10258'  AND `e`.`expire_date` >= NOW() [ RunTime:0.001113s ]
[2023-02-07T16:29:15+08:00][sql] SELECT `e`.`id`,`e`.`avatar`,`e`.`name`,`e`.`members`,`e`.`qr`,`e`.`expire_date`,`e`.`joinable_wc`,`e`.`reported`,`e`.`add_time` FROM `wk_entrance` `e` WHERE  `e`.`qrcode_id` = '10259'  AND `e`.`expire_date` >= NOW() [ RunTime:0.000681s ]
[2023-02-07T16:29:15+08:00][sql] SELECT `e`.`id`,`e`.`avatar`,`e`.`name`,`e`.`members`,`e`.`qr`,`e`.`expire_date`,`e`.`joinable_wc`,`e`.`reported`,`e`.`add_time` FROM `wk_entrance` `e` WHERE  `e`.`qrcode_id` = '10260'  AND `e`.`expire_date` >= NOW() [ RunTime:0.000660s ]
[2023-02-07T16:29:15+08:00][sql] SELECT `e`.`id`,`e`.`avatar`,`e`.`name`,`e`.`members`,`e`.`qr`,`e`.`expire_date`,`e`.`joinable_wc`,`e`.`reported`,`e`.`add_time` FROM `wk_entrance` `e` WHERE  `e`.`qrcode_id` = '10261'  AND `e`.`expire_date` >= NOW() [ RunTime:0.000737s ]
[2023-02-07T16:29:15+08:00][sql] SELECT `e`.`id`,`e`.`avatar`,`e`.`name`,`e`.`members`,`e`.`qr`,`e`.`expire_date`,`e`.`joinable_wc`,`e`.`reported`,`e`.`add_time` FROM `wk_entrance` `e` WHERE  `e`.`qrcode_id` = '10262'  AND `e`.`expire_date` >= NOW() [ RunTime:0.000558s ]
[2023-02-07T16:29:15+08:00][sql] SELECT `e`.`id`,`e`.`avatar`,`e`.`name`,`e`.`members`,`e`.`qr`,`e`.`expire_date`,`e`.`joinable_wc`,`e`.`reported`,`e`.`add_time` FROM `wk_entrance` `e` WHERE  `e`.`qrcode_id` = '10263'  AND `e`.`expire_date` >= NOW() [ RunTime:0.000563s ]
[2023-02-07T16:29:15+08:00][sql] SELECT `e`.`id`,`e`.`avatar`,`e`.`name`,`e`.`members`,`e`.`qr`,`e`.`expire_date`,`e`.`joinable_wc`,`e`.`reported`,`e`.`add_time` FROM `wk_entrance` `e` WHERE  `e`.`qrcode_id` = '10264'  AND `e`.`expire_date` >= NOW() [ RunTime:0.000603s ]
[2023-02-07T16:29:15+08:00][sql] SELECT `e`.`id`,`e`.`avatar`,`e`.`name`,`e`.`members`,`e`.`qr`,`e`.`expire_date`,`e`.`joinable_wc`,`e`.`reported`,`e`.`add_time` FROM `wk_entrance` `e` WHERE  `e`.`qrcode_id` = '10265'  AND `e`.`expire_date` >= NOW() [ RunTime:0.000630s ]
[2023-02-07T16:29:15+08:00][sql] SELECT `e`.`id`,`e`.`avatar`,`e`.`name`,`e`.`members`,`e`.`qr`,`e`.`expire_date`,`e`.`joinable_wc`,`e`.`reported`,`e`.`add_time` FROM `wk_entrance` `e` WHERE  `e`.`qrcode_id` = '10266'  AND `e`.`expire_date` >= NOW() [ RunTime:0.000664s ]
[2023-02-07T16:29:15+08:00][sql] SELECT `e`.`id`,`e`.`avatar`,`e`.`name`,`e`.`members`,`e`.`qr`,`e`.`expire_date`,`e`.`joinable_wc`,`e`.`reported`,`e`.`add_time` FROM `wk_entrance` `e` WHERE  `e`.`qrcode_id` = '10267'  AND `e`.`expire_date` >= NOW() [ RunTime:0.000592s ]
[2023-02-07T16:29:15+08:00][sql] SELECT `e`.`id`,`e`.`avatar`,`e`.`name`,`e`.`members`,`e`.`qr`,`e`.`expire_date`,`e`.`joinable_wc`,`e`.`reported`,`e`.`add_time` FROM `wk_entrance` `e` WHERE  `e`.`qrcode_id` = '10268'  AND `e`.`expire_date` >= NOW() [ RunTime:0.000540s ]
[2023-02-07T16:29:15+08:00][sql] SELECT `e`.`id`,`e`.`avatar`,`e`.`name`,`e`.`members`,`e`.`qr`,`e`.`expire_date`,`e`.`joinable_wc`,`e`.`reported`,`e`.`add_time` FROM `wk_entrance` `e` WHERE  `e`.`qrcode_id` = '10269'  AND `e`.`expire_date` >= NOW() [ RunTime:0.000570s ]
[2023-02-07T16:29:15+08:00][sql] SELECT `e`.`id`,`e`.`avatar`,`e`.`name`,`e`.`members`,`e`.`qr`,`e`.`expire_date`,`e`.`joinable_wc`,`e`.`reported`,`e`.`add_time` FROM `wk_entrance` `e` WHERE  `e`.`qrcode_id` = '10270'  AND `e`.`expire_date` >= NOW() [ RunTime:0.000472s ]
[2023-02-07T16:29:15+08:00][sql] SELECT `e`.`id`,`e`.`avatar`,`e`.`name`,`e`.`members`,`e`.`qr`,`e`.`expire_date`,`e`.`joinable_wc`,`e`.`reported`,`e`.`add_time` FROM `wk_entrance` `e` WHERE  `e`.`qrcode_id` = '10271'  AND `e`.`expire_date` >= NOW() [ RunTime:0.000505s ]
[2023-02-07T16:29:15+08:00][sql] SELECT COUNT(*) AS think_count FROM `wk_qrcode` WHERE  `provider_id` = 1 LIMIT 1 [ RunTime:0.000316s ]
[2023-02-07T16:29:26+08:00][sql] CONNECT:[ UseTime:0.000672s ] mysql:host=127.0.0.1;port=3306;dbname=c2;charset=utf8mb4
[2023-02-07T16:29:26+08:00][sql] SHOW FULL COLUMNS FROM `wk_tag` [ RunTime:0.000908s ]
[2023-02-07T16:29:26+08:00][sql] SELECT `id`,`name` FROM `wk_tag` ORDER BY `id` [ RunTime:0.000304s ]
[2023-02-07T16:29:30+08:00][sql] CONNECT:[ UseTime:0.000480s ] mysql:host=127.0.0.1;port=3306;dbname=c2;charset=utf8mb4
[2023-02-07T16:29:30+08:00][sql] SHOW FULL COLUMNS FROM `wk_tag` [ RunTime:0.000785s ]
[2023-02-07T16:29:30+08:00][sql] SELECT `id`,`name` FROM `wk_tag` ORDER BY `id` [ RunTime:0.000190s ]
[2023-02-07T16:29:32+08:00][sql] CONNECT:[ UseTime:0.000892s ] mysql:host=127.0.0.1;port=3306;dbname=c2;charset=utf8mb4
[2023-02-07T16:29:32+08:00][sql] SHOW FULL COLUMNS FROM `wk_tag` [ RunTime:0.001454s ]
[2023-02-07T16:29:32+08:00][sql] SELECT `id`,`name` FROM `wk_tag` ORDER BY `id` [ RunTime:0.000193s ]
[2023-02-07T16:58:39+08:00][sql] CONNECT:[ UseTime:0.001380s ] mysql:host=127.0.0.1;port=3306;dbname=c2;charset=utf8mb4
[2023-02-07T16:58:39+08:00][sql] SHOW FULL COLUMNS FROM `wk_tag` [ RunTime:0.006652s ]
[2023-02-07T16:58:39+08:00][sql] SELECT `id`,`name` FROM `wk_tag` ORDER BY `id` [ RunTime:0.000242s ]
[2023-02-07T16:58:52+08:00][sql] CONNECT:[ UseTime:0.000596s ] mysql:host=127.0.0.1;port=3306;dbname=c2;charset=utf8mb4
[2023-02-07T16:58:52+08:00][sql] SHOW FULL COLUMNS FROM `wk_tag` [ RunTime:0.001838s ]
[2023-02-07T16:58:52+08:00][sql] SELECT `id`,`name` FROM `wk_tag` ORDER BY `id` [ RunTime:0.000169s ]
