[2023-02-16T00:57:50+08:00][sql] CONNECT:[ UseTime:0.128247s ] mysql:host=88.218.194.8;port=3306;dbname=webqrcode;charset=utf8mb4
[2023-02-16T00:57:50+08:00][sql] SHOW FULL COLUMNS FROM `wk_provider` [ RunTime:0.087535s ]
[2023-02-16T00:57:50+08:00][sql] SELECT `id` FROM `wk_provider` WHERE  `id` = 1  AND `relogin` = 0 LIMIT 1 [ RunTime:0.085743s ]
[2023-02-16T00:57:50+08:00][sql] SHOW FULL COLUMNS FROM `wk_entrance` [ RunTime:0.087056s ]
[2023-02-16T00:57:50+08:00][sql] SELECT COUNT(*) AS think_count FROM ( SELECT count(*) AS think_count FROM `wk_entrance` `e` WHERE  `joinable_wc` = 1  AND `provider_id` = 1 GROUP BY `e`.`id` ) `_group_count_` LIMIT 1 [ RunTime:0.113338s ]
[2023-02-16T00:57:50+08:00][sql] SELECT `e`.`id`,`e`.`qrcode_id`,`e`.`name`,`e`.`avatar`,`e`.`expire_date`,`e`.`members`,`e`.`im`,`e`.`hide`,`e`.`add_time`,`e`.`company`,`e`.`type`,`e`.`joinable_wc`,`e`.`error_msg` FROM `wk_entrance` `e` WHERE  `joinable_wc` = 1  AND `provider_id` = 1  AND `provider_id` = 1 GROUP BY `e`.`id` ORDER BY `e`.`id` DESC LIMIT 0,20 [ RunTime:0.085726s ]
[2023-02-16T00:57:58+08:00][sql] CONNECT:[ UseTime:0.146328s ] mysql:host=88.218.194.8;port=3306;dbname=webqrcode;charset=utf8mb4
[2023-02-16T00:57:58+08:00][sql] SHOW FULL COLUMNS FROM `wk_provider` [ RunTime:0.099228s ]
[2023-02-16T00:57:58+08:00][sql] SELECT `id` FROM `wk_provider` WHERE  `id` = 1  AND `relogin` = 0 LIMIT 1 [ RunTime:0.097731s ]
[2023-02-16T00:57:58+08:00][sql] SHOW FULL COLUMNS FROM `wk_entrance` [ RunTime:0.096932s ]
[2023-02-16T00:57:58+08:00][sql] SELECT COUNT(*) AS think_count FROM ( SELECT count(*) AS think_count FROM `wk_entrance` `e` WHERE  `joinable_wc` = 1  AND `provider_id` = 1 GROUP BY `e`.`id` ) `_group_count_` LIMIT 1 [ RunTime:0.122091s ]
[2023-02-16T00:57:58+08:00][sql] SELECT `e`.`id`,`e`.`qrcode_id`,`e`.`name`,`e`.`avatar`,`e`.`expire_date`,`e`.`members`,`e`.`im`,`e`.`hide`,`e`.`add_time`,`e`.`company`,`e`.`type`,`e`.`joinable_wc`,`e`.`error_msg` FROM `wk_entrance` `e` WHERE  `joinable_wc` = 1  AND `provider_id` = 1  AND `provider_id` = 1 GROUP BY `e`.`id` ORDER BY `e`.`id` DESC LIMIT 20,20 [ RunTime:0.094291s ]
[2023-02-16T00:58:01+08:00][sql] CONNECT:[ UseTime:0.145550s ] mysql:host=88.218.194.8;port=3306;dbname=webqrcode;charset=utf8mb4
[2023-02-16T00:58:01+08:00][sql] SHOW FULL COLUMNS FROM `wk_provider` [ RunTime:0.097474s ]
[2023-02-16T00:58:01+08:00][sql] SELECT `id` FROM `wk_provider` WHERE  `id` = 1  AND `relogin` = 0 LIMIT 1 [ RunTime:0.091830s ]
[2023-02-16T00:58:01+08:00][sql] SHOW FULL COLUMNS FROM `wk_entrance` [ RunTime:0.094825s ]
[2023-02-16T00:58:01+08:00][sql] SELECT COUNT(*) AS think_count FROM ( SELECT count(*) AS think_count FROM `wk_entrance` `e` WHERE  `joinable_wc` = 1  AND `provider_id` = 1 GROUP BY `e`.`id` ) `_group_count_` LIMIT 1 [ RunTime:0.131998s ]
[2023-02-16T00:58:01+08:00][sql] SELECT `e`.`id`,`e`.`qrcode_id`,`e`.`name`,`e`.`avatar`,`e`.`expire_date`,`e`.`members`,`e`.`im`,`e`.`hide`,`e`.`add_time`,`e`.`company`,`e`.`type`,`e`.`joinable_wc`,`e`.`error_msg` FROM `wk_entrance` `e` WHERE  `joinable_wc` = 1  AND `provider_id` = 1  AND `provider_id` = 1 GROUP BY `e`.`id` ORDER BY `e`.`id` DESC LIMIT 40,20 [ RunTime:0.103672s ]
[2023-02-16T00:58:08+08:00][sql] CONNECT:[ UseTime:0.130463s ] mysql:host=88.218.194.8;port=3306;dbname=webqrcode;charset=utf8mb4
[2023-02-16T00:58:08+08:00][sql] SHOW FULL COLUMNS FROM `wk_provider` [ RunTime:0.092961s ]
[2023-02-16T00:58:08+08:00][sql] SELECT `id` FROM `wk_provider` WHERE  `id` = 1  AND `relogin` = 0 LIMIT 1 [ RunTime:0.087094s ]
[2023-02-16T00:58:08+08:00][sql] SHOW FULL COLUMNS FROM `wk_entrance` [ RunTime:0.089715s ]
[2023-02-16T00:58:08+08:00][sql] SELECT COUNT(*) AS think_count FROM ( SELECT count(*) AS think_count FROM `wk_entrance` `e` WHERE  `joinable_wc` = 1  AND `provider_id` = 1 GROUP BY `e`.`id` ) `_group_count_` LIMIT 1 [ RunTime:0.118138s ]
[2023-02-16T00:58:08+08:00][sql] SELECT `e`.`id`,`e`.`qrcode_id`,`e`.`name`,`e`.`avatar`,`e`.`expire_date`,`e`.`members`,`e`.`im`,`e`.`hide`,`e`.`add_time`,`e`.`company`,`e`.`type`,`e`.`joinable_wc`,`e`.`error_msg` FROM `wk_entrance` `e` WHERE  `joinable_wc` = 1  AND `provider_id` = 1  AND `provider_id` = 1 GROUP BY `e`.`id` ORDER BY `e`.`id` DESC LIMIT 60,20 [ RunTime:0.088417s ]
[2023-02-16T00:58:11+08:00][sql] CONNECT:[ UseTime:0.150637s ] mysql:host=88.218.194.8;port=3306;dbname=webqrcode;charset=utf8mb4
[2023-02-16T00:58:11+08:00][sql] SHOW FULL COLUMNS FROM `wk_provider` [ RunTime:0.104344s ]
[2023-02-16T00:58:11+08:00][sql] SELECT `id` FROM `wk_provider` WHERE  `id` = 1  AND `relogin` = 0 LIMIT 1 [ RunTime:0.102948s ]
[2023-02-16T00:58:11+08:00][sql] SHOW FULL COLUMNS FROM `wk_entrance` [ RunTime:0.103642s ]
[2023-02-16T00:58:11+08:00][sql] SELECT COUNT(*) AS think_count FROM ( SELECT count(*) AS think_count FROM `wk_entrance` `e` WHERE  `joinable_wc` = 1  AND `provider_id` = 1 GROUP BY `e`.`id` ) `_group_count_` LIMIT 1 [ RunTime:0.130421s ]
[2023-02-16T00:58:11+08:00][sql] SELECT `e`.`id`,`e`.`qrcode_id`,`e`.`name`,`e`.`avatar`,`e`.`expire_date`,`e`.`members`,`e`.`im`,`e`.`hide`,`e`.`add_time`,`e`.`company`,`e`.`type`,`e`.`joinable_wc`,`e`.`error_msg` FROM `wk_entrance` `e` WHERE  `joinable_wc` = 1  AND `provider_id` = 1  AND `provider_id` = 1 GROUP BY `e`.`id` ORDER BY `e`.`id` DESC LIMIT 80,20 [ RunTime:0.102548s ]
[2023-02-16T00:58:14+08:00][sql] CONNECT:[ UseTime:0.145261s ] mysql:host=88.218.194.8;port=3306;dbname=webqrcode;charset=utf8mb4
[2023-02-16T00:58:14+08:00][sql] SHOW FULL COLUMNS FROM `wk_provider` [ RunTime:0.108797s ]
[2023-02-16T00:58:14+08:00][sql] SELECT `id` FROM `wk_provider` WHERE  `id` = 1  AND `relogin` = 0 LIMIT 1 [ RunTime:0.109064s ]
[2023-02-16T00:58:14+08:00][sql] SHOW FULL COLUMNS FROM `wk_entrance` [ RunTime:0.098887s ]
[2023-02-16T00:58:14+08:00][sql] SELECT COUNT(*) AS think_count FROM ( SELECT count(*) AS think_count FROM `wk_entrance` `e` WHERE  `joinable_wc` = 1  AND `provider_id` = 1 GROUP BY `e`.`id` ) `_group_count_` LIMIT 1 [ RunTime:0.123490s ]
[2023-02-16T00:58:14+08:00][sql] SELECT `e`.`id`,`e`.`qrcode_id`,`e`.`name`,`e`.`avatar`,`e`.`expire_date`,`e`.`members`,`e`.`im`,`e`.`hide`,`e`.`add_time`,`e`.`company`,`e`.`type`,`e`.`joinable_wc`,`e`.`error_msg` FROM `wk_entrance` `e` WHERE  `joinable_wc` = 1  AND `provider_id` = 1  AND `provider_id` = 1 GROUP BY `e`.`id` ORDER BY `e`.`id` DESC LIMIT 100,20 [ RunTime:0.096989s ]
[2023-02-16T00:58:17+08:00][sql] CONNECT:[ UseTime:0.123144s ] mysql:host=88.218.194.8;port=3306;dbname=webqrcode;charset=utf8mb4
[2023-02-16T00:58:17+08:00][sql] SHOW FULL COLUMNS FROM `wk_provider` [ RunTime:0.088082s ]
[2023-02-16T00:58:17+08:00][sql] SELECT `id` FROM `wk_provider` WHERE  `id` = 1  AND `relogin` = 0 LIMIT 1 [ RunTime:0.083326s ]
[2023-02-16T00:58:17+08:00][sql] SHOW FULL COLUMNS FROM `wk_entrance` [ RunTime:0.085093s ]
[2023-02-16T00:58:17+08:00][sql] SELECT COUNT(*) AS think_count FROM ( SELECT count(*) AS think_count FROM `wk_entrance` `e` WHERE  `joinable_wc` = 1  AND `provider_id` = 1 GROUP BY `e`.`id` ) `_group_count_` LIMIT 1 [ RunTime:0.117416s ]
[2023-02-16T00:58:17+08:00][sql] SELECT `e`.`id`,`e`.`qrcode_id`,`e`.`name`,`e`.`avatar`,`e`.`expire_date`,`e`.`members`,`e`.`im`,`e`.`hide`,`e`.`add_time`,`e`.`company`,`e`.`type`,`e`.`joinable_wc`,`e`.`error_msg` FROM `wk_entrance` `e` WHERE  `joinable_wc` = 1  AND `provider_id` = 1  AND `provider_id` = 1 GROUP BY `e`.`id` ORDER BY `e`.`id` DESC LIMIT 120,20 [ RunTime:0.082541s ]
[2023-02-16T00:58:20+08:00][sql] CONNECT:[ UseTime:0.125593s ] mysql:host=88.218.194.8;port=3306;dbname=webqrcode;charset=utf8mb4
[2023-02-16T00:58:20+08:00][sql] SHOW FULL COLUMNS FROM `wk_provider` [ RunTime:0.088238s ]
[2023-02-16T00:58:20+08:00][sql] SELECT `id` FROM `wk_provider` WHERE  `id` = 1  AND `relogin` = 0 LIMIT 1 [ RunTime:0.084707s ]
[2023-02-16T00:58:20+08:00][sql] SHOW FULL COLUMNS FROM `wk_entrance` [ RunTime:0.089191s ]
[2023-02-16T00:58:20+08:00][sql] SELECT COUNT(*) AS think_count FROM ( SELECT count(*) AS think_count FROM `wk_entrance` `e` WHERE  `joinable_wc` = 1  AND `provider_id` = 1 GROUP BY `e`.`id` ) `_group_count_` LIMIT 1 [ RunTime:0.125201s ]
[2023-02-16T00:58:20+08:00][sql] SELECT `e`.`id`,`e`.`qrcode_id`,`e`.`name`,`e`.`avatar`,`e`.`expire_date`,`e`.`members`,`e`.`im`,`e`.`hide`,`e`.`add_time`,`e`.`company`,`e`.`type`,`e`.`joinable_wc`,`e`.`error_msg` FROM `wk_entrance` `e` WHERE  `joinable_wc` = 1  AND `provider_id` = 1  AND `provider_id` = 1 GROUP BY `e`.`id` ORDER BY `e`.`id` DESC LIMIT 140,20 [ RunTime:0.086459s ]
[2023-02-16T00:58:27+08:00][sql] CONNECT:[ UseTime:0.151437s ] mysql:host=88.218.194.8;port=3306;dbname=webqrcode;charset=utf8mb4
[2023-02-16T00:58:27+08:00][sql] SHOW FULL COLUMNS FROM `wk_provider` [ RunTime:0.104275s ]
[2023-02-16T00:58:27+08:00][sql] SELECT `id` FROM `wk_provider` WHERE  `id` = 1  AND `relogin` = 0 LIMIT 1 [ RunTime:0.101945s ]
[2023-02-16T00:58:27+08:00][sql] SHOW FULL COLUMNS FROM `wk_entrance` [ RunTime:0.103876s ]
[2023-02-16T00:58:27+08:00][sql] SELECT COUNT(*) AS think_count FROM ( SELECT count(*) AS think_count FROM `wk_entrance` `e` WHERE  `joinable_wc` = 1  AND `provider_id` = 1 GROUP BY `e`.`id` ) `_group_count_` LIMIT 1 [ RunTime:0.128396s ]
[2023-02-16T00:58:27+08:00][sql] SELECT `e`.`id`,`e`.`qrcode_id`,`e`.`name`,`e`.`avatar`,`e`.`expire_date`,`e`.`members`,`e`.`im`,`e`.`hide`,`e`.`add_time`,`e`.`company`,`e`.`type`,`e`.`joinable_wc`,`e`.`error_msg` FROM `wk_entrance` `e` WHERE  `joinable_wc` = 1  AND `provider_id` = 1  AND `provider_id` = 1 GROUP BY `e`.`id` ORDER BY `e`.`id` DESC LIMIT 160,20 [ RunTime:0.104361s ]
[2023-02-16T00:58:30+08:00][sql] CONNECT:[ UseTime:0.132396s ] mysql:host=88.218.194.8;port=3306;dbname=webqrcode;charset=utf8mb4
[2023-02-16T00:58:30+08:00][sql] SHOW FULL COLUMNS FROM `wk_provider` [ RunTime:0.091516s ]
[2023-02-16T00:58:30+08:00][sql] SELECT `id` FROM `wk_provider` WHERE  `id` = 1  AND `relogin` = 0 LIMIT 1 [ RunTime:0.092189s ]
[2023-02-16T00:58:30+08:00][sql] SHOW FULL COLUMNS FROM `wk_entrance` [ RunTime:0.091433s ]
[2023-02-16T00:58:30+08:00][sql] SELECT COUNT(*) AS think_count FROM ( SELECT count(*) AS think_count FROM `wk_entrance` `e` WHERE  `joinable_wc` = 1  AND `provider_id` = 1 GROUP BY `e`.`id` ) `_group_count_` LIMIT 1 [ RunTime:0.124017s ]
[2023-02-16T00:58:30+08:00][sql] SELECT `e`.`id`,`e`.`qrcode_id`,`e`.`name`,`e`.`avatar`,`e`.`expire_date`,`e`.`members`,`e`.`im`,`e`.`hide`,`e`.`add_time`,`e`.`company`,`e`.`type`,`e`.`joinable_wc`,`e`.`error_msg` FROM `wk_entrance` `e` WHERE  `joinable_wc` = 1  AND `provider_id` = 1  AND `provider_id` = 1 GROUP BY `e`.`id` ORDER BY `e`.`id` DESC LIMIT 180,20 [ RunTime:0.089559s ]
[2023-02-16T00:58:32+08:00][sql] CONNECT:[ UseTime:0.122752s ] mysql:host=88.218.194.8;port=3306;dbname=webqrcode;charset=utf8mb4
[2023-02-16T00:58:32+08:00][sql] SHOW FULL COLUMNS FROM `wk_provider` [ RunTime:0.083124s ]
[2023-02-16T00:58:32+08:00][sql] SELECT `id` FROM `wk_provider` WHERE  `id` = 1  AND `relogin` = 0 LIMIT 1 [ RunTime:0.080607s ]
[2023-02-16T00:58:32+08:00][sql] SHOW FULL COLUMNS FROM `wk_entrance` [ RunTime:0.083338s ]
[2023-02-16T00:58:32+08:00][sql] SELECT COUNT(*) AS think_count FROM ( SELECT count(*) AS think_count FROM `wk_entrance` `e` WHERE  `joinable_wc` = 1  AND `provider_id` = 1 GROUP BY `e`.`id` ) `_group_count_` LIMIT 1 [ RunTime:0.111812s ]
[2023-02-16T00:58:32+08:00][sql] SELECT `e`.`id`,`e`.`qrcode_id`,`e`.`name`,`e`.`avatar`,`e`.`expire_date`,`e`.`members`,`e`.`im`,`e`.`hide`,`e`.`add_time`,`e`.`company`,`e`.`type`,`e`.`joinable_wc`,`e`.`error_msg` FROM `wk_entrance` `e` WHERE  `joinable_wc` = 1  AND `provider_id` = 1  AND `provider_id` = 1 GROUP BY `e`.`id` ORDER BY `e`.`id` DESC LIMIT 200,20 [ RunTime:0.081866s ]
[2023-02-16T00:58:33+08:00][sql] CONNECT:[ UseTime:0.119833s ] mysql:host=88.218.194.8;port=3306;dbname=webqrcode;charset=utf8mb4
[2023-02-16T00:58:33+08:00][sql] SHOW FULL COLUMNS FROM `wk_provider` [ RunTime:0.084886s ]
[2023-02-16T00:58:33+08:00][sql] SELECT `id` FROM `wk_provider` WHERE  `id` = 1  AND `relogin` = 0 LIMIT 1 [ RunTime:0.082518s ]
[2023-02-16T00:58:33+08:00][sql] SHOW FULL COLUMNS FROM `wk_entrance` [ RunTime:0.083455s ]
[2023-02-16T00:58:33+08:00][sql] SELECT COUNT(*) AS think_count FROM ( SELECT count(*) AS think_count FROM `wk_entrance` `e` WHERE  `joinable_wc` = 1  AND `provider_id` = 1 GROUP BY `e`.`id` ) `_group_count_` LIMIT 1 [ RunTime:0.107341s ]
[2023-02-16T00:58:33+08:00][sql] SELECT `e`.`id`,`e`.`qrcode_id`,`e`.`name`,`e`.`avatar`,`e`.`expire_date`,`e`.`members`,`e`.`im`,`e`.`hide`,`e`.`add_time`,`e`.`company`,`e`.`type`,`e`.`joinable_wc`,`e`.`error_msg` FROM `wk_entrance` `e` WHERE  `joinable_wc` = 1  AND `provider_id` = 1  AND `provider_id` = 1 GROUP BY `e`.`id` ORDER BY `e`.`id` DESC LIMIT 220,20 [ RunTime:0.085137s ]
[2023-02-16T00:58:39+08:00][sql] CONNECT:[ UseTime:0.145878s ] mysql:host=88.218.194.8;port=3306;dbname=webqrcode;charset=utf8mb4
[2023-02-16T00:58:39+08:00][sql] SHOW FULL COLUMNS FROM `wk_provider` [ RunTime:0.102482s ]
[2023-02-16T00:58:39+08:00][sql] SELECT `id` FROM `wk_provider` WHERE  `id` = 1  AND `relogin` = 0 LIMIT 1 [ RunTime:0.094745s ]
[2023-02-16T00:58:39+08:00][sql] SHOW FULL COLUMNS FROM `wk_entrance` [ RunTime:0.097354s ]
[2023-02-16T00:58:39+08:00][sql] SELECT COUNT(*) AS think_count FROM ( SELECT count(*) AS think_count FROM `wk_entrance` `e` WHERE  `joinable_wc` = 1  AND `provider_id` = 1 GROUP BY `e`.`id` ) `_group_count_` LIMIT 1 [ RunTime:0.119470s ]
[2023-02-16T00:58:39+08:00][sql] SELECT `e`.`id`,`e`.`qrcode_id`,`e`.`name`,`e`.`avatar`,`e`.`expire_date`,`e`.`members`,`e`.`im`,`e`.`hide`,`e`.`add_time`,`e`.`company`,`e`.`type`,`e`.`joinable_wc`,`e`.`error_msg` FROM `wk_entrance` `e` WHERE  `joinable_wc` = 1  AND `provider_id` = 1  AND `provider_id` = 1 GROUP BY `e`.`id` ORDER BY `e`.`id` DESC LIMIT 240,20 [ RunTime:0.096008s ]
[2023-02-16T00:58:47+08:00][sql] CONNECT:[ UseTime:0.133135s ] mysql:host=88.218.194.8;port=3306;dbname=webqrcode;charset=utf8mb4
[2023-02-16T00:58:47+08:00][sql] SHOW FULL COLUMNS FROM `wk_provider` [ RunTime:0.092863s ]
[2023-02-16T00:58:47+08:00][sql] SELECT `id` FROM `wk_provider` WHERE  `id` = 1  AND `relogin` = 0 LIMIT 1 [ RunTime:0.086975s ]
[2023-02-16T00:58:47+08:00][sql] SHOW FULL COLUMNS FROM `wk_entrance` [ RunTime:0.089659s ]
[2023-02-16T00:58:47+08:00][sql] SELECT COUNT(*) AS think_count FROM ( SELECT count(*) AS think_count FROM `wk_entrance` `e` WHERE  `joinable_wc` = 1  AND `provider_id` = 1 GROUP BY `e`.`id` ) `_group_count_` LIMIT 1 [ RunTime:0.114569s ]
[2023-02-16T00:58:47+08:00][sql] SELECT `e`.`id`,`e`.`qrcode_id`,`e`.`name`,`e`.`avatar`,`e`.`expire_date`,`e`.`members`,`e`.`im`,`e`.`hide`,`e`.`add_time`,`e`.`company`,`e`.`type`,`e`.`joinable_wc`,`e`.`error_msg` FROM `wk_entrance` `e` WHERE  `joinable_wc` = 1  AND `provider_id` = 1  AND `provider_id` = 1 GROUP BY `e`.`id` ORDER BY `e`.`id` DESC LIMIT 260,20 [ RunTime:0.092201s ]
[2023-02-16T00:58:50+08:00][sql] CONNECT:[ UseTime:0.144919s ] mysql:host=88.218.194.8;port=3306;dbname=webqrcode;charset=utf8mb4
[2023-02-16T00:58:50+08:00][sql] SHOW FULL COLUMNS FROM `wk_provider` [ RunTime:0.099483s ]
[2023-02-16T00:58:50+08:00][sql] SELECT `id` FROM `wk_provider` WHERE  `id` = 1  AND `relogin` = 0 LIMIT 1 [ RunTime:0.097613s ]
[2023-02-16T00:58:50+08:00][sql] SHOW FULL COLUMNS FROM `wk_entrance` [ RunTime:0.098953s ]
[2023-02-16T00:58:50+08:00][sql] SELECT COUNT(*) AS think_count FROM ( SELECT count(*) AS think_count FROM `wk_entrance` `e` WHERE  `joinable_wc` = 1  AND `provider_id` = 1 GROUP BY `e`.`id` ) `_group_count_` LIMIT 1 [ RunTime:0.125602s ]
[2023-02-16T00:58:50+08:00][sql] SELECT `e`.`id`,`e`.`qrcode_id`,`e`.`name`,`e`.`avatar`,`e`.`expire_date`,`e`.`members`,`e`.`im`,`e`.`hide`,`e`.`add_time`,`e`.`company`,`e`.`type`,`e`.`joinable_wc`,`e`.`error_msg` FROM `wk_entrance` `e` WHERE  `joinable_wc` = 1  AND `provider_id` = 1  AND `provider_id` = 1 GROUP BY `e`.`id` ORDER BY `e`.`id` DESC LIMIT 280,20 [ RunTime:0.098609s ]
[2023-02-16T00:58:52+08:00][sql] CONNECT:[ UseTime:0.138018s ] mysql:host=88.218.194.8;port=3306;dbname=webqrcode;charset=utf8mb4
[2023-02-16T00:58:52+08:00][sql] SHOW FULL COLUMNS FROM `wk_provider` [ RunTime:0.094964s ]
[2023-02-16T00:58:52+08:00][sql] SELECT `id` FROM `wk_provider` WHERE  `id` = 1  AND `relogin` = 0 LIMIT 1 [ RunTime:0.091596s ]
[2023-02-16T00:58:52+08:00][sql] SHOW FULL COLUMNS FROM `wk_entrance` [ RunTime:0.094354s ]
[2023-02-16T00:58:52+08:00][sql] SELECT COUNT(*) AS think_count FROM ( SELECT count(*) AS think_count FROM `wk_entrance` `e` WHERE  `joinable_wc` = 1  AND `provider_id` = 1 GROUP BY `e`.`id` ) `_group_count_` LIMIT 1 [ RunTime:0.118922s ]
[2023-02-16T00:58:52+08:00][sql] SELECT `e`.`id`,`e`.`qrcode_id`,`e`.`name`,`e`.`avatar`,`e`.`expire_date`,`e`.`members`,`e`.`im`,`e`.`hide`,`e`.`add_time`,`e`.`company`,`e`.`type`,`e`.`joinable_wc`,`e`.`error_msg` FROM `wk_entrance` `e` WHERE  `joinable_wc` = 1  AND `provider_id` = 1  AND `provider_id` = 1 GROUP BY `e`.`id` ORDER BY `e`.`id` DESC LIMIT 300,20 [ RunTime:0.096002s ]
[2023-02-16T16:59:56+08:00][sql] CONNECT:[ UseTime:1.119081s ] mysql:host=88.218.194.8;port=3306;dbname=webqrcode;charset=utf8mb4
[2023-02-16T16:59:56+08:00][sql] SHOW FULL COLUMNS FROM `wk_tag` [ RunTime:0.085312s ]
[2023-02-16T16:59:56+08:00][sql] SELECT `id`,`name` FROM `wk_tag` ORDER BY `id` [ RunTime:0.075823s ]
[2023-02-16T16:59:57+08:00][sql] CONNECT:[ UseTime:0.179635s ] mysql:host=88.218.194.8;port=3306;dbname=webqrcode;charset=utf8mb4
[2023-02-16T16:59:57+08:00][sql] SHOW FULL COLUMNS FROM `wk_provider` [ RunTime:0.088239s ]
[2023-02-16T16:59:57+08:00][sql] SELECT `id` FROM `wk_provider` WHERE  `id` = 1  AND `relogin` = 0 LIMIT 1 [ RunTime:0.081064s ]
[2023-02-16T16:59:57+08:00][sql] SHOW FULL COLUMNS FROM `wk_qrcode` [ RunTime:0.087367s ]
[2023-02-16T16:59:57+08:00][sql] SELECT q.id,q.code,q.company,q.status,q.valid,q.valid_time,q.err_msg,q.add_time FROM `wk_qrcode` `q` WHERE  `q`.`provider_id` = '1' GROUP BY `q`.`id` LIMIT 0,20 [ RunTime:0.084411s ]
[2023-02-16T16:59:57+08:00][sql] SHOW FULL COLUMNS FROM `wk_entrance` [ RunTime:0.089008s ]
[2023-02-16T16:59:57+08:00][sql] SELECT `e`.`id`,`e`.`avatar`,`e`.`name`,`e`.`members`,`e`.`qr`,`e`.`expire_date`,`e`.`joinable_wc`,`e`.`reported`,`e`.`add_time` FROM `wk_entrance` `e` WHERE  `e`.`qrcode_id` = '2'  AND `e`.`expire_date` >= NOW() [ RunTime:0.081743s ]
[2023-02-16T16:59:57+08:00][sql] SELECT `e`.`id`,`e`.`avatar`,`e`.`name`,`e`.`members`,`e`.`qr`,`e`.`expire_date`,`e`.`joinable_wc`,`e`.`reported`,`e`.`add_time` FROM `wk_entrance` `e` WHERE  `e`.`qrcode_id` = '3'  AND `e`.`expire_date` >= NOW() [ RunTime:0.086969s ]
[2023-02-16T16:59:57+08:00][sql] SELECT `e`.`id`,`e`.`avatar`,`e`.`name`,`e`.`members`,`e`.`qr`,`e`.`expire_date`,`e`.`joinable_wc`,`e`.`reported`,`e`.`add_time` FROM `wk_entrance` `e` WHERE  `e`.`qrcode_id` = '4'  AND `e`.`expire_date` >= NOW() [ RunTime:0.080989s ]
[2023-02-16T16:59:57+08:00][sql] SELECT `e`.`id`,`e`.`avatar`,`e`.`name`,`e`.`members`,`e`.`qr`,`e`.`expire_date`,`e`.`joinable_wc`,`e`.`reported`,`e`.`add_time` FROM `wk_entrance` `e` WHERE  `e`.`qrcode_id` = '5'  AND `e`.`expire_date` >= NOW() [ RunTime:0.091841s ]
[2023-02-16T16:59:57+08:00][sql] SELECT `e`.`id`,`e`.`avatar`,`e`.`name`,`e`.`members`,`e`.`qr`,`e`.`expire_date`,`e`.`joinable_wc`,`e`.`reported`,`e`.`add_time` FROM `wk_entrance` `e` WHERE  `e`.`qrcode_id` = '6'  AND `e`.`expire_date` >= NOW() [ RunTime:0.090381s ]
[2023-02-16T16:59:57+08:00][sql] SELECT `e`.`id`,`e`.`avatar`,`e`.`name`,`e`.`members`,`e`.`qr`,`e`.`expire_date`,`e`.`joinable_wc`,`e`.`reported`,`e`.`add_time` FROM `wk_entrance` `e` WHERE  `e`.`qrcode_id` = '7'  AND `e`.`expire_date` >= NOW() [ RunTime:0.084497s ]
[2023-02-16T16:59:57+08:00][sql] SELECT `e`.`id`,`e`.`avatar`,`e`.`name`,`e`.`members`,`e`.`qr`,`e`.`expire_date`,`e`.`joinable_wc`,`e`.`reported`,`e`.`add_time` FROM `wk_entrance` `e` WHERE  `e`.`qrcode_id` = '8'  AND `e`.`expire_date` >= NOW() [ RunTime:0.081098s ]
[2023-02-16T16:59:57+08:00][sql] SELECT `e`.`id`,`e`.`avatar`,`e`.`name`,`e`.`members`,`e`.`qr`,`e`.`expire_date`,`e`.`joinable_wc`,`e`.`reported`,`e`.`add_time` FROM `wk_entrance` `e` WHERE  `e`.`qrcode_id` = '9'  AND `e`.`expire_date` >= NOW() [ RunTime:0.082609s ]
[2023-02-16T16:59:57+08:00][sql] SELECT `e`.`id`,`e`.`avatar`,`e`.`name`,`e`.`members`,`e`.`qr`,`e`.`expire_date`,`e`.`joinable_wc`,`e`.`reported`,`e`.`add_time` FROM `wk_entrance` `e` WHERE  `e`.`qrcode_id` = '10'  AND `e`.`expire_date` >= NOW() [ RunTime:0.080407s ]
[2023-02-16T16:59:57+08:00][sql] SELECT `e`.`id`,`e`.`avatar`,`e`.`name`,`e`.`members`,`e`.`qr`,`e`.`expire_date`,`e`.`joinable_wc`,`e`.`reported`,`e`.`add_time` FROM `wk_entrance` `e` WHERE  `e`.`qrcode_id` = '11'  AND `e`.`expire_date` >= NOW() [ RunTime:0.080695s ]
[2023-02-16T16:59:57+08:00][sql] SELECT `e`.`id`,`e`.`avatar`,`e`.`name`,`e`.`members`,`e`.`qr`,`e`.`expire_date`,`e`.`joinable_wc`,`e`.`reported`,`e`.`add_time` FROM `wk_entrance` `e` WHERE  `e`.`qrcode_id` = '12'  AND `e`.`expire_date` >= NOW() [ RunTime:0.098504s ]
[2023-02-16T16:59:57+08:00][sql] SELECT `e`.`id`,`e`.`avatar`,`e`.`name`,`e`.`members`,`e`.`qr`,`e`.`expire_date`,`e`.`joinable_wc`,`e`.`reported`,`e`.`add_time` FROM `wk_entrance` `e` WHERE  `e`.`qrcode_id` = '13'  AND `e`.`expire_date` >= NOW() [ RunTime:0.080804s ]
[2023-02-16T16:59:57+08:00][sql] SELECT `e`.`id`,`e`.`avatar`,`e`.`name`,`e`.`members`,`e`.`qr`,`e`.`expire_date`,`e`.`joinable_wc`,`e`.`reported`,`e`.`add_time` FROM `wk_entrance` `e` WHERE  `e`.`qrcode_id` = '14'  AND `e`.`expire_date` >= NOW() [ RunTime:0.082996s ]
[2023-02-16T16:59:57+08:00][sql] SELECT `e`.`id`,`e`.`avatar`,`e`.`name`,`e`.`members`,`e`.`qr`,`e`.`expire_date`,`e`.`joinable_wc`,`e`.`reported`,`e`.`add_time` FROM `wk_entrance` `e` WHERE  `e`.`qrcode_id` = '15'  AND `e`.`expire_date` >= NOW() [ RunTime:0.082257s ]
[2023-02-16T16:59:57+08:00][sql] SELECT `e`.`id`,`e`.`avatar`,`e`.`name`,`e`.`members`,`e`.`qr`,`e`.`expire_date`,`e`.`joinable_wc`,`e`.`reported`,`e`.`add_time` FROM `wk_entrance` `e` WHERE  `e`.`qrcode_id` = '16'  AND `e`.`expire_date` >= NOW() [ RunTime:0.081798s ]
[2023-02-16T16:59:57+08:00][sql] SELECT `e`.`id`,`e`.`avatar`,`e`.`name`,`e`.`members`,`e`.`qr`,`e`.`expire_date`,`e`.`joinable_wc`,`e`.`reported`,`e`.`add_time` FROM `wk_entrance` `e` WHERE  `e`.`qrcode_id` = '17'  AND `e`.`expire_date` >= NOW() [ RunTime:0.080574s ]
[2023-02-16T16:59:57+08:00][sql] SELECT `e`.`id`,`e`.`avatar`,`e`.`name`,`e`.`members`,`e`.`qr`,`e`.`expire_date`,`e`.`joinable_wc`,`e`.`reported`,`e`.`add_time` FROM `wk_entrance` `e` WHERE  `e`.`qrcode_id` = '18'  AND `e`.`expire_date` >= NOW() [ RunTime:0.082213s ]
[2023-02-16T16:59:57+08:00][sql] SELECT `e`.`id`,`e`.`avatar`,`e`.`name`,`e`.`members`,`e`.`qr`,`e`.`expire_date`,`e`.`joinable_wc`,`e`.`reported`,`e`.`add_time` FROM `wk_entrance` `e` WHERE  `e`.`qrcode_id` = '19'  AND `e`.`expire_date` >= NOW() [ RunTime:0.081748s ]
[2023-02-16T16:59:57+08:00][sql] SELECT `e`.`id`,`e`.`avatar`,`e`.`name`,`e`.`members`,`e`.`qr`,`e`.`expire_date`,`e`.`joinable_wc`,`e`.`reported`,`e`.`add_time` FROM `wk_entrance` `e` WHERE  `e`.`qrcode_id` = '20'  AND `e`.`expire_date` >= NOW() [ RunTime:0.081823s ]
[2023-02-16T16:59:57+08:00][sql] SELECT `e`.`id`,`e`.`avatar`,`e`.`name`,`e`.`members`,`e`.`qr`,`e`.`expire_date`,`e`.`joinable_wc`,`e`.`reported`,`e`.`add_time` FROM `wk_entrance` `e` WHERE  `e`.`qrcode_id` = '21'  AND `e`.`expire_date` >= NOW() [ RunTime:0.086790s ]
[2023-02-16T16:59:57+08:00][sql] SELECT COUNT(*) AS think_count FROM `wk_qrcode` WHERE  `provider_id` = 1 LIMIT 1 [ RunTime:0.085769s ]
[2023-02-16T17:21:06+08:00][sql] CONNECT:[ UseTime:0.131166s ] mysql:host=88.218.194.8;port=3306;dbname=webqrcode;charset=utf8mb4
[2023-02-16T17:21:06+08:00][sql] SHOW FULL COLUMNS FROM `wk_provider` [ RunTime:0.091237s ]
[2023-02-16T17:21:06+08:00][sql] SELECT `id` FROM `wk_provider` WHERE  `id` = 1  AND `relogin` = 0 LIMIT 1 [ RunTime:0.089049s ]
[2023-02-16T17:21:06+08:00][sql] SHOW FULL COLUMNS FROM `wk_qrcode` [ RunTime:0.092044s ]
[2023-02-16T17:21:06+08:00][sql] SELECT q.id,q.code,q.company,q.status,q.valid,q.valid_time,q.err_msg,q.add_time FROM `wk_qrcode` `q` WHERE  `q`.`provider_id` = '1' GROUP BY `q`.`id` LIMIT 0,20 [ RunTime:0.091424s ]
[2023-02-16T17:21:06+08:00][sql] SHOW FULL COLUMNS FROM `wk_entrance` [ RunTime:0.091133s ]
[2023-02-16T17:21:06+08:00][sql] SELECT `e`.`id`,`e`.`avatar`,`e`.`name`,`e`.`members`,`e`.`qr`,`e`.`expire_date`,`e`.`joinable_wc`,`e`.`reported`,`e`.`add_time` FROM `wk_entrance` `e` WHERE  `e`.`qrcode_id` = '2'  AND `e`.`expire_date` >= NOW() [ RunTime:0.088488s ]
[2023-02-16T17:21:06+08:00][sql] SELECT `e`.`id`,`e`.`avatar`,`e`.`name`,`e`.`members`,`e`.`qr`,`e`.`expire_date`,`e`.`joinable_wc`,`e`.`reported`,`e`.`add_time` FROM `wk_entrance` `e` WHERE  `e`.`qrcode_id` = '3'  AND `e`.`expire_date` >= NOW() [ RunTime:0.087307s ]
[2023-02-16T17:21:06+08:00][sql] SELECT `e`.`id`,`e`.`avatar`,`e`.`name`,`e`.`members`,`e`.`qr`,`e`.`expire_date`,`e`.`joinable_wc`,`e`.`reported`,`e`.`add_time` FROM `wk_entrance` `e` WHERE  `e`.`qrcode_id` = '4'  AND `e`.`expire_date` >= NOW() [ RunTime:0.090593s ]
[2023-02-16T17:21:06+08:00][sql] SELECT `e`.`id`,`e`.`avatar`,`e`.`name`,`e`.`members`,`e`.`qr`,`e`.`expire_date`,`e`.`joinable_wc`,`e`.`reported`,`e`.`add_time` FROM `wk_entrance` `e` WHERE  `e`.`qrcode_id` = '5'  AND `e`.`expire_date` >= NOW() [ RunTime:0.089646s ]
[2023-02-16T17:21:06+08:00][sql] SELECT `e`.`id`,`e`.`avatar`,`e`.`name`,`e`.`members`,`e`.`qr`,`e`.`expire_date`,`e`.`joinable_wc`,`e`.`reported`,`e`.`add_time` FROM `wk_entrance` `e` WHERE  `e`.`qrcode_id` = '6'  AND `e`.`expire_date` >= NOW() [ RunTime:0.089963s ]
[2023-02-16T17:21:06+08:00][sql] SELECT `e`.`id`,`e`.`avatar`,`e`.`name`,`e`.`members`,`e`.`qr`,`e`.`expire_date`,`e`.`joinable_wc`,`e`.`reported`,`e`.`add_time` FROM `wk_entrance` `e` WHERE  `e`.`qrcode_id` = '7'  AND `e`.`expire_date` >= NOW() [ RunTime:0.108108s ]
[2023-02-16T17:21:06+08:00][sql] SELECT `e`.`id`,`e`.`avatar`,`e`.`name`,`e`.`members`,`e`.`qr`,`e`.`expire_date`,`e`.`joinable_wc`,`e`.`reported`,`e`.`add_time` FROM `wk_entrance` `e` WHERE  `e`.`qrcode_id` = '8'  AND `e`.`expire_date` >= NOW() [ RunTime:0.088293s ]
[2023-02-16T17:21:06+08:00][sql] SELECT `e`.`id`,`e`.`avatar`,`e`.`name`,`e`.`members`,`e`.`qr`,`e`.`expire_date`,`e`.`joinable_wc`,`e`.`reported`,`e`.`add_time` FROM `wk_entrance` `e` WHERE  `e`.`qrcode_id` = '9'  AND `e`.`expire_date` >= NOW() [ RunTime:0.088404s ]
[2023-02-16T17:21:06+08:00][sql] SELECT `e`.`id`,`e`.`avatar`,`e`.`name`,`e`.`members`,`e`.`qr`,`e`.`expire_date`,`e`.`joinable_wc`,`e`.`reported`,`e`.`add_time` FROM `wk_entrance` `e` WHERE  `e`.`qrcode_id` = '10'  AND `e`.`expire_date` >= NOW() [ RunTime:0.088622s ]
[2023-02-16T17:21:06+08:00][sql] SELECT `e`.`id`,`e`.`avatar`,`e`.`name`,`e`.`members`,`e`.`qr`,`e`.`expire_date`,`e`.`joinable_wc`,`e`.`reported`,`e`.`add_time` FROM `wk_entrance` `e` WHERE  `e`.`qrcode_id` = '11'  AND `e`.`expire_date` >= NOW() [ RunTime:0.095595s ]
[2023-02-16T17:21:06+08:00][sql] SELECT `e`.`id`,`e`.`avatar`,`e`.`name`,`e`.`members`,`e`.`qr`,`e`.`expire_date`,`e`.`joinable_wc`,`e`.`reported`,`e`.`add_time` FROM `wk_entrance` `e` WHERE  `e`.`qrcode_id` = '12'  AND `e`.`expire_date` >= NOW() [ RunTime:0.088758s ]
[2023-02-16T17:21:06+08:00][sql] SELECT `e`.`id`,`e`.`avatar`,`e`.`name`,`e`.`members`,`e`.`qr`,`e`.`expire_date`,`e`.`joinable_wc`,`e`.`reported`,`e`.`add_time` FROM `wk_entrance` `e` WHERE  `e`.`qrcode_id` = '13'  AND `e`.`expire_date` >= NOW() [ RunTime:0.094616s ]
[2023-02-16T17:21:06+08:00][sql] SELECT `e`.`id`,`e`.`avatar`,`e`.`name`,`e`.`members`,`e`.`qr`,`e`.`expire_date`,`e`.`joinable_wc`,`e`.`reported`,`e`.`add_time` FROM `wk_entrance` `e` WHERE  `e`.`qrcode_id` = '14'  AND `e`.`expire_date` >= NOW() [ RunTime:0.093856s ]
[2023-02-16T17:21:06+08:00][sql] SELECT `e`.`id`,`e`.`avatar`,`e`.`name`,`e`.`members`,`e`.`qr`,`e`.`expire_date`,`e`.`joinable_wc`,`e`.`reported`,`e`.`add_time` FROM `wk_entrance` `e` WHERE  `e`.`qrcode_id` = '15'  AND `e`.`expire_date` >= NOW() [ RunTime:0.096328s ]
[2023-02-16T17:21:06+08:00][sql] SELECT `e`.`id`,`e`.`avatar`,`e`.`name`,`e`.`members`,`e`.`qr`,`e`.`expire_date`,`e`.`joinable_wc`,`e`.`reported`,`e`.`add_time` FROM `wk_entrance` `e` WHERE  `e`.`qrcode_id` = '16'  AND `e`.`expire_date` >= NOW() [ RunTime:0.088587s ]
[2023-02-16T17:21:06+08:00][sql] SELECT `e`.`id`,`e`.`avatar`,`e`.`name`,`e`.`members`,`e`.`qr`,`e`.`expire_date`,`e`.`joinable_wc`,`e`.`reported`,`e`.`add_time` FROM `wk_entrance` `e` WHERE  `e`.`qrcode_id` = '17'  AND `e`.`expire_date` >= NOW() [ RunTime:0.087364s ]
[2023-02-16T17:21:06+08:00][sql] SELECT `e`.`id`,`e`.`avatar`,`e`.`name`,`e`.`members`,`e`.`qr`,`e`.`expire_date`,`e`.`joinable_wc`,`e`.`reported`,`e`.`add_time` FROM `wk_entrance` `e` WHERE  `e`.`qrcode_id` = '18'  AND `e`.`expire_date` >= NOW() [ RunTime:0.099550s ]
[2023-02-16T17:21:06+08:00][sql] SELECT `e`.`id`,`e`.`avatar`,`e`.`name`,`e`.`members`,`e`.`qr`,`e`.`expire_date`,`e`.`joinable_wc`,`e`.`reported`,`e`.`add_time` FROM `wk_entrance` `e` WHERE  `e`.`qrcode_id` = '19'  AND `e`.`expire_date` >= NOW() [ RunTime:0.086254s ]
[2023-02-16T17:21:06+08:00][sql] SELECT `e`.`id`,`e`.`avatar`,`e`.`name`,`e`.`members`,`e`.`qr`,`e`.`expire_date`,`e`.`joinable_wc`,`e`.`reported`,`e`.`add_time` FROM `wk_entrance` `e` WHERE  `e`.`qrcode_id` = '20'  AND `e`.`expire_date` >= NOW() [ RunTime:0.089077s ]
[2023-02-16T17:21:06+08:00][sql] SELECT `e`.`id`,`e`.`avatar`,`e`.`name`,`e`.`members`,`e`.`qr`,`e`.`expire_date`,`e`.`joinable_wc`,`e`.`reported`,`e`.`add_time` FROM `wk_entrance` `e` WHERE  `e`.`qrcode_id` = '21'  AND `e`.`expire_date` >= NOW() [ RunTime:0.092583s ]
[2023-02-16T17:21:06+08:00][sql] SELECT COUNT(*) AS think_count FROM `wk_qrcode` WHERE  `provider_id` = 1 LIMIT 1 [ RunTime:0.095668s ]
[2023-02-16T17:21:08+08:00][sql] CONNECT:[ UseTime:0.128356s ] mysql:host=88.218.194.8;port=3306;dbname=webqrcode;charset=utf8mb4
[2023-02-16T17:21:08+08:00][sql] SHOW FULL COLUMNS FROM `wk_tag` [ RunTime:0.098188s ]
[2023-02-16T17:21:08+08:00][sql] SELECT `id`,`name` FROM `wk_tag` ORDER BY `id` [ RunTime:0.085312s ]
[2023-02-16T17:21:08+08:00][sql] CONNECT:[ UseTime:0.124739s ] mysql:host=88.218.194.8;port=3306;dbname=webqrcode;charset=utf8mb4
[2023-02-16T17:21:08+08:00][sql] SHOW FULL COLUMNS FROM `wk_provider` [ RunTime:0.087410s ]
[2023-02-16T17:21:08+08:00][sql] SELECT `id` FROM `wk_provider` WHERE  `id` = 1  AND `relogin` = 0 LIMIT 1 [ RunTime:0.085498s ]
[2023-02-16T17:21:08+08:00][sql] SHOW FULL COLUMNS FROM `wk_entrance` [ RunTime:0.098545s ]
[2023-02-16T17:21:08+08:00][sql] SELECT COUNT(*) AS think_count FROM ( SELECT count(*) AS think_count FROM `wk_entrance` `e` WHERE  `provider_id` = 1 GROUP BY `e`.`id` ) `_group_count_` LIMIT 1 [ RunTime:0.104843s ]
[2023-02-16T17:21:08+08:00][sql] SELECT `e`.`id`,`e`.`qrcode_id`,`e`.`name`,`e`.`avatar`,`e`.`expire_date`,`e`.`members`,`e`.`im`,`e`.`hide`,`e`.`add_time`,`e`.`company`,`e`.`type`,`e`.`joinable_wc`,`e`.`error_msg` FROM `wk_entrance` `e` WHERE  `provider_id` = 1  AND `provider_id` = 1 GROUP BY `e`.`id` ORDER BY `e`.`id` DESC LIMIT 0,20 [ RunTime:0.084071s ]
[2023-02-16T17:23:13+08:00][sql] CONNECT:[ UseTime:0.135061s ] mysql:host=88.218.194.8;port=3306;dbname=webqrcode;charset=utf8mb4
[2023-02-16T17:23:13+08:00][sql] SHOW FULL COLUMNS FROM `wk_tag` [ RunTime:0.087762s ]
[2023-02-16T17:23:13+08:00][sql] SELECT `id`,`name` FROM `wk_tag` ORDER BY `id` [ RunTime:0.090079s ]
[2023-02-16T17:23:20+08:00][sql] CONNECT:[ UseTime:0.138622s ] mysql:host=88.218.194.8;port=3306;dbname=webqrcode;charset=utf8mb4
[2023-02-16T17:23:20+08:00][sql] SHOW FULL COLUMNS FROM `wk_tag` [ RunTime:0.088859s ]
[2023-02-16T17:23:20+08:00][sql] SELECT `id`,`name` FROM `wk_tag` ORDER BY `id` [ RunTime:0.087448s ]
[2023-02-16T17:24:22+08:00][sql] CONNECT:[ UseTime:0.113129s ] mysql:host=88.218.194.8;port=3306;dbname=webqrcode;charset=utf8mb4
[2023-02-16T17:24:22+08:00][sql] SHOW FULL COLUMNS FROM `wk_tag` [ RunTime:0.085914s ]
[2023-02-16T17:24:22+08:00][sql] SELECT `id`,`name` FROM `wk_tag` ORDER BY `id` [ RunTime:0.076680s ]
[2023-02-16T17:25:40+08:00][sql] CONNECT:[ UseTime:0.125932s ] mysql:host=88.218.194.8;port=3306;dbname=webqrcode;charset=utf8mb4
[2023-02-16T17:25:40+08:00][sql] SHOW FULL COLUMNS FROM `wk_tag` [ RunTime:0.089372s ]
[2023-02-16T17:25:40+08:00][sql] SELECT `id`,`name` FROM `wk_tag` ORDER BY `id` [ RunTime:0.085591s ]
[2023-02-16T17:25:44+08:00][sql] CONNECT:[ UseTime:0.132353s ] mysql:host=88.218.194.8;port=3306;dbname=webqrcode;charset=utf8mb4
[2023-02-16T17:25:44+08:00][sql] SHOW FULL COLUMNS FROM `wk_tag` [ RunTime:0.087209s ]
[2023-02-16T17:25:44+08:00][sql] SELECT `id`,`name` FROM `wk_tag` ORDER BY `id` [ RunTime:0.088168s ]
[2023-02-16T17:29:10+08:00][sql] CONNECT:[ UseTime:0.117297s ] mysql:host=88.218.194.8;port=3306;dbname=webqrcode;charset=utf8mb4
[2023-02-16T17:29:10+08:00][sql] SHOW FULL COLUMNS FROM `wk_tag` [ RunTime:0.093251s ]
[2023-02-16T17:29:10+08:00][sql] SELECT `id`,`name` FROM `wk_tag` ORDER BY `id` [ RunTime:0.087428s ]
[2023-02-16T17:29:12+08:00][sql] CONNECT:[ UseTime:0.159339s ] mysql:host=88.218.194.8;port=3306;dbname=webqrcode;charset=utf8mb4
[2023-02-16T17:29:12+08:00][sql] SHOW FULL COLUMNS FROM `wk_tag` [ RunTime:0.110810s ]
[2023-02-16T17:29:12+08:00][sql] SELECT `id`,`name` FROM `wk_tag` ORDER BY `id` [ RunTime:0.103908s ]
[2023-02-16T17:38:12+08:00][sql] CONNECT:[ UseTime:0.128369s ] mysql:host=88.218.194.8;port=3306;dbname=webqrcode;charset=utf8mb4
[2023-02-16T17:38:12+08:00][sql] SHOW FULL COLUMNS FROM `wk_provider` [ RunTime:0.099963s ]
[2023-02-16T17:38:12+08:00][sql] SELECT `id` FROM `wk_provider` WHERE  `id` = 1  AND `relogin` = 0 LIMIT 1 [ RunTime:0.082530s ]
[2023-02-16T17:38:12+08:00][sql] SHOW FULL COLUMNS FROM `wk_entrance` [ RunTime:0.084627s ]
[2023-02-16T17:38:12+08:00][sql] SELECT COUNT(*) AS think_count FROM ( SELECT count(*) AS think_count FROM `wk_entrance` `e` WHERE  `provider_id` = 1 GROUP BY `e`.`id` ) `_group_count_` LIMIT 1 [ RunTime:0.105550s ]
[2023-02-16T17:38:12+08:00][sql] SELECT `e`.`id`,`e`.`qrcode_id`,`e`.`name`,`e`.`avatar`,`e`.`expire_date`,`e`.`members`,`e`.`im`,`e`.`hide`,`e`.`add_time`,`e`.`company`,`e`.`type`,`e`.`joinable_wc`,`e`.`error_msg`,`e`.`source` FROM `wk_entrance` `e` WHERE  `provider_id` = 1  AND `provider_id` = 1 GROUP BY `e`.`id` ORDER BY `e`.`id` DESC LIMIT 0,20 [ RunTime:0.082215s ]
[2023-02-16T17:38:13+08:00][sql] CONNECT:[ UseTime:0.125487s ] mysql:host=88.218.194.8;port=3306;dbname=webqrcode;charset=utf8mb4
[2023-02-16T17:38:13+08:00][sql] SHOW FULL COLUMNS FROM `wk_provider` [ RunTime:0.087421s ]
[2023-02-16T17:38:13+08:00][sql] SELECT `id` FROM `wk_provider` WHERE  `id` = 1  AND `relogin` = 0 LIMIT 1 [ RunTime:0.082366s ]
[2023-02-16T17:38:13+08:00][sql] SHOW FULL COLUMNS FROM `wk_entrance` [ RunTime:0.084415s ]
[2023-02-16T17:38:13+08:00][sql] SELECT COUNT(*) AS think_count FROM ( SELECT count(*) AS think_count FROM `wk_entrance` `e` WHERE  `provider_id` = 1 GROUP BY `e`.`id` ) `_group_count_` LIMIT 1 [ RunTime:0.102302s ]
[2023-02-16T17:38:13+08:00][sql] SELECT `e`.`id`,`e`.`qrcode_id`,`e`.`name`,`e`.`avatar`,`e`.`expire_date`,`e`.`members`,`e`.`im`,`e`.`hide`,`e`.`add_time`,`e`.`company`,`e`.`type`,`e`.`joinable_wc`,`e`.`error_msg`,`e`.`source` FROM `wk_entrance` `e` WHERE  `provider_id` = 1  AND `provider_id` = 1 GROUP BY `e`.`id` ORDER BY `e`.`id` DESC LIMIT 0,20 [ RunTime:0.081302s ]
[2023-02-16T17:38:54+08:00][sql] CONNECT:[ UseTime:0.134799s ] mysql:host=88.218.194.8;port=3306;dbname=webqrcode;charset=utf8mb4
[2023-02-16T17:38:54+08:00][sql] SHOW FULL COLUMNS FROM `wk_provider` [ RunTime:0.091161s ]
[2023-02-16T17:38:54+08:00][sql] SELECT `id` FROM `wk_provider` WHERE  `id` = 1  AND `relogin` = 0 LIMIT 1 [ RunTime:0.085208s ]
[2023-02-16T17:38:54+08:00][sql] SHOW FULL COLUMNS FROM `wk_entrance` [ RunTime:0.087545s ]
[2023-02-16T17:38:54+08:00][sql] SELECT COUNT(*) AS think_count FROM ( SELECT count(*) AS think_count FROM `wk_entrance` `e` WHERE  `provider_id` = 1 GROUP BY `e`.`id` ) `_group_count_` LIMIT 1 [ RunTime:0.096753s ]
[2023-02-16T17:38:54+08:00][sql] SELECT `e`.`id`,`e`.`qrcode_id`,`e`.`name`,`e`.`avatar`,`e`.`expire_date`,`e`.`members`,`e`.`im`,`e`.`hide`,`e`.`add_time`,`e`.`company`,`e`.`type`,`e`.`joinable_wc`,`e`.`error_msg`,`e`.`source` FROM `wk_entrance` `e` WHERE  `provider_id` = 1  AND `provider_id` = 1 GROUP BY `e`.`id` ORDER BY `e`.`id` DESC LIMIT 0,20 [ RunTime:0.085227s ]
[2023-02-16T17:39:04+08:00][sql] CONNECT:[ UseTime:0.123086s ] mysql:host=88.218.194.8;port=3306;dbname=webqrcode;charset=utf8mb4
[2023-02-16T17:39:04+08:00][sql] SHOW FULL COLUMNS FROM `wk_provider` [ RunTime:0.084506s ]
[2023-02-16T17:39:04+08:00][sql] SELECT `id` FROM `wk_provider` WHERE  `id` = 1  AND `relogin` = 0 LIMIT 1 [ RunTime:0.082231s ]
[2023-02-16T17:39:04+08:00][sql] SHOW FULL COLUMNS FROM `wk_entrance` [ RunTime:0.090010s ]
[2023-02-16T17:39:04+08:00][sql] SELECT COUNT(*) AS think_count FROM ( SELECT count(*) AS think_count FROM `wk_entrance` `e` WHERE  `provider_id` = 1 GROUP BY `e`.`id` ) `_group_count_` LIMIT 1 [ RunTime:0.096072s ]
[2023-02-16T17:39:04+08:00][sql] SELECT `e`.`id`,`e`.`qrcode_id`,`e`.`name`,`e`.`avatar`,`e`.`expire_date`,`e`.`members`,`e`.`im`,`e`.`hide`,`e`.`add_time`,`e`.`company`,`e`.`type`,`e`.`joinable_wc`,`e`.`error_msg`,`e`.`source` FROM `wk_entrance` `e` WHERE  `provider_id` = 1  AND `provider_id` = 1 GROUP BY `e`.`id` ORDER BY `e`.`id` DESC LIMIT 0,20 [ RunTime:0.081872s ]
[2023-02-16T17:39:05+08:00][sql] CONNECT:[ UseTime:0.132959s ] mysql:host=88.218.194.8;port=3306;dbname=webqrcode;charset=utf8mb4
[2023-02-16T17:39:05+08:00][sql] SHOW FULL COLUMNS FROM `wk_provider` [ RunTime:0.097489s ]
[2023-02-16T17:39:05+08:00][sql] SELECT `id` FROM `wk_provider` WHERE  `id` = 1  AND `relogin` = 0 LIMIT 1 [ RunTime:0.096133s ]
[2023-02-16T17:39:05+08:00][sql] SHOW FULL COLUMNS FROM `wk_entrance` [ RunTime:0.091363s ]
[2023-02-16T17:39:05+08:00][sql] SELECT COUNT(*) AS think_count FROM ( SELECT count(*) AS think_count FROM `wk_entrance` `e` WHERE  `provider_id` = 1 GROUP BY `e`.`id` ) `_group_count_` LIMIT 1 [ RunTime:0.115960s ]
[2023-02-16T17:39:05+08:00][sql] SELECT `e`.`id`,`e`.`qrcode_id`,`e`.`name`,`e`.`avatar`,`e`.`expire_date`,`e`.`members`,`e`.`im`,`e`.`hide`,`e`.`add_time`,`e`.`company`,`e`.`type`,`e`.`joinable_wc`,`e`.`error_msg`,`e`.`source` FROM `wk_entrance` `e` WHERE  `provider_id` = 1  AND `provider_id` = 1 GROUP BY `e`.`id` ORDER BY `e`.`id` DESC LIMIT 17700,20 [ RunTime:0.162253s ]
[2023-02-16T17:39:07+08:00][sql] CONNECT:[ UseTime:0.144217s ] mysql:host=88.218.194.8;port=3306;dbname=webqrcode;charset=utf8mb4
[2023-02-16T17:39:07+08:00][sql] SHOW FULL COLUMNS FROM `wk_provider` [ RunTime:0.099367s ]
[2023-02-16T17:39:07+08:00][sql] SELECT `id` FROM `wk_provider` WHERE  `id` = 1  AND `relogin` = 0 LIMIT 1 [ RunTime:0.096020s ]
[2023-02-16T17:39:07+08:00][sql] SHOW FULL COLUMNS FROM `wk_entrance` [ RunTime:0.098259s ]
[2023-02-16T17:39:07+08:00][sql] SELECT COUNT(*) AS think_count FROM ( SELECT count(*) AS think_count FROM `wk_entrance` `e` WHERE  `provider_id` = 1 GROUP BY `e`.`id` ) `_group_count_` LIMIT 1 [ RunTime:0.110638s ]
[2023-02-16T17:39:07+08:00][sql] SELECT `e`.`id`,`e`.`qrcode_id`,`e`.`name`,`e`.`avatar`,`e`.`expire_date`,`e`.`members`,`e`.`im`,`e`.`hide`,`e`.`add_time`,`e`.`company`,`e`.`type`,`e`.`joinable_wc`,`e`.`error_msg`,`e`.`source` FROM `wk_entrance` `e` WHERE  `provider_id` = 1  AND `provider_id` = 1 GROUP BY `e`.`id` ORDER BY `e`.`id` DESC LIMIT 17660,20 [ RunTime:0.138785s ]
[2023-02-16T17:39:09+08:00][sql] CONNECT:[ UseTime:0.135496s ] mysql:host=88.218.194.8;port=3306;dbname=webqrcode;charset=utf8mb4
[2023-02-16T17:39:09+08:00][sql] SHOW FULL COLUMNS FROM `wk_provider` [ RunTime:0.095575s ]
[2023-02-16T17:39:09+08:00][sql] SELECT `id` FROM `wk_provider` WHERE  `id` = 1  AND `relogin` = 0 LIMIT 1 [ RunTime:0.093076s ]
[2023-02-16T17:39:09+08:00][sql] SHOW FULL COLUMNS FROM `wk_entrance` [ RunTime:0.091800s ]
[2023-02-16T17:39:09+08:00][sql] SELECT COUNT(*) AS think_count FROM ( SELECT count(*) AS think_count FROM `wk_entrance` `e` WHERE  `provider_id` = 1 GROUP BY `e`.`id` ) `_group_count_` LIMIT 1 [ RunTime:0.101776s ]
[2023-02-16T17:39:09+08:00][sql] SELECT `e`.`id`,`e`.`qrcode_id`,`e`.`name`,`e`.`avatar`,`e`.`expire_date`,`e`.`members`,`e`.`im`,`e`.`hide`,`e`.`add_time`,`e`.`company`,`e`.`type`,`e`.`joinable_wc`,`e`.`error_msg`,`e`.`source` FROM `wk_entrance` `e` WHERE  `provider_id` = 1  AND `provider_id` = 1 GROUP BY `e`.`id` ORDER BY `e`.`id` DESC LIMIT 17560,20 [ RunTime:0.131472s ]
[2023-02-16T17:39:12+08:00][sql] CONNECT:[ UseTime:0.123598s ] mysql:host=88.218.194.8;port=3306;dbname=webqrcode;charset=utf8mb4
[2023-02-16T17:39:12+08:00][sql] SHOW FULL COLUMNS FROM `wk_provider` [ RunTime:0.100916s ]
[2023-02-16T17:39:12+08:00][sql] SELECT `id` FROM `wk_provider` WHERE  `id` = 1  AND `relogin` = 0 LIMIT 1 [ RunTime:0.090498s ]
[2023-02-16T17:39:12+08:00][sql] SHOW FULL COLUMNS FROM `wk_entrance` [ RunTime:0.087728s ]
[2023-02-16T17:39:12+08:00][sql] SELECT COUNT(*) AS think_count FROM ( SELECT count(*) AS think_count FROM `wk_entrance` `e` WHERE  `provider_id` = 1 GROUP BY `e`.`id` ) `_group_count_` LIMIT 1 [ RunTime:0.100270s ]
[2023-02-16T17:39:12+08:00][sql] SELECT `e`.`id`,`e`.`qrcode_id`,`e`.`name`,`e`.`avatar`,`e`.`expire_date`,`e`.`members`,`e`.`im`,`e`.`hide`,`e`.`add_time`,`e`.`company`,`e`.`type`,`e`.`joinable_wc`,`e`.`error_msg`,`e`.`source` FROM `wk_entrance` `e` WHERE  `provider_id` = 1  AND `provider_id` = 1 GROUP BY `e`.`id` ORDER BY `e`.`id` DESC LIMIT 17520,20 [ RunTime:0.120406s ]
[2023-02-16T17:39:13+08:00][sql] CONNECT:[ UseTime:0.122668s ] mysql:host=88.218.194.8;port=3306;dbname=webqrcode;charset=utf8mb4
[2023-02-16T17:39:13+08:00][sql] SHOW FULL COLUMNS FROM `wk_provider` [ RunTime:0.084126s ]
[2023-02-16T17:39:13+08:00][sql] SELECT `id` FROM `wk_provider` WHERE  `id` = 1  AND `relogin` = 0 LIMIT 1 [ RunTime:0.082302s ]
[2023-02-16T17:39:13+08:00][sql] SHOW FULL COLUMNS FROM `wk_entrance` [ RunTime:0.083801s ]
[2023-02-16T17:39:13+08:00][sql] SELECT COUNT(*) AS think_count FROM ( SELECT count(*) AS think_count FROM `wk_entrance` `e` WHERE  `provider_id` = 1 GROUP BY `e`.`id` ) `_group_count_` LIMIT 1 [ RunTime:0.100198s ]
[2023-02-16T17:39:13+08:00][sql] SELECT `e`.`id`,`e`.`qrcode_id`,`e`.`name`,`e`.`avatar`,`e`.`expire_date`,`e`.`members`,`e`.`im`,`e`.`hide`,`e`.`add_time`,`e`.`company`,`e`.`type`,`e`.`joinable_wc`,`e`.`error_msg`,`e`.`source` FROM `wk_entrance` `e` WHERE  `provider_id` = 1  AND `provider_id` = 1 GROUP BY `e`.`id` ORDER BY `e`.`id` DESC LIMIT 0,20 [ RunTime:0.080998s ]
[2023-02-16T17:39:15+08:00][sql] CONNECT:[ UseTime:0.132611s ] mysql:host=88.218.194.8;port=3306;dbname=webqrcode;charset=utf8mb4
[2023-02-16T17:39:15+08:00][sql] SHOW FULL COLUMNS FROM `wk_provider` [ RunTime:0.096913s ]
[2023-02-16T17:39:15+08:00][sql] SELECT `id` FROM `wk_provider` WHERE  `id` = 1  AND `relogin` = 0 LIMIT 1 [ RunTime:0.089282s ]
[2023-02-16T17:39:15+08:00][sql] SHOW FULL COLUMNS FROM `wk_entrance` [ RunTime:0.091201s ]
[2023-02-16T17:39:15+08:00][sql] SELECT COUNT(*) AS think_count FROM ( SELECT count(*) AS think_count FROM `wk_entrance` `e` WHERE  `provider_id` = 1 GROUP BY `e`.`id` ) `_group_count_` LIMIT 1 [ RunTime:0.101370s ]
[2023-02-16T17:39:15+08:00][sql] SELECT `e`.`id`,`e`.`qrcode_id`,`e`.`name`,`e`.`avatar`,`e`.`expire_date`,`e`.`members`,`e`.`im`,`e`.`hide`,`e`.`add_time`,`e`.`company`,`e`.`type`,`e`.`joinable_wc`,`e`.`error_msg`,`e`.`source` FROM `wk_entrance` `e` WHERE  `provider_id` = 1  AND `provider_id` = 1 GROUP BY `e`.`id` ORDER BY `e`.`id` DESC LIMIT 20,20 [ RunTime:0.089747s ]
[2023-02-16T17:39:29+08:00][sql] CONNECT:[ UseTime:0.134663s ] mysql:host=88.218.194.8;port=3306;dbname=webqrcode;charset=utf8mb4
[2023-02-16T17:39:29+08:00][sql] SHOW FULL COLUMNS FROM `wk_provider` [ RunTime:0.095437s ]
[2023-02-16T17:39:29+08:00][sql] SELECT `id` FROM `wk_provider` WHERE  `id` = 1  AND `relogin` = 0 LIMIT 1 [ RunTime:0.101847s ]
[2023-02-16T17:39:29+08:00][sql] SHOW FULL COLUMNS FROM `wk_entrance` [ RunTime:0.096151s ]
[2023-02-16T17:39:29+08:00][sql] SELECT COUNT(*) AS think_count FROM ( SELECT count(*) AS think_count FROM `wk_entrance` `e` WHERE  `provider_id` = 1 GROUP BY `e`.`id` ) `_group_count_` LIMIT 1 [ RunTime:0.102021s ]
[2023-02-16T17:39:29+08:00][sql] SELECT `e`.`id`,`e`.`qrcode_id`,`e`.`name`,`e`.`avatar`,`e`.`expire_date`,`e`.`members`,`e`.`im`,`e`.`hide`,`e`.`add_time`,`e`.`company`,`e`.`type`,`e`.`joinable_wc`,`e`.`error_msg`,`e`.`source` FROM `wk_entrance` `e` WHERE  `provider_id` = 1  AND `provider_id` = 1 GROUP BY `e`.`id` ORDER BY `e`.`id` DESC LIMIT 20,20 [ RunTime:0.089857s ]
[2023-02-16T17:39:37+08:00][sql] CONNECT:[ UseTime:0.163759s ] mysql:host=88.218.194.8;port=3306;dbname=webqrcode;charset=utf8mb4
[2023-02-16T17:39:37+08:00][sql] SHOW FULL COLUMNS FROM `wk_tag` [ RunTime:0.171078s ]
[2023-02-16T17:39:37+08:00][sql] SELECT `id`,`name` FROM `wk_tag` ORDER BY `id` [ RunTime:1.642217s ]
[2023-02-16T17:39:40+08:00][sql] CONNECT:[ UseTime:2.619513s ] mysql:host=88.218.194.8;port=3306;dbname=webqrcode;charset=utf8mb4
[2023-02-16T17:39:40+08:00][sql] SHOW FULL COLUMNS FROM `wk_tag` [ RunTime:0.085566s ]
[2023-02-16T17:39:40+08:00][sql] SELECT `id`,`name` FROM `wk_tag` ORDER BY `id` [ RunTime:0.083435s ]
[2023-02-16T17:39:42+08:00][sql] CONNECT:[ UseTime:4.158812s ] mysql:host=88.218.194.8;port=3306;dbname=webqrcode;charset=utf8mb4
[2023-02-16T17:39:42+08:00][sql] SHOW FULL COLUMNS FROM `wk_provider` [ RunTime:0.095413s ]
[2023-02-16T17:39:42+08:00][sql] SELECT `id` FROM `wk_provider` WHERE  `id` = 1  AND `relogin` = 0 LIMIT 1 [ RunTime:0.088598s ]
[2023-02-16T17:39:42+08:00][sql] SHOW FULL COLUMNS FROM `wk_entrance` [ RunTime:0.094576s ]
[2023-02-16T17:39:42+08:00][sql] SELECT COUNT(*) AS think_count FROM ( SELECT count(*) AS think_count FROM `wk_entrance` `e` WHERE  `provider_id` = 1 GROUP BY `e`.`id` ) `_group_count_` LIMIT 1 [ RunTime:0.103557s ]
[2023-02-16T17:39:42+08:00][sql] SELECT `e`.`id`,`e`.`qrcode_id`,`e`.`name`,`e`.`avatar`,`e`.`expire_date`,`e`.`members`,`e`.`im`,`e`.`hide`,`e`.`add_time`,`e`.`company`,`e`.`type`,`e`.`joinable_wc`,`e`.`error_msg`,`e`.`source` FROM `wk_entrance` `e` WHERE  `provider_id` = 1  AND `provider_id` = 1 GROUP BY `e`.`id` ORDER BY `e`.`id` DESC LIMIT 0,20 [ RunTime:0.090879s ]
[2023-02-16T17:39:43+08:00][sql] CONNECT:[ UseTime:0.149881s ] mysql:host=88.218.194.8;port=3306;dbname=webqrcode;charset=utf8mb4
[2023-02-16T17:39:43+08:00][sql] SHOW FULL COLUMNS FROM `wk_provider` [ RunTime:0.160309s ]
[2023-02-16T17:39:43+08:00][sql] SELECT `id` FROM `wk_provider` WHERE  `id` = 1  AND `relogin` = 0 LIMIT 1 [ RunTime:0.256889s ]
[2023-02-16T17:39:43+08:00][sql] SHOW FULL COLUMNS FROM `wk_qrcode` [ RunTime:5.230676s ]
[2023-02-16T17:39:43+08:00][sql] SELECT q.id,q.code,q.company,q.status,q.valid,q.valid_time,q.err_msg,q.add_time FROM `wk_qrcode` `q` WHERE  `q`.`provider_id` = '1' GROUP BY `q`.`id` LIMIT 0,20 [ RunTime:0.092518s ]
[2023-02-16T17:39:43+08:00][sql] SHOW FULL COLUMNS FROM `wk_entrance` [ RunTime:0.089564s ]
[2023-02-16T17:39:43+08:00][sql] SELECT `e`.`id`,`e`.`avatar`,`e`.`name`,`e`.`members`,`e`.`qr`,`e`.`expire_date`,`e`.`joinable_wc`,`e`.`reported`,`e`.`add_time` FROM `wk_entrance` `e` WHERE  `e`.`qrcode_id` = '2'  AND `e`.`expire_date` >= NOW() [ RunTime:0.089334s ]
[2023-02-16T17:39:43+08:00][sql] SELECT `e`.`id`,`e`.`avatar`,`e`.`name`,`e`.`members`,`e`.`qr`,`e`.`expire_date`,`e`.`joinable_wc`,`e`.`reported`,`e`.`add_time` FROM `wk_entrance` `e` WHERE  `e`.`qrcode_id` = '3'  AND `e`.`expire_date` >= NOW() [ RunTime:0.086878s ]
[2023-02-16T17:39:43+08:00][sql] SELECT `e`.`id`,`e`.`avatar`,`e`.`name`,`e`.`members`,`e`.`qr`,`e`.`expire_date`,`e`.`joinable_wc`,`e`.`reported`,`e`.`add_time` FROM `wk_entrance` `e` WHERE  `e`.`qrcode_id` = '4'  AND `e`.`expire_date` >= NOW() [ RunTime:0.097787s ]
[2023-02-16T17:39:43+08:00][sql] SELECT `e`.`id`,`e`.`avatar`,`e`.`name`,`e`.`members`,`e`.`qr`,`e`.`expire_date`,`e`.`joinable_wc`,`e`.`reported`,`e`.`add_time` FROM `wk_entrance` `e` WHERE  `e`.`qrcode_id` = '5'  AND `e`.`expire_date` >= NOW() [ RunTime:0.087493s ]
[2023-02-16T17:39:43+08:00][sql] SELECT `e`.`id`,`e`.`avatar`,`e`.`name`,`e`.`members`,`e`.`qr`,`e`.`expire_date`,`e`.`joinable_wc`,`e`.`reported`,`e`.`add_time` FROM `wk_entrance` `e` WHERE  `e`.`qrcode_id` = '6'  AND `e`.`expire_date` >= NOW() [ RunTime:0.087262s ]
[2023-02-16T17:39:43+08:00][sql] SELECT `e`.`id`,`e`.`avatar`,`e`.`name`,`e`.`members`,`e`.`qr`,`e`.`expire_date`,`e`.`joinable_wc`,`e`.`reported`,`e`.`add_time` FROM `wk_entrance` `e` WHERE  `e`.`qrcode_id` = '7'  AND `e`.`expire_date` >= NOW() [ RunTime:0.089005s ]
[2023-02-16T17:39:43+08:00][sql] SELECT `e`.`id`,`e`.`avatar`,`e`.`name`,`e`.`members`,`e`.`qr`,`e`.`expire_date`,`e`.`joinable_wc`,`e`.`reported`,`e`.`add_time` FROM `wk_entrance` `e` WHERE  `e`.`qrcode_id` = '8'  AND `e`.`expire_date` >= NOW() [ RunTime:0.096637s ]
[2023-02-16T17:39:43+08:00][sql] SELECT `e`.`id`,`e`.`avatar`,`e`.`name`,`e`.`members`,`e`.`qr`,`e`.`expire_date`,`e`.`joinable_wc`,`e`.`reported`,`e`.`add_time` FROM `wk_entrance` `e` WHERE  `e`.`qrcode_id` = '9'  AND `e`.`expire_date` >= NOW() [ RunTime:0.105199s ]
[2023-02-16T17:39:43+08:00][sql] SELECT `e`.`id`,`e`.`avatar`,`e`.`name`,`e`.`members`,`e`.`qr`,`e`.`expire_date`,`e`.`joinable_wc`,`e`.`reported`,`e`.`add_time` FROM `wk_entrance` `e` WHERE  `e`.`qrcode_id` = '10'  AND `e`.`expire_date` >= NOW() [ RunTime:0.091304s ]
[2023-02-16T17:39:43+08:00][sql] SELECT `e`.`id`,`e`.`avatar`,`e`.`name`,`e`.`members`,`e`.`qr`,`e`.`expire_date`,`e`.`joinable_wc`,`e`.`reported`,`e`.`add_time` FROM `wk_entrance` `e` WHERE  `e`.`qrcode_id` = '11'  AND `e`.`expire_date` >= NOW() [ RunTime:0.090990s ]
[2023-02-16T17:39:43+08:00][sql] SELECT `e`.`id`,`e`.`avatar`,`e`.`name`,`e`.`members`,`e`.`qr`,`e`.`expire_date`,`e`.`joinable_wc`,`e`.`reported`,`e`.`add_time` FROM `wk_entrance` `e` WHERE  `e`.`qrcode_id` = '12'  AND `e`.`expire_date` >= NOW() [ RunTime:0.097522s ]
[2023-02-16T17:39:43+08:00][sql] SELECT `e`.`id`,`e`.`avatar`,`e`.`name`,`e`.`members`,`e`.`qr`,`e`.`expire_date`,`e`.`joinable_wc`,`e`.`reported`,`e`.`add_time` FROM `wk_entrance` `e` WHERE  `e`.`qrcode_id` = '13'  AND `e`.`expire_date` >= NOW() [ RunTime:0.102739s ]
[2023-02-16T17:39:43+08:00][sql] SELECT `e`.`id`,`e`.`avatar`,`e`.`name`,`e`.`members`,`e`.`qr`,`e`.`expire_date`,`e`.`joinable_wc`,`e`.`reported`,`e`.`add_time` FROM `wk_entrance` `e` WHERE  `e`.`qrcode_id` = '14'  AND `e`.`expire_date` >= NOW() [ RunTime:0.089200s ]
[2023-02-16T17:39:43+08:00][sql] SELECT `e`.`id`,`e`.`avatar`,`e`.`name`,`e`.`members`,`e`.`qr`,`e`.`expire_date`,`e`.`joinable_wc`,`e`.`reported`,`e`.`add_time` FROM `wk_entrance` `e` WHERE  `e`.`qrcode_id` = '15'  AND `e`.`expire_date` >= NOW() [ RunTime:0.094045s ]
[2023-02-16T17:39:43+08:00][sql] SELECT `e`.`id`,`e`.`avatar`,`e`.`name`,`e`.`members`,`e`.`qr`,`e`.`expire_date`,`e`.`joinable_wc`,`e`.`reported`,`e`.`add_time` FROM `wk_entrance` `e` WHERE  `e`.`qrcode_id` = '16'  AND `e`.`expire_date` >= NOW() [ RunTime:0.101091s ]
[2023-02-16T17:39:43+08:00][sql] SELECT `e`.`id`,`e`.`avatar`,`e`.`name`,`e`.`members`,`e`.`qr`,`e`.`expire_date`,`e`.`joinable_wc`,`e`.`reported`,`e`.`add_time` FROM `wk_entrance` `e` WHERE  `e`.`qrcode_id` = '17'  AND `e`.`expire_date` >= NOW() [ RunTime:0.089835s ]
[2023-02-16T17:39:43+08:00][sql] SELECT `e`.`id`,`e`.`avatar`,`e`.`name`,`e`.`members`,`e`.`qr`,`e`.`expire_date`,`e`.`joinable_wc`,`e`.`reported`,`e`.`add_time` FROM `wk_entrance` `e` WHERE  `e`.`qrcode_id` = '18'  AND `e`.`expire_date` >= NOW() [ RunTime:0.089367s ]
[2023-02-16T17:39:43+08:00][sql] SELECT `e`.`id`,`e`.`avatar`,`e`.`name`,`e`.`members`,`e`.`qr`,`e`.`expire_date`,`e`.`joinable_wc`,`e`.`reported`,`e`.`add_time` FROM `wk_entrance` `e` WHERE  `e`.`qrcode_id` = '19'  AND `e`.`expire_date` >= NOW() [ RunTime:0.097479s ]
[2023-02-16T17:39:43+08:00][sql] SELECT `e`.`id`,`e`.`avatar`,`e`.`name`,`e`.`members`,`e`.`qr`,`e`.`expire_date`,`e`.`joinable_wc`,`e`.`reported`,`e`.`add_time` FROM `wk_entrance` `e` WHERE  `e`.`qrcode_id` = '20'  AND `e`.`expire_date` >= NOW() [ RunTime:0.087922s ]
[2023-02-16T17:39:43+08:00][sql] SELECT `e`.`id`,`e`.`avatar`,`e`.`name`,`e`.`members`,`e`.`qr`,`e`.`expire_date`,`e`.`joinable_wc`,`e`.`reported`,`e`.`add_time` FROM `wk_entrance` `e` WHERE  `e`.`qrcode_id` = '21'  AND `e`.`expire_date` >= NOW() [ RunTime:0.089665s ]
[2023-02-16T17:39:43+08:00][sql] SELECT COUNT(*) AS think_count FROM `wk_qrcode` WHERE  `provider_id` = 1 LIMIT 1 [ RunTime:0.093433s ]
[2023-02-16T17:58:55+08:00][sql] CONNECT:[ UseTime:0.131971s ] mysql:host=88.218.194.8;port=3306;dbname=webqrcode;charset=utf8mb4
[2023-02-16T17:58:55+08:00][sql] SHOW FULL COLUMNS FROM `wk_provider` [ RunTime:0.087452s ]
[2023-02-16T17:58:55+08:00][sql] SELECT `id` FROM `wk_provider` WHERE  `id` = 1  AND `relogin` = 0 LIMIT 1 [ RunTime:0.079475s ]
[2023-02-16T17:58:55+08:00][sql] SHOW FULL COLUMNS FROM `wk_entrance` [ RunTime:0.082512s ]
[2023-02-16T17:58:55+08:00][sql] SELECT COUNT(*) AS think_count FROM ( SELECT count(*) AS think_count FROM `wk_entrance` `e` WHERE  `provider_id` = 1 GROUP BY `e`.`id` ) `_group_count_` LIMIT 1 [ RunTime:0.103962s ]
[2023-02-16T17:58:55+08:00][sql] SELECT `e`.`id`,`e`.`qrcode_id`,`e`.`name`,`e`.`avatar`,`e`.`expire_date`,`e`.`members`,`e`.`im`,`e`.`hide`,`e`.`add_time`,`e`.`company`,`e`.`type`,`e`.`joinable_wc`,`e`.`error_msg`,`e`.`source` FROM `wk_entrance` `e` WHERE  `provider_id` = 1  AND `provider_id` = 1 GROUP BY `e`.`id` ORDER BY `e`.`id` DESC LIMIT 0,20 [ RunTime:0.113481s ]
[2023-02-16T17:59:05+08:00][sql] CONNECT:[ UseTime:0.136893s ] mysql:host=88.218.194.8;port=3306;dbname=webqrcode;charset=utf8mb4
[2023-02-16T17:59:05+08:00][sql] SHOW FULL COLUMNS FROM `wk_tag` [ RunTime:0.093819s ]
[2023-02-16T17:59:05+08:00][sql] SELECT `id`,`name` FROM `wk_tag` ORDER BY `id` [ RunTime:0.092371s ]
[2023-02-16T17:59:17+08:00][sql] CONNECT:[ UseTime:0.131856s ] mysql:host=88.218.194.8;port=3306;dbname=webqrcode;charset=utf8mb4
[2023-02-16T17:59:17+08:00][sql] SHOW FULL COLUMNS FROM `wk_tag` [ RunTime:0.087844s ]
[2023-02-16T17:59:17+08:00][sql] SELECT `id`,`name` FROM `wk_tag` ORDER BY `id` [ RunTime:0.084954s ]
[2023-02-16T17:59:19+08:00][sql] CONNECT:[ UseTime:0.119988s ] mysql:host=88.218.194.8;port=3306;dbname=webqrcode;charset=utf8mb4
[2023-02-16T17:59:19+08:00][sql] SHOW FULL COLUMNS FROM `wk_tag` [ RunTime:0.082692s ]
[2023-02-16T17:59:19+08:00][sql] SELECT `id`,`name` FROM `wk_tag` ORDER BY `id` [ RunTime:0.078131s ]
[2023-02-16T18:06:25+08:00][sql] CONNECT:[ UseTime:0.122384s ] mysql:host=88.218.194.8;port=3306;dbname=webqrcode;charset=utf8mb4
[2023-02-16T18:06:25+08:00][sql] SHOW FULL COLUMNS FROM `wk_tag` [ RunTime:0.086516s ]
[2023-02-16T18:06:25+08:00][sql] SELECT `id`,`name` FROM `wk_tag` ORDER BY `id` [ RunTime:0.082079s ]
[2023-02-16T18:06:26+08:00][sql] CONNECT:[ UseTime:0.142732s ] mysql:host=88.218.194.8;port=3306;dbname=webqrcode;charset=utf8mb4
[2023-02-16T18:06:26+08:00][sql] SHOW FULL COLUMNS FROM `wk_tag` [ RunTime:0.098818s ]
[2023-02-16T18:06:26+08:00][sql] SELECT `id`,`name` FROM `wk_tag` ORDER BY `id` [ RunTime:0.098374s ]
[2023-02-16T18:07:25+08:00][sql] CONNECT:[ UseTime:0.136522s ] mysql:host=88.218.194.8;port=3306;dbname=webqrcode;charset=utf8mb4
[2023-02-16T18:07:25+08:00][sql] SHOW FULL COLUMNS FROM `wk_tag` [ RunTime:0.098042s ]
[2023-02-16T18:07:25+08:00][sql] SELECT `id`,`name` FROM `wk_tag` ORDER BY `id` [ RunTime:0.089580s ]
[2023-02-16T18:07:29+08:00][sql] CONNECT:[ UseTime:0.132042s ] mysql:host=88.218.194.8;port=3306;dbname=webqrcode;charset=utf8mb4
[2023-02-16T18:07:29+08:00][sql] SHOW FULL COLUMNS FROM `wk_tag` [ RunTime:0.090636s ]
[2023-02-16T18:07:29+08:00][sql] SELECT `id`,`name` FROM `wk_tag` ORDER BY `id` [ RunTime:0.087481s ]
[2023-02-16T18:07:44+08:00][sql] CONNECT:[ UseTime:0.140140s ] mysql:host=88.218.194.8;port=3306;dbname=webqrcode;charset=utf8mb4
[2023-02-16T18:07:44+08:00][sql] SHOW FULL COLUMNS FROM `wk_tag` [ RunTime:0.099648s ]
[2023-02-16T18:07:44+08:00][sql] SELECT `id`,`name` FROM `wk_tag` ORDER BY `id` [ RunTime:0.087995s ]
[2023-02-16T18:07:45+08:00][sql] CONNECT:[ UseTime:0.125184s ] mysql:host=88.218.194.8;port=3306;dbname=webqrcode;charset=utf8mb4
[2023-02-16T18:07:45+08:00][sql] SHOW FULL COLUMNS FROM `wk_tag` [ RunTime:0.083804s ]
[2023-02-16T18:07:45+08:00][sql] SELECT `id`,`name` FROM `wk_tag` ORDER BY `id` [ RunTime:0.082941s ]
[2023-02-16T18:07:56+08:00][sql] CONNECT:[ UseTime:0.132180s ] mysql:host=88.218.194.8;port=3306;dbname=webqrcode;charset=utf8mb4
[2023-02-16T18:07:56+08:00][sql] SHOW FULL COLUMNS FROM `wk_tag` [ RunTime:0.090840s ]
[2023-02-16T18:07:56+08:00][sql] SELECT `id`,`name` FROM `wk_tag` ORDER BY `id` [ RunTime:0.088041s ]
[2023-02-16T18:07:56+08:00][sql] CONNECT:[ UseTime:0.138408s ] mysql:host=88.218.194.8;port=3306;dbname=webqrcode;charset=utf8mb4
[2023-02-16T18:07:56+08:00][sql] SHOW FULL COLUMNS FROM `wk_provider` [ RunTime:0.096413s ]
[2023-02-16T18:07:56+08:00][sql] SELECT `id` FROM `wk_provider` WHERE  `id` = 1  AND `relogin` = 0 LIMIT 1 [ RunTime:0.094356s ]
[2023-02-16T18:07:56+08:00][sql] SHOW FULL COLUMNS FROM `wk_entrance` [ RunTime:0.097282s ]
[2023-02-16T18:07:56+08:00][sql] SELECT COUNT(*) AS think_count FROM ( SELECT count(*) AS think_count FROM `wk_entrance` `e` WHERE  `provider_id` = 1 GROUP BY `e`.`id` ) `_group_count_` LIMIT 1 [ RunTime:0.118483s ]
[2023-02-16T18:07:56+08:00][sql] SELECT `e`.`id`,`e`.`qrcode_id`,`e`.`name`,`e`.`avatar`,`e`.`expire_date`,`e`.`members`,`e`.`im`,`e`.`hide`,`e`.`add_time`,`e`.`company`,`e`.`type`,`e`.`joinable_wc`,`e`.`error_msg`,`e`.`source` FROM `wk_entrance` `e` WHERE  `provider_id` = 1  AND `provider_id` = 1 GROUP BY `e`.`id` ORDER BY `e`.`id` DESC LIMIT 0,20 [ RunTime:0.092274s ]
[2023-02-16T18:07:56+08:00][sql] CONNECT:[ UseTime:0.127574s ] mysql:host=88.218.194.8;port=3306;dbname=webqrcode;charset=utf8mb4
[2023-02-16T18:07:56+08:00][sql] SHOW FULL COLUMNS FROM `wk_provider` [ RunTime:0.082616s ]
[2023-02-16T18:07:56+08:00][sql] SELECT `id` FROM `wk_provider` WHERE  `id` = 1  AND `relogin` = 0 LIMIT 1 [ RunTime:0.081498s ]
[2023-02-16T18:07:56+08:00][sql] SELECT `id`,`username`,`score` FROM `wk_provider` WHERE  `id` = 1 LIMIT 1 [ RunTime:0.080709s ]
[2023-02-16T18:07:56+08:00][sql] SHOW FULL COLUMNS FROM `wk_setting` [ RunTime:0.085352s ]
[2023-02-16T18:07:56+08:00][sql] SELECT `int_val` FROM `wk_setting` WHERE  `key` = 'entrance_price' LIMIT 1 [ RunTime:0.080504s ]
[2023-02-16T18:07:56+08:00][sql] SELECT `int_val` FROM `wk_setting` WHERE  `key` = 'max_buy_times' LIMIT 1 [ RunTime:0.081300s ]
[2023-02-16T18:07:56+08:00][sql] SHOW FULL COLUMNS FROM `wk_qrcode` [ RunTime:0.082589s ]
[2023-02-16T18:07:56+08:00][sql] SELECT COUNT(*) AS think_count FROM `wk_qrcode` WHERE  `provider_id` = 1  AND `valid` = 1 LIMIT 1 [ RunTime:0.102951s ]
