[2022-12-14T13:58:32+08:00][sql] CONNECT:[ UseTime:0.158992s ] mysql:host=88.218.194.8;port=3306;dbname=webQrcode;charset=utf8mb4
[2022-12-14T13:58:32+08:00][sql] SHOW FULL COLUMNS FROM `wk_provider` [ RunTime:0.109146s ]
[2022-12-14T13:58:32+08:00][sql] SELECT `id` FROM `wk_provider` WHERE  `id` = 2  AND `relogin` = 0 LIMIT 1 [ RunTime:0.105155s ]
[2022-12-14T13:58:32+08:00][sql] SHOW FULL COLUMNS FROM `wk_qrcode` [ RunTime:0.108676s ]
[2022-12-14T13:58:32+08:00][sql] SELECT q.id,q.code,q.company,q.province,q.city,q.district,q.remark,q.status,q.sub_status,q.valid,q.valid_time,q.err_msg,GROUP_CONCAT(t.name) tags,q.add_time FROM `wk_qrcode` `q` LEFT JOIN `wk_tag` `t` ON FIND_IN_SET(t.id,q.tags) WHERE  `q`.`provider_id` = '2' GROUP BY `q`.`id` LIMIT 0,20 [ RunTime:0.160087s ]
[2022-12-14T13:58:32+08:00][sql] SHOW FULL COLUMNS FROM `wk_entrance` [ RunTime:0.108274s ]
[2022-12-14T13:58:32+08:00][sql] SELECT `e`.`id`,`e`.`avatar`,`e`.`name`,`e`.`members`,`e`.`qr`,`e`.`expire_date`,`e`.`joinable`,`e`.`reported`,`e`.`add_time` FROM `wk_entrance` `e` WHERE  `e`.`qrcode_id` = '23177'  AND `e`.`expire_date` >= NOW() [ RunTime:0.104784s ]
[2022-12-14T13:58:32+08:00][sql] SELECT `e`.`id`,`e`.`avatar`,`e`.`name`,`e`.`members`,`e`.`qr`,`e`.`expire_date`,`e`.`joinable`,`e`.`reported`,`e`.`add_time` FROM `wk_entrance` `e` WHERE  `e`.`qrcode_id` = '23178'  AND `e`.`expire_date` >= NOW() [ RunTime:0.104705s ]
[2022-12-14T13:58:32+08:00][sql] SELECT `e`.`id`,`e`.`avatar`,`e`.`name`,`e`.`members`,`e`.`qr`,`e`.`expire_date`,`e`.`joinable`,`e`.`reported`,`e`.`add_time` FROM `wk_entrance` `e` WHERE  `e`.`qrcode_id` = '23179'  AND `e`.`expire_date` >= NOW() [ RunTime:0.104399s ]
[2022-12-14T13:58:32+08:00][sql] SELECT `e`.`id`,`e`.`avatar`,`e`.`name`,`e`.`members`,`e`.`qr`,`e`.`expire_date`,`e`.`joinable`,`e`.`reported`,`e`.`add_time` FROM `wk_entrance` `e` WHERE  `e`.`qrcode_id` = '23180'  AND `e`.`expire_date` >= NOW() [ RunTime:0.104507s ]
[2022-12-14T13:58:32+08:00][sql] SELECT `e`.`id`,`e`.`avatar`,`e`.`name`,`e`.`members`,`e`.`qr`,`e`.`expire_date`,`e`.`joinable`,`e`.`reported`,`e`.`add_time` FROM `wk_entrance` `e` WHERE  `e`.`qrcode_id` = '23181'  AND `e`.`expire_date` >= NOW() [ RunTime:0.104105s ]
[2022-12-14T13:58:32+08:00][sql] SELECT `e`.`id`,`e`.`avatar`,`e`.`name`,`e`.`members`,`e`.`qr`,`e`.`expire_date`,`e`.`joinable`,`e`.`reported`,`e`.`add_time` FROM `wk_entrance` `e` WHERE  `e`.`qrcode_id` = '23182'  AND `e`.`expire_date` >= NOW() [ RunTime:0.103730s ]
[2022-12-14T13:58:32+08:00][sql] SELECT `e`.`id`,`e`.`avatar`,`e`.`name`,`e`.`members`,`e`.`qr`,`e`.`expire_date`,`e`.`joinable`,`e`.`reported`,`e`.`add_time` FROM `wk_entrance` `e` WHERE  `e`.`qrcode_id` = '23183'  AND `e`.`expire_date` >= NOW() [ RunTime:0.103742s ]
[2022-12-14T13:58:32+08:00][sql] SELECT `e`.`id`,`e`.`avatar`,`e`.`name`,`e`.`members`,`e`.`qr`,`e`.`expire_date`,`e`.`joinable`,`e`.`reported`,`e`.`add_time` FROM `wk_entrance` `e` WHERE  `e`.`qrcode_id` = '23184'  AND `e`.`expire_date` >= NOW() [ RunTime:0.105904s ]
[2022-12-14T13:58:32+08:00][sql] SELECT `e`.`id`,`e`.`avatar`,`e`.`name`,`e`.`members`,`e`.`qr`,`e`.`expire_date`,`e`.`joinable`,`e`.`reported`,`e`.`add_time` FROM `wk_entrance` `e` WHERE  `e`.`qrcode_id` = '23185'  AND `e`.`expire_date` >= NOW() [ RunTime:0.104207s ]
[2022-12-14T13:58:32+08:00][sql] SELECT `e`.`id`,`e`.`avatar`,`e`.`name`,`e`.`members`,`e`.`qr`,`e`.`expire_date`,`e`.`joinable`,`e`.`reported`,`e`.`add_time` FROM `wk_entrance` `e` WHERE  `e`.`qrcode_id` = '23186'  AND `e`.`expire_date` >= NOW() [ RunTime:0.103569s ]
[2022-12-14T13:58:32+08:00][sql] SELECT `e`.`id`,`e`.`avatar`,`e`.`name`,`e`.`members`,`e`.`qr`,`e`.`expire_date`,`e`.`joinable`,`e`.`reported`,`e`.`add_time` FROM `wk_entrance` `e` WHERE  `e`.`qrcode_id` = '23187'  AND `e`.`expire_date` >= NOW() [ RunTime:0.103338s ]
[2022-12-14T13:58:32+08:00][sql] SELECT `e`.`id`,`e`.`avatar`,`e`.`name`,`e`.`members`,`e`.`qr`,`e`.`expire_date`,`e`.`joinable`,`e`.`reported`,`e`.`add_time` FROM `wk_entrance` `e` WHERE  `e`.`qrcode_id` = '23188'  AND `e`.`expire_date` >= NOW() [ RunTime:0.105409s ]
[2022-12-14T13:58:32+08:00][sql] SELECT `e`.`id`,`e`.`avatar`,`e`.`name`,`e`.`members`,`e`.`qr`,`e`.`expire_date`,`e`.`joinable`,`e`.`reported`,`e`.`add_time` FROM `wk_entrance` `e` WHERE  `e`.`qrcode_id` = '23189'  AND `e`.`expire_date` >= NOW() [ RunTime:0.103627s ]
[2022-12-14T13:58:32+08:00][sql] SELECT `e`.`id`,`e`.`avatar`,`e`.`name`,`e`.`members`,`e`.`qr`,`e`.`expire_date`,`e`.`joinable`,`e`.`reported`,`e`.`add_time` FROM `wk_entrance` `e` WHERE  `e`.`qrcode_id` = '23190'  AND `e`.`expire_date` >= NOW() [ RunTime:0.103972s ]
[2022-12-14T13:58:32+08:00][sql] SELECT `e`.`id`,`e`.`avatar`,`e`.`name`,`e`.`members`,`e`.`qr`,`e`.`expire_date`,`e`.`joinable`,`e`.`reported`,`e`.`add_time` FROM `wk_entrance` `e` WHERE  `e`.`qrcode_id` = '23191'  AND `e`.`expire_date` >= NOW() [ RunTime:0.106156s ]
[2022-12-14T13:58:32+08:00][sql] SELECT `e`.`id`,`e`.`avatar`,`e`.`name`,`e`.`members`,`e`.`qr`,`e`.`expire_date`,`e`.`joinable`,`e`.`reported`,`e`.`add_time` FROM `wk_entrance` `e` WHERE  `e`.`qrcode_id` = '23192'  AND `e`.`expire_date` >= NOW() [ RunTime:0.103698s ]
[2022-12-14T13:58:32+08:00][sql] SELECT `e`.`id`,`e`.`avatar`,`e`.`name`,`e`.`members`,`e`.`qr`,`e`.`expire_date`,`e`.`joinable`,`e`.`reported`,`e`.`add_time` FROM `wk_entrance` `e` WHERE  `e`.`qrcode_id` = '23193'  AND `e`.`expire_date` >= NOW() [ RunTime:0.103762s ]
[2022-12-14T13:58:32+08:00][sql] SELECT `e`.`id`,`e`.`avatar`,`e`.`name`,`e`.`members`,`e`.`qr`,`e`.`expire_date`,`e`.`joinable`,`e`.`reported`,`e`.`add_time` FROM `wk_entrance` `e` WHERE  `e`.`qrcode_id` = '23194'  AND `e`.`expire_date` >= NOW() [ RunTime:0.105606s ]
[2022-12-14T13:58:32+08:00][sql] SELECT `e`.`id`,`e`.`avatar`,`e`.`name`,`e`.`members`,`e`.`qr`,`e`.`expire_date`,`e`.`joinable`,`e`.`reported`,`e`.`add_time` FROM `wk_entrance` `e` WHERE  `e`.`qrcode_id` = '23195'  AND `e`.`expire_date` >= NOW() [ RunTime:0.104686s ]
[2022-12-14T13:58:32+08:00][sql] SELECT `e`.`id`,`e`.`avatar`,`e`.`name`,`e`.`members`,`e`.`qr`,`e`.`expire_date`,`e`.`joinable`,`e`.`reported`,`e`.`add_time` FROM `wk_entrance` `e` WHERE  `e`.`qrcode_id` = '23196'  AND `e`.`expire_date` >= NOW() [ RunTime:0.104585s ]
[2022-12-14T13:58:32+08:00][sql] SELECT COUNT(*) AS think_count FROM `wk_qrcode` WHERE  `provider_id` = 2 LIMIT 1 [ RunTime:0.105625s ]
[2022-12-14T13:58:35+08:00][sql] CONNECT:[ UseTime:0.119171s ] mysql:host=88.218.194.8;port=3306;dbname=webQrcode;charset=utf8mb4
[2022-12-14T13:58:35+08:00][sql] SHOW FULL COLUMNS FROM `wk_tag` [ RunTime:0.084608s ]
[2022-12-14T13:58:35+08:00][sql] SELECT `id`,`name` FROM `wk_tag` ORDER BY `id` [ RunTime:0.081310s ]
[2022-12-14T13:58:37+08:00][sql] CONNECT:[ UseTime:0.131131s ] mysql:host=88.218.194.8;port=3306;dbname=webQrcode;charset=utf8mb4
[2022-12-14T13:58:37+08:00][sql] SHOW FULL COLUMNS FROM `wk_provider` [ RunTime:0.088676s ]
[2022-12-14T13:58:37+08:00][sql] SELECT `id` FROM `wk_provider` WHERE  `id` = 2  AND `relogin` = 0 LIMIT 1 [ RunTime:0.091204s ]
[2022-12-14T13:58:37+08:00][sql] SELECT `id`,`username`,`score` FROM `wk_provider` WHERE  `id` = 2 LIMIT 1 [ RunTime:0.085030s ]
[2022-12-14T13:58:37+08:00][sql] SHOW FULL COLUMNS FROM `wk_setting` [ RunTime:0.086460s ]
[2022-12-14T13:58:37+08:00][sql] SELECT `int_val` FROM `wk_setting` WHERE  `key` = 'entrance_price' LIMIT 1 [ RunTime:0.084101s ]
[2022-12-14T13:58:37+08:00][sql] SELECT `int_val` FROM `wk_setting` WHERE  `key` = 'max_buy_times' LIMIT 1 [ RunTime:0.085922s ]
[2022-12-14T13:58:37+08:00][sql] SHOW FULL COLUMNS FROM `wk_qrcode` [ RunTime:0.096212s ]
[2022-12-14T13:58:37+08:00][sql] SELECT COUNT(*) AS think_count FROM `wk_qrcode` WHERE  `provider_id` = 2  AND `valid` = 1 LIMIT 1 [ RunTime:0.096893s ]
[2022-12-14T13:58:37+08:00][sql] CONNECT:[ UseTime:0.132975s ] mysql:host=88.218.194.8;port=3306;dbname=webQrcode;charset=utf8mb4
[2022-12-14T13:58:37+08:00][sql] SHOW FULL COLUMNS FROM `wk_provider` [ RunTime:0.090697s ]
[2022-12-14T13:58:37+08:00][sql] SELECT `id` FROM `wk_provider` WHERE  `id` = 2  AND `relogin` = 0 LIMIT 1 [ RunTime:0.093071s ]
[2022-12-14T13:58:37+08:00][sql] SHOW FULL COLUMNS FROM `wk_qrcode` [ RunTime:0.099128s ]
[2022-12-14T13:58:37+08:00][sql] SELECT q.id,q.code,q.company,q.province,q.city,q.district,q.remark,q.status,q.sub_status,q.valid,q.valid_time,q.err_msg,GROUP_CONCAT(t.name) tags,q.add_time FROM `wk_qrcode` `q` LEFT JOIN `wk_tag` `t` ON FIND_IN_SET(t.id,q.tags) WHERE  `q`.`provider_id` = '2' GROUP BY `q`.`id` LIMIT 0,20 [ RunTime:0.174646s ]
[2022-12-14T13:58:37+08:00][sql] SHOW FULL COLUMNS FROM `wk_entrance` [ RunTime:0.098216s ]
[2022-12-14T13:58:37+08:00][sql] SELECT `e`.`id`,`e`.`avatar`,`e`.`name`,`e`.`members`,`e`.`qr`,`e`.`expire_date`,`e`.`joinable`,`e`.`reported`,`e`.`add_time` FROM `wk_entrance` `e` WHERE  `e`.`qrcode_id` = '23177'  AND `e`.`expire_date` >= NOW() [ RunTime:0.090391s ]
[2022-12-14T13:58:37+08:00][sql] SELECT `e`.`id`,`e`.`avatar`,`e`.`name`,`e`.`members`,`e`.`qr`,`e`.`expire_date`,`e`.`joinable`,`e`.`reported`,`e`.`add_time` FROM `wk_entrance` `e` WHERE  `e`.`qrcode_id` = '23178'  AND `e`.`expire_date` >= NOW() [ RunTime:0.092768s ]
[2022-12-14T13:58:37+08:00][sql] SELECT `e`.`id`,`e`.`avatar`,`e`.`name`,`e`.`members`,`e`.`qr`,`e`.`expire_date`,`e`.`joinable`,`e`.`reported`,`e`.`add_time` FROM `wk_entrance` `e` WHERE  `e`.`qrcode_id` = '23179'  AND `e`.`expire_date` >= NOW() [ RunTime:0.095580s ]
[2022-12-14T13:58:37+08:00][sql] SELECT `e`.`id`,`e`.`avatar`,`e`.`name`,`e`.`members`,`e`.`qr`,`e`.`expire_date`,`e`.`joinable`,`e`.`reported`,`e`.`add_time` FROM `wk_entrance` `e` WHERE  `e`.`qrcode_id` = '23180'  AND `e`.`expire_date` >= NOW() [ RunTime:0.089198s ]
[2022-12-14T13:58:37+08:00][sql] SELECT `e`.`id`,`e`.`avatar`,`e`.`name`,`e`.`members`,`e`.`qr`,`e`.`expire_date`,`e`.`joinable`,`e`.`reported`,`e`.`add_time` FROM `wk_entrance` `e` WHERE  `e`.`qrcode_id` = '23181'  AND `e`.`expire_date` >= NOW() [ RunTime:0.088967s ]
[2022-12-14T13:58:37+08:00][sql] SELECT `e`.`id`,`e`.`avatar`,`e`.`name`,`e`.`members`,`e`.`qr`,`e`.`expire_date`,`e`.`joinable`,`e`.`reported`,`e`.`add_time` FROM `wk_entrance` `e` WHERE  `e`.`qrcode_id` = '23182'  AND `e`.`expire_date` >= NOW() [ RunTime:0.089234s ]
[2022-12-14T13:58:37+08:00][sql] SELECT `e`.`id`,`e`.`avatar`,`e`.`name`,`e`.`members`,`e`.`qr`,`e`.`expire_date`,`e`.`joinable`,`e`.`reported`,`e`.`add_time` FROM `wk_entrance` `e` WHERE  `e`.`qrcode_id` = '23183'  AND `e`.`expire_date` >= NOW() [ RunTime:0.088963s ]
[2022-12-14T13:58:37+08:00][sql] SELECT `e`.`id`,`e`.`avatar`,`e`.`name`,`e`.`members`,`e`.`qr`,`e`.`expire_date`,`e`.`joinable`,`e`.`reported`,`e`.`add_time` FROM `wk_entrance` `e` WHERE  `e`.`qrcode_id` = '23184'  AND `e`.`expire_date` >= NOW() [ RunTime:0.088398s ]
[2022-12-14T13:58:37+08:00][sql] SELECT `e`.`id`,`e`.`avatar`,`e`.`name`,`e`.`members`,`e`.`qr`,`e`.`expire_date`,`e`.`joinable`,`e`.`reported`,`e`.`add_time` FROM `wk_entrance` `e` WHERE  `e`.`qrcode_id` = '23185'  AND `e`.`expire_date` >= NOW() [ RunTime:0.087493s ]
[2022-12-14T13:58:37+08:00][sql] SELECT `e`.`id`,`e`.`avatar`,`e`.`name`,`e`.`members`,`e`.`qr`,`e`.`expire_date`,`e`.`joinable`,`e`.`reported`,`e`.`add_time` FROM `wk_entrance` `e` WHERE  `e`.`qrcode_id` = '23186'  AND `e`.`expire_date` >= NOW() [ RunTime:0.088350s ]
[2022-12-14T13:58:37+08:00][sql] SELECT `e`.`id`,`e`.`avatar`,`e`.`name`,`e`.`members`,`e`.`qr`,`e`.`expire_date`,`e`.`joinable`,`e`.`reported`,`e`.`add_time` FROM `wk_entrance` `e` WHERE  `e`.`qrcode_id` = '23187'  AND `e`.`expire_date` >= NOW() [ RunTime:0.088886s ]
[2022-12-14T13:58:37+08:00][sql] SELECT `e`.`id`,`e`.`avatar`,`e`.`name`,`e`.`members`,`e`.`qr`,`e`.`expire_date`,`e`.`joinable`,`e`.`reported`,`e`.`add_time` FROM `wk_entrance` `e` WHERE  `e`.`qrcode_id` = '23188'  AND `e`.`expire_date` >= NOW() [ RunTime:0.087708s ]
[2022-12-14T13:58:37+08:00][sql] SELECT `e`.`id`,`e`.`avatar`,`e`.`name`,`e`.`members`,`e`.`qr`,`e`.`expire_date`,`e`.`joinable`,`e`.`reported`,`e`.`add_time` FROM `wk_entrance` `e` WHERE  `e`.`qrcode_id` = '23189'  AND `e`.`expire_date` >= NOW() [ RunTime:0.090137s ]
[2022-12-14T13:58:37+08:00][sql] SELECT `e`.`id`,`e`.`avatar`,`e`.`name`,`e`.`members`,`e`.`qr`,`e`.`expire_date`,`e`.`joinable`,`e`.`reported`,`e`.`add_time` FROM `wk_entrance` `e` WHERE  `e`.`qrcode_id` = '23190'  AND `e`.`expire_date` >= NOW() [ RunTime:0.088470s ]
[2022-12-14T13:58:37+08:00][sql] SELECT `e`.`id`,`e`.`avatar`,`e`.`name`,`e`.`members`,`e`.`qr`,`e`.`expire_date`,`e`.`joinable`,`e`.`reported`,`e`.`add_time` FROM `wk_entrance` `e` WHERE  `e`.`qrcode_id` = '23191'  AND `e`.`expire_date` >= NOW() [ RunTime:0.088030s ]
[2022-12-14T13:58:37+08:00][sql] SELECT `e`.`id`,`e`.`avatar`,`e`.`name`,`e`.`members`,`e`.`qr`,`e`.`expire_date`,`e`.`joinable`,`e`.`reported`,`e`.`add_time` FROM `wk_entrance` `e` WHERE  `e`.`qrcode_id` = '23192'  AND `e`.`expire_date` >= NOW() [ RunTime:0.088355s ]
[2022-12-14T13:58:37+08:00][sql] SELECT `e`.`id`,`e`.`avatar`,`e`.`name`,`e`.`members`,`e`.`qr`,`e`.`expire_date`,`e`.`joinable`,`e`.`reported`,`e`.`add_time` FROM `wk_entrance` `e` WHERE  `e`.`qrcode_id` = '23193'  AND `e`.`expire_date` >= NOW() [ RunTime:0.089959s ]
[2022-12-14T13:58:37+08:00][sql] SELECT `e`.`id`,`e`.`avatar`,`e`.`name`,`e`.`members`,`e`.`qr`,`e`.`expire_date`,`e`.`joinable`,`e`.`reported`,`e`.`add_time` FROM `wk_entrance` `e` WHERE  `e`.`qrcode_id` = '23194'  AND `e`.`expire_date` >= NOW() [ RunTime:0.087965s ]
[2022-12-14T13:58:37+08:00][sql] SELECT `e`.`id`,`e`.`avatar`,`e`.`name`,`e`.`members`,`e`.`qr`,`e`.`expire_date`,`e`.`joinable`,`e`.`reported`,`e`.`add_time` FROM `wk_entrance` `e` WHERE  `e`.`qrcode_id` = '23195'  AND `e`.`expire_date` >= NOW() [ RunTime:0.088175s ]
[2022-12-14T13:58:37+08:00][sql] SELECT `e`.`id`,`e`.`avatar`,`e`.`name`,`e`.`members`,`e`.`qr`,`e`.`expire_date`,`e`.`joinable`,`e`.`reported`,`e`.`add_time` FROM `wk_entrance` `e` WHERE  `e`.`qrcode_id` = '23196'  AND `e`.`expire_date` >= NOW() [ RunTime:0.095281s ]
[2022-12-14T13:58:37+08:00][sql] SELECT COUNT(*) AS think_count FROM `wk_qrcode` WHERE  `provider_id` = 2 LIMIT 1 [ RunTime:0.090238s ]
[2022-12-14T13:58:45+08:00][sql] CONNECT:[ UseTime:0.143838s ] mysql:host=88.218.194.8;port=3306;dbname=webQrcode;charset=utf8mb4
[2022-12-14T13:58:45+08:00][sql] SHOW FULL COLUMNS FROM `wk_provider` [ RunTime:0.100888s ]
[2022-12-14T13:58:45+08:00][sql] SELECT `id` FROM `wk_provider` WHERE  `id` = 2  AND `relogin` = 0 LIMIT 1 [ RunTime:0.096430s ]
[2022-12-14T13:58:45+08:00][sql] SHOW FULL COLUMNS FROM `wk_qrcode` [ RunTime:0.099244s ]
[2022-12-14T13:58:45+08:00][sql] SELECT q.id,q.code,q.company,q.province,q.city,q.district,q.remark,q.status,q.sub_status,q.valid,q.valid_time,q.err_msg,GROUP_CONCAT(t.name) tags,q.add_time FROM `wk_qrcode` `q` LEFT JOIN `wk_tag` `t` ON FIND_IN_SET(t.id,q.tags) WHERE  `q`.`provider_id` = '2' GROUP BY `q`.`id` LIMIT 6620,20 [ RunTime:0.185905s ]
[2022-12-14T13:58:45+08:00][sql] SHOW FULL COLUMNS FROM `wk_entrance` [ RunTime:0.099937s ]
[2022-12-14T13:58:45+08:00][sql] SELECT `e`.`id`,`e`.`avatar`,`e`.`name`,`e`.`members`,`e`.`qr`,`e`.`expire_date`,`e`.`joinable`,`e`.`reported`,`e`.`add_time` FROM `wk_entrance` `e` WHERE  `e`.`qrcode_id` = '29797'  AND `e`.`expire_date` >= NOW() [ RunTime:0.096435s ]
[2022-12-14T13:58:45+08:00][sql] SELECT `e`.`id`,`e`.`avatar`,`e`.`name`,`e`.`members`,`e`.`qr`,`e`.`expire_date`,`e`.`joinable`,`e`.`reported`,`e`.`add_time` FROM `wk_entrance` `e` WHERE  `e`.`qrcode_id` = '29798'  AND `e`.`expire_date` >= NOW() [ RunTime:0.099756s ]
[2022-12-14T13:58:45+08:00][sql] SELECT COUNT(*) AS think_count FROM `wk_qrcode` WHERE  `provider_id` = 2 LIMIT 1 [ RunTime:0.110076s ]
[2022-12-14T13:59:14+08:00][sql] CONNECT:[ UseTime:0.144073s ] mysql:host=88.218.194.8;port=3306;dbname=webQrcode;charset=utf8mb4
[2022-12-14T13:59:14+08:00][sql] SHOW FULL COLUMNS FROM `wk_provider` [ RunTime:0.100557s ]
[2022-12-14T13:59:14+08:00][sql] SELECT `id` FROM `wk_provider` WHERE  `id` = 2  AND `relogin` = 0 LIMIT 1 [ RunTime:0.096433s ]
[2022-12-14T13:59:14+08:00][sql] SHOW FULL COLUMNS FROM `wk_qrcode` [ RunTime:0.098212s ]
[2022-12-14T13:59:14+08:00][sql] SELECT q.id,q.code,q.company,q.province,q.city,q.district,q.remark,q.status,q.sub_status,q.valid,q.valid_time,q.err_msg,GROUP_CONCAT(t.name) tags,q.add_time FROM `wk_qrcode` `q` LEFT JOIN `wk_tag` `t` ON FIND_IN_SET(t.id,q.tags) WHERE  `q`.`provider_id` = '2' GROUP BY `q`.`id` LIMIT 6600,20 [ RunTime:0.161716s ]
[2022-12-14T13:59:14+08:00][sql] SHOW FULL COLUMNS FROM `wk_entrance` [ RunTime:0.100336s ]
[2022-12-14T13:59:14+08:00][sql] SELECT `e`.`id`,`e`.`avatar`,`e`.`name`,`e`.`members`,`e`.`qr`,`e`.`expire_date`,`e`.`joinable`,`e`.`reported`,`e`.`add_time` FROM `wk_entrance` `e` WHERE  `e`.`qrcode_id` = '29777'  AND `e`.`expire_date` >= NOW() [ RunTime:0.096388s ]
[2022-12-14T13:59:14+08:00][sql] SELECT `e`.`id`,`e`.`avatar`,`e`.`name`,`e`.`members`,`e`.`qr`,`e`.`expire_date`,`e`.`joinable`,`e`.`reported`,`e`.`add_time` FROM `wk_entrance` `e` WHERE  `e`.`qrcode_id` = '29778'  AND `e`.`expire_date` >= NOW() [ RunTime:0.095732s ]
[2022-12-14T13:59:14+08:00][sql] SELECT `e`.`id`,`e`.`avatar`,`e`.`name`,`e`.`members`,`e`.`qr`,`e`.`expire_date`,`e`.`joinable`,`e`.`reported`,`e`.`add_time` FROM `wk_entrance` `e` WHERE  `e`.`qrcode_id` = '29779'  AND `e`.`expire_date` >= NOW() [ RunTime:0.095815s ]
[2022-12-14T13:59:14+08:00][sql] SELECT `e`.`id`,`e`.`avatar`,`e`.`name`,`e`.`members`,`e`.`qr`,`e`.`expire_date`,`e`.`joinable`,`e`.`reported`,`e`.`add_time` FROM `wk_entrance` `e` WHERE  `e`.`qrcode_id` = '29780'  AND `e`.`expire_date` >= NOW() [ RunTime:0.095820s ]
[2022-12-14T13:59:14+08:00][sql] SELECT `e`.`id`,`e`.`avatar`,`e`.`name`,`e`.`members`,`e`.`qr`,`e`.`expire_date`,`e`.`joinable`,`e`.`reported`,`e`.`add_time` FROM `wk_entrance` `e` WHERE  `e`.`qrcode_id` = '29781'  AND `e`.`expire_date` >= NOW() [ RunTime:0.095588s ]
[2022-12-14T13:59:14+08:00][sql] SELECT `e`.`id`,`e`.`avatar`,`e`.`name`,`e`.`members`,`e`.`qr`,`e`.`expire_date`,`e`.`joinable`,`e`.`reported`,`e`.`add_time` FROM `wk_entrance` `e` WHERE  `e`.`qrcode_id` = '29782'  AND `e`.`expire_date` >= NOW() [ RunTime:0.095737s ]
[2022-12-14T13:59:14+08:00][sql] SELECT `e`.`id`,`e`.`avatar`,`e`.`name`,`e`.`members`,`e`.`qr`,`e`.`expire_date`,`e`.`joinable`,`e`.`reported`,`e`.`add_time` FROM `wk_entrance` `e` WHERE  `e`.`qrcode_id` = '29783'  AND `e`.`expire_date` >= NOW() [ RunTime:0.094954s ]
[2022-12-14T13:59:14+08:00][sql] SELECT `e`.`id`,`e`.`avatar`,`e`.`name`,`e`.`members`,`e`.`qr`,`e`.`expire_date`,`e`.`joinable`,`e`.`reported`,`e`.`add_time` FROM `wk_entrance` `e` WHERE  `e`.`qrcode_id` = '29784'  AND `e`.`expire_date` >= NOW() [ RunTime:0.097114s ]
[2022-12-14T13:59:14+08:00][sql] SELECT `e`.`id`,`e`.`avatar`,`e`.`name`,`e`.`members`,`e`.`qr`,`e`.`expire_date`,`e`.`joinable`,`e`.`reported`,`e`.`add_time` FROM `wk_entrance` `e` WHERE  `e`.`qrcode_id` = '29785'  AND `e`.`expire_date` >= NOW() [ RunTime:0.097148s ]
[2022-12-14T13:59:14+08:00][sql] SELECT `e`.`id`,`e`.`avatar`,`e`.`name`,`e`.`members`,`e`.`qr`,`e`.`expire_date`,`e`.`joinable`,`e`.`reported`,`e`.`add_time` FROM `wk_entrance` `e` WHERE  `e`.`qrcode_id` = '29786'  AND `e`.`expire_date` >= NOW() [ RunTime:0.095180s ]
[2022-12-14T13:59:14+08:00][sql] SELECT `e`.`id`,`e`.`avatar`,`e`.`name`,`e`.`members`,`e`.`qr`,`e`.`expire_date`,`e`.`joinable`,`e`.`reported`,`e`.`add_time` FROM `wk_entrance` `e` WHERE  `e`.`qrcode_id` = '29787'  AND `e`.`expire_date` >= NOW() [ RunTime:0.095765s ]
[2022-12-14T13:59:14+08:00][sql] SELECT `e`.`id`,`e`.`avatar`,`e`.`name`,`e`.`members`,`e`.`qr`,`e`.`expire_date`,`e`.`joinable`,`e`.`reported`,`e`.`add_time` FROM `wk_entrance` `e` WHERE  `e`.`qrcode_id` = '29788'  AND `e`.`expire_date` >= NOW() [ RunTime:0.097402s ]
[2022-12-14T13:59:14+08:00][sql] SELECT `e`.`id`,`e`.`avatar`,`e`.`name`,`e`.`members`,`e`.`qr`,`e`.`expire_date`,`e`.`joinable`,`e`.`reported`,`e`.`add_time` FROM `wk_entrance` `e` WHERE  `e`.`qrcode_id` = '29789'  AND `e`.`expire_date` >= NOW() [ RunTime:0.095687s ]
[2022-12-14T13:59:14+08:00][sql] SELECT `e`.`id`,`e`.`avatar`,`e`.`name`,`e`.`members`,`e`.`qr`,`e`.`expire_date`,`e`.`joinable`,`e`.`reported`,`e`.`add_time` FROM `wk_entrance` `e` WHERE  `e`.`qrcode_id` = '29790'  AND `e`.`expire_date` >= NOW() [ RunTime:0.095963s ]
[2022-12-14T13:59:14+08:00][sql] SELECT `e`.`id`,`e`.`avatar`,`e`.`name`,`e`.`members`,`e`.`qr`,`e`.`expire_date`,`e`.`joinable`,`e`.`reported`,`e`.`add_time` FROM `wk_entrance` `e` WHERE  `e`.`qrcode_id` = '29791'  AND `e`.`expire_date` >= NOW() [ RunTime:0.096326s ]
[2022-12-14T13:59:14+08:00][sql] SELECT `e`.`id`,`e`.`avatar`,`e`.`name`,`e`.`members`,`e`.`qr`,`e`.`expire_date`,`e`.`joinable`,`e`.`reported`,`e`.`add_time` FROM `wk_entrance` `e` WHERE  `e`.`qrcode_id` = '29792'  AND `e`.`expire_date` >= NOW() [ RunTime:0.095504s ]
[2022-12-14T13:59:14+08:00][sql] SELECT `e`.`id`,`e`.`avatar`,`e`.`name`,`e`.`members`,`e`.`qr`,`e`.`expire_date`,`e`.`joinable`,`e`.`reported`,`e`.`add_time` FROM `wk_entrance` `e` WHERE  `e`.`qrcode_id` = '29793'  AND `e`.`expire_date` >= NOW() [ RunTime:0.095533s ]
[2022-12-14T13:59:14+08:00][sql] SELECT `e`.`id`,`e`.`avatar`,`e`.`name`,`e`.`members`,`e`.`qr`,`e`.`expire_date`,`e`.`joinable`,`e`.`reported`,`e`.`add_time` FROM `wk_entrance` `e` WHERE  `e`.`qrcode_id` = '29794'  AND `e`.`expire_date` >= NOW() [ RunTime:0.097462s ]
[2022-12-14T13:59:14+08:00][sql] SELECT `e`.`id`,`e`.`avatar`,`e`.`name`,`e`.`members`,`e`.`qr`,`e`.`expire_date`,`e`.`joinable`,`e`.`reported`,`e`.`add_time` FROM `wk_entrance` `e` WHERE  `e`.`qrcode_id` = '29795'  AND `e`.`expire_date` >= NOW() [ RunTime:0.095812s ]
[2022-12-14T13:59:14+08:00][sql] SELECT `e`.`id`,`e`.`avatar`,`e`.`name`,`e`.`members`,`e`.`qr`,`e`.`expire_date`,`e`.`joinable`,`e`.`reported`,`e`.`add_time` FROM `wk_entrance` `e` WHERE  `e`.`qrcode_id` = '29796'  AND `e`.`expire_date` >= NOW() [ RunTime:0.095474s ]
[2022-12-14T13:59:14+08:00][sql] SELECT COUNT(*) AS think_count FROM `wk_qrcode` WHERE  `provider_id` = 2 LIMIT 1 [ RunTime:0.099383s ]
[2022-12-14T14:13:36+08:00][sql] CONNECT:[ UseTime:0.141749s ] mysql:host=88.218.194.8;port=3306;dbname=webQrcode;charset=utf8mb4
[2022-12-14T14:13:36+08:00][sql] SHOW FULL COLUMNS FROM `wk_tag` [ RunTime:0.101911s ]
[2022-12-14T14:13:36+08:00][sql] SELECT `id`,`name` FROM `wk_tag` ORDER BY `id` [ RunTime:0.095911s ]
[2022-12-14T14:13:36+08:00][sql] CONNECT:[ UseTime:0.120379s ] mysql:host=88.218.194.8;port=3306;dbname=webQrcode;charset=utf8mb4
[2022-12-14T14:13:36+08:00][sql] SHOW FULL COLUMNS FROM `wk_provider` [ RunTime:0.084115s ]
[2022-12-14T14:13:36+08:00][sql] SELECT `id` FROM `wk_provider` WHERE  `id` = 2  AND `relogin` = 0 LIMIT 1 [ RunTime:0.081212s ]
[2022-12-14T14:13:36+08:00][sql] SELECT `id`,`username`,`score` FROM `wk_provider` WHERE  `id` = 2 LIMIT 1 [ RunTime:0.080873s ]
[2022-12-14T14:13:36+08:00][sql] SHOW FULL COLUMNS FROM `wk_setting` [ RunTime:0.087181s ]
[2022-12-14T14:13:36+08:00][sql] SELECT `int_val` FROM `wk_setting` WHERE  `key` = 'entrance_price' LIMIT 1 [ RunTime:0.080021s ]
[2022-12-14T14:13:36+08:00][sql] SELECT `int_val` FROM `wk_setting` WHERE  `key` = 'max_buy_times' LIMIT 1 [ RunTime:0.080790s ]
[2022-12-14T14:13:36+08:00][sql] SHOW FULL COLUMNS FROM `wk_qrcode` [ RunTime:0.084028s ]
[2022-12-14T14:13:36+08:00][sql] SELECT COUNT(*) AS think_count FROM `wk_qrcode` WHERE  `provider_id` = 2  AND `valid` = 1 LIMIT 1 [ RunTime:0.095190s ]
[2022-12-14T14:13:36+08:00][sql] CONNECT:[ UseTime:0.138141s ] mysql:host=88.218.194.8;port=3306;dbname=webQrcode;charset=utf8mb4
[2022-12-14T14:13:36+08:00][sql] SHOW FULL COLUMNS FROM `wk_provider` [ RunTime:0.103085s ]
[2022-12-14T14:13:36+08:00][sql] SELECT `id` FROM `wk_provider` WHERE  `id` = 2  AND `relogin` = 0 LIMIT 1 [ RunTime:0.092694s ]
[2022-12-14T14:13:36+08:00][sql] SHOW FULL COLUMNS FROM `wk_qrcode` [ RunTime:0.095344s ]
[2022-12-14T14:13:36+08:00][sql] SELECT q.id,q.code,q.company,q.province,q.city,q.district,q.remark,q.status,q.sub_status,q.valid,q.valid_time,q.err_msg,GROUP_CONCAT(t.name) tags,q.add_time FROM `wk_qrcode` `q` LEFT JOIN `wk_tag` `t` ON FIND_IN_SET(t.id,q.tags) WHERE  `q`.`provider_id` = '2' GROUP BY `q`.`id` LIMIT 0,20 [ RunTime:0.156390s ]
[2022-12-14T14:13:36+08:00][sql] SHOW FULL COLUMNS FROM `wk_entrance` [ RunTime:0.096901s ]
[2022-12-14T14:13:36+08:00][sql] SELECT `e`.`id`,`e`.`avatar`,`e`.`name`,`e`.`members`,`e`.`qr`,`e`.`expire_date`,`e`.`joinable`,`e`.`reported`,`e`.`add_time` FROM `wk_entrance` `e` WHERE  `e`.`qrcode_id` = '23177'  AND `e`.`expire_date` >= NOW() [ RunTime:0.091102s ]
[2022-12-14T14:13:36+08:00][sql] SELECT `e`.`id`,`e`.`avatar`,`e`.`name`,`e`.`members`,`e`.`qr`,`e`.`expire_date`,`e`.`joinable`,`e`.`reported`,`e`.`add_time` FROM `wk_entrance` `e` WHERE  `e`.`qrcode_id` = '23178'  AND `e`.`expire_date` >= NOW() [ RunTime:0.091843s ]
[2022-12-14T14:13:36+08:00][sql] SELECT `e`.`id`,`e`.`avatar`,`e`.`name`,`e`.`members`,`e`.`qr`,`e`.`expire_date`,`e`.`joinable`,`e`.`reported`,`e`.`add_time` FROM `wk_entrance` `e` WHERE  `e`.`qrcode_id` = '23179'  AND `e`.`expire_date` >= NOW() [ RunTime:0.091396s ]
[2022-12-14T14:13:36+08:00][sql] SELECT `e`.`id`,`e`.`avatar`,`e`.`name`,`e`.`members`,`e`.`qr`,`e`.`expire_date`,`e`.`joinable`,`e`.`reported`,`e`.`add_time` FROM `wk_entrance` `e` WHERE  `e`.`qrcode_id` = '23180'  AND `e`.`expire_date` >= NOW() [ RunTime:0.095403s ]
[2022-12-14T14:13:36+08:00][sql] SELECT `e`.`id`,`e`.`avatar`,`e`.`name`,`e`.`members`,`e`.`qr`,`e`.`expire_date`,`e`.`joinable`,`e`.`reported`,`e`.`add_time` FROM `wk_entrance` `e` WHERE  `e`.`qrcode_id` = '23181'  AND `e`.`expire_date` >= NOW() [ RunTime:0.090867s ]
[2022-12-14T14:13:36+08:00][sql] SELECT `e`.`id`,`e`.`avatar`,`e`.`name`,`e`.`members`,`e`.`qr`,`e`.`expire_date`,`e`.`joinable`,`e`.`reported`,`e`.`add_time` FROM `wk_entrance` `e` WHERE  `e`.`qrcode_id` = '23182'  AND `e`.`expire_date` >= NOW() [ RunTime:0.090805s ]
[2022-12-14T14:13:36+08:00][sql] SELECT `e`.`id`,`e`.`avatar`,`e`.`name`,`e`.`members`,`e`.`qr`,`e`.`expire_date`,`e`.`joinable`,`e`.`reported`,`e`.`add_time` FROM `wk_entrance` `e` WHERE  `e`.`qrcode_id` = '23183'  AND `e`.`expire_date` >= NOW() [ RunTime:0.090934s ]
[2022-12-14T14:13:36+08:00][sql] SELECT `e`.`id`,`e`.`avatar`,`e`.`name`,`e`.`members`,`e`.`qr`,`e`.`expire_date`,`e`.`joinable`,`e`.`reported`,`e`.`add_time` FROM `wk_entrance` `e` WHERE  `e`.`qrcode_id` = '23184'  AND `e`.`expire_date` >= NOW() [ RunTime:0.091145s ]
[2022-12-14T14:13:36+08:00][sql] SELECT `e`.`id`,`e`.`avatar`,`e`.`name`,`e`.`members`,`e`.`qr`,`e`.`expire_date`,`e`.`joinable`,`e`.`reported`,`e`.`add_time` FROM `wk_entrance` `e` WHERE  `e`.`qrcode_id` = '23185'  AND `e`.`expire_date` >= NOW() [ RunTime:0.091623s ]
[2022-12-14T14:13:36+08:00][sql] SELECT `e`.`id`,`e`.`avatar`,`e`.`name`,`e`.`members`,`e`.`qr`,`e`.`expire_date`,`e`.`joinable`,`e`.`reported`,`e`.`add_time` FROM `wk_entrance` `e` WHERE  `e`.`qrcode_id` = '23186'  AND `e`.`expire_date` >= NOW() [ RunTime:0.092461s ]
[2022-12-14T14:13:36+08:00][sql] SELECT `e`.`id`,`e`.`avatar`,`e`.`name`,`e`.`members`,`e`.`qr`,`e`.`expire_date`,`e`.`joinable`,`e`.`reported`,`e`.`add_time` FROM `wk_entrance` `e` WHERE  `e`.`qrcode_id` = '23187'  AND `e`.`expire_date` >= NOW() [ RunTime:0.099250s ]
[2022-12-14T14:13:36+08:00][sql] SELECT `e`.`id`,`e`.`avatar`,`e`.`name`,`e`.`members`,`e`.`qr`,`e`.`expire_date`,`e`.`joinable`,`e`.`reported`,`e`.`add_time` FROM `wk_entrance` `e` WHERE  `e`.`qrcode_id` = '23188'  AND `e`.`expire_date` >= NOW() [ RunTime:0.090529s ]
[2022-12-14T14:13:36+08:00][sql] SELECT `e`.`id`,`e`.`avatar`,`e`.`name`,`e`.`members`,`e`.`qr`,`e`.`expire_date`,`e`.`joinable`,`e`.`reported`,`e`.`add_time` FROM `wk_entrance` `e` WHERE  `e`.`qrcode_id` = '23189'  AND `e`.`expire_date` >= NOW() [ RunTime:0.090808s ]
[2022-12-14T14:13:36+08:00][sql] SELECT `e`.`id`,`e`.`avatar`,`e`.`name`,`e`.`members`,`e`.`qr`,`e`.`expire_date`,`e`.`joinable`,`e`.`reported`,`e`.`add_time` FROM `wk_entrance` `e` WHERE  `e`.`qrcode_id` = '23190'  AND `e`.`expire_date` >= NOW() [ RunTime:0.091379s ]
[2022-12-14T14:13:36+08:00][sql] SELECT `e`.`id`,`e`.`avatar`,`e`.`name`,`e`.`members`,`e`.`qr`,`e`.`expire_date`,`e`.`joinable`,`e`.`reported`,`e`.`add_time` FROM `wk_entrance` `e` WHERE  `e`.`qrcode_id` = '23191'  AND `e`.`expire_date` >= NOW() [ RunTime:0.091870s ]
[2022-12-14T14:13:36+08:00][sql] SELECT `e`.`id`,`e`.`avatar`,`e`.`name`,`e`.`members`,`e`.`qr`,`e`.`expire_date`,`e`.`joinable`,`e`.`reported`,`e`.`add_time` FROM `wk_entrance` `e` WHERE  `e`.`qrcode_id` = '23192'  AND `e`.`expire_date` >= NOW() [ RunTime:0.091019s ]
[2022-12-14T14:13:36+08:00][sql] SELECT `e`.`id`,`e`.`avatar`,`e`.`name`,`e`.`members`,`e`.`qr`,`e`.`expire_date`,`e`.`joinable`,`e`.`reported`,`e`.`add_time` FROM `wk_entrance` `e` WHERE  `e`.`qrcode_id` = '23193'  AND `e`.`expire_date` >= NOW() [ RunTime:0.091368s ]
[2022-12-14T14:13:36+08:00][sql] SELECT `e`.`id`,`e`.`avatar`,`e`.`name`,`e`.`members`,`e`.`qr`,`e`.`expire_date`,`e`.`joinable`,`e`.`reported`,`e`.`add_time` FROM `wk_entrance` `e` WHERE  `e`.`qrcode_id` = '23194'  AND `e`.`expire_date` >= NOW() [ RunTime:0.091418s ]
[2022-12-14T14:13:36+08:00][sql] SELECT `e`.`id`,`e`.`avatar`,`e`.`name`,`e`.`members`,`e`.`qr`,`e`.`expire_date`,`e`.`joinable`,`e`.`reported`,`e`.`add_time` FROM `wk_entrance` `e` WHERE  `e`.`qrcode_id` = '23195'  AND `e`.`expire_date` >= NOW() [ RunTime:0.091065s ]
[2022-12-14T14:13:36+08:00][sql] SELECT `e`.`id`,`e`.`avatar`,`e`.`name`,`e`.`members`,`e`.`qr`,`e`.`expire_date`,`e`.`joinable`,`e`.`reported`,`e`.`add_time` FROM `wk_entrance` `e` WHERE  `e`.`qrcode_id` = '23196'  AND `e`.`expire_date` >= NOW() [ RunTime:0.090831s ]
[2022-12-14T14:13:36+08:00][sql] SELECT COUNT(*) AS think_count FROM `wk_qrcode` WHERE  `provider_id` = 2 LIMIT 1 [ RunTime:0.094000s ]
[2022-12-14T14:18:24+08:00][sql] CONNECT:[ UseTime:0.138877s ] mysql:host=88.218.194.8;port=3306;dbname=webQrcode;charset=utf8mb4
[2022-12-14T14:18:24+08:00][sql] SHOW FULL COLUMNS FROM `wk_provider` [ RunTime:0.099693s ]
[2022-12-14T14:18:24+08:00][sql] SELECT `id` FROM `wk_provider` WHERE  `id` = 2  AND `relogin` = 0 LIMIT 1 [ RunTime:0.093695s ]
[2022-12-14T14:18:24+08:00][sql] SHOW FULL COLUMNS FROM `wk_qrcode` [ RunTime:0.094832s ]
[2022-12-14T14:18:24+08:00][sql] SELECT q.id,q.code,q.company,q.province,q.city,q.district,q.remark,q.status,q.sub_status,q.valid,q.valid_time,q.err_msg,GROUP_CONCAT(t.name) tags,q.add_time FROM `wk_qrcode` `q` LEFT JOIN `wk_tag` `t` ON FIND_IN_SET(t.id,q.tags) WHERE  `q`.`provider_id` = '2' GROUP BY `q`.`id` LIMIT 0,20 [ RunTime:0.168684s ]
[2022-12-14T14:18:24+08:00][sql] SHOW FULL COLUMNS FROM `wk_entrance` [ RunTime:0.094142s ]
[2022-12-14T14:18:24+08:00][sql] SELECT `e`.`id`,`e`.`avatar`,`e`.`name`,`e`.`members`,`e`.`qr`,`e`.`expire_date`,`e`.`joinable`,`e`.`reported`,`e`.`add_time` FROM `wk_entrance` `e` WHERE  `e`.`qrcode_id` = '23177'  AND `e`.`expire_date` >= NOW() [ RunTime:0.092147s ]
[2022-12-14T14:18:24+08:00][sql] SELECT `e`.`id`,`e`.`avatar`,`e`.`name`,`e`.`members`,`e`.`qr`,`e`.`expire_date`,`e`.`joinable`,`e`.`reported`,`e`.`add_time` FROM `wk_entrance` `e` WHERE  `e`.`qrcode_id` = '23178'  AND `e`.`expire_date` >= NOW() [ RunTime:0.097808s ]
[2022-12-14T14:18:24+08:00][sql] SELECT `e`.`id`,`e`.`avatar`,`e`.`name`,`e`.`members`,`e`.`qr`,`e`.`expire_date`,`e`.`joinable`,`e`.`reported`,`e`.`add_time` FROM `wk_entrance` `e` WHERE  `e`.`qrcode_id` = '23179'  AND `e`.`expire_date` >= NOW() [ RunTime:0.092166s ]
[2022-12-14T14:18:24+08:00][sql] SELECT `e`.`id`,`e`.`avatar`,`e`.`name`,`e`.`members`,`e`.`qr`,`e`.`expire_date`,`e`.`joinable`,`e`.`reported`,`e`.`add_time` FROM `wk_entrance` `e` WHERE  `e`.`qrcode_id` = '23180'  AND `e`.`expire_date` >= NOW() [ RunTime:0.090977s ]
[2022-12-14T14:18:24+08:00][sql] SELECT `e`.`id`,`e`.`avatar`,`e`.`name`,`e`.`members`,`e`.`qr`,`e`.`expire_date`,`e`.`joinable`,`e`.`reported`,`e`.`add_time` FROM `wk_entrance` `e` WHERE  `e`.`qrcode_id` = '23181'  AND `e`.`expire_date` >= NOW() [ RunTime:0.091061s ]
[2022-12-14T14:18:24+08:00][sql] SELECT `e`.`id`,`e`.`avatar`,`e`.`name`,`e`.`members`,`e`.`qr`,`e`.`expire_date`,`e`.`joinable`,`e`.`reported`,`e`.`add_time` FROM `wk_entrance` `e` WHERE  `e`.`qrcode_id` = '23182'  AND `e`.`expire_date` >= NOW() [ RunTime:0.091063s ]
[2022-12-14T14:18:24+08:00][sql] SELECT `e`.`id`,`e`.`avatar`,`e`.`name`,`e`.`members`,`e`.`qr`,`e`.`expire_date`,`e`.`joinable`,`e`.`reported`,`e`.`add_time` FROM `wk_entrance` `e` WHERE  `e`.`qrcode_id` = '23183'  AND `e`.`expire_date` >= NOW() [ RunTime:0.093479s ]
[2022-12-14T14:18:24+08:00][sql] SELECT `e`.`id`,`e`.`avatar`,`e`.`name`,`e`.`members`,`e`.`qr`,`e`.`expire_date`,`e`.`joinable`,`e`.`reported`,`e`.`add_time` FROM `wk_entrance` `e` WHERE  `e`.`qrcode_id` = '23184'  AND `e`.`expire_date` >= NOW() [ RunTime:0.099615s ]
[2022-12-14T14:18:24+08:00][sql] SELECT `e`.`id`,`e`.`avatar`,`e`.`name`,`e`.`members`,`e`.`qr`,`e`.`expire_date`,`e`.`joinable`,`e`.`reported`,`e`.`add_time` FROM `wk_entrance` `e` WHERE  `e`.`qrcode_id` = '23185'  AND `e`.`expire_date` >= NOW() [ RunTime:0.091593s ]
[2022-12-14T14:18:24+08:00][sql] SELECT `e`.`id`,`e`.`avatar`,`e`.`name`,`e`.`members`,`e`.`qr`,`e`.`expire_date`,`e`.`joinable`,`e`.`reported`,`e`.`add_time` FROM `wk_entrance` `e` WHERE  `e`.`qrcode_id` = '23186'  AND `e`.`expire_date` >= NOW() [ RunTime:0.092424s ]
[2022-12-14T14:18:24+08:00][sql] SELECT `e`.`id`,`e`.`avatar`,`e`.`name`,`e`.`members`,`e`.`qr`,`e`.`expire_date`,`e`.`joinable`,`e`.`reported`,`e`.`add_time` FROM `wk_entrance` `e` WHERE  `e`.`qrcode_id` = '23187'  AND `e`.`expire_date` >= NOW() [ RunTime:0.091879s ]
[2022-12-14T14:18:24+08:00][sql] SELECT `e`.`id`,`e`.`avatar`,`e`.`name`,`e`.`members`,`e`.`qr`,`e`.`expire_date`,`e`.`joinable`,`e`.`reported`,`e`.`add_time` FROM `wk_entrance` `e` WHERE  `e`.`qrcode_id` = '23188'  AND `e`.`expire_date` >= NOW() [ RunTime:0.091135s ]
[2022-12-14T14:18:24+08:00][sql] SELECT `e`.`id`,`e`.`avatar`,`e`.`name`,`e`.`members`,`e`.`qr`,`e`.`expire_date`,`e`.`joinable`,`e`.`reported`,`e`.`add_time` FROM `wk_entrance` `e` WHERE  `e`.`qrcode_id` = '23189'  AND `e`.`expire_date` >= NOW() [ RunTime:0.091721s ]
[2022-12-14T14:18:24+08:00][sql] SELECT `e`.`id`,`e`.`avatar`,`e`.`name`,`e`.`members`,`e`.`qr`,`e`.`expire_date`,`e`.`joinable`,`e`.`reported`,`e`.`add_time` FROM `wk_entrance` `e` WHERE  `e`.`qrcode_id` = '23190'  AND `e`.`expire_date` >= NOW() [ RunTime:0.092328s ]
[2022-12-14T14:18:24+08:00][sql] SELECT `e`.`id`,`e`.`avatar`,`e`.`name`,`e`.`members`,`e`.`qr`,`e`.`expire_date`,`e`.`joinable`,`e`.`reported`,`e`.`add_time` FROM `wk_entrance` `e` WHERE  `e`.`qrcode_id` = '23191'  AND `e`.`expire_date` >= NOW() [ RunTime:0.092178s ]
[2022-12-14T14:18:24+08:00][sql] SELECT `e`.`id`,`e`.`avatar`,`e`.`name`,`e`.`members`,`e`.`qr`,`e`.`expire_date`,`e`.`joinable`,`e`.`reported`,`e`.`add_time` FROM `wk_entrance` `e` WHERE  `e`.`qrcode_id` = '23192'  AND `e`.`expire_date` >= NOW() [ RunTime:0.090636s ]
[2022-12-14T14:18:24+08:00][sql] SELECT `e`.`id`,`e`.`avatar`,`e`.`name`,`e`.`members`,`e`.`qr`,`e`.`expire_date`,`e`.`joinable`,`e`.`reported`,`e`.`add_time` FROM `wk_entrance` `e` WHERE  `e`.`qrcode_id` = '23193'  AND `e`.`expire_date` >= NOW() [ RunTime:0.094526s ]
[2022-12-14T14:18:24+08:00][sql] SELECT `e`.`id`,`e`.`avatar`,`e`.`name`,`e`.`members`,`e`.`qr`,`e`.`expire_date`,`e`.`joinable`,`e`.`reported`,`e`.`add_time` FROM `wk_entrance` `e` WHERE  `e`.`qrcode_id` = '23194'  AND `e`.`expire_date` >= NOW() [ RunTime:0.091132s ]
[2022-12-14T14:18:24+08:00][sql] SELECT `e`.`id`,`e`.`avatar`,`e`.`name`,`e`.`members`,`e`.`qr`,`e`.`expire_date`,`e`.`joinable`,`e`.`reported`,`e`.`add_time` FROM `wk_entrance` `e` WHERE  `e`.`qrcode_id` = '23195'  AND `e`.`expire_date` >= NOW() [ RunTime:0.091123s ]
[2022-12-14T14:18:24+08:00][sql] SELECT `e`.`id`,`e`.`avatar`,`e`.`name`,`e`.`members`,`e`.`qr`,`e`.`expire_date`,`e`.`joinable`,`e`.`reported`,`e`.`add_time` FROM `wk_entrance` `e` WHERE  `e`.`qrcode_id` = '23196'  AND `e`.`expire_date` >= NOW() [ RunTime:0.094252s ]
[2022-12-14T14:18:24+08:00][sql] SELECT COUNT(*) AS think_count FROM `wk_qrcode` WHERE  `provider_id` = 2 LIMIT 1 [ RunTime:0.095502s ]
[2022-12-14T14:18:30+08:00][sql] CONNECT:[ UseTime:0.138542s ] mysql:host=88.218.194.8;port=3306;dbname=webQrcode;charset=utf8mb4
[2022-12-14T14:18:30+08:00][sql] SHOW FULL COLUMNS FROM `wk_provider` [ RunTime:0.097396s ]
[2022-12-14T14:18:30+08:00][sql] SELECT `id` FROM `wk_provider` WHERE  `id` = 2  AND `relogin` = 0 LIMIT 1 [ RunTime:0.092058s ]
[2022-12-14T14:18:30+08:00][sql] SHOW FULL COLUMNS FROM `wk_qrcode` [ RunTime:0.096392s ]
[2022-12-14T14:18:30+08:00][sql] SELECT q.id,q.code,q.company,q.province,q.city,q.district,q.remark,q.status,q.sub_status,q.valid,q.valid_time,q.err_msg,GROUP_CONCAT(t.name) tags,q.add_time FROM `wk_qrcode` `q` LEFT JOIN `wk_tag` `t` ON FIND_IN_SET(t.id,q.tags) WHERE  `q`.`provider_id` = '2' GROUP BY `q`.`id` LIMIT 6620,20 [ RunTime:0.154983s ]
[2022-12-14T14:18:30+08:00][sql] SHOW FULL COLUMNS FROM `wk_entrance` [ RunTime:0.096882s ]
[2022-12-14T14:18:30+08:00][sql] SELECT `e`.`id`,`e`.`avatar`,`e`.`name`,`e`.`members`,`e`.`qr`,`e`.`expire_date`,`e`.`joinable`,`e`.`reported`,`e`.`add_time` FROM `wk_entrance` `e` WHERE  `e`.`qrcode_id` = '29797'  AND `e`.`expire_date` >= NOW() [ RunTime:0.092155s ]
[2022-12-14T14:18:30+08:00][sql] SELECT `e`.`id`,`e`.`avatar`,`e`.`name`,`e`.`members`,`e`.`qr`,`e`.`expire_date`,`e`.`joinable`,`e`.`reported`,`e`.`add_time` FROM `wk_entrance` `e` WHERE  `e`.`qrcode_id` = '29798'  AND `e`.`expire_date` >= NOW() [ RunTime:0.092177s ]
[2022-12-14T14:18:30+08:00][sql] SELECT COUNT(*) AS think_count FROM `wk_qrcode` WHERE  `provider_id` = 2 LIMIT 1 [ RunTime:0.092201s ]
[2022-12-14T14:25:26+08:00][sql] CONNECT:[ UseTime:0.144610s ] mysql:host=88.218.194.8;port=3306;dbname=webQrcode;charset=utf8mb4
[2022-12-14T14:25:26+08:00][sql] SHOW FULL COLUMNS FROM `wk_provider` [ RunTime:0.106892s ]
[2022-12-14T14:25:26+08:00][sql] SELECT `id` FROM `wk_provider` WHERE  `id` = 2  AND `relogin` = 0 LIMIT 1 [ RunTime:0.093835s ]
[2022-12-14T14:25:26+08:00][sql] SHOW FULL COLUMNS FROM `wk_qrcode` [ RunTime:0.098734s ]
[2022-12-14T14:25:26+08:00][sql] SELECT q.id,q.code,q.company,q.province,q.city,q.district,q.remark,q.status,q.sub_status,q.valid,q.valid_time,q.err_msg,GROUP_CONCAT(t.name) tags,q.add_time FROM `wk_qrcode` `q` LEFT JOIN `wk_tag` `t` ON FIND_IN_SET(t.id,q.tags) WHERE  `q`.`provider_id` = '2' GROUP BY `q`.`id` LIMIT 6620,20 [ RunTime:0.204481s ]
[2022-12-14T14:25:26+08:00][sql] SHOW FULL COLUMNS FROM `wk_entrance` [ RunTime:0.097342s ]
[2022-12-14T14:25:26+08:00][sql] SELECT `e`.`id`,`e`.`avatar`,`e`.`name`,`e`.`members`,`e`.`qr`,`e`.`expire_date`,`e`.`joinable`,`e`.`reported`,`e`.`add_time` FROM `wk_entrance` `e` WHERE  `e`.`qrcode_id` = '29797'  AND `e`.`expire_date` >= NOW() [ RunTime:0.094996s ]
[2022-12-14T14:25:26+08:00][sql] SELECT `e`.`id`,`e`.`avatar`,`e`.`name`,`e`.`members`,`e`.`qr`,`e`.`expire_date`,`e`.`joinable`,`e`.`reported`,`e`.`add_time` FROM `wk_entrance` `e` WHERE  `e`.`qrcode_id` = '29798'  AND `e`.`expire_date` >= NOW() [ RunTime:0.093655s ]
[2022-12-14T14:25:26+08:00][sql] SELECT COUNT(*) AS think_count FROM `wk_qrcode` WHERE  `provider_id` = 2 LIMIT 1 [ RunTime:0.095836s ]
[2022-12-14T14:26:40+08:00][sql] CONNECT:[ UseTime:0.133045s ] mysql:host=88.218.194.8;port=3306;dbname=webQrcode;charset=utf8mb4
[2022-12-14T14:26:40+08:00][sql] SHOW FULL COLUMNS FROM `wk_provider` [ RunTime:0.093926s ]
[2022-12-14T14:26:40+08:00][sql] SELECT `id` FROM `wk_provider` WHERE  `id` = 2  AND `relogin` = 0 LIMIT 1 [ RunTime:0.089649s ]
[2022-12-14T14:26:40+08:00][sql] SHOW FULL COLUMNS FROM `wk_qrcode` [ RunTime:0.092039s ]
[2022-12-14T14:26:40+08:00][sql] SELECT q.id,q.code,q.company,q.province,q.city,q.district,q.remark,q.status,q.sub_status,q.valid,q.valid_time,q.err_msg,GROUP_CONCAT(t.name) tags,q.add_time FROM `wk_qrcode` `q` LEFT JOIN `wk_tag` `t` ON FIND_IN_SET(t.id,q.tags) WHERE  `q`.`provider_id` = '2' GROUP BY `q`.`id` LIMIT 6620,20 [ RunTime:0.157328s ]
[2022-12-14T14:26:40+08:00][sql] SHOW FULL COLUMNS FROM `wk_entrance` [ RunTime:0.091345s ]
[2022-12-14T14:26:40+08:00][sql] SELECT `e`.`id`,`e`.`avatar`,`e`.`name`,`e`.`members`,`e`.`qr`,`e`.`expire_date`,`e`.`joinable`,`e`.`reported`,`e`.`add_time` FROM `wk_entrance` `e` WHERE  `e`.`qrcode_id` = '29797'  AND `e`.`expire_date` >= NOW() [ RunTime:0.088899s ]
[2022-12-14T14:26:40+08:00][sql] SELECT `e`.`id`,`e`.`avatar`,`e`.`name`,`e`.`members`,`e`.`qr`,`e`.`expire_date`,`e`.`joinable`,`e`.`reported`,`e`.`add_time` FROM `wk_entrance` `e` WHERE  `e`.`qrcode_id` = '29798'  AND `e`.`expire_date` >= NOW() [ RunTime:0.088658s ]
[2022-12-14T14:26:40+08:00][sql] SELECT COUNT(*) AS think_count FROM `wk_qrcode` WHERE  `provider_id` = 2 LIMIT 1 [ RunTime:0.090639s ]
[2022-12-14T17:36:06+08:00][sql] CONNECT:[ UseTime:0.129690s ] mysql:host=88.218.194.8;port=3306;dbname=webQrcode;charset=utf8mb4
[2022-12-14T17:36:06+08:00][sql] SHOW FULL COLUMNS FROM `wk_provider` [ RunTime:0.091053s ]
[2022-12-14T17:36:06+08:00][sql] SELECT `id` FROM `wk_provider` WHERE  `id` = 2  AND `relogin` = 0 LIMIT 1 [ RunTime:0.087883s ]
[2022-12-14T17:36:06+08:00][sql] SHOW FULL COLUMNS FROM `wk_qrcode` [ RunTime:0.090906s ]
[2022-12-14T17:36:06+08:00][sql] SELECT q.id,q.code,q.company,q.province,q.city,q.district,q.remark,q.status,q.sub_status,q.valid,q.valid_time,q.err_msg,GROUP_CONCAT(t.name) tags,q.add_time FROM `wk_qrcode` `q` LEFT JOIN `wk_tag` `t` ON FIND_IN_SET(t.id,q.tags) WHERE  `q`.`provider_id` = '2' GROUP BY `q`.`id` LIMIT 6620,20 [ RunTime:0.155240s ]
[2022-12-14T17:36:06+08:00][sql] SHOW FULL COLUMNS FROM `wk_entrance` [ RunTime:0.090688s ]
[2022-12-14T17:36:06+08:00][sql] SELECT `e`.`id`,`e`.`avatar`,`e`.`name`,`e`.`members`,`e`.`qr`,`e`.`expire_date`,`e`.`joinable`,`e`.`reported`,`e`.`add_time` FROM `wk_entrance` `e` WHERE  `e`.`qrcode_id` = '29797'  AND `e`.`expire_date` >= NOW() [ RunTime:0.085721s ]
[2022-12-14T17:36:06+08:00][sql] SELECT `e`.`id`,`e`.`avatar`,`e`.`name`,`e`.`members`,`e`.`qr`,`e`.`expire_date`,`e`.`joinable`,`e`.`reported`,`e`.`add_time` FROM `wk_entrance` `e` WHERE  `e`.`qrcode_id` = '29798'  AND `e`.`expire_date` >= NOW() [ RunTime:0.089249s ]
[2022-12-14T17:36:06+08:00][sql] SELECT COUNT(*) AS think_count FROM `wk_qrcode` WHERE  `provider_id` = 2 LIMIT 1 [ RunTime:0.089802s ]
[2022-12-14T18:46:27+08:00][sql] CONNECT:[ UseTime:0.153842s ] mysql:host=88.218.194.8;port=3306;dbname=webQrcode;charset=utf8mb4
[2022-12-14T18:46:27+08:00][sql] SHOW FULL COLUMNS FROM `wk_provider` [ RunTime:0.109113s ]
[2022-12-14T18:46:27+08:00][sql] SELECT `id` FROM `wk_provider` WHERE  `id` = 2  AND `relogin` = 0 LIMIT 1 [ RunTime:0.107667s ]
[2022-12-14T18:46:27+08:00][sql] SHOW FULL COLUMNS FROM `wk_qrcode` [ RunTime:0.109508s ]
[2022-12-14T18:46:27+08:00][sql] SELECT q.id,q.code,q.company,q.province,q.city,q.district,q.remark,q.status,q.sub_status,q.valid,q.valid_time,q.err_msg,GROUP_CONCAT(t.name) tags,q.add_time FROM `wk_qrcode` `q` LEFT JOIN `wk_tag` `t` ON FIND_IN_SET(t.id,q.tags) WHERE  `q`.`provider_id` = '2' GROUP BY `q`.`id` LIMIT 6620,20 [ RunTime:0.166269s ]
[2022-12-14T18:46:27+08:00][sql] SHOW FULL COLUMNS FROM `wk_entrance` [ RunTime:0.105429s ]
[2022-12-14T18:46:27+08:00][sql] SELECT `e`.`id`,`e`.`avatar`,`e`.`name`,`e`.`members`,`e`.`qr`,`e`.`expire_date`,`e`.`joinable`,`e`.`reported`,`e`.`add_time` FROM `wk_entrance` `e` WHERE  `e`.`qrcode_id` = '29797'  AND `e`.`expire_date` >= NOW() [ RunTime:0.104676s ]
[2022-12-14T18:46:27+08:00][sql] SELECT `e`.`id`,`e`.`avatar`,`e`.`name`,`e`.`members`,`e`.`qr`,`e`.`expire_date`,`e`.`joinable`,`e`.`reported`,`e`.`add_time` FROM `wk_entrance` `e` WHERE  `e`.`qrcode_id` = '29798'  AND `e`.`expire_date` >= NOW() [ RunTime:0.103192s ]
[2022-12-14T18:46:27+08:00][sql] SELECT COUNT(*) AS think_count FROM `wk_qrcode` WHERE  `provider_id` = 2 LIMIT 1 [ RunTime:0.115308s ]
