[2022-12-15T13:25:32+08:00][sql] CONNECT:[ UseTime:0.135095s ] mysql:host=88.218.194.8;port=3306;dbname=webQrcode;charset=utf8mb4
[2022-12-15T13:25:32+08:00][sql] SHOW FULL COLUMNS FROM `wk_provider` [ RunTime:0.090489s ]
[2022-12-15T13:25:32+08:00][sql] SELECT `id` FROM `wk_provider` WHERE  `id` = 2  AND `relogin` = 0 LIMIT 1 [ RunTime:0.089110s ]
[2022-12-15T13:25:32+08:00][sql] SHOW FULL COLUMNS FROM `wk_qrcode` [ RunTime:0.090811s ]
[2022-12-15T13:25:32+08:00][sql] SELECT q.id,q.code,q.company,q.province,q.city,q.district,q.remark,q.status,q.sub_status,q.valid,q.valid_time,q.err_msg,GROUP_CONCAT(t.name) tags,q.add_time FROM `wk_qrcode` `q` LEFT JOIN `wk_tag` `t` ON FIND_IN_SET(t.id,q.tags) WHERE  `q`.`provider_id` = '2' GROUP BY `q`.`id` LIMIT 6620,20 [ RunTime:0.185461s ]
[2022-12-15T13:25:32+08:00][sql] SELECT COUNT(*) AS think_count FROM `wk_qrcode` WHERE  `provider_id` = 2 LIMIT 1 [ RunTime:0.090308s ]
[2022-12-15T13:25:35+08:00][sql] CONNECT:[ UseTime:0.158034s ] mysql:host=88.218.194.8;port=3306;dbname=webQrcode;charset=utf8mb4
[2022-12-15T13:25:35+08:00][sql] SHOW FULL COLUMNS FROM `wk_provider` [ RunTime:0.106939s ]
[2022-12-15T13:25:35+08:00][sql] SELECT `id` FROM `wk_provider` WHERE  `id` = 2  AND `relogin` = 0 LIMIT 1 [ RunTime:0.106247s ]
[2022-12-15T13:25:35+08:00][sql] SHOW FULL COLUMNS FROM `wk_qrcode` [ RunTime:0.106278s ]
[2022-12-15T13:25:35+08:00][sql] SELECT q.id,q.code,q.company,q.province,q.city,q.district,q.remark,q.status,q.sub_status,q.valid,q.valid_time,q.err_msg,GROUP_CONCAT(t.name) tags,q.add_time FROM `wk_qrcode` `q` LEFT JOIN `wk_tag` `t` ON FIND_IN_SET(t.id,q.tags) WHERE  `q`.`provider_id` = '2' GROUP BY `q`.`id` LIMIT 6580,20 [ RunTime:0.201771s ]
[2022-12-15T13:25:35+08:00][sql] SHOW FULL COLUMNS FROM `wk_entrance` [ RunTime:0.106092s ]
[2022-12-15T13:25:35+08:00][sql] SELECT `e`.`id`,`e`.`avatar`,`e`.`name`,`e`.`members`,`e`.`qr`,`e`.`expire_date`,`e`.`joinable`,`e`.`reported`,`e`.`add_time` FROM `wk_entrance` `e` WHERE  `e`.`qrcode_id` = '29798'  AND `e`.`expire_date` >= NOW() [ RunTime:0.102965s ]
[2022-12-15T13:25:35+08:00][sql] SELECT COUNT(*) AS think_count FROM `wk_qrcode` WHERE  `provider_id` = 2 LIMIT 1 [ RunTime:0.102744s ]
[2022-12-15T16:30:31+08:00][sql] CONNECT:[ UseTime:0.123826s ] mysql:host=88.218.194.8;port=3306;dbname=webQrcode;charset=utf8mb4
[2022-12-15T16:30:31+08:00][sql] SHOW FULL COLUMNS FROM `wk_provider` [ RunTime:0.087977s ]
[2022-12-15T16:30:31+08:00][sql] SELECT `id` FROM `wk_provider` WHERE  `id` = 2  AND `relogin` = 0 LIMIT 1 [ RunTime:0.084174s ]
[2022-12-15T16:30:31+08:00][sql] SHOW FULL COLUMNS FROM `wk_qrcode` [ RunTime:0.089115s ]
[2022-12-15T16:30:31+08:00][sql] SELECT q.id,q.code,q.company,q.province,q.city,q.district,q.remark,q.status,q.sub_status,q.valid,q.valid_time,q.err_msg,GROUP_CONCAT(t.name) tags,q.add_time FROM `wk_qrcode` `q` LEFT JOIN `wk_tag` `t` ON FIND_IN_SET(t.id,q.tags) WHERE  `q`.`provider_id` = '2' GROUP BY `q`.`id` LIMIT 6580,20 [ RunTime:0.179856s ]
[2022-12-15T16:30:31+08:00][sql] SHOW FULL COLUMNS FROM `wk_entrance` [ RunTime:0.092580s ]
[2022-12-15T16:30:31+08:00][sql] SELECT `e`.`id`,`e`.`avatar`,`e`.`name`,`e`.`members`,`e`.`qr`,`e`.`expire_date`,`e`.`joinable`,`e`.`reported`,`e`.`add_time` FROM `wk_entrance` `e` WHERE  `e`.`qrcode_id` = '29798'  AND `e`.`expire_date` >= NOW() [ RunTime:0.081920s ]
[2022-12-15T16:30:31+08:00][sql] SELECT COUNT(*) AS think_count FROM `wk_qrcode` WHERE  `provider_id` = 2 LIMIT 1 [ RunTime:0.087452s ]
[2022-12-15T16:30:34+08:00][sql] CONNECT:[ UseTime:0.490794s ] mysql:host=88.218.194.8;port=3306;dbname=webQrcode;charset=utf8mb4
[2022-12-15T16:30:34+08:00][sql] SHOW FULL COLUMNS FROM `wk_tag` [ RunTime:0.096220s ]
[2022-12-15T16:30:34+08:00][sql] SELECT `id`,`name` FROM `wk_tag` ORDER BY `id` [ RunTime:0.198768s ]
[2022-12-15T16:30:34+08:00][sql] CONNECT:[ UseTime:0.452458s ] mysql:host=88.218.194.8;port=3306;dbname=webQrcode;charset=utf8mb4
[2022-12-15T16:30:34+08:00][sql] SHOW FULL COLUMNS FROM `wk_provider` [ RunTime:0.117480s ]
[2022-12-15T16:30:34+08:00][sql] SELECT `id` FROM `wk_provider` WHERE  `id` = 2  AND `relogin` = 0 LIMIT 1 [ RunTime:0.117652s ]
[2022-12-15T16:30:34+08:00][sql] SELECT `id`,`username`,`score` FROM `wk_provider` WHERE  `id` = 2 LIMIT 1 [ RunTime:0.421337s ]
[2022-12-15T16:30:34+08:00][sql] SHOW FULL COLUMNS FROM `wk_setting` [ RunTime:0.091299s ]
[2022-12-15T16:30:34+08:00][sql] SELECT `int_val` FROM `wk_setting` WHERE  `key` = 'entrance_price' LIMIT 1 [ RunTime:0.139781s ]
[2022-12-15T16:30:34+08:00][sql] SELECT `int_val` FROM `wk_setting` WHERE  `key` = 'max_buy_times' LIMIT 1 [ RunTime:0.304974s ]
[2022-12-15T16:30:34+08:00][sql] SHOW FULL COLUMNS FROM `wk_qrcode` [ RunTime:0.088999s ]
[2022-12-15T16:30:34+08:00][sql] SELECT COUNT(*) AS think_count FROM `wk_qrcode` WHERE  `provider_id` = 2  AND `valid` = 1 LIMIT 1 [ RunTime:0.200173s ]
[2022-12-15T16:30:38+08:00][sql] CONNECT:[ UseTime:0.266074s ] mysql:host=88.218.194.8;port=3306;dbname=webQrcode;charset=utf8mb4
[2022-12-15T16:30:38+08:00][sql] SHOW FULL COLUMNS FROM `wk_provider` [ RunTime:0.217284s ]
[2022-12-15T16:30:38+08:00][sql] SELECT `id` FROM `wk_provider` WHERE  `id` = 2  AND `relogin` = 0 LIMIT 1 [ RunTime:0.105796s ]
[2022-12-15T16:30:38+08:00][sql] SHOW FULL COLUMNS FROM `wk_qrcode` [ RunTime:0.474751s ]
[2022-12-15T16:30:38+08:00][sql] SELECT q.id,q.code,q.company,q.province,q.city,q.district,q.remark,q.status,q.sub_status,q.valid,q.valid_time,q.err_msg,GROUP_CONCAT(t.name) tags,q.add_time FROM `wk_qrcode` `q` LEFT JOIN `wk_tag` `t` ON FIND_IN_SET(t.id,q.tags) WHERE  `q`.`provider_id` = '2' GROUP BY `q`.`id` LIMIT 0,20 [ RunTime:0.195322s ]
[2022-12-15T16:30:38+08:00][sql] SHOW FULL COLUMNS FROM `wk_entrance` [ RunTime:0.426239s ]
[2022-12-15T16:30:38+08:00][sql] SELECT `e`.`id`,`e`.`avatar`,`e`.`name`,`e`.`members`,`e`.`qr`,`e`.`expire_date`,`e`.`joinable`,`e`.`reported`,`e`.`add_time` FROM `wk_entrance` `e` WHERE  `e`.`qrcode_id` = '23177'  AND `e`.`expire_date` >= NOW() [ RunTime:0.479943s ]
[2022-12-15T16:30:38+08:00][sql] SELECT `e`.`id`,`e`.`avatar`,`e`.`name`,`e`.`members`,`e`.`qr`,`e`.`expire_date`,`e`.`joinable`,`e`.`reported`,`e`.`add_time` FROM `wk_entrance` `e` WHERE  `e`.`qrcode_id` = '23178'  AND `e`.`expire_date` >= NOW() [ RunTime:0.104693s ]
[2022-12-15T16:30:38+08:00][sql] SELECT `e`.`id`,`e`.`avatar`,`e`.`name`,`e`.`members`,`e`.`qr`,`e`.`expire_date`,`e`.`joinable`,`e`.`reported`,`e`.`add_time` FROM `wk_entrance` `e` WHERE  `e`.`qrcode_id` = '23179'  AND `e`.`expire_date` >= NOW() [ RunTime:0.465712s ]
[2022-12-15T16:30:38+08:00][sql] SELECT `e`.`id`,`e`.`avatar`,`e`.`name`,`e`.`members`,`e`.`qr`,`e`.`expire_date`,`e`.`joinable`,`e`.`reported`,`e`.`add_time` FROM `wk_entrance` `e` WHERE  `e`.`qrcode_id` = '23180'  AND `e`.`expire_date` >= NOW() [ RunTime:0.104474s ]
[2022-12-15T16:30:38+08:00][sql] SELECT `e`.`id`,`e`.`avatar`,`e`.`name`,`e`.`members`,`e`.`qr`,`e`.`expire_date`,`e`.`joinable`,`e`.`reported`,`e`.`add_time` FROM `wk_entrance` `e` WHERE  `e`.`qrcode_id` = '23181'  AND `e`.`expire_date` >= NOW() [ RunTime:0.465053s ]
[2022-12-15T16:30:38+08:00][sql] SELECT `e`.`id`,`e`.`avatar`,`e`.`name`,`e`.`members`,`e`.`qr`,`e`.`expire_date`,`e`.`joinable`,`e`.`reported`,`e`.`add_time` FROM `wk_entrance` `e` WHERE  `e`.`qrcode_id` = '23182'  AND `e`.`expire_date` >= NOW() [ RunTime:0.105155s ]
[2022-12-15T16:30:38+08:00][sql] SELECT `e`.`id`,`e`.`avatar`,`e`.`name`,`e`.`members`,`e`.`qr`,`e`.`expire_date`,`e`.`joinable`,`e`.`reported`,`e`.`add_time` FROM `wk_entrance` `e` WHERE  `e`.`qrcode_id` = '23183'  AND `e`.`expire_date` >= NOW() [ RunTime:0.466596s ]
[2022-12-15T16:30:38+08:00][sql] SELECT `e`.`id`,`e`.`avatar`,`e`.`name`,`e`.`members`,`e`.`qr`,`e`.`expire_date`,`e`.`joinable`,`e`.`reported`,`e`.`add_time` FROM `wk_entrance` `e` WHERE  `e`.`qrcode_id` = '23184'  AND `e`.`expire_date` >= NOW() [ RunTime:0.104744s ]
[2022-12-15T16:30:38+08:00][sql] SELECT `e`.`id`,`e`.`avatar`,`e`.`name`,`e`.`members`,`e`.`qr`,`e`.`expire_date`,`e`.`joinable`,`e`.`reported`,`e`.`add_time` FROM `wk_entrance` `e` WHERE  `e`.`qrcode_id` = '23185'  AND `e`.`expire_date` >= NOW() [ RunTime:0.105926s ]
[2022-12-15T16:30:38+08:00][sql] SELECT `e`.`id`,`e`.`avatar`,`e`.`name`,`e`.`members`,`e`.`qr`,`e`.`expire_date`,`e`.`joinable`,`e`.`reported`,`e`.`add_time` FROM `wk_entrance` `e` WHERE  `e`.`qrcode_id` = '23186'  AND `e`.`expire_date` >= NOW() [ RunTime:0.386393s ]
[2022-12-15T16:30:38+08:00][sql] SELECT `e`.`id`,`e`.`avatar`,`e`.`name`,`e`.`members`,`e`.`qr`,`e`.`expire_date`,`e`.`joinable`,`e`.`reported`,`e`.`add_time` FROM `wk_entrance` `e` WHERE  `e`.`qrcode_id` = '23187'  AND `e`.`expire_date` >= NOW() [ RunTime:0.105187s ]
[2022-12-15T16:30:38+08:00][sql] SELECT `e`.`id`,`e`.`avatar`,`e`.`name`,`e`.`members`,`e`.`qr`,`e`.`expire_date`,`e`.`joinable`,`e`.`reported`,`e`.`add_time` FROM `wk_entrance` `e` WHERE  `e`.`qrcode_id` = '23188'  AND `e`.`expire_date` >= NOW() [ RunTime:0.415589s ]
[2022-12-15T16:30:38+08:00][sql] SELECT `e`.`id`,`e`.`avatar`,`e`.`name`,`e`.`members`,`e`.`qr`,`e`.`expire_date`,`e`.`joinable`,`e`.`reported`,`e`.`add_time` FROM `wk_entrance` `e` WHERE  `e`.`qrcode_id` = '23189'  AND `e`.`expire_date` >= NOW() [ RunTime:0.105628s ]
[2022-12-15T16:30:38+08:00][sql] SELECT `e`.`id`,`e`.`avatar`,`e`.`name`,`e`.`members`,`e`.`qr`,`e`.`expire_date`,`e`.`joinable`,`e`.`reported`,`e`.`add_time` FROM `wk_entrance` `e` WHERE  `e`.`qrcode_id` = '23190'  AND `e`.`expire_date` >= NOW() [ RunTime:0.104548s ]
[2022-12-15T16:30:38+08:00][sql] SELECT `e`.`id`,`e`.`avatar`,`e`.`name`,`e`.`members`,`e`.`qr`,`e`.`expire_date`,`e`.`joinable`,`e`.`reported`,`e`.`add_time` FROM `wk_entrance` `e` WHERE  `e`.`qrcode_id` = '23191'  AND `e`.`expire_date` >= NOW() [ RunTime:0.105984s ]
[2022-12-15T16:30:38+08:00][sql] SELECT `e`.`id`,`e`.`avatar`,`e`.`name`,`e`.`members`,`e`.`qr`,`e`.`expire_date`,`e`.`joinable`,`e`.`reported`,`e`.`add_time` FROM `wk_entrance` `e` WHERE  `e`.`qrcode_id` = '23192'  AND `e`.`expire_date` >= NOW() [ RunTime:0.106729s ]
[2022-12-15T16:30:38+08:00][sql] SELECT `e`.`id`,`e`.`avatar`,`e`.`name`,`e`.`members`,`e`.`qr`,`e`.`expire_date`,`e`.`joinable`,`e`.`reported`,`e`.`add_time` FROM `wk_entrance` `e` WHERE  `e`.`qrcode_id` = '23193'  AND `e`.`expire_date` >= NOW() [ RunTime:0.104743s ]
[2022-12-15T16:30:38+08:00][sql] SELECT `e`.`id`,`e`.`avatar`,`e`.`name`,`e`.`members`,`e`.`qr`,`e`.`expire_date`,`e`.`joinable`,`e`.`reported`,`e`.`add_time` FROM `wk_entrance` `e` WHERE  `e`.`qrcode_id` = '23194'  AND `e`.`expire_date` >= NOW() [ RunTime:0.106408s ]
[2022-12-15T16:30:38+08:00][sql] SELECT `e`.`id`,`e`.`avatar`,`e`.`name`,`e`.`members`,`e`.`qr`,`e`.`expire_date`,`e`.`joinable`,`e`.`reported`,`e`.`add_time` FROM `wk_entrance` `e` WHERE  `e`.`qrcode_id` = '23195'  AND `e`.`expire_date` >= NOW() [ RunTime:0.105573s ]
[2022-12-15T16:30:38+08:00][sql] SELECT `e`.`id`,`e`.`avatar`,`e`.`name`,`e`.`members`,`e`.`qr`,`e`.`expire_date`,`e`.`joinable`,`e`.`reported`,`e`.`add_time` FROM `wk_entrance` `e` WHERE  `e`.`qrcode_id` = '23196'  AND `e`.`expire_date` >= NOW() [ RunTime:0.105896s ]
[2022-12-15T16:30:38+08:00][sql] SELECT COUNT(*) AS think_count FROM `wk_qrcode` WHERE  `provider_id` = 2 LIMIT 1 [ RunTime:0.109300s ]
[2022-12-15T16:33:52+08:00][sql] CONNECT:[ UseTime:0.146545s ] mysql:host=88.218.194.8;port=3306;dbname=webQrcode;charset=utf8mb4
[2022-12-15T16:33:52+08:00][sql] SHOW FULL COLUMNS FROM `wk_tag` [ RunTime:0.105078s ]
[2022-12-15T16:33:52+08:00][sql] SELECT `id`,`name` FROM `wk_tag` ORDER BY `id` [ RunTime:0.097913s ]
[2022-12-15T16:33:52+08:00][sql] CONNECT:[ UseTime:0.160405s ] mysql:host=88.218.194.8;port=3306;dbname=webQrcode;charset=utf8mb4
[2022-12-15T16:33:52+08:00][sql] SHOW FULL COLUMNS FROM `wk_provider` [ RunTime:0.111655s ]
[2022-12-15T16:33:52+08:00][sql] SELECT `id` FROM `wk_provider` WHERE  `id` = 2  AND `relogin` = 0 LIMIT 1 [ RunTime:0.111152s ]
[2022-12-15T16:33:52+08:00][sql] SELECT `id`,`username`,`score` FROM `wk_provider` WHERE  `id` = 2 LIMIT 1 [ RunTime:0.107237s ]
[2022-12-15T16:33:52+08:00][sql] SHOW FULL COLUMNS FROM `wk_setting` [ RunTime:0.110627s ]
[2022-12-15T16:33:52+08:00][sql] SELECT `int_val` FROM `wk_setting` WHERE  `key` = 'entrance_price' LIMIT 1 [ RunTime:0.106648s ]
[2022-12-15T16:33:52+08:00][sql] SELECT `int_val` FROM `wk_setting` WHERE  `key` = 'max_buy_times' LIMIT 1 [ RunTime:0.106148s ]
[2022-12-15T16:33:52+08:00][sql] SHOW FULL COLUMNS FROM `wk_qrcode` [ RunTime:0.109889s ]
[2022-12-15T16:33:52+08:00][sql] SELECT COUNT(*) AS think_count FROM `wk_qrcode` WHERE  `provider_id` = 2  AND `valid` = 1 LIMIT 1 [ RunTime:0.119225s ]
[2022-12-15T16:33:55+08:00][sql] CONNECT:[ UseTime:0.146188s ] mysql:host=88.218.194.8;port=3306;dbname=webQrcode;charset=utf8mb4
[2022-12-15T16:33:55+08:00][sql] SHOW FULL COLUMNS FROM `wk_provider` [ RunTime:0.105159s ]
[2022-12-15T16:33:55+08:00][sql] SELECT `id` FROM `wk_provider` WHERE  `id` = 2  AND `relogin` = 0 LIMIT 1 [ RunTime:0.097882s ]
[2022-12-15T16:33:55+08:00][sql] SHOW FULL COLUMNS FROM `wk_qrcode` [ RunTime:0.105942s ]
[2022-12-15T16:33:55+08:00][sql] SELECT q.id,q.code,q.company,q.province,q.city,q.district,q.remark,q.status,q.sub_status,q.valid,q.valid_time,q.err_msg,GROUP_CONCAT(t.name) tags,q.add_time FROM `wk_qrcode` `q` LEFT JOIN `wk_tag` `t` ON FIND_IN_SET(t.id,q.tags) WHERE  `q`.`provider_id` = '2' GROUP BY `q`.`id` LIMIT 0,20 [ RunTime:0.178397s ]
[2022-12-15T16:33:55+08:00][sql] SHOW FULL COLUMNS FROM `wk_entrance` [ RunTime:0.098881s ]
[2022-12-15T16:33:55+08:00][sql] SELECT `e`.`id`,`e`.`avatar`,`e`.`name`,`e`.`members`,`e`.`qr`,`e`.`expire_date`,`e`.`joinable`,`e`.`reported`,`e`.`add_time` FROM `wk_entrance` `e` WHERE  `e`.`qrcode_id` = '23177'  AND `e`.`expire_date` >= NOW() [ RunTime:0.095735s ]
[2022-12-15T16:33:55+08:00][sql] SELECT `e`.`id`,`e`.`avatar`,`e`.`name`,`e`.`members`,`e`.`qr`,`e`.`expire_date`,`e`.`joinable`,`e`.`reported`,`e`.`add_time` FROM `wk_entrance` `e` WHERE  `e`.`qrcode_id` = '23178'  AND `e`.`expire_date` >= NOW() [ RunTime:0.095369s ]
[2022-12-15T16:33:55+08:00][sql] SELECT `e`.`id`,`e`.`avatar`,`e`.`name`,`e`.`members`,`e`.`qr`,`e`.`expire_date`,`e`.`joinable`,`e`.`reported`,`e`.`add_time` FROM `wk_entrance` `e` WHERE  `e`.`qrcode_id` = '23179'  AND `e`.`expire_date` >= NOW() [ RunTime:0.095926s ]
[2022-12-15T16:33:55+08:00][sql] SELECT `e`.`id`,`e`.`avatar`,`e`.`name`,`e`.`members`,`e`.`qr`,`e`.`expire_date`,`e`.`joinable`,`e`.`reported`,`e`.`add_time` FROM `wk_entrance` `e` WHERE  `e`.`qrcode_id` = '23180'  AND `e`.`expire_date` >= NOW() [ RunTime:0.096059s ]
[2022-12-15T16:33:55+08:00][sql] SELECT `e`.`id`,`e`.`avatar`,`e`.`name`,`e`.`members`,`e`.`qr`,`e`.`expire_date`,`e`.`joinable`,`e`.`reported`,`e`.`add_time` FROM `wk_entrance` `e` WHERE  `e`.`qrcode_id` = '23181'  AND `e`.`expire_date` >= NOW() [ RunTime:0.095033s ]
[2022-12-15T16:33:55+08:00][sql] SELECT `e`.`id`,`e`.`avatar`,`e`.`name`,`e`.`members`,`e`.`qr`,`e`.`expire_date`,`e`.`joinable`,`e`.`reported`,`e`.`add_time` FROM `wk_entrance` `e` WHERE  `e`.`qrcode_id` = '23182'  AND `e`.`expire_date` >= NOW() [ RunTime:0.096683s ]
[2022-12-15T16:33:55+08:00][sql] SELECT `e`.`id`,`e`.`avatar`,`e`.`name`,`e`.`members`,`e`.`qr`,`e`.`expire_date`,`e`.`joinable`,`e`.`reported`,`e`.`add_time` FROM `wk_entrance` `e` WHERE  `e`.`qrcode_id` = '23183'  AND `e`.`expire_date` >= NOW() [ RunTime:0.094847s ]
[2022-12-15T16:33:55+08:00][sql] SELECT `e`.`id`,`e`.`avatar`,`e`.`name`,`e`.`members`,`e`.`qr`,`e`.`expire_date`,`e`.`joinable`,`e`.`reported`,`e`.`add_time` FROM `wk_entrance` `e` WHERE  `e`.`qrcode_id` = '23184'  AND `e`.`expire_date` >= NOW() [ RunTime:0.094661s ]
[2022-12-15T16:33:55+08:00][sql] SELECT `e`.`id`,`e`.`avatar`,`e`.`name`,`e`.`members`,`e`.`qr`,`e`.`expire_date`,`e`.`joinable`,`e`.`reported`,`e`.`add_time` FROM `wk_entrance` `e` WHERE  `e`.`qrcode_id` = '23185'  AND `e`.`expire_date` >= NOW() [ RunTime:0.096092s ]
[2022-12-15T16:33:55+08:00][sql] SELECT `e`.`id`,`e`.`avatar`,`e`.`name`,`e`.`members`,`e`.`qr`,`e`.`expire_date`,`e`.`joinable`,`e`.`reported`,`e`.`add_time` FROM `wk_entrance` `e` WHERE  `e`.`qrcode_id` = '23186'  AND `e`.`expire_date` >= NOW() [ RunTime:0.099416s ]
[2022-12-15T16:33:55+08:00][sql] SELECT `e`.`id`,`e`.`avatar`,`e`.`name`,`e`.`members`,`e`.`qr`,`e`.`expire_date`,`e`.`joinable`,`e`.`reported`,`e`.`add_time` FROM `wk_entrance` `e` WHERE  `e`.`qrcode_id` = '23187'  AND `e`.`expire_date` >= NOW() [ RunTime:0.095688s ]
[2022-12-15T16:33:55+08:00][sql] SELECT `e`.`id`,`e`.`avatar`,`e`.`name`,`e`.`members`,`e`.`qr`,`e`.`expire_date`,`e`.`joinable`,`e`.`reported`,`e`.`add_time` FROM `wk_entrance` `e` WHERE  `e`.`qrcode_id` = '23188'  AND `e`.`expire_date` >= NOW() [ RunTime:0.095791s ]
[2022-12-15T16:33:55+08:00][sql] SELECT `e`.`id`,`e`.`avatar`,`e`.`name`,`e`.`members`,`e`.`qr`,`e`.`expire_date`,`e`.`joinable`,`e`.`reported`,`e`.`add_time` FROM `wk_entrance` `e` WHERE  `e`.`qrcode_id` = '23189'  AND `e`.`expire_date` >= NOW() [ RunTime:0.094874s ]
[2022-12-15T16:33:55+08:00][sql] SELECT `e`.`id`,`e`.`avatar`,`e`.`name`,`e`.`members`,`e`.`qr`,`e`.`expire_date`,`e`.`joinable`,`e`.`reported`,`e`.`add_time` FROM `wk_entrance` `e` WHERE  `e`.`qrcode_id` = '23190'  AND `e`.`expire_date` >= NOW() [ RunTime:0.095285s ]
[2022-12-15T16:33:55+08:00][sql] SELECT `e`.`id`,`e`.`avatar`,`e`.`name`,`e`.`members`,`e`.`qr`,`e`.`expire_date`,`e`.`joinable`,`e`.`reported`,`e`.`add_time` FROM `wk_entrance` `e` WHERE  `e`.`qrcode_id` = '23191'  AND `e`.`expire_date` >= NOW() [ RunTime:0.094932s ]
[2022-12-15T16:33:55+08:00][sql] SELECT `e`.`id`,`e`.`avatar`,`e`.`name`,`e`.`members`,`e`.`qr`,`e`.`expire_date`,`e`.`joinable`,`e`.`reported`,`e`.`add_time` FROM `wk_entrance` `e` WHERE  `e`.`qrcode_id` = '23192'  AND `e`.`expire_date` >= NOW() [ RunTime:0.094831s ]
[2022-12-15T16:33:55+08:00][sql] SELECT `e`.`id`,`e`.`avatar`,`e`.`name`,`e`.`members`,`e`.`qr`,`e`.`expire_date`,`e`.`joinable`,`e`.`reported`,`e`.`add_time` FROM `wk_entrance` `e` WHERE  `e`.`qrcode_id` = '23193'  AND `e`.`expire_date` >= NOW() [ RunTime:0.094774s ]
[2022-12-15T16:33:55+08:00][sql] SELECT `e`.`id`,`e`.`avatar`,`e`.`name`,`e`.`members`,`e`.`qr`,`e`.`expire_date`,`e`.`joinable`,`e`.`reported`,`e`.`add_time` FROM `wk_entrance` `e` WHERE  `e`.`qrcode_id` = '23194'  AND `e`.`expire_date` >= NOW() [ RunTime:0.095066s ]
[2022-12-15T16:33:55+08:00][sql] SELECT `e`.`id`,`e`.`avatar`,`e`.`name`,`e`.`members`,`e`.`qr`,`e`.`expire_date`,`e`.`joinable`,`e`.`reported`,`e`.`add_time` FROM `wk_entrance` `e` WHERE  `e`.`qrcode_id` = '23195'  AND `e`.`expire_date` >= NOW() [ RunTime:0.095369s ]
[2022-12-15T16:33:55+08:00][sql] SELECT `e`.`id`,`e`.`avatar`,`e`.`name`,`e`.`members`,`e`.`qr`,`e`.`expire_date`,`e`.`joinable`,`e`.`reported`,`e`.`add_time` FROM `wk_entrance` `e` WHERE  `e`.`qrcode_id` = '23196'  AND `e`.`expire_date` >= NOW() [ RunTime:0.094910s ]
[2022-12-15T16:33:55+08:00][sql] SELECT COUNT(*) AS think_count FROM `wk_qrcode` WHERE  `provider_id` = 2 LIMIT 1 [ RunTime:0.098195s ]
[2022-12-15T16:35:33+08:00][sql] CONNECT:[ UseTime:0.149032s ] mysql:host=88.218.194.8;port=3306;dbname=webQrcode;charset=utf8mb4
[2022-12-15T16:35:33+08:00][sql] SHOW FULL COLUMNS FROM `wk_provider` [ RunTime:0.104205s ]
[2022-12-15T16:35:33+08:00][sql] SELECT `id` FROM `wk_provider` WHERE  `id` = 2  AND `relogin` = 0 LIMIT 1 [ RunTime:0.099789s ]
[2022-12-15T16:35:33+08:00][sql] SHOW FULL COLUMNS FROM `wk_qrcode` [ RunTime:0.103963s ]
[2022-12-15T16:35:33+08:00][sql] SELECT q.id,q.code,q.company,q.province,q.city,q.district,q.remark,q.status,q.sub_status,q.valid,q.valid_time,q.err_msg,GROUP_CONCAT(t.name) tags,q.add_time FROM `wk_qrcode` `q` LEFT JOIN `wk_tag` `t` ON FIND_IN_SET(t.id,q.tags) WHERE  `q`.`provider_id` = '2' GROUP BY `q`.`id` LIMIT 0,20 [ RunTime:0.176743s ]
[2022-12-15T16:35:33+08:00][sql] SHOW FULL COLUMNS FROM `wk_entrance` [ RunTime:0.105772s ]
[2022-12-15T16:35:33+08:00][sql] SELECT `e`.`id`,`e`.`avatar`,`e`.`name`,`e`.`members`,`e`.`qr`,`e`.`expire_date`,`e`.`joinable`,`e`.`reported`,`e`.`add_time` FROM `wk_entrance` `e` WHERE  `e`.`qrcode_id` = '23177'  AND `e`.`expire_date` >= NOW() [ RunTime:0.100246s ]
[2022-12-15T16:35:33+08:00][sql] SELECT `e`.`id`,`e`.`avatar`,`e`.`name`,`e`.`members`,`e`.`qr`,`e`.`expire_date`,`e`.`joinable`,`e`.`reported`,`e`.`add_time` FROM `wk_entrance` `e` WHERE  `e`.`qrcode_id` = '23178'  AND `e`.`expire_date` >= NOW() [ RunTime:0.098700s ]
[2022-12-15T16:35:33+08:00][sql] SELECT `e`.`id`,`e`.`avatar`,`e`.`name`,`e`.`members`,`e`.`qr`,`e`.`expire_date`,`e`.`joinable`,`e`.`reported`,`e`.`add_time` FROM `wk_entrance` `e` WHERE  `e`.`qrcode_id` = '23179'  AND `e`.`expire_date` >= NOW() [ RunTime:0.100126s ]
[2022-12-15T16:35:33+08:00][sql] SELECT `e`.`id`,`e`.`avatar`,`e`.`name`,`e`.`members`,`e`.`qr`,`e`.`expire_date`,`e`.`joinable`,`e`.`reported`,`e`.`add_time` FROM `wk_entrance` `e` WHERE  `e`.`qrcode_id` = '23180'  AND `e`.`expire_date` >= NOW() [ RunTime:0.098536s ]
[2022-12-15T16:35:33+08:00][sql] SELECT `e`.`id`,`e`.`avatar`,`e`.`name`,`e`.`members`,`e`.`qr`,`e`.`expire_date`,`e`.`joinable`,`e`.`reported`,`e`.`add_time` FROM `wk_entrance` `e` WHERE  `e`.`qrcode_id` = '23181'  AND `e`.`expire_date` >= NOW() [ RunTime:0.098908s ]
[2022-12-15T16:35:33+08:00][sql] SELECT `e`.`id`,`e`.`avatar`,`e`.`name`,`e`.`members`,`e`.`qr`,`e`.`expire_date`,`e`.`joinable`,`e`.`reported`,`e`.`add_time` FROM `wk_entrance` `e` WHERE  `e`.`qrcode_id` = '23182'  AND `e`.`expire_date` >= NOW() [ RunTime:0.098816s ]
[2022-12-15T16:35:33+08:00][sql] SELECT `e`.`id`,`e`.`avatar`,`e`.`name`,`e`.`members`,`e`.`qr`,`e`.`expire_date`,`e`.`joinable`,`e`.`reported`,`e`.`add_time` FROM `wk_entrance` `e` WHERE  `e`.`qrcode_id` = '23183'  AND `e`.`expire_date` >= NOW() [ RunTime:0.099066s ]
[2022-12-15T16:35:33+08:00][sql] SELECT `e`.`id`,`e`.`avatar`,`e`.`name`,`e`.`members`,`e`.`qr`,`e`.`expire_date`,`e`.`joinable`,`e`.`reported`,`e`.`add_time` FROM `wk_entrance` `e` WHERE  `e`.`qrcode_id` = '23184'  AND `e`.`expire_date` >= NOW() [ RunTime:0.101101s ]
[2022-12-15T16:35:33+08:00][sql] SELECT `e`.`id`,`e`.`avatar`,`e`.`name`,`e`.`members`,`e`.`qr`,`e`.`expire_date`,`e`.`joinable`,`e`.`reported`,`e`.`add_time` FROM `wk_entrance` `e` WHERE  `e`.`qrcode_id` = '23185'  AND `e`.`expire_date` >= NOW() [ RunTime:0.099178s ]
[2022-12-15T16:35:33+08:00][sql] SELECT `e`.`id`,`e`.`avatar`,`e`.`name`,`e`.`members`,`e`.`qr`,`e`.`expire_date`,`e`.`joinable`,`e`.`reported`,`e`.`add_time` FROM `wk_entrance` `e` WHERE  `e`.`qrcode_id` = '23186'  AND `e`.`expire_date` >= NOW() [ RunTime:0.099188s ]
[2022-12-15T16:35:33+08:00][sql] SELECT `e`.`id`,`e`.`avatar`,`e`.`name`,`e`.`members`,`e`.`qr`,`e`.`expire_date`,`e`.`joinable`,`e`.`reported`,`e`.`add_time` FROM `wk_entrance` `e` WHERE  `e`.`qrcode_id` = '23187'  AND `e`.`expire_date` >= NOW() [ RunTime:0.104164s ]
[2022-12-15T16:35:33+08:00][sql] SELECT `e`.`id`,`e`.`avatar`,`e`.`name`,`e`.`members`,`e`.`qr`,`e`.`expire_date`,`e`.`joinable`,`e`.`reported`,`e`.`add_time` FROM `wk_entrance` `e` WHERE  `e`.`qrcode_id` = '23188'  AND `e`.`expire_date` >= NOW() [ RunTime:0.099665s ]
[2022-12-15T16:35:33+08:00][sql] SELECT `e`.`id`,`e`.`avatar`,`e`.`name`,`e`.`members`,`e`.`qr`,`e`.`expire_date`,`e`.`joinable`,`e`.`reported`,`e`.`add_time` FROM `wk_entrance` `e` WHERE  `e`.`qrcode_id` = '23189'  AND `e`.`expire_date` >= NOW() [ RunTime:0.098420s ]
[2022-12-15T16:35:33+08:00][sql] SELECT `e`.`id`,`e`.`avatar`,`e`.`name`,`e`.`members`,`e`.`qr`,`e`.`expire_date`,`e`.`joinable`,`e`.`reported`,`e`.`add_time` FROM `wk_entrance` `e` WHERE  `e`.`qrcode_id` = '23190'  AND `e`.`expire_date` >= NOW() [ RunTime:0.099208s ]
[2022-12-15T16:35:33+08:00][sql] SELECT `e`.`id`,`e`.`avatar`,`e`.`name`,`e`.`members`,`e`.`qr`,`e`.`expire_date`,`e`.`joinable`,`e`.`reported`,`e`.`add_time` FROM `wk_entrance` `e` WHERE  `e`.`qrcode_id` = '23191'  AND `e`.`expire_date` >= NOW() [ RunTime:0.098597s ]
[2022-12-15T16:35:33+08:00][sql] SELECT `e`.`id`,`e`.`avatar`,`e`.`name`,`e`.`members`,`e`.`qr`,`e`.`expire_date`,`e`.`joinable`,`e`.`reported`,`e`.`add_time` FROM `wk_entrance` `e` WHERE  `e`.`qrcode_id` = '23192'  AND `e`.`expire_date` >= NOW() [ RunTime:0.100195s ]
[2022-12-15T16:35:33+08:00][sql] SELECT `e`.`id`,`e`.`avatar`,`e`.`name`,`e`.`members`,`e`.`qr`,`e`.`expire_date`,`e`.`joinable`,`e`.`reported`,`e`.`add_time` FROM `wk_entrance` `e` WHERE  `e`.`qrcode_id` = '23193'  AND `e`.`expire_date` >= NOW() [ RunTime:0.099360s ]
[2022-12-15T16:35:33+08:00][sql] SELECT `e`.`id`,`e`.`avatar`,`e`.`name`,`e`.`members`,`e`.`qr`,`e`.`expire_date`,`e`.`joinable`,`e`.`reported`,`e`.`add_time` FROM `wk_entrance` `e` WHERE  `e`.`qrcode_id` = '23194'  AND `e`.`expire_date` >= NOW() [ RunTime:0.097865s ]
[2022-12-15T16:35:33+08:00][sql] SELECT `e`.`id`,`e`.`avatar`,`e`.`name`,`e`.`members`,`e`.`qr`,`e`.`expire_date`,`e`.`joinable`,`e`.`reported`,`e`.`add_time` FROM `wk_entrance` `e` WHERE  `e`.`qrcode_id` = '23195'  AND `e`.`expire_date` >= NOW() [ RunTime:0.101971s ]
[2022-12-15T16:35:33+08:00][sql] SELECT `e`.`id`,`e`.`avatar`,`e`.`name`,`e`.`members`,`e`.`qr`,`e`.`expire_date`,`e`.`joinable`,`e`.`reported`,`e`.`add_time` FROM `wk_entrance` `e` WHERE  `e`.`qrcode_id` = '23196'  AND `e`.`expire_date` >= NOW() [ RunTime:0.099061s ]
[2022-12-15T16:35:33+08:00][sql] SELECT COUNT(*) AS think_count FROM `wk_qrcode` WHERE  `provider_id` = 2 LIMIT 1 [ RunTime:0.103611s ]
[2022-12-15T17:16:03+08:00][sql] CONNECT:[ UseTime:0.146153s ] mysql:host=88.218.194.8;port=3306;dbname=webQrcode;charset=utf8mb4
[2022-12-15T17:16:03+08:00][sql] SHOW FULL COLUMNS FROM `wk_provider` [ RunTime:0.098631s ]
[2022-12-15T17:16:03+08:00][sql] SELECT `id` FROM `wk_provider` WHERE  `id` = 2  AND `relogin` = 0 LIMIT 1 [ RunTime:0.093218s ]
[2022-12-15T17:16:03+08:00][sql] SHOW FULL COLUMNS FROM `wk_qrcode` [ RunTime:0.096653s ]
[2022-12-15T17:16:03+08:00][sql] SELECT q.id,q.code,q.company,q.province,q.city,q.district,q.remark,q.status,q.sub_status,q.valid,q.valid_time,q.err_msg,GROUP_CONCAT(t.name) tags,q.add_time FROM `wk_qrcode` `q` LEFT JOIN `wk_tag` `t` ON FIND_IN_SET(t.id,q.tags) WHERE  `q`.`provider_id` = '2' GROUP BY `q`.`id` LIMIT 0,20 [ RunTime:0.151845s ]
[2022-12-15T17:16:03+08:00][sql] SHOW FULL COLUMNS FROM `wk_entrance` [ RunTime:0.095421s ]
[2022-12-15T17:16:03+08:00][sql] SELECT `e`.`id`,`e`.`avatar`,`e`.`name`,`e`.`members`,`e`.`qr`,`e`.`expire_date`,`e`.`joinable`,`e`.`reported`,`e`.`add_time` FROM `wk_entrance` `e` WHERE  `e`.`qrcode_id` = '23177'  AND `e`.`expire_date` >= NOW() [ RunTime:0.092098s ]
[2022-12-15T17:16:03+08:00][sql] SELECT `e`.`id`,`e`.`avatar`,`e`.`name`,`e`.`members`,`e`.`qr`,`e`.`expire_date`,`e`.`joinable`,`e`.`reported`,`e`.`add_time` FROM `wk_entrance` `e` WHERE  `e`.`qrcode_id` = '23178'  AND `e`.`expire_date` >= NOW() [ RunTime:0.091759s ]
[2022-12-15T17:16:03+08:00][sql] SELECT `e`.`id`,`e`.`avatar`,`e`.`name`,`e`.`members`,`e`.`qr`,`e`.`expire_date`,`e`.`joinable`,`e`.`reported`,`e`.`add_time` FROM `wk_entrance` `e` WHERE  `e`.`qrcode_id` = '23179'  AND `e`.`expire_date` >= NOW() [ RunTime:0.100975s ]
[2022-12-15T17:16:03+08:00][sql] SELECT `e`.`id`,`e`.`avatar`,`e`.`name`,`e`.`members`,`e`.`qr`,`e`.`expire_date`,`e`.`joinable`,`e`.`reported`,`e`.`add_time` FROM `wk_entrance` `e` WHERE  `e`.`qrcode_id` = '23180'  AND `e`.`expire_date` >= NOW() [ RunTime:0.091432s ]
[2022-12-15T17:16:03+08:00][sql] SELECT `e`.`id`,`e`.`avatar`,`e`.`name`,`e`.`members`,`e`.`qr`,`e`.`expire_date`,`e`.`joinable`,`e`.`reported`,`e`.`add_time` FROM `wk_entrance` `e` WHERE  `e`.`qrcode_id` = '23181'  AND `e`.`expire_date` >= NOW() [ RunTime:0.090325s ]
[2022-12-15T17:16:03+08:00][sql] SELECT `e`.`id`,`e`.`avatar`,`e`.`name`,`e`.`members`,`e`.`qr`,`e`.`expire_date`,`e`.`joinable`,`e`.`reported`,`e`.`add_time` FROM `wk_entrance` `e` WHERE  `e`.`qrcode_id` = '23182'  AND `e`.`expire_date` >= NOW() [ RunTime:0.091206s ]
[2022-12-15T17:16:03+08:00][sql] SELECT `e`.`id`,`e`.`avatar`,`e`.`name`,`e`.`members`,`e`.`qr`,`e`.`expire_date`,`e`.`joinable`,`e`.`reported`,`e`.`add_time` FROM `wk_entrance` `e` WHERE  `e`.`qrcode_id` = '23183'  AND `e`.`expire_date` >= NOW() [ RunTime:0.090599s ]
[2022-12-15T17:16:03+08:00][sql] SELECT `e`.`id`,`e`.`avatar`,`e`.`name`,`e`.`members`,`e`.`qr`,`e`.`expire_date`,`e`.`joinable`,`e`.`reported`,`e`.`add_time` FROM `wk_entrance` `e` WHERE  `e`.`qrcode_id` = '23184'  AND `e`.`expire_date` >= NOW() [ RunTime:0.090868s ]
[2022-12-15T17:16:03+08:00][sql] SELECT `e`.`id`,`e`.`avatar`,`e`.`name`,`e`.`members`,`e`.`qr`,`e`.`expire_date`,`e`.`joinable`,`e`.`reported`,`e`.`add_time` FROM `wk_entrance` `e` WHERE  `e`.`qrcode_id` = '23185'  AND `e`.`expire_date` >= NOW() [ RunTime:0.090954s ]
[2022-12-15T17:16:03+08:00][sql] SELECT `e`.`id`,`e`.`avatar`,`e`.`name`,`e`.`members`,`e`.`qr`,`e`.`expire_date`,`e`.`joinable`,`e`.`reported`,`e`.`add_time` FROM `wk_entrance` `e` WHERE  `e`.`qrcode_id` = '23186'  AND `e`.`expire_date` >= NOW() [ RunTime:0.091625s ]
[2022-12-15T17:16:03+08:00][sql] SELECT `e`.`id`,`e`.`avatar`,`e`.`name`,`e`.`members`,`e`.`qr`,`e`.`expire_date`,`e`.`joinable`,`e`.`reported`,`e`.`add_time` FROM `wk_entrance` `e` WHERE  `e`.`qrcode_id` = '23187'  AND `e`.`expire_date` >= NOW() [ RunTime:0.092448s ]
[2022-12-15T17:16:03+08:00][sql] SELECT `e`.`id`,`e`.`avatar`,`e`.`name`,`e`.`members`,`e`.`qr`,`e`.`expire_date`,`e`.`joinable`,`e`.`reported`,`e`.`add_time` FROM `wk_entrance` `e` WHERE  `e`.`qrcode_id` = '23188'  AND `e`.`expire_date` >= NOW() [ RunTime:0.091267s ]
[2022-12-15T17:16:03+08:00][sql] SELECT `e`.`id`,`e`.`avatar`,`e`.`name`,`e`.`members`,`e`.`qr`,`e`.`expire_date`,`e`.`joinable`,`e`.`reported`,`e`.`add_time` FROM `wk_entrance` `e` WHERE  `e`.`qrcode_id` = '23189'  AND `e`.`expire_date` >= NOW() [ RunTime:0.091794s ]
[2022-12-15T17:16:03+08:00][sql] SELECT `e`.`id`,`e`.`avatar`,`e`.`name`,`e`.`members`,`e`.`qr`,`e`.`expire_date`,`e`.`joinable`,`e`.`reported`,`e`.`add_time` FROM `wk_entrance` `e` WHERE  `e`.`qrcode_id` = '23190'  AND `e`.`expire_date` >= NOW() [ RunTime:0.092318s ]
[2022-12-15T17:16:03+08:00][sql] SELECT `e`.`id`,`e`.`avatar`,`e`.`name`,`e`.`members`,`e`.`qr`,`e`.`expire_date`,`e`.`joinable`,`e`.`reported`,`e`.`add_time` FROM `wk_entrance` `e` WHERE  `e`.`qrcode_id` = '23191'  AND `e`.`expire_date` >= NOW() [ RunTime:0.091178s ]
[2022-12-15T17:16:03+08:00][sql] SELECT `e`.`id`,`e`.`avatar`,`e`.`name`,`e`.`members`,`e`.`qr`,`e`.`expire_date`,`e`.`joinable`,`e`.`reported`,`e`.`add_time` FROM `wk_entrance` `e` WHERE  `e`.`qrcode_id` = '23192'  AND `e`.`expire_date` >= NOW() [ RunTime:0.091933s ]
[2022-12-15T17:16:03+08:00][sql] SELECT `e`.`id`,`e`.`avatar`,`e`.`name`,`e`.`members`,`e`.`qr`,`e`.`expire_date`,`e`.`joinable`,`e`.`reported`,`e`.`add_time` FROM `wk_entrance` `e` WHERE  `e`.`qrcode_id` = '23193'  AND `e`.`expire_date` >= NOW() [ RunTime:0.094335s ]
[2022-12-15T17:16:03+08:00][sql] SELECT `e`.`id`,`e`.`avatar`,`e`.`name`,`e`.`members`,`e`.`qr`,`e`.`expire_date`,`e`.`joinable`,`e`.`reported`,`e`.`add_time` FROM `wk_entrance` `e` WHERE  `e`.`qrcode_id` = '23194'  AND `e`.`expire_date` >= NOW() [ RunTime:0.090793s ]
[2022-12-15T17:16:03+08:00][sql] SELECT `e`.`id`,`e`.`avatar`,`e`.`name`,`e`.`members`,`e`.`qr`,`e`.`expire_date`,`e`.`joinable`,`e`.`reported`,`e`.`add_time` FROM `wk_entrance` `e` WHERE  `e`.`qrcode_id` = '23195'  AND `e`.`expire_date` >= NOW() [ RunTime:0.093856s ]
[2022-12-15T17:16:03+08:00][sql] SELECT `e`.`id`,`e`.`avatar`,`e`.`name`,`e`.`members`,`e`.`qr`,`e`.`expire_date`,`e`.`joinable`,`e`.`reported`,`e`.`add_time` FROM `wk_entrance` `e` WHERE  `e`.`qrcode_id` = '23196'  AND `e`.`expire_date` >= NOW() [ RunTime:0.094994s ]
[2022-12-15T17:16:03+08:00][sql] SELECT COUNT(*) AS think_count FROM `wk_qrcode` WHERE  `provider_id` = 2 LIMIT 1 [ RunTime:0.095745s ]
[2022-12-15T17:57:45+08:00][sql] CONNECT:[ UseTime:0.129920s ] mysql:host=88.218.194.8;port=3306;dbname=webQrcode;charset=utf8mb4
[2022-12-15T17:57:45+08:00][sql] SHOW FULL COLUMNS FROM `wk_provider` [ RunTime:0.091557s ]
[2022-12-15T17:57:45+08:00][sql] SELECT `id` FROM `wk_provider` WHERE  `id` = 2  AND `relogin` = 0 LIMIT 1 [ RunTime:0.086696s ]
[2022-12-15T17:57:45+08:00][sql] SHOW FULL COLUMNS FROM `wk_qrcode` [ RunTime:0.089939s ]
[2022-12-15T17:57:45+08:00][sql] SELECT q.id,q.code,q.company,q.province,q.city,q.district,q.remark,q.status,q.sub_status,q.valid,q.valid_time,q.err_msg,GROUP_CONCAT(t.name) tags,q.add_time FROM `wk_qrcode` `q` LEFT JOIN `wk_tag` `t` ON FIND_IN_SET(t.id,q.tags) WHERE  `q`.`provider_id` = '2' GROUP BY `q`.`id` LIMIT 0,20 [ RunTime:0.158073s ]
[2022-12-15T17:57:45+08:00][sql] SHOW FULL COLUMNS FROM `wk_entrance` [ RunTime:0.096651s ]
[2022-12-15T17:57:45+08:00][sql] SELECT `e`.`id`,`e`.`avatar`,`e`.`name`,`e`.`members`,`e`.`qr`,`e`.`expire_date`,`e`.`joinable`,`e`.`reported`,`e`.`add_time` FROM `wk_entrance` `e` WHERE  `e`.`qrcode_id` = '23177'  AND `e`.`expire_date` >= NOW() [ RunTime:0.086258s ]
[2022-12-15T17:57:45+08:00][sql] SELECT `e`.`id`,`e`.`avatar`,`e`.`name`,`e`.`members`,`e`.`qr`,`e`.`expire_date`,`e`.`joinable`,`e`.`reported`,`e`.`add_time` FROM `wk_entrance` `e` WHERE  `e`.`qrcode_id` = '23178'  AND `e`.`expire_date` >= NOW() [ RunTime:0.087511s ]
[2022-12-15T17:57:45+08:00][sql] SELECT `e`.`id`,`e`.`avatar`,`e`.`name`,`e`.`members`,`e`.`qr`,`e`.`expire_date`,`e`.`joinable`,`e`.`reported`,`e`.`add_time` FROM `wk_entrance` `e` WHERE  `e`.`qrcode_id` = '23179'  AND `e`.`expire_date` >= NOW() [ RunTime:0.089696s ]
[2022-12-15T17:57:45+08:00][sql] SELECT `e`.`id`,`e`.`avatar`,`e`.`name`,`e`.`members`,`e`.`qr`,`e`.`expire_date`,`e`.`joinable`,`e`.`reported`,`e`.`add_time` FROM `wk_entrance` `e` WHERE  `e`.`qrcode_id` = '23180'  AND `e`.`expire_date` >= NOW() [ RunTime:0.089662s ]
[2022-12-15T17:57:45+08:00][sql] SELECT `e`.`id`,`e`.`avatar`,`e`.`name`,`e`.`members`,`e`.`qr`,`e`.`expire_date`,`e`.`joinable`,`e`.`reported`,`e`.`add_time` FROM `wk_entrance` `e` WHERE  `e`.`qrcode_id` = '23181'  AND `e`.`expire_date` >= NOW() [ RunTime:0.088271s ]
[2022-12-15T17:57:45+08:00][sql] SELECT `e`.`id`,`e`.`avatar`,`e`.`name`,`e`.`members`,`e`.`qr`,`e`.`expire_date`,`e`.`joinable`,`e`.`reported`,`e`.`add_time` FROM `wk_entrance` `e` WHERE  `e`.`qrcode_id` = '23182'  AND `e`.`expire_date` >= NOW() [ RunTime:0.087631s ]
[2022-12-15T17:57:45+08:00][sql] SELECT `e`.`id`,`e`.`avatar`,`e`.`name`,`e`.`members`,`e`.`qr`,`e`.`expire_date`,`e`.`joinable`,`e`.`reported`,`e`.`add_time` FROM `wk_entrance` `e` WHERE  `e`.`qrcode_id` = '23183'  AND `e`.`expire_date` >= NOW() [ RunTime:0.088508s ]
[2022-12-15T17:57:45+08:00][sql] SELECT `e`.`id`,`e`.`avatar`,`e`.`name`,`e`.`members`,`e`.`qr`,`e`.`expire_date`,`e`.`joinable`,`e`.`reported`,`e`.`add_time` FROM `wk_entrance` `e` WHERE  `e`.`qrcode_id` = '23184'  AND `e`.`expire_date` >= NOW() [ RunTime:0.087071s ]
[2022-12-15T17:57:45+08:00][sql] SELECT `e`.`id`,`e`.`avatar`,`e`.`name`,`e`.`members`,`e`.`qr`,`e`.`expire_date`,`e`.`joinable`,`e`.`reported`,`e`.`add_time` FROM `wk_entrance` `e` WHERE  `e`.`qrcode_id` = '23185'  AND `e`.`expire_date` >= NOW() [ RunTime:0.088084s ]
[2022-12-15T17:57:45+08:00][sql] SELECT `e`.`id`,`e`.`avatar`,`e`.`name`,`e`.`members`,`e`.`qr`,`e`.`expire_date`,`e`.`joinable`,`e`.`reported`,`e`.`add_time` FROM `wk_entrance` `e` WHERE  `e`.`qrcode_id` = '23186'  AND `e`.`expire_date` >= NOW() [ RunTime:0.094674s ]
[2022-12-15T17:57:45+08:00][sql] SELECT `e`.`id`,`e`.`avatar`,`e`.`name`,`e`.`members`,`e`.`qr`,`e`.`expire_date`,`e`.`joinable`,`e`.`reported`,`e`.`add_time` FROM `wk_entrance` `e` WHERE  `e`.`qrcode_id` = '23187'  AND `e`.`expire_date` >= NOW() [ RunTime:0.087971s ]
[2022-12-15T17:57:45+08:00][sql] SELECT `e`.`id`,`e`.`avatar`,`e`.`name`,`e`.`members`,`e`.`qr`,`e`.`expire_date`,`e`.`joinable`,`e`.`reported`,`e`.`add_time` FROM `wk_entrance` `e` WHERE  `e`.`qrcode_id` = '23188'  AND `e`.`expire_date` >= NOW() [ RunTime:0.088591s ]
[2022-12-15T17:57:45+08:00][sql] SELECT `e`.`id`,`e`.`avatar`,`e`.`name`,`e`.`members`,`e`.`qr`,`e`.`expire_date`,`e`.`joinable`,`e`.`reported`,`e`.`add_time` FROM `wk_entrance` `e` WHERE  `e`.`qrcode_id` = '23189'  AND `e`.`expire_date` >= NOW() [ RunTime:0.086351s ]
[2022-12-15T17:57:45+08:00][sql] SELECT `e`.`id`,`e`.`avatar`,`e`.`name`,`e`.`members`,`e`.`qr`,`e`.`expire_date`,`e`.`joinable`,`e`.`reported`,`e`.`add_time` FROM `wk_entrance` `e` WHERE  `e`.`qrcode_id` = '23190'  AND `e`.`expire_date` >= NOW() [ RunTime:0.088579s ]
[2022-12-15T17:57:45+08:00][sql] SELECT `e`.`id`,`e`.`avatar`,`e`.`name`,`e`.`members`,`e`.`qr`,`e`.`expire_date`,`e`.`joinable`,`e`.`reported`,`e`.`add_time` FROM `wk_entrance` `e` WHERE  `e`.`qrcode_id` = '23191'  AND `e`.`expire_date` >= NOW() [ RunTime:0.093726s ]
[2022-12-15T17:57:45+08:00][sql] SELECT `e`.`id`,`e`.`avatar`,`e`.`name`,`e`.`members`,`e`.`qr`,`e`.`expire_date`,`e`.`joinable`,`e`.`reported`,`e`.`add_time` FROM `wk_entrance` `e` WHERE  `e`.`qrcode_id` = '23192'  AND `e`.`expire_date` >= NOW() [ RunTime:0.089106s ]
[2022-12-15T17:57:45+08:00][sql] SELECT `e`.`id`,`e`.`avatar`,`e`.`name`,`e`.`members`,`e`.`qr`,`e`.`expire_date`,`e`.`joinable`,`e`.`reported`,`e`.`add_time` FROM `wk_entrance` `e` WHERE  `e`.`qrcode_id` = '23193'  AND `e`.`expire_date` >= NOW() [ RunTime:0.094612s ]
[2022-12-15T17:57:45+08:00][sql] SELECT `e`.`id`,`e`.`avatar`,`e`.`name`,`e`.`members`,`e`.`qr`,`e`.`expire_date`,`e`.`joinable`,`e`.`reported`,`e`.`add_time` FROM `wk_entrance` `e` WHERE  `e`.`qrcode_id` = '23194'  AND `e`.`expire_date` >= NOW() [ RunTime:0.089927s ]
[2022-12-15T17:57:45+08:00][sql] SELECT `e`.`id`,`e`.`avatar`,`e`.`name`,`e`.`members`,`e`.`qr`,`e`.`expire_date`,`e`.`joinable`,`e`.`reported`,`e`.`add_time` FROM `wk_entrance` `e` WHERE  `e`.`qrcode_id` = '23195'  AND `e`.`expire_date` >= NOW() [ RunTime:0.089970s ]
[2022-12-15T17:57:45+08:00][sql] SELECT `e`.`id`,`e`.`avatar`,`e`.`name`,`e`.`members`,`e`.`qr`,`e`.`expire_date`,`e`.`joinable`,`e`.`reported`,`e`.`add_time` FROM `wk_entrance` `e` WHERE  `e`.`qrcode_id` = '23196'  AND `e`.`expire_date` >= NOW() [ RunTime:0.087756s ]
[2022-12-15T17:57:45+08:00][sql] SELECT COUNT(*) AS think_count FROM `wk_qrcode` WHERE  `provider_id` = 2 LIMIT 1 [ RunTime:0.089495s ]
