[2022-12-16T01:55:38+08:00][sql] CONNECT:[ UseTime:0.139757s ] mysql:host=88.218.194.8;port=3306;dbname=webQrcode;charset=utf8mb4
[2022-12-16T01:55:38+08:00][sql] SHOW FULL COLUMNS FROM `wk_setting` [ RunTime:0.099129s ]
[2022-12-16T01:55:38+08:00][sql] SELECT `key` FROM `wk_setting` WHERE  `key` = 'api_key'  AND `str_val` = 'MTIzcXdlIUAj' LIMIT 1 [ RunTime:0.096649s ]
[2022-12-16T01:55:38+08:00][sql] SHOW FULL COLUMNS FROM `wk_entrance` [ RunTime:0.095802s ]
[2022-12-16T01:55:38+08:00][sql] SELECT COUNT(*) AS think_count FROM `wk_entrance` WHERE  `members` BETWEEN 60 AND 195   AND `joinable` = 1  AND `status` = 1  AND `expire_date` >= NOW() LIMIT 1 [ RunTime:0.143973s ]
[2022-12-16T01:56:17+08:00][sql] CONNECT:[ UseTime:0.147470s ] mysql:host=88.218.194.8;port=3306;dbname=webQrcode;charset=utf8mb4
[2022-12-16T01:56:17+08:00][sql] SHOW FULL COLUMNS FROM `wk_setting` [ RunTime:0.100827s ]
[2022-12-16T01:56:17+08:00][sql] SELECT `key` FROM `wk_setting` WHERE  `key` = 'api_key'  AND `str_val` = 'MTIzcXdlIUAj' LIMIT 1 [ RunTime:0.097142s ]
[2022-12-16T01:56:17+08:00][sql] SHOW FULL COLUMNS FROM `wk_entrance` [ RunTime:0.108989s ]
[2022-12-16T01:56:17+08:00][sql] SELECT COUNT(*) AS think_count FROM `wk_entrance` WHERE  `members` BETWEEN 30 AND 199   AND `joinable` = 1  AND `status` = 1  AND `expire_date` >= NOW() LIMIT 1 [ RunTime:0.127988s ]
[2022-12-16T17:50:42+08:00][sql] CONNECT:[ UseTime:0.142927s ] mysql:host=88.218.194.8;port=3306;dbname=webQrcode;charset=utf8mb4
[2022-12-16T17:50:42+08:00][sql] SHOW FULL COLUMNS FROM `wk_setting` [ RunTime:0.099923s ]
[2022-12-16T17:50:42+08:00][sql] SELECT `key` FROM `wk_setting` WHERE  `key` = 'api_key'  AND `str_val` = 'MTIzcXdlIUAj' LIMIT 1 [ RunTime:0.096527s ]
[2022-12-16T17:50:42+08:00][sql] SHOW FULL COLUMNS FROM `wk_entrance` [ RunTime:0.101892s ]
[2022-12-16T17:50:42+08:00][sql] DELETE FROM `wk_entrance` WHERE  `expire_date` < NOW() [ RunTime:1.502927s ]
[2022-12-16T18:01:14+08:00][sql] CONNECT:[ UseTime:0.130079s ] mysql:host=88.218.194.8;port=3306;dbname=webQrcode;charset=utf8mb4
[2022-12-16T18:01:14+08:00][sql] SHOW FULL COLUMNS FROM `wk_setting` [ RunTime:0.085835s ]
[2022-12-16T18:01:14+08:00][sql] SELECT `key` FROM `wk_setting` WHERE  `key` = 'api_key'  AND `str_val` = 'MTIzcXdlIUAj' LIMIT 1 [ RunTime:0.082180s ]
[2022-12-16T18:01:14+08:00][sql] SHOW FULL COLUMNS FROM `wk_entrance` [ RunTime:0.089048s ]
[2022-12-16T18:01:14+08:00][sql] SELECT COUNT(*) AS think_count FROM `wk_entrance` WHERE  `expire_date` >= NOW() LIMIT 1 [ RunTime:0.111083s ]
[2022-12-16T18:02:03+08:00][sql] CONNECT:[ UseTime:0.151850s ] mysql:host=88.218.194.8;port=3306;dbname=webQrcode;charset=utf8mb4
[2022-12-16T18:02:03+08:00][sql] SHOW FULL COLUMNS FROM `wk_setting` [ RunTime:0.106377s ]
[2022-12-16T18:02:03+08:00][sql] SELECT `key` FROM `wk_setting` WHERE  `key` = 'api_key'  AND `str_val` = 'MTIzcXdlIUAj' LIMIT 1 [ RunTime:0.103707s ]
[2022-12-16T18:02:03+08:00][sql] SHOW FULL COLUMNS FROM `wk_entrance` [ RunTime:0.107431s ]
[2022-12-16T18:02:03+08:00][sql] DELETE FROM `wk_entrance` WHERE  `expire_date` < NOW() [ RunTime:0.270406s ]
[2022-12-16T18:02:03+08:00][sql] SELECT COUNT(*) AS think_count FROM `wk_entrance` WHERE  `expire_date` >= NOW() LIMIT 1 [ RunTime:0.132000s ]
[2022-12-16T18:03:32+08:00][sql] CONNECT:[ UseTime:0.133104s ] mysql:host=88.218.194.8;port=3306;dbname=webQrcode;charset=utf8mb4
[2022-12-16T18:03:32+08:00][sql] SHOW FULL COLUMNS FROM `wk_setting` [ RunTime:0.093043s ]
[2022-12-16T18:03:32+08:00][sql] SELECT `key` FROM `wk_setting` WHERE  `key` = 'api_key'  AND `str_val` = 'MTIzcXdlIUAj' LIMIT 1 [ RunTime:0.088886s ]
[2022-12-16T18:03:32+08:00][sql] SHOW FULL COLUMNS FROM `wk_entrance` [ RunTime:0.091975s ]
[2022-12-16T18:03:32+08:00][sql] UPDATE `wk_entrance`  SET `im2` = ''  WHERE  1 [ RunTime:1.089085s ]
[2022-12-16T19:50:23+08:00][sql] CONNECT:[ UseTime:0.129358s ] mysql:host=88.218.194.8;port=3306;dbname=webQrcode;charset=utf8mb4
[2022-12-16T19:50:23+08:00][sql] SHOW FULL COLUMNS FROM `wk_setting` [ RunTime:0.092946s ]
[2022-12-16T19:50:23+08:00][sql] SELECT `key` FROM `wk_setting` WHERE  `key` = 'api_key'  AND `str_val` = 'MTIzcXdlIUAj' LIMIT 1 [ RunTime:0.087131s ]
[2022-12-16T19:50:23+08:00][sql] SHOW FULL COLUMNS FROM `wk_record` [ RunTime:0.093303s ]
[2022-12-16T19:50:23+08:00][sql] SELECT COUNT(*) AS think_count FROM `wk_record` WHERE  `uin` = '1688850354102496'  AND `add_time` BETWEEN '2022-12-16 00:00:00' AND '2022-12-16 23:59:59' LIMIT 1 [ RunTime:0.418522s ]
[2022-12-16T19:50:26+08:00][sql] CONNECT:[ UseTime:0.133827s ] mysql:host=88.218.194.8;port=3306;dbname=webQrcode;charset=utf8mb4
[2022-12-16T19:50:26+08:00][sql] SHOW FULL COLUMNS FROM `wk_setting` [ RunTime:0.094604s ]
[2022-12-16T19:50:26+08:00][sql] SELECT `key` FROM `wk_setting` WHERE  `key` = 'api_key'  AND `str_val` = 'MTIzcXdlIUAj' LIMIT 1 [ RunTime:0.091195s ]
[2022-12-16T19:50:26+08:00][sql] SHOW FULL COLUMNS FROM `wk_record` [ RunTime:0.094178s ]
[2022-12-16T19:50:26+08:00][sql] SELECT COUNT(*) AS think_count FROM `wk_record` WHERE  `status` = 1  AND `uin` = '1688850354102496'  AND `add_time` BETWEEN '2022-12-16 00:00:00' AND '2022-12-16 23:59:59' LIMIT 1 [ RunTime:0.405561s ]
[2022-12-16T19:52:13+08:00][sql] CONNECT:[ UseTime:0.140079s ] mysql:host=88.218.194.8;port=3306;dbname=webQrcode;charset=utf8mb4
[2022-12-16T19:52:13+08:00][sql] SHOW FULL COLUMNS FROM `wk_setting` [ RunTime:0.097634s ]
[2022-12-16T19:52:13+08:00][sql] SELECT `key` FROM `wk_setting` WHERE  `key` = 'api_key'  AND `str_val` = 'MTIzcXdlIUAj' LIMIT 1 [ RunTime:0.091422s ]
[2022-12-16T19:52:13+08:00][sql] SHOW FULL COLUMNS FROM `wk_record` [ RunTime:0.094412s ]
[2022-12-16T19:52:13+08:00][sql] SELECT COUNT(*) AS think_count FROM `wk_record` WHERE  `uin` = '1688850354102496'  AND `add_time` BETWEEN '2022-12-16 00:00:00' AND '2022-12-16 23:59:59' LIMIT 1 [ RunTime:0.090330s ]
[2022-12-16T19:52:14+08:00][sql] CONNECT:[ UseTime:0.145117s ] mysql:host=88.218.194.8;port=3306;dbname=webQrcode;charset=utf8mb4
[2022-12-16T19:52:14+08:00][sql] SHOW FULL COLUMNS FROM `wk_setting` [ RunTime:0.101654s ]
[2022-12-16T19:52:14+08:00][sql] SELECT `key` FROM `wk_setting` WHERE  `key` = 'api_key'  AND `str_val` = 'MTIzcXdlIUAj' LIMIT 1 [ RunTime:0.097741s ]
[2022-12-16T19:52:14+08:00][sql] SHOW FULL COLUMNS FROM `wk_record` [ RunTime:0.103683s ]
[2022-12-16T19:52:14+08:00][sql] SELECT COUNT(*) AS think_count FROM `wk_record` WHERE  `status` = 1  AND `uin` = '1688850354102496'  AND `add_time` BETWEEN '2022-12-16 00:00:00' AND '2022-12-16 23:59:59' LIMIT 1 [ RunTime:0.097142s ]
[2022-12-16T19:58:00+08:00][sql] CONNECT:[ UseTime:0.140809s ] mysql:host=88.218.194.8;port=3306;dbname=webQrcode;charset=utf8mb4
[2022-12-16T19:58:00+08:00][sql] SHOW FULL COLUMNS FROM `wk_setting` [ RunTime:0.099721s ]
[2022-12-16T19:58:00+08:00][sql] SELECT `key` FROM `wk_setting` WHERE  `key` = 'api_key'  AND `str_val` = 'MTIzcXdlIUAj' LIMIT 1 [ RunTime:0.094951s ]
[2022-12-16T19:58:00+08:00][sql] SHOW FULL COLUMNS FROM `wk_record` [ RunTime:0.105335s ]
[2022-12-16T19:58:00+08:00][sql] SELECT COUNT(*) AS think_count FROM `wk_record` WHERE  `uin` = '1688850354102496'  AND `add_time` BETWEEN '2022-12-16 00:00:00' AND '2022-12-16 23:59:59' LIMIT 1 [ RunTime:0.093655s ]
[2022-12-16T19:58:01+08:00][sql] CONNECT:[ UseTime:0.142675s ] mysql:host=88.218.194.8;port=3306;dbname=webQrcode;charset=utf8mb4
[2022-12-16T19:58:01+08:00][sql] SHOW FULL COLUMNS FROM `wk_setting` [ RunTime:0.101906s ]
[2022-12-16T19:58:01+08:00][sql] SELECT `key` FROM `wk_setting` WHERE  `key` = 'api_key'  AND `str_val` = 'MTIzcXdlIUAj' LIMIT 1 [ RunTime:0.097711s ]
[2022-12-16T19:58:01+08:00][sql] SHOW FULL COLUMNS FROM `wk_record` [ RunTime:0.100051s ]
[2022-12-16T19:58:01+08:00][sql] SELECT COUNT(*) AS think_count FROM `wk_record` WHERE  `status` = 1  AND `uin` = '1688850354102496'  AND `add_time` BETWEEN '2022-12-16 00:00:00' AND '2022-12-16 23:59:59' LIMIT 1 [ RunTime:0.095835s ]
[2022-12-16T19:58:10+08:00][sql] CONNECT:[ UseTime:0.154826s ] mysql:host=88.218.194.8;port=3306;dbname=webQrcode;charset=utf8mb4
[2022-12-16T19:58:10+08:00][sql] SHOW FULL COLUMNS FROM `wk_setting` [ RunTime:0.111557s ]
[2022-12-16T19:58:10+08:00][sql] SELECT `key` FROM `wk_setting` WHERE  `key` = 'api_key'  AND `str_val` = 'MTIzcXdlIUAj' LIMIT 1 [ RunTime:0.104009s ]
[2022-12-16T19:58:10+08:00][sql] SHOW FULL COLUMNS FROM `wk_entrance` [ RunTime:0.107852s ]
[2022-12-16T19:58:11+08:00][sql] CONNECT:[ UseTime:0.129583s ] mysql:host=88.218.194.8;port=3306;dbname=webQrcode;charset=utf8mb4
[2022-12-16T19:58:11+08:00][sql] SHOW FULL COLUMNS FROM `wk_setting` [ RunTime:0.092234s ]
[2022-12-16T19:58:11+08:00][sql] SELECT `key` FROM `wk_setting` WHERE  `key` = 'api_key'  AND `str_val` = 'MTIzcXdlIUAj' LIMIT 1 [ RunTime:0.086745s ]
[2022-12-16T19:58:11+08:00][sql] SHOW FULL COLUMNS FROM `wk_entrance` [ RunTime:0.091307s ]
[2022-12-16T19:59:08+08:00][sql] CONNECT:[ UseTime:0.144802s ] mysql:host=88.218.194.8;port=3306;dbname=webQrcode;charset=utf8mb4
[2022-12-16T19:59:08+08:00][sql] SHOW FULL COLUMNS FROM `wk_setting` [ RunTime:0.102943s ]
[2022-12-16T19:59:08+08:00][sql] SELECT `key` FROM `wk_setting` WHERE  `key` = 'api_key'  AND `str_val` = 'MTIzcXdlIUAj' LIMIT 1 [ RunTime:0.097846s ]
[2022-12-16T19:59:08+08:00][sql] SHOW FULL COLUMNS FROM `wk_entrance` [ RunTime:0.100820s ]
[2022-12-16T19:59:08+08:00][sql] SELECT `id`,`qr`,`name`,`members`,`room_id`,`joinable`,`status` FROM `wk_entrance` WHERE  `members` BETWEEN 100 AND 190   AND `status` = 1  AND `joinable` = 1  AND `join_time` <  1671170347  AND `expire_date` >= NOW() ORDER BY `id` DESC LIMIT 1 [ RunTime:0.118857s ]
[2022-12-16T19:59:08+08:00][sql] UPDATE `wk_entrance`  SET `join_time` = 1671191948  WHERE  `id` = 100017 [ RunTime:0.140962s ]
[2022-12-16T19:59:08+08:00][sql] SHOW FULL COLUMNS FROM `wk_record` [ RunTime:0.101691s ]
[2022-12-16T19:59:08+08:00][sql] INSERT INTO `wk_record` SET `uin` = '1688850354102496' , `entrance_id` = 100017 [ RunTime:0.098043s ]
[2022-12-16T19:59:13+08:00][sql] CONNECT:[ UseTime:0.134631s ] mysql:host=88.218.194.8;port=3306;dbname=webQrcode;charset=utf8mb4
[2022-12-16T19:59:13+08:00][sql] SHOW FULL COLUMNS FROM `wk_setting` [ RunTime:0.096074s ]
[2022-12-16T19:59:13+08:00][sql] SELECT `key` FROM `wk_setting` WHERE  `key` = 'api_key'  AND `str_val` = 'MTIzcXdlIUAj' LIMIT 1 [ RunTime:0.091694s ]
[2022-12-16T19:59:13+08:00][sql] SHOW FULL COLUMNS FROM `wk_entrance` [ RunTime:0.094816s ]
[2022-12-16T19:59:13+08:00][sql] SELECT `tags`,`user_id`,`provider_id` FROM `wk_entrance` WHERE  `id` = 100017 LIMIT 1 [ RunTime:0.092709s ]
[2022-12-16T19:59:13+08:00][sql] UPDATE `wk_entrance`  SET `members` = 167 , `joinable` = 1 , `status` = 1 , `room_id` = '10699188685889177' , `update_time` = '2022-12-16 19:59:12' , `error_msg` = '成功'  WHERE  `id` = 100017 [ RunTime:0.089775s ]
[2022-12-16T19:59:13+08:00][sql] SHOW FULL COLUMNS FROM `wk_record` [ RunTime:0.094204s ]
[2022-12-16T19:59:13+08:00][sql] UPDATE `wk_record`  SET `status` = 1  WHERE  `id` = 446277 [ RunTime:0.090687s ]
[2022-12-16T19:59:13+08:00][sql] SELECT `qrcode_id` FROM `wk_entrance` WHERE  `id` = 100017 LIMIT 1 [ RunTime:0.091776s ]
[2022-12-16T19:59:13+08:00][sql] SHOW FULL COLUMNS FROM `wk_qrcode` [ RunTime:0.095457s ]
[2022-12-16T19:59:13+08:00][sql] UPDATE `wk_qrcode`  SET `valid` = 1 , `valid_time` = '2022-12-16 19:59:12'  WHERE  `id` = 5429 [ RunTime:0.089663s ]
[2022-12-16T20:14:14+08:00][sql] CONNECT:[ UseTime:0.136972s ] mysql:host=88.218.194.8;port=3306;dbname=webQrcode;charset=utf8mb4
[2022-12-16T20:14:14+08:00][sql] SHOW FULL COLUMNS FROM `wk_setting` [ RunTime:0.096525s ]
[2022-12-16T20:14:14+08:00][sql] SELECT `key` FROM `wk_setting` WHERE  `key` = 'api_key'  AND `str_val` = 'MTIzcXdlIUAj' LIMIT 1 [ RunTime:0.092036s ]
[2022-12-16T20:14:14+08:00][sql] SHOW FULL COLUMNS FROM `wk_record` [ RunTime:0.098021s ]
[2022-12-16T20:14:14+08:00][sql] SELECT COUNT(*) AS think_count FROM `wk_record` WHERE  `uin` = '1688850354102496'  AND `add_time` BETWEEN '2022-12-16 00:00:00' AND '2022-12-16 23:59:59' LIMIT 1 [ RunTime:0.433086s ]
[2022-12-16T20:14:16+08:00][sql] CONNECT:[ UseTime:0.143010s ] mysql:host=88.218.194.8;port=3306;dbname=webQrcode;charset=utf8mb4
[2022-12-16T20:14:16+08:00][sql] SHOW FULL COLUMNS FROM `wk_setting` [ RunTime:0.101904s ]
[2022-12-16T20:14:16+08:00][sql] SELECT `key` FROM `wk_setting` WHERE  `key` = 'api_key'  AND `str_val` = 'MTIzcXdlIUAj' LIMIT 1 [ RunTime:0.096573s ]
[2022-12-16T20:14:16+08:00][sql] SHOW FULL COLUMNS FROM `wk_record` [ RunTime:0.101698s ]
[2022-12-16T20:14:16+08:00][sql] SELECT COUNT(*) AS think_count FROM `wk_record` WHERE  `status` = 1  AND `uin` = '1688850354102496'  AND `add_time` BETWEEN '2022-12-16 00:00:00' AND '2022-12-16 23:59:59' LIMIT 1 [ RunTime:0.435146s ]
[2022-12-16T20:16:28+08:00][sql] CONNECT:[ UseTime:0.120360s ] mysql:host=88.218.194.8;port=3306;dbname=webQrcode;charset=utf8mb4
[2022-12-16T20:16:28+08:00][sql] SHOW FULL COLUMNS FROM `wk_setting` [ RunTime:0.085510s ]
[2022-12-16T20:16:28+08:00][sql] SELECT `key` FROM `wk_setting` WHERE  `key` = 'api_key'  AND `str_val` = 'MTIzcXdlIUAj' LIMIT 1 [ RunTime:0.082023s ]
[2022-12-16T20:16:28+08:00][sql] SHOW FULL COLUMNS FROM `wk_record` [ RunTime:0.086718s ]
[2022-12-16T20:16:28+08:00][sql] SELECT COUNT(*) AS think_count FROM `wk_record` WHERE  `uin` = '1688850354102496'  AND `add_time` BETWEEN '2022-12-16 00:00:00' AND '2022-12-16 23:59:59' LIMIT 1 [ RunTime:0.081427s ]
[2022-12-16T20:16:30+08:00][sql] CONNECT:[ UseTime:0.157462s ] mysql:host=88.218.194.8;port=3306;dbname=webQrcode;charset=utf8mb4
[2022-12-16T20:16:30+08:00][sql] SHOW FULL COLUMNS FROM `wk_setting` [ RunTime:0.107553s ]
[2022-12-16T20:16:30+08:00][sql] SELECT `key` FROM `wk_setting` WHERE  `key` = 'api_key'  AND `str_val` = 'MTIzcXdlIUAj' LIMIT 1 [ RunTime:0.102741s ]
[2022-12-16T20:16:30+08:00][sql] SHOW FULL COLUMNS FROM `wk_record` [ RunTime:0.108557s ]
[2022-12-16T20:16:30+08:00][sql] SELECT COUNT(*) AS think_count FROM `wk_record` WHERE  `status` = 1  AND `uin` = '1688850354102496'  AND `add_time` BETWEEN '2022-12-16 00:00:00' AND '2022-12-16 23:59:59' LIMIT 1 [ RunTime:0.102829s ]
[2022-12-16T20:16:42+08:00][sql] CONNECT:[ UseTime:0.121784s ] mysql:host=88.218.194.8;port=3306;dbname=webQrcode;charset=utf8mb4
[2022-12-16T20:16:42+08:00][sql] SHOW FULL COLUMNS FROM `wk_setting` [ RunTime:0.085233s ]
[2022-12-16T20:16:42+08:00][sql] SELECT `key` FROM `wk_setting` WHERE  `key` = 'api_key'  AND `str_val` = 'MTIzcXdlIUAj' LIMIT 1 [ RunTime:0.081493s ]
[2022-12-16T20:16:42+08:00][sql] SHOW FULL COLUMNS FROM `wk_entrance` [ RunTime:0.084907s ]
[2022-12-16T20:16:42+08:00][sql] SELECT `id`,`qr`,`name`,`members`,`room_id`,`joinable`,`status` FROM `wk_entrance` WHERE  `members` BETWEEN 100 AND 190   AND `status` = 1  AND `joinable` = 1  AND `join_time` <  1671171402  AND `expire_date` >= NOW() ORDER BY `id` DESC LIMIT 1 [ RunTime:0.089447s ]
[2022-12-16T20:16:42+08:00][sql] UPDATE `wk_entrance`  SET `join_time` = 1671193002  WHERE  `id` = 106613 [ RunTime:0.080381s ]
[2022-12-16T20:16:42+08:00][sql] SHOW FULL COLUMNS FROM `wk_record` [ RunTime:0.085255s ]
[2022-12-16T20:16:42+08:00][sql] INSERT INTO `wk_record` SET `uin` = '1688850354102496' , `entrance_id` = 106613 [ RunTime:0.080032s ]
[2022-12-16T20:16:45+08:00][sql] CONNECT:[ UseTime:0.130278s ] mysql:host=88.218.194.8;port=3306;dbname=webQrcode;charset=utf8mb4
[2022-12-16T20:16:45+08:00][sql] SHOW FULL COLUMNS FROM `wk_setting` [ RunTime:0.092421s ]
[2022-12-16T20:16:45+08:00][sql] SELECT `key` FROM `wk_setting` WHERE  `key` = 'api_key'  AND `str_val` = 'MTIzcXdlIUAj' LIMIT 1 [ RunTime:0.088160s ]
[2022-12-16T20:16:45+08:00][sql] SHOW FULL COLUMNS FROM `wk_entrance` [ RunTime:0.091071s ]
[2022-12-16T20:16:45+08:00][sql] SELECT `tags`,`user_id`,`provider_id` FROM `wk_entrance` WHERE  `id` = 106613 LIMIT 1 [ RunTime:0.086689s ]
[2022-12-16T20:16:45+08:00][sql] UPDATE `wk_entrance`  SET `members` = 188 , `joinable` = 1 , `status` = 1 , `room_id` = '10777519145580519' , `update_time` = '2022-12-16 20:16:44' , `error_msg` = '成功'  WHERE  `id` = 106613 [ RunTime:0.086858s ]
[2022-12-16T20:16:45+08:00][sql] SHOW FULL COLUMNS FROM `wk_record` [ RunTime:0.092811s ]
[2022-12-16T20:16:45+08:00][sql] UPDATE `wk_record`  SET `status` = 1  WHERE  `id` = 446281 [ RunTime:0.086884s ]
[2022-12-16T20:16:45+08:00][sql] SELECT `qrcode_id` FROM `wk_entrance` WHERE  `id` = 106613 LIMIT 1 [ RunTime:0.088039s ]
[2022-12-16T20:16:45+08:00][sql] SHOW FULL COLUMNS FROM `wk_qrcode` [ RunTime:0.092677s ]
[2022-12-16T20:16:45+08:00][sql] UPDATE `wk_qrcode`  SET `valid` = 1 , `valid_time` = '2022-12-16 20:16:45'  WHERE  `id` = 8876 [ RunTime:0.086880s ]
[2022-12-16T21:14:01+08:00][sql] CONNECT:[ UseTime:0.131613s ] mysql:host=88.218.194.8;port=3306;dbname=webQrcode;charset=utf8mb4
[2022-12-16T21:14:01+08:00][sql] SHOW FULL COLUMNS FROM `wk_setting` [ RunTime:0.092520s ]
[2022-12-16T21:14:01+08:00][sql] SELECT `key` FROM `wk_setting` WHERE  `key` = 'api_key'  AND `str_val` = 'MTIzcXdlIUAj' LIMIT 1 [ RunTime:0.089410s ]
[2022-12-16T21:14:01+08:00][sql] SHOW FULL COLUMNS FROM `wk_entrance` [ RunTime:0.093873s ]
[2022-12-16T21:14:01+08:00][sql] SELECT COUNT(*) AS think_count FROM `wk_entrance` WHERE  `members` BETWEEN 30 AND 199   AND `joinable` = 1  AND `status` = 1  AND `expire_date` >= NOW() LIMIT 1 [ RunTime:0.121891s ]
[2022-12-16T21:14:11+08:00][sql] CONNECT:[ UseTime:0.138228s ] mysql:host=88.218.194.8;port=3306;dbname=webQrcode;charset=utf8mb4
[2022-12-16T21:14:11+08:00][sql] SHOW FULL COLUMNS FROM `wk_setting` [ RunTime:0.099521s ]
[2022-12-16T21:14:11+08:00][sql] SELECT `key` FROM `wk_setting` WHERE  `key` = 'api_key'  AND `str_val` = 'MTIzcXdlIUAj' LIMIT 1 [ RunTime:0.093030s ]
[2022-12-16T21:14:11+08:00][sql] SHOW FULL COLUMNS FROM `wk_entrance` [ RunTime:0.096883s ]
[2022-12-16T21:14:11+08:00][sql] SELECT COUNT(*) AS think_count FROM `wk_entrance` WHERE  `members` BETWEEN 50 AND 199   AND `joinable` = 1  AND `status` = 1  AND `expire_date` >= NOW() LIMIT 1 [ RunTime:0.124170s ]
