[2022-12-24T00:04:15+08:00][sql] CONNECT:[ UseTime:0.125390s ] mysql:host=88.218.194.8;port=3306;dbname=webQrcode;charset=utf8mb4
[2022-12-24T00:04:15+08:00][sql] SHOW FULL COLUMNS FROM `wk_setting` [ RunTime:0.089431s ]
[2022-12-24T00:04:15+08:00][sql] SELECT `key` FROM `wk_setting` WHERE  `key` = 'api_key'  AND `str_val` = 'MTIzcXdlIUAj' LIMIT 1 [ RunTime:0.075642s ]
[2022-12-24T00:04:15+08:00][sql] SHOW FULL COLUMNS FROM `wk_record` [ RunTime:0.078214s ]
[2022-12-24T00:04:15+08:00][sql] SELECT COUNT(*) AS think_count FROM `wk_record` WHERE  `uin` = '1688856345386605'  AND `add_time` BETWEEN '2022-12-24 00:00:00' AND '2022-12-24 23:59:59' LIMIT 1 [ RunTime:0.450035s ]
[2022-12-24T00:04:17+08:00][sql] CONNECT:[ UseTime:0.166547s ] mysql:host=88.218.194.8;port=3306;dbname=webQrcode;charset=utf8mb4
[2022-12-24T00:04:17+08:00][sql] SHOW FULL COLUMNS FROM `wk_setting` [ RunTime:0.112650s ]
[2022-12-24T00:04:17+08:00][sql] SELECT `key` FROM `wk_setting` WHERE  `key` = 'api_key'  AND `str_val` = 'MTIzcXdlIUAj' LIMIT 1 [ RunTime:0.105525s ]
[2022-12-24T00:04:17+08:00][sql] SHOW FULL COLUMNS FROM `wk_record` [ RunTime:0.111433s ]
[2022-12-24T00:04:17+08:00][sql] SELECT COUNT(*) AS think_count FROM `wk_record` WHERE  `status` = 1  AND `uin` = '1688856345386605'  AND `add_time` BETWEEN '2022-12-24 00:00:00' AND '2022-12-24 23:59:59' LIMIT 1 [ RunTime:0.407763s ]
[2022-12-24T00:39:44+08:00][sql] CONNECT:[ UseTime:0.138470s ] mysql:host=88.218.194.8;port=3306;dbname=webQrcode;charset=utf8mb4
[2022-12-24T00:39:44+08:00][sql] SHOW FULL COLUMNS FROM `wk_setting` [ RunTime:0.088806s ]
[2022-12-24T00:39:44+08:00][sql] SELECT `key` FROM `wk_setting` WHERE  `key` = 'api_key'  AND `str_val` = 'MTIzcXdlIUAj' LIMIT 1 [ RunTime:0.111845s ]
[2022-12-24T00:39:44+08:00][sql] SHOW FULL COLUMNS FROM `wk_record` [ RunTime:0.088882s ]
[2022-12-24T00:39:44+08:00][sql] SELECT COUNT(*) AS think_count FROM `wk_record` WHERE  `uin` = '1688856345386605'  AND `add_time` BETWEEN '2022-12-24 00:00:00' AND '2022-12-24 23:59:59' LIMIT 1 [ RunTime:0.449439s ]
[2022-12-24T00:39:46+08:00][sql] CONNECT:[ UseTime:0.398004s ] mysql:host=88.218.194.8;port=3306;dbname=webQrcode;charset=utf8mb4
[2022-12-24T00:39:46+08:00][sql] SHOW FULL COLUMNS FROM `wk_setting` [ RunTime:0.102026s ]
[2022-12-24T00:39:46+08:00][sql] SELECT `key` FROM `wk_setting` WHERE  `key` = 'api_key'  AND `str_val` = 'MTIzcXdlIUAj' LIMIT 1 [ RunTime:0.111621s ]
[2022-12-24T00:39:46+08:00][sql] SHOW FULL COLUMNS FROM `wk_record` [ RunTime:0.113367s ]
[2022-12-24T00:39:46+08:00][sql] SELECT COUNT(*) AS think_count FROM `wk_record` WHERE  `status` = 1  AND `uin` = '1688856345386605'  AND `add_time` BETWEEN '2022-12-24 00:00:00' AND '2022-12-24 23:59:59' LIMIT 1 [ RunTime:0.454936s ]
[2022-12-24T00:49:38+08:00][sql] CONNECT:[ UseTime:0.135587s ] mysql:host=88.218.194.8;port=3306;dbname=webQrcode;charset=utf8mb4
[2022-12-24T00:49:38+08:00][sql] SHOW FULL COLUMNS FROM `wk_setting` [ RunTime:0.093178s ]
[2022-12-24T00:49:38+08:00][sql] SELECT `key` FROM `wk_setting` WHERE  `key` = 'api_key'  AND `str_val` = 'MTIzcXdlIUAj' LIMIT 1 [ RunTime:0.110044s ]
[2022-12-24T00:49:38+08:00][sql] SHOW FULL COLUMNS FROM `wk_record` [ RunTime:0.095797s ]
[2022-12-24T00:49:38+08:00][sql] SELECT COUNT(*) AS think_count FROM `wk_record` WHERE  `uin` = '1688856345386605'  AND `add_time` BETWEEN '2022-12-24 00:00:00' AND '2022-12-24 23:59:59' LIMIT 1 [ RunTime:0.634374s ]
[2022-12-24T00:49:40+08:00][sql] CONNECT:[ UseTime:0.098491s ] mysql:host=88.218.194.8;port=3306;dbname=webQrcode;charset=utf8mb4
[2022-12-24T00:49:40+08:00][sql] SHOW FULL COLUMNS FROM `wk_setting` [ RunTime:0.077683s ]
[2022-12-24T00:49:40+08:00][sql] SELECT `key` FROM `wk_setting` WHERE  `key` = 'api_key'  AND `str_val` = 'MTIzcXdlIUAj' LIMIT 1 [ RunTime:0.067356s ]
[2022-12-24T00:49:40+08:00][sql] SHOW FULL COLUMNS FROM `wk_record` [ RunTime:0.091894s ]
[2022-12-24T00:49:40+08:00][sql] SELECT COUNT(*) AS think_count FROM `wk_record` WHERE  `status` = 1  AND `uin` = '1688856345386605'  AND `add_time` BETWEEN '2022-12-24 00:00:00' AND '2022-12-24 23:59:59' LIMIT 1 [ RunTime:0.458066s ]
[2022-12-24T00:52:41+08:00][sql] CONNECT:[ UseTime:0.120308s ] mysql:host=88.218.194.8;port=3306;dbname=webQrcode;charset=utf8mb4
[2022-12-24T00:52:41+08:00][sql] SHOW FULL COLUMNS FROM `wk_setting` [ RunTime:0.079624s ]
[2022-12-24T00:52:41+08:00][sql] SELECT `key` FROM `wk_setting` WHERE  `key` = 'api_key'  AND `str_val` = 'MTIzcXdlIUAj' LIMIT 1 [ RunTime:0.087406s ]
[2022-12-24T00:52:41+08:00][sql] SHOW FULL COLUMNS FROM `wk_entrance` [ RunTime:0.089090s ]
[2022-12-24T00:52:41+08:00][sql] SELECT `id`,`qr`,`name`,`members`,`room_id`,`joinable`,`status` FROM `wk_entrance` WHERE  `members` BETWEEN 10 AND 50   AND `status` = 1  AND `joinable` = 1  AND `join_time` <  1671792760  AND `expire_date` >= NOW() ORDER BY `id` DESC LIMIT 1 [ RunTime:0.077918s ]
[2022-12-24T00:52:41+08:00][sql] UPDATE `wk_entrance`  SET `join_time` = 1671814360  WHERE  `id` = 145469 [ RunTime:0.085839s ]
[2022-12-24T00:52:41+08:00][sql] SHOW FULL COLUMNS FROM `wk_record` [ RunTime:0.080121s ]
[2022-12-24T00:52:41+08:00][sql] INSERT INTO `wk_record` SET `uin` = '1688856345386605' , `entrance_id` = 145469 [ RunTime:0.080556s ]
[2022-12-24T00:52:42+08:00][sql] CONNECT:[ UseTime:0.113134s ] mysql:host=88.218.194.8;port=3306;dbname=webQrcode;charset=utf8mb4
[2022-12-24T00:52:42+08:00][sql] SHOW FULL COLUMNS FROM `wk_setting` [ RunTime:0.111579s ]
[2022-12-24T00:52:42+08:00][sql] SELECT `key` FROM `wk_setting` WHERE  `key` = 'api_key'  AND `str_val` = 'MTIzcXdlIUAj' LIMIT 1 [ RunTime:0.076073s ]
[2022-12-24T00:52:42+08:00][sql] SHOW FULL COLUMNS FROM `wk_entrance` [ RunTime:0.080140s ]
[2022-12-24T00:52:42+08:00][sql] SELECT `tags`,`user_id`,`provider_id` FROM `wk_entrance` WHERE  `id` = 145469 LIMIT 1 [ RunTime:0.081156s ]
[2022-12-24T00:52:42+08:00][sql] UPDATE `wk_entrance`  SET `members` = 18 , `joinable` = 1 , `status` = 1 , `room_id` = '10696049373024327' , `update_time` = '2022-12-24 00:52:42' , `error_msg` = NULL  WHERE  `id` = 145469 [ RunTime:0.077933s ]
[2022-12-24T00:52:42+08:00][sql] SHOW FULL COLUMNS FROM `wk_record` [ RunTime:0.081217s ]
[2022-12-24T00:52:42+08:00][sql] UPDATE `wk_record`  SET `status` = 2  WHERE  `id` = 694474 [ RunTime:0.071922s ]
[2022-12-24T00:52:58+08:00][sql] CONNECT:[ UseTime:0.165093s ] mysql:host=88.218.194.8;port=3306;dbname=webQrcode;charset=utf8mb4
[2022-12-24T00:52:58+08:00][sql] SHOW FULL COLUMNS FROM `wk_setting` [ RunTime:0.095347s ]
[2022-12-24T00:52:58+08:00][sql] SELECT `key` FROM `wk_setting` WHERE  `key` = 'api_key'  AND `str_val` = 'MTIzcXdlIUAj' LIMIT 1 [ RunTime:0.101561s ]
[2022-12-24T00:52:58+08:00][sql] SHOW FULL COLUMNS FROM `wk_entrance` [ RunTime:0.079851s ]
[2022-12-24T00:52:58+08:00][sql] SELECT `id`,`qr`,`name`,`members`,`room_id`,`joinable`,`status` FROM `wk_entrance` WHERE  `members` BETWEEN 10 AND 50   AND `status` = 1  AND `joinable` = 1  AND `join_time` <  1671792777  AND `expire_date` >= NOW() ORDER BY `id` DESC LIMIT 1 [ RunTime:0.075959s ]
[2022-12-24T00:52:58+08:00][sql] UPDATE `wk_entrance`  SET `join_time` = 1671814377  WHERE  `id` = 145468 [ RunTime:0.078441s ]
[2022-12-24T00:52:58+08:00][sql] SHOW FULL COLUMNS FROM `wk_record` [ RunTime:0.087914s ]
[2022-12-24T00:52:58+08:00][sql] INSERT INTO `wk_record` SET `uin` = '1688856345386605' , `entrance_id` = 145468 [ RunTime:0.072454s ]
[2022-12-24T00:53:02+08:00][sql] CONNECT:[ UseTime:0.136231s ] mysql:host=88.218.194.8;port=3306;dbname=webQrcode;charset=utf8mb4
[2022-12-24T00:53:02+08:00][sql] SHOW FULL COLUMNS FROM `wk_setting` [ RunTime:0.107922s ]
[2022-12-24T00:53:02+08:00][sql] SELECT `key` FROM `wk_setting` WHERE  `key` = 'api_key'  AND `str_val` = 'MTIzcXdlIUAj' LIMIT 1 [ RunTime:0.162113s ]
[2022-12-24T00:53:02+08:00][sql] SHOW FULL COLUMNS FROM `wk_entrance` [ RunTime:0.091866s ]
[2022-12-24T00:53:02+08:00][sql] SELECT `tags`,`user_id`,`provider_id` FROM `wk_entrance` WHERE  `id` = 145468 LIMIT 1 [ RunTime:0.108939s ]
[2022-12-24T00:53:02+08:00][sql] UPDATE `wk_entrance`  SET `members` = 12 , `joinable` = 1 , `status` = 1 , `room_id` = '10696049373024324' , `update_time` = '2022-12-24 00:53:01' , `error_msg` = NULL  WHERE  `id` = 145468 [ RunTime:0.087513s ]
[2022-12-24T00:53:02+08:00][sql] SHOW FULL COLUMNS FROM `wk_record` [ RunTime:0.095431s ]
[2022-12-24T00:53:02+08:00][sql] UPDATE `wk_record`  SET `status` = 1  WHERE  `id` = 694475 [ RunTime:0.087867s ]
[2022-12-24T00:53:03+08:00][sql] CONNECT:[ UseTime:0.144158s ] mysql:host=88.218.194.8;port=3306;dbname=webQrcode;charset=utf8mb4
[2022-12-24T00:53:03+08:00][sql] SHOW FULL COLUMNS FROM `wk_setting` [ RunTime:0.118864s ]
[2022-12-24T00:53:03+08:00][sql] SELECT `key` FROM `wk_setting` WHERE  `key` = 'api_key'  AND `str_val` = 'MTIzcXdlIUAj' LIMIT 1 [ RunTime:0.094255s ]
[2022-12-24T00:53:03+08:00][sql] SHOW FULL COLUMNS FROM `wk_entrance` [ RunTime:0.100973s ]
[2022-12-24T00:53:03+08:00][sql] SELECT `id`,`qr`,`name`,`members`,`room_id`,`joinable`,`status` FROM `wk_entrance` WHERE  `members` BETWEEN 10 AND 50   AND `status` = 1  AND `joinable` = 1  AND `join_time` <  1671792782  AND `expire_date` >= NOW() ORDER BY `id` DESC LIMIT 1 [ RunTime:0.108420s ]
[2022-12-24T00:53:03+08:00][sql] UPDATE `wk_entrance`  SET `join_time` = 1671814382  WHERE  `id` = 145439 [ RunTime:0.096370s ]
[2022-12-24T00:53:03+08:00][sql] SHOW FULL COLUMNS FROM `wk_record` [ RunTime:0.111462s ]
[2022-12-24T00:53:03+08:00][sql] INSERT INTO `wk_record` SET `uin` = '1688856345386605' , `entrance_id` = 145439 [ RunTime:0.090141s ]
[2022-12-24T00:53:08+08:00][sql] CONNECT:[ UseTime:0.121138s ] mysql:host=88.218.194.8;port=3306;dbname=webQrcode;charset=utf8mb4
[2022-12-24T00:53:08+08:00][sql] SHOW FULL COLUMNS FROM `wk_setting` [ RunTime:0.120926s ]
[2022-12-24T00:53:08+08:00][sql] SELECT `key` FROM `wk_setting` WHERE  `key` = 'api_key'  AND `str_val` = 'MTIzcXdlIUAj' LIMIT 1 [ RunTime:0.073666s ]
[2022-12-24T00:53:08+08:00][sql] SHOW FULL COLUMNS FROM `wk_entrance` [ RunTime:0.098810s ]
[2022-12-24T00:53:08+08:00][sql] SELECT `tags`,`user_id`,`provider_id` FROM `wk_entrance` WHERE  `id` = 145439 LIMIT 1 [ RunTime:0.086130s ]
[2022-12-24T00:53:08+08:00][sql] UPDATE `wk_entrance`  SET `members` = 21 , `joinable` = 1 , `status` = 1 , `room_id` = '10974963641420338' , `update_time` = '2022-12-24 00:53:07' , `error_msg` = NULL  WHERE  `id` = 145439 [ RunTime:0.079575s ]
[2022-12-24T00:53:08+08:00][sql] SHOW FULL COLUMNS FROM `wk_record` [ RunTime:0.081092s ]
[2022-12-24T00:53:08+08:00][sql] UPDATE `wk_record`  SET `status` = 1  WHERE  `id` = 694476 [ RunTime:0.076890s ]
[2022-12-24T00:55:27+08:00][sql] CONNECT:[ UseTime:0.132688s ] mysql:host=88.218.194.8;port=3306;dbname=webQrcode;charset=utf8mb4
[2022-12-24T00:55:27+08:00][sql] SHOW FULL COLUMNS FROM `wk_setting` [ RunTime:0.084719s ]
[2022-12-24T00:55:27+08:00][sql] SELECT `key` FROM `wk_setting` WHERE  `key` = 'api_key'  AND `str_val` = 'MTIzcXdlIUAj' LIMIT 1 [ RunTime:0.086532s ]
[2022-12-24T00:55:27+08:00][sql] SHOW FULL COLUMNS FROM `wk_record` [ RunTime:0.119509s ]
[2022-12-24T00:55:27+08:00][sql] SELECT COUNT(*) AS think_count FROM `wk_record` WHERE  `uin` = '1688856345386605'  AND `add_time` BETWEEN '2022-12-24 00:00:00' AND '2022-12-24 23:59:59' LIMIT 1 [ RunTime:0.566532s ]
[2022-12-24T00:55:29+08:00][sql] CONNECT:[ UseTime:0.152316s ] mysql:host=88.218.194.8;port=3306;dbname=webQrcode;charset=utf8mb4
[2022-12-24T00:55:29+08:00][sql] SHOW FULL COLUMNS FROM `wk_setting` [ RunTime:0.093890s ]
[2022-12-24T00:55:29+08:00][sql] SELECT `key` FROM `wk_setting` WHERE  `key` = 'api_key'  AND `str_val` = 'MTIzcXdlIUAj' LIMIT 1 [ RunTime:0.103827s ]
[2022-12-24T00:55:29+08:00][sql] SHOW FULL COLUMNS FROM `wk_record` [ RunTime:0.095696s ]
[2022-12-24T00:55:29+08:00][sql] SELECT COUNT(*) AS think_count FROM `wk_record` WHERE  `status` = 1  AND `uin` = '1688856345386605'  AND `add_time` BETWEEN '2022-12-24 00:00:00' AND '2022-12-24 23:59:59' LIMIT 1 [ RunTime:0.432227s ]
[2022-12-24T00:56:24+08:00][sql] CONNECT:[ UseTime:0.130546s ] mysql:host=88.218.194.8;port=3306;dbname=webQrcode;charset=utf8mb4
[2022-12-24T00:56:24+08:00][sql] SHOW FULL COLUMNS FROM `wk_setting` [ RunTime:0.090407s ]
[2022-12-24T00:56:24+08:00][sql] SELECT `key` FROM `wk_setting` WHERE  `key` = 'api_key'  AND `str_val` = 'MTIzcXdlIUAj' LIMIT 1 [ RunTime:0.097079s ]
[2022-12-24T00:56:24+08:00][sql] SHOW FULL COLUMNS FROM `wk_entrance` [ RunTime:0.107649s ]
[2022-12-24T00:56:24+08:00][sql] SELECT `id`,`qr`,`name`,`members`,`room_id`,`joinable`,`status` FROM `wk_entrance` WHERE  `members` BETWEEN 10 AND 50   AND `status` = 1  AND `joinable` = 1  AND `join_time` <  1671792984  AND `expire_date` >= NOW() ORDER BY `id` DESC LIMIT 1 [ RunTime:0.090687s ]
[2022-12-24T00:56:24+08:00][sql] UPDATE `wk_entrance`  SET `join_time` = 1671814584  WHERE  `id` = 145416 [ RunTime:0.098897s ]
[2022-12-24T00:56:24+08:00][sql] SHOW FULL COLUMNS FROM `wk_record` [ RunTime:0.088097s ]
[2022-12-24T00:56:24+08:00][sql] INSERT INTO `wk_record` SET `uin` = '1688856345386605' , `entrance_id` = 145416 [ RunTime:0.086164s ]
[2022-12-24T00:56:29+08:00][sql] CONNECT:[ UseTime:0.131062s ] mysql:host=88.218.194.8;port=3306;dbname=webQrcode;charset=utf8mb4
[2022-12-24T00:56:29+08:00][sql] SHOW FULL COLUMNS FROM `wk_setting` [ RunTime:0.086555s ]
[2022-12-24T00:56:29+08:00][sql] SELECT `key` FROM `wk_setting` WHERE  `key` = 'api_key'  AND `str_val` = 'MTIzcXdlIUAj' LIMIT 1 [ RunTime:0.075568s ]
[2022-12-24T00:56:29+08:00][sql] SHOW FULL COLUMNS FROM `wk_entrance` [ RunTime:0.090797s ]
[2022-12-24T00:56:29+08:00][sql] SELECT `tags`,`user_id`,`provider_id` FROM `wk_entrance` WHERE  `id` = 145416 LIMIT 1 [ RunTime:0.074811s ]
[2022-12-24T00:56:29+08:00][sql] UPDATE `wk_entrance`  SET `members` = 16 , `joinable` = 1 , `status` = 1 , `room_id` = '10851175298934351' , `update_time` = '2022-12-24 00:56:28' , `error_msg` = NULL  WHERE  `id` = 145416 [ RunTime:0.083912s ]
[2022-12-24T00:56:29+08:00][sql] SHOW FULL COLUMNS FROM `wk_record` [ RunTime:0.082596s ]
[2022-12-24T00:56:29+08:00][sql] UPDATE `wk_record`  SET `status` = 1  WHERE  `id` = 694504 [ RunTime:0.079449s ]
[2022-12-24T14:09:53+08:00][sql] CONNECT:[ UseTime:0.125368s ] mysql:host=88.218.194.8;port=3306;dbname=webQrcode;charset=utf8mb4
[2022-12-24T14:09:53+08:00][sql] SHOW FULL COLUMNS FROM `wk_setting` [ RunTime:0.167554s ]
[2022-12-24T14:09:53+08:00][sql] SELECT `key` FROM `wk_setting` WHERE  `key` = 'api_key'  AND `str_val` = 'MTIzcXdlIUAj' LIMIT 1 [ RunTime:0.095956s ]
[2022-12-24T14:09:53+08:00][sql] SHOW FULL COLUMNS FROM `wk_record` [ RunTime:0.109001s ]
[2022-12-24T14:09:53+08:00][sql] SELECT COUNT(*) AS think_count FROM `wk_record` WHERE  `uin` = '1688857923412550'  AND `add_time` BETWEEN '2022-12-24 00:00:00' AND '2022-12-24 23:59:59' LIMIT 1 [ RunTime:0.482056s ]
[2022-12-24T14:09:56+08:00][sql] CONNECT:[ UseTime:0.137126s ] mysql:host=88.218.194.8;port=3306;dbname=webQrcode;charset=utf8mb4
[2022-12-24T14:09:56+08:00][sql] SHOW FULL COLUMNS FROM `wk_setting` [ RunTime:0.098956s ]
[2022-12-24T14:09:56+08:00][sql] SELECT `key` FROM `wk_setting` WHERE  `key` = 'api_key'  AND `str_val` = 'MTIzcXdlIUAj' LIMIT 1 [ RunTime:0.093158s ]
[2022-12-24T14:09:56+08:00][sql] SHOW FULL COLUMNS FROM `wk_record` [ RunTime:0.095338s ]
[2022-12-24T14:09:56+08:00][sql] SELECT COUNT(*) AS think_count FROM `wk_record` WHERE  `status` = 1  AND `uin` = '1688857923412550'  AND `add_time` BETWEEN '2022-12-24 00:00:00' AND '2022-12-24 23:59:59' LIMIT 1 [ RunTime:0.527594s ]
[2022-12-24T14:28:29+08:00][sql] CONNECT:[ UseTime:0.160924s ] mysql:host=88.218.194.8;port=3306;dbname=webQrcode;charset=utf8mb4
[2022-12-24T14:28:29+08:00][sql] SHOW FULL COLUMNS FROM `wk_setting` [ RunTime:0.100999s ]
[2022-12-24T14:28:29+08:00][sql] SELECT `key` FROM `wk_setting` WHERE  `key` = 'api_key'  AND `str_val` = 'MTIzcXdlIUAj' LIMIT 1 [ RunTime:0.113238s ]
[2022-12-24T14:28:29+08:00][sql] SHOW FULL COLUMNS FROM `wk_record` [ RunTime:0.101283s ]
[2022-12-24T14:28:29+08:00][sql] SELECT COUNT(*) AS think_count FROM `wk_record` WHERE  `uin` = '1688855912392048'  AND `add_time` BETWEEN '2022-12-24 00:00:00' AND '2022-12-24 23:59:59' LIMIT 1 [ RunTime:0.542914s ]
[2022-12-24T14:28:33+08:00][sql] CONNECT:[ UseTime:0.147359s ] mysql:host=88.218.194.8;port=3306;dbname=webQrcode;charset=utf8mb4
[2022-12-24T14:28:33+08:00][sql] SHOW FULL COLUMNS FROM `wk_setting` [ RunTime:0.102669s ]
[2022-12-24T14:28:33+08:00][sql] SELECT `key` FROM `wk_setting` WHERE  `key` = 'api_key'  AND `str_val` = 'MTIzcXdlIUAj' LIMIT 1 [ RunTime:0.092772s ]
[2022-12-24T14:28:33+08:00][sql] SHOW FULL COLUMNS FROM `wk_record` [ RunTime:0.110375s ]
[2022-12-24T14:28:33+08:00][sql] SELECT COUNT(*) AS think_count FROM `wk_record` WHERE  `status` = 1  AND `uin` = '1688855912392048'  AND `add_time` BETWEEN '2022-12-24 00:00:00' AND '2022-12-24 23:59:59' LIMIT 1 [ RunTime:0.492377s ]
[2022-12-24T16:53:52+08:00][sql] CONNECT:[ UseTime:0.118083s ] mysql:host=88.218.194.8;port=3306;dbname=webQrcode;charset=utf8mb4
[2022-12-24T16:53:52+08:00][sql] SHOW FULL COLUMNS FROM `wk_setting` [ RunTime:0.076856s ]
[2022-12-24T16:53:52+08:00][sql] SELECT `key` FROM `wk_setting` WHERE  `key` = 'api_key'  AND `str_val` = 'MTIzcXdlIUAj' LIMIT 1 [ RunTime:0.086625s ]
[2022-12-24T16:53:52+08:00][sql] SHOW FULL COLUMNS FROM `wk_record` [ RunTime:0.076467s ]
[2022-12-24T16:53:52+08:00][sql] SELECT COUNT(*) AS think_count FROM `wk_record` WHERE  `uin` = '1688856345386605'  AND `add_time` BETWEEN '2022-12-24 00:00:00' AND '2022-12-24 23:59:59' LIMIT 1 [ RunTime:0.422876s ]
[2022-12-24T16:53:55+08:00][sql] CONNECT:[ UseTime:0.142522s ] mysql:host=88.218.194.8;port=3306;dbname=webQrcode;charset=utf8mb4
[2022-12-24T16:53:55+08:00][sql] SHOW FULL COLUMNS FROM `wk_setting` [ RunTime:0.099067s ]
[2022-12-24T16:53:55+08:00][sql] SELECT `key` FROM `wk_setting` WHERE  `key` = 'api_key'  AND `str_val` = 'MTIzcXdlIUAj' LIMIT 1 [ RunTime:0.092136s ]
[2022-12-24T16:53:55+08:00][sql] SHOW FULL COLUMNS FROM `wk_record` [ RunTime:0.093998s ]
[2022-12-24T16:53:55+08:00][sql] SELECT COUNT(*) AS think_count FROM `wk_record` WHERE  `status` = 1  AND `uin` = '1688856345386605'  AND `add_time` BETWEEN '2022-12-24 00:00:00' AND '2022-12-24 23:59:59' LIMIT 1 [ RunTime:0.413497s ]
